[2024-04-12T04:16:23.252+0000] {manager.py:483} INFO - Processing files using up to 2 processes at a time 
[2024-04-12T04:16:23.254+0000] {manager.py:484} INFO - Process each file at most once every 30 seconds
[2024-04-12T04:16:23.255+0000] {manager.py:486} INFO - Checking for new files in /opt/airflow/dags every 300 seconds
[2024-04-12T04:16:23.256+0000] {manager.py:726} INFO - Searching for files in /opt/airflow/dags
[2024-04-12T04:16:23.262+0000] {manager.py:729} INFO - There are 0 files in /opt/airflow/dags
[2024-04-12T04:21:23.794+0000] {manager.py:726} INFO - Searching for files in /opt/airflow/dags
[2024-04-12T04:21:23.810+0000] {manager.py:729} INFO - There are 0 files in /opt/airflow/dags
[2024-04-12T04:26:24.376+0000] {manager.py:726} INFO - Searching for files in /opt/airflow/dags
[2024-04-12T04:26:24.384+0000] {manager.py:729} INFO - There are 0 files in /opt/airflow/dags
[2024-04-12T04:31:24.962+0000] {manager.py:726} INFO - Searching for files in /opt/airflow/dags
[2024-04-12T04:31:24.976+0000] {manager.py:729} INFO - There are 0 files in /opt/airflow/dags
[2024-04-12T04:36:25.565+0000] {manager.py:726} INFO - Searching for files in /opt/airflow/dags
[2024-04-12T04:36:25.571+0000] {manager.py:729} INFO - There are 0 files in /opt/airflow/dags
[2024-04-12T04:41:25.885+0000] {manager.py:726} INFO - Searching for files in /opt/airflow/dags
[2024-04-12T04:41:25.893+0000] {manager.py:729} INFO - There are 0 files in /opt/airflow/dags
[2024-04-12T04:46:26.152+0000] {manager.py:726} INFO - Searching for files in /opt/airflow/dags
[2024-04-12T04:46:26.160+0000] {manager.py:729} INFO - There are 0 files in /opt/airflow/dags
[2024-04-12T04:51:26.440+0000] {manager.py:726} INFO - Searching for files in /opt/airflow/dags
[2024-04-12T04:51:26.447+0000] {manager.py:729} INFO - There are 0 files in /opt/airflow/dags
[2024-04-12T04:56:26.713+0000] {manager.py:726} INFO - Searching for files in /opt/airflow/dags
[2024-04-12T04:56:26.717+0000] {manager.py:729} INFO - There are 0 files in /opt/airflow/dags
[2024-04-12T05:01:27.021+0000] {manager.py:726} INFO - Searching for files in /opt/airflow/dags
[2024-04-12T05:01:27.026+0000] {manager.py:729} INFO - There are 0 files in /opt/airflow/dags
[2024-04-12T05:06:27.293+0000] {manager.py:726} INFO - Searching for files in /opt/airflow/dags
[2024-04-12T05:06:27.297+0000] {manager.py:729} INFO - There are 0 files in /opt/airflow/dags
[2024-04-12T05:11:27.524+0000] {manager.py:726} INFO - Searching for files in /opt/airflow/dags
[2024-04-12T05:11:27.530+0000] {manager.py:729} INFO - There are 0 files in /opt/airflow/dags
[2024-04-12T05:16:27.804+0000] {manager.py:726} INFO - Searching for files in /opt/airflow/dags
[2024-04-12T05:16:27.812+0000] {manager.py:729} INFO - There are 0 files in /opt/airflow/dags
[2024-04-12T05:21:28.085+0000] {manager.py:726} INFO - Searching for files in /opt/airflow/dags
[2024-04-12T05:21:28.089+0000] {manager.py:729} INFO - There are 0 files in /opt/airflow/dags
[2024-04-12T05:26:28.356+0000] {manager.py:726} INFO - Searching for files in /opt/airflow/dags
[2024-04-12T05:26:28.362+0000] {manager.py:729} INFO - There are 0 files in /opt/airflow/dags
[2024-04-12T05:31:28.622+0000] {manager.py:726} INFO - Searching for files in /opt/airflow/dags
[2024-04-12T05:31:28.630+0000] {manager.py:729} INFO - There are 0 files in /opt/airflow/dags
[2024-04-12T05:36:28.934+0000] {manager.py:726} INFO - Searching for files in /opt/airflow/dags
[2024-04-12T05:36:28.938+0000] {manager.py:729} INFO - There are 0 files in /opt/airflow/dags
[2024-04-12T05:41:29.201+0000] {manager.py:726} INFO - Searching for files in /opt/airflow/dags
[2024-04-12T05:41:29.207+0000] {manager.py:729} INFO - There are 0 files in /opt/airflow/dags
[2024-04-12T05:46:29.481+0000] {manager.py:726} INFO - Searching for files in /opt/airflow/dags
[2024-04-12T05:46:29.488+0000] {manager.py:729} INFO - There are 0 files in /opt/airflow/dags
[2024-04-12T05:51:29.750+0000] {manager.py:726} INFO - Searching for files in /opt/airflow/dags
[2024-04-12T05:51:29.756+0000] {manager.py:729} INFO - There are 0 files in /opt/airflow/dags
[2024-04-12T05:56:29.979+0000] {manager.py:726} INFO - Searching for files in /opt/airflow/dags
[2024-04-12T05:56:29.987+0000] {manager.py:729} INFO - There are 0 files in /opt/airflow/dags
[2024-04-12T06:01:30.253+0000] {manager.py:726} INFO - Searching for files in /opt/airflow/dags
[2024-04-12T06:01:30.260+0000] {manager.py:729} INFO - There are 0 files in /opt/airflow/dags
[2024-04-12T06:06:30.517+0000] {manager.py:726} INFO - Searching for files in /opt/airflow/dags
[2024-04-12T06:06:30.523+0000] {manager.py:729} INFO - There are 0 files in /opt/airflow/dags
[2024-04-12T06:11:30.803+0000] {manager.py:726} INFO - Searching for files in /opt/airflow/dags
[2024-04-12T06:11:30.810+0000] {manager.py:729} INFO - There are 0 files in /opt/airflow/dags
[2024-04-12T06:16:31.105+0000] {manager.py:726} INFO - Searching for files in /opt/airflow/dags
[2024-04-12T06:16:31.109+0000] {manager.py:729} INFO - There are 0 files in /opt/airflow/dags
[2024-04-12T06:21:31.608+0000] {manager.py:726} INFO - Searching for files in /opt/airflow/dags
[2024-04-12T06:21:31.624+0000] {manager.py:729} INFO - There are 0 files in /opt/airflow/dags
[2024-04-12T06:26:32.235+0000] {manager.py:726} INFO - Searching for files in /opt/airflow/dags
[2024-04-12T06:26:32.242+0000] {manager.py:729} INFO - There are 0 files in /opt/airflow/dags
[2024-04-12T06:31:32.599+0000] {manager.py:726} INFO - Searching for files in /opt/airflow/dags
[2024-04-12T06:31:32.609+0000] {manager.py:729} INFO - There are 0 files in /opt/airflow/dags
[2024-04-12T06:36:32.896+0000] {manager.py:726} INFO - Searching for files in /opt/airflow/dags
[2024-04-12T06:36:32.904+0000] {manager.py:729} INFO - There are 0 files in /opt/airflow/dags
[2024-04-12T06:41:33.149+0000] {manager.py:726} INFO - Searching for files in /opt/airflow/dags
[2024-04-12T06:41:33.160+0000] {manager.py:729} INFO - There are 0 files in /opt/airflow/dags
[2024-04-12T06:46:33.434+0000] {manager.py:726} INFO - Searching for files in /opt/airflow/dags
[2024-04-12T06:46:33.444+0000] {manager.py:729} INFO - There are 0 files in /opt/airflow/dags
[2024-04-12T06:51:33.713+0000] {manager.py:726} INFO - Searching for files in /opt/airflow/dags
[2024-04-12T06:51:33.721+0000] {manager.py:729} INFO - There are 0 files in /opt/airflow/dags
[2024-04-12T06:56:33.989+0000] {manager.py:726} INFO - Searching for files in /opt/airflow/dags
[2024-04-12T06:56:33.994+0000] {manager.py:729} INFO - There are 0 files in /opt/airflow/dags
[2024-04-12T07:01:34.245+0000] {manager.py:726} INFO - Searching for files in /opt/airflow/dags
[2024-04-12T07:01:34.255+0000] {manager.py:729} INFO - There are 0 files in /opt/airflow/dags
[2024-04-12T07:06:34.511+0000] {manager.py:726} INFO - Searching for files in /opt/airflow/dags
[2024-04-12T07:06:34.517+0000] {manager.py:729} INFO - There are 0 files in /opt/airflow/dags
[2024-04-12T07:11:34.798+0000] {manager.py:726} INFO - Searching for files in /opt/airflow/dags
[2024-04-12T07:11:34.803+0000] {manager.py:729} INFO - There are 0 files in /opt/airflow/dags
[2024-04-12T07:16:35.084+0000] {manager.py:726} INFO - Searching for files in /opt/airflow/dags
[2024-04-12T07:16:35.091+0000] {manager.py:729} INFO - There are 0 files in /opt/airflow/dags
[2024-04-12T07:21:35.355+0000] {manager.py:726} INFO - Searching for files in /opt/airflow/dags
[2024-04-12T07:21:35.362+0000] {manager.py:729} INFO - There are 0 files in /opt/airflow/dags
[2024-04-12T07:26:35.836+0000] {manager.py:726} INFO - Searching for files in /opt/airflow/dags
[2024-04-12T07:26:35.843+0000] {manager.py:729} INFO - There are 0 files in /opt/airflow/dags
[2024-04-12T07:31:36.401+0000] {manager.py:726} INFO - Searching for files in /opt/airflow/dags
[2024-04-12T07:31:36.406+0000] {manager.py:729} INFO - There are 0 files in /opt/airflow/dags
[2024-04-12T07:36:36.923+0000] {manager.py:726} INFO - Searching for files in /opt/airflow/dags
[2024-04-12T07:36:36.930+0000] {manager.py:729} INFO - There are 0 files in /opt/airflow/dags
[2024-04-12T07:41:37.498+0000] {manager.py:726} INFO - Searching for files in /opt/airflow/dags
[2024-04-12T07:41:37.515+0000] {manager.py:729} INFO - There are 0 files in /opt/airflow/dags
[2024-04-12T07:46:38.020+0000] {manager.py:726} INFO - Searching for files in /opt/airflow/dags
[2024-04-12T07:46:38.023+0000] {manager.py:729} INFO - There are 0 files in /opt/airflow/dags
[2024-04-12T07:51:38.548+0000] {manager.py:726} INFO - Searching for files in /opt/airflow/dags
[2024-04-12T07:51:38.556+0000] {manager.py:729} INFO - There are 0 files in /opt/airflow/dags
[2024-04-12T07:56:39.065+0000] {manager.py:726} INFO - Searching for files in /opt/airflow/dags
[2024-04-12T07:56:39.072+0000] {manager.py:729} INFO - There are 0 files in /opt/airflow/dags
[2024-04-12T08:01:39.484+0000] {manager.py:726} INFO - Searching for files in /opt/airflow/dags
[2024-04-12T08:01:39.489+0000] {manager.py:729} INFO - There are 0 files in /opt/airflow/dags
[2024-04-12T08:06:39.827+0000] {manager.py:726} INFO - Searching for files in /opt/airflow/dags
[2024-04-12T08:06:39.836+0000] {manager.py:729} INFO - There are 0 files in /opt/airflow/dags
[2024-04-12T08:11:40.096+0000] {manager.py:726} INFO - Searching for files in /opt/airflow/dags
[2024-04-12T08:11:40.103+0000] {manager.py:729} INFO - There are 0 files in /opt/airflow/dags
[2024-04-12T08:16:40.342+0000] {manager.py:726} INFO - Searching for files in /opt/airflow/dags
[2024-04-12T08:16:40.349+0000] {manager.py:729} INFO - There are 0 files in /opt/airflow/dags
[2024-04-12T08:21:40.566+0000] {manager.py:726} INFO - Searching for files in /opt/airflow/dags
[2024-04-12T08:21:40.571+0000] {manager.py:729} INFO - There are 0 files in /opt/airflow/dags
[2024-04-12T08:26:40.781+0000] {manager.py:726} INFO - Searching for files in /opt/airflow/dags
[2024-04-12T08:26:40.788+0000] {manager.py:729} INFO - There are 0 files in /opt/airflow/dags
[2024-04-12T08:31:41.576+0000] {manager.py:726} INFO - Searching for files in /opt/airflow/dags
[2024-04-12T08:31:41.583+0000] {manager.py:729} INFO - There are 0 files in /opt/airflow/dags
[2024-04-12T08:36:42.550+0000] {manager.py:726} INFO - Searching for files in /opt/airflow/dags
[2024-04-12T08:36:42.569+0000] {manager.py:729} INFO - There are 0 files in /opt/airflow/dags
[2024-04-12T08:41:42.553+0000] {manager.py:726} INFO - Searching for files in /opt/airflow/dags
[2024-04-12T08:41:42.557+0000] {manager.py:729} INFO - There are 0 files in /opt/airflow/dags
[2024-04-12T08:46:42.659+0000] {manager.py:726} INFO - Searching for files in /opt/airflow/dags
[2024-04-12T08:46:42.663+0000] {manager.py:729} INFO - There are 0 files in /opt/airflow/dags
[2024-04-12T08:51:43.637+0000] {manager.py:726} INFO - Searching for files in /opt/airflow/dags
[2024-04-12T08:51:43.641+0000] {manager.py:729} INFO - There are 0 files in /opt/airflow/dags
[2024-04-12T08:56:43.690+0000] {manager.py:726} INFO - Searching for files in /opt/airflow/dags
[2024-04-12T08:56:43.696+0000] {manager.py:729} INFO - There are 0 files in /opt/airflow/dags
[2024-04-12T09:01:44.680+0000] {manager.py:726} INFO - Searching for files in /opt/airflow/dags
[2024-04-12T09:01:44.707+0000] {manager.py:729} INFO - There are 0 files in /opt/airflow/dags
[2024-04-12T09:06:44.734+0000] {manager.py:726} INFO - Searching for files in /opt/airflow/dags
[2024-04-12T09:06:44.758+0000] {manager.py:729} INFO - There are 0 files in /opt/airflow/dags
[2024-04-12T09:11:44.871+0000] {manager.py:726} INFO - Searching for files in /opt/airflow/dags
[2024-04-12T09:11:44.882+0000] {manager.py:729} INFO - There are 0 files in /opt/airflow/dags
[2024-04-12T09:16:45.788+0000] {manager.py:726} INFO - Searching for files in /opt/airflow/dags
[2024-04-12T09:16:45.820+0000] {manager.py:729} INFO - There are 0 files in /opt/airflow/dags
[2024-04-12T09:21:45.899+0000] {manager.py:726} INFO - Searching for files in /opt/airflow/dags
[2024-04-12T09:21:45.928+0000] {manager.py:729} INFO - There are 0 files in /opt/airflow/dags
[2024-04-12T09:26:46.097+0000] {manager.py:726} INFO - Searching for files in /opt/airflow/dags
[2024-04-12T09:26:46.100+0000] {manager.py:729} INFO - There are 0 files in /opt/airflow/dags
[2024-04-12T09:31:46.101+0000] {manager.py:726} INFO - Searching for files in /opt/airflow/dags
[2024-04-12T09:31:46.106+0000] {manager.py:729} INFO - There are 0 files in /opt/airflow/dags
[2024-04-12T09:36:46.285+0000] {manager.py:726} INFO - Searching for files in /opt/airflow/dags
[2024-04-12T09:36:46.289+0000] {manager.py:729} INFO - There are 0 files in /opt/airflow/dags
[2024-04-12T09:41:46.363+0000] {manager.py:726} INFO - Searching for files in /opt/airflow/dags
[2024-04-12T09:41:46.386+0000] {manager.py:729} INFO - There are 0 files in /opt/airflow/dags
[2024-04-12T09:46:46.433+0000] {manager.py:726} INFO - Searching for files in /opt/airflow/dags
[2024-04-12T09:46:46.438+0000] {manager.py:729} INFO - There are 0 files in /opt/airflow/dags
[2024-04-12T09:51:46.476+0000] {manager.py:726} INFO - Searching for files in /opt/airflow/dags
[2024-04-12T09:51:46.533+0000] {manager.py:729} INFO - There are 0 files in /opt/airflow/dags
[2024-04-12T09:56:46.572+0000] {manager.py:726} INFO - Searching for files in /opt/airflow/dags
[2024-04-12T09:56:46.575+0000] {manager.py:729} INFO - There are 0 files in /opt/airflow/dags
[2024-04-12T10:01:46.630+0000] {manager.py:726} INFO - Searching for files in /opt/airflow/dags
[2024-04-12T10:01:46.637+0000] {manager.py:729} INFO - There are 0 files in /opt/airflow/dags
[2024-04-12T10:06:46.741+0000] {manager.py:726} INFO - Searching for files in /opt/airflow/dags
[2024-04-12T10:06:46.748+0000] {manager.py:729} INFO - There are 0 files in /opt/airflow/dags
[2024-04-12T10:11:46.762+0000] {manager.py:726} INFO - Searching for files in /opt/airflow/dags
[2024-04-12T10:11:46.769+0000] {manager.py:729} INFO - There are 0 files in /opt/airflow/dags
[2024-04-12T10:16:46.833+0000] {manager.py:726} INFO - Searching for files in /opt/airflow/dags
[2024-04-12T10:16:46.837+0000] {manager.py:729} INFO - There are 0 files in /opt/airflow/dags
[2024-04-12T10:21:46.861+0000] {manager.py:726} INFO - Searching for files in /opt/airflow/dags
[2024-04-12T10:21:46.874+0000] {manager.py:729} INFO - There are 0 files in /opt/airflow/dags
[2024-04-12T10:26:46.906+0000] {manager.py:726} INFO - Searching for files in /opt/airflow/dags
[2024-04-12T10:26:46.915+0000] {manager.py:729} INFO - There are 0 files in /opt/airflow/dags
[2024-04-12T10:31:46.929+0000] {manager.py:726} INFO - Searching for files in /opt/airflow/dags
[2024-04-12T10:31:46.957+0000] {manager.py:729} INFO - There are 0 files in /opt/airflow/dags
[2024-04-12T10:36:47.010+0000] {manager.py:726} INFO - Searching for files in /opt/airflow/dags
[2024-04-12T10:36:47.016+0000] {manager.py:729} INFO - There are 0 files in /opt/airflow/dags
[2024-04-12T10:41:47.023+0000] {manager.py:726} INFO - Searching for files in /opt/airflow/dags
[2024-04-12T10:41:47.032+0000] {manager.py:729} INFO - There are 0 files in /opt/airflow/dags
[2024-04-12T10:46:47.057+0000] {manager.py:726} INFO - Searching for files in /opt/airflow/dags
[2024-04-12T10:46:47.062+0000] {manager.py:729} INFO - There are 0 files in /opt/airflow/dags
[2024-04-12T10:51:47.911+0000] {manager.py:726} INFO - Searching for files in /opt/airflow/dags
[2024-04-12T10:51:47.921+0000] {manager.py:729} INFO - There are 0 files in /opt/airflow/dags
[2024-04-12T10:56:47.927+0000] {manager.py:726} INFO - Searching for files in /opt/airflow/dags
[2024-04-12T10:56:47.936+0000] {manager.py:729} INFO - There are 0 files in /opt/airflow/dags
[2024-04-12T11:01:47.954+0000] {manager.py:726} INFO - Searching for files in /opt/airflow/dags
[2024-04-12T11:01:47.992+0000] {manager.py:729} INFO - There are 0 files in /opt/airflow/dags
[2024-04-12T11:06:48.051+0000] {manager.py:726} INFO - Searching for files in /opt/airflow/dags
[2024-04-12T11:06:48.063+0000] {manager.py:729} INFO - There are 0 files in /opt/airflow/dags
[2024-04-12T11:11:48.083+0000] {manager.py:726} INFO - Searching for files in /opt/airflow/dags
[2024-04-12T11:11:48.086+0000] {manager.py:729} INFO - There are 0 files in /opt/airflow/dags
[2024-04-12T11:16:48.162+0000] {manager.py:726} INFO - Searching for files in /opt/airflow/dags
[2024-04-12T11:16:48.165+0000] {manager.py:729} INFO - There are 0 files in /opt/airflow/dags
[2024-04-12T11:21:48.164+0000] {manager.py:726} INFO - Searching for files in /opt/airflow/dags
[2024-04-12T11:21:48.168+0000] {manager.py:729} INFO - There are 0 files in /opt/airflow/dags
[2024-04-12T11:26:49.169+0000] {manager.py:726} INFO - Searching for files in /opt/airflow/dags
[2024-04-12T11:26:49.188+0000] {manager.py:729} INFO - There are 0 files in /opt/airflow/dags
[2024-04-12T11:31:49.402+0000] {manager.py:726} INFO - Searching for files in /opt/airflow/dags
[2024-04-12T11:31:49.413+0000] {manager.py:729} INFO - There are 0 files in /opt/airflow/dags
[2024-04-12T11:36:49.413+0000] {manager.py:726} INFO - Searching for files in /opt/airflow/dags
[2024-04-12T11:36:49.416+0000] {manager.py:729} INFO - There are 0 files in /opt/airflow/dags
[2024-04-12T11:41:49.539+0000] {manager.py:726} INFO - Searching for files in /opt/airflow/dags
[2024-04-12T11:41:49.573+0000] {manager.py:729} INFO - There are 0 files in /opt/airflow/dags
[2024-04-12T11:46:49.642+0000] {manager.py:726} INFO - Searching for files in /opt/airflow/dags
[2024-04-12T11:46:49.655+0000] {manager.py:729} INFO - There are 0 files in /opt/airflow/dags
[2024-04-12T11:51:49.698+0000] {manager.py:726} INFO - Searching for files in /opt/airflow/dags
[2024-04-12T11:51:49.700+0000] {manager.py:729} INFO - There are 0 files in /opt/airflow/dags
[2024-04-12T11:56:49.832+0000] {manager.py:726} INFO - Searching for files in /opt/airflow/dags
[2024-04-12T11:56:49.835+0000] {manager.py:729} INFO - There are 0 files in /opt/airflow/dags
[2024-04-12T12:01:50.817+0000] {manager.py:726} INFO - Searching for files in /opt/airflow/dags
[2024-04-12T12:01:50.828+0000] {manager.py:729} INFO - There are 0 files in /opt/airflow/dags
[2024-04-12T12:06:50.920+0000] {manager.py:726} INFO - Searching for files in /opt/airflow/dags
[2024-04-12T12:06:50.928+0000] {manager.py:729} INFO - There are 0 files in /opt/airflow/dags
[2024-04-12T12:11:50.936+0000] {manager.py:726} INFO - Searching for files in /opt/airflow/dags
[2024-04-12T12:11:50.941+0000] {manager.py:729} INFO - There are 0 files in /opt/airflow/dags
[2024-04-12T12:16:51.908+0000] {manager.py:726} INFO - Searching for files in /opt/airflow/dags
[2024-04-12T12:16:51.912+0000] {manager.py:729} INFO - There are 0 files in /opt/airflow/dags
[2024-04-12T12:21:51.955+0000] {manager.py:726} INFO - Searching for files in /opt/airflow/dags
[2024-04-12T12:21:51.974+0000] {manager.py:729} INFO - There are 0 files in /opt/airflow/dags
[2024-04-12T12:26:52.008+0000] {manager.py:726} INFO - Searching for files in /opt/airflow/dags
[2024-04-12T12:26:52.090+0000] {manager.py:729} INFO - There are 0 files in /opt/airflow/dags
[2024-04-12T12:31:52.167+0000] {manager.py:726} INFO - Searching for files in /opt/airflow/dags
[2024-04-12T12:31:52.175+0000] {manager.py:729} INFO - There are 0 files in /opt/airflow/dags
[2024-04-12T12:36:52.179+0000] {manager.py:726} INFO - Searching for files in /opt/airflow/dags
[2024-04-12T12:36:52.187+0000] {manager.py:729} INFO - There are 0 files in /opt/airflow/dags
[2024-04-12T12:41:52.205+0000] {manager.py:726} INFO - Searching for files in /opt/airflow/dags
[2024-04-12T12:41:52.210+0000] {manager.py:729} INFO - There are 0 files in /opt/airflow/dags
[2024-04-12T12:46:52.212+0000] {manager.py:726} INFO - Searching for files in /opt/airflow/dags
[2024-04-12T12:46:52.215+0000] {manager.py:729} INFO - There are 0 files in /opt/airflow/dags
[2024-04-12T12:51:52.230+0000] {manager.py:726} INFO - Searching for files in /opt/airflow/dags
[2024-04-12T12:51:52.251+0000] {manager.py:729} INFO - There are 0 files in /opt/airflow/dags
[2024-04-12T12:56:52.275+0000] {manager.py:726} INFO - Searching for files in /opt/airflow/dags
[2024-04-12T12:56:52.292+0000] {manager.py:729} INFO - There are 0 files in /opt/airflow/dags
[2024-04-12T13:01:53.268+0000] {manager.py:726} INFO - Searching for files in /opt/airflow/dags
[2024-04-12T13:01:53.288+0000] {manager.py:729} INFO - There are 0 files in /opt/airflow/dags
[2024-04-12T13:06:53.450+0000] {manager.py:726} INFO - Searching for files in /opt/airflow/dags
[2024-04-12T13:06:53.481+0000] {manager.py:729} INFO - There are 0 files in /opt/airflow/dags
[2024-04-12T13:11:53.606+0000] {manager.py:726} INFO - Searching for files in /opt/airflow/dags
[2024-04-12T13:11:53.613+0000] {manager.py:729} INFO - There are 0 files in /opt/airflow/dags
[2024-04-12T13:16:53.720+0000] {manager.py:726} INFO - Searching for files in /opt/airflow/dags
[2024-04-12T13:16:53.729+0000] {manager.py:729} INFO - There are 0 files in /opt/airflow/dags
[2024-04-12T13:21:53.782+0000] {manager.py:726} INFO - Searching for files in /opt/airflow/dags
[2024-04-12T13:21:53.797+0000] {manager.py:729} INFO - There are 0 files in /opt/airflow/dags
[2024-04-12T13:26:53.870+0000] {manager.py:726} INFO - Searching for files in /opt/airflow/dags
[2024-04-12T13:26:53.923+0000] {manager.py:729} INFO - There are 0 files in /opt/airflow/dags
[2024-04-12T13:31:53.958+0000] {manager.py:726} INFO - Searching for files in /opt/airflow/dags
[2024-04-12T13:31:53.967+0000] {manager.py:729} INFO - There are 0 files in /opt/airflow/dags
[2024-04-12T13:36:54.155+0000] {manager.py:726} INFO - Searching for files in /opt/airflow/dags
[2024-04-12T13:36:54.176+0000] {manager.py:729} INFO - There are 0 files in /opt/airflow/dags
[2024-04-12T13:41:54.191+0000] {manager.py:726} INFO - Searching for files in /opt/airflow/dags
[2024-04-12T13:41:54.193+0000] {manager.py:729} INFO - There are 0 files in /opt/airflow/dags
[2024-04-12T13:46:54.253+0000] {manager.py:726} INFO - Searching for files in /opt/airflow/dags
[2024-04-12T13:46:54.342+0000] {manager.py:729} INFO - There are 0 files in /opt/airflow/dags
[2024-04-12T13:51:54.437+0000] {manager.py:726} INFO - Searching for files in /opt/airflow/dags
[2024-04-12T13:51:54.441+0000] {manager.py:729} INFO - There are 0 files in /opt/airflow/dags
[2024-04-12T13:56:55.419+0000] {manager.py:726} INFO - Searching for files in /opt/airflow/dags
[2024-04-12T13:56:55.430+0000] {manager.py:729} INFO - There are 0 files in /opt/airflow/dags
[2024-04-12T14:01:55.545+0000] {manager.py:726} INFO - Searching for files in /opt/airflow/dags
[2024-04-12T14:01:55.560+0000] {manager.py:729} INFO - There are 0 files in /opt/airflow/dags
[2024-04-12T14:06:55.693+0000] {manager.py:726} INFO - Searching for files in /opt/airflow/dags
[2024-04-12T14:06:55.695+0000] {manager.py:729} INFO - There are 0 files in /opt/airflow/dags
[2024-04-12T14:11:56.691+0000] {manager.py:726} INFO - Searching for files in /opt/airflow/dags
[2024-04-12T14:11:56.699+0000] {manager.py:729} INFO - There are 0 files in /opt/airflow/dags
[2024-04-12T14:16:56.807+0000] {manager.py:726} INFO - Searching for files in /opt/airflow/dags
[2024-04-12T14:16:56.812+0000] {manager.py:729} INFO - There are 0 files in /opt/airflow/dags
[2024-04-12T14:21:56.824+0000] {manager.py:726} INFO - Searching for files in /opt/airflow/dags
[2024-04-12T14:21:56.831+0000] {manager.py:729} INFO - There are 0 files in /opt/airflow/dags
[2024-04-12T14:26:57.796+0000] {manager.py:726} INFO - Searching for files in /opt/airflow/dags
[2024-04-12T14:26:57.809+0000] {manager.py:729} INFO - There are 0 files in /opt/airflow/dags
[2024-04-12T14:31:57.896+0000] {manager.py:726} INFO - Searching for files in /opt/airflow/dags
[2024-04-12T14:31:57.906+0000] {manager.py:729} INFO - There are 0 files in /opt/airflow/dags
[2024-04-12T14:36:57.985+0000] {manager.py:726} INFO - Searching for files in /opt/airflow/dags
[2024-04-12T14:36:58.012+0000] {manager.py:729} INFO - There are 0 files in /opt/airflow/dags
[2024-04-12T14:41:58.103+0000] {manager.py:726} INFO - Searching for files in /opt/airflow/dags
[2024-04-12T14:41:58.139+0000] {manager.py:729} INFO - There are 0 files in /opt/airflow/dags
[2024-04-12T14:46:58.120+0000] {manager.py:726} INFO - Searching for files in /opt/airflow/dags
[2024-04-12T14:46:58.126+0000] {manager.py:729} INFO - There are 0 files in /opt/airflow/dags
[2024-04-12T14:51:59.110+0000] {manager.py:726} INFO - Searching for files in /opt/airflow/dags
[2024-04-12T14:51:59.116+0000] {manager.py:729} INFO - There are 0 files in /opt/airflow/dags
[2024-04-12T14:56:59.135+0000] {manager.py:726} INFO - Searching for files in /opt/airflow/dags
[2024-04-12T14:56:59.163+0000] {manager.py:729} INFO - There are 0 files in /opt/airflow/dags
[2024-04-12T15:02:00.130+0000] {manager.py:726} INFO - Searching for files in /opt/airflow/dags
[2024-04-12T15:02:00.143+0000] {manager.py:729} INFO - There are 0 files in /opt/airflow/dags
[2024-04-12T15:07:00.208+0000] {manager.py:726} INFO - Searching for files in /opt/airflow/dags
[2024-04-12T15:07:00.219+0000] {manager.py:729} INFO - There are 0 files in /opt/airflow/dags
[2024-04-12T15:12:00.310+0000] {manager.py:726} INFO - Searching for files in /opt/airflow/dags
[2024-04-12T15:12:00.315+0000] {manager.py:729} INFO - There are 0 files in /opt/airflow/dags
[2024-04-12T15:17:00.420+0000] {manager.py:726} INFO - Searching for files in /opt/airflow/dags
[2024-04-12T15:17:00.439+0000] {manager.py:729} INFO - There are 0 files in /opt/airflow/dags
[2024-04-12T15:22:00.586+0000] {manager.py:726} INFO - Searching for files in /opt/airflow/dags
[2024-04-12T15:22:00.599+0000] {manager.py:729} INFO - There are 0 files in /opt/airflow/dags
[2024-04-12T15:27:00.620+0000] {manager.py:726} INFO - Searching for files in /opt/airflow/dags
[2024-04-12T15:27:00.629+0000] {manager.py:729} INFO - There are 0 files in /opt/airflow/dags
[2024-04-12T15:32:00.703+0000] {manager.py:726} INFO - Searching for files in /opt/airflow/dags
[2024-04-12T15:32:00.712+0000] {manager.py:729} INFO - There are 0 files in /opt/airflow/dags
[2024-04-12T15:37:00.747+0000] {manager.py:726} INFO - Searching for files in /opt/airflow/dags
[2024-04-12T15:37:00.757+0000] {manager.py:729} INFO - There are 0 files in /opt/airflow/dags
[2024-04-12T15:42:00.756+0000] {manager.py:726} INFO - Searching for files in /opt/airflow/dags
[2024-04-12T15:42:00.759+0000] {manager.py:729} INFO - There are 0 files in /opt/airflow/dags
[2024-04-12T15:47:00.818+0000] {manager.py:726} INFO - Searching for files in /opt/airflow/dags
[2024-04-12T15:47:00.826+0000] {manager.py:729} INFO - There are 0 files in /opt/airflow/dags
[2024-04-12T15:52:00.911+0000] {manager.py:726} INFO - Searching for files in /opt/airflow/dags
[2024-04-12T15:52:00.914+0000] {manager.py:729} INFO - There are 0 files in /opt/airflow/dags
[2024-04-12T15:57:00.929+0000] {manager.py:726} INFO - Searching for files in /opt/airflow/dags
[2024-04-12T15:57:00.936+0000] {manager.py:729} INFO - There are 0 files in /opt/airflow/dags
[2024-04-12T16:02:01.028+0000] {manager.py:726} INFO - Searching for files in /opt/airflow/dags
[2024-04-12T16:02:01.038+0000] {manager.py:729} INFO - There are 0 files in /opt/airflow/dags
[2024-04-12T16:07:02.025+0000] {manager.py:726} INFO - Searching for files in /opt/airflow/dags
[2024-04-12T16:07:02.042+0000] {manager.py:729} INFO - There are 0 files in /opt/airflow/dags
[2024-04-12T16:12:03.027+0000] {manager.py:726} INFO - Searching for files in /opt/airflow/dags
[2024-04-12T16:12:03.045+0000] {manager.py:729} INFO - There are 0 files in /opt/airflow/dags
[2024-04-12T16:17:03.127+0000] {manager.py:726} INFO - Searching for files in /opt/airflow/dags
[2024-04-12T16:17:03.130+0000] {manager.py:729} INFO - There are 0 files in /opt/airflow/dags
[2024-04-12T16:22:03.273+0000] {manager.py:726} INFO - Searching for files in /opt/airflow/dags
[2024-04-12T16:22:03.287+0000] {manager.py:729} INFO - There are 0 files in /opt/airflow/dags
[2024-04-12T16:27:03.450+0000] {manager.py:726} INFO - Searching for files in /opt/airflow/dags
[2024-04-12T16:27:03.458+0000] {manager.py:729} INFO - There are 0 files in /opt/airflow/dags
[2024-04-12T16:32:03.583+0000] {manager.py:726} INFO - Searching for files in /opt/airflow/dags
[2024-04-12T16:32:03.598+0000] {manager.py:729} INFO - There are 0 files in /opt/airflow/dags
[2024-04-12T16:37:03.671+0000] {manager.py:726} INFO - Searching for files in /opt/airflow/dags
[2024-04-12T16:37:03.674+0000] {manager.py:729} INFO - There are 0 files in /opt/airflow/dags
[2024-04-12T16:42:03.717+0000] {manager.py:726} INFO - Searching for files in /opt/airflow/dags
[2024-04-12T16:42:03.728+0000] {manager.py:729} INFO - There are 0 files in /opt/airflow/dags
[2024-04-12T16:47:03.747+0000] {manager.py:726} INFO - Searching for files in /opt/airflow/dags
[2024-04-12T16:47:03.805+0000] {manager.py:729} INFO - There are 0 files in /opt/airflow/dags
[2024-04-12T16:52:04.746+0000] {manager.py:726} INFO - Searching for files in /opt/airflow/dags
[2024-04-12T16:52:04.854+0000] {manager.py:729} INFO - There are 0 files in /opt/airflow/dags
[2024-04-17T01:43:32.096+0000] {manager.py:483} INFO - Processing files using up to 2 processes at a time 
[2024-04-17T01:43:32.098+0000] {manager.py:484} INFO - Process each file at most once every 30 seconds
[2024-04-17T01:43:32.098+0000] {manager.py:486} INFO - Checking for new files in /opt/airflow/dags every 300 seconds
[2024-04-17T01:43:32.099+0000] {manager.py:726} INFO - Searching for files in /opt/airflow/dags
[2024-04-17T01:43:32.103+0000] {manager.py:729} INFO - There are 0 files in /opt/airflow/dags
[2024-04-17T01:48:32.676+0000] {manager.py:726} INFO - Searching for files in /opt/airflow/dags
[2024-04-17T01:48:32.682+0000] {manager.py:729} INFO - There are 0 files in /opt/airflow/dags
[2024-04-17T01:53:33.306+0000] {manager.py:726} INFO - Searching for files in /opt/airflow/dags
[2024-04-17T01:53:33.321+0000] {manager.py:729} INFO - There are 0 files in /opt/airflow/dags
[2024-04-17T01:58:34.028+0000] {manager.py:726} INFO - Searching for files in /opt/airflow/dags
[2024-04-17T01:58:34.043+0000] {manager.py:729} INFO - There are 0 files in /opt/airflow/dags
[2024-04-17T02:03:34.755+0000] {manager.py:726} INFO - Searching for files in /opt/airflow/dags
[2024-04-17T02:03:34.773+0000] {manager.py:729} INFO - There are 0 files in /opt/airflow/dags
[2024-04-17T02:08:35.505+0000] {manager.py:726} INFO - Searching for files in /opt/airflow/dags
[2024-04-17T02:08:35.510+0000] {manager.py:729} INFO - There are 0 files in /opt/airflow/dags
[2024-04-17T02:13:36.215+0000] {manager.py:726} INFO - Searching for files in /opt/airflow/dags
[2024-04-17T02:13:36.220+0000] {manager.py:729} INFO - There are 0 files in /opt/airflow/dags
[2024-04-17T02:18:37.074+0000] {manager.py:726} INFO - Searching for files in /opt/airflow/dags
[2024-04-17T02:18:37.077+0000] {manager.py:729} INFO - There are 0 files in /opt/airflow/dags
[2024-04-17T02:23:37.953+0000] {manager.py:726} INFO - Searching for files in /opt/airflow/dags
[2024-04-17T02:23:37.969+0000] {manager.py:729} INFO - There are 0 files in /opt/airflow/dags
[2024-04-17T02:28:37.976+0000] {manager.py:726} INFO - Searching for files in /opt/airflow/dags
[2024-04-17T02:28:37.990+0000] {manager.py:729} INFO - There are 0 files in /opt/airflow/dags
[2024-04-17T02:33:37.976+0000] {manager.py:726} INFO - Searching for files in /opt/airflow/dags
[2024-04-17T02:33:37.985+0000] {manager.py:729} INFO - There are 0 files in /opt/airflow/dags
[2024-04-17T02:38:38.077+0000] {manager.py:726} INFO - Searching for files in /opt/airflow/dags
[2024-04-17T02:38:38.087+0000] {manager.py:729} INFO - There are 0 files in /opt/airflow/dags
[2024-04-17T02:43:39.010+0000] {manager.py:726} INFO - Searching for files in /opt/airflow/dags
[2024-04-17T02:43:39.019+0000] {manager.py:729} INFO - There are 0 files in /opt/airflow/dags
[2024-04-17T02:48:39.794+0000] {manager.py:726} INFO - Searching for files in /opt/airflow/dags
[2024-04-17T02:48:39.803+0000] {manager.py:729} INFO - There are 0 files in /opt/airflow/dags
[2024-04-17T02:53:40.721+0000] {manager.py:726} INFO - Searching for files in /opt/airflow/dags
[2024-04-17T02:53:40.793+0000] {manager.py:729} INFO - There are 0 files in /opt/airflow/dags
[2024-04-17T02:58:41.594+0000] {manager.py:726} INFO - Searching for files in /opt/airflow/dags
[2024-04-17T02:58:41.602+0000] {manager.py:729} INFO - There are 0 files in /opt/airflow/dags
[2024-04-17T03:03:42.566+0000] {manager.py:726} INFO - Searching for files in /opt/airflow/dags
[2024-04-17T03:03:42.573+0000] {manager.py:729} INFO - There are 0 files in /opt/airflow/dags
[2024-04-17T03:08:43.341+0000] {manager.py:726} INFO - Searching for files in /opt/airflow/dags
[2024-04-17T03:08:43.347+0000] {manager.py:729} INFO - There are 0 files in /opt/airflow/dags
[2024-04-17T03:13:44.099+0000] {manager.py:726} INFO - Searching for files in /opt/airflow/dags
[2024-04-17T03:13:44.108+0000] {manager.py:729} INFO - There are 0 files in /opt/airflow/dags
[2024-04-17T03:18:44.143+0000] {manager.py:726} INFO - Searching for files in /opt/airflow/dags
[2024-04-17T03:18:44.163+0000] {manager.py:729} INFO - There are 0 files in /opt/airflow/dags
[2024-04-17T03:23:44.324+0000] {manager.py:726} INFO - Searching for files in /opt/airflow/dags
[2024-04-17T03:23:44.331+0000] {manager.py:729} INFO - There are 0 files in /opt/airflow/dags
[2024-04-17T03:28:44.482+0000] {manager.py:726} INFO - Searching for files in /opt/airflow/dags
[2024-04-17T03:28:44.536+0000] {manager.py:729} INFO - There are 0 files in /opt/airflow/dags
[2024-04-17T03:33:44.578+0000] {manager.py:726} INFO - Searching for files in /opt/airflow/dags
[2024-04-17T03:33:44.583+0000] {manager.py:729} INFO - There are 0 files in /opt/airflow/dags
[2024-04-17T03:38:44.688+0000] {manager.py:726} INFO - Searching for files in /opt/airflow/dags
[2024-04-17T03:38:44.725+0000] {manager.py:729} INFO - There are 0 files in /opt/airflow/dags
[2024-04-17T03:43:44.850+0000] {manager.py:726} INFO - Searching for files in /opt/airflow/dags
[2024-04-17T03:43:44.855+0000] {manager.py:729} INFO - There are 0 files in /opt/airflow/dags
[2024-04-17T03:48:44.973+0000] {manager.py:726} INFO - Searching for files in /opt/airflow/dags
[2024-04-17T03:48:44.982+0000] {manager.py:729} INFO - There are 0 files in /opt/airflow/dags
[2024-04-17T03:53:45.047+0000] {manager.py:726} INFO - Searching for files in /opt/airflow/dags
[2024-04-17T03:53:45.049+0000] {manager.py:729} INFO - There are 0 files in /opt/airflow/dags
[2024-04-17T03:58:45.275+0000] {manager.py:726} INFO - Searching for files in /opt/airflow/dags
[2024-04-17T03:58:45.283+0000] {manager.py:729} INFO - There are 0 files in /opt/airflow/dags
[2024-04-17T04:03:45.404+0000] {manager.py:726} INFO - Searching for files in /opt/airflow/dags
[2024-04-17T04:03:45.420+0000] {manager.py:729} INFO - There are 0 files in /opt/airflow/dags
[2024-04-17T04:08:45.492+0000] {manager.py:726} INFO - Searching for files in /opt/airflow/dags
[2024-04-17T04:08:45.495+0000] {manager.py:729} INFO - There are 0 files in /opt/airflow/dags
[2024-04-17T04:13:46.491+0000] {manager.py:726} INFO - Searching for files in /opt/airflow/dags
[2024-04-17T04:13:46.499+0000] {manager.py:729} INFO - There are 0 files in /opt/airflow/dags
[2024-04-17T04:18:47.479+0000] {manager.py:726} INFO - Searching for files in /opt/airflow/dags
[2024-04-17T04:18:47.485+0000] {manager.py:729} INFO - There are 0 files in /opt/airflow/dags
[2024-04-17T04:23:48.478+0000] {manager.py:726} INFO - Searching for files in /opt/airflow/dags
[2024-04-17T04:23:48.489+0000] {manager.py:729} INFO - There are 0 files in /opt/airflow/dags
[2024-04-17T04:28:48.566+0000] {manager.py:726} INFO - Searching for files in /opt/airflow/dags
[2024-04-17T04:28:48.576+0000] {manager.py:729} INFO - There are 0 files in /opt/airflow/dags
[2024-04-17T04:33:49.510+0000] {manager.py:726} INFO - Searching for files in /opt/airflow/dags
[2024-04-17T04:33:49.520+0000] {manager.py:729} INFO - There are 0 files in /opt/airflow/dags
[2024-04-17T04:38:50.393+0000] {manager.py:726} INFO - Searching for files in /opt/airflow/dags
[2024-04-17T04:38:50.435+0000] {manager.py:729} INFO - There are 0 files in /opt/airflow/dags
[2024-04-17T04:43:51.302+0000] {manager.py:726} INFO - Searching for files in /opt/airflow/dags
[2024-04-17T04:43:51.308+0000] {manager.py:729} INFO - There are 0 files in /opt/airflow/dags
[2024-04-17T04:47:37.396+0000] {manager.py:465} INFO - Exiting gracefully upon receiving signal 15
[2024-04-22T06:24:21.329+0000] {manager.py:483} INFO - Processing files using up to 2 processes at a time 
[2024-04-22T06:24:21.332+0000] {manager.py:484} INFO - Process each file at most once every 30 seconds
[2024-04-22T06:24:21.333+0000] {manager.py:486} INFO - Checking for new files in /opt/airflow/dags every 300 seconds
[2024-04-22T06:24:21.334+0000] {manager.py:726} INFO - Searching for files in /opt/airflow/dags
[2024-04-22T06:24:21.338+0000] {manager.py:729} INFO - There are 0 files in /opt/airflow/dags
[2024-04-22T06:29:22.048+0000] {manager.py:726} INFO - Searching for files in /opt/airflow/dags
[2024-04-22T06:29:22.056+0000] {manager.py:729} INFO - There are 0 files in /opt/airflow/dags
[2024-04-22T06:34:22.674+0000] {manager.py:726} INFO - Searching for files in /opt/airflow/dags
[2024-04-22T06:34:22.682+0000] {manager.py:729} INFO - There are 0 files in /opt/airflow/dags
[2024-04-22T06:39:23.491+0000] {manager.py:726} INFO - Searching for files in /opt/airflow/dags
[2024-04-22T06:39:23.552+0000] {manager.py:729} INFO - There are 0 files in /opt/airflow/dags
[2024-04-22T06:44:24.469+0000] {manager.py:726} INFO - Searching for files in /opt/airflow/dags
[2024-04-22T06:44:24.472+0000] {manager.py:729} INFO - There are 0 files in /opt/airflow/dags
[2024-04-22T06:49:25.365+0000] {manager.py:726} INFO - Searching for files in /opt/airflow/dags
[2024-04-22T06:49:25.375+0000] {manager.py:729} INFO - There are 0 files in /opt/airflow/dags
[2024-04-22T06:54:26.156+0000] {manager.py:726} INFO - Searching for files in /opt/airflow/dags
[2024-04-22T06:54:26.238+0000] {manager.py:729} INFO - There are 0 files in /opt/airflow/dags
[2024-04-22T06:59:26.372+0000] {manager.py:726} INFO - Searching for files in /opt/airflow/dags
[2024-04-22T06:59:26.379+0000] {manager.py:729} INFO - There are 0 files in /opt/airflow/dags
[2024-04-22T07:04:27.205+0000] {manager.py:726} INFO - Searching for files in /opt/airflow/dags
[2024-04-22T07:04:27.209+0000] {manager.py:729} INFO - There are 0 files in /opt/airflow/dags
[2024-04-22T07:09:28.106+0000] {manager.py:726} INFO - Searching for files in /opt/airflow/dags
[2024-04-22T07:09:28.118+0000] {manager.py:729} INFO - There are 0 files in /opt/airflow/dags
[2024-04-22T07:14:28.206+0000] {manager.py:726} INFO - Searching for files in /opt/airflow/dags
[2024-04-22T07:14:28.250+0000] {manager.py:729} INFO - There are 0 files in /opt/airflow/dags
[2024-04-22T07:19:28.446+0000] {manager.py:726} INFO - Searching for files in /opt/airflow/dags
[2024-04-22T07:19:28.452+0000] {manager.py:729} INFO - There are 0 files in /opt/airflow/dags
[2024-04-22T07:24:28.656+0000] {manager.py:726} INFO - Searching for files in /opt/airflow/dags
[2024-04-22T07:24:28.690+0000] {manager.py:729} INFO - There are 0 files in /opt/airflow/dags
[2024-04-22T07:29:28.711+0000] {manager.py:726} INFO - Searching for files in /opt/airflow/dags
[2024-04-22T07:29:28.716+0000] {manager.py:729} INFO - There are 0 files in /opt/airflow/dags
[2024-04-22T07:30:30.214+0000] {manager.py:465} INFO - Exiting gracefully upon receiving signal 15
