[2024-02-27T13:31:15.953+0000] {processor.py:153} INFO - Started process (PID=63) to work on /home/airflow/.local/lib/python3.7/site-packages/airflow/example_dags/example_local_kubernetes_executor.py
[2024-02-27T13:31:15.954+0000] {processor.py:743} INFO - Processing file /home/airflow/.local/lib/python3.7/site-packages/airflow/example_dags/example_local_kubernetes_executor.py for tasks to queue
[2024-02-27T13:31:15.955+0000] {logging_mixin.py:137} INFO - [2024-02-27T13:31:15.955+0000] {dagbag.py:538} INFO - Filling up the DagBag from /home/airflow/.local/lib/python3.7/site-packages/airflow/example_dags/example_local_kubernetes_executor.py
[2024-02-27T13:31:15.975+0000] {processor.py:753} INFO - DAG(s) dict_keys(['example_local_kubernetes_executor']) retrieved from /home/airflow/.local/lib/python3.7/site-packages/airflow/example_dags/example_local_kubernetes_executor.py
[2024-02-27T13:31:16.089+0000] {logging_mixin.py:137} INFO - [2024-02-27T13:31:16.089+0000] {manager.py:504} INFO - Created Permission View: can edit on DAG:example_local_kubernetes_executor
[2024-02-27T13:31:16.098+0000] {logging_mixin.py:137} INFO - [2024-02-27T13:31:16.098+0000] {manager.py:504} INFO - Created Permission View: can delete on DAG:example_local_kubernetes_executor
[2024-02-27T13:31:16.106+0000] {logging_mixin.py:137} INFO - [2024-02-27T13:31:16.106+0000] {manager.py:504} INFO - Created Permission View: can read on DAG:example_local_kubernetes_executor
[2024-02-27T13:31:16.107+0000] {logging_mixin.py:137} INFO - [2024-02-27T13:31:16.107+0000] {dag.py:2690} INFO - Sync 1 DAGs
[2024-02-27T13:31:16.117+0000] {logging_mixin.py:137} INFO - [2024-02-27T13:31:16.117+0000] {dag.py:2711} INFO - Creating ORM DAG for example_local_kubernetes_executor
[2024-02-27T13:31:16.130+0000] {logging_mixin.py:137} INFO - [2024-02-27T13:31:16.130+0000] {dag.py:3441} INFO - Setting next_dagrun for example_local_kubernetes_executor to None, run_after=None
[2024-02-27T13:31:16.149+0000] {processor.py:175} INFO - Processing /home/airflow/.local/lib/python3.7/site-packages/airflow/example_dags/example_local_kubernetes_executor.py took 0.199 seconds
[2024-02-27T13:31:46.507+0000] {processor.py:153} INFO - Started process (PID=186) to work on /home/airflow/.local/lib/python3.7/site-packages/airflow/example_dags/example_local_kubernetes_executor.py
[2024-02-27T13:31:46.509+0000] {processor.py:743} INFO - Processing file /home/airflow/.local/lib/python3.7/site-packages/airflow/example_dags/example_local_kubernetes_executor.py for tasks to queue
[2024-02-27T13:31:46.510+0000] {logging_mixin.py:137} INFO - [2024-02-27T13:31:46.510+0000] {dagbag.py:538} INFO - Filling up the DagBag from /home/airflow/.local/lib/python3.7/site-packages/airflow/example_dags/example_local_kubernetes_executor.py
[2024-02-27T13:31:46.535+0000] {processor.py:753} INFO - DAG(s) dict_keys(['example_local_kubernetes_executor']) retrieved from /home/airflow/.local/lib/python3.7/site-packages/airflow/example_dags/example_local_kubernetes_executor.py
[2024-02-27T13:31:46.563+0000] {logging_mixin.py:137} INFO - [2024-02-27T13:31:46.563+0000] {dag.py:2690} INFO - Sync 1 DAGs
[2024-02-27T13:31:46.588+0000] {logging_mixin.py:137} INFO - [2024-02-27T13:31:46.588+0000] {dag.py:3441} INFO - Setting next_dagrun for example_local_kubernetes_executor to None, run_after=None
[2024-02-27T13:31:46.614+0000] {processor.py:175} INFO - Processing /home/airflow/.local/lib/python3.7/site-packages/airflow/example_dags/example_local_kubernetes_executor.py took 0.109 seconds
[2024-02-27T13:32:16.994+0000] {processor.py:153} INFO - Started process (PID=281) to work on /home/airflow/.local/lib/python3.7/site-packages/airflow/example_dags/example_local_kubernetes_executor.py
[2024-02-27T13:32:16.995+0000] {processor.py:743} INFO - Processing file /home/airflow/.local/lib/python3.7/site-packages/airflow/example_dags/example_local_kubernetes_executor.py for tasks to queue
[2024-02-27T13:32:16.996+0000] {logging_mixin.py:137} INFO - [2024-02-27T13:32:16.996+0000] {dagbag.py:538} INFO - Filling up the DagBag from /home/airflow/.local/lib/python3.7/site-packages/airflow/example_dags/example_local_kubernetes_executor.py
[2024-02-27T13:32:17.014+0000] {processor.py:753} INFO - DAG(s) dict_keys(['example_local_kubernetes_executor']) retrieved from /home/airflow/.local/lib/python3.7/site-packages/airflow/example_dags/example_local_kubernetes_executor.py
[2024-02-27T13:32:17.036+0000] {logging_mixin.py:137} INFO - [2024-02-27T13:32:17.036+0000] {dag.py:2690} INFO - Sync 1 DAGs
[2024-02-27T13:32:17.059+0000] {logging_mixin.py:137} INFO - [2024-02-27T13:32:17.058+0000] {dag.py:3441} INFO - Setting next_dagrun for example_local_kubernetes_executor to None, run_after=None
[2024-02-27T13:32:17.078+0000] {processor.py:175} INFO - Processing /home/airflow/.local/lib/python3.7/site-packages/airflow/example_dags/example_local_kubernetes_executor.py took 0.086 seconds
[2024-02-27T13:32:47.571+0000] {processor.py:153} INFO - Started process (PID=403) to work on /home/airflow/.local/lib/python3.7/site-packages/airflow/example_dags/example_local_kubernetes_executor.py
[2024-02-27T13:32:47.572+0000] {processor.py:743} INFO - Processing file /home/airflow/.local/lib/python3.7/site-packages/airflow/example_dags/example_local_kubernetes_executor.py for tasks to queue
[2024-02-27T13:32:47.573+0000] {logging_mixin.py:137} INFO - [2024-02-27T13:32:47.573+0000] {dagbag.py:538} INFO - Filling up the DagBag from /home/airflow/.local/lib/python3.7/site-packages/airflow/example_dags/example_local_kubernetes_executor.py
[2024-02-27T13:32:47.590+0000] {processor.py:753} INFO - DAG(s) dict_keys(['example_local_kubernetes_executor']) retrieved from /home/airflow/.local/lib/python3.7/site-packages/airflow/example_dags/example_local_kubernetes_executor.py
[2024-02-27T13:32:47.610+0000] {logging_mixin.py:137} INFO - [2024-02-27T13:32:47.609+0000] {dag.py:2690} INFO - Sync 1 DAGs
[2024-02-27T13:32:47.626+0000] {logging_mixin.py:137} INFO - [2024-02-27T13:32:47.626+0000] {dag.py:3441} INFO - Setting next_dagrun for example_local_kubernetes_executor to None, run_after=None
[2024-02-27T13:32:47.639+0000] {processor.py:175} INFO - Processing /home/airflow/.local/lib/python3.7/site-packages/airflow/example_dags/example_local_kubernetes_executor.py took 0.070 seconds
[2024-02-27T13:33:17.965+0000] {processor.py:153} INFO - Started process (PID=526) to work on /home/airflow/.local/lib/python3.7/site-packages/airflow/example_dags/example_local_kubernetes_executor.py
[2024-02-27T13:33:17.966+0000] {processor.py:743} INFO - Processing file /home/airflow/.local/lib/python3.7/site-packages/airflow/example_dags/example_local_kubernetes_executor.py for tasks to queue
[2024-02-27T13:33:17.968+0000] {logging_mixin.py:137} INFO - [2024-02-27T13:33:17.968+0000] {dagbag.py:538} INFO - Filling up the DagBag from /home/airflow/.local/lib/python3.7/site-packages/airflow/example_dags/example_local_kubernetes_executor.py
[2024-02-27T13:33:17.985+0000] {processor.py:753} INFO - DAG(s) dict_keys(['example_local_kubernetes_executor']) retrieved from /home/airflow/.local/lib/python3.7/site-packages/airflow/example_dags/example_local_kubernetes_executor.py
[2024-02-27T13:33:18.006+0000] {logging_mixin.py:137} INFO - [2024-02-27T13:33:18.006+0000] {dag.py:2690} INFO - Sync 1 DAGs
[2024-02-27T13:33:18.030+0000] {logging_mixin.py:137} INFO - [2024-02-27T13:33:18.030+0000] {dag.py:3441} INFO - Setting next_dagrun for example_local_kubernetes_executor to None, run_after=None
[2024-02-27T13:33:18.047+0000] {processor.py:175} INFO - Processing /home/airflow/.local/lib/python3.7/site-packages/airflow/example_dags/example_local_kubernetes_executor.py took 0.084 seconds
[2024-02-27T13:33:48.310+0000] {processor.py:153} INFO - Started process (PID=620) to work on /home/airflow/.local/lib/python3.7/site-packages/airflow/example_dags/example_local_kubernetes_executor.py
[2024-02-27T13:33:48.311+0000] {processor.py:743} INFO - Processing file /home/airflow/.local/lib/python3.7/site-packages/airflow/example_dags/example_local_kubernetes_executor.py for tasks to queue
[2024-02-27T13:33:48.312+0000] {logging_mixin.py:137} INFO - [2024-02-27T13:33:48.311+0000] {dagbag.py:538} INFO - Filling up the DagBag from /home/airflow/.local/lib/python3.7/site-packages/airflow/example_dags/example_local_kubernetes_executor.py
[2024-02-27T13:33:48.328+0000] {processor.py:753} INFO - DAG(s) dict_keys(['example_local_kubernetes_executor']) retrieved from /home/airflow/.local/lib/python3.7/site-packages/airflow/example_dags/example_local_kubernetes_executor.py
[2024-02-27T13:33:48.348+0000] {logging_mixin.py:137} INFO - [2024-02-27T13:33:48.348+0000] {dag.py:2690} INFO - Sync 1 DAGs
[2024-02-27T13:33:48.368+0000] {logging_mixin.py:137} INFO - [2024-02-27T13:33:48.367+0000] {dag.py:3441} INFO - Setting next_dagrun for example_local_kubernetes_executor to None, run_after=None
[2024-02-27T13:33:48.386+0000] {processor.py:175} INFO - Processing /home/airflow/.local/lib/python3.7/site-packages/airflow/example_dags/example_local_kubernetes_executor.py took 0.079 seconds
[2024-02-27T13:34:18.518+0000] {processor.py:153} INFO - Started process (PID=743) to work on /home/airflow/.local/lib/python3.7/site-packages/airflow/example_dags/example_local_kubernetes_executor.py
[2024-02-27T13:34:18.520+0000] {processor.py:743} INFO - Processing file /home/airflow/.local/lib/python3.7/site-packages/airflow/example_dags/example_local_kubernetes_executor.py for tasks to queue
[2024-02-27T13:34:18.522+0000] {logging_mixin.py:137} INFO - [2024-02-27T13:34:18.522+0000] {dagbag.py:538} INFO - Filling up the DagBag from /home/airflow/.local/lib/python3.7/site-packages/airflow/example_dags/example_local_kubernetes_executor.py
[2024-02-27T13:34:18.538+0000] {processor.py:753} INFO - DAG(s) dict_keys(['example_local_kubernetes_executor']) retrieved from /home/airflow/.local/lib/python3.7/site-packages/airflow/example_dags/example_local_kubernetes_executor.py
[2024-02-27T13:34:18.558+0000] {logging_mixin.py:137} INFO - [2024-02-27T13:34:18.558+0000] {dag.py:2690} INFO - Sync 1 DAGs
[2024-02-27T13:34:18.577+0000] {logging_mixin.py:137} INFO - [2024-02-27T13:34:18.576+0000] {dag.py:3441} INFO - Setting next_dagrun for example_local_kubernetes_executor to None, run_after=None
[2024-02-27T13:34:18.590+0000] {processor.py:175} INFO - Processing /home/airflow/.local/lib/python3.7/site-packages/airflow/example_dags/example_local_kubernetes_executor.py took 0.074 seconds
[2024-02-27T13:34:49.156+0000] {processor.py:153} INFO - Started process (PID=839) to work on /home/airflow/.local/lib/python3.7/site-packages/airflow/example_dags/example_local_kubernetes_executor.py
[2024-02-27T13:34:49.157+0000] {processor.py:743} INFO - Processing file /home/airflow/.local/lib/python3.7/site-packages/airflow/example_dags/example_local_kubernetes_executor.py for tasks to queue
[2024-02-27T13:34:49.158+0000] {logging_mixin.py:137} INFO - [2024-02-27T13:34:49.158+0000] {dagbag.py:538} INFO - Filling up the DagBag from /home/airflow/.local/lib/python3.7/site-packages/airflow/example_dags/example_local_kubernetes_executor.py
[2024-02-27T13:34:49.173+0000] {processor.py:753} INFO - DAG(s) dict_keys(['example_local_kubernetes_executor']) retrieved from /home/airflow/.local/lib/python3.7/site-packages/airflow/example_dags/example_local_kubernetes_executor.py
[2024-02-27T13:34:49.193+0000] {logging_mixin.py:137} INFO - [2024-02-27T13:34:49.193+0000] {dag.py:2690} INFO - Sync 1 DAGs
[2024-02-27T13:34:49.210+0000] {logging_mixin.py:137} INFO - [2024-02-27T13:34:49.209+0000] {dag.py:3441} INFO - Setting next_dagrun for example_local_kubernetes_executor to None, run_after=None
[2024-02-27T13:34:49.225+0000] {processor.py:175} INFO - Processing /home/airflow/.local/lib/python3.7/site-packages/airflow/example_dags/example_local_kubernetes_executor.py took 0.072 seconds
[2024-02-27T13:35:19.435+0000] {processor.py:153} INFO - Started process (PID=962) to work on /home/airflow/.local/lib/python3.7/site-packages/airflow/example_dags/example_local_kubernetes_executor.py
[2024-02-27T13:35:19.436+0000] {processor.py:743} INFO - Processing file /home/airflow/.local/lib/python3.7/site-packages/airflow/example_dags/example_local_kubernetes_executor.py for tasks to queue
[2024-02-27T13:35:19.437+0000] {logging_mixin.py:137} INFO - [2024-02-27T13:35:19.437+0000] {dagbag.py:538} INFO - Filling up the DagBag from /home/airflow/.local/lib/python3.7/site-packages/airflow/example_dags/example_local_kubernetes_executor.py
[2024-02-27T13:35:19.458+0000] {processor.py:753} INFO - DAG(s) dict_keys(['example_local_kubernetes_executor']) retrieved from /home/airflow/.local/lib/python3.7/site-packages/airflow/example_dags/example_local_kubernetes_executor.py
[2024-02-27T13:35:19.482+0000] {logging_mixin.py:137} INFO - [2024-02-27T13:35:19.482+0000] {dag.py:2690} INFO - Sync 1 DAGs
[2024-02-27T13:35:19.503+0000] {logging_mixin.py:137} INFO - [2024-02-27T13:35:19.503+0000] {dag.py:3441} INFO - Setting next_dagrun for example_local_kubernetes_executor to None, run_after=None
[2024-02-27T13:35:19.520+0000] {processor.py:175} INFO - Processing /home/airflow/.local/lib/python3.7/site-packages/airflow/example_dags/example_local_kubernetes_executor.py took 0.087 seconds
[2024-02-27T13:35:49.631+0000] {processor.py:153} INFO - Started process (PID=1066) to work on /home/airflow/.local/lib/python3.7/site-packages/airflow/example_dags/example_local_kubernetes_executor.py
[2024-02-27T13:35:49.632+0000] {processor.py:743} INFO - Processing file /home/airflow/.local/lib/python3.7/site-packages/airflow/example_dags/example_local_kubernetes_executor.py for tasks to queue
[2024-02-27T13:35:49.632+0000] {logging_mixin.py:137} INFO - [2024-02-27T13:35:49.632+0000] {dagbag.py:538} INFO - Filling up the DagBag from /home/airflow/.local/lib/python3.7/site-packages/airflow/example_dags/example_local_kubernetes_executor.py
[2024-02-27T13:35:49.649+0000] {processor.py:753} INFO - DAG(s) dict_keys(['example_local_kubernetes_executor']) retrieved from /home/airflow/.local/lib/python3.7/site-packages/airflow/example_dags/example_local_kubernetes_executor.py
[2024-02-27T13:35:49.669+0000] {logging_mixin.py:137} INFO - [2024-02-27T13:35:49.669+0000] {dag.py:2690} INFO - Sync 1 DAGs
[2024-02-27T13:35:49.689+0000] {logging_mixin.py:137} INFO - [2024-02-27T13:35:49.689+0000] {dag.py:3441} INFO - Setting next_dagrun for example_local_kubernetes_executor to None, run_after=None
[2024-02-27T13:35:49.705+0000] {processor.py:175} INFO - Processing /home/airflow/.local/lib/python3.7/site-packages/airflow/example_dags/example_local_kubernetes_executor.py took 0.078 seconds
[2024-02-27T13:36:19.958+0000] {processor.py:153} INFO - Started process (PID=1180) to work on /home/airflow/.local/lib/python3.7/site-packages/airflow/example_dags/example_local_kubernetes_executor.py
[2024-02-27T13:36:19.959+0000] {processor.py:743} INFO - Processing file /home/airflow/.local/lib/python3.7/site-packages/airflow/example_dags/example_local_kubernetes_executor.py for tasks to queue
[2024-02-27T13:36:19.961+0000] {logging_mixin.py:137} INFO - [2024-02-27T13:36:19.961+0000] {dagbag.py:538} INFO - Filling up the DagBag from /home/airflow/.local/lib/python3.7/site-packages/airflow/example_dags/example_local_kubernetes_executor.py
[2024-02-27T13:36:19.984+0000] {processor.py:753} INFO - DAG(s) dict_keys(['example_local_kubernetes_executor']) retrieved from /home/airflow/.local/lib/python3.7/site-packages/airflow/example_dags/example_local_kubernetes_executor.py
[2024-02-27T13:36:20.013+0000] {logging_mixin.py:137} INFO - [2024-02-27T13:36:20.013+0000] {dag.py:2690} INFO - Sync 1 DAGs
[2024-02-27T13:36:20.038+0000] {logging_mixin.py:137} INFO - [2024-02-27T13:36:20.038+0000] {dag.py:3441} INFO - Setting next_dagrun for example_local_kubernetes_executor to None, run_after=None
[2024-02-27T13:36:20.059+0000] {processor.py:175} INFO - Processing /home/airflow/.local/lib/python3.7/site-packages/airflow/example_dags/example_local_kubernetes_executor.py took 0.104 seconds
[2024-02-27T13:36:50.189+0000] {processor.py:153} INFO - Started process (PID=1303) to work on /home/airflow/.local/lib/python3.7/site-packages/airflow/example_dags/example_local_kubernetes_executor.py
[2024-02-27T13:36:50.190+0000] {processor.py:743} INFO - Processing file /home/airflow/.local/lib/python3.7/site-packages/airflow/example_dags/example_local_kubernetes_executor.py for tasks to queue
[2024-02-27T13:36:50.191+0000] {logging_mixin.py:137} INFO - [2024-02-27T13:36:50.191+0000] {dagbag.py:538} INFO - Filling up the DagBag from /home/airflow/.local/lib/python3.7/site-packages/airflow/example_dags/example_local_kubernetes_executor.py
[2024-02-27T13:36:50.208+0000] {processor.py:753} INFO - DAG(s) dict_keys(['example_local_kubernetes_executor']) retrieved from /home/airflow/.local/lib/python3.7/site-packages/airflow/example_dags/example_local_kubernetes_executor.py
[2024-02-27T13:36:50.228+0000] {logging_mixin.py:137} INFO - [2024-02-27T13:36:50.228+0000] {dag.py:2690} INFO - Sync 1 DAGs
[2024-02-27T13:36:50.245+0000] {logging_mixin.py:137} INFO - [2024-02-27T13:36:50.245+0000] {dag.py:3441} INFO - Setting next_dagrun for example_local_kubernetes_executor to None, run_after=None
[2024-02-27T13:36:50.259+0000] {processor.py:175} INFO - Processing /home/airflow/.local/lib/python3.7/site-packages/airflow/example_dags/example_local_kubernetes_executor.py took 0.072 seconds
[2024-02-27T13:37:20.349+0000] {processor.py:153} INFO - Started process (PID=1398) to work on /home/airflow/.local/lib/python3.7/site-packages/airflow/example_dags/example_local_kubernetes_executor.py
[2024-02-27T13:37:20.350+0000] {processor.py:743} INFO - Processing file /home/airflow/.local/lib/python3.7/site-packages/airflow/example_dags/example_local_kubernetes_executor.py for tasks to queue
[2024-02-27T13:37:20.350+0000] {logging_mixin.py:137} INFO - [2024-02-27T13:37:20.350+0000] {dagbag.py:538} INFO - Filling up the DagBag from /home/airflow/.local/lib/python3.7/site-packages/airflow/example_dags/example_local_kubernetes_executor.py
[2024-02-27T13:37:20.367+0000] {processor.py:753} INFO - DAG(s) dict_keys(['example_local_kubernetes_executor']) retrieved from /home/airflow/.local/lib/python3.7/site-packages/airflow/example_dags/example_local_kubernetes_executor.py
[2024-02-27T13:37:20.387+0000] {logging_mixin.py:137} INFO - [2024-02-27T13:37:20.387+0000] {dag.py:2690} INFO - Sync 1 DAGs
[2024-02-27T13:37:20.405+0000] {logging_mixin.py:137} INFO - [2024-02-27T13:37:20.405+0000] {dag.py:3441} INFO - Setting next_dagrun for example_local_kubernetes_executor to None, run_after=None
[2024-02-27T13:37:20.420+0000] {processor.py:175} INFO - Processing /home/airflow/.local/lib/python3.7/site-packages/airflow/example_dags/example_local_kubernetes_executor.py took 0.074 seconds
[2024-02-27T13:37:50.771+0000] {processor.py:153} INFO - Started process (PID=1523) to work on /home/airflow/.local/lib/python3.7/site-packages/airflow/example_dags/example_local_kubernetes_executor.py
[2024-02-27T13:37:50.772+0000] {processor.py:743} INFO - Processing file /home/airflow/.local/lib/python3.7/site-packages/airflow/example_dags/example_local_kubernetes_executor.py for tasks to queue
[2024-02-27T13:37:50.773+0000] {logging_mixin.py:137} INFO - [2024-02-27T13:37:50.773+0000] {dagbag.py:538} INFO - Filling up the DagBag from /home/airflow/.local/lib/python3.7/site-packages/airflow/example_dags/example_local_kubernetes_executor.py
[2024-02-27T13:37:50.789+0000] {processor.py:753} INFO - DAG(s) dict_keys(['example_local_kubernetes_executor']) retrieved from /home/airflow/.local/lib/python3.7/site-packages/airflow/example_dags/example_local_kubernetes_executor.py
[2024-02-27T13:37:50.809+0000] {logging_mixin.py:137} INFO - [2024-02-27T13:37:50.808+0000] {dag.py:2690} INFO - Sync 1 DAGs
[2024-02-27T13:37:50.826+0000] {logging_mixin.py:137} INFO - [2024-02-27T13:37:50.826+0000] {dag.py:3441} INFO - Setting next_dagrun for example_local_kubernetes_executor to None, run_after=None
[2024-02-27T13:37:50.840+0000] {processor.py:175} INFO - Processing /home/airflow/.local/lib/python3.7/site-packages/airflow/example_dags/example_local_kubernetes_executor.py took 0.072 seconds
[2024-02-27T13:38:20.962+0000] {processor.py:153} INFO - Started process (PID=1618) to work on /home/airflow/.local/lib/python3.7/site-packages/airflow/example_dags/example_local_kubernetes_executor.py
[2024-02-27T13:38:20.963+0000] {processor.py:743} INFO - Processing file /home/airflow/.local/lib/python3.7/site-packages/airflow/example_dags/example_local_kubernetes_executor.py for tasks to queue
[2024-02-27T13:38:20.965+0000] {logging_mixin.py:137} INFO - [2024-02-27T13:38:20.964+0000] {dagbag.py:538} INFO - Filling up the DagBag from /home/airflow/.local/lib/python3.7/site-packages/airflow/example_dags/example_local_kubernetes_executor.py
[2024-02-27T13:38:20.980+0000] {processor.py:753} INFO - DAG(s) dict_keys(['example_local_kubernetes_executor']) retrieved from /home/airflow/.local/lib/python3.7/site-packages/airflow/example_dags/example_local_kubernetes_executor.py
[2024-02-27T13:38:21.000+0000] {logging_mixin.py:137} INFO - [2024-02-27T13:38:21.000+0000] {dag.py:2690} INFO - Sync 1 DAGs
[2024-02-27T13:38:21.020+0000] {logging_mixin.py:137} INFO - [2024-02-27T13:38:21.019+0000] {dag.py:3441} INFO - Setting next_dagrun for example_local_kubernetes_executor to None, run_after=None
[2024-02-27T13:38:21.034+0000] {processor.py:175} INFO - Processing /home/airflow/.local/lib/python3.7/site-packages/airflow/example_dags/example_local_kubernetes_executor.py took 0.074 seconds
[2024-02-27T13:38:51.390+0000] {processor.py:153} INFO - Started process (PID=1741) to work on /home/airflow/.local/lib/python3.7/site-packages/airflow/example_dags/example_local_kubernetes_executor.py
[2024-02-27T13:38:51.391+0000] {processor.py:743} INFO - Processing file /home/airflow/.local/lib/python3.7/site-packages/airflow/example_dags/example_local_kubernetes_executor.py for tasks to queue
[2024-02-27T13:38:51.392+0000] {logging_mixin.py:137} INFO - [2024-02-27T13:38:51.392+0000] {dagbag.py:538} INFO - Filling up the DagBag from /home/airflow/.local/lib/python3.7/site-packages/airflow/example_dags/example_local_kubernetes_executor.py
[2024-02-27T13:38:51.406+0000] {processor.py:753} INFO - DAG(s) dict_keys(['example_local_kubernetes_executor']) retrieved from /home/airflow/.local/lib/python3.7/site-packages/airflow/example_dags/example_local_kubernetes_executor.py
[2024-02-27T13:38:51.426+0000] {logging_mixin.py:137} INFO - [2024-02-27T13:38:51.426+0000] {dag.py:2690} INFO - Sync 1 DAGs
[2024-02-27T13:38:51.445+0000] {logging_mixin.py:137} INFO - [2024-02-27T13:38:51.445+0000] {dag.py:3441} INFO - Setting next_dagrun for example_local_kubernetes_executor to None, run_after=None
[2024-02-27T13:38:51.461+0000] {processor.py:175} INFO - Processing /home/airflow/.local/lib/python3.7/site-packages/airflow/example_dags/example_local_kubernetes_executor.py took 0.074 seconds
[2024-02-27T13:39:22.341+0000] {processor.py:153} INFO - Started process (PID=1864) to work on /home/airflow/.local/lib/python3.7/site-packages/airflow/example_dags/example_local_kubernetes_executor.py
[2024-02-27T13:39:22.342+0000] {processor.py:743} INFO - Processing file /home/airflow/.local/lib/python3.7/site-packages/airflow/example_dags/example_local_kubernetes_executor.py for tasks to queue
[2024-02-27T13:39:22.343+0000] {logging_mixin.py:137} INFO - [2024-02-27T13:39:22.343+0000] {dagbag.py:538} INFO - Filling up the DagBag from /home/airflow/.local/lib/python3.7/site-packages/airflow/example_dags/example_local_kubernetes_executor.py
[2024-02-27T13:39:22.359+0000] {processor.py:753} INFO - DAG(s) dict_keys(['example_local_kubernetes_executor']) retrieved from /home/airflow/.local/lib/python3.7/site-packages/airflow/example_dags/example_local_kubernetes_executor.py
[2024-02-27T13:39:22.380+0000] {logging_mixin.py:137} INFO - [2024-02-27T13:39:22.380+0000] {dag.py:2690} INFO - Sync 1 DAGs
[2024-02-27T13:39:22.398+0000] {logging_mixin.py:137} INFO - [2024-02-27T13:39:22.398+0000] {dag.py:3441} INFO - Setting next_dagrun for example_local_kubernetes_executor to None, run_after=None
[2024-02-27T13:39:22.412+0000] {processor.py:175} INFO - Processing /home/airflow/.local/lib/python3.7/site-packages/airflow/example_dags/example_local_kubernetes_executor.py took 0.073 seconds
[2024-02-27T13:39:53.055+0000] {processor.py:153} INFO - Started process (PID=1959) to work on /home/airflow/.local/lib/python3.7/site-packages/airflow/example_dags/example_local_kubernetes_executor.py
[2024-02-27T13:39:53.056+0000] {processor.py:743} INFO - Processing file /home/airflow/.local/lib/python3.7/site-packages/airflow/example_dags/example_local_kubernetes_executor.py for tasks to queue
[2024-02-27T13:39:53.057+0000] {logging_mixin.py:137} INFO - [2024-02-27T13:39:53.057+0000] {dagbag.py:538} INFO - Filling up the DagBag from /home/airflow/.local/lib/python3.7/site-packages/airflow/example_dags/example_local_kubernetes_executor.py
[2024-02-27T13:39:53.074+0000] {processor.py:753} INFO - DAG(s) dict_keys(['example_local_kubernetes_executor']) retrieved from /home/airflow/.local/lib/python3.7/site-packages/airflow/example_dags/example_local_kubernetes_executor.py
[2024-02-27T13:39:53.096+0000] {logging_mixin.py:137} INFO - [2024-02-27T13:39:53.096+0000] {dag.py:2690} INFO - Sync 1 DAGs
[2024-02-27T13:39:53.115+0000] {logging_mixin.py:137} INFO - [2024-02-27T13:39:53.115+0000] {dag.py:3441} INFO - Setting next_dagrun for example_local_kubernetes_executor to None, run_after=None
[2024-02-27T13:39:53.131+0000] {processor.py:175} INFO - Processing /home/airflow/.local/lib/python3.7/site-packages/airflow/example_dags/example_local_kubernetes_executor.py took 0.077 seconds
[2024-02-27T13:40:23.325+0000] {processor.py:153} INFO - Started process (PID=2083) to work on /home/airflow/.local/lib/python3.7/site-packages/airflow/example_dags/example_local_kubernetes_executor.py
[2024-02-27T13:40:23.326+0000] {processor.py:743} INFO - Processing file /home/airflow/.local/lib/python3.7/site-packages/airflow/example_dags/example_local_kubernetes_executor.py for tasks to queue
[2024-02-27T13:40:23.326+0000] {logging_mixin.py:137} INFO - [2024-02-27T13:40:23.326+0000] {dagbag.py:538} INFO - Filling up the DagBag from /home/airflow/.local/lib/python3.7/site-packages/airflow/example_dags/example_local_kubernetes_executor.py
[2024-02-27T13:40:23.344+0000] {processor.py:753} INFO - DAG(s) dict_keys(['example_local_kubernetes_executor']) retrieved from /home/airflow/.local/lib/python3.7/site-packages/airflow/example_dags/example_local_kubernetes_executor.py
[2024-02-27T13:40:23.369+0000] {logging_mixin.py:137} INFO - [2024-02-27T13:40:23.368+0000] {dag.py:2690} INFO - Sync 1 DAGs
[2024-02-27T13:40:23.395+0000] {logging_mixin.py:137} INFO - [2024-02-27T13:40:23.395+0000] {dag.py:3441} INFO - Setting next_dagrun for example_local_kubernetes_executor to None, run_after=None
[2024-02-27T13:40:23.411+0000] {processor.py:175} INFO - Processing /home/airflow/.local/lib/python3.7/site-packages/airflow/example_dags/example_local_kubernetes_executor.py took 0.089 seconds
[2024-02-27T13:40:54.078+0000] {processor.py:153} INFO - Started process (PID=2178) to work on /home/airflow/.local/lib/python3.7/site-packages/airflow/example_dags/example_local_kubernetes_executor.py
[2024-02-27T13:40:54.101+0000] {processor.py:743} INFO - Processing file /home/airflow/.local/lib/python3.7/site-packages/airflow/example_dags/example_local_kubernetes_executor.py for tasks to queue
[2024-02-27T13:40:54.103+0000] {logging_mixin.py:137} INFO - [2024-02-27T13:40:54.103+0000] {dagbag.py:538} INFO - Filling up the DagBag from /home/airflow/.local/lib/python3.7/site-packages/airflow/example_dags/example_local_kubernetes_executor.py
[2024-02-27T13:40:54.119+0000] {processor.py:753} INFO - DAG(s) dict_keys(['example_local_kubernetes_executor']) retrieved from /home/airflow/.local/lib/python3.7/site-packages/airflow/example_dags/example_local_kubernetes_executor.py
[2024-02-27T13:40:54.140+0000] {logging_mixin.py:137} INFO - [2024-02-27T13:40:54.140+0000] {dag.py:2690} INFO - Sync 1 DAGs
[2024-02-27T13:40:54.158+0000] {logging_mixin.py:137} INFO - [2024-02-27T13:40:54.158+0000] {dag.py:3441} INFO - Setting next_dagrun for example_local_kubernetes_executor to None, run_after=None
[2024-02-27T13:40:54.174+0000] {processor.py:175} INFO - Processing /home/airflow/.local/lib/python3.7/site-packages/airflow/example_dags/example_local_kubernetes_executor.py took 0.098 seconds
[2024-02-27T13:41:24.774+0000] {processor.py:153} INFO - Started process (PID=2301) to work on /home/airflow/.local/lib/python3.7/site-packages/airflow/example_dags/example_local_kubernetes_executor.py
[2024-02-27T13:41:24.775+0000] {processor.py:743} INFO - Processing file /home/airflow/.local/lib/python3.7/site-packages/airflow/example_dags/example_local_kubernetes_executor.py for tasks to queue
[2024-02-27T13:41:24.776+0000] {logging_mixin.py:137} INFO - [2024-02-27T13:41:24.775+0000] {dagbag.py:538} INFO - Filling up the DagBag from /home/airflow/.local/lib/python3.7/site-packages/airflow/example_dags/example_local_kubernetes_executor.py
[2024-02-27T13:41:24.791+0000] {processor.py:753} INFO - DAG(s) dict_keys(['example_local_kubernetes_executor']) retrieved from /home/airflow/.local/lib/python3.7/site-packages/airflow/example_dags/example_local_kubernetes_executor.py
[2024-02-27T13:41:24.810+0000] {logging_mixin.py:137} INFO - [2024-02-27T13:41:24.810+0000] {dag.py:2690} INFO - Sync 1 DAGs
[2024-02-27T13:41:24.829+0000] {logging_mixin.py:137} INFO - [2024-02-27T13:41:24.829+0000] {dag.py:3441} INFO - Setting next_dagrun for example_local_kubernetes_executor to None, run_after=None
[2024-02-27T13:41:24.844+0000] {processor.py:175} INFO - Processing /home/airflow/.local/lib/python3.7/site-packages/airflow/example_dags/example_local_kubernetes_executor.py took 0.072 seconds
