[2024-02-27T13:31:18.076+0000] {processor.py:153} INFO - Started process (PID=104) to work on /home/airflow/.local/lib/python3.7/site-packages/airflow/example_dags/example_branch_labels.py
[2024-02-27T13:31:18.077+0000] {processor.py:743} INFO - Processing file /home/airflow/.local/lib/python3.7/site-packages/airflow/example_dags/example_branch_labels.py for tasks to queue
[2024-02-27T13:31:18.079+0000] {logging_mixin.py:137} INFO - [2024-02-27T13:31:18.079+0000] {dagbag.py:538} INFO - Filling up the DagBag from /home/airflow/.local/lib/python3.7/site-packages/airflow/example_dags/example_branch_labels.py
[2024-02-27T13:31:18.091+0000] {processor.py:753} INFO - DAG(s) dict_keys(['example_branch_labels']) retrieved from /home/airflow/.local/lib/python3.7/site-packages/airflow/example_dags/example_branch_labels.py
[2024-02-27T13:31:18.198+0000] {logging_mixin.py:137} INFO - [2024-02-27T13:31:18.197+0000] {manager.py:504} INFO - Created Permission View: can edit on DAG:example_branch_labels
[2024-02-27T13:31:18.262+0000] {logging_mixin.py:137} INFO - [2024-02-27T13:31:18.262+0000] {manager.py:504} INFO - Created Permission View: can delete on DAG:example_branch_labels
[2024-02-27T13:31:18.287+0000] {logging_mixin.py:137} INFO - [2024-02-27T13:31:18.287+0000] {manager.py:504} INFO - Created Permission View: can read on DAG:example_branch_labels
[2024-02-27T13:31:18.287+0000] {logging_mixin.py:137} INFO - [2024-02-27T13:31:18.287+0000] {dag.py:2690} INFO - Sync 1 DAGs
[2024-02-27T13:31:18.322+0000] {logging_mixin.py:137} INFO - [2024-02-27T13:31:18.322+0000] {dag.py:2711} INFO - Creating ORM DAG for example_branch_labels
[2024-02-27T13:31:18.334+0000] {logging_mixin.py:137} INFO - [2024-02-27T13:31:18.334+0000] {dag.py:3441} INFO - Setting next_dagrun for example_branch_labels to 2024-02-26T00:00:00+00:00, run_after=2024-02-27T00:00:00+00:00
[2024-02-27T13:31:18.375+0000] {processor.py:175} INFO - Processing /home/airflow/.local/lib/python3.7/site-packages/airflow/example_dags/example_branch_labels.py took 0.301 seconds
[2024-02-27T13:31:49.365+0000] {processor.py:153} INFO - Started process (PID=199) to work on /home/airflow/.local/lib/python3.7/site-packages/airflow/example_dags/example_branch_labels.py
[2024-02-27T13:31:49.366+0000] {processor.py:743} INFO - Processing file /home/airflow/.local/lib/python3.7/site-packages/airflow/example_dags/example_branch_labels.py for tasks to queue
[2024-02-27T13:31:49.367+0000] {logging_mixin.py:137} INFO - [2024-02-27T13:31:49.367+0000] {dagbag.py:538} INFO - Filling up the DagBag from /home/airflow/.local/lib/python3.7/site-packages/airflow/example_dags/example_branch_labels.py
[2024-02-27T13:31:49.383+0000] {processor.py:753} INFO - DAG(s) dict_keys(['example_branch_labels']) retrieved from /home/airflow/.local/lib/python3.7/site-packages/airflow/example_dags/example_branch_labels.py
[2024-02-27T13:31:49.404+0000] {logging_mixin.py:137} INFO - [2024-02-27T13:31:49.404+0000] {dag.py:2690} INFO - Sync 1 DAGs
[2024-02-27T13:31:49.426+0000] {logging_mixin.py:137} INFO - [2024-02-27T13:31:49.425+0000] {dag.py:3441} INFO - Setting next_dagrun for example_branch_labels to 2024-02-26T00:00:00+00:00, run_after=2024-02-27T00:00:00+00:00
[2024-02-27T13:31:49.443+0000] {processor.py:175} INFO - Processing /home/airflow/.local/lib/python3.7/site-packages/airflow/example_dags/example_branch_labels.py took 0.081 seconds
[2024-02-27T13:32:19.750+0000] {processor.py:153} INFO - Started process (PID=322) to work on /home/airflow/.local/lib/python3.7/site-packages/airflow/example_dags/example_branch_labels.py
[2024-02-27T13:32:19.752+0000] {processor.py:743} INFO - Processing file /home/airflow/.local/lib/python3.7/site-packages/airflow/example_dags/example_branch_labels.py for tasks to queue
[2024-02-27T13:32:19.753+0000] {logging_mixin.py:137} INFO - [2024-02-27T13:32:19.753+0000] {dagbag.py:538} INFO - Filling up the DagBag from /home/airflow/.local/lib/python3.7/site-packages/airflow/example_dags/example_branch_labels.py
[2024-02-27T13:32:19.763+0000] {processor.py:753} INFO - DAG(s) dict_keys(['example_branch_labels']) retrieved from /home/airflow/.local/lib/python3.7/site-packages/airflow/example_dags/example_branch_labels.py
[2024-02-27T13:32:19.794+0000] {logging_mixin.py:137} INFO - [2024-02-27T13:32:19.794+0000] {dag.py:2690} INFO - Sync 1 DAGs
[2024-02-27T13:32:19.817+0000] {logging_mixin.py:137} INFO - [2024-02-27T13:32:19.817+0000] {dag.py:3441} INFO - Setting next_dagrun for example_branch_labels to 2024-02-26T00:00:00+00:00, run_after=2024-02-27T00:00:00+00:00
[2024-02-27T13:32:19.835+0000] {processor.py:175} INFO - Processing /home/airflow/.local/lib/python3.7/site-packages/airflow/example_dags/example_branch_labels.py took 0.087 seconds
[2024-02-27T13:32:50.236+0000] {processor.py:153} INFO - Started process (PID=416) to work on /home/airflow/.local/lib/python3.7/site-packages/airflow/example_dags/example_branch_labels.py
[2024-02-27T13:32:50.236+0000] {processor.py:743} INFO - Processing file /home/airflow/.local/lib/python3.7/site-packages/airflow/example_dags/example_branch_labels.py for tasks to queue
[2024-02-27T13:32:50.237+0000] {logging_mixin.py:137} INFO - [2024-02-27T13:32:50.237+0000] {dagbag.py:538} INFO - Filling up the DagBag from /home/airflow/.local/lib/python3.7/site-packages/airflow/example_dags/example_branch_labels.py
[2024-02-27T13:32:50.247+0000] {processor.py:753} INFO - DAG(s) dict_keys(['example_branch_labels']) retrieved from /home/airflow/.local/lib/python3.7/site-packages/airflow/example_dags/example_branch_labels.py
[2024-02-27T13:32:50.265+0000] {logging_mixin.py:137} INFO - [2024-02-27T13:32:50.265+0000] {dag.py:2690} INFO - Sync 1 DAGs
[2024-02-27T13:32:50.283+0000] {logging_mixin.py:137} INFO - [2024-02-27T13:32:50.283+0000] {dag.py:3441} INFO - Setting next_dagrun for example_branch_labels to 2024-02-26T00:00:00+00:00, run_after=2024-02-27T00:00:00+00:00
[2024-02-27T13:32:50.298+0000] {processor.py:175} INFO - Processing /home/airflow/.local/lib/python3.7/site-packages/airflow/example_dags/example_branch_labels.py took 0.065 seconds
[2024-02-27T13:33:20.581+0000] {processor.py:153} INFO - Started process (PID=539) to work on /home/airflow/.local/lib/python3.7/site-packages/airflow/example_dags/example_branch_labels.py
[2024-02-27T13:33:20.581+0000] {processor.py:743} INFO - Processing file /home/airflow/.local/lib/python3.7/site-packages/airflow/example_dags/example_branch_labels.py for tasks to queue
[2024-02-27T13:33:20.582+0000] {logging_mixin.py:137} INFO - [2024-02-27T13:33:20.582+0000] {dagbag.py:538} INFO - Filling up the DagBag from /home/airflow/.local/lib/python3.7/site-packages/airflow/example_dags/example_branch_labels.py
[2024-02-27T13:33:20.592+0000] {processor.py:753} INFO - DAG(s) dict_keys(['example_branch_labels']) retrieved from /home/airflow/.local/lib/python3.7/site-packages/airflow/example_dags/example_branch_labels.py
[2024-02-27T13:33:20.611+0000] {logging_mixin.py:137} INFO - [2024-02-27T13:33:20.611+0000] {dag.py:2690} INFO - Sync 1 DAGs
[2024-02-27T13:33:20.628+0000] {logging_mixin.py:137} INFO - [2024-02-27T13:33:20.628+0000] {dag.py:3441} INFO - Setting next_dagrun for example_branch_labels to 2024-02-26T00:00:00+00:00, run_after=2024-02-27T00:00:00+00:00
[2024-02-27T13:33:20.644+0000] {processor.py:175} INFO - Processing /home/airflow/.local/lib/python3.7/site-packages/airflow/example_dags/example_branch_labels.py took 0.066 seconds
[2024-02-27T13:33:50.955+0000] {processor.py:153} INFO - Started process (PID=633) to work on /home/airflow/.local/lib/python3.7/site-packages/airflow/example_dags/example_branch_labels.py
[2024-02-27T13:33:50.956+0000] {processor.py:743} INFO - Processing file /home/airflow/.local/lib/python3.7/site-packages/airflow/example_dags/example_branch_labels.py for tasks to queue
[2024-02-27T13:33:50.957+0000] {logging_mixin.py:137} INFO - [2024-02-27T13:33:50.957+0000] {dagbag.py:538} INFO - Filling up the DagBag from /home/airflow/.local/lib/python3.7/site-packages/airflow/example_dags/example_branch_labels.py
[2024-02-27T13:33:50.967+0000] {processor.py:753} INFO - DAG(s) dict_keys(['example_branch_labels']) retrieved from /home/airflow/.local/lib/python3.7/site-packages/airflow/example_dags/example_branch_labels.py
[2024-02-27T13:33:50.985+0000] {logging_mixin.py:137} INFO - [2024-02-27T13:33:50.985+0000] {dag.py:2690} INFO - Sync 1 DAGs
[2024-02-27T13:33:51.003+0000] {logging_mixin.py:137} INFO - [2024-02-27T13:33:51.003+0000] {dag.py:3441} INFO - Setting next_dagrun for example_branch_labels to 2024-02-26T00:00:00+00:00, run_after=2024-02-27T00:00:00+00:00
[2024-02-27T13:33:51.019+0000] {processor.py:175} INFO - Processing /home/airflow/.local/lib/python3.7/site-packages/airflow/example_dags/example_branch_labels.py took 0.066 seconds
[2024-02-27T13:34:21.303+0000] {processor.py:153} INFO - Started process (PID=756) to work on /home/airflow/.local/lib/python3.7/site-packages/airflow/example_dags/example_branch_labels.py
[2024-02-27T13:34:21.305+0000] {processor.py:743} INFO - Processing file /home/airflow/.local/lib/python3.7/site-packages/airflow/example_dags/example_branch_labels.py for tasks to queue
[2024-02-27T13:34:21.306+0000] {logging_mixin.py:137} INFO - [2024-02-27T13:34:21.306+0000] {dagbag.py:538} INFO - Filling up the DagBag from /home/airflow/.local/lib/python3.7/site-packages/airflow/example_dags/example_branch_labels.py
[2024-02-27T13:34:21.319+0000] {processor.py:753} INFO - DAG(s) dict_keys(['example_branch_labels']) retrieved from /home/airflow/.local/lib/python3.7/site-packages/airflow/example_dags/example_branch_labels.py
[2024-02-27T13:34:21.339+0000] {logging_mixin.py:137} INFO - [2024-02-27T13:34:21.339+0000] {dag.py:2690} INFO - Sync 1 DAGs
[2024-02-27T13:34:21.360+0000] {logging_mixin.py:137} INFO - [2024-02-27T13:34:21.360+0000] {dag.py:3441} INFO - Setting next_dagrun for example_branch_labels to 2024-02-26T00:00:00+00:00, run_after=2024-02-27T00:00:00+00:00
[2024-02-27T13:34:21.378+0000] {processor.py:175} INFO - Processing /home/airflow/.local/lib/python3.7/site-packages/airflow/example_dags/example_branch_labels.py took 0.080 seconds
[2024-02-27T13:34:51.905+0000] {processor.py:153} INFO - Started process (PID=880) to work on /home/airflow/.local/lib/python3.7/site-packages/airflow/example_dags/example_branch_labels.py
[2024-02-27T13:34:51.906+0000] {processor.py:743} INFO - Processing file /home/airflow/.local/lib/python3.7/site-packages/airflow/example_dags/example_branch_labels.py for tasks to queue
[2024-02-27T13:34:51.907+0000] {logging_mixin.py:137} INFO - [2024-02-27T13:34:51.907+0000] {dagbag.py:538} INFO - Filling up the DagBag from /home/airflow/.local/lib/python3.7/site-packages/airflow/example_dags/example_branch_labels.py
[2024-02-27T13:34:51.920+0000] {processor.py:753} INFO - DAG(s) dict_keys(['example_branch_labels']) retrieved from /home/airflow/.local/lib/python3.7/site-packages/airflow/example_dags/example_branch_labels.py
[2024-02-27T13:34:51.939+0000] {logging_mixin.py:137} INFO - [2024-02-27T13:34:51.939+0000] {dag.py:2690} INFO - Sync 1 DAGs
[2024-02-27T13:34:51.959+0000] {logging_mixin.py:137} INFO - [2024-02-27T13:34:51.958+0000] {dag.py:3441} INFO - Setting next_dagrun for example_branch_labels to 2024-02-26T00:00:00+00:00, run_after=2024-02-27T00:00:00+00:00
[2024-02-27T13:34:51.973+0000] {processor.py:175} INFO - Processing /home/airflow/.local/lib/python3.7/site-packages/airflow/example_dags/example_branch_labels.py took 0.071 seconds
[2024-02-27T13:35:22.104+0000] {processor.py:153} INFO - Started process (PID=975) to work on /home/airflow/.local/lib/python3.7/site-packages/airflow/example_dags/example_branch_labels.py
[2024-02-27T13:35:22.105+0000] {processor.py:743} INFO - Processing file /home/airflow/.local/lib/python3.7/site-packages/airflow/example_dags/example_branch_labels.py for tasks to queue
[2024-02-27T13:35:22.106+0000] {logging_mixin.py:137} INFO - [2024-02-27T13:35:22.106+0000] {dagbag.py:538} INFO - Filling up the DagBag from /home/airflow/.local/lib/python3.7/site-packages/airflow/example_dags/example_branch_labels.py
[2024-02-27T13:35:22.116+0000] {processor.py:753} INFO - DAG(s) dict_keys(['example_branch_labels']) retrieved from /home/airflow/.local/lib/python3.7/site-packages/airflow/example_dags/example_branch_labels.py
[2024-02-27T13:35:22.143+0000] {logging_mixin.py:137} INFO - [2024-02-27T13:35:22.143+0000] {dag.py:2690} INFO - Sync 1 DAGs
[2024-02-27T13:35:22.176+0000] {logging_mixin.py:137} INFO - [2024-02-27T13:35:22.175+0000] {dag.py:3441} INFO - Setting next_dagrun for example_branch_labels to 2024-02-26T00:00:00+00:00, run_after=2024-02-27T00:00:00+00:00
[2024-02-27T13:35:22.204+0000] {processor.py:175} INFO - Processing /home/airflow/.local/lib/python3.7/site-packages/airflow/example_dags/example_branch_labels.py took 0.102 seconds
[2024-02-27T13:35:52.332+0000] {processor.py:153} INFO - Started process (PID=1098) to work on /home/airflow/.local/lib/python3.7/site-packages/airflow/example_dags/example_branch_labels.py
[2024-02-27T13:35:52.333+0000] {processor.py:743} INFO - Processing file /home/airflow/.local/lib/python3.7/site-packages/airflow/example_dags/example_branch_labels.py for tasks to queue
[2024-02-27T13:35:52.334+0000] {logging_mixin.py:137} INFO - [2024-02-27T13:35:52.334+0000] {dagbag.py:538} INFO - Filling up the DagBag from /home/airflow/.local/lib/python3.7/site-packages/airflow/example_dags/example_branch_labels.py
[2024-02-27T13:35:52.345+0000] {processor.py:753} INFO - DAG(s) dict_keys(['example_branch_labels']) retrieved from /home/airflow/.local/lib/python3.7/site-packages/airflow/example_dags/example_branch_labels.py
[2024-02-27T13:35:52.365+0000] {logging_mixin.py:137} INFO - [2024-02-27T13:35:52.364+0000] {dag.py:2690} INFO - Sync 1 DAGs
[2024-02-27T13:35:52.384+0000] {logging_mixin.py:137} INFO - [2024-02-27T13:35:52.384+0000] {dag.py:3441} INFO - Setting next_dagrun for example_branch_labels to 2024-02-26T00:00:00+00:00, run_after=2024-02-27T00:00:00+00:00
[2024-02-27T13:35:52.400+0000] {processor.py:175} INFO - Processing /home/airflow/.local/lib/python3.7/site-packages/airflow/example_dags/example_branch_labels.py took 0.072 seconds
[2024-02-27T13:36:22.567+0000] {processor.py:153} INFO - Started process (PID=1193) to work on /home/airflow/.local/lib/python3.7/site-packages/airflow/example_dags/example_branch_labels.py
[2024-02-27T13:36:22.569+0000] {processor.py:743} INFO - Processing file /home/airflow/.local/lib/python3.7/site-packages/airflow/example_dags/example_branch_labels.py for tasks to queue
[2024-02-27T13:36:22.570+0000] {logging_mixin.py:137} INFO - [2024-02-27T13:36:22.570+0000] {dagbag.py:538} INFO - Filling up the DagBag from /home/airflow/.local/lib/python3.7/site-packages/airflow/example_dags/example_branch_labels.py
[2024-02-27T13:36:22.584+0000] {processor.py:753} INFO - DAG(s) dict_keys(['example_branch_labels']) retrieved from /home/airflow/.local/lib/python3.7/site-packages/airflow/example_dags/example_branch_labels.py
[2024-02-27T13:36:22.612+0000] {logging_mixin.py:137} INFO - [2024-02-27T13:36:22.611+0000] {dag.py:2690} INFO - Sync 1 DAGs
[2024-02-27T13:36:22.638+0000] {logging_mixin.py:137} INFO - [2024-02-27T13:36:22.638+0000] {dag.py:3441} INFO - Setting next_dagrun for example_branch_labels to 2024-02-26T00:00:00+00:00, run_after=2024-02-27T00:00:00+00:00
[2024-02-27T13:36:22.659+0000] {processor.py:175} INFO - Processing /home/airflow/.local/lib/python3.7/site-packages/airflow/example_dags/example_branch_labels.py took 0.096 seconds
[2024-02-27T13:36:52.837+0000] {processor.py:153} INFO - Started process (PID=1316) to work on /home/airflow/.local/lib/python3.7/site-packages/airflow/example_dags/example_branch_labels.py
[2024-02-27T13:36:52.838+0000] {processor.py:743} INFO - Processing file /home/airflow/.local/lib/python3.7/site-packages/airflow/example_dags/example_branch_labels.py for tasks to queue
[2024-02-27T13:36:52.839+0000] {logging_mixin.py:137} INFO - [2024-02-27T13:36:52.839+0000] {dagbag.py:538} INFO - Filling up the DagBag from /home/airflow/.local/lib/python3.7/site-packages/airflow/example_dags/example_branch_labels.py
[2024-02-27T13:36:52.851+0000] {processor.py:753} INFO - DAG(s) dict_keys(['example_branch_labels']) retrieved from /home/airflow/.local/lib/python3.7/site-packages/airflow/example_dags/example_branch_labels.py
[2024-02-27T13:36:52.872+0000] {logging_mixin.py:137} INFO - [2024-02-27T13:36:52.872+0000] {dag.py:2690} INFO - Sync 1 DAGs
[2024-02-27T13:36:52.894+0000] {logging_mixin.py:137} INFO - [2024-02-27T13:36:52.894+0000] {dag.py:3441} INFO - Setting next_dagrun for example_branch_labels to 2024-02-26T00:00:00+00:00, run_after=2024-02-27T00:00:00+00:00
[2024-02-27T13:36:52.911+0000] {processor.py:175} INFO - Processing /home/airflow/.local/lib/python3.7/site-packages/airflow/example_dags/example_branch_labels.py took 0.076 seconds
[2024-02-27T13:37:23.206+0000] {processor.py:153} INFO - Started process (PID=1411) to work on /home/airflow/.local/lib/python3.7/site-packages/airflow/example_dags/example_branch_labels.py
[2024-02-27T13:37:23.206+0000] {processor.py:743} INFO - Processing file /home/airflow/.local/lib/python3.7/site-packages/airflow/example_dags/example_branch_labels.py for tasks to queue
[2024-02-27T13:37:23.207+0000] {logging_mixin.py:137} INFO - [2024-02-27T13:37:23.207+0000] {dagbag.py:538} INFO - Filling up the DagBag from /home/airflow/.local/lib/python3.7/site-packages/airflow/example_dags/example_branch_labels.py
[2024-02-27T13:37:23.217+0000] {processor.py:753} INFO - DAG(s) dict_keys(['example_branch_labels']) retrieved from /home/airflow/.local/lib/python3.7/site-packages/airflow/example_dags/example_branch_labels.py
[2024-02-27T13:37:23.238+0000] {logging_mixin.py:137} INFO - [2024-02-27T13:37:23.237+0000] {dag.py:2690} INFO - Sync 1 DAGs
[2024-02-27T13:37:23.255+0000] {logging_mixin.py:137} INFO - [2024-02-27T13:37:23.255+0000] {dag.py:3441} INFO - Setting next_dagrun for example_branch_labels to 2024-02-26T00:00:00+00:00, run_after=2024-02-27T00:00:00+00:00
[2024-02-27T13:37:23.272+0000] {processor.py:175} INFO - Processing /home/airflow/.local/lib/python3.7/site-packages/airflow/example_dags/example_branch_labels.py took 0.069 seconds
[2024-02-27T13:37:53.496+0000] {processor.py:153} INFO - Started process (PID=1536) to work on /home/airflow/.local/lib/python3.7/site-packages/airflow/example_dags/example_branch_labels.py
[2024-02-27T13:37:53.497+0000] {processor.py:743} INFO - Processing file /home/airflow/.local/lib/python3.7/site-packages/airflow/example_dags/example_branch_labels.py for tasks to queue
[2024-02-27T13:37:53.498+0000] {logging_mixin.py:137} INFO - [2024-02-27T13:37:53.497+0000] {dagbag.py:538} INFO - Filling up the DagBag from /home/airflow/.local/lib/python3.7/site-packages/airflow/example_dags/example_branch_labels.py
[2024-02-27T13:37:53.509+0000] {processor.py:753} INFO - DAG(s) dict_keys(['example_branch_labels']) retrieved from /home/airflow/.local/lib/python3.7/site-packages/airflow/example_dags/example_branch_labels.py
[2024-02-27T13:37:53.527+0000] {logging_mixin.py:137} INFO - [2024-02-27T13:37:53.527+0000] {dag.py:2690} INFO - Sync 1 DAGs
[2024-02-27T13:37:53.545+0000] {logging_mixin.py:137} INFO - [2024-02-27T13:37:53.545+0000] {dag.py:3441} INFO - Setting next_dagrun for example_branch_labels to 2024-02-26T00:00:00+00:00, run_after=2024-02-27T00:00:00+00:00
[2024-02-27T13:37:53.561+0000] {processor.py:175} INFO - Processing /home/airflow/.local/lib/python3.7/site-packages/airflow/example_dags/example_branch_labels.py took 0.068 seconds
[2024-02-27T13:38:23.914+0000] {processor.py:153} INFO - Started process (PID=1659) to work on /home/airflow/.local/lib/python3.7/site-packages/airflow/example_dags/example_branch_labels.py
[2024-02-27T13:38:23.915+0000] {processor.py:743} INFO - Processing file /home/airflow/.local/lib/python3.7/site-packages/airflow/example_dags/example_branch_labels.py for tasks to queue
[2024-02-27T13:38:23.916+0000] {logging_mixin.py:137} INFO - [2024-02-27T13:38:23.915+0000] {dagbag.py:538} INFO - Filling up the DagBag from /home/airflow/.local/lib/python3.7/site-packages/airflow/example_dags/example_branch_labels.py
[2024-02-27T13:38:23.926+0000] {processor.py:753} INFO - DAG(s) dict_keys(['example_branch_labels']) retrieved from /home/airflow/.local/lib/python3.7/site-packages/airflow/example_dags/example_branch_labels.py
[2024-02-27T13:38:23.946+0000] {logging_mixin.py:137} INFO - [2024-02-27T13:38:23.946+0000] {dag.py:2690} INFO - Sync 1 DAGs
[2024-02-27T13:38:23.965+0000] {logging_mixin.py:137} INFO - [2024-02-27T13:38:23.965+0000] {dag.py:3441} INFO - Setting next_dagrun for example_branch_labels to 2024-02-26T00:00:00+00:00, run_after=2024-02-27T00:00:00+00:00
[2024-02-27T13:38:23.982+0000] {processor.py:175} INFO - Processing /home/airflow/.local/lib/python3.7/site-packages/airflow/example_dags/example_branch_labels.py took 0.070 seconds
[2024-02-27T13:38:54.187+0000] {processor.py:153} INFO - Started process (PID=1754) to work on /home/airflow/.local/lib/python3.7/site-packages/airflow/example_dags/example_branch_labels.py
[2024-02-27T13:38:54.188+0000] {processor.py:743} INFO - Processing file /home/airflow/.local/lib/python3.7/site-packages/airflow/example_dags/example_branch_labels.py for tasks to queue
[2024-02-27T13:38:54.189+0000] {logging_mixin.py:137} INFO - [2024-02-27T13:38:54.189+0000] {dagbag.py:538} INFO - Filling up the DagBag from /home/airflow/.local/lib/python3.7/site-packages/airflow/example_dags/example_branch_labels.py
[2024-02-27T13:38:54.200+0000] {processor.py:753} INFO - DAG(s) dict_keys(['example_branch_labels']) retrieved from /home/airflow/.local/lib/python3.7/site-packages/airflow/example_dags/example_branch_labels.py
[2024-02-27T13:38:54.217+0000] {logging_mixin.py:137} INFO - [2024-02-27T13:38:54.217+0000] {dag.py:2690} INFO - Sync 1 DAGs
[2024-02-27T13:38:54.239+0000] {logging_mixin.py:137} INFO - [2024-02-27T13:38:54.239+0000] {dag.py:3441} INFO - Setting next_dagrun for example_branch_labels to 2024-02-26T00:00:00+00:00, run_after=2024-02-27T00:00:00+00:00
[2024-02-27T13:38:54.256+0000] {processor.py:175} INFO - Processing /home/airflow/.local/lib/python3.7/site-packages/airflow/example_dags/example_branch_labels.py took 0.071 seconds
[2024-02-27T13:39:24.976+0000] {processor.py:153} INFO - Started process (PID=1877) to work on /home/airflow/.local/lib/python3.7/site-packages/airflow/example_dags/example_branch_labels.py
[2024-02-27T13:39:24.977+0000] {processor.py:743} INFO - Processing file /home/airflow/.local/lib/python3.7/site-packages/airflow/example_dags/example_branch_labels.py for tasks to queue
[2024-02-27T13:39:24.978+0000] {logging_mixin.py:137} INFO - [2024-02-27T13:39:24.978+0000] {dagbag.py:538} INFO - Filling up the DagBag from /home/airflow/.local/lib/python3.7/site-packages/airflow/example_dags/example_branch_labels.py
[2024-02-27T13:39:24.988+0000] {processor.py:753} INFO - DAG(s) dict_keys(['example_branch_labels']) retrieved from /home/airflow/.local/lib/python3.7/site-packages/airflow/example_dags/example_branch_labels.py
[2024-02-27T13:39:25.008+0000] {logging_mixin.py:137} INFO - [2024-02-27T13:39:25.008+0000] {dag.py:2690} INFO - Sync 1 DAGs
[2024-02-27T13:39:25.026+0000] {logging_mixin.py:137} INFO - [2024-02-27T13:39:25.026+0000] {dag.py:3441} INFO - Setting next_dagrun for example_branch_labels to 2024-02-26T00:00:00+00:00, run_after=2024-02-27T00:00:00+00:00
[2024-02-27T13:39:25.109+0000] {processor.py:175} INFO - Processing /home/airflow/.local/lib/python3.7/site-packages/airflow/example_dags/example_branch_labels.py took 0.135 seconds
[2024-02-27T13:39:55.688+0000] {processor.py:153} INFO - Started process (PID=1972) to work on /home/airflow/.local/lib/python3.7/site-packages/airflow/example_dags/example_branch_labels.py
[2024-02-27T13:39:55.689+0000] {processor.py:743} INFO - Processing file /home/airflow/.local/lib/python3.7/site-packages/airflow/example_dags/example_branch_labels.py for tasks to queue
[2024-02-27T13:39:55.690+0000] {logging_mixin.py:137} INFO - [2024-02-27T13:39:55.690+0000] {dagbag.py:538} INFO - Filling up the DagBag from /home/airflow/.local/lib/python3.7/site-packages/airflow/example_dags/example_branch_labels.py
[2024-02-27T13:39:55.701+0000] {processor.py:753} INFO - DAG(s) dict_keys(['example_branch_labels']) retrieved from /home/airflow/.local/lib/python3.7/site-packages/airflow/example_dags/example_branch_labels.py
[2024-02-27T13:39:55.724+0000] {logging_mixin.py:137} INFO - [2024-02-27T13:39:55.724+0000] {dag.py:2690} INFO - Sync 1 DAGs
[2024-02-27T13:39:55.743+0000] {logging_mixin.py:137} INFO - [2024-02-27T13:39:55.743+0000] {dag.py:3441} INFO - Setting next_dagrun for example_branch_labels to 2024-02-26T00:00:00+00:00, run_after=2024-02-27T00:00:00+00:00
[2024-02-27T13:39:55.825+0000] {processor.py:175} INFO - Processing /home/airflow/.local/lib/python3.7/site-packages/airflow/example_dags/example_branch_labels.py took 0.139 seconds
[2024-02-27T13:40:26.087+0000] {processor.py:153} INFO - Started process (PID=2096) to work on /home/airflow/.local/lib/python3.7/site-packages/airflow/example_dags/example_branch_labels.py
[2024-02-27T13:40:26.088+0000] {processor.py:743} INFO - Processing file /home/airflow/.local/lib/python3.7/site-packages/airflow/example_dags/example_branch_labels.py for tasks to queue
[2024-02-27T13:40:26.089+0000] {logging_mixin.py:137} INFO - [2024-02-27T13:40:26.089+0000] {dagbag.py:538} INFO - Filling up the DagBag from /home/airflow/.local/lib/python3.7/site-packages/airflow/example_dags/example_branch_labels.py
[2024-02-27T13:40:26.098+0000] {processor.py:753} INFO - DAG(s) dict_keys(['example_branch_labels']) retrieved from /home/airflow/.local/lib/python3.7/site-packages/airflow/example_dags/example_branch_labels.py
[2024-02-27T13:40:26.117+0000] {logging_mixin.py:137} INFO - [2024-02-27T13:40:26.117+0000] {dag.py:2690} INFO - Sync 1 DAGs
[2024-02-27T13:40:26.134+0000] {logging_mixin.py:137} INFO - [2024-02-27T13:40:26.134+0000] {dag.py:3441} INFO - Setting next_dagrun for example_branch_labels to 2024-02-26T00:00:00+00:00, run_after=2024-02-27T00:00:00+00:00
[2024-02-27T13:40:26.225+0000] {processor.py:175} INFO - Processing /home/airflow/.local/lib/python3.7/site-packages/airflow/example_dags/example_branch_labels.py took 0.140 seconds
[2024-02-27T13:40:57.052+0000] {processor.py:153} INFO - Started process (PID=2219) to work on /home/airflow/.local/lib/python3.7/site-packages/airflow/example_dags/example_branch_labels.py
[2024-02-27T13:40:57.053+0000] {processor.py:743} INFO - Processing file /home/airflow/.local/lib/python3.7/site-packages/airflow/example_dags/example_branch_labels.py for tasks to queue
[2024-02-27T13:40:57.054+0000] {logging_mixin.py:137} INFO - [2024-02-27T13:40:57.054+0000] {dagbag.py:538} INFO - Filling up the DagBag from /home/airflow/.local/lib/python3.7/site-packages/airflow/example_dags/example_branch_labels.py
[2024-02-27T13:40:57.066+0000] {processor.py:753} INFO - DAG(s) dict_keys(['example_branch_labels']) retrieved from /home/airflow/.local/lib/python3.7/site-packages/airflow/example_dags/example_branch_labels.py
[2024-02-27T13:40:57.089+0000] {logging_mixin.py:137} INFO - [2024-02-27T13:40:57.089+0000] {dag.py:2690} INFO - Sync 1 DAGs
[2024-02-27T13:40:57.110+0000] {logging_mixin.py:137} INFO - [2024-02-27T13:40:57.110+0000] {dag.py:3441} INFO - Setting next_dagrun for example_branch_labels to 2024-02-26T00:00:00+00:00, run_after=2024-02-27T00:00:00+00:00
[2024-02-27T13:40:57.127+0000] {processor.py:175} INFO - Processing /home/airflow/.local/lib/python3.7/site-packages/airflow/example_dags/example_branch_labels.py took 0.077 seconds
[2024-02-27T13:41:27.476+0000] {processor.py:153} INFO - Started process (PID=2314) to work on /home/airflow/.local/lib/python3.7/site-packages/airflow/example_dags/example_branch_labels.py
[2024-02-27T13:41:27.477+0000] {processor.py:743} INFO - Processing file /home/airflow/.local/lib/python3.7/site-packages/airflow/example_dags/example_branch_labels.py for tasks to queue
[2024-02-27T13:41:27.477+0000] {logging_mixin.py:137} INFO - [2024-02-27T13:41:27.477+0000] {dagbag.py:538} INFO - Filling up the DagBag from /home/airflow/.local/lib/python3.7/site-packages/airflow/example_dags/example_branch_labels.py
[2024-02-27T13:41:27.488+0000] {processor.py:753} INFO - DAG(s) dict_keys(['example_branch_labels']) retrieved from /home/airflow/.local/lib/python3.7/site-packages/airflow/example_dags/example_branch_labels.py
[2024-02-27T13:41:27.510+0000] {logging_mixin.py:137} INFO - [2024-02-27T13:41:27.510+0000] {dag.py:2690} INFO - Sync 1 DAGs
[2024-02-27T13:41:27.529+0000] {logging_mixin.py:137} INFO - [2024-02-27T13:41:27.529+0000] {dag.py:3441} INFO - Setting next_dagrun for example_branch_labels to 2024-02-26T00:00:00+00:00, run_after=2024-02-27T00:00:00+00:00
[2024-02-27T13:41:27.614+0000] {processor.py:175} INFO - Processing /home/airflow/.local/lib/python3.7/site-packages/airflow/example_dags/example_branch_labels.py took 0.140 seconds
