[2024-02-27T13:31:18.791+0000] {processor.py:153} INFO - Started process (PID=109) to work on /home/airflow/.local/lib/python3.7/site-packages/airflow/example_dags/example_short_circuit_decorator.py
[2024-02-27T13:31:18.792+0000] {processor.py:743} INFO - Processing file /home/airflow/.local/lib/python3.7/site-packages/airflow/example_dags/example_short_circuit_decorator.py for tasks to queue
[2024-02-27T13:31:18.793+0000] {logging_mixin.py:137} INFO - [2024-02-27T13:31:18.793+0000] {dagbag.py:538} INFO - Filling up the DagBag from /home/airflow/.local/lib/python3.7/site-packages/airflow/example_dags/example_short_circuit_decorator.py
[2024-02-27T13:31:18.822+0000] {processor.py:753} INFO - DAG(s) dict_keys(['example_short_circuit_decorator']) retrieved from /home/airflow/.local/lib/python3.7/site-packages/airflow/example_dags/example_short_circuit_decorator.py
[2024-02-27T13:31:18.945+0000] {logging_mixin.py:137} INFO - [2024-02-27T13:31:18.944+0000] {manager.py:504} INFO - Created Permission View: can edit on DAG:example_short_circuit_decorator
[2024-02-27T13:31:18.954+0000] {logging_mixin.py:137} INFO - [2024-02-27T13:31:18.954+0000] {manager.py:504} INFO - Created Permission View: can delete on DAG:example_short_circuit_decorator
[2024-02-27T13:31:18.962+0000] {logging_mixin.py:137} INFO - [2024-02-27T13:31:18.962+0000] {manager.py:504} INFO - Created Permission View: can read on DAG:example_short_circuit_decorator
[2024-02-27T13:31:18.963+0000] {logging_mixin.py:137} INFO - [2024-02-27T13:31:18.962+0000] {dag.py:2690} INFO - Sync 1 DAGs
[2024-02-27T13:31:18.976+0000] {logging_mixin.py:137} INFO - [2024-02-27T13:31:18.976+0000] {dag.py:2711} INFO - Creating ORM DAG for example_short_circuit_decorator
[2024-02-27T13:31:18.989+0000] {logging_mixin.py:137} INFO - [2024-02-27T13:31:18.988+0000] {dag.py:3441} INFO - Setting next_dagrun for example_short_circuit_decorator to 2024-02-26T13:31:18.988672+00:00, run_after=2024-02-27T13:31:18.988672+00:00
[2024-02-27T13:31:19.017+0000] {processor.py:175} INFO - Processing /home/airflow/.local/lib/python3.7/site-packages/airflow/example_dags/example_short_circuit_decorator.py took 0.228 seconds
[2024-02-27T13:31:49.709+0000] {processor.py:153} INFO - Started process (PID=204) to work on /home/airflow/.local/lib/python3.7/site-packages/airflow/example_dags/example_short_circuit_decorator.py
[2024-02-27T13:31:49.711+0000] {processor.py:743} INFO - Processing file /home/airflow/.local/lib/python3.7/site-packages/airflow/example_dags/example_short_circuit_decorator.py for tasks to queue
[2024-02-27T13:31:49.712+0000] {logging_mixin.py:137} INFO - [2024-02-27T13:31:49.712+0000] {dagbag.py:538} INFO - Filling up the DagBag from /home/airflow/.local/lib/python3.7/site-packages/airflow/example_dags/example_short_circuit_decorator.py
[2024-02-27T13:31:49.731+0000] {processor.py:753} INFO - DAG(s) dict_keys(['example_short_circuit_decorator']) retrieved from /home/airflow/.local/lib/python3.7/site-packages/airflow/example_dags/example_short_circuit_decorator.py
[2024-02-27T13:31:49.752+0000] {logging_mixin.py:137} INFO - [2024-02-27T13:31:49.752+0000] {dag.py:2690} INFO - Sync 1 DAGs
[2024-02-27T13:31:49.772+0000] {logging_mixin.py:137} INFO - [2024-02-27T13:31:49.772+0000] {dag.py:3441} INFO - Setting next_dagrun for example_short_circuit_decorator to 2024-02-26T13:31:49.772011+00:00, run_after=2024-02-27T13:31:49.772011+00:00
[2024-02-27T13:31:49.789+0000] {processor.py:175} INFO - Processing /home/airflow/.local/lib/python3.7/site-packages/airflow/example_dags/example_short_circuit_decorator.py took 0.082 seconds
[2024-02-27T13:32:20.108+0000] {processor.py:153} INFO - Started process (PID=327) to work on /home/airflow/.local/lib/python3.7/site-packages/airflow/example_dags/example_short_circuit_decorator.py
[2024-02-27T13:32:20.109+0000] {processor.py:743} INFO - Processing file /home/airflow/.local/lib/python3.7/site-packages/airflow/example_dags/example_short_circuit_decorator.py for tasks to queue
[2024-02-27T13:32:20.110+0000] {logging_mixin.py:137} INFO - [2024-02-27T13:32:20.109+0000] {dagbag.py:538} INFO - Filling up the DagBag from /home/airflow/.local/lib/python3.7/site-packages/airflow/example_dags/example_short_circuit_decorator.py
[2024-02-27T13:32:20.128+0000] {processor.py:753} INFO - DAG(s) dict_keys(['example_short_circuit_decorator']) retrieved from /home/airflow/.local/lib/python3.7/site-packages/airflow/example_dags/example_short_circuit_decorator.py
[2024-02-27T13:32:20.148+0000] {logging_mixin.py:137} INFO - [2024-02-27T13:32:20.148+0000] {dag.py:2690} INFO - Sync 1 DAGs
[2024-02-27T13:32:20.167+0000] {logging_mixin.py:137} INFO - [2024-02-27T13:32:20.166+0000] {dag.py:3441} INFO - Setting next_dagrun for example_short_circuit_decorator to 2024-02-26T13:32:20.166804+00:00, run_after=2024-02-27T13:32:20.166804+00:00
[2024-02-27T13:32:20.183+0000] {processor.py:175} INFO - Processing /home/airflow/.local/lib/python3.7/site-packages/airflow/example_dags/example_short_circuit_decorator.py took 0.078 seconds
[2024-02-27T13:32:50.442+0000] {processor.py:153} INFO - Started process (PID=420) to work on /home/airflow/.local/lib/python3.7/site-packages/airflow/example_dags/example_short_circuit_decorator.py
[2024-02-27T13:32:50.443+0000] {processor.py:743} INFO - Processing file /home/airflow/.local/lib/python3.7/site-packages/airflow/example_dags/example_short_circuit_decorator.py for tasks to queue
[2024-02-27T13:32:50.443+0000] {logging_mixin.py:137} INFO - [2024-02-27T13:32:50.443+0000] {dagbag.py:538} INFO - Filling up the DagBag from /home/airflow/.local/lib/python3.7/site-packages/airflow/example_dags/example_short_circuit_decorator.py
[2024-02-27T13:32:50.459+0000] {processor.py:753} INFO - DAG(s) dict_keys(['example_short_circuit_decorator']) retrieved from /home/airflow/.local/lib/python3.7/site-packages/airflow/example_dags/example_short_circuit_decorator.py
[2024-02-27T13:32:50.477+0000] {logging_mixin.py:137} INFO - [2024-02-27T13:32:50.476+0000] {dag.py:2690} INFO - Sync 1 DAGs
[2024-02-27T13:32:50.493+0000] {logging_mixin.py:137} INFO - [2024-02-27T13:32:50.492+0000] {dag.py:3441} INFO - Setting next_dagrun for example_short_circuit_decorator to 2024-02-26T13:32:50.492754+00:00, run_after=2024-02-27T13:32:50.492754+00:00
[2024-02-27T13:32:50.507+0000] {processor.py:175} INFO - Processing /home/airflow/.local/lib/python3.7/site-packages/airflow/example_dags/example_short_circuit_decorator.py took 0.067 seconds
[2024-02-27T13:33:20.786+0000] {processor.py:153} INFO - Started process (PID=543) to work on /home/airflow/.local/lib/python3.7/site-packages/airflow/example_dags/example_short_circuit_decorator.py
[2024-02-27T13:33:20.787+0000] {processor.py:743} INFO - Processing file /home/airflow/.local/lib/python3.7/site-packages/airflow/example_dags/example_short_circuit_decorator.py for tasks to queue
[2024-02-27T13:33:20.788+0000] {logging_mixin.py:137} INFO - [2024-02-27T13:33:20.788+0000] {dagbag.py:538} INFO - Filling up the DagBag from /home/airflow/.local/lib/python3.7/site-packages/airflow/example_dags/example_short_circuit_decorator.py
[2024-02-27T13:33:20.805+0000] {processor.py:753} INFO - DAG(s) dict_keys(['example_short_circuit_decorator']) retrieved from /home/airflow/.local/lib/python3.7/site-packages/airflow/example_dags/example_short_circuit_decorator.py
[2024-02-27T13:33:20.823+0000] {logging_mixin.py:137} INFO - [2024-02-27T13:33:20.822+0000] {dag.py:2690} INFO - Sync 1 DAGs
[2024-02-27T13:33:20.839+0000] {logging_mixin.py:137} INFO - [2024-02-27T13:33:20.839+0000] {dag.py:3441} INFO - Setting next_dagrun for example_short_circuit_decorator to 2024-02-26T13:33:20.839603+00:00, run_after=2024-02-27T13:33:20.839603+00:00
[2024-02-27T13:33:20.854+0000] {processor.py:175} INFO - Processing /home/airflow/.local/lib/python3.7/site-packages/airflow/example_dags/example_short_circuit_decorator.py took 0.070 seconds
[2024-02-27T13:33:51.158+0000] {processor.py:153} INFO - Started process (PID=637) to work on /home/airflow/.local/lib/python3.7/site-packages/airflow/example_dags/example_short_circuit_decorator.py
[2024-02-27T13:33:51.159+0000] {processor.py:743} INFO - Processing file /home/airflow/.local/lib/python3.7/site-packages/airflow/example_dags/example_short_circuit_decorator.py for tasks to queue
[2024-02-27T13:33:51.160+0000] {logging_mixin.py:137} INFO - [2024-02-27T13:33:51.160+0000] {dagbag.py:538} INFO - Filling up the DagBag from /home/airflow/.local/lib/python3.7/site-packages/airflow/example_dags/example_short_circuit_decorator.py
[2024-02-27T13:33:51.176+0000] {processor.py:753} INFO - DAG(s) dict_keys(['example_short_circuit_decorator']) retrieved from /home/airflow/.local/lib/python3.7/site-packages/airflow/example_dags/example_short_circuit_decorator.py
[2024-02-27T13:33:51.192+0000] {logging_mixin.py:137} INFO - [2024-02-27T13:33:51.192+0000] {dag.py:2690} INFO - Sync 1 DAGs
[2024-02-27T13:33:51.209+0000] {logging_mixin.py:137} INFO - [2024-02-27T13:33:51.209+0000] {dag.py:3441} INFO - Setting next_dagrun for example_short_circuit_decorator to 2024-02-26T13:33:51.209146+00:00, run_after=2024-02-27T13:33:51.209146+00:00
[2024-02-27T13:33:51.224+0000] {processor.py:175} INFO - Processing /home/airflow/.local/lib/python3.7/site-packages/airflow/example_dags/example_short_circuit_decorator.py took 0.069 seconds
[2024-02-27T13:34:21.514+0000] {processor.py:153} INFO - Started process (PID=760) to work on /home/airflow/.local/lib/python3.7/site-packages/airflow/example_dags/example_short_circuit_decorator.py
[2024-02-27T13:34:21.515+0000] {processor.py:743} INFO - Processing file /home/airflow/.local/lib/python3.7/site-packages/airflow/example_dags/example_short_circuit_decorator.py for tasks to queue
[2024-02-27T13:34:21.516+0000] {logging_mixin.py:137} INFO - [2024-02-27T13:34:21.516+0000] {dagbag.py:538} INFO - Filling up the DagBag from /home/airflow/.local/lib/python3.7/site-packages/airflow/example_dags/example_short_circuit_decorator.py
[2024-02-27T13:34:21.534+0000] {processor.py:753} INFO - DAG(s) dict_keys(['example_short_circuit_decorator']) retrieved from /home/airflow/.local/lib/python3.7/site-packages/airflow/example_dags/example_short_circuit_decorator.py
[2024-02-27T13:34:21.553+0000] {logging_mixin.py:137} INFO - [2024-02-27T13:34:21.553+0000] {dag.py:2690} INFO - Sync 1 DAGs
[2024-02-27T13:34:21.571+0000] {logging_mixin.py:137} INFO - [2024-02-27T13:34:21.570+0000] {dag.py:3441} INFO - Setting next_dagrun for example_short_circuit_decorator to 2024-02-26T13:34:21.570726+00:00, run_after=2024-02-27T13:34:21.570726+00:00
[2024-02-27T13:34:21.586+0000] {processor.py:175} INFO - Processing /home/airflow/.local/lib/python3.7/site-packages/airflow/example_dags/example_short_circuit_decorator.py took 0.075 seconds
[2024-02-27T13:34:52.242+0000] {processor.py:153} INFO - Started process (PID=885) to work on /home/airflow/.local/lib/python3.7/site-packages/airflow/example_dags/example_short_circuit_decorator.py
[2024-02-27T13:34:52.243+0000] {processor.py:743} INFO - Processing file /home/airflow/.local/lib/python3.7/site-packages/airflow/example_dags/example_short_circuit_decorator.py for tasks to queue
[2024-02-27T13:34:52.244+0000] {logging_mixin.py:137} INFO - [2024-02-27T13:34:52.244+0000] {dagbag.py:538} INFO - Filling up the DagBag from /home/airflow/.local/lib/python3.7/site-packages/airflow/example_dags/example_short_circuit_decorator.py
[2024-02-27T13:34:52.262+0000] {processor.py:753} INFO - DAG(s) dict_keys(['example_short_circuit_decorator']) retrieved from /home/airflow/.local/lib/python3.7/site-packages/airflow/example_dags/example_short_circuit_decorator.py
[2024-02-27T13:34:52.281+0000] {logging_mixin.py:137} INFO - [2024-02-27T13:34:52.280+0000] {dag.py:2690} INFO - Sync 1 DAGs
[2024-02-27T13:34:52.299+0000] {logging_mixin.py:137} INFO - [2024-02-27T13:34:52.299+0000] {dag.py:3441} INFO - Setting next_dagrun for example_short_circuit_decorator to 2024-02-26T13:34:52.298843+00:00, run_after=2024-02-27T13:34:52.298843+00:00
[2024-02-27T13:34:52.315+0000] {processor.py:175} INFO - Processing /home/airflow/.local/lib/python3.7/site-packages/airflow/example_dags/example_short_circuit_decorator.py took 0.075 seconds
[2024-02-27T13:35:22.365+0000] {processor.py:153} INFO - Started process (PID=980) to work on /home/airflow/.local/lib/python3.7/site-packages/airflow/example_dags/example_short_circuit_decorator.py
[2024-02-27T13:35:22.366+0000] {processor.py:743} INFO - Processing file /home/airflow/.local/lib/python3.7/site-packages/airflow/example_dags/example_short_circuit_decorator.py for tasks to queue
[2024-02-27T13:35:22.367+0000] {logging_mixin.py:137} INFO - [2024-02-27T13:35:22.367+0000] {dagbag.py:538} INFO - Filling up the DagBag from /home/airflow/.local/lib/python3.7/site-packages/airflow/example_dags/example_short_circuit_decorator.py
[2024-02-27T13:35:22.386+0000] {processor.py:753} INFO - DAG(s) dict_keys(['example_short_circuit_decorator']) retrieved from /home/airflow/.local/lib/python3.7/site-packages/airflow/example_dags/example_short_circuit_decorator.py
[2024-02-27T13:35:22.406+0000] {logging_mixin.py:137} INFO - [2024-02-27T13:35:22.406+0000] {dag.py:2690} INFO - Sync 1 DAGs
[2024-02-27T13:35:22.425+0000] {logging_mixin.py:137} INFO - [2024-02-27T13:35:22.425+0000] {dag.py:3441} INFO - Setting next_dagrun for example_short_circuit_decorator to 2024-02-26T13:35:22.425318+00:00, run_after=2024-02-27T13:35:22.425318+00:00
[2024-02-27T13:35:22.443+0000] {processor.py:175} INFO - Processing /home/airflow/.local/lib/python3.7/site-packages/airflow/example_dags/example_short_circuit_decorator.py took 0.081 seconds
[2024-02-27T13:35:52.632+0000] {processor.py:153} INFO - Started process (PID=1103) to work on /home/airflow/.local/lib/python3.7/site-packages/airflow/example_dags/example_short_circuit_decorator.py
[2024-02-27T13:35:52.633+0000] {processor.py:743} INFO - Processing file /home/airflow/.local/lib/python3.7/site-packages/airflow/example_dags/example_short_circuit_decorator.py for tasks to queue
[2024-02-27T13:35:52.634+0000] {logging_mixin.py:137} INFO - [2024-02-27T13:35:52.634+0000] {dagbag.py:538} INFO - Filling up the DagBag from /home/airflow/.local/lib/python3.7/site-packages/airflow/example_dags/example_short_circuit_decorator.py
[2024-02-27T13:35:52.654+0000] {processor.py:753} INFO - DAG(s) dict_keys(['example_short_circuit_decorator']) retrieved from /home/airflow/.local/lib/python3.7/site-packages/airflow/example_dags/example_short_circuit_decorator.py
[2024-02-27T13:35:52.672+0000] {logging_mixin.py:137} INFO - [2024-02-27T13:35:52.672+0000] {dag.py:2690} INFO - Sync 1 DAGs
[2024-02-27T13:35:52.690+0000] {logging_mixin.py:137} INFO - [2024-02-27T13:35:52.690+0000] {dag.py:3441} INFO - Setting next_dagrun for example_short_circuit_decorator to 2024-02-26T13:35:52.690470+00:00, run_after=2024-02-27T13:35:52.690470+00:00
[2024-02-27T13:35:52.708+0000] {processor.py:175} INFO - Processing /home/airflow/.local/lib/python3.7/site-packages/airflow/example_dags/example_short_circuit_decorator.py took 0.078 seconds
[2024-02-27T13:36:22.884+0000] {processor.py:153} INFO - Started process (PID=1198) to work on /home/airflow/.local/lib/python3.7/site-packages/airflow/example_dags/example_short_circuit_decorator.py
[2024-02-27T13:36:22.886+0000] {processor.py:743} INFO - Processing file /home/airflow/.local/lib/python3.7/site-packages/airflow/example_dags/example_short_circuit_decorator.py for tasks to queue
[2024-02-27T13:36:22.887+0000] {logging_mixin.py:137} INFO - [2024-02-27T13:36:22.887+0000] {dagbag.py:538} INFO - Filling up the DagBag from /home/airflow/.local/lib/python3.7/site-packages/airflow/example_dags/example_short_circuit_decorator.py
[2024-02-27T13:36:22.907+0000] {processor.py:753} INFO - DAG(s) dict_keys(['example_short_circuit_decorator']) retrieved from /home/airflow/.local/lib/python3.7/site-packages/airflow/example_dags/example_short_circuit_decorator.py
[2024-02-27T13:36:22.927+0000] {logging_mixin.py:137} INFO - [2024-02-27T13:36:22.927+0000] {dag.py:2690} INFO - Sync 1 DAGs
[2024-02-27T13:36:22.944+0000] {logging_mixin.py:137} INFO - [2024-02-27T13:36:22.944+0000] {dag.py:3441} INFO - Setting next_dagrun for example_short_circuit_decorator to 2024-02-26T13:36:22.944241+00:00, run_after=2024-02-27T13:36:22.944241+00:00
[2024-02-27T13:36:22.959+0000] {processor.py:175} INFO - Processing /home/airflow/.local/lib/python3.7/site-packages/airflow/example_dags/example_short_circuit_decorator.py took 0.077 seconds
[2024-02-27T13:36:53.161+0000] {processor.py:153} INFO - Started process (PID=1321) to work on /home/airflow/.local/lib/python3.7/site-packages/airflow/example_dags/example_short_circuit_decorator.py
[2024-02-27T13:36:53.163+0000] {processor.py:743} INFO - Processing file /home/airflow/.local/lib/python3.7/site-packages/airflow/example_dags/example_short_circuit_decorator.py for tasks to queue
[2024-02-27T13:36:53.164+0000] {logging_mixin.py:137} INFO - [2024-02-27T13:36:53.164+0000] {dagbag.py:538} INFO - Filling up the DagBag from /home/airflow/.local/lib/python3.7/site-packages/airflow/example_dags/example_short_circuit_decorator.py
[2024-02-27T13:36:53.182+0000] {processor.py:753} INFO - DAG(s) dict_keys(['example_short_circuit_decorator']) retrieved from /home/airflow/.local/lib/python3.7/site-packages/airflow/example_dags/example_short_circuit_decorator.py
[2024-02-27T13:36:53.201+0000] {logging_mixin.py:137} INFO - [2024-02-27T13:36:53.200+0000] {dag.py:2690} INFO - Sync 1 DAGs
[2024-02-27T13:36:53.218+0000] {logging_mixin.py:137} INFO - [2024-02-27T13:36:53.218+0000] {dag.py:3441} INFO - Setting next_dagrun for example_short_circuit_decorator to 2024-02-26T13:36:53.218667+00:00, run_after=2024-02-27T13:36:53.218667+00:00
[2024-02-27T13:36:53.234+0000] {processor.py:175} INFO - Processing /home/airflow/.local/lib/python3.7/site-packages/airflow/example_dags/example_short_circuit_decorator.py took 0.075 seconds
[2024-02-27T13:37:23.527+0000] {processor.py:153} INFO - Started process (PID=1416) to work on /home/airflow/.local/lib/python3.7/site-packages/airflow/example_dags/example_short_circuit_decorator.py
[2024-02-27T13:37:23.528+0000] {processor.py:743} INFO - Processing file /home/airflow/.local/lib/python3.7/site-packages/airflow/example_dags/example_short_circuit_decorator.py for tasks to queue
[2024-02-27T13:37:23.529+0000] {logging_mixin.py:137} INFO - [2024-02-27T13:37:23.529+0000] {dagbag.py:538} INFO - Filling up the DagBag from /home/airflow/.local/lib/python3.7/site-packages/airflow/example_dags/example_short_circuit_decorator.py
[2024-02-27T13:37:23.546+0000] {processor.py:753} INFO - DAG(s) dict_keys(['example_short_circuit_decorator']) retrieved from /home/airflow/.local/lib/python3.7/site-packages/airflow/example_dags/example_short_circuit_decorator.py
[2024-02-27T13:37:23.565+0000] {logging_mixin.py:137} INFO - [2024-02-27T13:37:23.565+0000] {dag.py:2690} INFO - Sync 1 DAGs
[2024-02-27T13:37:23.584+0000] {logging_mixin.py:137} INFO - [2024-02-27T13:37:23.583+0000] {dag.py:3441} INFO - Setting next_dagrun for example_short_circuit_decorator to 2024-02-26T13:37:23.583712+00:00, run_after=2024-02-27T13:37:23.583712+00:00
[2024-02-27T13:37:23.599+0000] {processor.py:175} INFO - Processing /home/airflow/.local/lib/python3.7/site-packages/airflow/example_dags/example_short_circuit_decorator.py took 0.074 seconds
[2024-02-27T13:37:53.802+0000] {processor.py:153} INFO - Started process (PID=1541) to work on /home/airflow/.local/lib/python3.7/site-packages/airflow/example_dags/example_short_circuit_decorator.py
[2024-02-27T13:37:53.805+0000] {processor.py:743} INFO - Processing file /home/airflow/.local/lib/python3.7/site-packages/airflow/example_dags/example_short_circuit_decorator.py for tasks to queue
[2024-02-27T13:37:53.814+0000] {logging_mixin.py:137} INFO - [2024-02-27T13:37:53.814+0000] {dagbag.py:538} INFO - Filling up the DagBag from /home/airflow/.local/lib/python3.7/site-packages/airflow/example_dags/example_short_circuit_decorator.py
[2024-02-27T13:37:53.832+0000] {processor.py:753} INFO - DAG(s) dict_keys(['example_short_circuit_decorator']) retrieved from /home/airflow/.local/lib/python3.7/site-packages/airflow/example_dags/example_short_circuit_decorator.py
[2024-02-27T13:37:53.851+0000] {logging_mixin.py:137} INFO - [2024-02-27T13:37:53.851+0000] {dag.py:2690} INFO - Sync 1 DAGs
[2024-02-27T13:37:53.870+0000] {logging_mixin.py:137} INFO - [2024-02-27T13:37:53.870+0000] {dag.py:3441} INFO - Setting next_dagrun for example_short_circuit_decorator to 2024-02-26T13:37:53.869982+00:00, run_after=2024-02-27T13:37:53.869982+00:00
[2024-02-27T13:37:53.885+0000] {processor.py:175} INFO - Processing /home/airflow/.local/lib/python3.7/site-packages/airflow/example_dags/example_short_circuit_decorator.py took 0.085 seconds
[2024-02-27T13:38:24.216+0000] {processor.py:153} INFO - Started process (PID=1664) to work on /home/airflow/.local/lib/python3.7/site-packages/airflow/example_dags/example_short_circuit_decorator.py
[2024-02-27T13:38:24.217+0000] {processor.py:743} INFO - Processing file /home/airflow/.local/lib/python3.7/site-packages/airflow/example_dags/example_short_circuit_decorator.py for tasks to queue
[2024-02-27T13:38:24.218+0000] {logging_mixin.py:137} INFO - [2024-02-27T13:38:24.218+0000] {dagbag.py:538} INFO - Filling up the DagBag from /home/airflow/.local/lib/python3.7/site-packages/airflow/example_dags/example_short_circuit_decorator.py
[2024-02-27T13:38:24.237+0000] {processor.py:753} INFO - DAG(s) dict_keys(['example_short_circuit_decorator']) retrieved from /home/airflow/.local/lib/python3.7/site-packages/airflow/example_dags/example_short_circuit_decorator.py
[2024-02-27T13:38:24.256+0000] {logging_mixin.py:137} INFO - [2024-02-27T13:38:24.256+0000] {dag.py:2690} INFO - Sync 1 DAGs
[2024-02-27T13:38:24.275+0000] {logging_mixin.py:137} INFO - [2024-02-27T13:38:24.275+0000] {dag.py:3441} INFO - Setting next_dagrun for example_short_circuit_decorator to 2024-02-26T13:38:24.274830+00:00, run_after=2024-02-27T13:38:24.274830+00:00
[2024-02-27T13:38:24.288+0000] {processor.py:175} INFO - Processing /home/airflow/.local/lib/python3.7/site-packages/airflow/example_dags/example_short_circuit_decorator.py took 0.074 seconds
[2024-02-27T13:38:54.583+0000] {processor.py:153} INFO - Started process (PID=1759) to work on /home/airflow/.local/lib/python3.7/site-packages/airflow/example_dags/example_short_circuit_decorator.py
[2024-02-27T13:38:54.584+0000] {processor.py:743} INFO - Processing file /home/airflow/.local/lib/python3.7/site-packages/airflow/example_dags/example_short_circuit_decorator.py for tasks to queue
[2024-02-27T13:38:54.585+0000] {logging_mixin.py:137} INFO - [2024-02-27T13:38:54.585+0000] {dagbag.py:538} INFO - Filling up the DagBag from /home/airflow/.local/lib/python3.7/site-packages/airflow/example_dags/example_short_circuit_decorator.py
[2024-02-27T13:38:54.603+0000] {processor.py:753} INFO - DAG(s) dict_keys(['example_short_circuit_decorator']) retrieved from /home/airflow/.local/lib/python3.7/site-packages/airflow/example_dags/example_short_circuit_decorator.py
[2024-02-27T13:38:54.623+0000] {logging_mixin.py:137} INFO - [2024-02-27T13:38:54.623+0000] {dag.py:2690} INFO - Sync 1 DAGs
[2024-02-27T13:38:54.640+0000] {logging_mixin.py:137} INFO - [2024-02-27T13:38:54.640+0000] {dag.py:3441} INFO - Setting next_dagrun for example_short_circuit_decorator to 2024-02-26T13:38:54.640490+00:00, run_after=2024-02-27T13:38:54.640490+00:00
[2024-02-27T13:38:54.655+0000] {processor.py:175} INFO - Processing /home/airflow/.local/lib/python3.7/site-packages/airflow/example_dags/example_short_circuit_decorator.py took 0.074 seconds
[2024-02-27T13:39:25.446+0000] {processor.py:153} INFO - Started process (PID=1882) to work on /home/airflow/.local/lib/python3.7/site-packages/airflow/example_dags/example_short_circuit_decorator.py
[2024-02-27T13:39:25.447+0000] {processor.py:743} INFO - Processing file /home/airflow/.local/lib/python3.7/site-packages/airflow/example_dags/example_short_circuit_decorator.py for tasks to queue
[2024-02-27T13:39:25.448+0000] {logging_mixin.py:137} INFO - [2024-02-27T13:39:25.448+0000] {dagbag.py:538} INFO - Filling up the DagBag from /home/airflow/.local/lib/python3.7/site-packages/airflow/example_dags/example_short_circuit_decorator.py
[2024-02-27T13:39:25.464+0000] {processor.py:753} INFO - DAG(s) dict_keys(['example_short_circuit_decorator']) retrieved from /home/airflow/.local/lib/python3.7/site-packages/airflow/example_dags/example_short_circuit_decorator.py
[2024-02-27T13:39:25.482+0000] {logging_mixin.py:137} INFO - [2024-02-27T13:39:25.482+0000] {dag.py:2690} INFO - Sync 1 DAGs
[2024-02-27T13:39:25.500+0000] {logging_mixin.py:137} INFO - [2024-02-27T13:39:25.500+0000] {dag.py:3441} INFO - Setting next_dagrun for example_short_circuit_decorator to 2024-02-26T13:39:25.500057+00:00, run_after=2024-02-27T13:39:25.500057+00:00
[2024-02-27T13:39:25.517+0000] {processor.py:175} INFO - Processing /home/airflow/.local/lib/python3.7/site-packages/airflow/example_dags/example_short_circuit_decorator.py took 0.073 seconds
[2024-02-27T13:39:55.978+0000] {processor.py:153} INFO - Started process (PID=1977) to work on /home/airflow/.local/lib/python3.7/site-packages/airflow/example_dags/example_short_circuit_decorator.py
[2024-02-27T13:39:55.979+0000] {processor.py:743} INFO - Processing file /home/airflow/.local/lib/python3.7/site-packages/airflow/example_dags/example_short_circuit_decorator.py for tasks to queue
[2024-02-27T13:39:55.980+0000] {logging_mixin.py:137} INFO - [2024-02-27T13:39:55.979+0000] {dagbag.py:538} INFO - Filling up the DagBag from /home/airflow/.local/lib/python3.7/site-packages/airflow/example_dags/example_short_circuit_decorator.py
[2024-02-27T13:39:55.999+0000] {processor.py:753} INFO - DAG(s) dict_keys(['example_short_circuit_decorator']) retrieved from /home/airflow/.local/lib/python3.7/site-packages/airflow/example_dags/example_short_circuit_decorator.py
[2024-02-27T13:39:56.020+0000] {logging_mixin.py:137} INFO - [2024-02-27T13:39:56.020+0000] {dag.py:2690} INFO - Sync 1 DAGs
[2024-02-27T13:39:56.038+0000] {logging_mixin.py:137} INFO - [2024-02-27T13:39:56.038+0000] {dag.py:3441} INFO - Setting next_dagrun for example_short_circuit_decorator to 2024-02-26T13:39:56.038541+00:00, run_after=2024-02-27T13:39:56.038541+00:00
[2024-02-27T13:39:56.058+0000] {processor.py:175} INFO - Processing /home/airflow/.local/lib/python3.7/site-packages/airflow/example_dags/example_short_circuit_decorator.py took 0.083 seconds
[2024-02-27T13:40:26.373+0000] {processor.py:153} INFO - Started process (PID=2101) to work on /home/airflow/.local/lib/python3.7/site-packages/airflow/example_dags/example_short_circuit_decorator.py
[2024-02-27T13:40:26.374+0000] {processor.py:743} INFO - Processing file /home/airflow/.local/lib/python3.7/site-packages/airflow/example_dags/example_short_circuit_decorator.py for tasks to queue
[2024-02-27T13:40:26.375+0000] {logging_mixin.py:137} INFO - [2024-02-27T13:40:26.375+0000] {dagbag.py:538} INFO - Filling up the DagBag from /home/airflow/.local/lib/python3.7/site-packages/airflow/example_dags/example_short_circuit_decorator.py
[2024-02-27T13:40:26.391+0000] {processor.py:753} INFO - DAG(s) dict_keys(['example_short_circuit_decorator']) retrieved from /home/airflow/.local/lib/python3.7/site-packages/airflow/example_dags/example_short_circuit_decorator.py
[2024-02-27T13:40:26.409+0000] {logging_mixin.py:137} INFO - [2024-02-27T13:40:26.409+0000] {dag.py:2690} INFO - Sync 1 DAGs
[2024-02-27T13:40:26.425+0000] {logging_mixin.py:137} INFO - [2024-02-27T13:40:26.425+0000] {dag.py:3441} INFO - Setting next_dagrun for example_short_circuit_decorator to 2024-02-26T13:40:26.425280+00:00, run_after=2024-02-27T13:40:26.425280+00:00
[2024-02-27T13:40:26.440+0000] {processor.py:175} INFO - Processing /home/airflow/.local/lib/python3.7/site-packages/airflow/example_dags/example_short_circuit_decorator.py took 0.069 seconds
[2024-02-27T13:40:57.373+0000] {processor.py:153} INFO - Started process (PID=2224) to work on /home/airflow/.local/lib/python3.7/site-packages/airflow/example_dags/example_short_circuit_decorator.py
[2024-02-27T13:40:57.374+0000] {processor.py:743} INFO - Processing file /home/airflow/.local/lib/python3.7/site-packages/airflow/example_dags/example_short_circuit_decorator.py for tasks to queue
[2024-02-27T13:40:57.375+0000] {logging_mixin.py:137} INFO - [2024-02-27T13:40:57.375+0000] {dagbag.py:538} INFO - Filling up the DagBag from /home/airflow/.local/lib/python3.7/site-packages/airflow/example_dags/example_short_circuit_decorator.py
[2024-02-27T13:40:57.395+0000] {processor.py:753} INFO - DAG(s) dict_keys(['example_short_circuit_decorator']) retrieved from /home/airflow/.local/lib/python3.7/site-packages/airflow/example_dags/example_short_circuit_decorator.py
[2024-02-27T13:40:57.419+0000] {logging_mixin.py:137} INFO - [2024-02-27T13:40:57.419+0000] {dag.py:2690} INFO - Sync 1 DAGs
[2024-02-27T13:40:57.440+0000] {logging_mixin.py:137} INFO - [2024-02-27T13:40:57.440+0000] {dag.py:3441} INFO - Setting next_dagrun for example_short_circuit_decorator to 2024-02-26T13:40:57.440530+00:00, run_after=2024-02-27T13:40:57.440530+00:00
[2024-02-27T13:40:57.459+0000] {processor.py:175} INFO - Processing /home/airflow/.local/lib/python3.7/site-packages/airflow/example_dags/example_short_circuit_decorator.py took 0.088 seconds
[2024-02-27T13:41:27.841+0000] {processor.py:153} INFO - Started process (PID=2319) to work on /home/airflow/.local/lib/python3.7/site-packages/airflow/example_dags/example_short_circuit_decorator.py
[2024-02-27T13:41:27.842+0000] {processor.py:743} INFO - Processing file /home/airflow/.local/lib/python3.7/site-packages/airflow/example_dags/example_short_circuit_decorator.py for tasks to queue
[2024-02-27T13:41:27.843+0000] {logging_mixin.py:137} INFO - [2024-02-27T13:41:27.843+0000] {dagbag.py:538} INFO - Filling up the DagBag from /home/airflow/.local/lib/python3.7/site-packages/airflow/example_dags/example_short_circuit_decorator.py
[2024-02-27T13:41:27.861+0000] {processor.py:753} INFO - DAG(s) dict_keys(['example_short_circuit_decorator']) retrieved from /home/airflow/.local/lib/python3.7/site-packages/airflow/example_dags/example_short_circuit_decorator.py
[2024-02-27T13:41:27.881+0000] {logging_mixin.py:137} INFO - [2024-02-27T13:41:27.881+0000] {dag.py:2690} INFO - Sync 1 DAGs
[2024-02-27T13:41:27.901+0000] {logging_mixin.py:137} INFO - [2024-02-27T13:41:27.901+0000] {dag.py:3441} INFO - Setting next_dagrun for example_short_circuit_decorator to 2024-02-26T13:41:27.900955+00:00, run_after=2024-02-27T13:41:27.900955+00:00
[2024-02-27T13:41:27.919+0000] {processor.py:175} INFO - Processing /home/airflow/.local/lib/python3.7/site-packages/airflow/example_dags/example_short_circuit_decorator.py took 0.080 seconds
