[2024-02-27T13:31:16.204+0000] {processor.py:153} INFO - Started process (PID=65) to work on /home/airflow/.local/lib/python3.7/site-packages/airflow/example_dags/example_branch_datetime_operator.py
[2024-02-27T13:31:16.209+0000] {processor.py:743} INFO - Processing file /home/airflow/.local/lib/python3.7/site-packages/airflow/example_dags/example_branch_datetime_operator.py for tasks to queue
[2024-02-27T13:31:16.210+0000] {logging_mixin.py:137} INFO - [2024-02-27T13:31:16.210+0000] {dagbag.py:538} INFO - Filling up the DagBag from /home/airflow/.local/lib/python3.7/site-packages/airflow/example_dags/example_branch_datetime_operator.py
[2024-02-27T13:31:16.252+0000] {processor.py:753} INFO - DAG(s) dict_keys(['example_branch_datetime_operator', 'example_branch_datetime_operator_3', 'example_branch_datetime_operator_2']) retrieved from /home/airflow/.local/lib/python3.7/site-packages/airflow/example_dags/example_branch_datetime_operator.py
[2024-02-27T13:31:16.614+0000] {logging_mixin.py:137} INFO - [2024-02-27T13:31:16.614+0000] {manager.py:504} INFO - Created Permission View: can edit on DAG:example_branch_datetime_operator
[2024-02-27T13:31:16.626+0000] {logging_mixin.py:137} INFO - [2024-02-27T13:31:16.625+0000] {manager.py:504} INFO - Created Permission View: can delete on DAG:example_branch_datetime_operator
[2024-02-27T13:31:16.632+0000] {logging_mixin.py:137} INFO - [2024-02-27T13:31:16.632+0000] {manager.py:504} INFO - Created Permission View: can read on DAG:example_branch_datetime_operator
[2024-02-27T13:31:16.645+0000] {logging_mixin.py:137} INFO - [2024-02-27T13:31:16.645+0000] {manager.py:504} INFO - Created Permission View: can edit on DAG:example_branch_datetime_operator_3
[2024-02-27T13:31:16.652+0000] {logging_mixin.py:137} INFO - [2024-02-27T13:31:16.652+0000] {manager.py:504} INFO - Created Permission View: can delete on DAG:example_branch_datetime_operator_3
[2024-02-27T13:31:16.658+0000] {logging_mixin.py:137} INFO - [2024-02-27T13:31:16.658+0000] {manager.py:504} INFO - Created Permission View: can read on DAG:example_branch_datetime_operator_3
[2024-02-27T13:31:16.671+0000] {logging_mixin.py:137} INFO - [2024-02-27T13:31:16.671+0000] {manager.py:504} INFO - Created Permission View: can edit on DAG:example_branch_datetime_operator_2
[2024-02-27T13:31:16.678+0000] {logging_mixin.py:137} INFO - [2024-02-27T13:31:16.678+0000] {manager.py:504} INFO - Created Permission View: can delete on DAG:example_branch_datetime_operator_2
[2024-02-27T13:31:16.685+0000] {logging_mixin.py:137} INFO - [2024-02-27T13:31:16.685+0000] {manager.py:504} INFO - Created Permission View: can read on DAG:example_branch_datetime_operator_2
[2024-02-27T13:31:16.685+0000] {logging_mixin.py:137} INFO - [2024-02-27T13:31:16.685+0000] {dag.py:2690} INFO - Sync 3 DAGs
[2024-02-27T13:31:16.699+0000] {logging_mixin.py:137} INFO - [2024-02-27T13:31:16.698+0000] {dag.py:2711} INFO - Creating ORM DAG for example_branch_datetime_operator
[2024-02-27T13:31:16.700+0000] {logging_mixin.py:137} INFO - [2024-02-27T13:31:16.700+0000] {dag.py:2711} INFO - Creating ORM DAG for example_branch_datetime_operator_3
[2024-02-27T13:31:16.701+0000] {logging_mixin.py:137} INFO - [2024-02-27T13:31:16.700+0000] {dag.py:2711} INFO - Creating ORM DAG for example_branch_datetime_operator_2
[2024-02-27T13:31:16.715+0000] {logging_mixin.py:137} INFO - [2024-02-27T13:31:16.715+0000] {dag.py:3441} INFO - Setting next_dagrun for example_branch_datetime_operator to 2024-02-26T00:00:00+00:00, run_after=2024-02-27T00:00:00+00:00
[2024-02-27T13:31:16.717+0000] {logging_mixin.py:137} INFO - [2024-02-27T13:31:16.717+0000] {dag.py:3441} INFO - Setting next_dagrun for example_branch_datetime_operator_2 to 2024-02-26T00:00:00+00:00, run_after=2024-02-27T00:00:00+00:00
[2024-02-27T13:31:16.719+0000] {logging_mixin.py:137} INFO - [2024-02-27T13:31:16.719+0000] {dag.py:3441} INFO - Setting next_dagrun for example_branch_datetime_operator_3 to 2024-02-26T00:00:00+00:00, run_after=2024-02-27T00:00:00+00:00
[2024-02-27T13:31:16.740+0000] {processor.py:175} INFO - Processing /home/airflow/.local/lib/python3.7/site-packages/airflow/example_dags/example_branch_datetime_operator.py took 0.549 seconds
[2024-02-27T13:31:47.652+0000] {processor.py:153} INFO - Started process (PID=188) to work on /home/airflow/.local/lib/python3.7/site-packages/airflow/example_dags/example_branch_datetime_operator.py
[2024-02-27T13:31:47.653+0000] {processor.py:743} INFO - Processing file /home/airflow/.local/lib/python3.7/site-packages/airflow/example_dags/example_branch_datetime_operator.py for tasks to queue
[2024-02-27T13:31:47.654+0000] {logging_mixin.py:137} INFO - [2024-02-27T13:31:47.654+0000] {dagbag.py:538} INFO - Filling up the DagBag from /home/airflow/.local/lib/python3.7/site-packages/airflow/example_dags/example_branch_datetime_operator.py
[2024-02-27T13:31:47.671+0000] {processor.py:753} INFO - DAG(s) dict_keys(['example_branch_datetime_operator_3', 'example_branch_datetime_operator_2', 'example_branch_datetime_operator']) retrieved from /home/airflow/.local/lib/python3.7/site-packages/airflow/example_dags/example_branch_datetime_operator.py
[2024-02-27T13:31:47.699+0000] {logging_mixin.py:137} INFO - [2024-02-27T13:31:47.699+0000] {dag.py:2690} INFO - Sync 3 DAGs
[2024-02-27T13:31:47.722+0000] {logging_mixin.py:137} INFO - [2024-02-27T13:31:47.722+0000] {dag.py:3441} INFO - Setting next_dagrun for example_branch_datetime_operator to 2024-02-26T00:00:00+00:00, run_after=2024-02-27T00:00:00+00:00
[2024-02-27T13:31:47.727+0000] {logging_mixin.py:137} INFO - [2024-02-27T13:31:47.727+0000] {dag.py:3441} INFO - Setting next_dagrun for example_branch_datetime_operator_2 to 2024-02-26T00:00:00+00:00, run_after=2024-02-27T00:00:00+00:00
[2024-02-27T13:31:47.730+0000] {logging_mixin.py:137} INFO - [2024-02-27T13:31:47.730+0000] {dag.py:3441} INFO - Setting next_dagrun for example_branch_datetime_operator_3 to 2024-02-26T00:00:00+00:00, run_after=2024-02-27T00:00:00+00:00
[2024-02-27T13:31:47.750+0000] {processor.py:175} INFO - Processing /home/airflow/.local/lib/python3.7/site-packages/airflow/example_dags/example_branch_datetime_operator.py took 0.101 seconds
[2024-02-27T13:32:18.109+0000] {processor.py:153} INFO - Started process (PID=283) to work on /home/airflow/.local/lib/python3.7/site-packages/airflow/example_dags/example_branch_datetime_operator.py
[2024-02-27T13:32:18.110+0000] {processor.py:743} INFO - Processing file /home/airflow/.local/lib/python3.7/site-packages/airflow/example_dags/example_branch_datetime_operator.py for tasks to queue
[2024-02-27T13:32:18.111+0000] {logging_mixin.py:137} INFO - [2024-02-27T13:32:18.111+0000] {dagbag.py:538} INFO - Filling up the DagBag from /home/airflow/.local/lib/python3.7/site-packages/airflow/example_dags/example_branch_datetime_operator.py
[2024-02-27T13:32:18.124+0000] {processor.py:753} INFO - DAG(s) dict_keys(['example_branch_datetime_operator', 'example_branch_datetime_operator_3', 'example_branch_datetime_operator_2']) retrieved from /home/airflow/.local/lib/python3.7/site-packages/airflow/example_dags/example_branch_datetime_operator.py
[2024-02-27T13:32:18.154+0000] {logging_mixin.py:137} INFO - [2024-02-27T13:32:18.154+0000] {dag.py:2690} INFO - Sync 3 DAGs
[2024-02-27T13:32:18.182+0000] {logging_mixin.py:137} INFO - [2024-02-27T13:32:18.182+0000] {dag.py:3441} INFO - Setting next_dagrun for example_branch_datetime_operator to 2024-02-26T00:00:00+00:00, run_after=2024-02-27T00:00:00+00:00
[2024-02-27T13:32:18.188+0000] {logging_mixin.py:137} INFO - [2024-02-27T13:32:18.187+0000] {dag.py:3441} INFO - Setting next_dagrun for example_branch_datetime_operator_2 to 2024-02-26T00:00:00+00:00, run_after=2024-02-27T00:00:00+00:00
[2024-02-27T13:32:18.190+0000] {logging_mixin.py:137} INFO - [2024-02-27T13:32:18.190+0000] {dag.py:3441} INFO - Setting next_dagrun for example_branch_datetime_operator_3 to 2024-02-26T00:00:00+00:00, run_after=2024-02-27T00:00:00+00:00
[2024-02-27T13:32:18.209+0000] {processor.py:175} INFO - Processing /home/airflow/.local/lib/python3.7/site-packages/airflow/example_dags/example_branch_datetime_operator.py took 0.102 seconds
[2024-02-27T13:32:48.618+0000] {processor.py:153} INFO - Started process (PID=405) to work on /home/airflow/.local/lib/python3.7/site-packages/airflow/example_dags/example_branch_datetime_operator.py
[2024-02-27T13:32:48.619+0000] {processor.py:743} INFO - Processing file /home/airflow/.local/lib/python3.7/site-packages/airflow/example_dags/example_branch_datetime_operator.py for tasks to queue
[2024-02-27T13:32:48.620+0000] {logging_mixin.py:137} INFO - [2024-02-27T13:32:48.620+0000] {dagbag.py:538} INFO - Filling up the DagBag from /home/airflow/.local/lib/python3.7/site-packages/airflow/example_dags/example_branch_datetime_operator.py
[2024-02-27T13:32:48.632+0000] {processor.py:753} INFO - DAG(s) dict_keys(['example_branch_datetime_operator_3', 'example_branch_datetime_operator', 'example_branch_datetime_operator_2']) retrieved from /home/airflow/.local/lib/python3.7/site-packages/airflow/example_dags/example_branch_datetime_operator.py
[2024-02-27T13:32:48.654+0000] {logging_mixin.py:137} INFO - [2024-02-27T13:32:48.654+0000] {dag.py:2690} INFO - Sync 3 DAGs
[2024-02-27T13:32:48.672+0000] {logging_mixin.py:137} INFO - [2024-02-27T13:32:48.672+0000] {dag.py:3441} INFO - Setting next_dagrun for example_branch_datetime_operator to 2024-02-26T00:00:00+00:00, run_after=2024-02-27T00:00:00+00:00
[2024-02-27T13:32:48.675+0000] {logging_mixin.py:137} INFO - [2024-02-27T13:32:48.675+0000] {dag.py:3441} INFO - Setting next_dagrun for example_branch_datetime_operator_2 to 2024-02-26T00:00:00+00:00, run_after=2024-02-27T00:00:00+00:00
[2024-02-27T13:32:48.677+0000] {logging_mixin.py:137} INFO - [2024-02-27T13:32:48.677+0000] {dag.py:3441} INFO - Setting next_dagrun for example_branch_datetime_operator_3 to 2024-02-26T00:00:00+00:00, run_after=2024-02-27T00:00:00+00:00
[2024-02-27T13:32:48.692+0000] {processor.py:175} INFO - Processing /home/airflow/.local/lib/python3.7/site-packages/airflow/example_dags/example_branch_datetime_operator.py took 0.078 seconds
[2024-02-27T13:33:19.086+0000] {processor.py:153} INFO - Started process (PID=528) to work on /home/airflow/.local/lib/python3.7/site-packages/airflow/example_dags/example_branch_datetime_operator.py
[2024-02-27T13:33:19.087+0000] {processor.py:743} INFO - Processing file /home/airflow/.local/lib/python3.7/site-packages/airflow/example_dags/example_branch_datetime_operator.py for tasks to queue
[2024-02-27T13:33:19.088+0000] {logging_mixin.py:137} INFO - [2024-02-27T13:33:19.087+0000] {dagbag.py:538} INFO - Filling up the DagBag from /home/airflow/.local/lib/python3.7/site-packages/airflow/example_dags/example_branch_datetime_operator.py
[2024-02-27T13:33:19.099+0000] {processor.py:753} INFO - DAG(s) dict_keys(['example_branch_datetime_operator_3', 'example_branch_datetime_operator', 'example_branch_datetime_operator_2']) retrieved from /home/airflow/.local/lib/python3.7/site-packages/airflow/example_dags/example_branch_datetime_operator.py
[2024-02-27T13:33:19.121+0000] {logging_mixin.py:137} INFO - [2024-02-27T13:33:19.121+0000] {dag.py:2690} INFO - Sync 3 DAGs
[2024-02-27T13:33:19.140+0000] {logging_mixin.py:137} INFO - [2024-02-27T13:33:19.139+0000] {dag.py:3441} INFO - Setting next_dagrun for example_branch_datetime_operator to 2024-02-26T00:00:00+00:00, run_after=2024-02-27T00:00:00+00:00
[2024-02-27T13:33:19.143+0000] {logging_mixin.py:137} INFO - [2024-02-27T13:33:19.143+0000] {dag.py:3441} INFO - Setting next_dagrun for example_branch_datetime_operator_2 to 2024-02-26T00:00:00+00:00, run_after=2024-02-27T00:00:00+00:00
[2024-02-27T13:33:19.145+0000] {logging_mixin.py:137} INFO - [2024-02-27T13:33:19.145+0000] {dag.py:3441} INFO - Setting next_dagrun for example_branch_datetime_operator_3 to 2024-02-26T00:00:00+00:00, run_after=2024-02-27T00:00:00+00:00
[2024-02-27T13:33:19.160+0000] {processor.py:175} INFO - Processing /home/airflow/.local/lib/python3.7/site-packages/airflow/example_dags/example_branch_datetime_operator.py took 0.076 seconds
[2024-02-27T13:33:49.339+0000] {processor.py:153} INFO - Started process (PID=622) to work on /home/airflow/.local/lib/python3.7/site-packages/airflow/example_dags/example_branch_datetime_operator.py
[2024-02-27T13:33:49.340+0000] {processor.py:743} INFO - Processing file /home/airflow/.local/lib/python3.7/site-packages/airflow/example_dags/example_branch_datetime_operator.py for tasks to queue
[2024-02-27T13:33:49.341+0000] {logging_mixin.py:137} INFO - [2024-02-27T13:33:49.340+0000] {dagbag.py:538} INFO - Filling up the DagBag from /home/airflow/.local/lib/python3.7/site-packages/airflow/example_dags/example_branch_datetime_operator.py
[2024-02-27T13:33:49.354+0000] {processor.py:753} INFO - DAG(s) dict_keys(['example_branch_datetime_operator_2', 'example_branch_datetime_operator_3', 'example_branch_datetime_operator']) retrieved from /home/airflow/.local/lib/python3.7/site-packages/airflow/example_dags/example_branch_datetime_operator.py
[2024-02-27T13:33:49.376+0000] {logging_mixin.py:137} INFO - [2024-02-27T13:33:49.376+0000] {dag.py:2690} INFO - Sync 3 DAGs
[2024-02-27T13:33:49.394+0000] {logging_mixin.py:137} INFO - [2024-02-27T13:33:49.394+0000] {dag.py:3441} INFO - Setting next_dagrun for example_branch_datetime_operator to 2024-02-26T00:00:00+00:00, run_after=2024-02-27T00:00:00+00:00
[2024-02-27T13:33:49.399+0000] {logging_mixin.py:137} INFO - [2024-02-27T13:33:49.398+0000] {dag.py:3441} INFO - Setting next_dagrun for example_branch_datetime_operator_2 to 2024-02-26T00:00:00+00:00, run_after=2024-02-27T00:00:00+00:00
[2024-02-27T13:33:49.401+0000] {logging_mixin.py:137} INFO - [2024-02-27T13:33:49.401+0000] {dag.py:3441} INFO - Setting next_dagrun for example_branch_datetime_operator_3 to 2024-02-26T00:00:00+00:00, run_after=2024-02-27T00:00:00+00:00
[2024-02-27T13:33:49.416+0000] {processor.py:175} INFO - Processing /home/airflow/.local/lib/python3.7/site-packages/airflow/example_dags/example_branch_datetime_operator.py took 0.080 seconds
[2024-02-27T13:34:19.623+0000] {processor.py:153} INFO - Started process (PID=745) to work on /home/airflow/.local/lib/python3.7/site-packages/airflow/example_dags/example_branch_datetime_operator.py
[2024-02-27T13:34:19.624+0000] {processor.py:743} INFO - Processing file /home/airflow/.local/lib/python3.7/site-packages/airflow/example_dags/example_branch_datetime_operator.py for tasks to queue
[2024-02-27T13:34:19.625+0000] {logging_mixin.py:137} INFO - [2024-02-27T13:34:19.625+0000] {dagbag.py:538} INFO - Filling up the DagBag from /home/airflow/.local/lib/python3.7/site-packages/airflow/example_dags/example_branch_datetime_operator.py
[2024-02-27T13:34:19.637+0000] {processor.py:753} INFO - DAG(s) dict_keys(['example_branch_datetime_operator_2', 'example_branch_datetime_operator_3', 'example_branch_datetime_operator']) retrieved from /home/airflow/.local/lib/python3.7/site-packages/airflow/example_dags/example_branch_datetime_operator.py
[2024-02-27T13:34:19.659+0000] {logging_mixin.py:137} INFO - [2024-02-27T13:34:19.659+0000] {dag.py:2690} INFO - Sync 3 DAGs
[2024-02-27T13:34:19.677+0000] {logging_mixin.py:137} INFO - [2024-02-27T13:34:19.677+0000] {dag.py:3441} INFO - Setting next_dagrun for example_branch_datetime_operator to 2024-02-26T00:00:00+00:00, run_after=2024-02-27T00:00:00+00:00
[2024-02-27T13:34:19.681+0000] {logging_mixin.py:137} INFO - [2024-02-27T13:34:19.681+0000] {dag.py:3441} INFO - Setting next_dagrun for example_branch_datetime_operator_2 to 2024-02-26T00:00:00+00:00, run_after=2024-02-27T00:00:00+00:00
[2024-02-27T13:34:19.684+0000] {logging_mixin.py:137} INFO - [2024-02-27T13:34:19.684+0000] {dag.py:3441} INFO - Setting next_dagrun for example_branch_datetime_operator_3 to 2024-02-26T00:00:00+00:00, run_after=2024-02-27T00:00:00+00:00
[2024-02-27T13:34:19.697+0000] {processor.py:175} INFO - Processing /home/airflow/.local/lib/python3.7/site-packages/airflow/example_dags/example_branch_datetime_operator.py took 0.076 seconds
[2024-02-27T13:34:50.270+0000] {processor.py:153} INFO - Started process (PID=850) to work on /home/airflow/.local/lib/python3.7/site-packages/airflow/example_dags/example_branch_datetime_operator.py
[2024-02-27T13:34:50.271+0000] {processor.py:743} INFO - Processing file /home/airflow/.local/lib/python3.7/site-packages/airflow/example_dags/example_branch_datetime_operator.py for tasks to queue
[2024-02-27T13:34:50.272+0000] {logging_mixin.py:137} INFO - [2024-02-27T13:34:50.272+0000] {dagbag.py:538} INFO - Filling up the DagBag from /home/airflow/.local/lib/python3.7/site-packages/airflow/example_dags/example_branch_datetime_operator.py
[2024-02-27T13:34:50.285+0000] {processor.py:753} INFO - DAG(s) dict_keys(['example_branch_datetime_operator_2', 'example_branch_datetime_operator_3', 'example_branch_datetime_operator']) retrieved from /home/airflow/.local/lib/python3.7/site-packages/airflow/example_dags/example_branch_datetime_operator.py
[2024-02-27T13:34:50.310+0000] {logging_mixin.py:137} INFO - [2024-02-27T13:34:50.310+0000] {dag.py:2690} INFO - Sync 3 DAGs
[2024-02-27T13:34:50.329+0000] {logging_mixin.py:137} INFO - [2024-02-27T13:34:50.329+0000] {dag.py:3441} INFO - Setting next_dagrun for example_branch_datetime_operator to 2024-02-26T00:00:00+00:00, run_after=2024-02-27T00:00:00+00:00
[2024-02-27T13:34:50.334+0000] {logging_mixin.py:137} INFO - [2024-02-27T13:34:50.333+0000] {dag.py:3441} INFO - Setting next_dagrun for example_branch_datetime_operator_2 to 2024-02-26T00:00:00+00:00, run_after=2024-02-27T00:00:00+00:00
[2024-02-27T13:34:50.336+0000] {logging_mixin.py:137} INFO - [2024-02-27T13:34:50.336+0000] {dag.py:3441} INFO - Setting next_dagrun for example_branch_datetime_operator_3 to 2024-02-26T00:00:00+00:00, run_after=2024-02-27T00:00:00+00:00
[2024-02-27T13:34:50.351+0000] {processor.py:175} INFO - Processing /home/airflow/.local/lib/python3.7/site-packages/airflow/example_dags/example_branch_datetime_operator.py took 0.084 seconds
[2024-02-27T13:35:20.561+0000] {processor.py:153} INFO - Started process (PID=964) to work on /home/airflow/.local/lib/python3.7/site-packages/airflow/example_dags/example_branch_datetime_operator.py
[2024-02-27T13:35:20.562+0000] {processor.py:743} INFO - Processing file /home/airflow/.local/lib/python3.7/site-packages/airflow/example_dags/example_branch_datetime_operator.py for tasks to queue
[2024-02-27T13:35:20.563+0000] {logging_mixin.py:137} INFO - [2024-02-27T13:35:20.563+0000] {dagbag.py:538} INFO - Filling up the DagBag from /home/airflow/.local/lib/python3.7/site-packages/airflow/example_dags/example_branch_datetime_operator.py
[2024-02-27T13:35:20.578+0000] {processor.py:753} INFO - DAG(s) dict_keys(['example_branch_datetime_operator_3', 'example_branch_datetime_operator_2', 'example_branch_datetime_operator']) retrieved from /home/airflow/.local/lib/python3.7/site-packages/airflow/example_dags/example_branch_datetime_operator.py
[2024-02-27T13:35:20.603+0000] {logging_mixin.py:137} INFO - [2024-02-27T13:35:20.603+0000] {dag.py:2690} INFO - Sync 3 DAGs
[2024-02-27T13:35:20.623+0000] {logging_mixin.py:137} INFO - [2024-02-27T13:35:20.623+0000] {dag.py:3441} INFO - Setting next_dagrun for example_branch_datetime_operator to 2024-02-26T00:00:00+00:00, run_after=2024-02-27T00:00:00+00:00
[2024-02-27T13:35:20.627+0000] {logging_mixin.py:137} INFO - [2024-02-27T13:35:20.627+0000] {dag.py:3441} INFO - Setting next_dagrun for example_branch_datetime_operator_2 to 2024-02-26T00:00:00+00:00, run_after=2024-02-27T00:00:00+00:00
[2024-02-27T13:35:20.629+0000] {logging_mixin.py:137} INFO - [2024-02-27T13:35:20.629+0000] {dag.py:3441} INFO - Setting next_dagrun for example_branch_datetime_operator_3 to 2024-02-26T00:00:00+00:00, run_after=2024-02-27T00:00:00+00:00
[2024-02-27T13:35:20.645+0000] {processor.py:175} INFO - Processing /home/airflow/.local/lib/python3.7/site-packages/airflow/example_dags/example_branch_datetime_operator.py took 0.090 seconds
[2024-02-27T13:35:50.740+0000] {processor.py:153} INFO - Started process (PID=1087) to work on /home/airflow/.local/lib/python3.7/site-packages/airflow/example_dags/example_branch_datetime_operator.py
[2024-02-27T13:35:50.742+0000] {processor.py:743} INFO - Processing file /home/airflow/.local/lib/python3.7/site-packages/airflow/example_dags/example_branch_datetime_operator.py for tasks to queue
[2024-02-27T13:35:50.743+0000] {logging_mixin.py:137} INFO - [2024-02-27T13:35:50.743+0000] {dagbag.py:538} INFO - Filling up the DagBag from /home/airflow/.local/lib/python3.7/site-packages/airflow/example_dags/example_branch_datetime_operator.py
[2024-02-27T13:35:50.764+0000] {processor.py:753} INFO - DAG(s) dict_keys(['example_branch_datetime_operator_2', 'example_branch_datetime_operator_3', 'example_branch_datetime_operator']) retrieved from /home/airflow/.local/lib/python3.7/site-packages/airflow/example_dags/example_branch_datetime_operator.py
[2024-02-27T13:35:50.803+0000] {logging_mixin.py:137} INFO - [2024-02-27T13:35:50.803+0000] {dag.py:2690} INFO - Sync 3 DAGs
[2024-02-27T13:35:50.826+0000] {logging_mixin.py:137} INFO - [2024-02-27T13:35:50.826+0000] {dag.py:3441} INFO - Setting next_dagrun for example_branch_datetime_operator to 2024-02-26T00:00:00+00:00, run_after=2024-02-27T00:00:00+00:00
[2024-02-27T13:35:50.831+0000] {logging_mixin.py:137} INFO - [2024-02-27T13:35:50.830+0000] {dag.py:3441} INFO - Setting next_dagrun for example_branch_datetime_operator_2 to 2024-02-26T00:00:00+00:00, run_after=2024-02-27T00:00:00+00:00
[2024-02-27T13:35:50.833+0000] {logging_mixin.py:137} INFO - [2024-02-27T13:35:50.833+0000] {dag.py:3441} INFO - Setting next_dagrun for example_branch_datetime_operator_3 to 2024-02-26T00:00:00+00:00, run_after=2024-02-27T00:00:00+00:00
[2024-02-27T13:35:50.851+0000] {processor.py:175} INFO - Processing /home/airflow/.local/lib/python3.7/site-packages/airflow/example_dags/example_branch_datetime_operator.py took 0.115 seconds
[2024-02-27T13:36:20.986+0000] {processor.py:153} INFO - Started process (PID=1182) to work on /home/airflow/.local/lib/python3.7/site-packages/airflow/example_dags/example_branch_datetime_operator.py
[2024-02-27T13:36:20.987+0000] {processor.py:743} INFO - Processing file /home/airflow/.local/lib/python3.7/site-packages/airflow/example_dags/example_branch_datetime_operator.py for tasks to queue
[2024-02-27T13:36:20.988+0000] {logging_mixin.py:137} INFO - [2024-02-27T13:36:20.988+0000] {dagbag.py:538} INFO - Filling up the DagBag from /home/airflow/.local/lib/python3.7/site-packages/airflow/example_dags/example_branch_datetime_operator.py
[2024-02-27T13:36:21.000+0000] {processor.py:753} INFO - DAG(s) dict_keys(['example_branch_datetime_operator_3', 'example_branch_datetime_operator', 'example_branch_datetime_operator_2']) retrieved from /home/airflow/.local/lib/python3.7/site-packages/airflow/example_dags/example_branch_datetime_operator.py
[2024-02-27T13:36:21.022+0000] {logging_mixin.py:137} INFO - [2024-02-27T13:36:21.022+0000] {dag.py:2690} INFO - Sync 3 DAGs
[2024-02-27T13:36:21.041+0000] {logging_mixin.py:137} INFO - [2024-02-27T13:36:21.041+0000] {dag.py:3441} INFO - Setting next_dagrun for example_branch_datetime_operator to 2024-02-26T00:00:00+00:00, run_after=2024-02-27T00:00:00+00:00
[2024-02-27T13:36:21.045+0000] {logging_mixin.py:137} INFO - [2024-02-27T13:36:21.045+0000] {dag.py:3441} INFO - Setting next_dagrun for example_branch_datetime_operator_2 to 2024-02-26T00:00:00+00:00, run_after=2024-02-27T00:00:00+00:00
[2024-02-27T13:36:21.047+0000] {logging_mixin.py:137} INFO - [2024-02-27T13:36:21.047+0000] {dag.py:3441} INFO - Setting next_dagrun for example_branch_datetime_operator_3 to 2024-02-26T00:00:00+00:00, run_after=2024-02-27T00:00:00+00:00
[2024-02-27T13:36:21.062+0000] {processor.py:175} INFO - Processing /home/airflow/.local/lib/python3.7/site-packages/airflow/example_dags/example_branch_datetime_operator.py took 0.079 seconds
[2024-02-27T13:36:51.292+0000] {processor.py:153} INFO - Started process (PID=1305) to work on /home/airflow/.local/lib/python3.7/site-packages/airflow/example_dags/example_branch_datetime_operator.py
[2024-02-27T13:36:51.293+0000] {processor.py:743} INFO - Processing file /home/airflow/.local/lib/python3.7/site-packages/airflow/example_dags/example_branch_datetime_operator.py for tasks to queue
[2024-02-27T13:36:51.296+0000] {logging_mixin.py:137} INFO - [2024-02-27T13:36:51.296+0000] {dagbag.py:538} INFO - Filling up the DagBag from /home/airflow/.local/lib/python3.7/site-packages/airflow/example_dags/example_branch_datetime_operator.py
[2024-02-27T13:36:51.309+0000] {processor.py:753} INFO - DAG(s) dict_keys(['example_branch_datetime_operator_2', 'example_branch_datetime_operator', 'example_branch_datetime_operator_3']) retrieved from /home/airflow/.local/lib/python3.7/site-packages/airflow/example_dags/example_branch_datetime_operator.py
[2024-02-27T13:36:51.332+0000] {logging_mixin.py:137} INFO - [2024-02-27T13:36:51.331+0000] {dag.py:2690} INFO - Sync 3 DAGs
[2024-02-27T13:36:51.352+0000] {logging_mixin.py:137} INFO - [2024-02-27T13:36:51.352+0000] {dag.py:3441} INFO - Setting next_dagrun for example_branch_datetime_operator to 2024-02-26T00:00:00+00:00, run_after=2024-02-27T00:00:00+00:00
[2024-02-27T13:36:51.355+0000] {logging_mixin.py:137} INFO - [2024-02-27T13:36:51.355+0000] {dag.py:3441} INFO - Setting next_dagrun for example_branch_datetime_operator_2 to 2024-02-26T00:00:00+00:00, run_after=2024-02-27T00:00:00+00:00
[2024-02-27T13:36:51.357+0000] {logging_mixin.py:137} INFO - [2024-02-27T13:36:51.357+0000] {dag.py:3441} INFO - Setting next_dagrun for example_branch_datetime_operator_3 to 2024-02-26T00:00:00+00:00, run_after=2024-02-27T00:00:00+00:00
[2024-02-27T13:36:51.372+0000] {processor.py:175} INFO - Processing /home/airflow/.local/lib/python3.7/site-packages/airflow/example_dags/example_branch_datetime_operator.py took 0.082 seconds
[2024-02-27T13:37:21.461+0000] {processor.py:153} INFO - Started process (PID=1400) to work on /home/airflow/.local/lib/python3.7/site-packages/airflow/example_dags/example_branch_datetime_operator.py
[2024-02-27T13:37:21.462+0000] {processor.py:743} INFO - Processing file /home/airflow/.local/lib/python3.7/site-packages/airflow/example_dags/example_branch_datetime_operator.py for tasks to queue
[2024-02-27T13:37:21.464+0000] {logging_mixin.py:137} INFO - [2024-02-27T13:37:21.463+0000] {dagbag.py:538} INFO - Filling up the DagBag from /home/airflow/.local/lib/python3.7/site-packages/airflow/example_dags/example_branch_datetime_operator.py
[2024-02-27T13:37:21.479+0000] {processor.py:753} INFO - DAG(s) dict_keys(['example_branch_datetime_operator_3', 'example_branch_datetime_operator_2', 'example_branch_datetime_operator']) retrieved from /home/airflow/.local/lib/python3.7/site-packages/airflow/example_dags/example_branch_datetime_operator.py
[2024-02-27T13:37:21.507+0000] {logging_mixin.py:137} INFO - [2024-02-27T13:37:21.507+0000] {dag.py:2690} INFO - Sync 3 DAGs
[2024-02-27T13:37:21.530+0000] {logging_mixin.py:137} INFO - [2024-02-27T13:37:21.530+0000] {dag.py:3441} INFO - Setting next_dagrun for example_branch_datetime_operator to 2024-02-26T00:00:00+00:00, run_after=2024-02-27T00:00:00+00:00
[2024-02-27T13:37:21.535+0000] {logging_mixin.py:137} INFO - [2024-02-27T13:37:21.534+0000] {dag.py:3441} INFO - Setting next_dagrun for example_branch_datetime_operator_2 to 2024-02-26T00:00:00+00:00, run_after=2024-02-27T00:00:00+00:00
[2024-02-27T13:37:21.537+0000] {logging_mixin.py:137} INFO - [2024-02-27T13:37:21.537+0000] {dag.py:3441} INFO - Setting next_dagrun for example_branch_datetime_operator_3 to 2024-02-26T00:00:00+00:00, run_after=2024-02-27T00:00:00+00:00
[2024-02-27T13:37:21.557+0000] {processor.py:175} INFO - Processing /home/airflow/.local/lib/python3.7/site-packages/airflow/example_dags/example_branch_datetime_operator.py took 0.099 seconds
[2024-02-27T13:37:51.882+0000] {processor.py:153} INFO - Started process (PID=1525) to work on /home/airflow/.local/lib/python3.7/site-packages/airflow/example_dags/example_branch_datetime_operator.py
[2024-02-27T13:37:51.883+0000] {processor.py:743} INFO - Processing file /home/airflow/.local/lib/python3.7/site-packages/airflow/example_dags/example_branch_datetime_operator.py for tasks to queue
[2024-02-27T13:37:51.884+0000] {logging_mixin.py:137} INFO - [2024-02-27T13:37:51.884+0000] {dagbag.py:538} INFO - Filling up the DagBag from /home/airflow/.local/lib/python3.7/site-packages/airflow/example_dags/example_branch_datetime_operator.py
[2024-02-27T13:37:51.895+0000] {processor.py:753} INFO - DAG(s) dict_keys(['example_branch_datetime_operator', 'example_branch_datetime_operator_2', 'example_branch_datetime_operator_3']) retrieved from /home/airflow/.local/lib/python3.7/site-packages/airflow/example_dags/example_branch_datetime_operator.py
[2024-02-27T13:37:51.916+0000] {logging_mixin.py:137} INFO - [2024-02-27T13:37:51.916+0000] {dag.py:2690} INFO - Sync 3 DAGs
[2024-02-27T13:37:51.934+0000] {logging_mixin.py:137} INFO - [2024-02-27T13:37:51.934+0000] {dag.py:3441} INFO - Setting next_dagrun for example_branch_datetime_operator to 2024-02-26T00:00:00+00:00, run_after=2024-02-27T00:00:00+00:00
[2024-02-27T13:37:51.937+0000] {logging_mixin.py:137} INFO - [2024-02-27T13:37:51.937+0000] {dag.py:3441} INFO - Setting next_dagrun for example_branch_datetime_operator_2 to 2024-02-26T00:00:00+00:00, run_after=2024-02-27T00:00:00+00:00
[2024-02-27T13:37:51.939+0000] {logging_mixin.py:137} INFO - [2024-02-27T13:37:51.939+0000] {dag.py:3441} INFO - Setting next_dagrun for example_branch_datetime_operator_3 to 2024-02-26T00:00:00+00:00, run_after=2024-02-27T00:00:00+00:00
[2024-02-27T13:37:51.953+0000] {processor.py:175} INFO - Processing /home/airflow/.local/lib/python3.7/site-packages/airflow/example_dags/example_branch_datetime_operator.py took 0.072 seconds
[2024-02-27T13:38:22.161+0000] {processor.py:153} INFO - Started process (PID=1629) to work on /home/airflow/.local/lib/python3.7/site-packages/airflow/example_dags/example_branch_datetime_operator.py
[2024-02-27T13:38:22.162+0000] {processor.py:743} INFO - Processing file /home/airflow/.local/lib/python3.7/site-packages/airflow/example_dags/example_branch_datetime_operator.py for tasks to queue
[2024-02-27T13:38:22.163+0000] {logging_mixin.py:137} INFO - [2024-02-27T13:38:22.163+0000] {dagbag.py:538} INFO - Filling up the DagBag from /home/airflow/.local/lib/python3.7/site-packages/airflow/example_dags/example_branch_datetime_operator.py
[2024-02-27T13:38:22.176+0000] {processor.py:753} INFO - DAG(s) dict_keys(['example_branch_datetime_operator', 'example_branch_datetime_operator_2', 'example_branch_datetime_operator_3']) retrieved from /home/airflow/.local/lib/python3.7/site-packages/airflow/example_dags/example_branch_datetime_operator.py
[2024-02-27T13:38:22.201+0000] {logging_mixin.py:137} INFO - [2024-02-27T13:38:22.200+0000] {dag.py:2690} INFO - Sync 3 DAGs
[2024-02-27T13:38:22.220+0000] {logging_mixin.py:137} INFO - [2024-02-27T13:38:22.220+0000] {dag.py:3441} INFO - Setting next_dagrun for example_branch_datetime_operator to 2024-02-26T00:00:00+00:00, run_after=2024-02-27T00:00:00+00:00
[2024-02-27T13:38:22.225+0000] {logging_mixin.py:137} INFO - [2024-02-27T13:38:22.225+0000] {dag.py:3441} INFO - Setting next_dagrun for example_branch_datetime_operator_2 to 2024-02-26T00:00:00+00:00, run_after=2024-02-27T00:00:00+00:00
[2024-02-27T13:38:22.227+0000] {logging_mixin.py:137} INFO - [2024-02-27T13:38:22.227+0000] {dag.py:3441} INFO - Setting next_dagrun for example_branch_datetime_operator_3 to 2024-02-26T00:00:00+00:00, run_after=2024-02-27T00:00:00+00:00
[2024-02-27T13:38:22.242+0000] {processor.py:175} INFO - Processing /home/airflow/.local/lib/python3.7/site-packages/airflow/example_dags/example_branch_datetime_operator.py took 0.085 seconds
[2024-02-27T13:38:52.505+0000] {processor.py:153} INFO - Started process (PID=1743) to work on /home/airflow/.local/lib/python3.7/site-packages/airflow/example_dags/example_branch_datetime_operator.py
[2024-02-27T13:38:52.506+0000] {processor.py:743} INFO - Processing file /home/airflow/.local/lib/python3.7/site-packages/airflow/example_dags/example_branch_datetime_operator.py for tasks to queue
[2024-02-27T13:38:52.507+0000] {logging_mixin.py:137} INFO - [2024-02-27T13:38:52.507+0000] {dagbag.py:538} INFO - Filling up the DagBag from /home/airflow/.local/lib/python3.7/site-packages/airflow/example_dags/example_branch_datetime_operator.py
[2024-02-27T13:38:52.522+0000] {processor.py:753} INFO - DAG(s) dict_keys(['example_branch_datetime_operator', 'example_branch_datetime_operator_2', 'example_branch_datetime_operator_3']) retrieved from /home/airflow/.local/lib/python3.7/site-packages/airflow/example_dags/example_branch_datetime_operator.py
[2024-02-27T13:38:52.545+0000] {logging_mixin.py:137} INFO - [2024-02-27T13:38:52.545+0000] {dag.py:2690} INFO - Sync 3 DAGs
[2024-02-27T13:38:52.563+0000] {logging_mixin.py:137} INFO - [2024-02-27T13:38:52.563+0000] {dag.py:3441} INFO - Setting next_dagrun for example_branch_datetime_operator to 2024-02-26T00:00:00+00:00, run_after=2024-02-27T00:00:00+00:00
[2024-02-27T13:38:52.567+0000] {logging_mixin.py:137} INFO - [2024-02-27T13:38:52.566+0000] {dag.py:3441} INFO - Setting next_dagrun for example_branch_datetime_operator_2 to 2024-02-26T00:00:00+00:00, run_after=2024-02-27T00:00:00+00:00
[2024-02-27T13:38:52.569+0000] {logging_mixin.py:137} INFO - [2024-02-27T13:38:52.569+0000] {dag.py:3441} INFO - Setting next_dagrun for example_branch_datetime_operator_3 to 2024-02-26T00:00:00+00:00, run_after=2024-02-27T00:00:00+00:00
[2024-02-27T13:38:52.592+0000] {processor.py:175} INFO - Processing /home/airflow/.local/lib/python3.7/site-packages/airflow/example_dags/example_branch_datetime_operator.py took 0.089 seconds
[2024-02-27T13:39:23.453+0000] {processor.py:153} INFO - Started process (PID=1866) to work on /home/airflow/.local/lib/python3.7/site-packages/airflow/example_dags/example_branch_datetime_operator.py
[2024-02-27T13:39:23.454+0000] {processor.py:743} INFO - Processing file /home/airflow/.local/lib/python3.7/site-packages/airflow/example_dags/example_branch_datetime_operator.py for tasks to queue
[2024-02-27T13:39:23.455+0000] {logging_mixin.py:137} INFO - [2024-02-27T13:39:23.455+0000] {dagbag.py:538} INFO - Filling up the DagBag from /home/airflow/.local/lib/python3.7/site-packages/airflow/example_dags/example_branch_datetime_operator.py
[2024-02-27T13:39:23.469+0000] {processor.py:753} INFO - DAG(s) dict_keys(['example_branch_datetime_operator', 'example_branch_datetime_operator_3', 'example_branch_datetime_operator_2']) retrieved from /home/airflow/.local/lib/python3.7/site-packages/airflow/example_dags/example_branch_datetime_operator.py
[2024-02-27T13:39:23.492+0000] {logging_mixin.py:137} INFO - [2024-02-27T13:39:23.492+0000] {dag.py:2690} INFO - Sync 3 DAGs
[2024-02-27T13:39:23.509+0000] {logging_mixin.py:137} INFO - [2024-02-27T13:39:23.509+0000] {dag.py:3441} INFO - Setting next_dagrun for example_branch_datetime_operator to 2024-02-26T00:00:00+00:00, run_after=2024-02-27T00:00:00+00:00
[2024-02-27T13:39:23.513+0000] {logging_mixin.py:137} INFO - [2024-02-27T13:39:23.513+0000] {dag.py:3441} INFO - Setting next_dagrun for example_branch_datetime_operator_2 to 2024-02-26T00:00:00+00:00, run_after=2024-02-27T00:00:00+00:00
[2024-02-27T13:39:23.515+0000] {logging_mixin.py:137} INFO - [2024-02-27T13:39:23.515+0000] {dag.py:3441} INFO - Setting next_dagrun for example_branch_datetime_operator_3 to 2024-02-26T00:00:00+00:00, run_after=2024-02-27T00:00:00+00:00
[2024-02-27T13:39:23.530+0000] {processor.py:175} INFO - Processing /home/airflow/.local/lib/python3.7/site-packages/airflow/example_dags/example_branch_datetime_operator.py took 0.080 seconds
[2024-02-27T13:39:54.171+0000] {processor.py:153} INFO - Started process (PID=1961) to work on /home/airflow/.local/lib/python3.7/site-packages/airflow/example_dags/example_branch_datetime_operator.py
[2024-02-27T13:39:54.172+0000] {processor.py:743} INFO - Processing file /home/airflow/.local/lib/python3.7/site-packages/airflow/example_dags/example_branch_datetime_operator.py for tasks to queue
[2024-02-27T13:39:54.173+0000] {logging_mixin.py:137} INFO - [2024-02-27T13:39:54.173+0000] {dagbag.py:538} INFO - Filling up the DagBag from /home/airflow/.local/lib/python3.7/site-packages/airflow/example_dags/example_branch_datetime_operator.py
[2024-02-27T13:39:54.186+0000] {processor.py:753} INFO - DAG(s) dict_keys(['example_branch_datetime_operator_3', 'example_branch_datetime_operator_2', 'example_branch_datetime_operator']) retrieved from /home/airflow/.local/lib/python3.7/site-packages/airflow/example_dags/example_branch_datetime_operator.py
[2024-02-27T13:39:54.207+0000] {logging_mixin.py:137} INFO - [2024-02-27T13:39:54.207+0000] {dag.py:2690} INFO - Sync 3 DAGs
[2024-02-27T13:39:54.225+0000] {logging_mixin.py:137} INFO - [2024-02-27T13:39:54.225+0000] {dag.py:3441} INFO - Setting next_dagrun for example_branch_datetime_operator to 2024-02-26T00:00:00+00:00, run_after=2024-02-27T00:00:00+00:00
[2024-02-27T13:39:54.229+0000] {logging_mixin.py:137} INFO - [2024-02-27T13:39:54.229+0000] {dag.py:3441} INFO - Setting next_dagrun for example_branch_datetime_operator_2 to 2024-02-26T00:00:00+00:00, run_after=2024-02-27T00:00:00+00:00
[2024-02-27T13:39:54.231+0000] {logging_mixin.py:137} INFO - [2024-02-27T13:39:54.231+0000] {dag.py:3441} INFO - Setting next_dagrun for example_branch_datetime_operator_3 to 2024-02-26T00:00:00+00:00, run_after=2024-02-27T00:00:00+00:00
[2024-02-27T13:39:54.246+0000] {processor.py:175} INFO - Processing /home/airflow/.local/lib/python3.7/site-packages/airflow/example_dags/example_branch_datetime_operator.py took 0.077 seconds
[2024-02-27T13:40:24.457+0000] {processor.py:153} INFO - Started process (PID=2085) to work on /home/airflow/.local/lib/python3.7/site-packages/airflow/example_dags/example_branch_datetime_operator.py
[2024-02-27T13:40:24.458+0000] {processor.py:743} INFO - Processing file /home/airflow/.local/lib/python3.7/site-packages/airflow/example_dags/example_branch_datetime_operator.py for tasks to queue
[2024-02-27T13:40:24.459+0000] {logging_mixin.py:137} INFO - [2024-02-27T13:40:24.459+0000] {dagbag.py:538} INFO - Filling up the DagBag from /home/airflow/.local/lib/python3.7/site-packages/airflow/example_dags/example_branch_datetime_operator.py
[2024-02-27T13:40:24.473+0000] {processor.py:753} INFO - DAG(s) dict_keys(['example_branch_datetime_operator_2', 'example_branch_datetime_operator', 'example_branch_datetime_operator_3']) retrieved from /home/airflow/.local/lib/python3.7/site-packages/airflow/example_dags/example_branch_datetime_operator.py
[2024-02-27T13:40:24.501+0000] {logging_mixin.py:137} INFO - [2024-02-27T13:40:24.501+0000] {dag.py:2690} INFO - Sync 3 DAGs
[2024-02-27T13:40:24.519+0000] {logging_mixin.py:137} INFO - [2024-02-27T13:40:24.519+0000] {dag.py:3441} INFO - Setting next_dagrun for example_branch_datetime_operator to 2024-02-26T00:00:00+00:00, run_after=2024-02-27T00:00:00+00:00
[2024-02-27T13:40:24.523+0000] {logging_mixin.py:137} INFO - [2024-02-27T13:40:24.523+0000] {dag.py:3441} INFO - Setting next_dagrun for example_branch_datetime_operator_2 to 2024-02-26T00:00:00+00:00, run_after=2024-02-27T00:00:00+00:00
[2024-02-27T13:40:24.525+0000] {logging_mixin.py:137} INFO - [2024-02-27T13:40:24.525+0000] {dag.py:3441} INFO - Setting next_dagrun for example_branch_datetime_operator_3 to 2024-02-26T00:00:00+00:00, run_after=2024-02-27T00:00:00+00:00
[2024-02-27T13:40:24.591+0000] {processor.py:175} INFO - Processing /home/airflow/.local/lib/python3.7/site-packages/airflow/example_dags/example_branch_datetime_operator.py took 0.136 seconds
[2024-02-27T13:40:55.204+0000] {processor.py:153} INFO - Started process (PID=2189) to work on /home/airflow/.local/lib/python3.7/site-packages/airflow/example_dags/example_branch_datetime_operator.py
[2024-02-27T13:40:55.205+0000] {processor.py:743} INFO - Processing file /home/airflow/.local/lib/python3.7/site-packages/airflow/example_dags/example_branch_datetime_operator.py for tasks to queue
[2024-02-27T13:40:55.205+0000] {logging_mixin.py:137} INFO - [2024-02-27T13:40:55.205+0000] {dagbag.py:538} INFO - Filling up the DagBag from /home/airflow/.local/lib/python3.7/site-packages/airflow/example_dags/example_branch_datetime_operator.py
[2024-02-27T13:40:55.221+0000] {processor.py:753} INFO - DAG(s) dict_keys(['example_branch_datetime_operator_2', 'example_branch_datetime_operator_3', 'example_branch_datetime_operator']) retrieved from /home/airflow/.local/lib/python3.7/site-packages/airflow/example_dags/example_branch_datetime_operator.py
[2024-02-27T13:40:55.246+0000] {logging_mixin.py:137} INFO - [2024-02-27T13:40:55.246+0000] {dag.py:2690} INFO - Sync 3 DAGs
[2024-02-27T13:40:55.267+0000] {logging_mixin.py:137} INFO - [2024-02-27T13:40:55.267+0000] {dag.py:3441} INFO - Setting next_dagrun for example_branch_datetime_operator to 2024-02-26T00:00:00+00:00, run_after=2024-02-27T00:00:00+00:00
[2024-02-27T13:40:55.272+0000] {logging_mixin.py:137} INFO - [2024-02-27T13:40:55.271+0000] {dag.py:3441} INFO - Setting next_dagrun for example_branch_datetime_operator_2 to 2024-02-26T00:00:00+00:00, run_after=2024-02-27T00:00:00+00:00
[2024-02-27T13:40:55.274+0000] {logging_mixin.py:137} INFO - [2024-02-27T13:40:55.274+0000] {dag.py:3441} INFO - Setting next_dagrun for example_branch_datetime_operator_3 to 2024-02-26T00:00:00+00:00, run_after=2024-02-27T00:00:00+00:00
[2024-02-27T13:40:55.345+0000] {processor.py:175} INFO - Processing /home/airflow/.local/lib/python3.7/site-packages/airflow/example_dags/example_branch_datetime_operator.py took 0.144 seconds
[2024-02-27T13:41:25.794+0000] {processor.py:153} INFO - Started process (PID=2303) to work on /home/airflow/.local/lib/python3.7/site-packages/airflow/example_dags/example_branch_datetime_operator.py
[2024-02-27T13:41:25.795+0000] {processor.py:743} INFO - Processing file /home/airflow/.local/lib/python3.7/site-packages/airflow/example_dags/example_branch_datetime_operator.py for tasks to queue
[2024-02-27T13:41:25.796+0000] {logging_mixin.py:137} INFO - [2024-02-27T13:41:25.796+0000] {dagbag.py:538} INFO - Filling up the DagBag from /home/airflow/.local/lib/python3.7/site-packages/airflow/example_dags/example_branch_datetime_operator.py
[2024-02-27T13:41:25.810+0000] {processor.py:753} INFO - DAG(s) dict_keys(['example_branch_datetime_operator', 'example_branch_datetime_operator_3', 'example_branch_datetime_operator_2']) retrieved from /home/airflow/.local/lib/python3.7/site-packages/airflow/example_dags/example_branch_datetime_operator.py
[2024-02-27T13:41:25.833+0000] {logging_mixin.py:137} INFO - [2024-02-27T13:41:25.833+0000] {dag.py:2690} INFO - Sync 3 DAGs
[2024-02-27T13:41:25.853+0000] {logging_mixin.py:137} INFO - [2024-02-27T13:41:25.853+0000] {dag.py:3441} INFO - Setting next_dagrun for example_branch_datetime_operator to 2024-02-26T00:00:00+00:00, run_after=2024-02-27T00:00:00+00:00
[2024-02-27T13:41:25.859+0000] {logging_mixin.py:137} INFO - [2024-02-27T13:41:25.859+0000] {dag.py:3441} INFO - Setting next_dagrun for example_branch_datetime_operator_2 to 2024-02-26T00:00:00+00:00, run_after=2024-02-27T00:00:00+00:00
[2024-02-27T13:41:25.862+0000] {logging_mixin.py:137} INFO - [2024-02-27T13:41:25.862+0000] {dag.py:3441} INFO - Setting next_dagrun for example_branch_datetime_operator_3 to 2024-02-26T00:00:00+00:00, run_after=2024-02-27T00:00:00+00:00
[2024-02-27T13:41:25.878+0000] {processor.py:175} INFO - Processing /home/airflow/.local/lib/python3.7/site-packages/airflow/example_dags/example_branch_datetime_operator.py took 0.086 seconds
