[2024-02-27T13:31:18.540+0000] {processor.py:153} INFO - Started process (PID=107) to work on /home/airflow/.local/lib/python3.7/site-packages/airflow/example_dags/example_trigger_target_dag.py
[2024-02-27T13:31:18.543+0000] {processor.py:743} INFO - Processing file /home/airflow/.local/lib/python3.7/site-packages/airflow/example_dags/example_trigger_target_dag.py for tasks to queue
[2024-02-27T13:31:18.546+0000] {logging_mixin.py:137} INFO - [2024-02-27T13:31:18.546+0000] {dagbag.py:538} INFO - Filling up the DagBag from /home/airflow/.local/lib/python3.7/site-packages/airflow/example_dags/example_trigger_target_dag.py
[2024-02-27T13:31:18.574+0000] {processor.py:753} INFO - DAG(s) dict_keys(['example_trigger_target_dag']) retrieved from /home/airflow/.local/lib/python3.7/site-packages/airflow/example_dags/example_trigger_target_dag.py
[2024-02-27T13:31:18.691+0000] {logging_mixin.py:137} INFO - [2024-02-27T13:31:18.691+0000] {manager.py:504} INFO - Created Permission View: can edit on DAG:example_trigger_target_dag
[2024-02-27T13:31:18.705+0000] {logging_mixin.py:137} INFO - [2024-02-27T13:31:18.705+0000] {manager.py:504} INFO - Created Permission View: can delete on DAG:example_trigger_target_dag
[2024-02-27T13:31:18.715+0000] {logging_mixin.py:137} INFO - [2024-02-27T13:31:18.714+0000] {manager.py:504} INFO - Created Permission View: can read on DAG:example_trigger_target_dag
[2024-02-27T13:31:18.716+0000] {logging_mixin.py:137} INFO - [2024-02-27T13:31:18.715+0000] {dag.py:2690} INFO - Sync 1 DAGs
[2024-02-27T13:31:18.733+0000] {logging_mixin.py:137} INFO - [2024-02-27T13:31:18.733+0000] {dag.py:2711} INFO - Creating ORM DAG for example_trigger_target_dag
[2024-02-27T13:31:18.745+0000] {logging_mixin.py:137} INFO - [2024-02-27T13:31:18.745+0000] {dag.py:3441} INFO - Setting next_dagrun for example_trigger_target_dag to None, run_after=None
[2024-02-27T13:31:18.767+0000] {processor.py:175} INFO - Processing /home/airflow/.local/lib/python3.7/site-packages/airflow/example_dags/example_trigger_target_dag.py took 0.233 seconds
[2024-02-27T13:31:49.581+0000] {processor.py:153} INFO - Started process (PID=202) to work on /home/airflow/.local/lib/python3.7/site-packages/airflow/example_dags/example_trigger_target_dag.py
[2024-02-27T13:31:49.583+0000] {processor.py:743} INFO - Processing file /home/airflow/.local/lib/python3.7/site-packages/airflow/example_dags/example_trigger_target_dag.py for tasks to queue
[2024-02-27T13:31:49.583+0000] {logging_mixin.py:137} INFO - [2024-02-27T13:31:49.583+0000] {dagbag.py:538} INFO - Filling up the DagBag from /home/airflow/.local/lib/python3.7/site-packages/airflow/example_dags/example_trigger_target_dag.py
[2024-02-27T13:31:49.600+0000] {processor.py:753} INFO - DAG(s) dict_keys(['example_trigger_target_dag']) retrieved from /home/airflow/.local/lib/python3.7/site-packages/airflow/example_dags/example_trigger_target_dag.py
[2024-02-27T13:31:49.619+0000] {logging_mixin.py:137} INFO - [2024-02-27T13:31:49.619+0000] {dag.py:2690} INFO - Sync 1 DAGs
[2024-02-27T13:31:49.637+0000] {logging_mixin.py:137} INFO - [2024-02-27T13:31:49.637+0000] {dag.py:3441} INFO - Setting next_dagrun for example_trigger_target_dag to None, run_after=None
[2024-02-27T13:31:49.651+0000] {processor.py:175} INFO - Processing /home/airflow/.local/lib/python3.7/site-packages/airflow/example_dags/example_trigger_target_dag.py took 0.072 seconds
[2024-02-27T13:32:20.003+0000] {processor.py:153} INFO - Started process (PID=325) to work on /home/airflow/.local/lib/python3.7/site-packages/airflow/example_dags/example_trigger_target_dag.py
[2024-02-27T13:32:20.006+0000] {processor.py:743} INFO - Processing file /home/airflow/.local/lib/python3.7/site-packages/airflow/example_dags/example_trigger_target_dag.py for tasks to queue
[2024-02-27T13:32:20.007+0000] {logging_mixin.py:137} INFO - [2024-02-27T13:32:20.007+0000] {dagbag.py:538} INFO - Filling up the DagBag from /home/airflow/.local/lib/python3.7/site-packages/airflow/example_dags/example_trigger_target_dag.py
[2024-02-27T13:32:20.024+0000] {processor.py:753} INFO - DAG(s) dict_keys(['example_trigger_target_dag']) retrieved from /home/airflow/.local/lib/python3.7/site-packages/airflow/example_dags/example_trigger_target_dag.py
[2024-02-27T13:32:20.042+0000] {logging_mixin.py:137} INFO - [2024-02-27T13:32:20.042+0000] {dag.py:2690} INFO - Sync 1 DAGs
[2024-02-27T13:32:20.060+0000] {logging_mixin.py:137} INFO - [2024-02-27T13:32:20.060+0000] {dag.py:3441} INFO - Setting next_dagrun for example_trigger_target_dag to None, run_after=None
[2024-02-27T13:32:20.076+0000] {processor.py:175} INFO - Processing /home/airflow/.local/lib/python3.7/site-packages/airflow/example_dags/example_trigger_target_dag.py took 0.076 seconds
[2024-02-27T13:32:50.441+0000] {processor.py:153} INFO - Started process (PID=419) to work on /home/airflow/.local/lib/python3.7/site-packages/airflow/example_dags/example_trigger_target_dag.py
[2024-02-27T13:32:50.442+0000] {processor.py:743} INFO - Processing file /home/airflow/.local/lib/python3.7/site-packages/airflow/example_dags/example_trigger_target_dag.py for tasks to queue
[2024-02-27T13:32:50.443+0000] {logging_mixin.py:137} INFO - [2024-02-27T13:32:50.443+0000] {dagbag.py:538} INFO - Filling up the DagBag from /home/airflow/.local/lib/python3.7/site-packages/airflow/example_dags/example_trigger_target_dag.py
[2024-02-27T13:32:50.458+0000] {processor.py:753} INFO - DAG(s) dict_keys(['example_trigger_target_dag']) retrieved from /home/airflow/.local/lib/python3.7/site-packages/airflow/example_dags/example_trigger_target_dag.py
[2024-02-27T13:32:50.476+0000] {logging_mixin.py:137} INFO - [2024-02-27T13:32:50.476+0000] {dag.py:2690} INFO - Sync 1 DAGs
[2024-02-27T13:32:50.493+0000] {logging_mixin.py:137} INFO - [2024-02-27T13:32:50.492+0000] {dag.py:3441} INFO - Setting next_dagrun for example_trigger_target_dag to None, run_after=None
[2024-02-27T13:32:50.508+0000] {processor.py:175} INFO - Processing /home/airflow/.local/lib/python3.7/site-packages/airflow/example_dags/example_trigger_target_dag.py took 0.069 seconds
[2024-02-27T13:33:20.786+0000] {processor.py:153} INFO - Started process (PID=542) to work on /home/airflow/.local/lib/python3.7/site-packages/airflow/example_dags/example_trigger_target_dag.py
[2024-02-27T13:33:20.787+0000] {processor.py:743} INFO - Processing file /home/airflow/.local/lib/python3.7/site-packages/airflow/example_dags/example_trigger_target_dag.py for tasks to queue
[2024-02-27T13:33:20.788+0000] {logging_mixin.py:137} INFO - [2024-02-27T13:33:20.788+0000] {dagbag.py:538} INFO - Filling up the DagBag from /home/airflow/.local/lib/python3.7/site-packages/airflow/example_dags/example_trigger_target_dag.py
[2024-02-27T13:33:20.803+0000] {processor.py:753} INFO - DAG(s) dict_keys(['example_trigger_target_dag']) retrieved from /home/airflow/.local/lib/python3.7/site-packages/airflow/example_dags/example_trigger_target_dag.py
[2024-02-27T13:33:20.821+0000] {logging_mixin.py:137} INFO - [2024-02-27T13:33:20.821+0000] {dag.py:2690} INFO - Sync 1 DAGs
[2024-02-27T13:33:20.838+0000] {logging_mixin.py:137} INFO - [2024-02-27T13:33:20.838+0000] {dag.py:3441} INFO - Setting next_dagrun for example_trigger_target_dag to None, run_after=None
[2024-02-27T13:33:20.854+0000] {processor.py:175} INFO - Processing /home/airflow/.local/lib/python3.7/site-packages/airflow/example_dags/example_trigger_target_dag.py took 0.070 seconds
[2024-02-27T13:33:51.047+0000] {processor.py:153} INFO - Started process (PID=636) to work on /home/airflow/.local/lib/python3.7/site-packages/airflow/example_dags/example_trigger_target_dag.py
[2024-02-27T13:33:51.048+0000] {processor.py:743} INFO - Processing file /home/airflow/.local/lib/python3.7/site-packages/airflow/example_dags/example_trigger_target_dag.py for tasks to queue
[2024-02-27T13:33:51.049+0000] {logging_mixin.py:137} INFO - [2024-02-27T13:33:51.049+0000] {dagbag.py:538} INFO - Filling up the DagBag from /home/airflow/.local/lib/python3.7/site-packages/airflow/example_dags/example_trigger_target_dag.py
[2024-02-27T13:33:51.064+0000] {processor.py:753} INFO - DAG(s) dict_keys(['example_trigger_target_dag']) retrieved from /home/airflow/.local/lib/python3.7/site-packages/airflow/example_dags/example_trigger_target_dag.py
[2024-02-27T13:33:51.083+0000] {logging_mixin.py:137} INFO - [2024-02-27T13:33:51.083+0000] {dag.py:2690} INFO - Sync 1 DAGs
[2024-02-27T13:33:51.101+0000] {logging_mixin.py:137} INFO - [2024-02-27T13:33:51.101+0000] {dag.py:3441} INFO - Setting next_dagrun for example_trigger_target_dag to None, run_after=None
[2024-02-27T13:33:51.116+0000] {processor.py:175} INFO - Processing /home/airflow/.local/lib/python3.7/site-packages/airflow/example_dags/example_trigger_target_dag.py took 0.072 seconds
[2024-02-27T13:34:21.514+0000] {processor.py:153} INFO - Started process (PID=759) to work on /home/airflow/.local/lib/python3.7/site-packages/airflow/example_dags/example_trigger_target_dag.py
[2024-02-27T13:34:21.515+0000] {processor.py:743} INFO - Processing file /home/airflow/.local/lib/python3.7/site-packages/airflow/example_dags/example_trigger_target_dag.py for tasks to queue
[2024-02-27T13:34:21.516+0000] {logging_mixin.py:137} INFO - [2024-02-27T13:34:21.516+0000] {dagbag.py:538} INFO - Filling up the DagBag from /home/airflow/.local/lib/python3.7/site-packages/airflow/example_dags/example_trigger_target_dag.py
[2024-02-27T13:34:21.532+0000] {processor.py:753} INFO - DAG(s) dict_keys(['example_trigger_target_dag']) retrieved from /home/airflow/.local/lib/python3.7/site-packages/airflow/example_dags/example_trigger_target_dag.py
[2024-02-27T13:34:21.552+0000] {logging_mixin.py:137} INFO - [2024-02-27T13:34:21.552+0000] {dag.py:2690} INFO - Sync 1 DAGs
[2024-02-27T13:34:21.569+0000] {logging_mixin.py:137} INFO - [2024-02-27T13:34:21.569+0000] {dag.py:3441} INFO - Setting next_dagrun for example_trigger_target_dag to None, run_after=None
[2024-02-27T13:34:21.585+0000] {processor.py:175} INFO - Processing /home/airflow/.local/lib/python3.7/site-packages/airflow/example_dags/example_trigger_target_dag.py took 0.073 seconds
[2024-02-27T13:34:52.127+0000] {processor.py:153} INFO - Started process (PID=883) to work on /home/airflow/.local/lib/python3.7/site-packages/airflow/example_dags/example_trigger_target_dag.py
[2024-02-27T13:34:52.128+0000] {processor.py:743} INFO - Processing file /home/airflow/.local/lib/python3.7/site-packages/airflow/example_dags/example_trigger_target_dag.py for tasks to queue
[2024-02-27T13:34:52.130+0000] {logging_mixin.py:137} INFO - [2024-02-27T13:34:52.130+0000] {dagbag.py:538} INFO - Filling up the DagBag from /home/airflow/.local/lib/python3.7/site-packages/airflow/example_dags/example_trigger_target_dag.py
[2024-02-27T13:34:52.153+0000] {processor.py:753} INFO - DAG(s) dict_keys(['example_trigger_target_dag']) retrieved from /home/airflow/.local/lib/python3.7/site-packages/airflow/example_dags/example_trigger_target_dag.py
[2024-02-27T13:34:52.179+0000] {logging_mixin.py:137} INFO - [2024-02-27T13:34:52.179+0000] {dag.py:2690} INFO - Sync 1 DAGs
[2024-02-27T13:34:52.199+0000] {logging_mixin.py:137} INFO - [2024-02-27T13:34:52.198+0000] {dag.py:3441} INFO - Setting next_dagrun for example_trigger_target_dag to None, run_after=None
[2024-02-27T13:34:52.216+0000] {processor.py:175} INFO - Processing /home/airflow/.local/lib/python3.7/site-packages/airflow/example_dags/example_trigger_target_dag.py took 0.092 seconds
[2024-02-27T13:35:22.253+0000] {processor.py:153} INFO - Started process (PID=978) to work on /home/airflow/.local/lib/python3.7/site-packages/airflow/example_dags/example_trigger_target_dag.py
[2024-02-27T13:35:22.254+0000] {processor.py:743} INFO - Processing file /home/airflow/.local/lib/python3.7/site-packages/airflow/example_dags/example_trigger_target_dag.py for tasks to queue
[2024-02-27T13:35:22.256+0000] {logging_mixin.py:137} INFO - [2024-02-27T13:35:22.256+0000] {dagbag.py:538} INFO - Filling up the DagBag from /home/airflow/.local/lib/python3.7/site-packages/airflow/example_dags/example_trigger_target_dag.py
[2024-02-27T13:35:22.275+0000] {processor.py:753} INFO - DAG(s) dict_keys(['example_trigger_target_dag']) retrieved from /home/airflow/.local/lib/python3.7/site-packages/airflow/example_dags/example_trigger_target_dag.py
[2024-02-27T13:35:22.299+0000] {logging_mixin.py:137} INFO - [2024-02-27T13:35:22.298+0000] {dag.py:2690} INFO - Sync 1 DAGs
[2024-02-27T13:35:22.319+0000] {logging_mixin.py:137} INFO - [2024-02-27T13:35:22.319+0000] {dag.py:3441} INFO - Setting next_dagrun for example_trigger_target_dag to None, run_after=None
[2024-02-27T13:35:22.340+0000] {processor.py:175} INFO - Processing /home/airflow/.local/lib/python3.7/site-packages/airflow/example_dags/example_trigger_target_dag.py took 0.089 seconds
[2024-02-27T13:35:52.538+0000] {processor.py:153} INFO - Started process (PID=1101) to work on /home/airflow/.local/lib/python3.7/site-packages/airflow/example_dags/example_trigger_target_dag.py
[2024-02-27T13:35:52.539+0000] {processor.py:743} INFO - Processing file /home/airflow/.local/lib/python3.7/site-packages/airflow/example_dags/example_trigger_target_dag.py for tasks to queue
[2024-02-27T13:35:52.540+0000] {logging_mixin.py:137} INFO - [2024-02-27T13:35:52.540+0000] {dagbag.py:538} INFO - Filling up the DagBag from /home/airflow/.local/lib/python3.7/site-packages/airflow/example_dags/example_trigger_target_dag.py
[2024-02-27T13:35:52.554+0000] {processor.py:753} INFO - DAG(s) dict_keys(['example_trigger_target_dag']) retrieved from /home/airflow/.local/lib/python3.7/site-packages/airflow/example_dags/example_trigger_target_dag.py
[2024-02-27T13:35:52.573+0000] {logging_mixin.py:137} INFO - [2024-02-27T13:35:52.573+0000] {dag.py:2690} INFO - Sync 1 DAGs
[2024-02-27T13:35:52.590+0000] {logging_mixin.py:137} INFO - [2024-02-27T13:35:52.590+0000] {dag.py:3441} INFO - Setting next_dagrun for example_trigger_target_dag to None, run_after=None
[2024-02-27T13:35:52.606+0000] {processor.py:175} INFO - Processing /home/airflow/.local/lib/python3.7/site-packages/airflow/example_dags/example_trigger_target_dag.py took 0.070 seconds
[2024-02-27T13:36:22.794+0000] {processor.py:153} INFO - Started process (PID=1196) to work on /home/airflow/.local/lib/python3.7/site-packages/airflow/example_dags/example_trigger_target_dag.py
[2024-02-27T13:36:22.794+0000] {processor.py:743} INFO - Processing file /home/airflow/.local/lib/python3.7/site-packages/airflow/example_dags/example_trigger_target_dag.py for tasks to queue
[2024-02-27T13:36:22.795+0000] {logging_mixin.py:137} INFO - [2024-02-27T13:36:22.795+0000] {dagbag.py:538} INFO - Filling up the DagBag from /home/airflow/.local/lib/python3.7/site-packages/airflow/example_dags/example_trigger_target_dag.py
[2024-02-27T13:36:22.811+0000] {processor.py:753} INFO - DAG(s) dict_keys(['example_trigger_target_dag']) retrieved from /home/airflow/.local/lib/python3.7/site-packages/airflow/example_dags/example_trigger_target_dag.py
[2024-02-27T13:36:22.830+0000] {logging_mixin.py:137} INFO - [2024-02-27T13:36:22.829+0000] {dag.py:2690} INFO - Sync 1 DAGs
[2024-02-27T13:36:22.847+0000] {logging_mixin.py:137} INFO - [2024-02-27T13:36:22.847+0000] {dag.py:3441} INFO - Setting next_dagrun for example_trigger_target_dag to None, run_after=None
[2024-02-27T13:36:22.860+0000] {processor.py:175} INFO - Processing /home/airflow/.local/lib/python3.7/site-packages/airflow/example_dags/example_trigger_target_dag.py took 0.069 seconds
[2024-02-27T13:36:53.058+0000] {processor.py:153} INFO - Started process (PID=1319) to work on /home/airflow/.local/lib/python3.7/site-packages/airflow/example_dags/example_trigger_target_dag.py
[2024-02-27T13:36:53.060+0000] {processor.py:743} INFO - Processing file /home/airflow/.local/lib/python3.7/site-packages/airflow/example_dags/example_trigger_target_dag.py for tasks to queue
[2024-02-27T13:36:53.060+0000] {logging_mixin.py:137} INFO - [2024-02-27T13:36:53.060+0000] {dagbag.py:538} INFO - Filling up the DagBag from /home/airflow/.local/lib/python3.7/site-packages/airflow/example_dags/example_trigger_target_dag.py
[2024-02-27T13:36:53.079+0000] {processor.py:753} INFO - DAG(s) dict_keys(['example_trigger_target_dag']) retrieved from /home/airflow/.local/lib/python3.7/site-packages/airflow/example_dags/example_trigger_target_dag.py
[2024-02-27T13:36:53.098+0000] {logging_mixin.py:137} INFO - [2024-02-27T13:36:53.098+0000] {dag.py:2690} INFO - Sync 1 DAGs
[2024-02-27T13:36:53.116+0000] {logging_mixin.py:137} INFO - [2024-02-27T13:36:53.116+0000] {dag.py:3441} INFO - Setting next_dagrun for example_trigger_target_dag to None, run_after=None
[2024-02-27T13:36:53.131+0000] {processor.py:175} INFO - Processing /home/airflow/.local/lib/python3.7/site-packages/airflow/example_dags/example_trigger_target_dag.py took 0.075 seconds
[2024-02-27T13:37:23.429+0000] {processor.py:153} INFO - Started process (PID=1414) to work on /home/airflow/.local/lib/python3.7/site-packages/airflow/example_dags/example_trigger_target_dag.py
[2024-02-27T13:37:23.431+0000] {processor.py:743} INFO - Processing file /home/airflow/.local/lib/python3.7/site-packages/airflow/example_dags/example_trigger_target_dag.py for tasks to queue
[2024-02-27T13:37:23.433+0000] {logging_mixin.py:137} INFO - [2024-02-27T13:37:23.433+0000] {dagbag.py:538} INFO - Filling up the DagBag from /home/airflow/.local/lib/python3.7/site-packages/airflow/example_dags/example_trigger_target_dag.py
[2024-02-27T13:37:23.447+0000] {processor.py:753} INFO - DAG(s) dict_keys(['example_trigger_target_dag']) retrieved from /home/airflow/.local/lib/python3.7/site-packages/airflow/example_dags/example_trigger_target_dag.py
[2024-02-27T13:37:23.466+0000] {logging_mixin.py:137} INFO - [2024-02-27T13:37:23.466+0000] {dag.py:2690} INFO - Sync 1 DAGs
[2024-02-27T13:37:23.485+0000] {logging_mixin.py:137} INFO - [2024-02-27T13:37:23.485+0000] {dag.py:3441} INFO - Setting next_dagrun for example_trigger_target_dag to None, run_after=None
[2024-02-27T13:37:23.500+0000] {processor.py:175} INFO - Processing /home/airflow/.local/lib/python3.7/site-packages/airflow/example_dags/example_trigger_target_dag.py took 0.074 seconds
[2024-02-27T13:37:53.703+0000] {processor.py:153} INFO - Started process (PID=1539) to work on /home/airflow/.local/lib/python3.7/site-packages/airflow/example_dags/example_trigger_target_dag.py
[2024-02-27T13:37:53.704+0000] {processor.py:743} INFO - Processing file /home/airflow/.local/lib/python3.7/site-packages/airflow/example_dags/example_trigger_target_dag.py for tasks to queue
[2024-02-27T13:37:53.705+0000] {logging_mixin.py:137} INFO - [2024-02-27T13:37:53.705+0000] {dagbag.py:538} INFO - Filling up the DagBag from /home/airflow/.local/lib/python3.7/site-packages/airflow/example_dags/example_trigger_target_dag.py
[2024-02-27T13:37:53.720+0000] {processor.py:753} INFO - DAG(s) dict_keys(['example_trigger_target_dag']) retrieved from /home/airflow/.local/lib/python3.7/site-packages/airflow/example_dags/example_trigger_target_dag.py
[2024-02-27T13:37:53.740+0000] {logging_mixin.py:137} INFO - [2024-02-27T13:37:53.740+0000] {dag.py:2690} INFO - Sync 1 DAGs
[2024-02-27T13:37:53.757+0000] {logging_mixin.py:137} INFO - [2024-02-27T13:37:53.757+0000] {dag.py:3441} INFO - Setting next_dagrun for example_trigger_target_dag to None, run_after=None
[2024-02-27T13:37:53.773+0000] {processor.py:175} INFO - Processing /home/airflow/.local/lib/python3.7/site-packages/airflow/example_dags/example_trigger_target_dag.py took 0.073 seconds
[2024-02-27T13:38:24.126+0000] {processor.py:153} INFO - Started process (PID=1662) to work on /home/airflow/.local/lib/python3.7/site-packages/airflow/example_dags/example_trigger_target_dag.py
[2024-02-27T13:38:24.127+0000] {processor.py:743} INFO - Processing file /home/airflow/.local/lib/python3.7/site-packages/airflow/example_dags/example_trigger_target_dag.py for tasks to queue
[2024-02-27T13:38:24.128+0000] {logging_mixin.py:137} INFO - [2024-02-27T13:38:24.128+0000] {dagbag.py:538} INFO - Filling up the DagBag from /home/airflow/.local/lib/python3.7/site-packages/airflow/example_dags/example_trigger_target_dag.py
[2024-02-27T13:38:24.142+0000] {processor.py:753} INFO - DAG(s) dict_keys(['example_trigger_target_dag']) retrieved from /home/airflow/.local/lib/python3.7/site-packages/airflow/example_dags/example_trigger_target_dag.py
[2024-02-27T13:38:24.162+0000] {logging_mixin.py:137} INFO - [2024-02-27T13:38:24.162+0000] {dag.py:2690} INFO - Sync 1 DAGs
[2024-02-27T13:38:24.179+0000] {logging_mixin.py:137} INFO - [2024-02-27T13:38:24.178+0000] {dag.py:3441} INFO - Setting next_dagrun for example_trigger_target_dag to None, run_after=None
[2024-02-27T13:38:24.192+0000] {processor.py:175} INFO - Processing /home/airflow/.local/lib/python3.7/site-packages/airflow/example_dags/example_trigger_target_dag.py took 0.068 seconds
[2024-02-27T13:38:54.490+0000] {processor.py:153} INFO - Started process (PID=1757) to work on /home/airflow/.local/lib/python3.7/site-packages/airflow/example_dags/example_trigger_target_dag.py
[2024-02-27T13:38:54.491+0000] {processor.py:743} INFO - Processing file /home/airflow/.local/lib/python3.7/site-packages/airflow/example_dags/example_trigger_target_dag.py for tasks to queue
[2024-02-27T13:38:54.492+0000] {logging_mixin.py:137} INFO - [2024-02-27T13:38:54.492+0000] {dagbag.py:538} INFO - Filling up the DagBag from /home/airflow/.local/lib/python3.7/site-packages/airflow/example_dags/example_trigger_target_dag.py
[2024-02-27T13:38:54.509+0000] {processor.py:753} INFO - DAG(s) dict_keys(['example_trigger_target_dag']) retrieved from /home/airflow/.local/lib/python3.7/site-packages/airflow/example_dags/example_trigger_target_dag.py
[2024-02-27T13:38:54.528+0000] {logging_mixin.py:137} INFO - [2024-02-27T13:38:54.528+0000] {dag.py:2690} INFO - Sync 1 DAGs
[2024-02-27T13:38:54.545+0000] {logging_mixin.py:137} INFO - [2024-02-27T13:38:54.545+0000] {dag.py:3441} INFO - Setting next_dagrun for example_trigger_target_dag to None, run_after=None
[2024-02-27T13:38:54.560+0000] {processor.py:175} INFO - Processing /home/airflow/.local/lib/python3.7/site-packages/airflow/example_dags/example_trigger_target_dag.py took 0.072 seconds
[2024-02-27T13:39:25.139+0000] {processor.py:153} INFO - Started process (PID=1880) to work on /home/airflow/.local/lib/python3.7/site-packages/airflow/example_dags/example_trigger_target_dag.py
[2024-02-27T13:39:25.140+0000] {processor.py:743} INFO - Processing file /home/airflow/.local/lib/python3.7/site-packages/airflow/example_dags/example_trigger_target_dag.py for tasks to queue
[2024-02-27T13:39:25.141+0000] {logging_mixin.py:137} INFO - [2024-02-27T13:39:25.141+0000] {dagbag.py:538} INFO - Filling up the DagBag from /home/airflow/.local/lib/python3.7/site-packages/airflow/example_dags/example_trigger_target_dag.py
[2024-02-27T13:39:25.156+0000] {processor.py:753} INFO - DAG(s) dict_keys(['example_trigger_target_dag']) retrieved from /home/airflow/.local/lib/python3.7/site-packages/airflow/example_dags/example_trigger_target_dag.py
[2024-02-27T13:39:25.173+0000] {logging_mixin.py:137} INFO - [2024-02-27T13:39:25.173+0000] {dag.py:2690} INFO - Sync 1 DAGs
[2024-02-27T13:39:25.190+0000] {logging_mixin.py:137} INFO - [2024-02-27T13:39:25.190+0000] {dag.py:3441} INFO - Setting next_dagrun for example_trigger_target_dag to None, run_after=None
[2024-02-27T13:39:25.205+0000] {processor.py:175} INFO - Processing /home/airflow/.local/lib/python3.7/site-packages/airflow/example_dags/example_trigger_target_dag.py took 0.067 seconds
[2024-02-27T13:39:55.868+0000] {processor.py:153} INFO - Started process (PID=1975) to work on /home/airflow/.local/lib/python3.7/site-packages/airflow/example_dags/example_trigger_target_dag.py
[2024-02-27T13:39:55.869+0000] {processor.py:743} INFO - Processing file /home/airflow/.local/lib/python3.7/site-packages/airflow/example_dags/example_trigger_target_dag.py for tasks to queue
[2024-02-27T13:39:55.870+0000] {logging_mixin.py:137} INFO - [2024-02-27T13:39:55.870+0000] {dagbag.py:538} INFO - Filling up the DagBag from /home/airflow/.local/lib/python3.7/site-packages/airflow/example_dags/example_trigger_target_dag.py
[2024-02-27T13:39:55.886+0000] {processor.py:753} INFO - DAG(s) dict_keys(['example_trigger_target_dag']) retrieved from /home/airflow/.local/lib/python3.7/site-packages/airflow/example_dags/example_trigger_target_dag.py
[2024-02-27T13:39:55.908+0000] {logging_mixin.py:137} INFO - [2024-02-27T13:39:55.908+0000] {dag.py:2690} INFO - Sync 1 DAGs
[2024-02-27T13:39:55.932+0000] {logging_mixin.py:137} INFO - [2024-02-27T13:39:55.932+0000] {dag.py:3441} INFO - Setting next_dagrun for example_trigger_target_dag to None, run_after=None
[2024-02-27T13:39:55.950+0000] {processor.py:175} INFO - Processing /home/airflow/.local/lib/python3.7/site-packages/airflow/example_dags/example_trigger_target_dag.py took 0.084 seconds
[2024-02-27T13:40:26.277+0000] {processor.py:153} INFO - Started process (PID=2099) to work on /home/airflow/.local/lib/python3.7/site-packages/airflow/example_dags/example_trigger_target_dag.py
[2024-02-27T13:40:26.278+0000] {processor.py:743} INFO - Processing file /home/airflow/.local/lib/python3.7/site-packages/airflow/example_dags/example_trigger_target_dag.py for tasks to queue
[2024-02-27T13:40:26.279+0000] {logging_mixin.py:137} INFO - [2024-02-27T13:40:26.279+0000] {dagbag.py:538} INFO - Filling up the DagBag from /home/airflow/.local/lib/python3.7/site-packages/airflow/example_dags/example_trigger_target_dag.py
[2024-02-27T13:40:26.295+0000] {processor.py:753} INFO - DAG(s) dict_keys(['example_trigger_target_dag']) retrieved from /home/airflow/.local/lib/python3.7/site-packages/airflow/example_dags/example_trigger_target_dag.py
[2024-02-27T13:40:26.316+0000] {logging_mixin.py:137} INFO - [2024-02-27T13:40:26.315+0000] {dag.py:2690} INFO - Sync 1 DAGs
[2024-02-27T13:40:26.333+0000] {logging_mixin.py:137} INFO - [2024-02-27T13:40:26.332+0000] {dag.py:3441} INFO - Setting next_dagrun for example_trigger_target_dag to None, run_after=None
[2024-02-27T13:40:26.348+0000] {processor.py:175} INFO - Processing /home/airflow/.local/lib/python3.7/site-packages/airflow/example_dags/example_trigger_target_dag.py took 0.073 seconds
[2024-02-27T13:40:57.274+0000] {processor.py:153} INFO - Started process (PID=2222) to work on /home/airflow/.local/lib/python3.7/site-packages/airflow/example_dags/example_trigger_target_dag.py
[2024-02-27T13:40:57.275+0000] {processor.py:743} INFO - Processing file /home/airflow/.local/lib/python3.7/site-packages/airflow/example_dags/example_trigger_target_dag.py for tasks to queue
[2024-02-27T13:40:57.276+0000] {logging_mixin.py:137} INFO - [2024-02-27T13:40:57.276+0000] {dagbag.py:538} INFO - Filling up the DagBag from /home/airflow/.local/lib/python3.7/site-packages/airflow/example_dags/example_trigger_target_dag.py
[2024-02-27T13:40:57.292+0000] {processor.py:753} INFO - DAG(s) dict_keys(['example_trigger_target_dag']) retrieved from /home/airflow/.local/lib/python3.7/site-packages/airflow/example_dags/example_trigger_target_dag.py
[2024-02-27T13:40:57.311+0000] {logging_mixin.py:137} INFO - [2024-02-27T13:40:57.311+0000] {dag.py:2690} INFO - Sync 1 DAGs
[2024-02-27T13:40:57.331+0000] {logging_mixin.py:137} INFO - [2024-02-27T13:40:57.331+0000] {dag.py:3441} INFO - Setting next_dagrun for example_trigger_target_dag to None, run_after=None
[2024-02-27T13:40:57.349+0000] {processor.py:175} INFO - Processing /home/airflow/.local/lib/python3.7/site-packages/airflow/example_dags/example_trigger_target_dag.py took 0.078 seconds
[2024-02-27T13:41:27.741+0000] {processor.py:153} INFO - Started process (PID=2317) to work on /home/airflow/.local/lib/python3.7/site-packages/airflow/example_dags/example_trigger_target_dag.py
[2024-02-27T13:41:27.742+0000] {processor.py:743} INFO - Processing file /home/airflow/.local/lib/python3.7/site-packages/airflow/example_dags/example_trigger_target_dag.py for tasks to queue
[2024-02-27T13:41:27.743+0000] {logging_mixin.py:137} INFO - [2024-02-27T13:41:27.742+0000] {dagbag.py:538} INFO - Filling up the DagBag from /home/airflow/.local/lib/python3.7/site-packages/airflow/example_dags/example_trigger_target_dag.py
[2024-02-27T13:41:27.762+0000] {processor.py:753} INFO - DAG(s) dict_keys(['example_trigger_target_dag']) retrieved from /home/airflow/.local/lib/python3.7/site-packages/airflow/example_dags/example_trigger_target_dag.py
[2024-02-27T13:41:27.782+0000] {logging_mixin.py:137} INFO - [2024-02-27T13:41:27.782+0000] {dag.py:2690} INFO - Sync 1 DAGs
[2024-02-27T13:41:27.801+0000] {logging_mixin.py:137} INFO - [2024-02-27T13:41:27.801+0000] {dag.py:3441} INFO - Setting next_dagrun for example_trigger_target_dag to None, run_after=None
[2024-02-27T13:41:27.817+0000] {processor.py:175} INFO - Processing /home/airflow/.local/lib/python3.7/site-packages/airflow/example_dags/example_trigger_target_dag.py took 0.078 seconds
