[2024-02-27T13:31:19.049+0000] {processor.py:153} INFO - Started process (PID=111) to work on /home/airflow/.local/lib/python3.7/site-packages/airflow/example_dags/example_python_operator.py
[2024-02-27T13:31:19.051+0000] {processor.py:743} INFO - Processing file /home/airflow/.local/lib/python3.7/site-packages/airflow/example_dags/example_python_operator.py for tasks to queue
[2024-02-27T13:31:19.052+0000] {logging_mixin.py:137} INFO - [2024-02-27T13:31:19.052+0000] {dagbag.py:538} INFO - Filling up the DagBag from /home/airflow/.local/lib/python3.7/site-packages/airflow/example_dags/example_python_operator.py
[2024-02-27T13:31:19.067+0000] {logging_mixin.py:137} INFO - [2024-02-27T13:31:19.067+0000] {taskmixin.py:205} WARNING - Dependency <Task(_PythonDecoratedOperator): print_the_context>, log_sql_query already registered for DAG: example_python_operator
[2024-02-27T13:31:19.068+0000] {logging_mixin.py:137} INFO - [2024-02-27T13:31:19.068+0000] {taskmixin.py:205} WARNING - Dependency <Task(_PythonDecoratedOperator): log_sql_query>, print_the_context already registered for DAG: example_python_operator
[2024-02-27T13:31:19.069+0000] {logging_mixin.py:137} INFO - [2024-02-27T13:31:19.068+0000] {taskmixin.py:205} WARNING - Dependency <Task(_PythonDecoratedOperator): print_the_context>, log_sql_query already registered for DAG: example_python_operator
[2024-02-27T13:31:19.069+0000] {logging_mixin.py:137} INFO - [2024-02-27T13:31:19.069+0000] {taskmixin.py:205} WARNING - Dependency <Task(_PythonDecoratedOperator): log_sql_query>, print_the_context already registered for DAG: example_python_operator
[2024-02-27T13:31:19.070+0000] {logging_mixin.py:137} INFO - [2024-02-27T13:31:19.070+0000] {taskmixin.py:205} WARNING - Dependency <Task(_PythonDecoratedOperator): print_the_context>, log_sql_query already registered for DAG: example_python_operator
[2024-02-27T13:31:19.070+0000] {logging_mixin.py:137} INFO - [2024-02-27T13:31:19.070+0000] {taskmixin.py:205} WARNING - Dependency <Task(_PythonDecoratedOperator): log_sql_query>, print_the_context already registered for DAG: example_python_operator
[2024-02-27T13:31:19.070+0000] {logging_mixin.py:137} INFO - [2024-02-27T13:31:19.070+0000] {taskmixin.py:205} WARNING - Dependency <Task(_PythonDecoratedOperator): print_the_context>, log_sql_query already registered for DAG: example_python_operator
[2024-02-27T13:31:19.071+0000] {logging_mixin.py:137} INFO - [2024-02-27T13:31:19.071+0000] {taskmixin.py:205} WARNING - Dependency <Task(_PythonDecoratedOperator): log_sql_query>, print_the_context already registered for DAG: example_python_operator
[2024-02-27T13:31:19.078+0000] {processor.py:753} INFO - DAG(s) dict_keys(['example_python_operator']) retrieved from /home/airflow/.local/lib/python3.7/site-packages/airflow/example_dags/example_python_operator.py
[2024-02-27T13:31:19.226+0000] {logging_mixin.py:137} INFO - [2024-02-27T13:31:19.226+0000] {manager.py:504} INFO - Created Permission View: can edit on DAG:example_python_operator
[2024-02-27T13:31:19.244+0000] {logging_mixin.py:137} INFO - [2024-02-27T13:31:19.244+0000] {manager.py:504} INFO - Created Permission View: can delete on DAG:example_python_operator
[2024-02-27T13:31:19.259+0000] {logging_mixin.py:137} INFO - [2024-02-27T13:31:19.259+0000] {manager.py:504} INFO - Created Permission View: can read on DAG:example_python_operator
[2024-02-27T13:31:19.260+0000] {logging_mixin.py:137} INFO - [2024-02-27T13:31:19.260+0000] {dag.py:2690} INFO - Sync 1 DAGs
[2024-02-27T13:31:19.271+0000] {logging_mixin.py:137} INFO - [2024-02-27T13:31:19.271+0000] {dag.py:2711} INFO - Creating ORM DAG for example_python_operator
[2024-02-27T13:31:19.281+0000] {logging_mixin.py:137} INFO - [2024-02-27T13:31:19.281+0000] {dag.py:3441} INFO - Setting next_dagrun for example_python_operator to None, run_after=None
[2024-02-27T13:31:19.299+0000] {processor.py:175} INFO - Processing /home/airflow/.local/lib/python3.7/site-packages/airflow/example_dags/example_python_operator.py took 0.254 seconds
[2024-02-27T13:31:49.817+0000] {processor.py:153} INFO - Started process (PID=206) to work on /home/airflow/.local/lib/python3.7/site-packages/airflow/example_dags/example_python_operator.py
[2024-02-27T13:31:49.819+0000] {processor.py:743} INFO - Processing file /home/airflow/.local/lib/python3.7/site-packages/airflow/example_dags/example_python_operator.py for tasks to queue
[2024-02-27T13:31:49.820+0000] {logging_mixin.py:137} INFO - [2024-02-27T13:31:49.820+0000] {dagbag.py:538} INFO - Filling up the DagBag from /home/airflow/.local/lib/python3.7/site-packages/airflow/example_dags/example_python_operator.py
[2024-02-27T13:31:49.835+0000] {logging_mixin.py:137} INFO - [2024-02-27T13:31:49.835+0000] {taskmixin.py:205} WARNING - Dependency <Task(_PythonDecoratedOperator): print_the_context>, log_sql_query already registered for DAG: example_python_operator
[2024-02-27T13:31:49.835+0000] {logging_mixin.py:137} INFO - [2024-02-27T13:31:49.835+0000] {taskmixin.py:205} WARNING - Dependency <Task(_PythonDecoratedOperator): log_sql_query>, print_the_context already registered for DAG: example_python_operator
[2024-02-27T13:31:49.836+0000] {logging_mixin.py:137} INFO - [2024-02-27T13:31:49.836+0000] {taskmixin.py:205} WARNING - Dependency <Task(_PythonDecoratedOperator): print_the_context>, log_sql_query already registered for DAG: example_python_operator
[2024-02-27T13:31:49.837+0000] {logging_mixin.py:137} INFO - [2024-02-27T13:31:49.836+0000] {taskmixin.py:205} WARNING - Dependency <Task(_PythonDecoratedOperator): log_sql_query>, print_the_context already registered for DAG: example_python_operator
[2024-02-27T13:31:49.838+0000] {logging_mixin.py:137} INFO - [2024-02-27T13:31:49.838+0000] {taskmixin.py:205} WARNING - Dependency <Task(_PythonDecoratedOperator): print_the_context>, log_sql_query already registered for DAG: example_python_operator
[2024-02-27T13:31:49.838+0000] {logging_mixin.py:137} INFO - [2024-02-27T13:31:49.838+0000] {taskmixin.py:205} WARNING - Dependency <Task(_PythonDecoratedOperator): log_sql_query>, print_the_context already registered for DAG: example_python_operator
[2024-02-27T13:31:49.839+0000] {logging_mixin.py:137} INFO - [2024-02-27T13:31:49.839+0000] {taskmixin.py:205} WARNING - Dependency <Task(_PythonDecoratedOperator): print_the_context>, log_sql_query already registered for DAG: example_python_operator
[2024-02-27T13:31:49.839+0000] {logging_mixin.py:137} INFO - [2024-02-27T13:31:49.839+0000] {taskmixin.py:205} WARNING - Dependency <Task(_PythonDecoratedOperator): log_sql_query>, print_the_context already registered for DAG: example_python_operator
[2024-02-27T13:31:49.845+0000] {processor.py:753} INFO - DAG(s) dict_keys(['example_python_operator']) retrieved from /home/airflow/.local/lib/python3.7/site-packages/airflow/example_dags/example_python_operator.py
[2024-02-27T13:31:49.866+0000] {logging_mixin.py:137} INFO - [2024-02-27T13:31:49.866+0000] {dag.py:2690} INFO - Sync 1 DAGs
[2024-02-27T13:31:49.889+0000] {logging_mixin.py:137} INFO - [2024-02-27T13:31:49.889+0000] {dag.py:3441} INFO - Setting next_dagrun for example_python_operator to None, run_after=None
[2024-02-27T13:31:49.908+0000] {processor.py:175} INFO - Processing /home/airflow/.local/lib/python3.7/site-packages/airflow/example_dags/example_python_operator.py took 0.094 seconds
[2024-02-27T13:32:20.259+0000] {processor.py:153} INFO - Started process (PID=329) to work on /home/airflow/.local/lib/python3.7/site-packages/airflow/example_dags/example_python_operator.py
[2024-02-27T13:32:20.269+0000] {processor.py:743} INFO - Processing file /home/airflow/.local/lib/python3.7/site-packages/airflow/example_dags/example_python_operator.py for tasks to queue
[2024-02-27T13:32:20.272+0000] {logging_mixin.py:137} INFO - [2024-02-27T13:32:20.272+0000] {dagbag.py:538} INFO - Filling up the DagBag from /home/airflow/.local/lib/python3.7/site-packages/airflow/example_dags/example_python_operator.py
[2024-02-27T13:32:20.287+0000] {logging_mixin.py:137} INFO - [2024-02-27T13:32:20.286+0000] {taskmixin.py:205} WARNING - Dependency <Task(_PythonDecoratedOperator): print_the_context>, log_sql_query already registered for DAG: example_python_operator
[2024-02-27T13:32:20.288+0000] {logging_mixin.py:137} INFO - [2024-02-27T13:32:20.288+0000] {taskmixin.py:205} WARNING - Dependency <Task(_PythonDecoratedOperator): log_sql_query>, print_the_context already registered for DAG: example_python_operator
[2024-02-27T13:32:20.289+0000] {logging_mixin.py:137} INFO - [2024-02-27T13:32:20.289+0000] {taskmixin.py:205} WARNING - Dependency <Task(_PythonDecoratedOperator): print_the_context>, log_sql_query already registered for DAG: example_python_operator
[2024-02-27T13:32:20.290+0000] {logging_mixin.py:137} INFO - [2024-02-27T13:32:20.290+0000] {taskmixin.py:205} WARNING - Dependency <Task(_PythonDecoratedOperator): log_sql_query>, print_the_context already registered for DAG: example_python_operator
[2024-02-27T13:32:20.291+0000] {logging_mixin.py:137} INFO - [2024-02-27T13:32:20.291+0000] {taskmixin.py:205} WARNING - Dependency <Task(_PythonDecoratedOperator): print_the_context>, log_sql_query already registered for DAG: example_python_operator
[2024-02-27T13:32:20.292+0000] {logging_mixin.py:137} INFO - [2024-02-27T13:32:20.292+0000] {taskmixin.py:205} WARNING - Dependency <Task(_PythonDecoratedOperator): log_sql_query>, print_the_context already registered for DAG: example_python_operator
[2024-02-27T13:32:20.293+0000] {logging_mixin.py:137} INFO - [2024-02-27T13:32:20.293+0000] {taskmixin.py:205} WARNING - Dependency <Task(_PythonDecoratedOperator): print_the_context>, log_sql_query already registered for DAG: example_python_operator
[2024-02-27T13:32:20.293+0000] {logging_mixin.py:137} INFO - [2024-02-27T13:32:20.293+0000] {taskmixin.py:205} WARNING - Dependency <Task(_PythonDecoratedOperator): log_sql_query>, print_the_context already registered for DAG: example_python_operator
[2024-02-27T13:32:20.299+0000] {processor.py:753} INFO - DAG(s) dict_keys(['example_python_operator']) retrieved from /home/airflow/.local/lib/python3.7/site-packages/airflow/example_dags/example_python_operator.py
[2024-02-27T13:32:20.318+0000] {logging_mixin.py:137} INFO - [2024-02-27T13:32:20.318+0000] {dag.py:2690} INFO - Sync 1 DAGs
[2024-02-27T13:32:20.336+0000] {logging_mixin.py:137} INFO - [2024-02-27T13:32:20.336+0000] {dag.py:3441} INFO - Setting next_dagrun for example_python_operator to None, run_after=None
[2024-02-27T13:32:20.353+0000] {processor.py:175} INFO - Processing /home/airflow/.local/lib/python3.7/site-packages/airflow/example_dags/example_python_operator.py took 0.096 seconds
[2024-02-27T13:32:50.657+0000] {processor.py:153} INFO - Started process (PID=423) to work on /home/airflow/.local/lib/python3.7/site-packages/airflow/example_dags/example_python_operator.py
[2024-02-27T13:32:50.658+0000] {processor.py:743} INFO - Processing file /home/airflow/.local/lib/python3.7/site-packages/airflow/example_dags/example_python_operator.py for tasks to queue
[2024-02-27T13:32:50.658+0000] {logging_mixin.py:137} INFO - [2024-02-27T13:32:50.658+0000] {dagbag.py:538} INFO - Filling up the DagBag from /home/airflow/.local/lib/python3.7/site-packages/airflow/example_dags/example_python_operator.py
[2024-02-27T13:32:50.672+0000] {logging_mixin.py:137} INFO - [2024-02-27T13:32:50.672+0000] {taskmixin.py:205} WARNING - Dependency <Task(_PythonDecoratedOperator): print_the_context>, log_sql_query already registered for DAG: example_python_operator
[2024-02-27T13:32:50.673+0000] {logging_mixin.py:137} INFO - [2024-02-27T13:32:50.673+0000] {taskmixin.py:205} WARNING - Dependency <Task(_PythonDecoratedOperator): log_sql_query>, print_the_context already registered for DAG: example_python_operator
[2024-02-27T13:32:50.674+0000] {logging_mixin.py:137} INFO - [2024-02-27T13:32:50.674+0000] {taskmixin.py:205} WARNING - Dependency <Task(_PythonDecoratedOperator): print_the_context>, log_sql_query already registered for DAG: example_python_operator
[2024-02-27T13:32:50.674+0000] {logging_mixin.py:137} INFO - [2024-02-27T13:32:50.674+0000] {taskmixin.py:205} WARNING - Dependency <Task(_PythonDecoratedOperator): log_sql_query>, print_the_context already registered for DAG: example_python_operator
[2024-02-27T13:32:50.675+0000] {logging_mixin.py:137} INFO - [2024-02-27T13:32:50.675+0000] {taskmixin.py:205} WARNING - Dependency <Task(_PythonDecoratedOperator): print_the_context>, log_sql_query already registered for DAG: example_python_operator
[2024-02-27T13:32:50.676+0000] {logging_mixin.py:137} INFO - [2024-02-27T13:32:50.676+0000] {taskmixin.py:205} WARNING - Dependency <Task(_PythonDecoratedOperator): log_sql_query>, print_the_context already registered for DAG: example_python_operator
[2024-02-27T13:32:50.677+0000] {logging_mixin.py:137} INFO - [2024-02-27T13:32:50.677+0000] {taskmixin.py:205} WARNING - Dependency <Task(_PythonDecoratedOperator): print_the_context>, log_sql_query already registered for DAG: example_python_operator
[2024-02-27T13:32:50.677+0000] {logging_mixin.py:137} INFO - [2024-02-27T13:32:50.677+0000] {taskmixin.py:205} WARNING - Dependency <Task(_PythonDecoratedOperator): log_sql_query>, print_the_context already registered for DAG: example_python_operator
[2024-02-27T13:32:50.682+0000] {processor.py:753} INFO - DAG(s) dict_keys(['example_python_operator']) retrieved from /home/airflow/.local/lib/python3.7/site-packages/airflow/example_dags/example_python_operator.py
[2024-02-27T13:32:50.702+0000] {logging_mixin.py:137} INFO - [2024-02-27T13:32:50.702+0000] {dag.py:2690} INFO - Sync 1 DAGs
[2024-02-27T13:32:50.719+0000] {logging_mixin.py:137} INFO - [2024-02-27T13:32:50.719+0000] {dag.py:3441} INFO - Setting next_dagrun for example_python_operator to None, run_after=None
[2024-02-27T13:32:50.733+0000] {processor.py:175} INFO - Processing /home/airflow/.local/lib/python3.7/site-packages/airflow/example_dags/example_python_operator.py took 0.079 seconds
[2024-02-27T13:33:21.028+0000] {processor.py:153} INFO - Started process (PID=546) to work on /home/airflow/.local/lib/python3.7/site-packages/airflow/example_dags/example_python_operator.py
[2024-02-27T13:33:21.029+0000] {processor.py:743} INFO - Processing file /home/airflow/.local/lib/python3.7/site-packages/airflow/example_dags/example_python_operator.py for tasks to queue
[2024-02-27T13:33:21.030+0000] {logging_mixin.py:137} INFO - [2024-02-27T13:33:21.030+0000] {dagbag.py:538} INFO - Filling up the DagBag from /home/airflow/.local/lib/python3.7/site-packages/airflow/example_dags/example_python_operator.py
[2024-02-27T13:33:21.044+0000] {logging_mixin.py:137} INFO - [2024-02-27T13:33:21.044+0000] {taskmixin.py:205} WARNING - Dependency <Task(_PythonDecoratedOperator): print_the_context>, log_sql_query already registered for DAG: example_python_operator
[2024-02-27T13:33:21.045+0000] {logging_mixin.py:137} INFO - [2024-02-27T13:33:21.045+0000] {taskmixin.py:205} WARNING - Dependency <Task(_PythonDecoratedOperator): log_sql_query>, print_the_context already registered for DAG: example_python_operator
[2024-02-27T13:33:21.046+0000] {logging_mixin.py:137} INFO - [2024-02-27T13:33:21.045+0000] {taskmixin.py:205} WARNING - Dependency <Task(_PythonDecoratedOperator): print_the_context>, log_sql_query already registered for DAG: example_python_operator
[2024-02-27T13:33:21.046+0000] {logging_mixin.py:137} INFO - [2024-02-27T13:33:21.046+0000] {taskmixin.py:205} WARNING - Dependency <Task(_PythonDecoratedOperator): log_sql_query>, print_the_context already registered for DAG: example_python_operator
[2024-02-27T13:33:21.047+0000] {logging_mixin.py:137} INFO - [2024-02-27T13:33:21.047+0000] {taskmixin.py:205} WARNING - Dependency <Task(_PythonDecoratedOperator): print_the_context>, log_sql_query already registered for DAG: example_python_operator
[2024-02-27T13:33:21.047+0000] {logging_mixin.py:137} INFO - [2024-02-27T13:33:21.047+0000] {taskmixin.py:205} WARNING - Dependency <Task(_PythonDecoratedOperator): log_sql_query>, print_the_context already registered for DAG: example_python_operator
[2024-02-27T13:33:21.048+0000] {logging_mixin.py:137} INFO - [2024-02-27T13:33:21.048+0000] {taskmixin.py:205} WARNING - Dependency <Task(_PythonDecoratedOperator): print_the_context>, log_sql_query already registered for DAG: example_python_operator
[2024-02-27T13:33:21.049+0000] {logging_mixin.py:137} INFO - [2024-02-27T13:33:21.049+0000] {taskmixin.py:205} WARNING - Dependency <Task(_PythonDecoratedOperator): log_sql_query>, print_the_context already registered for DAG: example_python_operator
[2024-02-27T13:33:21.054+0000] {processor.py:753} INFO - DAG(s) dict_keys(['example_python_operator']) retrieved from /home/airflow/.local/lib/python3.7/site-packages/airflow/example_dags/example_python_operator.py
[2024-02-27T13:33:21.073+0000] {logging_mixin.py:137} INFO - [2024-02-27T13:33:21.073+0000] {dag.py:2690} INFO - Sync 1 DAGs
[2024-02-27T13:33:21.098+0000] {logging_mixin.py:137} INFO - [2024-02-27T13:33:21.098+0000] {dag.py:3441} INFO - Setting next_dagrun for example_python_operator to None, run_after=None
[2024-02-27T13:33:21.113+0000] {processor.py:175} INFO - Processing /home/airflow/.local/lib/python3.7/site-packages/airflow/example_dags/example_python_operator.py took 0.088 seconds
[2024-02-27T13:33:51.357+0000] {processor.py:153} INFO - Started process (PID=640) to work on /home/airflow/.local/lib/python3.7/site-packages/airflow/example_dags/example_python_operator.py
[2024-02-27T13:33:51.358+0000] {processor.py:743} INFO - Processing file /home/airflow/.local/lib/python3.7/site-packages/airflow/example_dags/example_python_operator.py for tasks to queue
[2024-02-27T13:33:51.359+0000] {logging_mixin.py:137} INFO - [2024-02-27T13:33:51.359+0000] {dagbag.py:538} INFO - Filling up the DagBag from /home/airflow/.local/lib/python3.7/site-packages/airflow/example_dags/example_python_operator.py
[2024-02-27T13:33:51.374+0000] {logging_mixin.py:137} INFO - [2024-02-27T13:33:51.374+0000] {taskmixin.py:205} WARNING - Dependency <Task(_PythonDecoratedOperator): print_the_context>, log_sql_query already registered for DAG: example_python_operator
[2024-02-27T13:33:51.375+0000] {logging_mixin.py:137} INFO - [2024-02-27T13:33:51.374+0000] {taskmixin.py:205} WARNING - Dependency <Task(_PythonDecoratedOperator): log_sql_query>, print_the_context already registered for DAG: example_python_operator
[2024-02-27T13:33:51.376+0000] {logging_mixin.py:137} INFO - [2024-02-27T13:33:51.375+0000] {taskmixin.py:205} WARNING - Dependency <Task(_PythonDecoratedOperator): print_the_context>, log_sql_query already registered for DAG: example_python_operator
[2024-02-27T13:33:51.376+0000] {logging_mixin.py:137} INFO - [2024-02-27T13:33:51.376+0000] {taskmixin.py:205} WARNING - Dependency <Task(_PythonDecoratedOperator): log_sql_query>, print_the_context already registered for DAG: example_python_operator
[2024-02-27T13:33:51.377+0000] {logging_mixin.py:137} INFO - [2024-02-27T13:33:51.377+0000] {taskmixin.py:205} WARNING - Dependency <Task(_PythonDecoratedOperator): print_the_context>, log_sql_query already registered for DAG: example_python_operator
[2024-02-27T13:33:51.377+0000] {logging_mixin.py:137} INFO - [2024-02-27T13:33:51.377+0000] {taskmixin.py:205} WARNING - Dependency <Task(_PythonDecoratedOperator): log_sql_query>, print_the_context already registered for DAG: example_python_operator
[2024-02-27T13:33:51.378+0000] {logging_mixin.py:137} INFO - [2024-02-27T13:33:51.378+0000] {taskmixin.py:205} WARNING - Dependency <Task(_PythonDecoratedOperator): print_the_context>, log_sql_query already registered for DAG: example_python_operator
[2024-02-27T13:33:51.379+0000] {logging_mixin.py:137} INFO - [2024-02-27T13:33:51.379+0000] {taskmixin.py:205} WARNING - Dependency <Task(_PythonDecoratedOperator): log_sql_query>, print_the_context already registered for DAG: example_python_operator
[2024-02-27T13:33:51.385+0000] {processor.py:753} INFO - DAG(s) dict_keys(['example_python_operator']) retrieved from /home/airflow/.local/lib/python3.7/site-packages/airflow/example_dags/example_python_operator.py
[2024-02-27T13:33:51.407+0000] {logging_mixin.py:137} INFO - [2024-02-27T13:33:51.407+0000] {dag.py:2690} INFO - Sync 1 DAGs
[2024-02-27T13:33:51.429+0000] {logging_mixin.py:137} INFO - [2024-02-27T13:33:51.429+0000] {dag.py:3441} INFO - Setting next_dagrun for example_python_operator to None, run_after=None
[2024-02-27T13:33:51.445+0000] {processor.py:175} INFO - Processing /home/airflow/.local/lib/python3.7/site-packages/airflow/example_dags/example_python_operator.py took 0.091 seconds
[2024-02-27T13:34:21.772+0000] {processor.py:153} INFO - Started process (PID=763) to work on /home/airflow/.local/lib/python3.7/site-packages/airflow/example_dags/example_python_operator.py
[2024-02-27T13:34:21.775+0000] {processor.py:743} INFO - Processing file /home/airflow/.local/lib/python3.7/site-packages/airflow/example_dags/example_python_operator.py for tasks to queue
[2024-02-27T13:34:21.776+0000] {logging_mixin.py:137} INFO - [2024-02-27T13:34:21.776+0000] {dagbag.py:538} INFO - Filling up the DagBag from /home/airflow/.local/lib/python3.7/site-packages/airflow/example_dags/example_python_operator.py
[2024-02-27T13:34:21.792+0000] {logging_mixin.py:137} INFO - [2024-02-27T13:34:21.792+0000] {taskmixin.py:205} WARNING - Dependency <Task(_PythonDecoratedOperator): print_the_context>, log_sql_query already registered for DAG: example_python_operator
[2024-02-27T13:34:21.792+0000] {logging_mixin.py:137} INFO - [2024-02-27T13:34:21.792+0000] {taskmixin.py:205} WARNING - Dependency <Task(_PythonDecoratedOperator): log_sql_query>, print_the_context already registered for DAG: example_python_operator
[2024-02-27T13:34:21.793+0000] {logging_mixin.py:137} INFO - [2024-02-27T13:34:21.793+0000] {taskmixin.py:205} WARNING - Dependency <Task(_PythonDecoratedOperator): print_the_context>, log_sql_query already registered for DAG: example_python_operator
[2024-02-27T13:34:21.793+0000] {logging_mixin.py:137} INFO - [2024-02-27T13:34:21.793+0000] {taskmixin.py:205} WARNING - Dependency <Task(_PythonDecoratedOperator): log_sql_query>, print_the_context already registered for DAG: example_python_operator
[2024-02-27T13:34:21.795+0000] {logging_mixin.py:137} INFO - [2024-02-27T13:34:21.795+0000] {taskmixin.py:205} WARNING - Dependency <Task(_PythonDecoratedOperator): print_the_context>, log_sql_query already registered for DAG: example_python_operator
[2024-02-27T13:34:21.796+0000] {logging_mixin.py:137} INFO - [2024-02-27T13:34:21.796+0000] {taskmixin.py:205} WARNING - Dependency <Task(_PythonDecoratedOperator): log_sql_query>, print_the_context already registered for DAG: example_python_operator
[2024-02-27T13:34:21.797+0000] {logging_mixin.py:137} INFO - [2024-02-27T13:34:21.797+0000] {taskmixin.py:205} WARNING - Dependency <Task(_PythonDecoratedOperator): print_the_context>, log_sql_query already registered for DAG: example_python_operator
[2024-02-27T13:34:21.798+0000] {logging_mixin.py:137} INFO - [2024-02-27T13:34:21.797+0000] {taskmixin.py:205} WARNING - Dependency <Task(_PythonDecoratedOperator): log_sql_query>, print_the_context already registered for DAG: example_python_operator
[2024-02-27T13:34:21.803+0000] {processor.py:753} INFO - DAG(s) dict_keys(['example_python_operator']) retrieved from /home/airflow/.local/lib/python3.7/site-packages/airflow/example_dags/example_python_operator.py
[2024-02-27T13:34:21.821+0000] {logging_mixin.py:137} INFO - [2024-02-27T13:34:21.821+0000] {dag.py:2690} INFO - Sync 1 DAGs
[2024-02-27T13:34:21.838+0000] {logging_mixin.py:137} INFO - [2024-02-27T13:34:21.838+0000] {dag.py:3441} INFO - Setting next_dagrun for example_python_operator to None, run_after=None
[2024-02-27T13:34:21.854+0000] {processor.py:175} INFO - Processing /home/airflow/.local/lib/python3.7/site-packages/airflow/example_dags/example_python_operator.py took 0.088 seconds
[2024-02-27T13:34:52.340+0000] {processor.py:153} INFO - Started process (PID=887) to work on /home/airflow/.local/lib/python3.7/site-packages/airflow/example_dags/example_python_operator.py
[2024-02-27T13:34:52.341+0000] {processor.py:743} INFO - Processing file /home/airflow/.local/lib/python3.7/site-packages/airflow/example_dags/example_python_operator.py for tasks to queue
[2024-02-27T13:34:52.348+0000] {logging_mixin.py:137} INFO - [2024-02-27T13:34:52.348+0000] {dagbag.py:538} INFO - Filling up the DagBag from /home/airflow/.local/lib/python3.7/site-packages/airflow/example_dags/example_python_operator.py
[2024-02-27T13:34:52.361+0000] {logging_mixin.py:137} INFO - [2024-02-27T13:34:52.361+0000] {taskmixin.py:205} WARNING - Dependency <Task(_PythonDecoratedOperator): print_the_context>, log_sql_query already registered for DAG: example_python_operator
[2024-02-27T13:34:52.362+0000] {logging_mixin.py:137} INFO - [2024-02-27T13:34:52.362+0000] {taskmixin.py:205} WARNING - Dependency <Task(_PythonDecoratedOperator): log_sql_query>, print_the_context already registered for DAG: example_python_operator
[2024-02-27T13:34:52.363+0000] {logging_mixin.py:137} INFO - [2024-02-27T13:34:52.363+0000] {taskmixin.py:205} WARNING - Dependency <Task(_PythonDecoratedOperator): print_the_context>, log_sql_query already registered for DAG: example_python_operator
[2024-02-27T13:34:52.364+0000] {logging_mixin.py:137} INFO - [2024-02-27T13:34:52.364+0000] {taskmixin.py:205} WARNING - Dependency <Task(_PythonDecoratedOperator): log_sql_query>, print_the_context already registered for DAG: example_python_operator
[2024-02-27T13:34:52.364+0000] {logging_mixin.py:137} INFO - [2024-02-27T13:34:52.364+0000] {taskmixin.py:205} WARNING - Dependency <Task(_PythonDecoratedOperator): print_the_context>, log_sql_query already registered for DAG: example_python_operator
[2024-02-27T13:34:52.365+0000] {logging_mixin.py:137} INFO - [2024-02-27T13:34:52.365+0000] {taskmixin.py:205} WARNING - Dependency <Task(_PythonDecoratedOperator): log_sql_query>, print_the_context already registered for DAG: example_python_operator
[2024-02-27T13:34:52.366+0000] {logging_mixin.py:137} INFO - [2024-02-27T13:34:52.366+0000] {taskmixin.py:205} WARNING - Dependency <Task(_PythonDecoratedOperator): print_the_context>, log_sql_query already registered for DAG: example_python_operator
[2024-02-27T13:34:52.367+0000] {logging_mixin.py:137} INFO - [2024-02-27T13:34:52.366+0000] {taskmixin.py:205} WARNING - Dependency <Task(_PythonDecoratedOperator): log_sql_query>, print_the_context already registered for DAG: example_python_operator
[2024-02-27T13:34:52.373+0000] {processor.py:753} INFO - DAG(s) dict_keys(['example_python_operator']) retrieved from /home/airflow/.local/lib/python3.7/site-packages/airflow/example_dags/example_python_operator.py
[2024-02-27T13:34:52.392+0000] {logging_mixin.py:137} INFO - [2024-02-27T13:34:52.392+0000] {dag.py:2690} INFO - Sync 1 DAGs
[2024-02-27T13:34:52.409+0000] {logging_mixin.py:137} INFO - [2024-02-27T13:34:52.409+0000] {dag.py:3441} INFO - Setting next_dagrun for example_python_operator to None, run_after=None
[2024-02-27T13:34:52.424+0000] {processor.py:175} INFO - Processing /home/airflow/.local/lib/python3.7/site-packages/airflow/example_dags/example_python_operator.py took 0.086 seconds
[2024-02-27T13:35:22.492+0000] {processor.py:153} INFO - Started process (PID=982) to work on /home/airflow/.local/lib/python3.7/site-packages/airflow/example_dags/example_python_operator.py
[2024-02-27T13:35:22.493+0000] {processor.py:743} INFO - Processing file /home/airflow/.local/lib/python3.7/site-packages/airflow/example_dags/example_python_operator.py for tasks to queue
[2024-02-27T13:35:22.494+0000] {logging_mixin.py:137} INFO - [2024-02-27T13:35:22.494+0000] {dagbag.py:538} INFO - Filling up the DagBag from /home/airflow/.local/lib/python3.7/site-packages/airflow/example_dags/example_python_operator.py
[2024-02-27T13:35:22.508+0000] {logging_mixin.py:137} INFO - [2024-02-27T13:35:22.508+0000] {taskmixin.py:205} WARNING - Dependency <Task(_PythonDecoratedOperator): print_the_context>, log_sql_query already registered for DAG: example_python_operator
[2024-02-27T13:35:22.509+0000] {logging_mixin.py:137} INFO - [2024-02-27T13:35:22.509+0000] {taskmixin.py:205} WARNING - Dependency <Task(_PythonDecoratedOperator): log_sql_query>, print_the_context already registered for DAG: example_python_operator
[2024-02-27T13:35:22.510+0000] {logging_mixin.py:137} INFO - [2024-02-27T13:35:22.510+0000] {taskmixin.py:205} WARNING - Dependency <Task(_PythonDecoratedOperator): print_the_context>, log_sql_query already registered for DAG: example_python_operator
[2024-02-27T13:35:22.510+0000] {logging_mixin.py:137} INFO - [2024-02-27T13:35:22.510+0000] {taskmixin.py:205} WARNING - Dependency <Task(_PythonDecoratedOperator): log_sql_query>, print_the_context already registered for DAG: example_python_operator
[2024-02-27T13:35:22.511+0000] {logging_mixin.py:137} INFO - [2024-02-27T13:35:22.511+0000] {taskmixin.py:205} WARNING - Dependency <Task(_PythonDecoratedOperator): print_the_context>, log_sql_query already registered for DAG: example_python_operator
[2024-02-27T13:35:22.511+0000] {logging_mixin.py:137} INFO - [2024-02-27T13:35:22.511+0000] {taskmixin.py:205} WARNING - Dependency <Task(_PythonDecoratedOperator): log_sql_query>, print_the_context already registered for DAG: example_python_operator
[2024-02-27T13:35:22.512+0000] {logging_mixin.py:137} INFO - [2024-02-27T13:35:22.512+0000] {taskmixin.py:205} WARNING - Dependency <Task(_PythonDecoratedOperator): print_the_context>, log_sql_query already registered for DAG: example_python_operator
[2024-02-27T13:35:22.512+0000] {logging_mixin.py:137} INFO - [2024-02-27T13:35:22.512+0000] {taskmixin.py:205} WARNING - Dependency <Task(_PythonDecoratedOperator): log_sql_query>, print_the_context already registered for DAG: example_python_operator
[2024-02-27T13:35:22.518+0000] {processor.py:753} INFO - DAG(s) dict_keys(['example_python_operator']) retrieved from /home/airflow/.local/lib/python3.7/site-packages/airflow/example_dags/example_python_operator.py
[2024-02-27T13:35:22.538+0000] {logging_mixin.py:137} INFO - [2024-02-27T13:35:22.538+0000] {dag.py:2690} INFO - Sync 1 DAGs
[2024-02-27T13:35:22.561+0000] {logging_mixin.py:137} INFO - [2024-02-27T13:35:22.561+0000] {dag.py:3441} INFO - Setting next_dagrun for example_python_operator to None, run_after=None
[2024-02-27T13:35:22.581+0000] {processor.py:175} INFO - Processing /home/airflow/.local/lib/python3.7/site-packages/airflow/example_dags/example_python_operator.py took 0.092 seconds
[2024-02-27T13:35:52.751+0000] {processor.py:153} INFO - Started process (PID=1105) to work on /home/airflow/.local/lib/python3.7/site-packages/airflow/example_dags/example_python_operator.py
[2024-02-27T13:35:52.755+0000] {processor.py:743} INFO - Processing file /home/airflow/.local/lib/python3.7/site-packages/airflow/example_dags/example_python_operator.py for tasks to queue
[2024-02-27T13:35:52.756+0000] {logging_mixin.py:137} INFO - [2024-02-27T13:35:52.756+0000] {dagbag.py:538} INFO - Filling up the DagBag from /home/airflow/.local/lib/python3.7/site-packages/airflow/example_dags/example_python_operator.py
[2024-02-27T13:35:52.768+0000] {logging_mixin.py:137} INFO - [2024-02-27T13:35:52.768+0000] {taskmixin.py:205} WARNING - Dependency <Task(_PythonDecoratedOperator): print_the_context>, log_sql_query already registered for DAG: example_python_operator
[2024-02-27T13:35:52.769+0000] {logging_mixin.py:137} INFO - [2024-02-27T13:35:52.769+0000] {taskmixin.py:205} WARNING - Dependency <Task(_PythonDecoratedOperator): log_sql_query>, print_the_context already registered for DAG: example_python_operator
[2024-02-27T13:35:52.770+0000] {logging_mixin.py:137} INFO - [2024-02-27T13:35:52.770+0000] {taskmixin.py:205} WARNING - Dependency <Task(_PythonDecoratedOperator): print_the_context>, log_sql_query already registered for DAG: example_python_operator
[2024-02-27T13:35:52.771+0000] {logging_mixin.py:137} INFO - [2024-02-27T13:35:52.770+0000] {taskmixin.py:205} WARNING - Dependency <Task(_PythonDecoratedOperator): log_sql_query>, print_the_context already registered for DAG: example_python_operator
[2024-02-27T13:35:52.771+0000] {logging_mixin.py:137} INFO - [2024-02-27T13:35:52.771+0000] {taskmixin.py:205} WARNING - Dependency <Task(_PythonDecoratedOperator): print_the_context>, log_sql_query already registered for DAG: example_python_operator
[2024-02-27T13:35:52.772+0000] {logging_mixin.py:137} INFO - [2024-02-27T13:35:52.772+0000] {taskmixin.py:205} WARNING - Dependency <Task(_PythonDecoratedOperator): log_sql_query>, print_the_context already registered for DAG: example_python_operator
[2024-02-27T13:35:52.773+0000] {logging_mixin.py:137} INFO - [2024-02-27T13:35:52.773+0000] {taskmixin.py:205} WARNING - Dependency <Task(_PythonDecoratedOperator): print_the_context>, log_sql_query already registered for DAG: example_python_operator
[2024-02-27T13:35:52.774+0000] {logging_mixin.py:137} INFO - [2024-02-27T13:35:52.773+0000] {taskmixin.py:205} WARNING - Dependency <Task(_PythonDecoratedOperator): log_sql_query>, print_the_context already registered for DAG: example_python_operator
[2024-02-27T13:35:52.779+0000] {processor.py:753} INFO - DAG(s) dict_keys(['example_python_operator']) retrieved from /home/airflow/.local/lib/python3.7/site-packages/airflow/example_dags/example_python_operator.py
[2024-02-27T13:35:52.801+0000] {logging_mixin.py:137} INFO - [2024-02-27T13:35:52.801+0000] {dag.py:2690} INFO - Sync 1 DAGs
[2024-02-27T13:35:52.822+0000] {logging_mixin.py:137} INFO - [2024-02-27T13:35:52.822+0000] {dag.py:3441} INFO - Setting next_dagrun for example_python_operator to None, run_after=None
[2024-02-27T13:35:52.838+0000] {processor.py:175} INFO - Processing /home/airflow/.local/lib/python3.7/site-packages/airflow/example_dags/example_python_operator.py took 0.089 seconds
[2024-02-27T13:36:22.983+0000] {processor.py:153} INFO - Started process (PID=1200) to work on /home/airflow/.local/lib/python3.7/site-packages/airflow/example_dags/example_python_operator.py
[2024-02-27T13:36:22.984+0000] {processor.py:743} INFO - Processing file /home/airflow/.local/lib/python3.7/site-packages/airflow/example_dags/example_python_operator.py for tasks to queue
[2024-02-27T13:36:22.985+0000] {logging_mixin.py:137} INFO - [2024-02-27T13:36:22.985+0000] {dagbag.py:538} INFO - Filling up the DagBag from /home/airflow/.local/lib/python3.7/site-packages/airflow/example_dags/example_python_operator.py
[2024-02-27T13:36:22.998+0000] {logging_mixin.py:137} INFO - [2024-02-27T13:36:22.997+0000] {taskmixin.py:205} WARNING - Dependency <Task(_PythonDecoratedOperator): print_the_context>, log_sql_query already registered for DAG: example_python_operator
[2024-02-27T13:36:22.998+0000] {logging_mixin.py:137} INFO - [2024-02-27T13:36:22.998+0000] {taskmixin.py:205} WARNING - Dependency <Task(_PythonDecoratedOperator): log_sql_query>, print_the_context already registered for DAG: example_python_operator
[2024-02-27T13:36:22.999+0000] {logging_mixin.py:137} INFO - [2024-02-27T13:36:22.999+0000] {taskmixin.py:205} WARNING - Dependency <Task(_PythonDecoratedOperator): print_the_context>, log_sql_query already registered for DAG: example_python_operator
[2024-02-27T13:36:23.000+0000] {logging_mixin.py:137} INFO - [2024-02-27T13:36:23.000+0000] {taskmixin.py:205} WARNING - Dependency <Task(_PythonDecoratedOperator): log_sql_query>, print_the_context already registered for DAG: example_python_operator
[2024-02-27T13:36:23.001+0000] {logging_mixin.py:137} INFO - [2024-02-27T13:36:23.001+0000] {taskmixin.py:205} WARNING - Dependency <Task(_PythonDecoratedOperator): print_the_context>, log_sql_query already registered for DAG: example_python_operator
[2024-02-27T13:36:23.001+0000] {logging_mixin.py:137} INFO - [2024-02-27T13:36:23.001+0000] {taskmixin.py:205} WARNING - Dependency <Task(_PythonDecoratedOperator): log_sql_query>, print_the_context already registered for DAG: example_python_operator
[2024-02-27T13:36:23.002+0000] {logging_mixin.py:137} INFO - [2024-02-27T13:36:23.002+0000] {taskmixin.py:205} WARNING - Dependency <Task(_PythonDecoratedOperator): print_the_context>, log_sql_query already registered for DAG: example_python_operator
[2024-02-27T13:36:23.002+0000] {logging_mixin.py:137} INFO - [2024-02-27T13:36:23.002+0000] {taskmixin.py:205} WARNING - Dependency <Task(_PythonDecoratedOperator): log_sql_query>, print_the_context already registered for DAG: example_python_operator
[2024-02-27T13:36:23.007+0000] {processor.py:753} INFO - DAG(s) dict_keys(['example_python_operator']) retrieved from /home/airflow/.local/lib/python3.7/site-packages/airflow/example_dags/example_python_operator.py
[2024-02-27T13:36:23.028+0000] {logging_mixin.py:137} INFO - [2024-02-27T13:36:23.028+0000] {dag.py:2690} INFO - Sync 1 DAGs
[2024-02-27T13:36:23.046+0000] {logging_mixin.py:137} INFO - [2024-02-27T13:36:23.046+0000] {dag.py:3441} INFO - Setting next_dagrun for example_python_operator to None, run_after=None
[2024-02-27T13:36:23.065+0000] {processor.py:175} INFO - Processing /home/airflow/.local/lib/python3.7/site-packages/airflow/example_dags/example_python_operator.py took 0.084 seconds
[2024-02-27T13:36:53.260+0000] {processor.py:153} INFO - Started process (PID=1323) to work on /home/airflow/.local/lib/python3.7/site-packages/airflow/example_dags/example_python_operator.py
[2024-02-27T13:36:53.262+0000] {processor.py:743} INFO - Processing file /home/airflow/.local/lib/python3.7/site-packages/airflow/example_dags/example_python_operator.py for tasks to queue
[2024-02-27T13:36:53.263+0000] {logging_mixin.py:137} INFO - [2024-02-27T13:36:53.262+0000] {dagbag.py:538} INFO - Filling up the DagBag from /home/airflow/.local/lib/python3.7/site-packages/airflow/example_dags/example_python_operator.py
[2024-02-27T13:36:53.278+0000] {logging_mixin.py:137} INFO - [2024-02-27T13:36:53.278+0000] {taskmixin.py:205} WARNING - Dependency <Task(_PythonDecoratedOperator): print_the_context>, log_sql_query already registered for DAG: example_python_operator
[2024-02-27T13:36:53.279+0000] {logging_mixin.py:137} INFO - [2024-02-27T13:36:53.279+0000] {taskmixin.py:205} WARNING - Dependency <Task(_PythonDecoratedOperator): log_sql_query>, print_the_context already registered for DAG: example_python_operator
[2024-02-27T13:36:53.280+0000] {logging_mixin.py:137} INFO - [2024-02-27T13:36:53.279+0000] {taskmixin.py:205} WARNING - Dependency <Task(_PythonDecoratedOperator): print_the_context>, log_sql_query already registered for DAG: example_python_operator
[2024-02-27T13:36:53.280+0000] {logging_mixin.py:137} INFO - [2024-02-27T13:36:53.280+0000] {taskmixin.py:205} WARNING - Dependency <Task(_PythonDecoratedOperator): log_sql_query>, print_the_context already registered for DAG: example_python_operator
[2024-02-27T13:36:53.281+0000] {logging_mixin.py:137} INFO - [2024-02-27T13:36:53.281+0000] {taskmixin.py:205} WARNING - Dependency <Task(_PythonDecoratedOperator): print_the_context>, log_sql_query already registered for DAG: example_python_operator
[2024-02-27T13:36:53.282+0000] {logging_mixin.py:137} INFO - [2024-02-27T13:36:53.282+0000] {taskmixin.py:205} WARNING - Dependency <Task(_PythonDecoratedOperator): log_sql_query>, print_the_context already registered for DAG: example_python_operator
[2024-02-27T13:36:53.283+0000] {logging_mixin.py:137} INFO - [2024-02-27T13:36:53.282+0000] {taskmixin.py:205} WARNING - Dependency <Task(_PythonDecoratedOperator): print_the_context>, log_sql_query already registered for DAG: example_python_operator
[2024-02-27T13:36:53.283+0000] {logging_mixin.py:137} INFO - [2024-02-27T13:36:53.283+0000] {taskmixin.py:205} WARNING - Dependency <Task(_PythonDecoratedOperator): log_sql_query>, print_the_context already registered for DAG: example_python_operator
[2024-02-27T13:36:53.289+0000] {processor.py:753} INFO - DAG(s) dict_keys(['example_python_operator']) retrieved from /home/airflow/.local/lib/python3.7/site-packages/airflow/example_dags/example_python_operator.py
[2024-02-27T13:36:53.310+0000] {logging_mixin.py:137} INFO - [2024-02-27T13:36:53.310+0000] {dag.py:2690} INFO - Sync 1 DAGs
[2024-02-27T13:36:53.329+0000] {logging_mixin.py:137} INFO - [2024-02-27T13:36:53.329+0000] {dag.py:3441} INFO - Setting next_dagrun for example_python_operator to None, run_after=None
[2024-02-27T13:36:53.344+0000] {processor.py:175} INFO - Processing /home/airflow/.local/lib/python3.7/site-packages/airflow/example_dags/example_python_operator.py took 0.086 seconds
[2024-02-27T13:37:23.622+0000] {processor.py:153} INFO - Started process (PID=1418) to work on /home/airflow/.local/lib/python3.7/site-packages/airflow/example_dags/example_python_operator.py
[2024-02-27T13:37:23.623+0000] {processor.py:743} INFO - Processing file /home/airflow/.local/lib/python3.7/site-packages/airflow/example_dags/example_python_operator.py for tasks to queue
[2024-02-27T13:37:23.624+0000] {logging_mixin.py:137} INFO - [2024-02-27T13:37:23.624+0000] {dagbag.py:538} INFO - Filling up the DagBag from /home/airflow/.local/lib/python3.7/site-packages/airflow/example_dags/example_python_operator.py
[2024-02-27T13:37:23.641+0000] {logging_mixin.py:137} INFO - [2024-02-27T13:37:23.640+0000] {taskmixin.py:205} WARNING - Dependency <Task(_PythonDecoratedOperator): print_the_context>, log_sql_query already registered for DAG: example_python_operator
[2024-02-27T13:37:23.642+0000] {logging_mixin.py:137} INFO - [2024-02-27T13:37:23.641+0000] {taskmixin.py:205} WARNING - Dependency <Task(_PythonDecoratedOperator): log_sql_query>, print_the_context already registered for DAG: example_python_operator
[2024-02-27T13:37:23.643+0000] {logging_mixin.py:137} INFO - [2024-02-27T13:37:23.643+0000] {taskmixin.py:205} WARNING - Dependency <Task(_PythonDecoratedOperator): print_the_context>, log_sql_query already registered for DAG: example_python_operator
[2024-02-27T13:37:23.643+0000] {logging_mixin.py:137} INFO - [2024-02-27T13:37:23.643+0000] {taskmixin.py:205} WARNING - Dependency <Task(_PythonDecoratedOperator): log_sql_query>, print_the_context already registered for DAG: example_python_operator
[2024-02-27T13:37:23.644+0000] {logging_mixin.py:137} INFO - [2024-02-27T13:37:23.644+0000] {taskmixin.py:205} WARNING - Dependency <Task(_PythonDecoratedOperator): print_the_context>, log_sql_query already registered for DAG: example_python_operator
[2024-02-27T13:37:23.644+0000] {logging_mixin.py:137} INFO - [2024-02-27T13:37:23.644+0000] {taskmixin.py:205} WARNING - Dependency <Task(_PythonDecoratedOperator): log_sql_query>, print_the_context already registered for DAG: example_python_operator
[2024-02-27T13:37:23.645+0000] {logging_mixin.py:137} INFO - [2024-02-27T13:37:23.645+0000] {taskmixin.py:205} WARNING - Dependency <Task(_PythonDecoratedOperator): print_the_context>, log_sql_query already registered for DAG: example_python_operator
[2024-02-27T13:37:23.646+0000] {logging_mixin.py:137} INFO - [2024-02-27T13:37:23.646+0000] {taskmixin.py:205} WARNING - Dependency <Task(_PythonDecoratedOperator): log_sql_query>, print_the_context already registered for DAG: example_python_operator
[2024-02-27T13:37:23.651+0000] {processor.py:753} INFO - DAG(s) dict_keys(['example_python_operator']) retrieved from /home/airflow/.local/lib/python3.7/site-packages/airflow/example_dags/example_python_operator.py
[2024-02-27T13:37:23.671+0000] {logging_mixin.py:137} INFO - [2024-02-27T13:37:23.671+0000] {dag.py:2690} INFO - Sync 1 DAGs
[2024-02-27T13:37:23.690+0000] {logging_mixin.py:137} INFO - [2024-02-27T13:37:23.690+0000] {dag.py:3441} INFO - Setting next_dagrun for example_python_operator to None, run_after=None
[2024-02-27T13:37:23.708+0000] {processor.py:175} INFO - Processing /home/airflow/.local/lib/python3.7/site-packages/airflow/example_dags/example_python_operator.py took 0.089 seconds
[2024-02-27T13:37:53.905+0000] {processor.py:153} INFO - Started process (PID=1543) to work on /home/airflow/.local/lib/python3.7/site-packages/airflow/example_dags/example_python_operator.py
[2024-02-27T13:37:53.906+0000] {processor.py:743} INFO - Processing file /home/airflow/.local/lib/python3.7/site-packages/airflow/example_dags/example_python_operator.py for tasks to queue
[2024-02-27T13:37:53.907+0000] {logging_mixin.py:137} INFO - [2024-02-27T13:37:53.907+0000] {dagbag.py:538} INFO - Filling up the DagBag from /home/airflow/.local/lib/python3.7/site-packages/airflow/example_dags/example_python_operator.py
[2024-02-27T13:37:53.919+0000] {logging_mixin.py:137} INFO - [2024-02-27T13:37:53.919+0000] {taskmixin.py:205} WARNING - Dependency <Task(_PythonDecoratedOperator): print_the_context>, log_sql_query already registered for DAG: example_python_operator
[2024-02-27T13:37:53.920+0000] {logging_mixin.py:137} INFO - [2024-02-27T13:37:53.920+0000] {taskmixin.py:205} WARNING - Dependency <Task(_PythonDecoratedOperator): log_sql_query>, print_the_context already registered for DAG: example_python_operator
[2024-02-27T13:37:53.921+0000] {logging_mixin.py:137} INFO - [2024-02-27T13:37:53.921+0000] {taskmixin.py:205} WARNING - Dependency <Task(_PythonDecoratedOperator): print_the_context>, log_sql_query already registered for DAG: example_python_operator
[2024-02-27T13:37:53.921+0000] {logging_mixin.py:137} INFO - [2024-02-27T13:37:53.921+0000] {taskmixin.py:205} WARNING - Dependency <Task(_PythonDecoratedOperator): log_sql_query>, print_the_context already registered for DAG: example_python_operator
[2024-02-27T13:37:53.922+0000] {logging_mixin.py:137} INFO - [2024-02-27T13:37:53.922+0000] {taskmixin.py:205} WARNING - Dependency <Task(_PythonDecoratedOperator): print_the_context>, log_sql_query already registered for DAG: example_python_operator
[2024-02-27T13:37:53.923+0000] {logging_mixin.py:137} INFO - [2024-02-27T13:37:53.923+0000] {taskmixin.py:205} WARNING - Dependency <Task(_PythonDecoratedOperator): log_sql_query>, print_the_context already registered for DAG: example_python_operator
[2024-02-27T13:37:53.924+0000] {logging_mixin.py:137} INFO - [2024-02-27T13:37:53.924+0000] {taskmixin.py:205} WARNING - Dependency <Task(_PythonDecoratedOperator): print_the_context>, log_sql_query already registered for DAG: example_python_operator
[2024-02-27T13:37:53.924+0000] {logging_mixin.py:137} INFO - [2024-02-27T13:37:53.924+0000] {taskmixin.py:205} WARNING - Dependency <Task(_PythonDecoratedOperator): log_sql_query>, print_the_context already registered for DAG: example_python_operator
[2024-02-27T13:37:53.929+0000] {processor.py:753} INFO - DAG(s) dict_keys(['example_python_operator']) retrieved from /home/airflow/.local/lib/python3.7/site-packages/airflow/example_dags/example_python_operator.py
[2024-02-27T13:37:53.947+0000] {logging_mixin.py:137} INFO - [2024-02-27T13:37:53.947+0000] {dag.py:2690} INFO - Sync 1 DAGs
[2024-02-27T13:37:53.965+0000] {logging_mixin.py:137} INFO - [2024-02-27T13:37:53.964+0000] {dag.py:3441} INFO - Setting next_dagrun for example_python_operator to None, run_after=None
[2024-02-27T13:37:53.978+0000] {processor.py:175} INFO - Processing /home/airflow/.local/lib/python3.7/site-packages/airflow/example_dags/example_python_operator.py took 0.075 seconds
[2024-02-27T13:38:24.318+0000] {processor.py:153} INFO - Started process (PID=1666) to work on /home/airflow/.local/lib/python3.7/site-packages/airflow/example_dags/example_python_operator.py
[2024-02-27T13:38:24.319+0000] {processor.py:743} INFO - Processing file /home/airflow/.local/lib/python3.7/site-packages/airflow/example_dags/example_python_operator.py for tasks to queue
[2024-02-27T13:38:24.320+0000] {logging_mixin.py:137} INFO - [2024-02-27T13:38:24.320+0000] {dagbag.py:538} INFO - Filling up the DagBag from /home/airflow/.local/lib/python3.7/site-packages/airflow/example_dags/example_python_operator.py
[2024-02-27T13:38:24.332+0000] {logging_mixin.py:137} INFO - [2024-02-27T13:38:24.331+0000] {taskmixin.py:205} WARNING - Dependency <Task(_PythonDecoratedOperator): print_the_context>, log_sql_query already registered for DAG: example_python_operator
[2024-02-27T13:38:24.332+0000] {logging_mixin.py:137} INFO - [2024-02-27T13:38:24.332+0000] {taskmixin.py:205} WARNING - Dependency <Task(_PythonDecoratedOperator): log_sql_query>, print_the_context already registered for DAG: example_python_operator
[2024-02-27T13:38:24.333+0000] {logging_mixin.py:137} INFO - [2024-02-27T13:38:24.333+0000] {taskmixin.py:205} WARNING - Dependency <Task(_PythonDecoratedOperator): print_the_context>, log_sql_query already registered for DAG: example_python_operator
[2024-02-27T13:38:24.334+0000] {logging_mixin.py:137} INFO - [2024-02-27T13:38:24.334+0000] {taskmixin.py:205} WARNING - Dependency <Task(_PythonDecoratedOperator): log_sql_query>, print_the_context already registered for DAG: example_python_operator
[2024-02-27T13:38:24.335+0000] {logging_mixin.py:137} INFO - [2024-02-27T13:38:24.335+0000] {taskmixin.py:205} WARNING - Dependency <Task(_PythonDecoratedOperator): print_the_context>, log_sql_query already registered for DAG: example_python_operator
[2024-02-27T13:38:24.336+0000] {logging_mixin.py:137} INFO - [2024-02-27T13:38:24.336+0000] {taskmixin.py:205} WARNING - Dependency <Task(_PythonDecoratedOperator): log_sql_query>, print_the_context already registered for DAG: example_python_operator
[2024-02-27T13:38:24.337+0000] {logging_mixin.py:137} INFO - [2024-02-27T13:38:24.337+0000] {taskmixin.py:205} WARNING - Dependency <Task(_PythonDecoratedOperator): print_the_context>, log_sql_query already registered for DAG: example_python_operator
[2024-02-27T13:38:24.337+0000] {logging_mixin.py:137} INFO - [2024-02-27T13:38:24.337+0000] {taskmixin.py:205} WARNING - Dependency <Task(_PythonDecoratedOperator): log_sql_query>, print_the_context already registered for DAG: example_python_operator
[2024-02-27T13:38:24.342+0000] {processor.py:753} INFO - DAG(s) dict_keys(['example_python_operator']) retrieved from /home/airflow/.local/lib/python3.7/site-packages/airflow/example_dags/example_python_operator.py
[2024-02-27T13:38:24.363+0000] {logging_mixin.py:137} INFO - [2024-02-27T13:38:24.362+0000] {dag.py:2690} INFO - Sync 1 DAGs
[2024-02-27T13:38:24.380+0000] {logging_mixin.py:137} INFO - [2024-02-27T13:38:24.380+0000] {dag.py:3441} INFO - Setting next_dagrun for example_python_operator to None, run_after=None
[2024-02-27T13:38:24.394+0000] {processor.py:175} INFO - Processing /home/airflow/.local/lib/python3.7/site-packages/airflow/example_dags/example_python_operator.py took 0.079 seconds
[2024-02-27T13:38:54.680+0000] {processor.py:153} INFO - Started process (PID=1761) to work on /home/airflow/.local/lib/python3.7/site-packages/airflow/example_dags/example_python_operator.py
[2024-02-27T13:38:54.681+0000] {processor.py:743} INFO - Processing file /home/airflow/.local/lib/python3.7/site-packages/airflow/example_dags/example_python_operator.py for tasks to queue
[2024-02-27T13:38:54.682+0000] {logging_mixin.py:137} INFO - [2024-02-27T13:38:54.682+0000] {dagbag.py:538} INFO - Filling up the DagBag from /home/airflow/.local/lib/python3.7/site-packages/airflow/example_dags/example_python_operator.py
[2024-02-27T13:38:54.695+0000] {logging_mixin.py:137} INFO - [2024-02-27T13:38:54.695+0000] {taskmixin.py:205} WARNING - Dependency <Task(_PythonDecoratedOperator): print_the_context>, log_sql_query already registered for DAG: example_python_operator
[2024-02-27T13:38:54.695+0000] {logging_mixin.py:137} INFO - [2024-02-27T13:38:54.695+0000] {taskmixin.py:205} WARNING - Dependency <Task(_PythonDecoratedOperator): log_sql_query>, print_the_context already registered for DAG: example_python_operator
[2024-02-27T13:38:54.696+0000] {logging_mixin.py:137} INFO - [2024-02-27T13:38:54.696+0000] {taskmixin.py:205} WARNING - Dependency <Task(_PythonDecoratedOperator): print_the_context>, log_sql_query already registered for DAG: example_python_operator
[2024-02-27T13:38:54.697+0000] {logging_mixin.py:137} INFO - [2024-02-27T13:38:54.697+0000] {taskmixin.py:205} WARNING - Dependency <Task(_PythonDecoratedOperator): log_sql_query>, print_the_context already registered for DAG: example_python_operator
[2024-02-27T13:38:54.698+0000] {logging_mixin.py:137} INFO - [2024-02-27T13:38:54.697+0000] {taskmixin.py:205} WARNING - Dependency <Task(_PythonDecoratedOperator): print_the_context>, log_sql_query already registered for DAG: example_python_operator
[2024-02-27T13:38:54.698+0000] {logging_mixin.py:137} INFO - [2024-02-27T13:38:54.698+0000] {taskmixin.py:205} WARNING - Dependency <Task(_PythonDecoratedOperator): log_sql_query>, print_the_context already registered for DAG: example_python_operator
[2024-02-27T13:38:54.699+0000] {logging_mixin.py:137} INFO - [2024-02-27T13:38:54.699+0000] {taskmixin.py:205} WARNING - Dependency <Task(_PythonDecoratedOperator): print_the_context>, log_sql_query already registered for DAG: example_python_operator
[2024-02-27T13:38:54.700+0000] {logging_mixin.py:137} INFO - [2024-02-27T13:38:54.699+0000] {taskmixin.py:205} WARNING - Dependency <Task(_PythonDecoratedOperator): log_sql_query>, print_the_context already registered for DAG: example_python_operator
[2024-02-27T13:38:54.705+0000] {processor.py:753} INFO - DAG(s) dict_keys(['example_python_operator']) retrieved from /home/airflow/.local/lib/python3.7/site-packages/airflow/example_dags/example_python_operator.py
[2024-02-27T13:38:54.724+0000] {logging_mixin.py:137} INFO - [2024-02-27T13:38:54.724+0000] {dag.py:2690} INFO - Sync 1 DAGs
[2024-02-27T13:38:54.741+0000] {logging_mixin.py:137} INFO - [2024-02-27T13:38:54.741+0000] {dag.py:3441} INFO - Setting next_dagrun for example_python_operator to None, run_after=None
[2024-02-27T13:38:54.758+0000] {processor.py:175} INFO - Processing /home/airflow/.local/lib/python3.7/site-packages/airflow/example_dags/example_python_operator.py took 0.080 seconds
[2024-02-27T13:39:25.556+0000] {processor.py:153} INFO - Started process (PID=1884) to work on /home/airflow/.local/lib/python3.7/site-packages/airflow/example_dags/example_python_operator.py
[2024-02-27T13:39:25.557+0000] {processor.py:743} INFO - Processing file /home/airflow/.local/lib/python3.7/site-packages/airflow/example_dags/example_python_operator.py for tasks to queue
[2024-02-27T13:39:25.558+0000] {logging_mixin.py:137} INFO - [2024-02-27T13:39:25.558+0000] {dagbag.py:538} INFO - Filling up the DagBag from /home/airflow/.local/lib/python3.7/site-packages/airflow/example_dags/example_python_operator.py
[2024-02-27T13:39:25.570+0000] {logging_mixin.py:137} INFO - [2024-02-27T13:39:25.570+0000] {taskmixin.py:205} WARNING - Dependency <Task(_PythonDecoratedOperator): print_the_context>, log_sql_query already registered for DAG: example_python_operator
[2024-02-27T13:39:25.571+0000] {logging_mixin.py:137} INFO - [2024-02-27T13:39:25.571+0000] {taskmixin.py:205} WARNING - Dependency <Task(_PythonDecoratedOperator): log_sql_query>, print_the_context already registered for DAG: example_python_operator
[2024-02-27T13:39:25.572+0000] {logging_mixin.py:137} INFO - [2024-02-27T13:39:25.572+0000] {taskmixin.py:205} WARNING - Dependency <Task(_PythonDecoratedOperator): print_the_context>, log_sql_query already registered for DAG: example_python_operator
[2024-02-27T13:39:25.572+0000] {logging_mixin.py:137} INFO - [2024-02-27T13:39:25.572+0000] {taskmixin.py:205} WARNING - Dependency <Task(_PythonDecoratedOperator): log_sql_query>, print_the_context already registered for DAG: example_python_operator
[2024-02-27T13:39:25.574+0000] {logging_mixin.py:137} INFO - [2024-02-27T13:39:25.574+0000] {taskmixin.py:205} WARNING - Dependency <Task(_PythonDecoratedOperator): print_the_context>, log_sql_query already registered for DAG: example_python_operator
[2024-02-27T13:39:25.574+0000] {logging_mixin.py:137} INFO - [2024-02-27T13:39:25.574+0000] {taskmixin.py:205} WARNING - Dependency <Task(_PythonDecoratedOperator): log_sql_query>, print_the_context already registered for DAG: example_python_operator
[2024-02-27T13:39:25.575+0000] {logging_mixin.py:137} INFO - [2024-02-27T13:39:25.575+0000] {taskmixin.py:205} WARNING - Dependency <Task(_PythonDecoratedOperator): print_the_context>, log_sql_query already registered for DAG: example_python_operator
[2024-02-27T13:39:25.576+0000] {logging_mixin.py:137} INFO - [2024-02-27T13:39:25.575+0000] {taskmixin.py:205} WARNING - Dependency <Task(_PythonDecoratedOperator): log_sql_query>, print_the_context already registered for DAG: example_python_operator
[2024-02-27T13:39:25.580+0000] {processor.py:753} INFO - DAG(s) dict_keys(['example_python_operator']) retrieved from /home/airflow/.local/lib/python3.7/site-packages/airflow/example_dags/example_python_operator.py
[2024-02-27T13:39:25.597+0000] {logging_mixin.py:137} INFO - [2024-02-27T13:39:25.597+0000] {dag.py:2690} INFO - Sync 1 DAGs
[2024-02-27T13:39:25.614+0000] {logging_mixin.py:137} INFO - [2024-02-27T13:39:25.614+0000] {dag.py:3441} INFO - Setting next_dagrun for example_python_operator to None, run_after=None
[2024-02-27T13:39:25.712+0000] {processor.py:175} INFO - Processing /home/airflow/.local/lib/python3.7/site-packages/airflow/example_dags/example_python_operator.py took 0.159 seconds
[2024-02-27T13:39:56.095+0000] {processor.py:153} INFO - Started process (PID=1979) to work on /home/airflow/.local/lib/python3.7/site-packages/airflow/example_dags/example_python_operator.py
[2024-02-27T13:39:56.096+0000] {processor.py:743} INFO - Processing file /home/airflow/.local/lib/python3.7/site-packages/airflow/example_dags/example_python_operator.py for tasks to queue
[2024-02-27T13:39:56.098+0000] {logging_mixin.py:137} INFO - [2024-02-27T13:39:56.098+0000] {dagbag.py:538} INFO - Filling up the DagBag from /home/airflow/.local/lib/python3.7/site-packages/airflow/example_dags/example_python_operator.py
[2024-02-27T13:39:56.110+0000] {logging_mixin.py:137} INFO - [2024-02-27T13:39:56.110+0000] {taskmixin.py:205} WARNING - Dependency <Task(_PythonDecoratedOperator): print_the_context>, log_sql_query already registered for DAG: example_python_operator
[2024-02-27T13:39:56.111+0000] {logging_mixin.py:137} INFO - [2024-02-27T13:39:56.111+0000] {taskmixin.py:205} WARNING - Dependency <Task(_PythonDecoratedOperator): log_sql_query>, print_the_context already registered for DAG: example_python_operator
[2024-02-27T13:39:56.112+0000] {logging_mixin.py:137} INFO - [2024-02-27T13:39:56.112+0000] {taskmixin.py:205} WARNING - Dependency <Task(_PythonDecoratedOperator): print_the_context>, log_sql_query already registered for DAG: example_python_operator
[2024-02-27T13:39:56.113+0000] {logging_mixin.py:137} INFO - [2024-02-27T13:39:56.113+0000] {taskmixin.py:205} WARNING - Dependency <Task(_PythonDecoratedOperator): log_sql_query>, print_the_context already registered for DAG: example_python_operator
[2024-02-27T13:39:56.114+0000] {logging_mixin.py:137} INFO - [2024-02-27T13:39:56.114+0000] {taskmixin.py:205} WARNING - Dependency <Task(_PythonDecoratedOperator): print_the_context>, log_sql_query already registered for DAG: example_python_operator
[2024-02-27T13:39:56.115+0000] {logging_mixin.py:137} INFO - [2024-02-27T13:39:56.114+0000] {taskmixin.py:205} WARNING - Dependency <Task(_PythonDecoratedOperator): log_sql_query>, print_the_context already registered for DAG: example_python_operator
[2024-02-27T13:39:56.116+0000] {logging_mixin.py:137} INFO - [2024-02-27T13:39:56.116+0000] {taskmixin.py:205} WARNING - Dependency <Task(_PythonDecoratedOperator): print_the_context>, log_sql_query already registered for DAG: example_python_operator
[2024-02-27T13:39:56.116+0000] {logging_mixin.py:137} INFO - [2024-02-27T13:39:56.116+0000] {taskmixin.py:205} WARNING - Dependency <Task(_PythonDecoratedOperator): log_sql_query>, print_the_context already registered for DAG: example_python_operator
[2024-02-27T13:39:56.121+0000] {processor.py:753} INFO - DAG(s) dict_keys(['example_python_operator']) retrieved from /home/airflow/.local/lib/python3.7/site-packages/airflow/example_dags/example_python_operator.py
[2024-02-27T13:39:56.142+0000] {logging_mixin.py:137} INFO - [2024-02-27T13:39:56.142+0000] {dag.py:2690} INFO - Sync 1 DAGs
[2024-02-27T13:39:56.161+0000] {logging_mixin.py:137} INFO - [2024-02-27T13:39:56.161+0000] {dag.py:3441} INFO - Setting next_dagrun for example_python_operator to None, run_after=None
[2024-02-27T13:39:56.178+0000] {processor.py:175} INFO - Processing /home/airflow/.local/lib/python3.7/site-packages/airflow/example_dags/example_python_operator.py took 0.084 seconds
[2024-02-27T13:40:26.488+0000] {processor.py:153} INFO - Started process (PID=2103) to work on /home/airflow/.local/lib/python3.7/site-packages/airflow/example_dags/example_python_operator.py
[2024-02-27T13:40:26.489+0000] {processor.py:743} INFO - Processing file /home/airflow/.local/lib/python3.7/site-packages/airflow/example_dags/example_python_operator.py for tasks to queue
[2024-02-27T13:40:26.490+0000] {logging_mixin.py:137} INFO - [2024-02-27T13:40:26.490+0000] {dagbag.py:538} INFO - Filling up the DagBag from /home/airflow/.local/lib/python3.7/site-packages/airflow/example_dags/example_python_operator.py
[2024-02-27T13:40:26.502+0000] {logging_mixin.py:137} INFO - [2024-02-27T13:40:26.502+0000] {taskmixin.py:205} WARNING - Dependency <Task(_PythonDecoratedOperator): print_the_context>, log_sql_query already registered for DAG: example_python_operator
[2024-02-27T13:40:26.503+0000] {logging_mixin.py:137} INFO - [2024-02-27T13:40:26.503+0000] {taskmixin.py:205} WARNING - Dependency <Task(_PythonDecoratedOperator): log_sql_query>, print_the_context already registered for DAG: example_python_operator
[2024-02-27T13:40:26.504+0000] {logging_mixin.py:137} INFO - [2024-02-27T13:40:26.504+0000] {taskmixin.py:205} WARNING - Dependency <Task(_PythonDecoratedOperator): print_the_context>, log_sql_query already registered for DAG: example_python_operator
[2024-02-27T13:40:26.504+0000] {logging_mixin.py:137} INFO - [2024-02-27T13:40:26.504+0000] {taskmixin.py:205} WARNING - Dependency <Task(_PythonDecoratedOperator): log_sql_query>, print_the_context already registered for DAG: example_python_operator
[2024-02-27T13:40:26.505+0000] {logging_mixin.py:137} INFO - [2024-02-27T13:40:26.505+0000] {taskmixin.py:205} WARNING - Dependency <Task(_PythonDecoratedOperator): print_the_context>, log_sql_query already registered for DAG: example_python_operator
[2024-02-27T13:40:26.506+0000] {logging_mixin.py:137} INFO - [2024-02-27T13:40:26.506+0000] {taskmixin.py:205} WARNING - Dependency <Task(_PythonDecoratedOperator): log_sql_query>, print_the_context already registered for DAG: example_python_operator
[2024-02-27T13:40:26.507+0000] {logging_mixin.py:137} INFO - [2024-02-27T13:40:26.507+0000] {taskmixin.py:205} WARNING - Dependency <Task(_PythonDecoratedOperator): print_the_context>, log_sql_query already registered for DAG: example_python_operator
[2024-02-27T13:40:26.507+0000] {logging_mixin.py:137} INFO - [2024-02-27T13:40:26.507+0000] {taskmixin.py:205} WARNING - Dependency <Task(_PythonDecoratedOperator): log_sql_query>, print_the_context already registered for DAG: example_python_operator
[2024-02-27T13:40:26.512+0000] {processor.py:753} INFO - DAG(s) dict_keys(['example_python_operator']) retrieved from /home/airflow/.local/lib/python3.7/site-packages/airflow/example_dags/example_python_operator.py
[2024-02-27T13:40:26.531+0000] {logging_mixin.py:137} INFO - [2024-02-27T13:40:26.531+0000] {dag.py:2690} INFO - Sync 1 DAGs
[2024-02-27T13:40:26.548+0000] {logging_mixin.py:137} INFO - [2024-02-27T13:40:26.548+0000] {dag.py:3441} INFO - Setting next_dagrun for example_python_operator to None, run_after=None
[2024-02-27T13:40:26.563+0000] {processor.py:175} INFO - Processing /home/airflow/.local/lib/python3.7/site-packages/airflow/example_dags/example_python_operator.py took 0.077 seconds
[2024-02-27T13:40:57.489+0000] {processor.py:153} INFO - Started process (PID=2226) to work on /home/airflow/.local/lib/python3.7/site-packages/airflow/example_dags/example_python_operator.py
[2024-02-27T13:40:57.490+0000] {processor.py:743} INFO - Processing file /home/airflow/.local/lib/python3.7/site-packages/airflow/example_dags/example_python_operator.py for tasks to queue
[2024-02-27T13:40:57.491+0000] {logging_mixin.py:137} INFO - [2024-02-27T13:40:57.491+0000] {dagbag.py:538} INFO - Filling up the DagBag from /home/airflow/.local/lib/python3.7/site-packages/airflow/example_dags/example_python_operator.py
[2024-02-27T13:40:57.505+0000] {logging_mixin.py:137} INFO - [2024-02-27T13:40:57.504+0000] {taskmixin.py:205} WARNING - Dependency <Task(_PythonDecoratedOperator): print_the_context>, log_sql_query already registered for DAG: example_python_operator
[2024-02-27T13:40:57.505+0000] {logging_mixin.py:137} INFO - [2024-02-27T13:40:57.505+0000] {taskmixin.py:205} WARNING - Dependency <Task(_PythonDecoratedOperator): log_sql_query>, print_the_context already registered for DAG: example_python_operator
[2024-02-27T13:40:57.506+0000] {logging_mixin.py:137} INFO - [2024-02-27T13:40:57.506+0000] {taskmixin.py:205} WARNING - Dependency <Task(_PythonDecoratedOperator): print_the_context>, log_sql_query already registered for DAG: example_python_operator
[2024-02-27T13:40:57.507+0000] {logging_mixin.py:137} INFO - [2024-02-27T13:40:57.507+0000] {taskmixin.py:205} WARNING - Dependency <Task(_PythonDecoratedOperator): log_sql_query>, print_the_context already registered for DAG: example_python_operator
[2024-02-27T13:40:57.508+0000] {logging_mixin.py:137} INFO - [2024-02-27T13:40:57.508+0000] {taskmixin.py:205} WARNING - Dependency <Task(_PythonDecoratedOperator): print_the_context>, log_sql_query already registered for DAG: example_python_operator
[2024-02-27T13:40:57.509+0000] {logging_mixin.py:137} INFO - [2024-02-27T13:40:57.509+0000] {taskmixin.py:205} WARNING - Dependency <Task(_PythonDecoratedOperator): log_sql_query>, print_the_context already registered for DAG: example_python_operator
[2024-02-27T13:40:57.509+0000] {logging_mixin.py:137} INFO - [2024-02-27T13:40:57.509+0000] {taskmixin.py:205} WARNING - Dependency <Task(_PythonDecoratedOperator): print_the_context>, log_sql_query already registered for DAG: example_python_operator
[2024-02-27T13:40:57.510+0000] {logging_mixin.py:137} INFO - [2024-02-27T13:40:57.510+0000] {taskmixin.py:205} WARNING - Dependency <Task(_PythonDecoratedOperator): log_sql_query>, print_the_context already registered for DAG: example_python_operator
[2024-02-27T13:40:57.515+0000] {processor.py:753} INFO - DAG(s) dict_keys(['example_python_operator']) retrieved from /home/airflow/.local/lib/python3.7/site-packages/airflow/example_dags/example_python_operator.py
[2024-02-27T13:40:57.535+0000] {logging_mixin.py:137} INFO - [2024-02-27T13:40:57.534+0000] {dag.py:2690} INFO - Sync 1 DAGs
[2024-02-27T13:40:57.552+0000] {logging_mixin.py:137} INFO - [2024-02-27T13:40:57.552+0000] {dag.py:3441} INFO - Setting next_dagrun for example_python_operator to None, run_after=None
[2024-02-27T13:40:57.571+0000] {processor.py:175} INFO - Processing /home/airflow/.local/lib/python3.7/site-packages/airflow/example_dags/example_python_operator.py took 0.085 seconds
[2024-02-27T13:41:27.940+0000] {processor.py:153} INFO - Started process (PID=2321) to work on /home/airflow/.local/lib/python3.7/site-packages/airflow/example_dags/example_python_operator.py
[2024-02-27T13:41:27.941+0000] {processor.py:743} INFO - Processing file /home/airflow/.local/lib/python3.7/site-packages/airflow/example_dags/example_python_operator.py for tasks to queue
[2024-02-27T13:41:27.941+0000] {logging_mixin.py:137} INFO - [2024-02-27T13:41:27.941+0000] {dagbag.py:538} INFO - Filling up the DagBag from /home/airflow/.local/lib/python3.7/site-packages/airflow/example_dags/example_python_operator.py
[2024-02-27T13:41:27.955+0000] {logging_mixin.py:137} INFO - [2024-02-27T13:41:27.955+0000] {taskmixin.py:205} WARNING - Dependency <Task(_PythonDecoratedOperator): print_the_context>, log_sql_query already registered for DAG: example_python_operator
[2024-02-27T13:41:27.956+0000] {logging_mixin.py:137} INFO - [2024-02-27T13:41:27.956+0000] {taskmixin.py:205} WARNING - Dependency <Task(_PythonDecoratedOperator): log_sql_query>, print_the_context already registered for DAG: example_python_operator
[2024-02-27T13:41:27.957+0000] {logging_mixin.py:137} INFO - [2024-02-27T13:41:27.957+0000] {taskmixin.py:205} WARNING - Dependency <Task(_PythonDecoratedOperator): print_the_context>, log_sql_query already registered for DAG: example_python_operator
[2024-02-27T13:41:27.958+0000] {logging_mixin.py:137} INFO - [2024-02-27T13:41:27.958+0000] {taskmixin.py:205} WARNING - Dependency <Task(_PythonDecoratedOperator): log_sql_query>, print_the_context already registered for DAG: example_python_operator
[2024-02-27T13:41:27.959+0000] {logging_mixin.py:137} INFO - [2024-02-27T13:41:27.959+0000] {taskmixin.py:205} WARNING - Dependency <Task(_PythonDecoratedOperator): print_the_context>, log_sql_query already registered for DAG: example_python_operator
[2024-02-27T13:41:27.960+0000] {logging_mixin.py:137} INFO - [2024-02-27T13:41:27.959+0000] {taskmixin.py:205} WARNING - Dependency <Task(_PythonDecoratedOperator): log_sql_query>, print_the_context already registered for DAG: example_python_operator
[2024-02-27T13:41:27.961+0000] {logging_mixin.py:137} INFO - [2024-02-27T13:41:27.960+0000] {taskmixin.py:205} WARNING - Dependency <Task(_PythonDecoratedOperator): print_the_context>, log_sql_query already registered for DAG: example_python_operator
[2024-02-27T13:41:27.961+0000] {logging_mixin.py:137} INFO - [2024-02-27T13:41:27.961+0000] {taskmixin.py:205} WARNING - Dependency <Task(_PythonDecoratedOperator): log_sql_query>, print_the_context already registered for DAG: example_python_operator
[2024-02-27T13:41:27.967+0000] {processor.py:753} INFO - DAG(s) dict_keys(['example_python_operator']) retrieved from /home/airflow/.local/lib/python3.7/site-packages/airflow/example_dags/example_python_operator.py
[2024-02-27T13:41:27.988+0000] {logging_mixin.py:137} INFO - [2024-02-27T13:41:27.987+0000] {dag.py:2690} INFO - Sync 1 DAGs
[2024-02-27T13:41:28.005+0000] {logging_mixin.py:137} INFO - [2024-02-27T13:41:28.005+0000] {dag.py:3441} INFO - Setting next_dagrun for example_python_operator to None, run_after=None
[2024-02-27T13:41:28.020+0000] {processor.py:175} INFO - Processing /home/airflow/.local/lib/python3.7/site-packages/airflow/example_dags/example_python_operator.py took 0.083 seconds
