[2024-02-27T13:31:15.117+0000] {processor.py:153} INFO - Started process (PID=55) to work on /home/airflow/.local/lib/python3.7/site-packages/airflow/example_dags/example_bash_operator.py
[2024-02-27T13:31:15.118+0000] {processor.py:743} INFO - Processing file /home/airflow/.local/lib/python3.7/site-packages/airflow/example_dags/example_bash_operator.py for tasks to queue
[2024-02-27T13:31:15.119+0000] {logging_mixin.py:137} INFO - [2024-02-27T13:31:15.119+0000] {dagbag.py:538} INFO - Filling up the DagBag from /home/airflow/.local/lib/python3.7/site-packages/airflow/example_dags/example_bash_operator.py
[2024-02-27T13:31:15.136+0000] {processor.py:753} INFO - DAG(s) dict_keys(['example_bash_operator']) retrieved from /home/airflow/.local/lib/python3.7/site-packages/airflow/example_dags/example_bash_operator.py
[2024-02-27T13:31:15.228+0000] {logging_mixin.py:137} INFO - [2024-02-27T13:31:15.228+0000] {manager.py:504} INFO - Created Permission View: can edit on DAG:example_bash_operator
[2024-02-27T13:31:15.237+0000] {logging_mixin.py:137} INFO - [2024-02-27T13:31:15.237+0000] {manager.py:504} INFO - Created Permission View: can delete on DAG:example_bash_operator
[2024-02-27T13:31:15.245+0000] {logging_mixin.py:137} INFO - [2024-02-27T13:31:15.245+0000] {manager.py:504} INFO - Created Permission View: can read on DAG:example_bash_operator
[2024-02-27T13:31:15.247+0000] {logging_mixin.py:137} INFO - [2024-02-27T13:31:15.247+0000] {dag.py:2690} INFO - Sync 1 DAGs
[2024-02-27T13:31:15.265+0000] {logging_mixin.py:137} INFO - [2024-02-27T13:31:15.265+0000] {dag.py:2711} INFO - Creating ORM DAG for example_bash_operator
[2024-02-27T13:31:15.277+0000] {logging_mixin.py:137} INFO - [2024-02-27T13:31:15.277+0000] {dag.py:3441} INFO - Setting next_dagrun for example_bash_operator to 2024-02-26T00:00:00+00:00, run_after=2024-02-27T00:00:00+00:00
[2024-02-27T13:31:15.295+0000] {processor.py:175} INFO - Processing /home/airflow/.local/lib/python3.7/site-packages/airflow/example_dags/example_bash_operator.py took 0.181 seconds
[2024-02-27T13:31:45.978+0000] {processor.py:153} INFO - Started process (PID=178) to work on /home/airflow/.local/lib/python3.7/site-packages/airflow/example_dags/example_bash_operator.py
[2024-02-27T13:31:45.980+0000] {processor.py:743} INFO - Processing file /home/airflow/.local/lib/python3.7/site-packages/airflow/example_dags/example_bash_operator.py for tasks to queue
[2024-02-27T13:31:45.981+0000] {logging_mixin.py:137} INFO - [2024-02-27T13:31:45.981+0000] {dagbag.py:538} INFO - Filling up the DagBag from /home/airflow/.local/lib/python3.7/site-packages/airflow/example_dags/example_bash_operator.py
[2024-02-27T13:31:46.000+0000] {processor.py:753} INFO - DAG(s) dict_keys(['example_bash_operator']) retrieved from /home/airflow/.local/lib/python3.7/site-packages/airflow/example_dags/example_bash_operator.py
[2024-02-27T13:31:46.035+0000] {logging_mixin.py:137} INFO - [2024-02-27T13:31:46.034+0000] {dag.py:2690} INFO - Sync 1 DAGs
[2024-02-27T13:31:46.063+0000] {logging_mixin.py:137} INFO - [2024-02-27T13:31:46.063+0000] {dag.py:3441} INFO - Setting next_dagrun for example_bash_operator to 2024-02-26T00:00:00+00:00, run_after=2024-02-27T00:00:00+00:00
[2024-02-27T13:31:46.087+0000] {processor.py:175} INFO - Processing /home/airflow/.local/lib/python3.7/site-packages/airflow/example_dags/example_bash_operator.py took 0.111 seconds
[2024-02-27T13:32:16.538+0000] {processor.py:153} INFO - Started process (PID=273) to work on /home/airflow/.local/lib/python3.7/site-packages/airflow/example_dags/example_bash_operator.py
[2024-02-27T13:32:16.539+0000] {processor.py:743} INFO - Processing file /home/airflow/.local/lib/python3.7/site-packages/airflow/example_dags/example_bash_operator.py for tasks to queue
[2024-02-27T13:32:16.540+0000] {logging_mixin.py:137} INFO - [2024-02-27T13:32:16.540+0000] {dagbag.py:538} INFO - Filling up the DagBag from /home/airflow/.local/lib/python3.7/site-packages/airflow/example_dags/example_bash_operator.py
[2024-02-27T13:32:16.560+0000] {processor.py:753} INFO - DAG(s) dict_keys(['example_bash_operator']) retrieved from /home/airflow/.local/lib/python3.7/site-packages/airflow/example_dags/example_bash_operator.py
[2024-02-27T13:32:16.595+0000] {logging_mixin.py:137} INFO - [2024-02-27T13:32:16.595+0000] {dag.py:2690} INFO - Sync 1 DAGs
[2024-02-27T13:32:16.617+0000] {logging_mixin.py:137} INFO - [2024-02-27T13:32:16.617+0000] {dag.py:3441} INFO - Setting next_dagrun for example_bash_operator to 2024-02-26T00:00:00+00:00, run_after=2024-02-27T00:00:00+00:00
[2024-02-27T13:32:16.637+0000] {processor.py:175} INFO - Processing /home/airflow/.local/lib/python3.7/site-packages/airflow/example_dags/example_bash_operator.py took 0.103 seconds
[2024-02-27T13:32:47.037+0000] {processor.py:153} INFO - Started process (PID=395) to work on /home/airflow/.local/lib/python3.7/site-packages/airflow/example_dags/example_bash_operator.py
[2024-02-27T13:32:47.039+0000] {processor.py:743} INFO - Processing file /home/airflow/.local/lib/python3.7/site-packages/airflow/example_dags/example_bash_operator.py for tasks to queue
[2024-02-27T13:32:47.039+0000] {logging_mixin.py:137} INFO - [2024-02-27T13:32:47.039+0000] {dagbag.py:538} INFO - Filling up the DagBag from /home/airflow/.local/lib/python3.7/site-packages/airflow/example_dags/example_bash_operator.py
[2024-02-27T13:32:47.055+0000] {processor.py:753} INFO - DAG(s) dict_keys(['example_bash_operator']) retrieved from /home/airflow/.local/lib/python3.7/site-packages/airflow/example_dags/example_bash_operator.py
[2024-02-27T13:32:47.082+0000] {logging_mixin.py:137} INFO - [2024-02-27T13:32:47.082+0000] {dag.py:2690} INFO - Sync 1 DAGs
[2024-02-27T13:32:47.100+0000] {logging_mixin.py:137} INFO - [2024-02-27T13:32:47.100+0000] {dag.py:3441} INFO - Setting next_dagrun for example_bash_operator to 2024-02-26T00:00:00+00:00, run_after=2024-02-27T00:00:00+00:00
[2024-02-27T13:32:47.113+0000] {processor.py:175} INFO - Processing /home/airflow/.local/lib/python3.7/site-packages/airflow/example_dags/example_bash_operator.py took 0.081 seconds
[2024-02-27T13:33:17.535+0000] {processor.py:153} INFO - Started process (PID=518) to work on /home/airflow/.local/lib/python3.7/site-packages/airflow/example_dags/example_bash_operator.py
[2024-02-27T13:33:17.540+0000] {processor.py:743} INFO - Processing file /home/airflow/.local/lib/python3.7/site-packages/airflow/example_dags/example_bash_operator.py for tasks to queue
[2024-02-27T13:33:17.542+0000] {logging_mixin.py:137} INFO - [2024-02-27T13:33:17.541+0000] {dagbag.py:538} INFO - Filling up the DagBag from /home/airflow/.local/lib/python3.7/site-packages/airflow/example_dags/example_bash_operator.py
[2024-02-27T13:33:17.566+0000] {processor.py:753} INFO - DAG(s) dict_keys(['example_bash_operator']) retrieved from /home/airflow/.local/lib/python3.7/site-packages/airflow/example_dags/example_bash_operator.py
[2024-02-27T13:33:17.597+0000] {logging_mixin.py:137} INFO - [2024-02-27T13:33:17.596+0000] {dag.py:2690} INFO - Sync 1 DAGs
[2024-02-27T13:33:17.616+0000] {logging_mixin.py:137} INFO - [2024-02-27T13:33:17.616+0000] {dag.py:3441} INFO - Setting next_dagrun for example_bash_operator to 2024-02-26T00:00:00+00:00, run_after=2024-02-27T00:00:00+00:00
[2024-02-27T13:33:17.633+0000] {processor.py:175} INFO - Processing /home/airflow/.local/lib/python3.7/site-packages/airflow/example_dags/example_bash_operator.py took 0.101 seconds
[2024-02-27T13:33:47.732+0000] {processor.py:153} INFO - Started process (PID=612) to work on /home/airflow/.local/lib/python3.7/site-packages/airflow/example_dags/example_bash_operator.py
[2024-02-27T13:33:47.733+0000] {processor.py:743} INFO - Processing file /home/airflow/.local/lib/python3.7/site-packages/airflow/example_dags/example_bash_operator.py for tasks to queue
[2024-02-27T13:33:47.734+0000] {logging_mixin.py:137} INFO - [2024-02-27T13:33:47.734+0000] {dagbag.py:538} INFO - Filling up the DagBag from /home/airflow/.local/lib/python3.7/site-packages/airflow/example_dags/example_bash_operator.py
[2024-02-27T13:33:47.749+0000] {processor.py:753} INFO - DAG(s) dict_keys(['example_bash_operator']) retrieved from /home/airflow/.local/lib/python3.7/site-packages/airflow/example_dags/example_bash_operator.py
[2024-02-27T13:33:47.776+0000] {logging_mixin.py:137} INFO - [2024-02-27T13:33:47.776+0000] {dag.py:2690} INFO - Sync 1 DAGs
[2024-02-27T13:33:47.794+0000] {logging_mixin.py:137} INFO - [2024-02-27T13:33:47.794+0000] {dag.py:3441} INFO - Setting next_dagrun for example_bash_operator to 2024-02-26T00:00:00+00:00, run_after=2024-02-27T00:00:00+00:00
[2024-02-27T13:33:47.807+0000] {processor.py:175} INFO - Processing /home/airflow/.local/lib/python3.7/site-packages/airflow/example_dags/example_bash_operator.py took 0.078 seconds
[2024-02-27T13:34:18.091+0000] {processor.py:153} INFO - Started process (PID=735) to work on /home/airflow/.local/lib/python3.7/site-packages/airflow/example_dags/example_bash_operator.py
[2024-02-27T13:34:18.094+0000] {processor.py:743} INFO - Processing file /home/airflow/.local/lib/python3.7/site-packages/airflow/example_dags/example_bash_operator.py for tasks to queue
[2024-02-27T13:34:18.095+0000] {logging_mixin.py:137} INFO - [2024-02-27T13:34:18.095+0000] {dagbag.py:538} INFO - Filling up the DagBag from /home/airflow/.local/lib/python3.7/site-packages/airflow/example_dags/example_bash_operator.py
[2024-02-27T13:34:18.110+0000] {processor.py:753} INFO - DAG(s) dict_keys(['example_bash_operator']) retrieved from /home/airflow/.local/lib/python3.7/site-packages/airflow/example_dags/example_bash_operator.py
[2024-02-27T13:34:18.138+0000] {logging_mixin.py:137} INFO - [2024-02-27T13:34:18.138+0000] {dag.py:2690} INFO - Sync 1 DAGs
[2024-02-27T13:34:18.157+0000] {logging_mixin.py:137} INFO - [2024-02-27T13:34:18.157+0000] {dag.py:3441} INFO - Setting next_dagrun for example_bash_operator to 2024-02-26T00:00:00+00:00, run_after=2024-02-27T00:00:00+00:00
[2024-02-27T13:34:18.175+0000] {processor.py:175} INFO - Processing /home/airflow/.local/lib/python3.7/site-packages/airflow/example_dags/example_bash_operator.py took 0.086 seconds
[2024-02-27T13:34:48.574+0000] {processor.py:153} INFO - Started process (PID=831) to work on /home/airflow/.local/lib/python3.7/site-packages/airflow/example_dags/example_bash_operator.py
[2024-02-27T13:34:48.575+0000] {processor.py:743} INFO - Processing file /home/airflow/.local/lib/python3.7/site-packages/airflow/example_dags/example_bash_operator.py for tasks to queue
[2024-02-27T13:34:48.576+0000] {logging_mixin.py:137} INFO - [2024-02-27T13:34:48.576+0000] {dagbag.py:538} INFO - Filling up the DagBag from /home/airflow/.local/lib/python3.7/site-packages/airflow/example_dags/example_bash_operator.py
[2024-02-27T13:34:48.591+0000] {processor.py:753} INFO - DAG(s) dict_keys(['example_bash_operator']) retrieved from /home/airflow/.local/lib/python3.7/site-packages/airflow/example_dags/example_bash_operator.py
[2024-02-27T13:34:48.617+0000] {logging_mixin.py:137} INFO - [2024-02-27T13:34:48.617+0000] {dag.py:2690} INFO - Sync 1 DAGs
[2024-02-27T13:34:48.635+0000] {logging_mixin.py:137} INFO - [2024-02-27T13:34:48.635+0000] {dag.py:3441} INFO - Setting next_dagrun for example_bash_operator to 2024-02-26T00:00:00+00:00, run_after=2024-02-27T00:00:00+00:00
[2024-02-27T13:34:48.649+0000] {processor.py:175} INFO - Processing /home/airflow/.local/lib/python3.7/site-packages/airflow/example_dags/example_bash_operator.py took 0.078 seconds
[2024-02-27T13:35:19.007+0000] {processor.py:153} INFO - Started process (PID=954) to work on /home/airflow/.local/lib/python3.7/site-packages/airflow/example_dags/example_bash_operator.py
[2024-02-27T13:35:19.008+0000] {processor.py:743} INFO - Processing file /home/airflow/.local/lib/python3.7/site-packages/airflow/example_dags/example_bash_operator.py for tasks to queue
[2024-02-27T13:35:19.009+0000] {logging_mixin.py:137} INFO - [2024-02-27T13:35:19.009+0000] {dagbag.py:538} INFO - Filling up the DagBag from /home/airflow/.local/lib/python3.7/site-packages/airflow/example_dags/example_bash_operator.py
[2024-02-27T13:35:19.027+0000] {processor.py:753} INFO - DAG(s) dict_keys(['example_bash_operator']) retrieved from /home/airflow/.local/lib/python3.7/site-packages/airflow/example_dags/example_bash_operator.py
[2024-02-27T13:35:19.057+0000] {logging_mixin.py:137} INFO - [2024-02-27T13:35:19.056+0000] {dag.py:2690} INFO - Sync 1 DAGs
[2024-02-27T13:35:19.075+0000] {logging_mixin.py:137} INFO - [2024-02-27T13:35:19.075+0000] {dag.py:3441} INFO - Setting next_dagrun for example_bash_operator to 2024-02-26T00:00:00+00:00, run_after=2024-02-27T00:00:00+00:00
[2024-02-27T13:35:19.090+0000] {processor.py:175} INFO - Processing /home/airflow/.local/lib/python3.7/site-packages/airflow/example_dags/example_bash_operator.py took 0.085 seconds
[2024-02-27T13:35:49.201+0000] {processor.py:153} INFO - Started process (PID=1058) to work on /home/airflow/.local/lib/python3.7/site-packages/airflow/example_dags/example_bash_operator.py
[2024-02-27T13:35:49.202+0000] {processor.py:743} INFO - Processing file /home/airflow/.local/lib/python3.7/site-packages/airflow/example_dags/example_bash_operator.py for tasks to queue
[2024-02-27T13:35:49.203+0000] {logging_mixin.py:137} INFO - [2024-02-27T13:35:49.203+0000] {dagbag.py:538} INFO - Filling up the DagBag from /home/airflow/.local/lib/python3.7/site-packages/airflow/example_dags/example_bash_operator.py
[2024-02-27T13:35:49.219+0000] {processor.py:753} INFO - DAG(s) dict_keys(['example_bash_operator']) retrieved from /home/airflow/.local/lib/python3.7/site-packages/airflow/example_dags/example_bash_operator.py
[2024-02-27T13:35:49.249+0000] {logging_mixin.py:137} INFO - [2024-02-27T13:35:49.249+0000] {dag.py:2690} INFO - Sync 1 DAGs
[2024-02-27T13:35:49.270+0000] {logging_mixin.py:137} INFO - [2024-02-27T13:35:49.270+0000] {dag.py:3441} INFO - Setting next_dagrun for example_bash_operator to 2024-02-26T00:00:00+00:00, run_after=2024-02-27T00:00:00+00:00
[2024-02-27T13:35:49.287+0000] {processor.py:175} INFO - Processing /home/airflow/.local/lib/python3.7/site-packages/airflow/example_dags/example_bash_operator.py took 0.089 seconds
[2024-02-27T13:36:19.445+0000] {processor.py:153} INFO - Started process (PID=1172) to work on /home/airflow/.local/lib/python3.7/site-packages/airflow/example_dags/example_bash_operator.py
[2024-02-27T13:36:19.446+0000] {processor.py:743} INFO - Processing file /home/airflow/.local/lib/python3.7/site-packages/airflow/example_dags/example_bash_operator.py for tasks to queue
[2024-02-27T13:36:19.447+0000] {logging_mixin.py:137} INFO - [2024-02-27T13:36:19.447+0000] {dagbag.py:538} INFO - Filling up the DagBag from /home/airflow/.local/lib/python3.7/site-packages/airflow/example_dags/example_bash_operator.py
[2024-02-27T13:36:19.463+0000] {processor.py:753} INFO - DAG(s) dict_keys(['example_bash_operator']) retrieved from /home/airflow/.local/lib/python3.7/site-packages/airflow/example_dags/example_bash_operator.py
[2024-02-27T13:36:19.492+0000] {logging_mixin.py:137} INFO - [2024-02-27T13:36:19.491+0000] {dag.py:2690} INFO - Sync 1 DAGs
[2024-02-27T13:36:19.509+0000] {logging_mixin.py:137} INFO - [2024-02-27T13:36:19.509+0000] {dag.py:3441} INFO - Setting next_dagrun for example_bash_operator to 2024-02-26T00:00:00+00:00, run_after=2024-02-27T00:00:00+00:00
[2024-02-27T13:36:19.522+0000] {processor.py:175} INFO - Processing /home/airflow/.local/lib/python3.7/site-packages/airflow/example_dags/example_bash_operator.py took 0.080 seconds
[2024-02-27T13:36:49.825+0000] {processor.py:153} INFO - Started process (PID=1295) to work on /home/airflow/.local/lib/python3.7/site-packages/airflow/example_dags/example_bash_operator.py
[2024-02-27T13:36:49.826+0000] {processor.py:743} INFO - Processing file /home/airflow/.local/lib/python3.7/site-packages/airflow/example_dags/example_bash_operator.py for tasks to queue
[2024-02-27T13:36:49.827+0000] {logging_mixin.py:137} INFO - [2024-02-27T13:36:49.827+0000] {dagbag.py:538} INFO - Filling up the DagBag from /home/airflow/.local/lib/python3.7/site-packages/airflow/example_dags/example_bash_operator.py
[2024-02-27T13:36:49.841+0000] {processor.py:753} INFO - DAG(s) dict_keys(['example_bash_operator']) retrieved from /home/airflow/.local/lib/python3.7/site-packages/airflow/example_dags/example_bash_operator.py
[2024-02-27T13:36:49.867+0000] {logging_mixin.py:137} INFO - [2024-02-27T13:36:49.867+0000] {dag.py:2690} INFO - Sync 1 DAGs
[2024-02-27T13:36:49.885+0000] {logging_mixin.py:137} INFO - [2024-02-27T13:36:49.885+0000] {dag.py:3441} INFO - Setting next_dagrun for example_bash_operator to 2024-02-26T00:00:00+00:00, run_after=2024-02-27T00:00:00+00:00
[2024-02-27T13:36:49.901+0000] {processor.py:175} INFO - Processing /home/airflow/.local/lib/python3.7/site-packages/airflow/example_dags/example_bash_operator.py took 0.078 seconds
[2024-02-27T13:37:19.929+0000] {processor.py:153} INFO - Started process (PID=1390) to work on /home/airflow/.local/lib/python3.7/site-packages/airflow/example_dags/example_bash_operator.py
[2024-02-27T13:37:19.930+0000] {processor.py:743} INFO - Processing file /home/airflow/.local/lib/python3.7/site-packages/airflow/example_dags/example_bash_operator.py for tasks to queue
[2024-02-27T13:37:19.930+0000] {logging_mixin.py:137} INFO - [2024-02-27T13:37:19.930+0000] {dagbag.py:538} INFO - Filling up the DagBag from /home/airflow/.local/lib/python3.7/site-packages/airflow/example_dags/example_bash_operator.py
[2024-02-27T13:37:19.946+0000] {processor.py:753} INFO - DAG(s) dict_keys(['example_bash_operator']) retrieved from /home/airflow/.local/lib/python3.7/site-packages/airflow/example_dags/example_bash_operator.py
[2024-02-27T13:37:19.975+0000] {logging_mixin.py:137} INFO - [2024-02-27T13:37:19.975+0000] {dag.py:2690} INFO - Sync 1 DAGs
[2024-02-27T13:37:19.994+0000] {logging_mixin.py:137} INFO - [2024-02-27T13:37:19.994+0000] {dag.py:3441} INFO - Setting next_dagrun for example_bash_operator to 2024-02-26T00:00:00+00:00, run_after=2024-02-27T00:00:00+00:00
[2024-02-27T13:37:20.011+0000] {processor.py:175} INFO - Processing /home/airflow/.local/lib/python3.7/site-packages/airflow/example_dags/example_bash_operator.py took 0.084 seconds
[2024-02-27T13:37:50.351+0000] {processor.py:153} INFO - Started process (PID=1515) to work on /home/airflow/.local/lib/python3.7/site-packages/airflow/example_dags/example_bash_operator.py
[2024-02-27T13:37:50.352+0000] {processor.py:743} INFO - Processing file /home/airflow/.local/lib/python3.7/site-packages/airflow/example_dags/example_bash_operator.py for tasks to queue
[2024-02-27T13:37:50.353+0000] {logging_mixin.py:137} INFO - [2024-02-27T13:37:50.352+0000] {dagbag.py:538} INFO - Filling up the DagBag from /home/airflow/.local/lib/python3.7/site-packages/airflow/example_dags/example_bash_operator.py
[2024-02-27T13:37:50.367+0000] {processor.py:753} INFO - DAG(s) dict_keys(['example_bash_operator']) retrieved from /home/airflow/.local/lib/python3.7/site-packages/airflow/example_dags/example_bash_operator.py
[2024-02-27T13:37:50.393+0000] {logging_mixin.py:137} INFO - [2024-02-27T13:37:50.392+0000] {dag.py:2690} INFO - Sync 1 DAGs
[2024-02-27T13:37:50.411+0000] {logging_mixin.py:137} INFO - [2024-02-27T13:37:50.411+0000] {dag.py:3441} INFO - Setting next_dagrun for example_bash_operator to 2024-02-26T00:00:00+00:00, run_after=2024-02-27T00:00:00+00:00
[2024-02-27T13:37:50.427+0000] {processor.py:175} INFO - Processing /home/airflow/.local/lib/python3.7/site-packages/airflow/example_dags/example_bash_operator.py took 0.078 seconds
[2024-02-27T13:38:20.560+0000] {processor.py:153} INFO - Started process (PID=1610) to work on /home/airflow/.local/lib/python3.7/site-packages/airflow/example_dags/example_bash_operator.py
[2024-02-27T13:38:20.561+0000] {processor.py:743} INFO - Processing file /home/airflow/.local/lib/python3.7/site-packages/airflow/example_dags/example_bash_operator.py for tasks to queue
[2024-02-27T13:38:20.562+0000] {logging_mixin.py:137} INFO - [2024-02-27T13:38:20.562+0000] {dagbag.py:538} INFO - Filling up the DagBag from /home/airflow/.local/lib/python3.7/site-packages/airflow/example_dags/example_bash_operator.py
[2024-02-27T13:38:20.578+0000] {processor.py:753} INFO - DAG(s) dict_keys(['example_bash_operator']) retrieved from /home/airflow/.local/lib/python3.7/site-packages/airflow/example_dags/example_bash_operator.py
[2024-02-27T13:38:20.605+0000] {logging_mixin.py:137} INFO - [2024-02-27T13:38:20.605+0000] {dag.py:2690} INFO - Sync 1 DAGs
[2024-02-27T13:38:20.623+0000] {logging_mixin.py:137} INFO - [2024-02-27T13:38:20.622+0000] {dag.py:3441} INFO - Setting next_dagrun for example_bash_operator to 2024-02-26T00:00:00+00:00, run_after=2024-02-27T00:00:00+00:00
[2024-02-27T13:38:20.637+0000] {processor.py:175} INFO - Processing /home/airflow/.local/lib/python3.7/site-packages/airflow/example_dags/example_bash_operator.py took 0.079 seconds
[2024-02-27T13:38:50.996+0000] {processor.py:153} INFO - Started process (PID=1733) to work on /home/airflow/.local/lib/python3.7/site-packages/airflow/example_dags/example_bash_operator.py
[2024-02-27T13:38:50.997+0000] {processor.py:743} INFO - Processing file /home/airflow/.local/lib/python3.7/site-packages/airflow/example_dags/example_bash_operator.py for tasks to queue
[2024-02-27T13:38:50.998+0000] {logging_mixin.py:137} INFO - [2024-02-27T13:38:50.998+0000] {dagbag.py:538} INFO - Filling up the DagBag from /home/airflow/.local/lib/python3.7/site-packages/airflow/example_dags/example_bash_operator.py
[2024-02-27T13:38:51.013+0000] {processor.py:753} INFO - DAG(s) dict_keys(['example_bash_operator']) retrieved from /home/airflow/.local/lib/python3.7/site-packages/airflow/example_dags/example_bash_operator.py
[2024-02-27T13:38:51.039+0000] {logging_mixin.py:137} INFO - [2024-02-27T13:38:51.039+0000] {dag.py:2690} INFO - Sync 1 DAGs
[2024-02-27T13:38:51.056+0000] {logging_mixin.py:137} INFO - [2024-02-27T13:38:51.056+0000] {dag.py:3441} INFO - Setting next_dagrun for example_bash_operator to 2024-02-26T00:00:00+00:00, run_after=2024-02-27T00:00:00+00:00
[2024-02-27T13:38:51.071+0000] {processor.py:175} INFO - Processing /home/airflow/.local/lib/python3.7/site-packages/airflow/example_dags/example_bash_operator.py took 0.078 seconds
[2024-02-27T13:39:21.446+0000] {processor.py:153} INFO - Started process (PID=1837) to work on /home/airflow/.local/lib/python3.7/site-packages/airflow/example_dags/example_bash_operator.py
[2024-02-27T13:39:21.447+0000] {processor.py:743} INFO - Processing file /home/airflow/.local/lib/python3.7/site-packages/airflow/example_dags/example_bash_operator.py for tasks to queue
[2024-02-27T13:39:21.448+0000] {logging_mixin.py:137} INFO - [2024-02-27T13:39:21.448+0000] {dagbag.py:538} INFO - Filling up the DagBag from /home/airflow/.local/lib/python3.7/site-packages/airflow/example_dags/example_bash_operator.py
[2024-02-27T13:39:21.463+0000] {processor.py:753} INFO - DAG(s) dict_keys(['example_bash_operator']) retrieved from /home/airflow/.local/lib/python3.7/site-packages/airflow/example_dags/example_bash_operator.py
[2024-02-27T13:39:21.491+0000] {logging_mixin.py:137} INFO - [2024-02-27T13:39:21.491+0000] {dag.py:2690} INFO - Sync 1 DAGs
[2024-02-27T13:39:21.597+0000] {logging_mixin.py:137} INFO - [2024-02-27T13:39:21.597+0000] {dag.py:3441} INFO - Setting next_dagrun for example_bash_operator to 2024-02-26T00:00:00+00:00, run_after=2024-02-27T00:00:00+00:00
[2024-02-27T13:39:21.626+0000] {processor.py:175} INFO - Processing /home/airflow/.local/lib/python3.7/site-packages/airflow/example_dags/example_bash_operator.py took 0.183 seconds
[2024-02-27T13:39:52.468+0000] {processor.py:153} INFO - Started process (PID=1951) to work on /home/airflow/.local/lib/python3.7/site-packages/airflow/example_dags/example_bash_operator.py
[2024-02-27T13:39:52.469+0000] {processor.py:743} INFO - Processing file /home/airflow/.local/lib/python3.7/site-packages/airflow/example_dags/example_bash_operator.py for tasks to queue
[2024-02-27T13:39:52.470+0000] {logging_mixin.py:137} INFO - [2024-02-27T13:39:52.470+0000] {dagbag.py:538} INFO - Filling up the DagBag from /home/airflow/.local/lib/python3.7/site-packages/airflow/example_dags/example_bash_operator.py
[2024-02-27T13:39:52.484+0000] {processor.py:753} INFO - DAG(s) dict_keys(['example_bash_operator']) retrieved from /home/airflow/.local/lib/python3.7/site-packages/airflow/example_dags/example_bash_operator.py
[2024-02-27T13:39:52.510+0000] {logging_mixin.py:137} INFO - [2024-02-27T13:39:52.510+0000] {dag.py:2690} INFO - Sync 1 DAGs
[2024-02-27T13:39:52.527+0000] {logging_mixin.py:137} INFO - [2024-02-27T13:39:52.527+0000] {dag.py:3441} INFO - Setting next_dagrun for example_bash_operator to 2024-02-26T00:00:00+00:00, run_after=2024-02-27T00:00:00+00:00
[2024-02-27T13:39:52.618+0000] {processor.py:175} INFO - Processing /home/airflow/.local/lib/python3.7/site-packages/airflow/example_dags/example_bash_operator.py took 0.153 seconds
[2024-02-27T13:40:22.945+0000] {processor.py:153} INFO - Started process (PID=2075) to work on /home/airflow/.local/lib/python3.7/site-packages/airflow/example_dags/example_bash_operator.py
[2024-02-27T13:40:22.945+0000] {processor.py:743} INFO - Processing file /home/airflow/.local/lib/python3.7/site-packages/airflow/example_dags/example_bash_operator.py for tasks to queue
[2024-02-27T13:40:22.946+0000] {logging_mixin.py:137} INFO - [2024-02-27T13:40:22.946+0000] {dagbag.py:538} INFO - Filling up the DagBag from /home/airflow/.local/lib/python3.7/site-packages/airflow/example_dags/example_bash_operator.py
[2024-02-27T13:40:22.962+0000] {processor.py:753} INFO - DAG(s) dict_keys(['example_bash_operator']) retrieved from /home/airflow/.local/lib/python3.7/site-packages/airflow/example_dags/example_bash_operator.py
[2024-02-27T13:40:22.991+0000] {logging_mixin.py:137} INFO - [2024-02-27T13:40:22.991+0000] {dag.py:2690} INFO - Sync 1 DAGs
[2024-02-27T13:40:23.010+0000] {logging_mixin.py:137} INFO - [2024-02-27T13:40:23.010+0000] {dag.py:3441} INFO - Setting next_dagrun for example_bash_operator to 2024-02-26T00:00:00+00:00, run_after=2024-02-27T00:00:00+00:00
[2024-02-27T13:40:23.025+0000] {processor.py:175} INFO - Processing /home/airflow/.local/lib/python3.7/site-packages/airflow/example_dags/example_bash_operator.py took 0.083 seconds
[2024-02-27T13:40:53.548+0000] {processor.py:153} INFO - Started process (PID=2170) to work on /home/airflow/.local/lib/python3.7/site-packages/airflow/example_dags/example_bash_operator.py
[2024-02-27T13:40:53.549+0000] {processor.py:743} INFO - Processing file /home/airflow/.local/lib/python3.7/site-packages/airflow/example_dags/example_bash_operator.py for tasks to queue
[2024-02-27T13:40:53.550+0000] {logging_mixin.py:137} INFO - [2024-02-27T13:40:53.550+0000] {dagbag.py:538} INFO - Filling up the DagBag from /home/airflow/.local/lib/python3.7/site-packages/airflow/example_dags/example_bash_operator.py
[2024-02-27T13:40:53.566+0000] {processor.py:753} INFO - DAG(s) dict_keys(['example_bash_operator']) retrieved from /home/airflow/.local/lib/python3.7/site-packages/airflow/example_dags/example_bash_operator.py
[2024-02-27T13:40:53.595+0000] {logging_mixin.py:137} INFO - [2024-02-27T13:40:53.595+0000] {dag.py:2690} INFO - Sync 1 DAGs
[2024-02-27T13:40:53.613+0000] {logging_mixin.py:137} INFO - [2024-02-27T13:40:53.613+0000] {dag.py:3441} INFO - Setting next_dagrun for example_bash_operator to 2024-02-26T00:00:00+00:00, run_after=2024-02-27T00:00:00+00:00
[2024-02-27T13:40:53.692+0000] {processor.py:175} INFO - Processing /home/airflow/.local/lib/python3.7/site-packages/airflow/example_dags/example_bash_operator.py took 0.146 seconds
[2024-02-27T13:41:24.387+0000] {processor.py:153} INFO - Started process (PID=2293) to work on /home/airflow/.local/lib/python3.7/site-packages/airflow/example_dags/example_bash_operator.py
[2024-02-27T13:41:24.388+0000] {processor.py:743} INFO - Processing file /home/airflow/.local/lib/python3.7/site-packages/airflow/example_dags/example_bash_operator.py for tasks to queue
[2024-02-27T13:41:24.389+0000] {logging_mixin.py:137} INFO - [2024-02-27T13:41:24.389+0000] {dagbag.py:538} INFO - Filling up the DagBag from /home/airflow/.local/lib/python3.7/site-packages/airflow/example_dags/example_bash_operator.py
[2024-02-27T13:41:24.404+0000] {processor.py:753} INFO - DAG(s) dict_keys(['example_bash_operator']) retrieved from /home/airflow/.local/lib/python3.7/site-packages/airflow/example_dags/example_bash_operator.py
[2024-02-27T13:41:24.430+0000] {logging_mixin.py:137} INFO - [2024-02-27T13:41:24.430+0000] {dag.py:2690} INFO - Sync 1 DAGs
[2024-02-27T13:41:24.449+0000] {logging_mixin.py:137} INFO - [2024-02-27T13:41:24.449+0000] {dag.py:3441} INFO - Setting next_dagrun for example_bash_operator to 2024-02-26T00:00:00+00:00, run_after=2024-02-27T00:00:00+00:00
[2024-02-27T13:41:24.465+0000] {processor.py:175} INFO - Processing /home/airflow/.local/lib/python3.7/site-packages/airflow/example_dags/example_bash_operator.py took 0.080 seconds
