[2024-02-27T13:31:17.375+0000] {processor.py:153} INFO - Started process (PID=81) to work on /home/airflow/.local/lib/python3.7/site-packages/airflow/example_dags/example_sensor_decorator.py
[2024-02-27T13:31:17.376+0000] {processor.py:743} INFO - Processing file /home/airflow/.local/lib/python3.7/site-packages/airflow/example_dags/example_sensor_decorator.py for tasks to queue
[2024-02-27T13:31:17.377+0000] {logging_mixin.py:137} INFO - [2024-02-27T13:31:17.377+0000] {dagbag.py:538} INFO - Filling up the DagBag from /home/airflow/.local/lib/python3.7/site-packages/airflow/example_dags/example_sensor_decorator.py
[2024-02-27T13:31:17.423+0000] {processor.py:753} INFO - DAG(s) dict_keys(['example_sensor_decorator']) retrieved from /home/airflow/.local/lib/python3.7/site-packages/airflow/example_dags/example_sensor_decorator.py
[2024-02-27T13:31:17.548+0000] {logging_mixin.py:137} INFO - [2024-02-27T13:31:17.548+0000] {manager.py:504} INFO - Created Permission View: can edit on DAG:example_sensor_decorator
[2024-02-27T13:31:17.557+0000] {logging_mixin.py:137} INFO - [2024-02-27T13:31:17.557+0000] {manager.py:504} INFO - Created Permission View: can delete on DAG:example_sensor_decorator
[2024-02-27T13:31:17.565+0000] {logging_mixin.py:137} INFO - [2024-02-27T13:31:17.564+0000] {manager.py:504} INFO - Created Permission View: can read on DAG:example_sensor_decorator
[2024-02-27T13:31:17.565+0000] {logging_mixin.py:137} INFO - [2024-02-27T13:31:17.565+0000] {dag.py:2690} INFO - Sync 1 DAGs
[2024-02-27T13:31:17.577+0000] {logging_mixin.py:137} INFO - [2024-02-27T13:31:17.577+0000] {dag.py:2711} INFO - Creating ORM DAG for example_sensor_decorator
[2024-02-27T13:31:17.594+0000] {logging_mixin.py:137} INFO - [2024-02-27T13:31:17.594+0000] {dag.py:3441} INFO - Setting next_dagrun for example_sensor_decorator to None, run_after=None
[2024-02-27T13:31:17.616+0000] {processor.py:175} INFO - Processing /home/airflow/.local/lib/python3.7/site-packages/airflow/example_dags/example_sensor_decorator.py took 0.244 seconds
[2024-02-27T13:31:47.975+0000] {processor.py:153} INFO - Started process (PID=194) to work on /home/airflow/.local/lib/python3.7/site-packages/airflow/example_dags/example_sensor_decorator.py
[2024-02-27T13:31:47.976+0000] {processor.py:743} INFO - Processing file /home/airflow/.local/lib/python3.7/site-packages/airflow/example_dags/example_sensor_decorator.py for tasks to queue
[2024-02-27T13:31:47.977+0000] {logging_mixin.py:137} INFO - [2024-02-27T13:31:47.977+0000] {dagbag.py:538} INFO - Filling up the DagBag from /home/airflow/.local/lib/python3.7/site-packages/airflow/example_dags/example_sensor_decorator.py
[2024-02-27T13:31:47.994+0000] {processor.py:753} INFO - DAG(s) dict_keys(['example_sensor_decorator']) retrieved from /home/airflow/.local/lib/python3.7/site-packages/airflow/example_dags/example_sensor_decorator.py
[2024-02-27T13:31:48.012+0000] {logging_mixin.py:137} INFO - [2024-02-27T13:31:48.012+0000] {dag.py:2690} INFO - Sync 1 DAGs
[2024-02-27T13:31:48.031+0000] {logging_mixin.py:137} INFO - [2024-02-27T13:31:48.031+0000] {dag.py:3441} INFO - Setting next_dagrun for example_sensor_decorator to None, run_after=None
[2024-02-27T13:31:48.048+0000] {processor.py:175} INFO - Processing /home/airflow/.local/lib/python3.7/site-packages/airflow/example_dags/example_sensor_decorator.py took 0.075 seconds
[2024-02-27T13:32:18.443+0000] {processor.py:153} INFO - Started process (PID=298) to work on /home/airflow/.local/lib/python3.7/site-packages/airflow/example_dags/example_sensor_decorator.py
[2024-02-27T13:32:18.445+0000] {processor.py:743} INFO - Processing file /home/airflow/.local/lib/python3.7/site-packages/airflow/example_dags/example_sensor_decorator.py for tasks to queue
[2024-02-27T13:32:18.446+0000] {logging_mixin.py:137} INFO - [2024-02-27T13:32:18.446+0000] {dagbag.py:538} INFO - Filling up the DagBag from /home/airflow/.local/lib/python3.7/site-packages/airflow/example_dags/example_sensor_decorator.py
[2024-02-27T13:32:18.466+0000] {processor.py:753} INFO - DAG(s) dict_keys(['example_sensor_decorator']) retrieved from /home/airflow/.local/lib/python3.7/site-packages/airflow/example_dags/example_sensor_decorator.py
[2024-02-27T13:32:18.488+0000] {logging_mixin.py:137} INFO - [2024-02-27T13:32:18.487+0000] {dag.py:2690} INFO - Sync 1 DAGs
[2024-02-27T13:32:18.511+0000] {logging_mixin.py:137} INFO - [2024-02-27T13:32:18.511+0000] {dag.py:3441} INFO - Setting next_dagrun for example_sensor_decorator to None, run_after=None
[2024-02-27T13:32:18.528+0000] {processor.py:175} INFO - Processing /home/airflow/.local/lib/python3.7/site-packages/airflow/example_dags/example_sensor_decorator.py took 0.087 seconds
[2024-02-27T13:32:49.032+0000] {processor.py:153} INFO - Started process (PID=412) to work on /home/airflow/.local/lib/python3.7/site-packages/airflow/example_dags/example_sensor_decorator.py
[2024-02-27T13:32:49.032+0000] {processor.py:743} INFO - Processing file /home/airflow/.local/lib/python3.7/site-packages/airflow/example_dags/example_sensor_decorator.py for tasks to queue
[2024-02-27T13:32:49.033+0000] {logging_mixin.py:137} INFO - [2024-02-27T13:32:49.033+0000] {dagbag.py:538} INFO - Filling up the DagBag from /home/airflow/.local/lib/python3.7/site-packages/airflow/example_dags/example_sensor_decorator.py
[2024-02-27T13:32:49.049+0000] {processor.py:753} INFO - DAG(s) dict_keys(['example_sensor_decorator']) retrieved from /home/airflow/.local/lib/python3.7/site-packages/airflow/example_dags/example_sensor_decorator.py
[2024-02-27T13:32:49.067+0000] {logging_mixin.py:137} INFO - [2024-02-27T13:32:49.066+0000] {dag.py:2690} INFO - Sync 1 DAGs
[2024-02-27T13:32:49.084+0000] {logging_mixin.py:137} INFO - [2024-02-27T13:32:49.084+0000] {dag.py:3441} INFO - Setting next_dagrun for example_sensor_decorator to None, run_after=None
[2024-02-27T13:32:49.097+0000] {processor.py:175} INFO - Processing /home/airflow/.local/lib/python3.7/site-packages/airflow/example_dags/example_sensor_decorator.py took 0.068 seconds
[2024-02-27T13:33:19.382+0000] {processor.py:153} INFO - Started process (PID=535) to work on /home/airflow/.local/lib/python3.7/site-packages/airflow/example_dags/example_sensor_decorator.py
[2024-02-27T13:33:19.384+0000] {processor.py:743} INFO - Processing file /home/airflow/.local/lib/python3.7/site-packages/airflow/example_dags/example_sensor_decorator.py for tasks to queue
[2024-02-27T13:33:19.385+0000] {logging_mixin.py:137} INFO - [2024-02-27T13:33:19.385+0000] {dagbag.py:538} INFO - Filling up the DagBag from /home/airflow/.local/lib/python3.7/site-packages/airflow/example_dags/example_sensor_decorator.py
[2024-02-27T13:33:19.400+0000] {processor.py:753} INFO - DAG(s) dict_keys(['example_sensor_decorator']) retrieved from /home/airflow/.local/lib/python3.7/site-packages/airflow/example_dags/example_sensor_decorator.py
[2024-02-27T13:33:19.417+0000] {logging_mixin.py:137} INFO - [2024-02-27T13:33:19.417+0000] {dag.py:2690} INFO - Sync 1 DAGs
[2024-02-27T13:33:19.433+0000] {logging_mixin.py:137} INFO - [2024-02-27T13:33:19.433+0000] {dag.py:3441} INFO - Setting next_dagrun for example_sensor_decorator to None, run_after=None
[2024-02-27T13:33:19.446+0000] {processor.py:175} INFO - Processing /home/airflow/.local/lib/python3.7/site-packages/airflow/example_dags/example_sensor_decorator.py took 0.066 seconds
[2024-02-27T13:33:49.656+0000] {processor.py:153} INFO - Started process (PID=629) to work on /home/airflow/.local/lib/python3.7/site-packages/airflow/example_dags/example_sensor_decorator.py
[2024-02-27T13:33:49.657+0000] {processor.py:743} INFO - Processing file /home/airflow/.local/lib/python3.7/site-packages/airflow/example_dags/example_sensor_decorator.py for tasks to queue
[2024-02-27T13:33:49.658+0000] {logging_mixin.py:137} INFO - [2024-02-27T13:33:49.658+0000] {dagbag.py:538} INFO - Filling up the DagBag from /home/airflow/.local/lib/python3.7/site-packages/airflow/example_dags/example_sensor_decorator.py
[2024-02-27T13:33:49.674+0000] {processor.py:753} INFO - DAG(s) dict_keys(['example_sensor_decorator']) retrieved from /home/airflow/.local/lib/python3.7/site-packages/airflow/example_dags/example_sensor_decorator.py
[2024-02-27T13:33:49.691+0000] {logging_mixin.py:137} INFO - [2024-02-27T13:33:49.691+0000] {dag.py:2690} INFO - Sync 1 DAGs
[2024-02-27T13:33:49.707+0000] {logging_mixin.py:137} INFO - [2024-02-27T13:33:49.707+0000] {dag.py:3441} INFO - Setting next_dagrun for example_sensor_decorator to None, run_after=None
[2024-02-27T13:33:49.722+0000] {processor.py:175} INFO - Processing /home/airflow/.local/lib/python3.7/site-packages/airflow/example_dags/example_sensor_decorator.py took 0.068 seconds
[2024-02-27T13:34:20.045+0000] {processor.py:153} INFO - Started process (PID=752) to work on /home/airflow/.local/lib/python3.7/site-packages/airflow/example_dags/example_sensor_decorator.py
[2024-02-27T13:34:20.046+0000] {processor.py:743} INFO - Processing file /home/airflow/.local/lib/python3.7/site-packages/airflow/example_dags/example_sensor_decorator.py for tasks to queue
[2024-02-27T13:34:20.047+0000] {logging_mixin.py:137} INFO - [2024-02-27T13:34:20.047+0000] {dagbag.py:538} INFO - Filling up the DagBag from /home/airflow/.local/lib/python3.7/site-packages/airflow/example_dags/example_sensor_decorator.py
[2024-02-27T13:34:20.063+0000] {processor.py:753} INFO - DAG(s) dict_keys(['example_sensor_decorator']) retrieved from /home/airflow/.local/lib/python3.7/site-packages/airflow/example_dags/example_sensor_decorator.py
[2024-02-27T13:34:20.079+0000] {logging_mixin.py:137} INFO - [2024-02-27T13:34:20.079+0000] {dag.py:2690} INFO - Sync 1 DAGs
[2024-02-27T13:34:20.096+0000] {logging_mixin.py:137} INFO - [2024-02-27T13:34:20.096+0000] {dag.py:3441} INFO - Setting next_dagrun for example_sensor_decorator to None, run_after=None
[2024-02-27T13:34:20.109+0000] {processor.py:175} INFO - Processing /home/airflow/.local/lib/python3.7/site-packages/airflow/example_dags/example_sensor_decorator.py took 0.066 seconds
[2024-02-27T13:34:50.648+0000] {processor.py:153} INFO - Started process (PID=876) to work on /home/airflow/.local/lib/python3.7/site-packages/airflow/example_dags/example_sensor_decorator.py
[2024-02-27T13:34:50.649+0000] {processor.py:743} INFO - Processing file /home/airflow/.local/lib/python3.7/site-packages/airflow/example_dags/example_sensor_decorator.py for tasks to queue
[2024-02-27T13:34:50.650+0000] {logging_mixin.py:137} INFO - [2024-02-27T13:34:50.650+0000] {dagbag.py:538} INFO - Filling up the DagBag from /home/airflow/.local/lib/python3.7/site-packages/airflow/example_dags/example_sensor_decorator.py
[2024-02-27T13:34:50.669+0000] {processor.py:753} INFO - DAG(s) dict_keys(['example_sensor_decorator']) retrieved from /home/airflow/.local/lib/python3.7/site-packages/airflow/example_dags/example_sensor_decorator.py
[2024-02-27T13:34:50.687+0000] {logging_mixin.py:137} INFO - [2024-02-27T13:34:50.686+0000] {dag.py:2690} INFO - Sync 1 DAGs
[2024-02-27T13:34:50.705+0000] {logging_mixin.py:137} INFO - [2024-02-27T13:34:50.705+0000] {dag.py:3441} INFO - Setting next_dagrun for example_sensor_decorator to None, run_after=None
[2024-02-27T13:34:50.720+0000] {processor.py:175} INFO - Processing /home/airflow/.local/lib/python3.7/site-packages/airflow/example_dags/example_sensor_decorator.py took 0.076 seconds
[2024-02-27T13:35:20.872+0000] {processor.py:153} INFO - Started process (PID=971) to work on /home/airflow/.local/lib/python3.7/site-packages/airflow/example_dags/example_sensor_decorator.py
[2024-02-27T13:35:20.873+0000] {processor.py:743} INFO - Processing file /home/airflow/.local/lib/python3.7/site-packages/airflow/example_dags/example_sensor_decorator.py for tasks to queue
[2024-02-27T13:35:20.874+0000] {logging_mixin.py:137} INFO - [2024-02-27T13:35:20.874+0000] {dagbag.py:538} INFO - Filling up the DagBag from /home/airflow/.local/lib/python3.7/site-packages/airflow/example_dags/example_sensor_decorator.py
[2024-02-27T13:35:20.891+0000] {processor.py:753} INFO - DAG(s) dict_keys(['example_sensor_decorator']) retrieved from /home/airflow/.local/lib/python3.7/site-packages/airflow/example_dags/example_sensor_decorator.py
[2024-02-27T13:35:20.910+0000] {logging_mixin.py:137} INFO - [2024-02-27T13:35:20.910+0000] {dag.py:2690} INFO - Sync 1 DAGs
[2024-02-27T13:35:20.929+0000] {logging_mixin.py:137} INFO - [2024-02-27T13:35:20.928+0000] {dag.py:3441} INFO - Setting next_dagrun for example_sensor_decorator to None, run_after=None
[2024-02-27T13:35:20.949+0000] {processor.py:175} INFO - Processing /home/airflow/.local/lib/python3.7/site-packages/airflow/example_dags/example_sensor_decorator.py took 0.079 seconds
[2024-02-27T13:35:51.062+0000] {processor.py:153} INFO - Started process (PID=1094) to work on /home/airflow/.local/lib/python3.7/site-packages/airflow/example_dags/example_sensor_decorator.py
[2024-02-27T13:35:51.063+0000] {processor.py:743} INFO - Processing file /home/airflow/.local/lib/python3.7/site-packages/airflow/example_dags/example_sensor_decorator.py for tasks to queue
[2024-02-27T13:35:51.064+0000] {logging_mixin.py:137} INFO - [2024-02-27T13:35:51.064+0000] {dagbag.py:538} INFO - Filling up the DagBag from /home/airflow/.local/lib/python3.7/site-packages/airflow/example_dags/example_sensor_decorator.py
[2024-02-27T13:35:51.078+0000] {processor.py:753} INFO - DAG(s) dict_keys(['example_sensor_decorator']) retrieved from /home/airflow/.local/lib/python3.7/site-packages/airflow/example_dags/example_sensor_decorator.py
[2024-02-27T13:35:51.096+0000] {logging_mixin.py:137} INFO - [2024-02-27T13:35:51.096+0000] {dag.py:2690} INFO - Sync 1 DAGs
[2024-02-27T13:35:51.114+0000] {logging_mixin.py:137} INFO - [2024-02-27T13:35:51.114+0000] {dag.py:3441} INFO - Setting next_dagrun for example_sensor_decorator to None, run_after=None
[2024-02-27T13:35:51.130+0000] {processor.py:175} INFO - Processing /home/airflow/.local/lib/python3.7/site-packages/airflow/example_dags/example_sensor_decorator.py took 0.070 seconds
[2024-02-27T13:36:21.286+0000] {processor.py:153} INFO - Started process (PID=1188) to work on /home/airflow/.local/lib/python3.7/site-packages/airflow/example_dags/example_sensor_decorator.py
[2024-02-27T13:36:21.288+0000] {processor.py:743} INFO - Processing file /home/airflow/.local/lib/python3.7/site-packages/airflow/example_dags/example_sensor_decorator.py for tasks to queue
[2024-02-27T13:36:21.289+0000] {logging_mixin.py:137} INFO - [2024-02-27T13:36:21.289+0000] {dagbag.py:538} INFO - Filling up the DagBag from /home/airflow/.local/lib/python3.7/site-packages/airflow/example_dags/example_sensor_decorator.py
[2024-02-27T13:36:21.306+0000] {processor.py:753} INFO - DAG(s) dict_keys(['example_sensor_decorator']) retrieved from /home/airflow/.local/lib/python3.7/site-packages/airflow/example_dags/example_sensor_decorator.py
[2024-02-27T13:36:21.323+0000] {logging_mixin.py:137} INFO - [2024-02-27T13:36:21.323+0000] {dag.py:2690} INFO - Sync 1 DAGs
[2024-02-27T13:36:21.339+0000] {logging_mixin.py:137} INFO - [2024-02-27T13:36:21.339+0000] {dag.py:3441} INFO - Setting next_dagrun for example_sensor_decorator to None, run_after=None
[2024-02-27T13:36:21.353+0000] {processor.py:175} INFO - Processing /home/airflow/.local/lib/python3.7/site-packages/airflow/example_dags/example_sensor_decorator.py took 0.069 seconds
[2024-02-27T13:36:51.603+0000] {processor.py:153} INFO - Started process (PID=1312) to work on /home/airflow/.local/lib/python3.7/site-packages/airflow/example_dags/example_sensor_decorator.py
[2024-02-27T13:36:51.604+0000] {processor.py:743} INFO - Processing file /home/airflow/.local/lib/python3.7/site-packages/airflow/example_dags/example_sensor_decorator.py for tasks to queue
[2024-02-27T13:36:51.605+0000] {logging_mixin.py:137} INFO - [2024-02-27T13:36:51.605+0000] {dagbag.py:538} INFO - Filling up the DagBag from /home/airflow/.local/lib/python3.7/site-packages/airflow/example_dags/example_sensor_decorator.py
[2024-02-27T13:36:51.621+0000] {processor.py:753} INFO - DAG(s) dict_keys(['example_sensor_decorator']) retrieved from /home/airflow/.local/lib/python3.7/site-packages/airflow/example_dags/example_sensor_decorator.py
[2024-02-27T13:36:51.640+0000] {logging_mixin.py:137} INFO - [2024-02-27T13:36:51.639+0000] {dag.py:2690} INFO - Sync 1 DAGs
[2024-02-27T13:36:51.658+0000] {logging_mixin.py:137} INFO - [2024-02-27T13:36:51.658+0000] {dag.py:3441} INFO - Setting next_dagrun for example_sensor_decorator to None, run_after=None
[2024-02-27T13:36:51.674+0000] {processor.py:175} INFO - Processing /home/airflow/.local/lib/python3.7/site-packages/airflow/example_dags/example_sensor_decorator.py took 0.074 seconds
[2024-02-27T13:37:21.780+0000] {processor.py:153} INFO - Started process (PID=1407) to work on /home/airflow/.local/lib/python3.7/site-packages/airflow/example_dags/example_sensor_decorator.py
[2024-02-27T13:37:21.781+0000] {processor.py:743} INFO - Processing file /home/airflow/.local/lib/python3.7/site-packages/airflow/example_dags/example_sensor_decorator.py for tasks to queue
[2024-02-27T13:37:21.783+0000] {logging_mixin.py:137} INFO - [2024-02-27T13:37:21.783+0000] {dagbag.py:538} INFO - Filling up the DagBag from /home/airflow/.local/lib/python3.7/site-packages/airflow/example_dags/example_sensor_decorator.py
[2024-02-27T13:37:21.806+0000] {processor.py:753} INFO - DAG(s) dict_keys(['example_sensor_decorator']) retrieved from /home/airflow/.local/lib/python3.7/site-packages/airflow/example_dags/example_sensor_decorator.py
[2024-02-27T13:37:21.829+0000] {logging_mixin.py:137} INFO - [2024-02-27T13:37:21.829+0000] {dag.py:2690} INFO - Sync 1 DAGs
[2024-02-27T13:37:21.856+0000] {logging_mixin.py:137} INFO - [2024-02-27T13:37:21.856+0000] {dag.py:3441} INFO - Setting next_dagrun for example_sensor_decorator to None, run_after=None
[2024-02-27T13:37:21.873+0000] {processor.py:175} INFO - Processing /home/airflow/.local/lib/python3.7/site-packages/airflow/example_dags/example_sensor_decorator.py took 0.096 seconds
[2024-02-27T13:37:52.272+0000] {processor.py:153} INFO - Started process (PID=1532) to work on /home/airflow/.local/lib/python3.7/site-packages/airflow/example_dags/example_sensor_decorator.py
[2024-02-27T13:37:52.273+0000] {processor.py:743} INFO - Processing file /home/airflow/.local/lib/python3.7/site-packages/airflow/example_dags/example_sensor_decorator.py for tasks to queue
[2024-02-27T13:37:52.274+0000] {logging_mixin.py:137} INFO - [2024-02-27T13:37:52.274+0000] {dagbag.py:538} INFO - Filling up the DagBag from /home/airflow/.local/lib/python3.7/site-packages/airflow/example_dags/example_sensor_decorator.py
[2024-02-27T13:37:52.289+0000] {processor.py:753} INFO - DAG(s) dict_keys(['example_sensor_decorator']) retrieved from /home/airflow/.local/lib/python3.7/site-packages/airflow/example_dags/example_sensor_decorator.py
[2024-02-27T13:37:52.304+0000] {logging_mixin.py:137} INFO - [2024-02-27T13:37:52.304+0000] {dag.py:2690} INFO - Sync 1 DAGs
[2024-02-27T13:37:52.321+0000] {logging_mixin.py:137} INFO - [2024-02-27T13:37:52.321+0000] {dag.py:3441} INFO - Setting next_dagrun for example_sensor_decorator to None, run_after=None
[2024-02-27T13:37:52.335+0000] {processor.py:175} INFO - Processing /home/airflow/.local/lib/python3.7/site-packages/airflow/example_dags/example_sensor_decorator.py took 0.066 seconds
[2024-02-27T13:38:22.698+0000] {processor.py:153} INFO - Started process (PID=1655) to work on /home/airflow/.local/lib/python3.7/site-packages/airflow/example_dags/example_sensor_decorator.py
[2024-02-27T13:38:22.699+0000] {processor.py:743} INFO - Processing file /home/airflow/.local/lib/python3.7/site-packages/airflow/example_dags/example_sensor_decorator.py for tasks to queue
[2024-02-27T13:38:22.700+0000] {logging_mixin.py:137} INFO - [2024-02-27T13:38:22.700+0000] {dagbag.py:538} INFO - Filling up the DagBag from /home/airflow/.local/lib/python3.7/site-packages/airflow/example_dags/example_sensor_decorator.py
[2024-02-27T13:38:22.716+0000] {processor.py:753} INFO - DAG(s) dict_keys(['example_sensor_decorator']) retrieved from /home/airflow/.local/lib/python3.7/site-packages/airflow/example_dags/example_sensor_decorator.py
[2024-02-27T13:38:22.735+0000] {logging_mixin.py:137} INFO - [2024-02-27T13:38:22.735+0000] {dag.py:2690} INFO - Sync 1 DAGs
[2024-02-27T13:38:22.754+0000] {logging_mixin.py:137} INFO - [2024-02-27T13:38:22.754+0000] {dag.py:3441} INFO - Setting next_dagrun for example_sensor_decorator to None, run_after=None
[2024-02-27T13:38:22.770+0000] {processor.py:175} INFO - Processing /home/airflow/.local/lib/python3.7/site-packages/airflow/example_dags/example_sensor_decorator.py took 0.074 seconds
[2024-02-27T13:38:52.942+0000] {processor.py:153} INFO - Started process (PID=1750) to work on /home/airflow/.local/lib/python3.7/site-packages/airflow/example_dags/example_sensor_decorator.py
[2024-02-27T13:38:52.943+0000] {processor.py:743} INFO - Processing file /home/airflow/.local/lib/python3.7/site-packages/airflow/example_dags/example_sensor_decorator.py for tasks to queue
[2024-02-27T13:38:52.944+0000] {logging_mixin.py:137} INFO - [2024-02-27T13:38:52.944+0000] {dagbag.py:538} INFO - Filling up the DagBag from /home/airflow/.local/lib/python3.7/site-packages/airflow/example_dags/example_sensor_decorator.py
[2024-02-27T13:38:52.962+0000] {processor.py:753} INFO - DAG(s) dict_keys(['example_sensor_decorator']) retrieved from /home/airflow/.local/lib/python3.7/site-packages/airflow/example_dags/example_sensor_decorator.py
[2024-02-27T13:38:52.979+0000] {logging_mixin.py:137} INFO - [2024-02-27T13:38:52.979+0000] {dag.py:2690} INFO - Sync 1 DAGs
[2024-02-27T13:38:52.996+0000] {logging_mixin.py:137} INFO - [2024-02-27T13:38:52.995+0000] {dag.py:3441} INFO - Setting next_dagrun for example_sensor_decorator to None, run_after=None
[2024-02-27T13:38:53.011+0000] {processor.py:175} INFO - Processing /home/airflow/.local/lib/python3.7/site-packages/airflow/example_dags/example_sensor_decorator.py took 0.072 seconds
[2024-02-27T13:39:23.738+0000] {processor.py:153} INFO - Started process (PID=1873) to work on /home/airflow/.local/lib/python3.7/site-packages/airflow/example_dags/example_sensor_decorator.py
[2024-02-27T13:39:23.739+0000] {processor.py:743} INFO - Processing file /home/airflow/.local/lib/python3.7/site-packages/airflow/example_dags/example_sensor_decorator.py for tasks to queue
[2024-02-27T13:39:23.740+0000] {logging_mixin.py:137} INFO - [2024-02-27T13:39:23.740+0000] {dagbag.py:538} INFO - Filling up the DagBag from /home/airflow/.local/lib/python3.7/site-packages/airflow/example_dags/example_sensor_decorator.py
[2024-02-27T13:39:23.755+0000] {processor.py:753} INFO - DAG(s) dict_keys(['example_sensor_decorator']) retrieved from /home/airflow/.local/lib/python3.7/site-packages/airflow/example_dags/example_sensor_decorator.py
[2024-02-27T13:39:23.771+0000] {logging_mixin.py:137} INFO - [2024-02-27T13:39:23.771+0000] {dag.py:2690} INFO - Sync 1 DAGs
[2024-02-27T13:39:23.798+0000] {logging_mixin.py:137} INFO - [2024-02-27T13:39:23.798+0000] {dag.py:3441} INFO - Setting next_dagrun for example_sensor_decorator to None, run_after=None
[2024-02-27T13:39:23.813+0000] {processor.py:175} INFO - Processing /home/airflow/.local/lib/python3.7/site-packages/airflow/example_dags/example_sensor_decorator.py took 0.077 seconds
[2024-02-27T13:39:54.470+0000] {processor.py:153} INFO - Started process (PID=1968) to work on /home/airflow/.local/lib/python3.7/site-packages/airflow/example_dags/example_sensor_decorator.py
[2024-02-27T13:39:54.471+0000] {processor.py:743} INFO - Processing file /home/airflow/.local/lib/python3.7/site-packages/airflow/example_dags/example_sensor_decorator.py for tasks to queue
[2024-02-27T13:39:54.472+0000] {logging_mixin.py:137} INFO - [2024-02-27T13:39:54.472+0000] {dagbag.py:538} INFO - Filling up the DagBag from /home/airflow/.local/lib/python3.7/site-packages/airflow/example_dags/example_sensor_decorator.py
[2024-02-27T13:39:54.487+0000] {processor.py:753} INFO - DAG(s) dict_keys(['example_sensor_decorator']) retrieved from /home/airflow/.local/lib/python3.7/site-packages/airflow/example_dags/example_sensor_decorator.py
[2024-02-27T13:39:54.504+0000] {logging_mixin.py:137} INFO - [2024-02-27T13:39:54.504+0000] {dag.py:2690} INFO - Sync 1 DAGs
[2024-02-27T13:39:54.521+0000] {logging_mixin.py:137} INFO - [2024-02-27T13:39:54.521+0000] {dag.py:3441} INFO - Setting next_dagrun for example_sensor_decorator to None, run_after=None
[2024-02-27T13:39:54.535+0000] {processor.py:175} INFO - Processing /home/airflow/.local/lib/python3.7/site-packages/airflow/example_dags/example_sensor_decorator.py took 0.067 seconds
[2024-02-27T13:40:24.882+0000] {processor.py:153} INFO - Started process (PID=2092) to work on /home/airflow/.local/lib/python3.7/site-packages/airflow/example_dags/example_sensor_decorator.py
[2024-02-27T13:40:24.883+0000] {processor.py:743} INFO - Processing file /home/airflow/.local/lib/python3.7/site-packages/airflow/example_dags/example_sensor_decorator.py for tasks to queue
[2024-02-27T13:40:24.884+0000] {logging_mixin.py:137} INFO - [2024-02-27T13:40:24.883+0000] {dagbag.py:538} INFO - Filling up the DagBag from /home/airflow/.local/lib/python3.7/site-packages/airflow/example_dags/example_sensor_decorator.py
[2024-02-27T13:40:24.898+0000] {processor.py:753} INFO - DAG(s) dict_keys(['example_sensor_decorator']) retrieved from /home/airflow/.local/lib/python3.7/site-packages/airflow/example_dags/example_sensor_decorator.py
[2024-02-27T13:40:24.916+0000] {logging_mixin.py:137} INFO - [2024-02-27T13:40:24.916+0000] {dag.py:2690} INFO - Sync 1 DAGs
[2024-02-27T13:40:24.933+0000] {logging_mixin.py:137} INFO - [2024-02-27T13:40:24.933+0000] {dag.py:3441} INFO - Setting next_dagrun for example_sensor_decorator to None, run_after=None
[2024-02-27T13:40:24.948+0000] {processor.py:175} INFO - Processing /home/airflow/.local/lib/python3.7/site-packages/airflow/example_dags/example_sensor_decorator.py took 0.069 seconds
[2024-02-27T13:40:55.904+0000] {processor.py:153} INFO - Started process (PID=2215) to work on /home/airflow/.local/lib/python3.7/site-packages/airflow/example_dags/example_sensor_decorator.py
[2024-02-27T13:40:55.905+0000] {processor.py:743} INFO - Processing file /home/airflow/.local/lib/python3.7/site-packages/airflow/example_dags/example_sensor_decorator.py for tasks to queue
[2024-02-27T13:40:55.906+0000] {logging_mixin.py:137} INFO - [2024-02-27T13:40:55.906+0000] {dagbag.py:538} INFO - Filling up the DagBag from /home/airflow/.local/lib/python3.7/site-packages/airflow/example_dags/example_sensor_decorator.py
[2024-02-27T13:40:55.925+0000] {processor.py:753} INFO - DAG(s) dict_keys(['example_sensor_decorator']) retrieved from /home/airflow/.local/lib/python3.7/site-packages/airflow/example_dags/example_sensor_decorator.py
[2024-02-27T13:40:55.944+0000] {logging_mixin.py:137} INFO - [2024-02-27T13:40:55.944+0000] {dag.py:2690} INFO - Sync 1 DAGs
[2024-02-27T13:40:55.963+0000] {logging_mixin.py:137} INFO - [2024-02-27T13:40:55.963+0000] {dag.py:3441} INFO - Setting next_dagrun for example_sensor_decorator to None, run_after=None
[2024-02-27T13:40:55.997+0000] {processor.py:175} INFO - Processing /home/airflow/.local/lib/python3.7/site-packages/airflow/example_dags/example_sensor_decorator.py took 0.096 seconds
[2024-02-27T13:41:26.094+0000] {processor.py:153} INFO - Started process (PID=2310) to work on /home/airflow/.local/lib/python3.7/site-packages/airflow/example_dags/example_sensor_decorator.py
[2024-02-27T13:41:26.095+0000] {processor.py:743} INFO - Processing file /home/airflow/.local/lib/python3.7/site-packages/airflow/example_dags/example_sensor_decorator.py for tasks to queue
[2024-02-27T13:41:26.096+0000] {logging_mixin.py:137} INFO - [2024-02-27T13:41:26.096+0000] {dagbag.py:538} INFO - Filling up the DagBag from /home/airflow/.local/lib/python3.7/site-packages/airflow/example_dags/example_sensor_decorator.py
[2024-02-27T13:41:26.111+0000] {processor.py:753} INFO - DAG(s) dict_keys(['example_sensor_decorator']) retrieved from /home/airflow/.local/lib/python3.7/site-packages/airflow/example_dags/example_sensor_decorator.py
[2024-02-27T13:41:26.128+0000] {logging_mixin.py:137} INFO - [2024-02-27T13:41:26.128+0000] {dag.py:2690} INFO - Sync 1 DAGs
[2024-02-27T13:41:26.145+0000] {logging_mixin.py:137} INFO - [2024-02-27T13:41:26.144+0000] {dag.py:3441} INFO - Setting next_dagrun for example_sensor_decorator to None, run_after=None
[2024-02-27T13:41:26.159+0000] {processor.py:175} INFO - Processing /home/airflow/.local/lib/python3.7/site-packages/airflow/example_dags/example_sensor_decorator.py took 0.067 seconds
