[2024-02-27T13:31:15.290+0000] {processor.py:153} INFO - Started process (PID=56) to work on /home/airflow/.local/lib/python3.7/site-packages/airflow/example_dags/example_skip_dag.py
[2024-02-27T13:31:15.291+0000] {processor.py:743} INFO - Processing file /home/airflow/.local/lib/python3.7/site-packages/airflow/example_dags/example_skip_dag.py for tasks to queue
[2024-02-27T13:31:15.292+0000] {logging_mixin.py:137} INFO - [2024-02-27T13:31:15.292+0000] {dagbag.py:538} INFO - Filling up the DagBag from /home/airflow/.local/lib/python3.7/site-packages/airflow/example_dags/example_skip_dag.py
[2024-02-27T13:31:15.303+0000] {processor.py:753} INFO - DAG(s) dict_keys(['example_skip_dag']) retrieved from /home/airflow/.local/lib/python3.7/site-packages/airflow/example_dags/example_skip_dag.py
[2024-02-27T13:31:15.397+0000] {logging_mixin.py:137} INFO - [2024-02-27T13:31:15.396+0000] {manager.py:504} INFO - Created Permission View: can edit on DAG:example_skip_dag
[2024-02-27T13:31:15.406+0000] {logging_mixin.py:137} INFO - [2024-02-27T13:31:15.406+0000] {manager.py:504} INFO - Created Permission View: can delete on DAG:example_skip_dag
[2024-02-27T13:31:15.414+0000] {logging_mixin.py:137} INFO - [2024-02-27T13:31:15.414+0000] {manager.py:504} INFO - Created Permission View: can read on DAG:example_skip_dag
[2024-02-27T13:31:15.415+0000] {logging_mixin.py:137} INFO - [2024-02-27T13:31:15.415+0000] {dag.py:2690} INFO - Sync 1 DAGs
[2024-02-27T13:31:15.425+0000] {logging_mixin.py:137} INFO - [2024-02-27T13:31:15.425+0000] {dag.py:2711} INFO - Creating ORM DAG for example_skip_dag
[2024-02-27T13:31:15.434+0000] {logging_mixin.py:137} INFO - [2024-02-27T13:31:15.434+0000] {dag.py:3441} INFO - Setting next_dagrun for example_skip_dag to 2024-02-26T13:31:15.434112+00:00, run_after=2024-02-27T13:31:15.434112+00:00
[2024-02-27T13:31:15.450+0000] {processor.py:175} INFO - Processing /home/airflow/.local/lib/python3.7/site-packages/airflow/example_dags/example_skip_dag.py took 0.164 seconds
[2024-02-27T13:31:46.083+0000] {processor.py:153} INFO - Started process (PID=179) to work on /home/airflow/.local/lib/python3.7/site-packages/airflow/example_dags/example_skip_dag.py
[2024-02-27T13:31:46.085+0000] {processor.py:743} INFO - Processing file /home/airflow/.local/lib/python3.7/site-packages/airflow/example_dags/example_skip_dag.py for tasks to queue
[2024-02-27T13:31:46.086+0000] {logging_mixin.py:137} INFO - [2024-02-27T13:31:46.086+0000] {dagbag.py:538} INFO - Filling up the DagBag from /home/airflow/.local/lib/python3.7/site-packages/airflow/example_dags/example_skip_dag.py
[2024-02-27T13:31:46.101+0000] {processor.py:753} INFO - DAG(s) dict_keys(['example_skip_dag']) retrieved from /home/airflow/.local/lib/python3.7/site-packages/airflow/example_dags/example_skip_dag.py
[2024-02-27T13:31:46.125+0000] {logging_mixin.py:137} INFO - [2024-02-27T13:31:46.125+0000] {dag.py:2690} INFO - Sync 1 DAGs
[2024-02-27T13:31:46.145+0000] {logging_mixin.py:137} INFO - [2024-02-27T13:31:46.145+0000] {dag.py:3441} INFO - Setting next_dagrun for example_skip_dag to 2024-02-26T13:31:46.145096+00:00, run_after=2024-02-27T13:31:46.145096+00:00
[2024-02-27T13:31:46.168+0000] {processor.py:175} INFO - Processing /home/airflow/.local/lib/python3.7/site-packages/airflow/example_dags/example_skip_dag.py took 0.087 seconds
[2024-02-27T13:32:16.643+0000] {processor.py:153} INFO - Started process (PID=274) to work on /home/airflow/.local/lib/python3.7/site-packages/airflow/example_dags/example_skip_dag.py
[2024-02-27T13:32:16.645+0000] {processor.py:743} INFO - Processing file /home/airflow/.local/lib/python3.7/site-packages/airflow/example_dags/example_skip_dag.py for tasks to queue
[2024-02-27T13:32:16.646+0000] {logging_mixin.py:137} INFO - [2024-02-27T13:32:16.646+0000] {dagbag.py:538} INFO - Filling up the DagBag from /home/airflow/.local/lib/python3.7/site-packages/airflow/example_dags/example_skip_dag.py
[2024-02-27T13:32:16.658+0000] {processor.py:753} INFO - DAG(s) dict_keys(['example_skip_dag']) retrieved from /home/airflow/.local/lib/python3.7/site-packages/airflow/example_dags/example_skip_dag.py
[2024-02-27T13:32:16.680+0000] {logging_mixin.py:137} INFO - [2024-02-27T13:32:16.680+0000] {dag.py:2690} INFO - Sync 1 DAGs
[2024-02-27T13:32:16.703+0000] {logging_mixin.py:137} INFO - [2024-02-27T13:32:16.703+0000] {dag.py:3441} INFO - Setting next_dagrun for example_skip_dag to 2024-02-26T13:32:16.702870+00:00, run_after=2024-02-27T13:32:16.702870+00:00
[2024-02-27T13:32:16.722+0000] {processor.py:175} INFO - Processing /home/airflow/.local/lib/python3.7/site-packages/airflow/example_dags/example_skip_dag.py took 0.082 seconds
[2024-02-27T13:32:47.137+0000] {processor.py:153} INFO - Started process (PID=396) to work on /home/airflow/.local/lib/python3.7/site-packages/airflow/example_dags/example_skip_dag.py
[2024-02-27T13:32:47.138+0000] {processor.py:743} INFO - Processing file /home/airflow/.local/lib/python3.7/site-packages/airflow/example_dags/example_skip_dag.py for tasks to queue
[2024-02-27T13:32:47.139+0000] {logging_mixin.py:137} INFO - [2024-02-27T13:32:47.139+0000] {dagbag.py:538} INFO - Filling up the DagBag from /home/airflow/.local/lib/python3.7/site-packages/airflow/example_dags/example_skip_dag.py
[2024-02-27T13:32:47.149+0000] {processor.py:753} INFO - DAG(s) dict_keys(['example_skip_dag']) retrieved from /home/airflow/.local/lib/python3.7/site-packages/airflow/example_dags/example_skip_dag.py
[2024-02-27T13:32:47.167+0000] {logging_mixin.py:137} INFO - [2024-02-27T13:32:47.167+0000] {dag.py:2690} INFO - Sync 1 DAGs
[2024-02-27T13:32:47.184+0000] {logging_mixin.py:137} INFO - [2024-02-27T13:32:47.184+0000] {dag.py:3441} INFO - Setting next_dagrun for example_skip_dag to 2024-02-26T13:32:47.184466+00:00, run_after=2024-02-27T13:32:47.184466+00:00
[2024-02-27T13:32:47.199+0000] {processor.py:175} INFO - Processing /home/airflow/.local/lib/python3.7/site-packages/airflow/example_dags/example_skip_dag.py took 0.063 seconds
[2024-02-27T13:33:17.535+0000] {processor.py:153} INFO - Started process (PID=519) to work on /home/airflow/.local/lib/python3.7/site-packages/airflow/example_dags/example_skip_dag.py
[2024-02-27T13:33:17.538+0000] {processor.py:743} INFO - Processing file /home/airflow/.local/lib/python3.7/site-packages/airflow/example_dags/example_skip_dag.py for tasks to queue
[2024-02-27T13:33:17.539+0000] {logging_mixin.py:137} INFO - [2024-02-27T13:33:17.539+0000] {dagbag.py:538} INFO - Filling up the DagBag from /home/airflow/.local/lib/python3.7/site-packages/airflow/example_dags/example_skip_dag.py
[2024-02-27T13:33:17.552+0000] {processor.py:753} INFO - DAG(s) dict_keys(['example_skip_dag']) retrieved from /home/airflow/.local/lib/python3.7/site-packages/airflow/example_dags/example_skip_dag.py
[2024-02-27T13:33:17.574+0000] {logging_mixin.py:137} INFO - [2024-02-27T13:33:17.574+0000] {dag.py:2690} INFO - Sync 1 DAGs
[2024-02-27T13:33:17.593+0000] {logging_mixin.py:137} INFO - [2024-02-27T13:33:17.593+0000] {dag.py:3441} INFO - Setting next_dagrun for example_skip_dag to 2024-02-26T13:33:17.593150+00:00, run_after=2024-02-27T13:33:17.593150+00:00
[2024-02-27T13:33:17.610+0000] {processor.py:175} INFO - Processing /home/airflow/.local/lib/python3.7/site-packages/airflow/example_dags/example_skip_dag.py took 0.077 seconds
[2024-02-27T13:33:47.834+0000] {processor.py:153} INFO - Started process (PID=613) to work on /home/airflow/.local/lib/python3.7/site-packages/airflow/example_dags/example_skip_dag.py
[2024-02-27T13:33:47.835+0000] {processor.py:743} INFO - Processing file /home/airflow/.local/lib/python3.7/site-packages/airflow/example_dags/example_skip_dag.py for tasks to queue
[2024-02-27T13:33:47.835+0000] {logging_mixin.py:137} INFO - [2024-02-27T13:33:47.835+0000] {dagbag.py:538} INFO - Filling up the DagBag from /home/airflow/.local/lib/python3.7/site-packages/airflow/example_dags/example_skip_dag.py
[2024-02-27T13:33:47.844+0000] {processor.py:753} INFO - DAG(s) dict_keys(['example_skip_dag']) retrieved from /home/airflow/.local/lib/python3.7/site-packages/airflow/example_dags/example_skip_dag.py
[2024-02-27T13:33:47.862+0000] {logging_mixin.py:137} INFO - [2024-02-27T13:33:47.862+0000] {dag.py:2690} INFO - Sync 1 DAGs
[2024-02-27T13:33:47.878+0000] {logging_mixin.py:137} INFO - [2024-02-27T13:33:47.878+0000] {dag.py:3441} INFO - Setting next_dagrun for example_skip_dag to 2024-02-26T13:33:47.878501+00:00, run_after=2024-02-27T13:33:47.878501+00:00
[2024-02-27T13:33:47.892+0000] {processor.py:175} INFO - Processing /home/airflow/.local/lib/python3.7/site-packages/airflow/example_dags/example_skip_dag.py took 0.061 seconds
[2024-02-27T13:34:18.183+0000] {processor.py:153} INFO - Started process (PID=736) to work on /home/airflow/.local/lib/python3.7/site-packages/airflow/example_dags/example_skip_dag.py
[2024-02-27T13:34:18.184+0000] {processor.py:743} INFO - Processing file /home/airflow/.local/lib/python3.7/site-packages/airflow/example_dags/example_skip_dag.py for tasks to queue
[2024-02-27T13:34:18.184+0000] {logging_mixin.py:137} INFO - [2024-02-27T13:34:18.184+0000] {dagbag.py:538} INFO - Filling up the DagBag from /home/airflow/.local/lib/python3.7/site-packages/airflow/example_dags/example_skip_dag.py
[2024-02-27T13:34:18.195+0000] {processor.py:753} INFO - DAG(s) dict_keys(['example_skip_dag']) retrieved from /home/airflow/.local/lib/python3.7/site-packages/airflow/example_dags/example_skip_dag.py
[2024-02-27T13:34:18.214+0000] {logging_mixin.py:137} INFO - [2024-02-27T13:34:18.214+0000] {dag.py:2690} INFO - Sync 1 DAGs
[2024-02-27T13:34:18.233+0000] {logging_mixin.py:137} INFO - [2024-02-27T13:34:18.233+0000] {dag.py:3441} INFO - Setting next_dagrun for example_skip_dag to 2024-02-26T13:34:18.232940+00:00, run_after=2024-02-27T13:34:18.232940+00:00
[2024-02-27T13:34:18.247+0000] {processor.py:175} INFO - Processing /home/airflow/.local/lib/python3.7/site-packages/airflow/example_dags/example_skip_dag.py took 0.067 seconds
[2024-02-27T13:34:48.686+0000] {processor.py:153} INFO - Started process (PID=832) to work on /home/airflow/.local/lib/python3.7/site-packages/airflow/example_dags/example_skip_dag.py
[2024-02-27T13:34:48.688+0000] {processor.py:743} INFO - Processing file /home/airflow/.local/lib/python3.7/site-packages/airflow/example_dags/example_skip_dag.py for tasks to queue
[2024-02-27T13:34:48.689+0000] {logging_mixin.py:137} INFO - [2024-02-27T13:34:48.689+0000] {dagbag.py:538} INFO - Filling up the DagBag from /home/airflow/.local/lib/python3.7/site-packages/airflow/example_dags/example_skip_dag.py
[2024-02-27T13:34:48.699+0000] {processor.py:753} INFO - DAG(s) dict_keys(['example_skip_dag']) retrieved from /home/airflow/.local/lib/python3.7/site-packages/airflow/example_dags/example_skip_dag.py
[2024-02-27T13:34:48.717+0000] {logging_mixin.py:137} INFO - [2024-02-27T13:34:48.717+0000] {dag.py:2690} INFO - Sync 1 DAGs
[2024-02-27T13:34:48.738+0000] {logging_mixin.py:137} INFO - [2024-02-27T13:34:48.737+0000] {dag.py:3441} INFO - Setting next_dagrun for example_skip_dag to 2024-02-26T13:34:48.737806+00:00, run_after=2024-02-27T13:34:48.737806+00:00
[2024-02-27T13:34:48.756+0000] {processor.py:175} INFO - Processing /home/airflow/.local/lib/python3.7/site-packages/airflow/example_dags/example_skip_dag.py took 0.073 seconds
[2024-02-27T13:35:19.099+0000] {processor.py:153} INFO - Started process (PID=955) to work on /home/airflow/.local/lib/python3.7/site-packages/airflow/example_dags/example_skip_dag.py
[2024-02-27T13:35:19.101+0000] {processor.py:743} INFO - Processing file /home/airflow/.local/lib/python3.7/site-packages/airflow/example_dags/example_skip_dag.py for tasks to queue
[2024-02-27T13:35:19.102+0000] {logging_mixin.py:137} INFO - [2024-02-27T13:35:19.102+0000] {dagbag.py:538} INFO - Filling up the DagBag from /home/airflow/.local/lib/python3.7/site-packages/airflow/example_dags/example_skip_dag.py
[2024-02-27T13:35:19.112+0000] {processor.py:753} INFO - DAG(s) dict_keys(['example_skip_dag']) retrieved from /home/airflow/.local/lib/python3.7/site-packages/airflow/example_dags/example_skip_dag.py
[2024-02-27T13:35:19.131+0000] {logging_mixin.py:137} INFO - [2024-02-27T13:35:19.131+0000] {dag.py:2690} INFO - Sync 1 DAGs
[2024-02-27T13:35:19.149+0000] {logging_mixin.py:137} INFO - [2024-02-27T13:35:19.149+0000] {dag.py:3441} INFO - Setting next_dagrun for example_skip_dag to 2024-02-26T13:35:19.148861+00:00, run_after=2024-02-27T13:35:19.148861+00:00
[2024-02-27T13:35:19.163+0000] {processor.py:175} INFO - Processing /home/airflow/.local/lib/python3.7/site-packages/airflow/example_dags/example_skip_dag.py took 0.065 seconds
[2024-02-27T13:35:49.294+0000] {processor.py:153} INFO - Started process (PID=1059) to work on /home/airflow/.local/lib/python3.7/site-packages/airflow/example_dags/example_skip_dag.py
[2024-02-27T13:35:49.295+0000] {processor.py:743} INFO - Processing file /home/airflow/.local/lib/python3.7/site-packages/airflow/example_dags/example_skip_dag.py for tasks to queue
[2024-02-27T13:35:49.296+0000] {logging_mixin.py:137} INFO - [2024-02-27T13:35:49.296+0000] {dagbag.py:538} INFO - Filling up the DagBag from /home/airflow/.local/lib/python3.7/site-packages/airflow/example_dags/example_skip_dag.py
[2024-02-27T13:35:49.307+0000] {processor.py:753} INFO - DAG(s) dict_keys(['example_skip_dag']) retrieved from /home/airflow/.local/lib/python3.7/site-packages/airflow/example_dags/example_skip_dag.py
[2024-02-27T13:35:49.327+0000] {logging_mixin.py:137} INFO - [2024-02-27T13:35:49.327+0000] {dag.py:2690} INFO - Sync 1 DAGs
[2024-02-27T13:35:49.345+0000] {logging_mixin.py:137} INFO - [2024-02-27T13:35:49.345+0000] {dag.py:3441} INFO - Setting next_dagrun for example_skip_dag to 2024-02-26T13:35:49.345669+00:00, run_after=2024-02-27T13:35:49.345669+00:00
[2024-02-27T13:35:49.364+0000] {processor.py:175} INFO - Processing /home/airflow/.local/lib/python3.7/site-packages/airflow/example_dags/example_skip_dag.py took 0.072 seconds
[2024-02-27T13:36:19.553+0000] {processor.py:153} INFO - Started process (PID=1173) to work on /home/airflow/.local/lib/python3.7/site-packages/airflow/example_dags/example_skip_dag.py
[2024-02-27T13:36:19.554+0000] {processor.py:743} INFO - Processing file /home/airflow/.local/lib/python3.7/site-packages/airflow/example_dags/example_skip_dag.py for tasks to queue
[2024-02-27T13:36:19.555+0000] {logging_mixin.py:137} INFO - [2024-02-27T13:36:19.555+0000] {dagbag.py:538} INFO - Filling up the DagBag from /home/airflow/.local/lib/python3.7/site-packages/airflow/example_dags/example_skip_dag.py
[2024-02-27T13:36:19.565+0000] {processor.py:753} INFO - DAG(s) dict_keys(['example_skip_dag']) retrieved from /home/airflow/.local/lib/python3.7/site-packages/airflow/example_dags/example_skip_dag.py
[2024-02-27T13:36:19.584+0000] {logging_mixin.py:137} INFO - [2024-02-27T13:36:19.583+0000] {dag.py:2690} INFO - Sync 1 DAGs
[2024-02-27T13:36:19.601+0000] {logging_mixin.py:137} INFO - [2024-02-27T13:36:19.601+0000] {dag.py:3441} INFO - Setting next_dagrun for example_skip_dag to 2024-02-26T13:36:19.601167+00:00, run_after=2024-02-27T13:36:19.601167+00:00
[2024-02-27T13:36:19.616+0000] {processor.py:175} INFO - Processing /home/airflow/.local/lib/python3.7/site-packages/airflow/example_dags/example_skip_dag.py took 0.065 seconds
[2024-02-27T13:36:49.825+0000] {processor.py:153} INFO - Started process (PID=1296) to work on /home/airflow/.local/lib/python3.7/site-packages/airflow/example_dags/example_skip_dag.py
[2024-02-27T13:36:49.826+0000] {processor.py:743} INFO - Processing file /home/airflow/.local/lib/python3.7/site-packages/airflow/example_dags/example_skip_dag.py for tasks to queue
[2024-02-27T13:36:49.827+0000] {logging_mixin.py:137} INFO - [2024-02-27T13:36:49.827+0000] {dagbag.py:538} INFO - Filling up the DagBag from /home/airflow/.local/lib/python3.7/site-packages/airflow/example_dags/example_skip_dag.py
[2024-02-27T13:36:49.837+0000] {processor.py:753} INFO - DAG(s) dict_keys(['example_skip_dag']) retrieved from /home/airflow/.local/lib/python3.7/site-packages/airflow/example_dags/example_skip_dag.py
[2024-02-27T13:36:49.855+0000] {logging_mixin.py:137} INFO - [2024-02-27T13:36:49.855+0000] {dag.py:2690} INFO - Sync 1 DAGs
[2024-02-27T13:36:49.871+0000] {logging_mixin.py:137} INFO - [2024-02-27T13:36:49.871+0000] {dag.py:3441} INFO - Setting next_dagrun for example_skip_dag to 2024-02-26T13:36:49.871228+00:00, run_after=2024-02-27T13:36:49.871228+00:00
[2024-02-27T13:36:49.886+0000] {processor.py:175} INFO - Processing /home/airflow/.local/lib/python3.7/site-packages/airflow/example_dags/example_skip_dag.py took 0.063 seconds
[2024-02-27T13:37:20.016+0000] {processor.py:153} INFO - Started process (PID=1391) to work on /home/airflow/.local/lib/python3.7/site-packages/airflow/example_dags/example_skip_dag.py
[2024-02-27T13:37:20.017+0000] {processor.py:743} INFO - Processing file /home/airflow/.local/lib/python3.7/site-packages/airflow/example_dags/example_skip_dag.py for tasks to queue
[2024-02-27T13:37:20.018+0000] {logging_mixin.py:137} INFO - [2024-02-27T13:37:20.018+0000] {dagbag.py:538} INFO - Filling up the DagBag from /home/airflow/.local/lib/python3.7/site-packages/airflow/example_dags/example_skip_dag.py
[2024-02-27T13:37:20.030+0000] {processor.py:753} INFO - DAG(s) dict_keys(['example_skip_dag']) retrieved from /home/airflow/.local/lib/python3.7/site-packages/airflow/example_dags/example_skip_dag.py
[2024-02-27T13:37:20.049+0000] {logging_mixin.py:137} INFO - [2024-02-27T13:37:20.049+0000] {dag.py:2690} INFO - Sync 1 DAGs
[2024-02-27T13:37:20.067+0000] {logging_mixin.py:137} INFO - [2024-02-27T13:37:20.067+0000] {dag.py:3441} INFO - Setting next_dagrun for example_skip_dag to 2024-02-26T13:37:20.067055+00:00, run_after=2024-02-27T13:37:20.067055+00:00
[2024-02-27T13:37:20.082+0000] {processor.py:175} INFO - Processing /home/airflow/.local/lib/python3.7/site-packages/airflow/example_dags/example_skip_dag.py took 0.069 seconds
[2024-02-27T13:37:50.442+0000] {processor.py:153} INFO - Started process (PID=1516) to work on /home/airflow/.local/lib/python3.7/site-packages/airflow/example_dags/example_skip_dag.py
[2024-02-27T13:37:50.443+0000] {processor.py:743} INFO - Processing file /home/airflow/.local/lib/python3.7/site-packages/airflow/example_dags/example_skip_dag.py for tasks to queue
[2024-02-27T13:37:50.444+0000] {logging_mixin.py:137} INFO - [2024-02-27T13:37:50.444+0000] {dagbag.py:538} INFO - Filling up the DagBag from /home/airflow/.local/lib/python3.7/site-packages/airflow/example_dags/example_skip_dag.py
[2024-02-27T13:37:50.453+0000] {processor.py:753} INFO - DAG(s) dict_keys(['example_skip_dag']) retrieved from /home/airflow/.local/lib/python3.7/site-packages/airflow/example_dags/example_skip_dag.py
[2024-02-27T13:37:50.470+0000] {logging_mixin.py:137} INFO - [2024-02-27T13:37:50.470+0000] {dag.py:2690} INFO - Sync 1 DAGs
[2024-02-27T13:37:50.487+0000] {logging_mixin.py:137} INFO - [2024-02-27T13:37:50.487+0000] {dag.py:3441} INFO - Setting next_dagrun for example_skip_dag to 2024-02-26T13:37:50.487512+00:00, run_after=2024-02-27T13:37:50.487512+00:00
[2024-02-27T13:37:50.503+0000] {processor.py:175} INFO - Processing /home/airflow/.local/lib/python3.7/site-packages/airflow/example_dags/example_skip_dag.py took 0.063 seconds
[2024-02-27T13:38:20.644+0000] {processor.py:153} INFO - Started process (PID=1611) to work on /home/airflow/.local/lib/python3.7/site-packages/airflow/example_dags/example_skip_dag.py
[2024-02-27T13:38:20.645+0000] {processor.py:743} INFO - Processing file /home/airflow/.local/lib/python3.7/site-packages/airflow/example_dags/example_skip_dag.py for tasks to queue
[2024-02-27T13:38:20.646+0000] {logging_mixin.py:137} INFO - [2024-02-27T13:38:20.645+0000] {dagbag.py:538} INFO - Filling up the DagBag from /home/airflow/.local/lib/python3.7/site-packages/airflow/example_dags/example_skip_dag.py
[2024-02-27T13:38:20.655+0000] {processor.py:753} INFO - DAG(s) dict_keys(['example_skip_dag']) retrieved from /home/airflow/.local/lib/python3.7/site-packages/airflow/example_dags/example_skip_dag.py
[2024-02-27T13:38:20.674+0000] {logging_mixin.py:137} INFO - [2024-02-27T13:38:20.674+0000] {dag.py:2690} INFO - Sync 1 DAGs
[2024-02-27T13:38:20.691+0000] {logging_mixin.py:137} INFO - [2024-02-27T13:38:20.691+0000] {dag.py:3441} INFO - Setting next_dagrun for example_skip_dag to 2024-02-26T13:38:20.691682+00:00, run_after=2024-02-27T13:38:20.691682+00:00
[2024-02-27T13:38:20.706+0000] {processor.py:175} INFO - Processing /home/airflow/.local/lib/python3.7/site-packages/airflow/example_dags/example_skip_dag.py took 0.064 seconds
[2024-02-27T13:38:51.077+0000] {processor.py:153} INFO - Started process (PID=1734) to work on /home/airflow/.local/lib/python3.7/site-packages/airflow/example_dags/example_skip_dag.py
[2024-02-27T13:38:51.078+0000] {processor.py:743} INFO - Processing file /home/airflow/.local/lib/python3.7/site-packages/airflow/example_dags/example_skip_dag.py for tasks to queue
[2024-02-27T13:38:51.079+0000] {logging_mixin.py:137} INFO - [2024-02-27T13:38:51.079+0000] {dagbag.py:538} INFO - Filling up the DagBag from /home/airflow/.local/lib/python3.7/site-packages/airflow/example_dags/example_skip_dag.py
[2024-02-27T13:38:51.089+0000] {processor.py:753} INFO - DAG(s) dict_keys(['example_skip_dag']) retrieved from /home/airflow/.local/lib/python3.7/site-packages/airflow/example_dags/example_skip_dag.py
[2024-02-27T13:38:51.107+0000] {logging_mixin.py:137} INFO - [2024-02-27T13:38:51.107+0000] {dag.py:2690} INFO - Sync 1 DAGs
[2024-02-27T13:38:51.124+0000] {logging_mixin.py:137} INFO - [2024-02-27T13:38:51.124+0000] {dag.py:3441} INFO - Setting next_dagrun for example_skip_dag to 2024-02-26T13:38:51.124261+00:00, run_after=2024-02-27T13:38:51.124261+00:00
[2024-02-27T13:38:51.139+0000] {processor.py:175} INFO - Processing /home/airflow/.local/lib/python3.7/site-packages/airflow/example_dags/example_skip_dag.py took 0.064 seconds
[2024-02-27T13:39:21.652+0000] {processor.py:153} INFO - Started process (PID=1838) to work on /home/airflow/.local/lib/python3.7/site-packages/airflow/example_dags/example_skip_dag.py
[2024-02-27T13:39:21.653+0000] {processor.py:743} INFO - Processing file /home/airflow/.local/lib/python3.7/site-packages/airflow/example_dags/example_skip_dag.py for tasks to queue
[2024-02-27T13:39:21.654+0000] {logging_mixin.py:137} INFO - [2024-02-27T13:39:21.654+0000] {dagbag.py:538} INFO - Filling up the DagBag from /home/airflow/.local/lib/python3.7/site-packages/airflow/example_dags/example_skip_dag.py
[2024-02-27T13:39:21.671+0000] {processor.py:753} INFO - DAG(s) dict_keys(['example_skip_dag']) retrieved from /home/airflow/.local/lib/python3.7/site-packages/airflow/example_dags/example_skip_dag.py
[2024-02-27T13:39:21.694+0000] {logging_mixin.py:137} INFO - [2024-02-27T13:39:21.694+0000] {dag.py:2690} INFO - Sync 1 DAGs
[2024-02-27T13:39:21.728+0000] {logging_mixin.py:137} INFO - [2024-02-27T13:39:21.728+0000] {dag.py:3441} INFO - Setting next_dagrun for example_skip_dag to 2024-02-26T13:39:21.727643+00:00, run_after=2024-02-27T13:39:21.727643+00:00
[2024-02-27T13:39:21.819+0000] {processor.py:175} INFO - Processing /home/airflow/.local/lib/python3.7/site-packages/airflow/example_dags/example_skip_dag.py took 0.170 seconds
[2024-02-27T13:39:52.669+0000] {processor.py:153} INFO - Started process (PID=1952) to work on /home/airflow/.local/lib/python3.7/site-packages/airflow/example_dags/example_skip_dag.py
[2024-02-27T13:39:52.671+0000] {processor.py:743} INFO - Processing file /home/airflow/.local/lib/python3.7/site-packages/airflow/example_dags/example_skip_dag.py for tasks to queue
[2024-02-27T13:39:52.672+0000] {logging_mixin.py:137} INFO - [2024-02-27T13:39:52.672+0000] {dagbag.py:538} INFO - Filling up the DagBag from /home/airflow/.local/lib/python3.7/site-packages/airflow/example_dags/example_skip_dag.py
[2024-02-27T13:39:52.682+0000] {processor.py:753} INFO - DAG(s) dict_keys(['example_skip_dag']) retrieved from /home/airflow/.local/lib/python3.7/site-packages/airflow/example_dags/example_skip_dag.py
[2024-02-27T13:39:52.701+0000] {logging_mixin.py:137} INFO - [2024-02-27T13:39:52.701+0000] {dag.py:2690} INFO - Sync 1 DAGs
[2024-02-27T13:39:52.720+0000] {logging_mixin.py:137} INFO - [2024-02-27T13:39:52.719+0000] {dag.py:3441} INFO - Setting next_dagrun for example_skip_dag to 2024-02-26T13:39:52.719754+00:00, run_after=2024-02-27T13:39:52.719754+00:00
[2024-02-27T13:39:52.735+0000] {processor.py:175} INFO - Processing /home/airflow/.local/lib/python3.7/site-packages/airflow/example_dags/example_skip_dag.py took 0.069 seconds
[2024-02-27T13:40:23.030+0000] {processor.py:153} INFO - Started process (PID=2076) to work on /home/airflow/.local/lib/python3.7/site-packages/airflow/example_dags/example_skip_dag.py
[2024-02-27T13:40:23.030+0000] {processor.py:743} INFO - Processing file /home/airflow/.local/lib/python3.7/site-packages/airflow/example_dags/example_skip_dag.py for tasks to queue
[2024-02-27T13:40:23.031+0000] {logging_mixin.py:137} INFO - [2024-02-27T13:40:23.031+0000] {dagbag.py:538} INFO - Filling up the DagBag from /home/airflow/.local/lib/python3.7/site-packages/airflow/example_dags/example_skip_dag.py
[2024-02-27T13:40:23.041+0000] {processor.py:753} INFO - DAG(s) dict_keys(['example_skip_dag']) retrieved from /home/airflow/.local/lib/python3.7/site-packages/airflow/example_dags/example_skip_dag.py
[2024-02-27T13:40:23.057+0000] {logging_mixin.py:137} INFO - [2024-02-27T13:40:23.057+0000] {dag.py:2690} INFO - Sync 1 DAGs
[2024-02-27T13:40:23.075+0000] {logging_mixin.py:137} INFO - [2024-02-27T13:40:23.075+0000] {dag.py:3441} INFO - Setting next_dagrun for example_skip_dag to 2024-02-26T13:40:23.075148+00:00, run_after=2024-02-27T13:40:23.075148+00:00
[2024-02-27T13:40:23.089+0000] {processor.py:175} INFO - Processing /home/airflow/.local/lib/python3.7/site-packages/airflow/example_dags/example_skip_dag.py took 0.062 seconds
[2024-02-27T13:40:53.723+0000] {processor.py:153} INFO - Started process (PID=2171) to work on /home/airflow/.local/lib/python3.7/site-packages/airflow/example_dags/example_skip_dag.py
[2024-02-27T13:40:53.724+0000] {processor.py:743} INFO - Processing file /home/airflow/.local/lib/python3.7/site-packages/airflow/example_dags/example_skip_dag.py for tasks to queue
[2024-02-27T13:40:53.725+0000] {logging_mixin.py:137} INFO - [2024-02-27T13:40:53.725+0000] {dagbag.py:538} INFO - Filling up the DagBag from /home/airflow/.local/lib/python3.7/site-packages/airflow/example_dags/example_skip_dag.py
[2024-02-27T13:40:53.738+0000] {processor.py:753} INFO - DAG(s) dict_keys(['example_skip_dag']) retrieved from /home/airflow/.local/lib/python3.7/site-packages/airflow/example_dags/example_skip_dag.py
[2024-02-27T13:40:53.759+0000] {logging_mixin.py:137} INFO - [2024-02-27T13:40:53.758+0000] {dag.py:2690} INFO - Sync 1 DAGs
[2024-02-27T13:40:53.780+0000] {logging_mixin.py:137} INFO - [2024-02-27T13:40:53.780+0000] {dag.py:3441} INFO - Setting next_dagrun for example_skip_dag to 2024-02-26T13:40:53.780523+00:00, run_after=2024-02-27T13:40:53.780523+00:00
[2024-02-27T13:40:53.799+0000] {processor.py:175} INFO - Processing /home/airflow/.local/lib/python3.7/site-packages/airflow/example_dags/example_skip_dag.py took 0.079 seconds
[2024-02-27T13:41:24.387+0000] {processor.py:153} INFO - Started process (PID=2294) to work on /home/airflow/.local/lib/python3.7/site-packages/airflow/example_dags/example_skip_dag.py
[2024-02-27T13:41:24.388+0000] {processor.py:743} INFO - Processing file /home/airflow/.local/lib/python3.7/site-packages/airflow/example_dags/example_skip_dag.py for tasks to queue
[2024-02-27T13:41:24.389+0000] {logging_mixin.py:137} INFO - [2024-02-27T13:41:24.389+0000] {dagbag.py:538} INFO - Filling up the DagBag from /home/airflow/.local/lib/python3.7/site-packages/airflow/example_dags/example_skip_dag.py
[2024-02-27T13:41:24.398+0000] {processor.py:753} INFO - DAG(s) dict_keys(['example_skip_dag']) retrieved from /home/airflow/.local/lib/python3.7/site-packages/airflow/example_dags/example_skip_dag.py
[2024-02-27T13:41:24.416+0000] {logging_mixin.py:137} INFO - [2024-02-27T13:41:24.416+0000] {dag.py:2690} INFO - Sync 1 DAGs
[2024-02-27T13:41:24.432+0000] {logging_mixin.py:137} INFO - [2024-02-27T13:41:24.432+0000] {dag.py:3441} INFO - Setting next_dagrun for example_skip_dag to 2024-02-26T13:41:24.432676+00:00, run_after=2024-02-27T13:41:24.432676+00:00
[2024-02-27T13:41:24.450+0000] {processor.py:175} INFO - Processing /home/airflow/.local/lib/python3.7/site-packages/airflow/example_dags/example_skip_dag.py took 0.064 seconds
