[2024-02-27T13:31:17.334+0000] {processor.py:153} INFO - Started process (PID=80) to work on /home/airflow/.local/lib/python3.7/site-packages/airflow/example_dags/example_datasets.py
[2024-02-27T13:31:17.335+0000] {processor.py:743} INFO - Processing file /home/airflow/.local/lib/python3.7/site-packages/airflow/example_dags/example_datasets.py for tasks to queue
[2024-02-27T13:31:17.336+0000] {logging_mixin.py:137} INFO - [2024-02-27T13:31:17.336+0000] {dagbag.py:538} INFO - Filling up the DagBag from /home/airflow/.local/lib/python3.7/site-packages/airflow/example_dags/example_datasets.py
[2024-02-27T13:31:17.355+0000] {processor.py:753} INFO - DAG(s) dict_keys(['dataset_consumes_unknown_never_scheduled', 'dataset_produces_2', 'dataset_consumes_1_and_2', 'dataset_produces_1', 'dataset_consumes_1_never_scheduled', 'dataset_consumes_1']) retrieved from /home/airflow/.local/lib/python3.7/site-packages/airflow/example_dags/example_datasets.py
[2024-02-27T13:31:17.484+0000] {logging_mixin.py:137} INFO - [2024-02-27T13:31:17.484+0000] {manager.py:504} INFO - Created Permission View: can edit on DAG:dataset_consumes_unknown_never_scheduled
[2024-02-27T13:31:17.495+0000] {logging_mixin.py:137} INFO - [2024-02-27T13:31:17.494+0000] {manager.py:504} INFO - Created Permission View: can delete on DAG:dataset_consumes_unknown_never_scheduled
[2024-02-27T13:31:17.502+0000] {logging_mixin.py:137} INFO - [2024-02-27T13:31:17.502+0000] {manager.py:504} INFO - Created Permission View: can read on DAG:dataset_consumes_unknown_never_scheduled
[2024-02-27T13:31:17.517+0000] {logging_mixin.py:137} INFO - [2024-02-27T13:31:17.517+0000] {manager.py:504} INFO - Created Permission View: can edit on DAG:dataset_produces_2
[2024-02-27T13:31:17.525+0000] {logging_mixin.py:137} INFO - [2024-02-27T13:31:17.525+0000] {manager.py:504} INFO - Created Permission View: can delete on DAG:dataset_produces_2
[2024-02-27T13:31:17.533+0000] {logging_mixin.py:137} INFO - [2024-02-27T13:31:17.533+0000] {manager.py:504} INFO - Created Permission View: can read on DAG:dataset_produces_2
[2024-02-27T13:31:17.550+0000] {logging_mixin.py:137} INFO - [2024-02-27T13:31:17.550+0000] {manager.py:504} INFO - Created Permission View: can edit on DAG:dataset_consumes_1_and_2
[2024-02-27T13:31:17.558+0000] {logging_mixin.py:137} INFO - [2024-02-27T13:31:17.558+0000] {manager.py:504} INFO - Created Permission View: can delete on DAG:dataset_consumes_1_and_2
[2024-02-27T13:31:17.566+0000] {logging_mixin.py:137} INFO - [2024-02-27T13:31:17.566+0000] {manager.py:504} INFO - Created Permission View: can read on DAG:dataset_consumes_1_and_2
[2024-02-27T13:31:17.580+0000] {logging_mixin.py:137} INFO - [2024-02-27T13:31:17.580+0000] {manager.py:504} INFO - Created Permission View: can edit on DAG:dataset_produces_1
[2024-02-27T13:31:17.588+0000] {logging_mixin.py:137} INFO - [2024-02-27T13:31:17.588+0000] {manager.py:504} INFO - Created Permission View: can delete on DAG:dataset_produces_1
[2024-02-27T13:31:17.596+0000] {logging_mixin.py:137} INFO - [2024-02-27T13:31:17.596+0000] {manager.py:504} INFO - Created Permission View: can read on DAG:dataset_produces_1
[2024-02-27T13:31:17.610+0000] {logging_mixin.py:137} INFO - [2024-02-27T13:31:17.610+0000] {manager.py:504} INFO - Created Permission View: can edit on DAG:dataset_consumes_1_never_scheduled
[2024-02-27T13:31:17.617+0000] {logging_mixin.py:137} INFO - [2024-02-27T13:31:17.617+0000] {manager.py:504} INFO - Created Permission View: can delete on DAG:dataset_consumes_1_never_scheduled
[2024-02-27T13:31:17.625+0000] {logging_mixin.py:137} INFO - [2024-02-27T13:31:17.624+0000] {manager.py:504} INFO - Created Permission View: can read on DAG:dataset_consumes_1_never_scheduled
[2024-02-27T13:31:17.640+0000] {logging_mixin.py:137} INFO - [2024-02-27T13:31:17.640+0000] {manager.py:504} INFO - Created Permission View: can edit on DAG:dataset_consumes_1
[2024-02-27T13:31:17.647+0000] {logging_mixin.py:137} INFO - [2024-02-27T13:31:17.647+0000] {manager.py:504} INFO - Created Permission View: can delete on DAG:dataset_consumes_1
[2024-02-27T13:31:17.654+0000] {logging_mixin.py:137} INFO - [2024-02-27T13:31:17.654+0000] {manager.py:504} INFO - Created Permission View: can read on DAG:dataset_consumes_1
[2024-02-27T13:31:17.655+0000] {logging_mixin.py:137} INFO - [2024-02-27T13:31:17.655+0000] {dag.py:2690} INFO - Sync 6 DAGs
[2024-02-27T13:31:17.667+0000] {logging_mixin.py:137} INFO - [2024-02-27T13:31:17.667+0000] {dag.py:2711} INFO - Creating ORM DAG for dataset_consumes_unknown_never_scheduled
[2024-02-27T13:31:17.668+0000] {logging_mixin.py:137} INFO - [2024-02-27T13:31:17.668+0000] {dag.py:2711} INFO - Creating ORM DAG for dataset_produces_2
[2024-02-27T13:31:17.669+0000] {logging_mixin.py:137} INFO - [2024-02-27T13:31:17.668+0000] {dag.py:2711} INFO - Creating ORM DAG for dataset_produces_1
[2024-02-27T13:31:17.669+0000] {logging_mixin.py:137} INFO - [2024-02-27T13:31:17.669+0000] {dag.py:2711} INFO - Creating ORM DAG for dataset_consumes_1_and_2
[2024-02-27T13:31:17.670+0000] {logging_mixin.py:137} INFO - [2024-02-27T13:31:17.670+0000] {dag.py:2711} INFO - Creating ORM DAG for dataset_consumes_1
[2024-02-27T13:31:17.671+0000] {logging_mixin.py:137} INFO - [2024-02-27T13:31:17.671+0000] {dag.py:2711} INFO - Creating ORM DAG for dataset_consumes_1_never_scheduled
[2024-02-27T13:31:17.688+0000] {logging_mixin.py:137} INFO - [2024-02-27T13:31:17.687+0000] {dag.py:3441} INFO - Setting next_dagrun for dataset_consumes_1 to None, run_after=None
[2024-02-27T13:31:17.689+0000] {logging_mixin.py:137} INFO - [2024-02-27T13:31:17.689+0000] {dag.py:3441} INFO - Setting next_dagrun for dataset_consumes_1_and_2 to None, run_after=None
[2024-02-27T13:31:17.689+0000] {logging_mixin.py:137} INFO - [2024-02-27T13:31:17.689+0000] {dag.py:3441} INFO - Setting next_dagrun for dataset_consumes_1_never_scheduled to None, run_after=None
[2024-02-27T13:31:17.690+0000] {logging_mixin.py:137} INFO - [2024-02-27T13:31:17.690+0000] {dag.py:3441} INFO - Setting next_dagrun for dataset_consumes_unknown_never_scheduled to None, run_after=None
[2024-02-27T13:31:17.692+0000] {logging_mixin.py:137} INFO - [2024-02-27T13:31:17.692+0000] {dag.py:3441} INFO - Setting next_dagrun for dataset_produces_1 to 2024-02-26T00:00:00+00:00, run_after=2024-02-27T00:00:00+00:00
[2024-02-27T13:31:17.693+0000] {logging_mixin.py:137} INFO - [2024-02-27T13:31:17.692+0000] {dag.py:3441} INFO - Setting next_dagrun for dataset_produces_2 to None, run_after=None
[2024-02-27T13:31:17.737+0000] {processor.py:175} INFO - Processing /home/airflow/.local/lib/python3.7/site-packages/airflow/example_dags/example_datasets.py took 0.406 seconds
[2024-02-27T13:31:47.989+0000] {processor.py:153} INFO - Started process (PID=195) to work on /home/airflow/.local/lib/python3.7/site-packages/airflow/example_dags/example_datasets.py
[2024-02-27T13:31:47.990+0000] {processor.py:743} INFO - Processing file /home/airflow/.local/lib/python3.7/site-packages/airflow/example_dags/example_datasets.py for tasks to queue
[2024-02-27T13:31:47.991+0000] {logging_mixin.py:137} INFO - [2024-02-27T13:31:47.991+0000] {dagbag.py:538} INFO - Filling up the DagBag from /home/airflow/.local/lib/python3.7/site-packages/airflow/example_dags/example_datasets.py
[2024-02-27T13:31:48.005+0000] {processor.py:753} INFO - DAG(s) dict_keys(['dataset_produces_2', 'dataset_consumes_1', 'dataset_consumes_1_and_2', 'dataset_consumes_unknown_never_scheduled', 'dataset_consumes_1_never_scheduled', 'dataset_produces_1']) retrieved from /home/airflow/.local/lib/python3.7/site-packages/airflow/example_dags/example_datasets.py
[2024-02-27T13:31:48.036+0000] {logging_mixin.py:137} INFO - [2024-02-27T13:31:48.036+0000] {dag.py:2690} INFO - Sync 6 DAGs
[2024-02-27T13:31:48.057+0000] {logging_mixin.py:137} INFO - [2024-02-27T13:31:48.057+0000] {dag.py:3441} INFO - Setting next_dagrun for dataset_consumes_1 to None, run_after=None
[2024-02-27T13:31:48.060+0000] {logging_mixin.py:137} INFO - [2024-02-27T13:31:48.060+0000] {dag.py:3441} INFO - Setting next_dagrun for dataset_consumes_1_and_2 to None, run_after=None
[2024-02-27T13:31:48.062+0000] {logging_mixin.py:137} INFO - [2024-02-27T13:31:48.061+0000] {dag.py:3441} INFO - Setting next_dagrun for dataset_consumes_1_never_scheduled to None, run_after=None
[2024-02-27T13:31:48.063+0000] {logging_mixin.py:137} INFO - [2024-02-27T13:31:48.063+0000] {dag.py:3441} INFO - Setting next_dagrun for dataset_consumes_unknown_never_scheduled to None, run_after=None
[2024-02-27T13:31:48.066+0000] {logging_mixin.py:137} INFO - [2024-02-27T13:31:48.066+0000] {dag.py:3441} INFO - Setting next_dagrun for dataset_produces_1 to 2024-02-26T00:00:00+00:00, run_after=2024-02-27T00:00:00+00:00
[2024-02-27T13:31:48.068+0000] {logging_mixin.py:137} INFO - [2024-02-27T13:31:48.068+0000] {dag.py:3441} INFO - Setting next_dagrun for dataset_produces_2 to None, run_after=None
[2024-02-27T13:31:48.100+0000] {processor.py:175} INFO - Processing /home/airflow/.local/lib/python3.7/site-packages/airflow/example_dags/example_datasets.py took 0.114 seconds
[2024-02-27T13:32:18.445+0000] {processor.py:153} INFO - Started process (PID=299) to work on /home/airflow/.local/lib/python3.7/site-packages/airflow/example_dags/example_datasets.py
[2024-02-27T13:32:18.446+0000] {processor.py:743} INFO - Processing file /home/airflow/.local/lib/python3.7/site-packages/airflow/example_dags/example_datasets.py for tasks to queue
[2024-02-27T13:32:18.447+0000] {logging_mixin.py:137} INFO - [2024-02-27T13:32:18.447+0000] {dagbag.py:538} INFO - Filling up the DagBag from /home/airflow/.local/lib/python3.7/site-packages/airflow/example_dags/example_datasets.py
[2024-02-27T13:32:18.459+0000] {processor.py:753} INFO - DAG(s) dict_keys(['dataset_produces_2', 'dataset_consumes_1_never_scheduled', 'dataset_consumes_1', 'dataset_consumes_1_and_2', 'dataset_consumes_unknown_never_scheduled', 'dataset_produces_1']) retrieved from /home/airflow/.local/lib/python3.7/site-packages/airflow/example_dags/example_datasets.py
[2024-02-27T13:32:18.496+0000] {logging_mixin.py:137} INFO - [2024-02-27T13:32:18.496+0000] {dag.py:2690} INFO - Sync 6 DAGs
[2024-02-27T13:32:18.519+0000] {logging_mixin.py:137} INFO - [2024-02-27T13:32:18.519+0000] {dag.py:3441} INFO - Setting next_dagrun for dataset_consumes_1 to None, run_after=None
[2024-02-27T13:32:18.522+0000] {logging_mixin.py:137} INFO - [2024-02-27T13:32:18.522+0000] {dag.py:3441} INFO - Setting next_dagrun for dataset_consumes_1_and_2 to None, run_after=None
[2024-02-27T13:32:18.524+0000] {logging_mixin.py:137} INFO - [2024-02-27T13:32:18.524+0000] {dag.py:3441} INFO - Setting next_dagrun for dataset_consumes_1_never_scheduled to None, run_after=None
[2024-02-27T13:32:18.526+0000] {logging_mixin.py:137} INFO - [2024-02-27T13:32:18.526+0000] {dag.py:3441} INFO - Setting next_dagrun for dataset_consumes_unknown_never_scheduled to None, run_after=None
[2024-02-27T13:32:18.528+0000] {logging_mixin.py:137} INFO - [2024-02-27T13:32:18.528+0000] {dag.py:3441} INFO - Setting next_dagrun for dataset_produces_1 to 2024-02-26T00:00:00+00:00, run_after=2024-02-27T00:00:00+00:00
[2024-02-27T13:32:18.530+0000] {logging_mixin.py:137} INFO - [2024-02-27T13:32:18.530+0000] {dag.py:3441} INFO - Setting next_dagrun for dataset_produces_2 to None, run_after=None
[2024-02-27T13:32:18.562+0000] {processor.py:175} INFO - Processing /home/airflow/.local/lib/python3.7/site-packages/airflow/example_dags/example_datasets.py took 0.119 seconds
[2024-02-27T13:32:48.929+0000] {processor.py:153} INFO - Started process (PID=411) to work on /home/airflow/.local/lib/python3.7/site-packages/airflow/example_dags/example_datasets.py
[2024-02-27T13:32:48.931+0000] {processor.py:743} INFO - Processing file /home/airflow/.local/lib/python3.7/site-packages/airflow/example_dags/example_datasets.py for tasks to queue
[2024-02-27T13:32:48.932+0000] {logging_mixin.py:137} INFO - [2024-02-27T13:32:48.932+0000] {dagbag.py:538} INFO - Filling up the DagBag from /home/airflow/.local/lib/python3.7/site-packages/airflow/example_dags/example_datasets.py
[2024-02-27T13:32:48.943+0000] {processor.py:753} INFO - DAG(s) dict_keys(['dataset_produces_1', 'dataset_consumes_unknown_never_scheduled', 'dataset_consumes_1', 'dataset_consumes_1_and_2', 'dataset_produces_2', 'dataset_consumes_1_never_scheduled']) retrieved from /home/airflow/.local/lib/python3.7/site-packages/airflow/example_dags/example_datasets.py
[2024-02-27T13:32:48.972+0000] {logging_mixin.py:137} INFO - [2024-02-27T13:32:48.972+0000] {dag.py:2690} INFO - Sync 6 DAGs
[2024-02-27T13:32:48.998+0000] {logging_mixin.py:137} INFO - [2024-02-27T13:32:48.998+0000] {dag.py:3441} INFO - Setting next_dagrun for dataset_consumes_1 to None, run_after=None
[2024-02-27T13:32:49.001+0000] {logging_mixin.py:137} INFO - [2024-02-27T13:32:49.001+0000] {dag.py:3441} INFO - Setting next_dagrun for dataset_consumes_1_and_2 to None, run_after=None
[2024-02-27T13:32:49.003+0000] {logging_mixin.py:137} INFO - [2024-02-27T13:32:49.003+0000] {dag.py:3441} INFO - Setting next_dagrun for dataset_consumes_1_never_scheduled to None, run_after=None
[2024-02-27T13:32:49.004+0000] {logging_mixin.py:137} INFO - [2024-02-27T13:32:49.004+0000] {dag.py:3441} INFO - Setting next_dagrun for dataset_consumes_unknown_never_scheduled to None, run_after=None
[2024-02-27T13:32:49.006+0000] {logging_mixin.py:137} INFO - [2024-02-27T13:32:49.006+0000] {dag.py:3441} INFO - Setting next_dagrun for dataset_produces_1 to 2024-02-26T00:00:00+00:00, run_after=2024-02-27T00:00:00+00:00
[2024-02-27T13:32:49.007+0000] {logging_mixin.py:137} INFO - [2024-02-27T13:32:49.007+0000] {dag.py:3441} INFO - Setting next_dagrun for dataset_produces_2 to None, run_after=None
[2024-02-27T13:32:49.033+0000] {processor.py:175} INFO - Processing /home/airflow/.local/lib/python3.7/site-packages/airflow/example_dags/example_datasets.py took 0.107 seconds
[2024-02-27T13:33:19.352+0000] {processor.py:153} INFO - Started process (PID=534) to work on /home/airflow/.local/lib/python3.7/site-packages/airflow/example_dags/example_datasets.py
[2024-02-27T13:33:19.353+0000] {processor.py:743} INFO - Processing file /home/airflow/.local/lib/python3.7/site-packages/airflow/example_dags/example_datasets.py for tasks to queue
[2024-02-27T13:33:19.354+0000] {logging_mixin.py:137} INFO - [2024-02-27T13:33:19.354+0000] {dagbag.py:538} INFO - Filling up the DagBag from /home/airflow/.local/lib/python3.7/site-packages/airflow/example_dags/example_datasets.py
[2024-02-27T13:33:19.368+0000] {processor.py:753} INFO - DAG(s) dict_keys(['dataset_produces_1', 'dataset_consumes_1', 'dataset_produces_2', 'dataset_consumes_1_never_scheduled', 'dataset_consumes_unknown_never_scheduled', 'dataset_consumes_1_and_2']) retrieved from /home/airflow/.local/lib/python3.7/site-packages/airflow/example_dags/example_datasets.py
[2024-02-27T13:33:19.401+0000] {logging_mixin.py:137} INFO - [2024-02-27T13:33:19.401+0000] {dag.py:2690} INFO - Sync 6 DAGs
[2024-02-27T13:33:19.420+0000] {logging_mixin.py:137} INFO - [2024-02-27T13:33:19.420+0000] {dag.py:3441} INFO - Setting next_dagrun for dataset_consumes_1 to None, run_after=None
[2024-02-27T13:33:19.423+0000] {logging_mixin.py:137} INFO - [2024-02-27T13:33:19.423+0000] {dag.py:3441} INFO - Setting next_dagrun for dataset_consumes_1_and_2 to None, run_after=None
[2024-02-27T13:33:19.424+0000] {logging_mixin.py:137} INFO - [2024-02-27T13:33:19.424+0000] {dag.py:3441} INFO - Setting next_dagrun for dataset_consumes_1_never_scheduled to None, run_after=None
[2024-02-27T13:33:19.425+0000] {logging_mixin.py:137} INFO - [2024-02-27T13:33:19.425+0000] {dag.py:3441} INFO - Setting next_dagrun for dataset_consumes_unknown_never_scheduled to None, run_after=None
[2024-02-27T13:33:19.427+0000] {logging_mixin.py:137} INFO - [2024-02-27T13:33:19.427+0000] {dag.py:3441} INFO - Setting next_dagrun for dataset_produces_1 to 2024-02-26T00:00:00+00:00, run_after=2024-02-27T00:00:00+00:00
[2024-02-27T13:33:19.429+0000] {logging_mixin.py:137} INFO - [2024-02-27T13:33:19.429+0000] {dag.py:3441} INFO - Setting next_dagrun for dataset_produces_2 to None, run_after=None
[2024-02-27T13:33:19.453+0000] {processor.py:175} INFO - Processing /home/airflow/.local/lib/python3.7/site-packages/airflow/example_dags/example_datasets.py took 0.104 seconds
[2024-02-27T13:33:49.621+0000] {processor.py:153} INFO - Started process (PID=628) to work on /home/airflow/.local/lib/python3.7/site-packages/airflow/example_dags/example_datasets.py
[2024-02-27T13:33:49.622+0000] {processor.py:743} INFO - Processing file /home/airflow/.local/lib/python3.7/site-packages/airflow/example_dags/example_datasets.py for tasks to queue
[2024-02-27T13:33:49.623+0000] {logging_mixin.py:137} INFO - [2024-02-27T13:33:49.623+0000] {dagbag.py:538} INFO - Filling up the DagBag from /home/airflow/.local/lib/python3.7/site-packages/airflow/example_dags/example_datasets.py
[2024-02-27T13:33:49.635+0000] {processor.py:753} INFO - DAG(s) dict_keys(['dataset_consumes_1', 'dataset_produces_2', 'dataset_consumes_unknown_never_scheduled', 'dataset_consumes_1_never_scheduled', 'dataset_consumes_1_and_2', 'dataset_produces_1']) retrieved from /home/airflow/.local/lib/python3.7/site-packages/airflow/example_dags/example_datasets.py
[2024-02-27T13:33:49.666+0000] {logging_mixin.py:137} INFO - [2024-02-27T13:33:49.666+0000] {dag.py:2690} INFO - Sync 6 DAGs
[2024-02-27T13:33:49.684+0000] {logging_mixin.py:137} INFO - [2024-02-27T13:33:49.684+0000] {dag.py:3441} INFO - Setting next_dagrun for dataset_consumes_1 to None, run_after=None
[2024-02-27T13:33:49.688+0000] {logging_mixin.py:137} INFO - [2024-02-27T13:33:49.688+0000] {dag.py:3441} INFO - Setting next_dagrun for dataset_consumes_1_and_2 to None, run_after=None
[2024-02-27T13:33:49.689+0000] {logging_mixin.py:137} INFO - [2024-02-27T13:33:49.689+0000] {dag.py:3441} INFO - Setting next_dagrun for dataset_consumes_1_never_scheduled to None, run_after=None
[2024-02-27T13:33:49.690+0000] {logging_mixin.py:137} INFO - [2024-02-27T13:33:49.690+0000] {dag.py:3441} INFO - Setting next_dagrun for dataset_consumes_unknown_never_scheduled to None, run_after=None
[2024-02-27T13:33:49.692+0000] {logging_mixin.py:137} INFO - [2024-02-27T13:33:49.692+0000] {dag.py:3441} INFO - Setting next_dagrun for dataset_produces_1 to 2024-02-26T00:00:00+00:00, run_after=2024-02-27T00:00:00+00:00
[2024-02-27T13:33:49.693+0000] {logging_mixin.py:137} INFO - [2024-02-27T13:33:49.693+0000] {dag.py:3441} INFO - Setting next_dagrun for dataset_produces_2 to None, run_after=None
[2024-02-27T13:33:49.717+0000] {processor.py:175} INFO - Processing /home/airflow/.local/lib/python3.7/site-packages/airflow/example_dags/example_datasets.py took 0.098 seconds
[2024-02-27T13:34:19.915+0000] {processor.py:153} INFO - Started process (PID=751) to work on /home/airflow/.local/lib/python3.7/site-packages/airflow/example_dags/example_datasets.py
[2024-02-27T13:34:19.916+0000] {processor.py:743} INFO - Processing file /home/airflow/.local/lib/python3.7/site-packages/airflow/example_dags/example_datasets.py for tasks to queue
[2024-02-27T13:34:19.917+0000] {logging_mixin.py:137} INFO - [2024-02-27T13:34:19.917+0000] {dagbag.py:538} INFO - Filling up the DagBag from /home/airflow/.local/lib/python3.7/site-packages/airflow/example_dags/example_datasets.py
[2024-02-27T13:34:19.928+0000] {processor.py:753} INFO - DAG(s) dict_keys(['dataset_produces_2', 'dataset_consumes_1_never_scheduled', 'dataset_consumes_unknown_never_scheduled', 'dataset_produces_1', 'dataset_consumes_1', 'dataset_consumes_1_and_2']) retrieved from /home/airflow/.local/lib/python3.7/site-packages/airflow/example_dags/example_datasets.py
[2024-02-27T13:34:19.957+0000] {logging_mixin.py:137} INFO - [2024-02-27T13:34:19.957+0000] {dag.py:2690} INFO - Sync 6 DAGs
[2024-02-27T13:34:19.977+0000] {logging_mixin.py:137} INFO - [2024-02-27T13:34:19.977+0000] {dag.py:3441} INFO - Setting next_dagrun for dataset_consumes_1 to None, run_after=None
[2024-02-27T13:34:19.980+0000] {logging_mixin.py:137} INFO - [2024-02-27T13:34:19.980+0000] {dag.py:3441} INFO - Setting next_dagrun for dataset_consumes_1_and_2 to None, run_after=None
[2024-02-27T13:34:19.981+0000] {logging_mixin.py:137} INFO - [2024-02-27T13:34:19.981+0000] {dag.py:3441} INFO - Setting next_dagrun for dataset_consumes_1_never_scheduled to None, run_after=None
[2024-02-27T13:34:19.983+0000] {logging_mixin.py:137} INFO - [2024-02-27T13:34:19.983+0000] {dag.py:3441} INFO - Setting next_dagrun for dataset_consumes_unknown_never_scheduled to None, run_after=None
[2024-02-27T13:34:19.985+0000] {logging_mixin.py:137} INFO - [2024-02-27T13:34:19.985+0000] {dag.py:3441} INFO - Setting next_dagrun for dataset_produces_1 to 2024-02-26T00:00:00+00:00, run_after=2024-02-27T00:00:00+00:00
[2024-02-27T13:34:19.987+0000] {logging_mixin.py:137} INFO - [2024-02-27T13:34:19.986+0000] {dag.py:3441} INFO - Setting next_dagrun for dataset_produces_2 to None, run_after=None
[2024-02-27T13:34:20.011+0000] {processor.py:175} INFO - Processing /home/airflow/.local/lib/python3.7/site-packages/airflow/example_dags/example_datasets.py took 0.099 seconds
[2024-02-27T13:34:50.575+0000] {processor.py:153} INFO - Started process (PID=875) to work on /home/airflow/.local/lib/python3.7/site-packages/airflow/example_dags/example_datasets.py
[2024-02-27T13:34:50.576+0000] {processor.py:743} INFO - Processing file /home/airflow/.local/lib/python3.7/site-packages/airflow/example_dags/example_datasets.py for tasks to queue
[2024-02-27T13:34:50.577+0000] {logging_mixin.py:137} INFO - [2024-02-27T13:34:50.577+0000] {dagbag.py:538} INFO - Filling up the DagBag from /home/airflow/.local/lib/python3.7/site-packages/airflow/example_dags/example_datasets.py
[2024-02-27T13:34:50.603+0000] {processor.py:753} INFO - DAG(s) dict_keys(['dataset_produces_2', 'dataset_produces_1', 'dataset_consumes_1_and_2', 'dataset_consumes_unknown_never_scheduled', 'dataset_consumes_1_never_scheduled', 'dataset_consumes_1']) retrieved from /home/airflow/.local/lib/python3.7/site-packages/airflow/example_dags/example_datasets.py
[2024-02-27T13:34:50.654+0000] {logging_mixin.py:137} INFO - [2024-02-27T13:34:50.654+0000] {dag.py:2690} INFO - Sync 6 DAGs
[2024-02-27T13:34:50.674+0000] {logging_mixin.py:137} INFO - [2024-02-27T13:34:50.674+0000] {dag.py:3441} INFO - Setting next_dagrun for dataset_consumes_1 to None, run_after=None
[2024-02-27T13:34:50.677+0000] {logging_mixin.py:137} INFO - [2024-02-27T13:34:50.677+0000] {dag.py:3441} INFO - Setting next_dagrun for dataset_consumes_1_and_2 to None, run_after=None
[2024-02-27T13:34:50.679+0000] {logging_mixin.py:137} INFO - [2024-02-27T13:34:50.679+0000] {dag.py:3441} INFO - Setting next_dagrun for dataset_consumes_1_never_scheduled to None, run_after=None
[2024-02-27T13:34:50.680+0000] {logging_mixin.py:137} INFO - [2024-02-27T13:34:50.680+0000] {dag.py:3441} INFO - Setting next_dagrun for dataset_consumes_unknown_never_scheduled to None, run_after=None
[2024-02-27T13:34:50.683+0000] {logging_mixin.py:137} INFO - [2024-02-27T13:34:50.683+0000] {dag.py:3441} INFO - Setting next_dagrun for dataset_produces_1 to 2024-02-26T00:00:00+00:00, run_after=2024-02-27T00:00:00+00:00
[2024-02-27T13:34:50.684+0000] {logging_mixin.py:137} INFO - [2024-02-27T13:34:50.684+0000] {dag.py:3441} INFO - Setting next_dagrun for dataset_produces_2 to None, run_after=None
[2024-02-27T13:34:50.711+0000] {processor.py:175} INFO - Processing /home/airflow/.local/lib/python3.7/site-packages/airflow/example_dags/example_datasets.py took 0.138 seconds
[2024-02-27T13:35:20.856+0000] {processor.py:153} INFO - Started process (PID=970) to work on /home/airflow/.local/lib/python3.7/site-packages/airflow/example_dags/example_datasets.py
[2024-02-27T13:35:20.857+0000] {processor.py:743} INFO - Processing file /home/airflow/.local/lib/python3.7/site-packages/airflow/example_dags/example_datasets.py for tasks to queue
[2024-02-27T13:35:20.858+0000] {logging_mixin.py:137} INFO - [2024-02-27T13:35:20.858+0000] {dagbag.py:538} INFO - Filling up the DagBag from /home/airflow/.local/lib/python3.7/site-packages/airflow/example_dags/example_datasets.py
[2024-02-27T13:35:20.872+0000] {processor.py:753} INFO - DAG(s) dict_keys(['dataset_consumes_unknown_never_scheduled', 'dataset_produces_2', 'dataset_produces_1', 'dataset_consumes_1', 'dataset_consumes_1_never_scheduled', 'dataset_consumes_1_and_2']) retrieved from /home/airflow/.local/lib/python3.7/site-packages/airflow/example_dags/example_datasets.py
[2024-02-27T13:35:20.905+0000] {logging_mixin.py:137} INFO - [2024-02-27T13:35:20.905+0000] {dag.py:2690} INFO - Sync 6 DAGs
[2024-02-27T13:35:20.924+0000] {logging_mixin.py:137} INFO - [2024-02-27T13:35:20.924+0000] {dag.py:3441} INFO - Setting next_dagrun for dataset_consumes_1 to None, run_after=None
[2024-02-27T13:35:20.927+0000] {logging_mixin.py:137} INFO - [2024-02-27T13:35:20.927+0000] {dag.py:3441} INFO - Setting next_dagrun for dataset_consumes_1_and_2 to None, run_after=None
[2024-02-27T13:35:20.929+0000] {logging_mixin.py:137} INFO - [2024-02-27T13:35:20.928+0000] {dag.py:3441} INFO - Setting next_dagrun for dataset_consumes_1_never_scheduled to None, run_after=None
[2024-02-27T13:35:20.930+0000] {logging_mixin.py:137} INFO - [2024-02-27T13:35:20.930+0000] {dag.py:3441} INFO - Setting next_dagrun for dataset_consumes_unknown_never_scheduled to None, run_after=None
[2024-02-27T13:35:20.932+0000] {logging_mixin.py:137} INFO - [2024-02-27T13:35:20.932+0000] {dag.py:3441} INFO - Setting next_dagrun for dataset_produces_1 to 2024-02-26T00:00:00+00:00, run_after=2024-02-27T00:00:00+00:00
[2024-02-27T13:35:20.933+0000] {logging_mixin.py:137} INFO - [2024-02-27T13:35:20.933+0000] {dag.py:3441} INFO - Setting next_dagrun for dataset_produces_2 to None, run_after=None
[2024-02-27T13:35:20.961+0000] {processor.py:175} INFO - Processing /home/airflow/.local/lib/python3.7/site-packages/airflow/example_dags/example_datasets.py took 0.108 seconds
[2024-02-27T13:35:51.061+0000] {processor.py:153} INFO - Started process (PID=1093) to work on /home/airflow/.local/lib/python3.7/site-packages/airflow/example_dags/example_datasets.py
[2024-02-27T13:35:51.062+0000] {processor.py:743} INFO - Processing file /home/airflow/.local/lib/python3.7/site-packages/airflow/example_dags/example_datasets.py for tasks to queue
[2024-02-27T13:35:51.062+0000] {logging_mixin.py:137} INFO - [2024-02-27T13:35:51.062+0000] {dagbag.py:538} INFO - Filling up the DagBag from /home/airflow/.local/lib/python3.7/site-packages/airflow/example_dags/example_datasets.py
[2024-02-27T13:35:51.073+0000] {processor.py:753} INFO - DAG(s) dict_keys(['dataset_produces_1', 'dataset_consumes_1_and_2', 'dataset_consumes_1_never_scheduled', 'dataset_consumes_1', 'dataset_produces_2', 'dataset_consumes_unknown_never_scheduled']) retrieved from /home/airflow/.local/lib/python3.7/site-packages/airflow/example_dags/example_datasets.py
[2024-02-27T13:35:51.103+0000] {logging_mixin.py:137} INFO - [2024-02-27T13:35:51.103+0000] {dag.py:2690} INFO - Sync 6 DAGs
[2024-02-27T13:35:51.121+0000] {logging_mixin.py:137} INFO - [2024-02-27T13:35:51.121+0000] {dag.py:3441} INFO - Setting next_dagrun for dataset_consumes_1 to None, run_after=None
[2024-02-27T13:35:51.125+0000] {logging_mixin.py:137} INFO - [2024-02-27T13:35:51.125+0000] {dag.py:3441} INFO - Setting next_dagrun for dataset_consumes_1_and_2 to None, run_after=None
[2024-02-27T13:35:51.127+0000] {logging_mixin.py:137} INFO - [2024-02-27T13:35:51.127+0000] {dag.py:3441} INFO - Setting next_dagrun for dataset_consumes_1_never_scheduled to None, run_after=None
[2024-02-27T13:35:51.128+0000] {logging_mixin.py:137} INFO - [2024-02-27T13:35:51.128+0000] {dag.py:3441} INFO - Setting next_dagrun for dataset_consumes_unknown_never_scheduled to None, run_after=None
[2024-02-27T13:35:51.131+0000] {logging_mixin.py:137} INFO - [2024-02-27T13:35:51.131+0000] {dag.py:3441} INFO - Setting next_dagrun for dataset_produces_1 to 2024-02-26T00:00:00+00:00, run_after=2024-02-27T00:00:00+00:00
[2024-02-27T13:35:51.132+0000] {logging_mixin.py:137} INFO - [2024-02-27T13:35:51.132+0000] {dag.py:3441} INFO - Setting next_dagrun for dataset_produces_2 to None, run_after=None
[2024-02-27T13:35:51.162+0000] {processor.py:175} INFO - Processing /home/airflow/.local/lib/python3.7/site-packages/airflow/example_dags/example_datasets.py took 0.104 seconds
[2024-02-27T13:36:21.297+0000] {processor.py:153} INFO - Started process (PID=1189) to work on /home/airflow/.local/lib/python3.7/site-packages/airflow/example_dags/example_datasets.py
[2024-02-27T13:36:21.298+0000] {processor.py:743} INFO - Processing file /home/airflow/.local/lib/python3.7/site-packages/airflow/example_dags/example_datasets.py for tasks to queue
[2024-02-27T13:36:21.299+0000] {logging_mixin.py:137} INFO - [2024-02-27T13:36:21.299+0000] {dagbag.py:538} INFO - Filling up the DagBag from /home/airflow/.local/lib/python3.7/site-packages/airflow/example_dags/example_datasets.py
[2024-02-27T13:36:21.310+0000] {processor.py:753} INFO - DAG(s) dict_keys(['dataset_consumes_1_never_scheduled', 'dataset_consumes_unknown_never_scheduled', 'dataset_produces_2', 'dataset_consumes_1', 'dataset_consumes_1_and_2', 'dataset_produces_1']) retrieved from /home/airflow/.local/lib/python3.7/site-packages/airflow/example_dags/example_datasets.py
[2024-02-27T13:36:21.337+0000] {logging_mixin.py:137} INFO - [2024-02-27T13:36:21.337+0000] {dag.py:2690} INFO - Sync 6 DAGs
[2024-02-27T13:36:21.356+0000] {logging_mixin.py:137} INFO - [2024-02-27T13:36:21.355+0000] {dag.py:3441} INFO - Setting next_dagrun for dataset_consumes_1 to None, run_after=None
[2024-02-27T13:36:21.359+0000] {logging_mixin.py:137} INFO - [2024-02-27T13:36:21.358+0000] {dag.py:3441} INFO - Setting next_dagrun for dataset_consumes_1_and_2 to None, run_after=None
[2024-02-27T13:36:21.360+0000] {logging_mixin.py:137} INFO - [2024-02-27T13:36:21.360+0000] {dag.py:3441} INFO - Setting next_dagrun for dataset_consumes_1_never_scheduled to None, run_after=None
[2024-02-27T13:36:21.362+0000] {logging_mixin.py:137} INFO - [2024-02-27T13:36:21.361+0000] {dag.py:3441} INFO - Setting next_dagrun for dataset_consumes_unknown_never_scheduled to None, run_after=None
[2024-02-27T13:36:21.365+0000] {logging_mixin.py:137} INFO - [2024-02-27T13:36:21.365+0000] {dag.py:3441} INFO - Setting next_dagrun for dataset_produces_1 to 2024-02-26T00:00:00+00:00, run_after=2024-02-27T00:00:00+00:00
[2024-02-27T13:36:21.366+0000] {logging_mixin.py:137} INFO - [2024-02-27T13:36:21.366+0000] {dag.py:3441} INFO - Setting next_dagrun for dataset_produces_2 to None, run_after=None
[2024-02-27T13:36:21.392+0000] {processor.py:175} INFO - Processing /home/airflow/.local/lib/python3.7/site-packages/airflow/example_dags/example_datasets.py took 0.097 seconds
[2024-02-27T13:36:51.588+0000] {processor.py:153} INFO - Started process (PID=1311) to work on /home/airflow/.local/lib/python3.7/site-packages/airflow/example_dags/example_datasets.py
[2024-02-27T13:36:51.589+0000] {processor.py:743} INFO - Processing file /home/airflow/.local/lib/python3.7/site-packages/airflow/example_dags/example_datasets.py for tasks to queue
[2024-02-27T13:36:51.590+0000] {logging_mixin.py:137} INFO - [2024-02-27T13:36:51.590+0000] {dagbag.py:538} INFO - Filling up the DagBag from /home/airflow/.local/lib/python3.7/site-packages/airflow/example_dags/example_datasets.py
[2024-02-27T13:36:51.603+0000] {processor.py:753} INFO - DAG(s) dict_keys(['dataset_consumes_1_and_2', 'dataset_produces_1', 'dataset_consumes_1_never_scheduled', 'dataset_produces_2', 'dataset_consumes_1', 'dataset_consumes_unknown_never_scheduled']) retrieved from /home/airflow/.local/lib/python3.7/site-packages/airflow/example_dags/example_datasets.py
[2024-02-27T13:36:51.634+0000] {logging_mixin.py:137} INFO - [2024-02-27T13:36:51.634+0000] {dag.py:2690} INFO - Sync 6 DAGs
[2024-02-27T13:36:51.653+0000] {logging_mixin.py:137} INFO - [2024-02-27T13:36:51.653+0000] {dag.py:3441} INFO - Setting next_dagrun for dataset_consumes_1 to None, run_after=None
[2024-02-27T13:36:51.657+0000] {logging_mixin.py:137} INFO - [2024-02-27T13:36:51.657+0000] {dag.py:3441} INFO - Setting next_dagrun for dataset_consumes_1_and_2 to None, run_after=None
[2024-02-27T13:36:51.659+0000] {logging_mixin.py:137} INFO - [2024-02-27T13:36:51.659+0000] {dag.py:3441} INFO - Setting next_dagrun for dataset_consumes_1_never_scheduled to None, run_after=None
[2024-02-27T13:36:51.660+0000] {logging_mixin.py:137} INFO - [2024-02-27T13:36:51.660+0000] {dag.py:3441} INFO - Setting next_dagrun for dataset_consumes_unknown_never_scheduled to None, run_after=None
[2024-02-27T13:36:51.663+0000] {logging_mixin.py:137} INFO - [2024-02-27T13:36:51.663+0000] {dag.py:3441} INFO - Setting next_dagrun for dataset_produces_1 to 2024-02-26T00:00:00+00:00, run_after=2024-02-27T00:00:00+00:00
[2024-02-27T13:36:51.665+0000] {logging_mixin.py:137} INFO - [2024-02-27T13:36:51.665+0000] {dag.py:3441} INFO - Setting next_dagrun for dataset_produces_2 to None, run_after=None
[2024-02-27T13:36:51.698+0000] {processor.py:175} INFO - Processing /home/airflow/.local/lib/python3.7/site-packages/airflow/example_dags/example_datasets.py took 0.111 seconds
[2024-02-27T13:37:21.759+0000] {processor.py:153} INFO - Started process (PID=1406) to work on /home/airflow/.local/lib/python3.7/site-packages/airflow/example_dags/example_datasets.py
[2024-02-27T13:37:21.761+0000] {processor.py:743} INFO - Processing file /home/airflow/.local/lib/python3.7/site-packages/airflow/example_dags/example_datasets.py for tasks to queue
[2024-02-27T13:37:21.763+0000] {logging_mixin.py:137} INFO - [2024-02-27T13:37:21.763+0000] {dagbag.py:538} INFO - Filling up the DagBag from /home/airflow/.local/lib/python3.7/site-packages/airflow/example_dags/example_datasets.py
[2024-02-27T13:37:21.781+0000] {processor.py:753} INFO - DAG(s) dict_keys(['dataset_consumes_unknown_never_scheduled', 'dataset_produces_2', 'dataset_consumes_1_never_scheduled', 'dataset_produces_1', 'dataset_consumes_1', 'dataset_consumes_1_and_2']) retrieved from /home/airflow/.local/lib/python3.7/site-packages/airflow/example_dags/example_datasets.py
[2024-02-27T13:37:21.826+0000] {logging_mixin.py:137} INFO - [2024-02-27T13:37:21.826+0000] {dag.py:2690} INFO - Sync 6 DAGs
[2024-02-27T13:37:21.844+0000] {logging_mixin.py:137} INFO - [2024-02-27T13:37:21.844+0000] {dag.py:3441} INFO - Setting next_dagrun for dataset_consumes_1 to None, run_after=None
[2024-02-27T13:37:21.847+0000] {logging_mixin.py:137} INFO - [2024-02-27T13:37:21.847+0000] {dag.py:3441} INFO - Setting next_dagrun for dataset_consumes_1_and_2 to None, run_after=None
[2024-02-27T13:37:21.849+0000] {logging_mixin.py:137} INFO - [2024-02-27T13:37:21.849+0000] {dag.py:3441} INFO - Setting next_dagrun for dataset_consumes_1_never_scheduled to None, run_after=None
[2024-02-27T13:37:21.851+0000] {logging_mixin.py:137} INFO - [2024-02-27T13:37:21.850+0000] {dag.py:3441} INFO - Setting next_dagrun for dataset_consumes_unknown_never_scheduled to None, run_after=None
[2024-02-27T13:37:21.856+0000] {logging_mixin.py:137} INFO - [2024-02-27T13:37:21.855+0000] {dag.py:3441} INFO - Setting next_dagrun for dataset_produces_1 to 2024-02-26T00:00:00+00:00, run_after=2024-02-27T00:00:00+00:00
[2024-02-27T13:37:21.857+0000] {logging_mixin.py:137} INFO - [2024-02-27T13:37:21.857+0000] {dag.py:3441} INFO - Setting next_dagrun for dataset_produces_2 to None, run_after=None
[2024-02-27T13:37:21.886+0000] {processor.py:175} INFO - Processing /home/airflow/.local/lib/python3.7/site-packages/airflow/example_dags/example_datasets.py took 0.130 seconds
[2024-02-27T13:37:52.272+0000] {processor.py:153} INFO - Started process (PID=1531) to work on /home/airflow/.local/lib/python3.7/site-packages/airflow/example_dags/example_datasets.py
[2024-02-27T13:37:52.273+0000] {processor.py:743} INFO - Processing file /home/airflow/.local/lib/python3.7/site-packages/airflow/example_dags/example_datasets.py for tasks to queue
[2024-02-27T13:37:52.274+0000] {logging_mixin.py:137} INFO - [2024-02-27T13:37:52.274+0000] {dagbag.py:538} INFO - Filling up the DagBag from /home/airflow/.local/lib/python3.7/site-packages/airflow/example_dags/example_datasets.py
[2024-02-27T13:37:52.285+0000] {processor.py:753} INFO - DAG(s) dict_keys(['dataset_produces_2', 'dataset_consumes_unknown_never_scheduled', 'dataset_consumes_1_never_scheduled', 'dataset_consumes_1', 'dataset_produces_1', 'dataset_consumes_1_and_2']) retrieved from /home/airflow/.local/lib/python3.7/site-packages/airflow/example_dags/example_datasets.py
[2024-02-27T13:37:52.314+0000] {logging_mixin.py:137} INFO - [2024-02-27T13:37:52.314+0000] {dag.py:2690} INFO - Sync 6 DAGs
[2024-02-27T13:37:52.331+0000] {logging_mixin.py:137} INFO - [2024-02-27T13:37:52.331+0000] {dag.py:3441} INFO - Setting next_dagrun for dataset_consumes_1 to None, run_after=None
[2024-02-27T13:37:52.334+0000] {logging_mixin.py:137} INFO - [2024-02-27T13:37:52.334+0000] {dag.py:3441} INFO - Setting next_dagrun for dataset_consumes_1_and_2 to None, run_after=None
[2024-02-27T13:37:52.335+0000] {logging_mixin.py:137} INFO - [2024-02-27T13:37:52.335+0000] {dag.py:3441} INFO - Setting next_dagrun for dataset_consumes_1_never_scheduled to None, run_after=None
[2024-02-27T13:37:52.336+0000] {logging_mixin.py:137} INFO - [2024-02-27T13:37:52.336+0000] {dag.py:3441} INFO - Setting next_dagrun for dataset_consumes_unknown_never_scheduled to None, run_after=None
[2024-02-27T13:37:52.338+0000] {logging_mixin.py:137} INFO - [2024-02-27T13:37:52.338+0000] {dag.py:3441} INFO - Setting next_dagrun for dataset_produces_1 to 2024-02-26T00:00:00+00:00, run_after=2024-02-27T00:00:00+00:00
[2024-02-27T13:37:52.339+0000] {logging_mixin.py:137} INFO - [2024-02-27T13:37:52.339+0000] {dag.py:3441} INFO - Setting next_dagrun for dataset_produces_2 to None, run_after=None
[2024-02-27T13:37:52.364+0000] {processor.py:175} INFO - Processing /home/airflow/.local/lib/python3.7/site-packages/airflow/example_dags/example_datasets.py took 0.094 seconds
[2024-02-27T13:38:22.503+0000] {processor.py:153} INFO - Started process (PID=1635) to work on /home/airflow/.local/lib/python3.7/site-packages/airflow/example_dags/example_datasets.py
[2024-02-27T13:38:22.504+0000] {processor.py:743} INFO - Processing file /home/airflow/.local/lib/python3.7/site-packages/airflow/example_dags/example_datasets.py for tasks to queue
[2024-02-27T13:38:22.505+0000] {logging_mixin.py:137} INFO - [2024-02-27T13:38:22.505+0000] {dagbag.py:538} INFO - Filling up the DagBag from /home/airflow/.local/lib/python3.7/site-packages/airflow/example_dags/example_datasets.py
[2024-02-27T13:38:22.533+0000] {processor.py:753} INFO - DAG(s) dict_keys(['dataset_produces_1', 'dataset_consumes_1_and_2', 'dataset_produces_2', 'dataset_consumes_unknown_never_scheduled', 'dataset_consumes_1_never_scheduled', 'dataset_consumes_1']) retrieved from /home/airflow/.local/lib/python3.7/site-packages/airflow/example_dags/example_datasets.py
[2024-02-27T13:38:22.604+0000] {logging_mixin.py:137} INFO - [2024-02-27T13:38:22.604+0000] {dag.py:2690} INFO - Sync 6 DAGs
[2024-02-27T13:38:22.622+0000] {logging_mixin.py:137} INFO - [2024-02-27T13:38:22.622+0000] {dag.py:3441} INFO - Setting next_dagrun for dataset_consumes_1 to None, run_after=None
[2024-02-27T13:38:22.626+0000] {logging_mixin.py:137} INFO - [2024-02-27T13:38:22.625+0000] {dag.py:3441} INFO - Setting next_dagrun for dataset_consumes_1_and_2 to None, run_after=None
[2024-02-27T13:38:22.627+0000] {logging_mixin.py:137} INFO - [2024-02-27T13:38:22.627+0000] {dag.py:3441} INFO - Setting next_dagrun for dataset_consumes_1_never_scheduled to None, run_after=None
[2024-02-27T13:38:22.629+0000] {logging_mixin.py:137} INFO - [2024-02-27T13:38:22.629+0000] {dag.py:3441} INFO - Setting next_dagrun for dataset_consumes_unknown_never_scheduled to None, run_after=None
[2024-02-27T13:38:22.631+0000] {logging_mixin.py:137} INFO - [2024-02-27T13:38:22.631+0000] {dag.py:3441} INFO - Setting next_dagrun for dataset_produces_1 to 2024-02-26T00:00:00+00:00, run_after=2024-02-27T00:00:00+00:00
[2024-02-27T13:38:22.632+0000] {logging_mixin.py:137} INFO - [2024-02-27T13:38:22.632+0000] {dag.py:3441} INFO - Setting next_dagrun for dataset_produces_2 to None, run_after=None
[2024-02-27T13:38:22.659+0000] {processor.py:175} INFO - Processing /home/airflow/.local/lib/python3.7/site-packages/airflow/example_dags/example_datasets.py took 0.159 seconds
[2024-02-27T13:38:52.941+0000] {processor.py:153} INFO - Started process (PID=1749) to work on /home/airflow/.local/lib/python3.7/site-packages/airflow/example_dags/example_datasets.py
[2024-02-27T13:38:52.942+0000] {processor.py:743} INFO - Processing file /home/airflow/.local/lib/python3.7/site-packages/airflow/example_dags/example_datasets.py for tasks to queue
[2024-02-27T13:38:52.943+0000] {logging_mixin.py:137} INFO - [2024-02-27T13:38:52.943+0000] {dagbag.py:538} INFO - Filling up the DagBag from /home/airflow/.local/lib/python3.7/site-packages/airflow/example_dags/example_datasets.py
[2024-02-27T13:38:52.958+0000] {processor.py:753} INFO - DAG(s) dict_keys(['dataset_produces_1', 'dataset_produces_2', 'dataset_consumes_unknown_never_scheduled', 'dataset_consumes_1', 'dataset_consumes_1_and_2', 'dataset_consumes_1_never_scheduled']) retrieved from /home/airflow/.local/lib/python3.7/site-packages/airflow/example_dags/example_datasets.py
[2024-02-27T13:38:52.988+0000] {logging_mixin.py:137} INFO - [2024-02-27T13:38:52.988+0000] {dag.py:2690} INFO - Sync 6 DAGs
[2024-02-27T13:38:53.005+0000] {logging_mixin.py:137} INFO - [2024-02-27T13:38:53.005+0000] {dag.py:3441} INFO - Setting next_dagrun for dataset_consumes_1 to None, run_after=None
[2024-02-27T13:38:53.008+0000] {logging_mixin.py:137} INFO - [2024-02-27T13:38:53.008+0000] {dag.py:3441} INFO - Setting next_dagrun for dataset_consumes_1_and_2 to None, run_after=None
[2024-02-27T13:38:53.009+0000] {logging_mixin.py:137} INFO - [2024-02-27T13:38:53.009+0000] {dag.py:3441} INFO - Setting next_dagrun for dataset_consumes_1_never_scheduled to None, run_after=None
[2024-02-27T13:38:53.010+0000] {logging_mixin.py:137} INFO - [2024-02-27T13:38:53.010+0000] {dag.py:3441} INFO - Setting next_dagrun for dataset_consumes_unknown_never_scheduled to None, run_after=None
[2024-02-27T13:38:53.013+0000] {logging_mixin.py:137} INFO - [2024-02-27T13:38:53.013+0000] {dag.py:3441} INFO - Setting next_dagrun for dataset_produces_1 to 2024-02-26T00:00:00+00:00, run_after=2024-02-27T00:00:00+00:00
[2024-02-27T13:38:53.014+0000] {logging_mixin.py:137} INFO - [2024-02-27T13:38:53.014+0000] {dag.py:3441} INFO - Setting next_dagrun for dataset_produces_2 to None, run_after=None
[2024-02-27T13:38:53.040+0000] {processor.py:175} INFO - Processing /home/airflow/.local/lib/python3.7/site-packages/airflow/example_dags/example_datasets.py took 0.102 seconds
[2024-02-27T13:39:23.720+0000] {processor.py:153} INFO - Started process (PID=1872) to work on /home/airflow/.local/lib/python3.7/site-packages/airflow/example_dags/example_datasets.py
[2024-02-27T13:39:23.721+0000] {processor.py:743} INFO - Processing file /home/airflow/.local/lib/python3.7/site-packages/airflow/example_dags/example_datasets.py for tasks to queue
[2024-02-27T13:39:23.722+0000] {logging_mixin.py:137} INFO - [2024-02-27T13:39:23.722+0000] {dagbag.py:538} INFO - Filling up the DagBag from /home/airflow/.local/lib/python3.7/site-packages/airflow/example_dags/example_datasets.py
[2024-02-27T13:39:23.734+0000] {processor.py:753} INFO - DAG(s) dict_keys(['dataset_consumes_1_never_scheduled', 'dataset_consumes_unknown_never_scheduled', 'dataset_produces_2', 'dataset_consumes_1', 'dataset_consumes_1_and_2', 'dataset_produces_1']) retrieved from /home/airflow/.local/lib/python3.7/site-packages/airflow/example_dags/example_datasets.py
[2024-02-27T13:39:23.763+0000] {logging_mixin.py:137} INFO - [2024-02-27T13:39:23.763+0000] {dag.py:2690} INFO - Sync 6 DAGs
[2024-02-27T13:39:23.787+0000] {logging_mixin.py:137} INFO - [2024-02-27T13:39:23.787+0000] {dag.py:3441} INFO - Setting next_dagrun for dataset_consumes_1 to None, run_after=None
[2024-02-27T13:39:23.791+0000] {logging_mixin.py:137} INFO - [2024-02-27T13:39:23.791+0000] {dag.py:3441} INFO - Setting next_dagrun for dataset_consumes_1_and_2 to None, run_after=None
[2024-02-27T13:39:23.793+0000] {logging_mixin.py:137} INFO - [2024-02-27T13:39:23.793+0000] {dag.py:3441} INFO - Setting next_dagrun for dataset_consumes_1_never_scheduled to None, run_after=None
[2024-02-27T13:39:23.794+0000] {logging_mixin.py:137} INFO - [2024-02-27T13:39:23.794+0000] {dag.py:3441} INFO - Setting next_dagrun for dataset_consumes_unknown_never_scheduled to None, run_after=None
[2024-02-27T13:39:23.797+0000] {logging_mixin.py:137} INFO - [2024-02-27T13:39:23.796+0000] {dag.py:3441} INFO - Setting next_dagrun for dataset_produces_1 to 2024-02-26T00:00:00+00:00, run_after=2024-02-27T00:00:00+00:00
[2024-02-27T13:39:23.798+0000] {logging_mixin.py:137} INFO - [2024-02-27T13:39:23.798+0000] {dag.py:3441} INFO - Setting next_dagrun for dataset_produces_2 to None, run_after=None
[2024-02-27T13:39:23.824+0000] {processor.py:175} INFO - Processing /home/airflow/.local/lib/python3.7/site-packages/airflow/example_dags/example_datasets.py took 0.106 seconds
[2024-02-27T13:39:54.452+0000] {processor.py:153} INFO - Started process (PID=1967) to work on /home/airflow/.local/lib/python3.7/site-packages/airflow/example_dags/example_datasets.py
[2024-02-27T13:39:54.453+0000] {processor.py:743} INFO - Processing file /home/airflow/.local/lib/python3.7/site-packages/airflow/example_dags/example_datasets.py for tasks to queue
[2024-02-27T13:39:54.453+0000] {logging_mixin.py:137} INFO - [2024-02-27T13:39:54.453+0000] {dagbag.py:538} INFO - Filling up the DagBag from /home/airflow/.local/lib/python3.7/site-packages/airflow/example_dags/example_datasets.py
[2024-02-27T13:39:54.468+0000] {processor.py:753} INFO - DAG(s) dict_keys(['dataset_produces_2', 'dataset_consumes_1_and_2', 'dataset_produces_1', 'dataset_consumes_unknown_never_scheduled', 'dataset_consumes_1_never_scheduled', 'dataset_consumes_1']) retrieved from /home/airflow/.local/lib/python3.7/site-packages/airflow/example_dags/example_datasets.py
[2024-02-27T13:39:54.499+0000] {logging_mixin.py:137} INFO - [2024-02-27T13:39:54.499+0000] {dag.py:2690} INFO - Sync 6 DAGs
[2024-02-27T13:39:54.517+0000] {logging_mixin.py:137} INFO - [2024-02-27T13:39:54.517+0000] {dag.py:3441} INFO - Setting next_dagrun for dataset_consumes_1 to None, run_after=None
[2024-02-27T13:39:54.520+0000] {logging_mixin.py:137} INFO - [2024-02-27T13:39:54.520+0000] {dag.py:3441} INFO - Setting next_dagrun for dataset_consumes_1_and_2 to None, run_after=None
[2024-02-27T13:39:54.521+0000] {logging_mixin.py:137} INFO - [2024-02-27T13:39:54.521+0000] {dag.py:3441} INFO - Setting next_dagrun for dataset_consumes_1_never_scheduled to None, run_after=None
[2024-02-27T13:39:54.523+0000] {logging_mixin.py:137} INFO - [2024-02-27T13:39:54.522+0000] {dag.py:3441} INFO - Setting next_dagrun for dataset_consumes_unknown_never_scheduled to None, run_after=None
[2024-02-27T13:39:54.525+0000] {logging_mixin.py:137} INFO - [2024-02-27T13:39:54.525+0000] {dag.py:3441} INFO - Setting next_dagrun for dataset_produces_1 to 2024-02-26T00:00:00+00:00, run_after=2024-02-27T00:00:00+00:00
[2024-02-27T13:39:54.526+0000] {logging_mixin.py:137} INFO - [2024-02-27T13:39:54.526+0000] {dag.py:3441} INFO - Setting next_dagrun for dataset_produces_2 to None, run_after=None
[2024-02-27T13:39:54.552+0000] {processor.py:175} INFO - Processing /home/airflow/.local/lib/python3.7/site-packages/airflow/example_dags/example_datasets.py took 0.103 seconds
[2024-02-27T13:40:24.805+0000] {processor.py:153} INFO - Started process (PID=2091) to work on /home/airflow/.local/lib/python3.7/site-packages/airflow/example_dags/example_datasets.py
[2024-02-27T13:40:24.806+0000] {processor.py:743} INFO - Processing file /home/airflow/.local/lib/python3.7/site-packages/airflow/example_dags/example_datasets.py for tasks to queue
[2024-02-27T13:40:24.807+0000] {logging_mixin.py:137} INFO - [2024-02-27T13:40:24.807+0000] {dagbag.py:538} INFO - Filling up the DagBag from /home/airflow/.local/lib/python3.7/site-packages/airflow/example_dags/example_datasets.py
[2024-02-27T13:40:24.820+0000] {processor.py:753} INFO - DAG(s) dict_keys(['dataset_consumes_unknown_never_scheduled', 'dataset_produces_1', 'dataset_consumes_1', 'dataset_consumes_1_never_scheduled', 'dataset_produces_2', 'dataset_consumes_1_and_2']) retrieved from /home/airflow/.local/lib/python3.7/site-packages/airflow/example_dags/example_datasets.py
[2024-02-27T13:40:24.847+0000] {logging_mixin.py:137} INFO - [2024-02-27T13:40:24.847+0000] {dag.py:2690} INFO - Sync 6 DAGs
[2024-02-27T13:40:24.864+0000] {logging_mixin.py:137} INFO - [2024-02-27T13:40:24.864+0000] {dag.py:3441} INFO - Setting next_dagrun for dataset_consumes_1 to None, run_after=None
[2024-02-27T13:40:24.867+0000] {logging_mixin.py:137} INFO - [2024-02-27T13:40:24.867+0000] {dag.py:3441} INFO - Setting next_dagrun for dataset_consumes_1_and_2 to None, run_after=None
[2024-02-27T13:40:24.868+0000] {logging_mixin.py:137} INFO - [2024-02-27T13:40:24.868+0000] {dag.py:3441} INFO - Setting next_dagrun for dataset_consumes_1_never_scheduled to None, run_after=None
[2024-02-27T13:40:24.870+0000] {logging_mixin.py:137} INFO - [2024-02-27T13:40:24.870+0000] {dag.py:3441} INFO - Setting next_dagrun for dataset_consumes_unknown_never_scheduled to None, run_after=None
[2024-02-27T13:40:24.873+0000] {logging_mixin.py:137} INFO - [2024-02-27T13:40:24.873+0000] {dag.py:3441} INFO - Setting next_dagrun for dataset_produces_1 to 2024-02-26T00:00:00+00:00, run_after=2024-02-27T00:00:00+00:00
[2024-02-27T13:40:24.875+0000] {logging_mixin.py:137} INFO - [2024-02-27T13:40:24.875+0000] {dag.py:3441} INFO - Setting next_dagrun for dataset_produces_2 to None, run_after=None
[2024-02-27T13:40:24.901+0000] {processor.py:175} INFO - Processing /home/airflow/.local/lib/python3.7/site-packages/airflow/example_dags/example_datasets.py took 0.098 seconds
[2024-02-27T13:40:55.578+0000] {processor.py:153} INFO - Started process (PID=2195) to work on /home/airflow/.local/lib/python3.7/site-packages/airflow/example_dags/example_datasets.py
[2024-02-27T13:40:55.579+0000] {processor.py:743} INFO - Processing file /home/airflow/.local/lib/python3.7/site-packages/airflow/example_dags/example_datasets.py for tasks to queue
[2024-02-27T13:40:55.580+0000] {logging_mixin.py:137} INFO - [2024-02-27T13:40:55.580+0000] {dagbag.py:538} INFO - Filling up the DagBag from /home/airflow/.local/lib/python3.7/site-packages/airflow/example_dags/example_datasets.py
[2024-02-27T13:40:55.591+0000] {processor.py:753} INFO - DAG(s) dict_keys(['dataset_consumes_1_and_2', 'dataset_produces_2', 'dataset_produces_1', 'dataset_consumes_unknown_never_scheduled', 'dataset_consumes_1', 'dataset_consumes_1_never_scheduled']) retrieved from /home/airflow/.local/lib/python3.7/site-packages/airflow/example_dags/example_datasets.py
[2024-02-27T13:40:55.621+0000] {logging_mixin.py:137} INFO - [2024-02-27T13:40:55.621+0000] {dag.py:2690} INFO - Sync 6 DAGs
[2024-02-27T13:40:55.640+0000] {logging_mixin.py:137} INFO - [2024-02-27T13:40:55.640+0000] {dag.py:3441} INFO - Setting next_dagrun for dataset_consumes_1 to None, run_after=None
[2024-02-27T13:40:55.643+0000] {logging_mixin.py:137} INFO - [2024-02-27T13:40:55.643+0000] {dag.py:3441} INFO - Setting next_dagrun for dataset_consumes_1_and_2 to None, run_after=None
[2024-02-27T13:40:55.644+0000] {logging_mixin.py:137} INFO - [2024-02-27T13:40:55.644+0000] {dag.py:3441} INFO - Setting next_dagrun for dataset_consumes_1_never_scheduled to None, run_after=None
[2024-02-27T13:40:55.646+0000] {logging_mixin.py:137} INFO - [2024-02-27T13:40:55.645+0000] {dag.py:3441} INFO - Setting next_dagrun for dataset_consumes_unknown_never_scheduled to None, run_after=None
[2024-02-27T13:40:55.648+0000] {logging_mixin.py:137} INFO - [2024-02-27T13:40:55.648+0000] {dag.py:3441} INFO - Setting next_dagrun for dataset_produces_1 to 2024-02-26T00:00:00+00:00, run_after=2024-02-27T00:00:00+00:00
[2024-02-27T13:40:55.649+0000] {logging_mixin.py:137} INFO - [2024-02-27T13:40:55.649+0000] {dag.py:3441} INFO - Setting next_dagrun for dataset_produces_2 to None, run_after=None
[2024-02-27T13:40:55.794+0000] {processor.py:175} INFO - Processing /home/airflow/.local/lib/python3.7/site-packages/airflow/example_dags/example_datasets.py took 0.218 seconds
[2024-02-27T13:41:26.092+0000] {processor.py:153} INFO - Started process (PID=2309) to work on /home/airflow/.local/lib/python3.7/site-packages/airflow/example_dags/example_datasets.py
[2024-02-27T13:41:26.093+0000] {processor.py:743} INFO - Processing file /home/airflow/.local/lib/python3.7/site-packages/airflow/example_dags/example_datasets.py for tasks to queue
[2024-02-27T13:41:26.094+0000] {logging_mixin.py:137} INFO - [2024-02-27T13:41:26.093+0000] {dagbag.py:538} INFO - Filling up the DagBag from /home/airflow/.local/lib/python3.7/site-packages/airflow/example_dags/example_datasets.py
[2024-02-27T13:41:26.105+0000] {processor.py:753} INFO - DAG(s) dict_keys(['dataset_consumes_unknown_never_scheduled', 'dataset_produces_2', 'dataset_consumes_1', 'dataset_consumes_1_never_scheduled', 'dataset_produces_1', 'dataset_consumes_1_and_2']) retrieved from /home/airflow/.local/lib/python3.7/site-packages/airflow/example_dags/example_datasets.py
[2024-02-27T13:41:26.134+0000] {logging_mixin.py:137} INFO - [2024-02-27T13:41:26.134+0000] {dag.py:2690} INFO - Sync 6 DAGs
[2024-02-27T13:41:26.152+0000] {logging_mixin.py:137} INFO - [2024-02-27T13:41:26.152+0000] {dag.py:3441} INFO - Setting next_dagrun for dataset_consumes_1 to None, run_after=None
[2024-02-27T13:41:26.155+0000] {logging_mixin.py:137} INFO - [2024-02-27T13:41:26.154+0000] {dag.py:3441} INFO - Setting next_dagrun for dataset_consumes_1_and_2 to None, run_after=None
[2024-02-27T13:41:26.156+0000] {logging_mixin.py:137} INFO - [2024-02-27T13:41:26.156+0000] {dag.py:3441} INFO - Setting next_dagrun for dataset_consumes_1_never_scheduled to None, run_after=None
[2024-02-27T13:41:26.157+0000] {logging_mixin.py:137} INFO - [2024-02-27T13:41:26.157+0000] {dag.py:3441} INFO - Setting next_dagrun for dataset_consumes_unknown_never_scheduled to None, run_after=None
[2024-02-27T13:41:26.160+0000] {logging_mixin.py:137} INFO - [2024-02-27T13:41:26.160+0000] {dag.py:3441} INFO - Setting next_dagrun for dataset_produces_1 to 2024-02-26T00:00:00+00:00, run_after=2024-02-27T00:00:00+00:00
[2024-02-27T13:41:26.161+0000] {logging_mixin.py:137} INFO - [2024-02-27T13:41:26.161+0000] {dag.py:3441} INFO - Setting next_dagrun for dataset_produces_2 to None, run_after=None
[2024-02-27T13:41:26.188+0000] {processor.py:175} INFO - Processing /home/airflow/.local/lib/python3.7/site-packages/airflow/example_dags/example_datasets.py took 0.099 seconds
