[2024-02-27T13:31:17.644+0000] {processor.py:153} INFO - Started process (PID=82) to work on /home/airflow/.local/lib/python3.7/site-packages/airflow/example_dags/example_sla_dag.py
[2024-02-27T13:31:17.645+0000] {processor.py:743} INFO - Processing file /home/airflow/.local/lib/python3.7/site-packages/airflow/example_dags/example_sla_dag.py for tasks to queue
[2024-02-27T13:31:17.646+0000] {logging_mixin.py:137} INFO - [2024-02-27T13:31:17.646+0000] {dagbag.py:538} INFO - Filling up the DagBag from /home/airflow/.local/lib/python3.7/site-packages/airflow/example_dags/example_sla_dag.py
[2024-02-27T13:31:17.668+0000] {processor.py:753} INFO - DAG(s) dict_keys(['example_sla_dag']) retrieved from /home/airflow/.local/lib/python3.7/site-packages/airflow/example_dags/example_sla_dag.py
[2024-02-27T13:31:17.814+0000] {logging_mixin.py:137} INFO - [2024-02-27T13:31:17.814+0000] {manager.py:504} INFO - Created Permission View: can edit on DAG:example_sla_dag
[2024-02-27T13:31:17.826+0000] {logging_mixin.py:137} INFO - [2024-02-27T13:31:17.825+0000] {manager.py:504} INFO - Created Permission View: can delete on DAG:example_sla_dag
[2024-02-27T13:31:17.833+0000] {logging_mixin.py:137} INFO - [2024-02-27T13:31:17.833+0000] {manager.py:504} INFO - Created Permission View: can read on DAG:example_sla_dag
[2024-02-27T13:31:17.834+0000] {logging_mixin.py:137} INFO - [2024-02-27T13:31:17.834+0000] {dag.py:2690} INFO - Sync 1 DAGs
[2024-02-27T13:31:17.847+0000] {logging_mixin.py:137} INFO - [2024-02-27T13:31:17.847+0000] {dag.py:2711} INFO - Creating ORM DAG for example_sla_dag
[2024-02-27T13:31:17.862+0000] {logging_mixin.py:137} INFO - [2024-02-27T13:31:17.862+0000] {dag.py:3441} INFO - Setting next_dagrun for example_sla_dag to 2024-02-27T13:28:00+00:00, run_after=2024-02-27T13:30:00+00:00
[2024-02-27T13:31:17.882+0000] {processor.py:175} INFO - Processing /home/airflow/.local/lib/python3.7/site-packages/airflow/example_dags/example_sla_dag.py took 0.241 seconds
[2024-02-27T13:31:48.071+0000] {processor.py:153} INFO - Started process (PID=196) to work on /home/airflow/.local/lib/python3.7/site-packages/airflow/example_dags/example_sla_dag.py
[2024-02-27T13:31:48.072+0000] {processor.py:743} INFO - Processing file /home/airflow/.local/lib/python3.7/site-packages/airflow/example_dags/example_sla_dag.py for tasks to queue
[2024-02-27T13:31:48.073+0000] {logging_mixin.py:137} INFO - [2024-02-27T13:31:48.073+0000] {dagbag.py:538} INFO - Filling up the DagBag from /home/airflow/.local/lib/python3.7/site-packages/airflow/example_dags/example_sla_dag.py
[2024-02-27T13:31:48.095+0000] {processor.py:753} INFO - DAG(s) dict_keys(['example_sla_dag']) retrieved from /home/airflow/.local/lib/python3.7/site-packages/airflow/example_dags/example_sla_dag.py
[2024-02-27T13:31:48.119+0000] {logging_mixin.py:137} INFO - [2024-02-27T13:31:48.119+0000] {dag.py:2690} INFO - Sync 1 DAGs
[2024-02-27T13:31:48.144+0000] {logging_mixin.py:137} INFO - [2024-02-27T13:31:48.144+0000] {dag.py:3441} INFO - Setting next_dagrun for example_sla_dag to 2024-02-27T13:28:00+00:00, run_after=2024-02-27T13:30:00+00:00
[2024-02-27T13:31:48.161+0000] {processor.py:175} INFO - Processing /home/airflow/.local/lib/python3.7/site-packages/airflow/example_dags/example_sla_dag.py took 0.092 seconds
[2024-02-27T13:32:18.557+0000] {processor.py:153} INFO - Started process (PID=300) to work on /home/airflow/.local/lib/python3.7/site-packages/airflow/example_dags/example_sla_dag.py
[2024-02-27T13:32:18.558+0000] {processor.py:743} INFO - Processing file /home/airflow/.local/lib/python3.7/site-packages/airflow/example_dags/example_sla_dag.py for tasks to queue
[2024-02-27T13:32:18.559+0000] {logging_mixin.py:137} INFO - [2024-02-27T13:32:18.559+0000] {dagbag.py:538} INFO - Filling up the DagBag from /home/airflow/.local/lib/python3.7/site-packages/airflow/example_dags/example_sla_dag.py
[2024-02-27T13:32:18.577+0000] {processor.py:753} INFO - DAG(s) dict_keys(['example_sla_dag']) retrieved from /home/airflow/.local/lib/python3.7/site-packages/airflow/example_dags/example_sla_dag.py
[2024-02-27T13:32:18.597+0000] {logging_mixin.py:137} INFO - [2024-02-27T13:32:18.597+0000] {dag.py:2690} INFO - Sync 1 DAGs
[2024-02-27T13:32:18.620+0000] {logging_mixin.py:137} INFO - [2024-02-27T13:32:18.620+0000] {dag.py:3441} INFO - Setting next_dagrun for example_sla_dag to 2024-02-27T13:30:00+00:00, run_after=2024-02-27T13:32:00+00:00
[2024-02-27T13:32:18.636+0000] {processor.py:175} INFO - Processing /home/airflow/.local/lib/python3.7/site-packages/airflow/example_dags/example_sla_dag.py took 0.081 seconds
[2024-02-27T13:32:49.063+0000] {processor.py:153} INFO - Started process (PID=413) to work on /home/airflow/.local/lib/python3.7/site-packages/airflow/example_dags/example_sla_dag.py
[2024-02-27T13:32:49.065+0000] {processor.py:743} INFO - Processing file /home/airflow/.local/lib/python3.7/site-packages/airflow/example_dags/example_sla_dag.py for tasks to queue
[2024-02-27T13:32:49.065+0000] {logging_mixin.py:137} INFO - [2024-02-27T13:32:49.065+0000] {dagbag.py:538} INFO - Filling up the DagBag from /home/airflow/.local/lib/python3.7/site-packages/airflow/example_dags/example_sla_dag.py
[2024-02-27T13:32:49.082+0000] {processor.py:753} INFO - DAG(s) dict_keys(['example_sla_dag']) retrieved from /home/airflow/.local/lib/python3.7/site-packages/airflow/example_dags/example_sla_dag.py
[2024-02-27T13:32:49.099+0000] {logging_mixin.py:137} INFO - [2024-02-27T13:32:49.099+0000] {dag.py:2690} INFO - Sync 1 DAGs
[2024-02-27T13:32:49.118+0000] {logging_mixin.py:137} INFO - [2024-02-27T13:32:49.118+0000] {dag.py:3441} INFO - Setting next_dagrun for example_sla_dag to 2024-02-27T13:30:00+00:00, run_after=2024-02-27T13:32:00+00:00
[2024-02-27T13:32:49.132+0000] {processor.py:175} INFO - Processing /home/airflow/.local/lib/python3.7/site-packages/airflow/example_dags/example_sla_dag.py took 0.071 seconds
[2024-02-27T13:33:19.469+0000] {processor.py:153} INFO - Started process (PID=536) to work on /home/airflow/.local/lib/python3.7/site-packages/airflow/example_dags/example_sla_dag.py
[2024-02-27T13:33:19.470+0000] {processor.py:743} INFO - Processing file /home/airflow/.local/lib/python3.7/site-packages/airflow/example_dags/example_sla_dag.py for tasks to queue
[2024-02-27T13:33:19.471+0000] {logging_mixin.py:137} INFO - [2024-02-27T13:33:19.471+0000] {dagbag.py:538} INFO - Filling up the DagBag from /home/airflow/.local/lib/python3.7/site-packages/airflow/example_dags/example_sla_dag.py
[2024-02-27T13:33:19.487+0000] {processor.py:753} INFO - DAG(s) dict_keys(['example_sla_dag']) retrieved from /home/airflow/.local/lib/python3.7/site-packages/airflow/example_dags/example_sla_dag.py
[2024-02-27T13:33:19.504+0000] {logging_mixin.py:137} INFO - [2024-02-27T13:33:19.504+0000] {dag.py:2690} INFO - Sync 1 DAGs
[2024-02-27T13:33:19.523+0000] {logging_mixin.py:137} INFO - [2024-02-27T13:33:19.522+0000] {dag.py:3441} INFO - Setting next_dagrun for example_sla_dag to 2024-02-27T13:30:00+00:00, run_after=2024-02-27T13:32:00+00:00
[2024-02-27T13:33:19.536+0000] {processor.py:175} INFO - Processing /home/airflow/.local/lib/python3.7/site-packages/airflow/example_dags/example_sla_dag.py took 0.069 seconds
[2024-02-27T13:33:49.754+0000] {processor.py:153} INFO - Started process (PID=630) to work on /home/airflow/.local/lib/python3.7/site-packages/airflow/example_dags/example_sla_dag.py
[2024-02-27T13:33:49.756+0000] {processor.py:743} INFO - Processing file /home/airflow/.local/lib/python3.7/site-packages/airflow/example_dags/example_sla_dag.py for tasks to queue
[2024-02-27T13:33:49.757+0000] {logging_mixin.py:137} INFO - [2024-02-27T13:33:49.757+0000] {dagbag.py:538} INFO - Filling up the DagBag from /home/airflow/.local/lib/python3.7/site-packages/airflow/example_dags/example_sla_dag.py
[2024-02-27T13:33:49.774+0000] {processor.py:753} INFO - DAG(s) dict_keys(['example_sla_dag']) retrieved from /home/airflow/.local/lib/python3.7/site-packages/airflow/example_dags/example_sla_dag.py
[2024-02-27T13:33:49.790+0000] {logging_mixin.py:137} INFO - [2024-02-27T13:33:49.790+0000] {dag.py:2690} INFO - Sync 1 DAGs
[2024-02-27T13:33:49.809+0000] {logging_mixin.py:137} INFO - [2024-02-27T13:33:49.808+0000] {dag.py:3441} INFO - Setting next_dagrun for example_sla_dag to 2024-02-27T13:30:00+00:00, run_after=2024-02-27T13:32:00+00:00
[2024-02-27T13:33:49.823+0000] {processor.py:175} INFO - Processing /home/airflow/.local/lib/python3.7/site-packages/airflow/example_dags/example_sla_dag.py took 0.071 seconds
[2024-02-27T13:34:20.141+0000] {processor.py:153} INFO - Started process (PID=753) to work on /home/airflow/.local/lib/python3.7/site-packages/airflow/example_dags/example_sla_dag.py
[2024-02-27T13:34:20.142+0000] {processor.py:743} INFO - Processing file /home/airflow/.local/lib/python3.7/site-packages/airflow/example_dags/example_sla_dag.py for tasks to queue
[2024-02-27T13:34:20.143+0000] {logging_mixin.py:137} INFO - [2024-02-27T13:34:20.143+0000] {dagbag.py:538} INFO - Filling up the DagBag from /home/airflow/.local/lib/python3.7/site-packages/airflow/example_dags/example_sla_dag.py
[2024-02-27T13:34:20.160+0000] {processor.py:753} INFO - DAG(s) dict_keys(['example_sla_dag']) retrieved from /home/airflow/.local/lib/python3.7/site-packages/airflow/example_dags/example_sla_dag.py
[2024-02-27T13:34:20.178+0000] {logging_mixin.py:137} INFO - [2024-02-27T13:34:20.178+0000] {dag.py:2690} INFO - Sync 1 DAGs
[2024-02-27T13:34:20.199+0000] {logging_mixin.py:137} INFO - [2024-02-27T13:34:20.198+0000] {dag.py:3441} INFO - Setting next_dagrun for example_sla_dag to 2024-02-27T13:32:00+00:00, run_after=2024-02-27T13:34:00+00:00
[2024-02-27T13:34:20.213+0000] {processor.py:175} INFO - Processing /home/airflow/.local/lib/python3.7/site-packages/airflow/example_dags/example_sla_dag.py took 0.075 seconds
[2024-02-27T13:34:50.756+0000] {processor.py:153} INFO - Started process (PID=877) to work on /home/airflow/.local/lib/python3.7/site-packages/airflow/example_dags/example_sla_dag.py
[2024-02-27T13:34:50.757+0000] {processor.py:743} INFO - Processing file /home/airflow/.local/lib/python3.7/site-packages/airflow/example_dags/example_sla_dag.py for tasks to queue
[2024-02-27T13:34:50.759+0000] {logging_mixin.py:137} INFO - [2024-02-27T13:34:50.759+0000] {dagbag.py:538} INFO - Filling up the DagBag from /home/airflow/.local/lib/python3.7/site-packages/airflow/example_dags/example_sla_dag.py
[2024-02-27T13:34:50.776+0000] {processor.py:753} INFO - DAG(s) dict_keys(['example_sla_dag']) retrieved from /home/airflow/.local/lib/python3.7/site-packages/airflow/example_dags/example_sla_dag.py
[2024-02-27T13:34:50.796+0000] {logging_mixin.py:137} INFO - [2024-02-27T13:34:50.795+0000] {dag.py:2690} INFO - Sync 1 DAGs
[2024-02-27T13:34:50.816+0000] {logging_mixin.py:137} INFO - [2024-02-27T13:34:50.816+0000] {dag.py:3441} INFO - Setting next_dagrun for example_sla_dag to 2024-02-27T13:32:00+00:00, run_after=2024-02-27T13:34:00+00:00
[2024-02-27T13:34:50.831+0000] {processor.py:175} INFO - Processing /home/airflow/.local/lib/python3.7/site-packages/airflow/example_dags/example_sla_dag.py took 0.077 seconds
[2024-02-27T13:35:20.970+0000] {processor.py:153} INFO - Started process (PID=972) to work on /home/airflow/.local/lib/python3.7/site-packages/airflow/example_dags/example_sla_dag.py
[2024-02-27T13:35:20.971+0000] {processor.py:743} INFO - Processing file /home/airflow/.local/lib/python3.7/site-packages/airflow/example_dags/example_sla_dag.py for tasks to queue
[2024-02-27T13:35:20.971+0000] {logging_mixin.py:137} INFO - [2024-02-27T13:35:20.971+0000] {dagbag.py:538} INFO - Filling up the DagBag from /home/airflow/.local/lib/python3.7/site-packages/airflow/example_dags/example_sla_dag.py
[2024-02-27T13:35:20.992+0000] {processor.py:753} INFO - DAG(s) dict_keys(['example_sla_dag']) retrieved from /home/airflow/.local/lib/python3.7/site-packages/airflow/example_dags/example_sla_dag.py
[2024-02-27T13:35:21.010+0000] {logging_mixin.py:137} INFO - [2024-02-27T13:35:21.010+0000] {dag.py:2690} INFO - Sync 1 DAGs
[2024-02-27T13:35:21.033+0000] {logging_mixin.py:137} INFO - [2024-02-27T13:35:21.033+0000] {dag.py:3441} INFO - Setting next_dagrun for example_sla_dag to 2024-02-27T13:32:00+00:00, run_after=2024-02-27T13:34:00+00:00
[2024-02-27T13:35:21.047+0000] {processor.py:175} INFO - Processing /home/airflow/.local/lib/python3.7/site-packages/airflow/example_dags/example_sla_dag.py took 0.080 seconds
[2024-02-27T13:35:51.151+0000] {processor.py:153} INFO - Started process (PID=1095) to work on /home/airflow/.local/lib/python3.7/site-packages/airflow/example_dags/example_sla_dag.py
[2024-02-27T13:35:51.152+0000] {processor.py:743} INFO - Processing file /home/airflow/.local/lib/python3.7/site-packages/airflow/example_dags/example_sla_dag.py for tasks to queue
[2024-02-27T13:35:51.153+0000] {logging_mixin.py:137} INFO - [2024-02-27T13:35:51.153+0000] {dagbag.py:538} INFO - Filling up the DagBag from /home/airflow/.local/lib/python3.7/site-packages/airflow/example_dags/example_sla_dag.py
[2024-02-27T13:35:51.171+0000] {processor.py:753} INFO - DAG(s) dict_keys(['example_sla_dag']) retrieved from /home/airflow/.local/lib/python3.7/site-packages/airflow/example_dags/example_sla_dag.py
[2024-02-27T13:35:51.191+0000] {logging_mixin.py:137} INFO - [2024-02-27T13:35:51.191+0000] {dag.py:2690} INFO - Sync 1 DAGs
[2024-02-27T13:35:51.215+0000] {logging_mixin.py:137} INFO - [2024-02-27T13:35:51.215+0000] {dag.py:3441} INFO - Setting next_dagrun for example_sla_dag to 2024-02-27T13:32:00+00:00, run_after=2024-02-27T13:34:00+00:00
[2024-02-27T13:35:51.231+0000] {processor.py:175} INFO - Processing /home/airflow/.local/lib/python3.7/site-packages/airflow/example_dags/example_sla_dag.py took 0.083 seconds
[2024-02-27T13:36:21.375+0000] {processor.py:153} INFO - Started process (PID=1190) to work on /home/airflow/.local/lib/python3.7/site-packages/airflow/example_dags/example_sla_dag.py
[2024-02-27T13:36:21.376+0000] {processor.py:743} INFO - Processing file /home/airflow/.local/lib/python3.7/site-packages/airflow/example_dags/example_sla_dag.py for tasks to queue
[2024-02-27T13:36:21.377+0000] {logging_mixin.py:137} INFO - [2024-02-27T13:36:21.377+0000] {dagbag.py:538} INFO - Filling up the DagBag from /home/airflow/.local/lib/python3.7/site-packages/airflow/example_dags/example_sla_dag.py
[2024-02-27T13:36:21.393+0000] {processor.py:753} INFO - DAG(s) dict_keys(['example_sla_dag']) retrieved from /home/airflow/.local/lib/python3.7/site-packages/airflow/example_dags/example_sla_dag.py
[2024-02-27T13:36:21.414+0000] {logging_mixin.py:137} INFO - [2024-02-27T13:36:21.414+0000] {dag.py:2690} INFO - Sync 1 DAGs
[2024-02-27T13:36:21.437+0000] {logging_mixin.py:137} INFO - [2024-02-27T13:36:21.437+0000] {dag.py:3441} INFO - Setting next_dagrun for example_sla_dag to 2024-02-27T13:34:00+00:00, run_after=2024-02-27T13:36:00+00:00
[2024-02-27T13:36:21.455+0000] {processor.py:175} INFO - Processing /home/airflow/.local/lib/python3.7/site-packages/airflow/example_dags/example_sla_dag.py took 0.082 seconds
[2024-02-27T13:36:51.696+0000] {processor.py:153} INFO - Started process (PID=1313) to work on /home/airflow/.local/lib/python3.7/site-packages/airflow/example_dags/example_sla_dag.py
[2024-02-27T13:36:51.697+0000] {processor.py:743} INFO - Processing file /home/airflow/.local/lib/python3.7/site-packages/airflow/example_dags/example_sla_dag.py for tasks to queue
[2024-02-27T13:36:51.698+0000] {logging_mixin.py:137} INFO - [2024-02-27T13:36:51.697+0000] {dagbag.py:538} INFO - Filling up the DagBag from /home/airflow/.local/lib/python3.7/site-packages/airflow/example_dags/example_sla_dag.py
[2024-02-27T13:36:51.715+0000] {processor.py:753} INFO - DAG(s) dict_keys(['example_sla_dag']) retrieved from /home/airflow/.local/lib/python3.7/site-packages/airflow/example_dags/example_sla_dag.py
[2024-02-27T13:36:51.733+0000] {logging_mixin.py:137} INFO - [2024-02-27T13:36:51.733+0000] {dag.py:2690} INFO - Sync 1 DAGs
[2024-02-27T13:36:51.754+0000] {logging_mixin.py:137} INFO - [2024-02-27T13:36:51.753+0000] {dag.py:3441} INFO - Setting next_dagrun for example_sla_dag to 2024-02-27T13:34:00+00:00, run_after=2024-02-27T13:36:00+00:00
[2024-02-27T13:36:51.769+0000] {processor.py:175} INFO - Processing /home/airflow/.local/lib/python3.7/site-packages/airflow/example_dags/example_sla_dag.py took 0.075 seconds
[2024-02-27T13:37:21.935+0000] {processor.py:153} INFO - Started process (PID=1408) to work on /home/airflow/.local/lib/python3.7/site-packages/airflow/example_dags/example_sla_dag.py
[2024-02-27T13:37:21.936+0000] {processor.py:743} INFO - Processing file /home/airflow/.local/lib/python3.7/site-packages/airflow/example_dags/example_sla_dag.py for tasks to queue
[2024-02-27T13:37:21.937+0000] {logging_mixin.py:137} INFO - [2024-02-27T13:37:21.937+0000] {dagbag.py:538} INFO - Filling up the DagBag from /home/airflow/.local/lib/python3.7/site-packages/airflow/example_dags/example_sla_dag.py
[2024-02-27T13:37:21.954+0000] {processor.py:753} INFO - DAG(s) dict_keys(['example_sla_dag']) retrieved from /home/airflow/.local/lib/python3.7/site-packages/airflow/example_dags/example_sla_dag.py
[2024-02-27T13:37:21.972+0000] {logging_mixin.py:137} INFO - [2024-02-27T13:37:21.972+0000] {dag.py:2690} INFO - Sync 1 DAGs
[2024-02-27T13:37:21.992+0000] {logging_mixin.py:137} INFO - [2024-02-27T13:37:21.992+0000] {dag.py:3441} INFO - Setting next_dagrun for example_sla_dag to 2024-02-27T13:34:00+00:00, run_after=2024-02-27T13:36:00+00:00
[2024-02-27T13:37:22.007+0000] {processor.py:175} INFO - Processing /home/airflow/.local/lib/python3.7/site-packages/airflow/example_dags/example_sla_dag.py took 0.074 seconds
[2024-02-27T13:37:52.356+0000] {processor.py:153} INFO - Started process (PID=1533) to work on /home/airflow/.local/lib/python3.7/site-packages/airflow/example_dags/example_sla_dag.py
[2024-02-27T13:37:52.356+0000] {processor.py:743} INFO - Processing file /home/airflow/.local/lib/python3.7/site-packages/airflow/example_dags/example_sla_dag.py for tasks to queue
[2024-02-27T13:37:52.357+0000] {logging_mixin.py:137} INFO - [2024-02-27T13:37:52.357+0000] {dagbag.py:538} INFO - Filling up the DagBag from /home/airflow/.local/lib/python3.7/site-packages/airflow/example_dags/example_sla_dag.py
[2024-02-27T13:37:52.374+0000] {processor.py:753} INFO - DAG(s) dict_keys(['example_sla_dag']) retrieved from /home/airflow/.local/lib/python3.7/site-packages/airflow/example_dags/example_sla_dag.py
[2024-02-27T13:37:52.391+0000] {logging_mixin.py:137} INFO - [2024-02-27T13:37:52.391+0000] {dag.py:2690} INFO - Sync 1 DAGs
[2024-02-27T13:37:52.411+0000] {logging_mixin.py:137} INFO - [2024-02-27T13:37:52.411+0000] {dag.py:3441} INFO - Setting next_dagrun for example_sla_dag to 2024-02-27T13:34:00+00:00, run_after=2024-02-27T13:36:00+00:00
[2024-02-27T13:37:52.423+0000] {processor.py:175} INFO - Processing /home/airflow/.local/lib/python3.7/site-packages/airflow/example_dags/example_sla_dag.py took 0.070 seconds
[2024-02-27T13:38:22.801+0000] {processor.py:153} INFO - Started process (PID=1656) to work on /home/airflow/.local/lib/python3.7/site-packages/airflow/example_dags/example_sla_dag.py
[2024-02-27T13:38:22.802+0000] {processor.py:743} INFO - Processing file /home/airflow/.local/lib/python3.7/site-packages/airflow/example_dags/example_sla_dag.py for tasks to queue
[2024-02-27T13:38:22.803+0000] {logging_mixin.py:137} INFO - [2024-02-27T13:38:22.803+0000] {dagbag.py:538} INFO - Filling up the DagBag from /home/airflow/.local/lib/python3.7/site-packages/airflow/example_dags/example_sla_dag.py
[2024-02-27T13:38:22.822+0000] {processor.py:753} INFO - DAG(s) dict_keys(['example_sla_dag']) retrieved from /home/airflow/.local/lib/python3.7/site-packages/airflow/example_dags/example_sla_dag.py
[2024-02-27T13:38:22.844+0000] {logging_mixin.py:137} INFO - [2024-02-27T13:38:22.844+0000] {dag.py:2690} INFO - Sync 1 DAGs
[2024-02-27T13:38:22.867+0000] {logging_mixin.py:137} INFO - [2024-02-27T13:38:22.867+0000] {dag.py:3441} INFO - Setting next_dagrun for example_sla_dag to 2024-02-27T13:36:00+00:00, run_after=2024-02-27T13:38:00+00:00
[2024-02-27T13:38:22.882+0000] {processor.py:175} INFO - Processing /home/airflow/.local/lib/python3.7/site-packages/airflow/example_dags/example_sla_dag.py took 0.083 seconds
[2024-02-27T13:38:53.033+0000] {processor.py:153} INFO - Started process (PID=1751) to work on /home/airflow/.local/lib/python3.7/site-packages/airflow/example_dags/example_sla_dag.py
[2024-02-27T13:38:53.034+0000] {processor.py:743} INFO - Processing file /home/airflow/.local/lib/python3.7/site-packages/airflow/example_dags/example_sla_dag.py for tasks to queue
[2024-02-27T13:38:53.035+0000] {logging_mixin.py:137} INFO - [2024-02-27T13:38:53.035+0000] {dagbag.py:538} INFO - Filling up the DagBag from /home/airflow/.local/lib/python3.7/site-packages/airflow/example_dags/example_sla_dag.py
[2024-02-27T13:38:53.052+0000] {processor.py:753} INFO - DAG(s) dict_keys(['example_sla_dag']) retrieved from /home/airflow/.local/lib/python3.7/site-packages/airflow/example_dags/example_sla_dag.py
[2024-02-27T13:38:53.070+0000] {logging_mixin.py:137} INFO - [2024-02-27T13:38:53.070+0000] {dag.py:2690} INFO - Sync 1 DAGs
[2024-02-27T13:38:53.088+0000] {logging_mixin.py:137} INFO - [2024-02-27T13:38:53.088+0000] {dag.py:3441} INFO - Setting next_dagrun for example_sla_dag to 2024-02-27T13:36:00+00:00, run_after=2024-02-27T13:38:00+00:00
[2024-02-27T13:38:53.103+0000] {processor.py:175} INFO - Processing /home/airflow/.local/lib/python3.7/site-packages/airflow/example_dags/example_sla_dag.py took 0.072 seconds
[2024-02-27T13:39:23.836+0000] {processor.py:153} INFO - Started process (PID=1874) to work on /home/airflow/.local/lib/python3.7/site-packages/airflow/example_dags/example_sla_dag.py
[2024-02-27T13:39:23.837+0000] {processor.py:743} INFO - Processing file /home/airflow/.local/lib/python3.7/site-packages/airflow/example_dags/example_sla_dag.py for tasks to queue
[2024-02-27T13:39:23.838+0000] {logging_mixin.py:137} INFO - [2024-02-27T13:39:23.838+0000] {dagbag.py:538} INFO - Filling up the DagBag from /home/airflow/.local/lib/python3.7/site-packages/airflow/example_dags/example_sla_dag.py
[2024-02-27T13:39:23.854+0000] {processor.py:753} INFO - DAG(s) dict_keys(['example_sla_dag']) retrieved from /home/airflow/.local/lib/python3.7/site-packages/airflow/example_dags/example_sla_dag.py
[2024-02-27T13:39:23.873+0000] {logging_mixin.py:137} INFO - [2024-02-27T13:39:23.873+0000] {dag.py:2690} INFO - Sync 1 DAGs
[2024-02-27T13:39:23.893+0000] {logging_mixin.py:137} INFO - [2024-02-27T13:39:23.893+0000] {dag.py:3441} INFO - Setting next_dagrun for example_sla_dag to 2024-02-27T13:36:00+00:00, run_after=2024-02-27T13:38:00+00:00
[2024-02-27T13:39:23.907+0000] {processor.py:175} INFO - Processing /home/airflow/.local/lib/python3.7/site-packages/airflow/example_dags/example_sla_dag.py took 0.073 seconds
[2024-02-27T13:39:54.558+0000] {processor.py:153} INFO - Started process (PID=1969) to work on /home/airflow/.local/lib/python3.7/site-packages/airflow/example_dags/example_sla_dag.py
[2024-02-27T13:39:54.559+0000] {processor.py:743} INFO - Processing file /home/airflow/.local/lib/python3.7/site-packages/airflow/example_dags/example_sla_dag.py for tasks to queue
[2024-02-27T13:39:54.560+0000] {logging_mixin.py:137} INFO - [2024-02-27T13:39:54.560+0000] {dagbag.py:538} INFO - Filling up the DagBag from /home/airflow/.local/lib/python3.7/site-packages/airflow/example_dags/example_sla_dag.py
[2024-02-27T13:39:54.577+0000] {processor.py:753} INFO - DAG(s) dict_keys(['example_sla_dag']) retrieved from /home/airflow/.local/lib/python3.7/site-packages/airflow/example_dags/example_sla_dag.py
[2024-02-27T13:39:54.594+0000] {logging_mixin.py:137} INFO - [2024-02-27T13:39:54.594+0000] {dag.py:2690} INFO - Sync 1 DAGs
[2024-02-27T13:39:54.613+0000] {logging_mixin.py:137} INFO - [2024-02-27T13:39:54.613+0000] {dag.py:3441} INFO - Setting next_dagrun for example_sla_dag to 2024-02-27T13:36:00+00:00, run_after=2024-02-27T13:38:00+00:00
[2024-02-27T13:39:54.627+0000] {processor.py:175} INFO - Processing /home/airflow/.local/lib/python3.7/site-packages/airflow/example_dags/example_sla_dag.py took 0.071 seconds
[2024-02-27T13:40:24.922+0000] {processor.py:153} INFO - Started process (PID=2093) to work on /home/airflow/.local/lib/python3.7/site-packages/airflow/example_dags/example_sla_dag.py
[2024-02-27T13:40:24.922+0000] {processor.py:743} INFO - Processing file /home/airflow/.local/lib/python3.7/site-packages/airflow/example_dags/example_sla_dag.py for tasks to queue
[2024-02-27T13:40:24.924+0000] {logging_mixin.py:137} INFO - [2024-02-27T13:40:24.924+0000] {dagbag.py:538} INFO - Filling up the DagBag from /home/airflow/.local/lib/python3.7/site-packages/airflow/example_dags/example_sla_dag.py
[2024-02-27T13:40:24.939+0000] {processor.py:753} INFO - DAG(s) dict_keys(['example_sla_dag']) retrieved from /home/airflow/.local/lib/python3.7/site-packages/airflow/example_dags/example_sla_dag.py
[2024-02-27T13:40:24.957+0000] {logging_mixin.py:137} INFO - [2024-02-27T13:40:24.957+0000] {dag.py:2690} INFO - Sync 1 DAGs
[2024-02-27T13:40:24.976+0000] {logging_mixin.py:137} INFO - [2024-02-27T13:40:24.976+0000] {dag.py:3441} INFO - Setting next_dagrun for example_sla_dag to 2024-02-27T13:38:00+00:00, run_after=2024-02-27T13:40:00+00:00
[2024-02-27T13:40:24.991+0000] {processor.py:175} INFO - Processing /home/airflow/.local/lib/python3.7/site-packages/airflow/example_dags/example_sla_dag.py took 0.072 seconds
[2024-02-27T13:40:55.905+0000] {processor.py:153} INFO - Started process (PID=2216) to work on /home/airflow/.local/lib/python3.7/site-packages/airflow/example_dags/example_sla_dag.py
[2024-02-27T13:40:55.906+0000] {processor.py:743} INFO - Processing file /home/airflow/.local/lib/python3.7/site-packages/airflow/example_dags/example_sla_dag.py for tasks to queue
[2024-02-27T13:40:55.907+0000] {logging_mixin.py:137} INFO - [2024-02-27T13:40:55.907+0000] {dagbag.py:538} INFO - Filling up the DagBag from /home/airflow/.local/lib/python3.7/site-packages/airflow/example_dags/example_sla_dag.py
[2024-02-27T13:40:55.926+0000] {processor.py:753} INFO - DAG(s) dict_keys(['example_sla_dag']) retrieved from /home/airflow/.local/lib/python3.7/site-packages/airflow/example_dags/example_sla_dag.py
[2024-02-27T13:40:55.945+0000] {logging_mixin.py:137} INFO - [2024-02-27T13:40:55.945+0000] {dag.py:2690} INFO - Sync 1 DAGs
[2024-02-27T13:40:55.966+0000] {logging_mixin.py:137} INFO - [2024-02-27T13:40:55.966+0000] {dag.py:3441} INFO - Setting next_dagrun for example_sla_dag to 2024-02-27T13:38:00+00:00, run_after=2024-02-27T13:40:00+00:00
[2024-02-27T13:40:55.997+0000] {processor.py:175} INFO - Processing /home/airflow/.local/lib/python3.7/site-packages/airflow/example_dags/example_sla_dag.py took 0.096 seconds
[2024-02-27T13:41:26.180+0000] {processor.py:153} INFO - Started process (PID=2311) to work on /home/airflow/.local/lib/python3.7/site-packages/airflow/example_dags/example_sla_dag.py
[2024-02-27T13:41:26.181+0000] {processor.py:743} INFO - Processing file /home/airflow/.local/lib/python3.7/site-packages/airflow/example_dags/example_sla_dag.py for tasks to queue
[2024-02-27T13:41:26.182+0000] {logging_mixin.py:137} INFO - [2024-02-27T13:41:26.182+0000] {dagbag.py:538} INFO - Filling up the DagBag from /home/airflow/.local/lib/python3.7/site-packages/airflow/example_dags/example_sla_dag.py
[2024-02-27T13:41:26.197+0000] {processor.py:753} INFO - DAG(s) dict_keys(['example_sla_dag']) retrieved from /home/airflow/.local/lib/python3.7/site-packages/airflow/example_dags/example_sla_dag.py
[2024-02-27T13:41:26.214+0000] {logging_mixin.py:137} INFO - [2024-02-27T13:41:26.214+0000] {dag.py:2690} INFO - Sync 1 DAGs
[2024-02-27T13:41:26.232+0000] {logging_mixin.py:137} INFO - [2024-02-27T13:41:26.232+0000] {dag.py:3441} INFO - Setting next_dagrun for example_sla_dag to 2024-02-27T13:38:00+00:00, run_after=2024-02-27T13:40:00+00:00
[2024-02-27T13:41:26.243+0000] {processor.py:175} INFO - Processing /home/airflow/.local/lib/python3.7/site-packages/airflow/example_dags/example_sla_dag.py took 0.065 seconds
