[2024-02-27T13:31:16.410+0000] {processor.py:153} INFO - Started process (PID=66) to work on /home/airflow/.local/lib/python3.7/site-packages/airflow/example_dags/example_time_delta_sensor_async.py
[2024-02-27T13:31:16.414+0000] {processor.py:743} INFO - Processing file /home/airflow/.local/lib/python3.7/site-packages/airflow/example_dags/example_time_delta_sensor_async.py for tasks to queue
[2024-02-27T13:31:16.415+0000] {logging_mixin.py:137} INFO - [2024-02-27T13:31:16.415+0000] {dagbag.py:538} INFO - Filling up the DagBag from /home/airflow/.local/lib/python3.7/site-packages/airflow/example_dags/example_time_delta_sensor_async.py
[2024-02-27T13:31:16.478+0000] {processor.py:753} INFO - DAG(s) dict_keys(['example_time_delta_sensor_async']) retrieved from /home/airflow/.local/lib/python3.7/site-packages/airflow/example_dags/example_time_delta_sensor_async.py
[2024-02-27T13:31:16.718+0000] {logging_mixin.py:137} INFO - [2024-02-27T13:31:16.718+0000] {manager.py:504} INFO - Created Permission View: can edit on DAG:example_time_delta_sensor_async
[2024-02-27T13:31:16.727+0000] {logging_mixin.py:137} INFO - [2024-02-27T13:31:16.727+0000] {manager.py:504} INFO - Created Permission View: can delete on DAG:example_time_delta_sensor_async
[2024-02-27T13:31:16.734+0000] {logging_mixin.py:137} INFO - [2024-02-27T13:31:16.734+0000] {manager.py:504} INFO - Created Permission View: can read on DAG:example_time_delta_sensor_async
[2024-02-27T13:31:16.736+0000] {logging_mixin.py:137} INFO - [2024-02-27T13:31:16.734+0000] {dag.py:2690} INFO - Sync 1 DAGs
[2024-02-27T13:31:16.750+0000] {logging_mixin.py:137} INFO - [2024-02-27T13:31:16.750+0000] {dag.py:2711} INFO - Creating ORM DAG for example_time_delta_sensor_async
[2024-02-27T13:31:16.761+0000] {logging_mixin.py:137} INFO - [2024-02-27T13:31:16.761+0000] {dag.py:3441} INFO - Setting next_dagrun for example_time_delta_sensor_async to None, run_after=None
[2024-02-27T13:31:16.782+0000] {processor.py:175} INFO - Processing /home/airflow/.local/lib/python3.7/site-packages/airflow/example_dags/example_time_delta_sensor_async.py took 0.374 seconds
[2024-02-27T13:31:47.652+0000] {processor.py:153} INFO - Started process (PID=189) to work on /home/airflow/.local/lib/python3.7/site-packages/airflow/example_dags/example_time_delta_sensor_async.py
[2024-02-27T13:31:47.653+0000] {processor.py:743} INFO - Processing file /home/airflow/.local/lib/python3.7/site-packages/airflow/example_dags/example_time_delta_sensor_async.py for tasks to queue
[2024-02-27T13:31:47.654+0000] {logging_mixin.py:137} INFO - [2024-02-27T13:31:47.654+0000] {dagbag.py:538} INFO - Filling up the DagBag from /home/airflow/.local/lib/python3.7/site-packages/airflow/example_dags/example_time_delta_sensor_async.py
[2024-02-27T13:31:47.666+0000] {processor.py:753} INFO - DAG(s) dict_keys(['example_time_delta_sensor_async']) retrieved from /home/airflow/.local/lib/python3.7/site-packages/airflow/example_dags/example_time_delta_sensor_async.py
[2024-02-27T13:31:47.690+0000] {logging_mixin.py:137} INFO - [2024-02-27T13:31:47.690+0000] {dag.py:2690} INFO - Sync 1 DAGs
[2024-02-27T13:31:47.711+0000] {logging_mixin.py:137} INFO - [2024-02-27T13:31:47.711+0000] {dag.py:3441} INFO - Setting next_dagrun for example_time_delta_sensor_async to None, run_after=None
[2024-02-27T13:31:47.732+0000] {processor.py:175} INFO - Processing /home/airflow/.local/lib/python3.7/site-packages/airflow/example_dags/example_time_delta_sensor_async.py took 0.084 seconds
[2024-02-27T13:32:18.109+0000] {processor.py:153} INFO - Started process (PID=284) to work on /home/airflow/.local/lib/python3.7/site-packages/airflow/example_dags/example_time_delta_sensor_async.py
[2024-02-27T13:32:18.110+0000] {processor.py:743} INFO - Processing file /home/airflow/.local/lib/python3.7/site-packages/airflow/example_dags/example_time_delta_sensor_async.py for tasks to queue
[2024-02-27T13:32:18.111+0000] {logging_mixin.py:137} INFO - [2024-02-27T13:32:18.111+0000] {dagbag.py:538} INFO - Filling up the DagBag from /home/airflow/.local/lib/python3.7/site-packages/airflow/example_dags/example_time_delta_sensor_async.py
[2024-02-27T13:32:18.120+0000] {processor.py:753} INFO - DAG(s) dict_keys(['example_time_delta_sensor_async']) retrieved from /home/airflow/.local/lib/python3.7/site-packages/airflow/example_dags/example_time_delta_sensor_async.py
[2024-02-27T13:32:18.140+0000] {logging_mixin.py:137} INFO - [2024-02-27T13:32:18.140+0000] {dag.py:2690} INFO - Sync 1 DAGs
[2024-02-27T13:32:18.170+0000] {logging_mixin.py:137} INFO - [2024-02-27T13:32:18.170+0000] {dag.py:3441} INFO - Setting next_dagrun for example_time_delta_sensor_async to None, run_after=None
[2024-02-27T13:32:18.191+0000] {processor.py:175} INFO - Processing /home/airflow/.local/lib/python3.7/site-packages/airflow/example_dags/example_time_delta_sensor_async.py took 0.084 seconds
[2024-02-27T13:32:48.620+0000] {processor.py:153} INFO - Started process (PID=406) to work on /home/airflow/.local/lib/python3.7/site-packages/airflow/example_dags/example_time_delta_sensor_async.py
[2024-02-27T13:32:48.621+0000] {processor.py:743} INFO - Processing file /home/airflow/.local/lib/python3.7/site-packages/airflow/example_dags/example_time_delta_sensor_async.py for tasks to queue
[2024-02-27T13:32:48.622+0000] {logging_mixin.py:137} INFO - [2024-02-27T13:32:48.622+0000] {dagbag.py:538} INFO - Filling up the DagBag from /home/airflow/.local/lib/python3.7/site-packages/airflow/example_dags/example_time_delta_sensor_async.py
[2024-02-27T13:32:48.630+0000] {processor.py:753} INFO - DAG(s) dict_keys(['example_time_delta_sensor_async']) retrieved from /home/airflow/.local/lib/python3.7/site-packages/airflow/example_dags/example_time_delta_sensor_async.py
[2024-02-27T13:32:48.649+0000] {logging_mixin.py:137} INFO - [2024-02-27T13:32:48.649+0000] {dag.py:2690} INFO - Sync 1 DAGs
[2024-02-27T13:32:48.666+0000] {logging_mixin.py:137} INFO - [2024-02-27T13:32:48.666+0000] {dag.py:3441} INFO - Setting next_dagrun for example_time_delta_sensor_async to None, run_after=None
[2024-02-27T13:32:48.683+0000] {processor.py:175} INFO - Processing /home/airflow/.local/lib/python3.7/site-packages/airflow/example_dags/example_time_delta_sensor_async.py took 0.065 seconds
[2024-02-27T13:33:19.086+0000] {processor.py:153} INFO - Started process (PID=529) to work on /home/airflow/.local/lib/python3.7/site-packages/airflow/example_dags/example_time_delta_sensor_async.py
[2024-02-27T13:33:19.087+0000] {processor.py:743} INFO - Processing file /home/airflow/.local/lib/python3.7/site-packages/airflow/example_dags/example_time_delta_sensor_async.py for tasks to queue
[2024-02-27T13:33:19.088+0000] {logging_mixin.py:137} INFO - [2024-02-27T13:33:19.087+0000] {dagbag.py:538} INFO - Filling up the DagBag from /home/airflow/.local/lib/python3.7/site-packages/airflow/example_dags/example_time_delta_sensor_async.py
[2024-02-27T13:33:19.096+0000] {processor.py:753} INFO - DAG(s) dict_keys(['example_time_delta_sensor_async']) retrieved from /home/airflow/.local/lib/python3.7/site-packages/airflow/example_dags/example_time_delta_sensor_async.py
[2024-02-27T13:33:19.115+0000] {logging_mixin.py:137} INFO - [2024-02-27T13:33:19.115+0000] {dag.py:2690} INFO - Sync 1 DAGs
[2024-02-27T13:33:19.131+0000] {logging_mixin.py:137} INFO - [2024-02-27T13:33:19.131+0000] {dag.py:3441} INFO - Setting next_dagrun for example_time_delta_sensor_async to None, run_after=None
[2024-02-27T13:33:19.146+0000] {processor.py:175} INFO - Processing /home/airflow/.local/lib/python3.7/site-packages/airflow/example_dags/example_time_delta_sensor_async.py took 0.062 seconds
[2024-02-27T13:33:49.339+0000] {processor.py:153} INFO - Started process (PID=623) to work on /home/airflow/.local/lib/python3.7/site-packages/airflow/example_dags/example_time_delta_sensor_async.py
[2024-02-27T13:33:49.340+0000] {processor.py:743} INFO - Processing file /home/airflow/.local/lib/python3.7/site-packages/airflow/example_dags/example_time_delta_sensor_async.py for tasks to queue
[2024-02-27T13:33:49.341+0000] {logging_mixin.py:137} INFO - [2024-02-27T13:33:49.340+0000] {dagbag.py:538} INFO - Filling up the DagBag from /home/airflow/.local/lib/python3.7/site-packages/airflow/example_dags/example_time_delta_sensor_async.py
[2024-02-27T13:33:49.349+0000] {processor.py:753} INFO - DAG(s) dict_keys(['example_time_delta_sensor_async']) retrieved from /home/airflow/.local/lib/python3.7/site-packages/airflow/example_dags/example_time_delta_sensor_async.py
[2024-02-27T13:33:49.368+0000] {logging_mixin.py:137} INFO - [2024-02-27T13:33:49.368+0000] {dag.py:2690} INFO - Sync 1 DAGs
[2024-02-27T13:33:49.386+0000] {logging_mixin.py:137} INFO - [2024-02-27T13:33:49.386+0000] {dag.py:3441} INFO - Setting next_dagrun for example_time_delta_sensor_async to None, run_after=None
[2024-02-27T13:33:49.402+0000] {processor.py:175} INFO - Processing /home/airflow/.local/lib/python3.7/site-packages/airflow/example_dags/example_time_delta_sensor_async.py took 0.065 seconds
[2024-02-27T13:34:19.623+0000] {processor.py:153} INFO - Started process (PID=746) to work on /home/airflow/.local/lib/python3.7/site-packages/airflow/example_dags/example_time_delta_sensor_async.py
[2024-02-27T13:34:19.625+0000] {processor.py:743} INFO - Processing file /home/airflow/.local/lib/python3.7/site-packages/airflow/example_dags/example_time_delta_sensor_async.py for tasks to queue
[2024-02-27T13:34:19.625+0000] {logging_mixin.py:137} INFO - [2024-02-27T13:34:19.625+0000] {dagbag.py:538} INFO - Filling up the DagBag from /home/airflow/.local/lib/python3.7/site-packages/airflow/example_dags/example_time_delta_sensor_async.py
[2024-02-27T13:34:19.634+0000] {processor.py:753} INFO - DAG(s) dict_keys(['example_time_delta_sensor_async']) retrieved from /home/airflow/.local/lib/python3.7/site-packages/airflow/example_dags/example_time_delta_sensor_async.py
[2024-02-27T13:34:19.653+0000] {logging_mixin.py:137} INFO - [2024-02-27T13:34:19.653+0000] {dag.py:2690} INFO - Sync 1 DAGs
[2024-02-27T13:34:19.671+0000] {logging_mixin.py:137} INFO - [2024-02-27T13:34:19.671+0000] {dag.py:3441} INFO - Setting next_dagrun for example_time_delta_sensor_async to None, run_after=None
[2024-02-27T13:34:19.687+0000] {processor.py:175} INFO - Processing /home/airflow/.local/lib/python3.7/site-packages/airflow/example_dags/example_time_delta_sensor_async.py took 0.066 seconds
[2024-02-27T13:34:50.271+0000] {processor.py:153} INFO - Started process (PID=851) to work on /home/airflow/.local/lib/python3.7/site-packages/airflow/example_dags/example_time_delta_sensor_async.py
[2024-02-27T13:34:50.272+0000] {processor.py:743} INFO - Processing file /home/airflow/.local/lib/python3.7/site-packages/airflow/example_dags/example_time_delta_sensor_async.py for tasks to queue
[2024-02-27T13:34:50.273+0000] {logging_mixin.py:137} INFO - [2024-02-27T13:34:50.273+0000] {dagbag.py:538} INFO - Filling up the DagBag from /home/airflow/.local/lib/python3.7/site-packages/airflow/example_dags/example_time_delta_sensor_async.py
[2024-02-27T13:34:50.282+0000] {processor.py:753} INFO - DAG(s) dict_keys(['example_time_delta_sensor_async']) retrieved from /home/airflow/.local/lib/python3.7/site-packages/airflow/example_dags/example_time_delta_sensor_async.py
[2024-02-27T13:34:50.302+0000] {logging_mixin.py:137} INFO - [2024-02-27T13:34:50.302+0000] {dag.py:2690} INFO - Sync 1 DAGs
[2024-02-27T13:34:50.320+0000] {logging_mixin.py:137} INFO - [2024-02-27T13:34:50.320+0000] {dag.py:3441} INFO - Setting next_dagrun for example_time_delta_sensor_async to None, run_after=None
[2024-02-27T13:34:50.336+0000] {processor.py:175} INFO - Processing /home/airflow/.local/lib/python3.7/site-packages/airflow/example_dags/example_time_delta_sensor_async.py took 0.068 seconds
[2024-02-27T13:35:20.559+0000] {processor.py:153} INFO - Started process (PID=965) to work on /home/airflow/.local/lib/python3.7/site-packages/airflow/example_dags/example_time_delta_sensor_async.py
[2024-02-27T13:35:20.560+0000] {processor.py:743} INFO - Processing file /home/airflow/.local/lib/python3.7/site-packages/airflow/example_dags/example_time_delta_sensor_async.py for tasks to queue
[2024-02-27T13:35:20.561+0000] {logging_mixin.py:137} INFO - [2024-02-27T13:35:20.561+0000] {dagbag.py:538} INFO - Filling up the DagBag from /home/airflow/.local/lib/python3.7/site-packages/airflow/example_dags/example_time_delta_sensor_async.py
[2024-02-27T13:35:20.573+0000] {processor.py:753} INFO - DAG(s) dict_keys(['example_time_delta_sensor_async']) retrieved from /home/airflow/.local/lib/python3.7/site-packages/airflow/example_dags/example_time_delta_sensor_async.py
[2024-02-27T13:35:20.594+0000] {logging_mixin.py:137} INFO - [2024-02-27T13:35:20.594+0000] {dag.py:2690} INFO - Sync 1 DAGs
[2024-02-27T13:35:20.613+0000] {logging_mixin.py:137} INFO - [2024-02-27T13:35:20.613+0000] {dag.py:3441} INFO - Setting next_dagrun for example_time_delta_sensor_async to None, run_after=None
[2024-02-27T13:35:20.629+0000] {processor.py:175} INFO - Processing /home/airflow/.local/lib/python3.7/site-packages/airflow/example_dags/example_time_delta_sensor_async.py took 0.073 seconds
[2024-02-27T13:35:50.741+0000] {processor.py:153} INFO - Started process (PID=1088) to work on /home/airflow/.local/lib/python3.7/site-packages/airflow/example_dags/example_time_delta_sensor_async.py
[2024-02-27T13:35:50.742+0000] {processor.py:743} INFO - Processing file /home/airflow/.local/lib/python3.7/site-packages/airflow/example_dags/example_time_delta_sensor_async.py for tasks to queue
[2024-02-27T13:35:50.744+0000] {logging_mixin.py:137} INFO - [2024-02-27T13:35:50.743+0000] {dagbag.py:538} INFO - Filling up the DagBag from /home/airflow/.local/lib/python3.7/site-packages/airflow/example_dags/example_time_delta_sensor_async.py
[2024-02-27T13:35:50.758+0000] {processor.py:753} INFO - DAG(s) dict_keys(['example_time_delta_sensor_async']) retrieved from /home/airflow/.local/lib/python3.7/site-packages/airflow/example_dags/example_time_delta_sensor_async.py
[2024-02-27T13:35:50.791+0000] {logging_mixin.py:137} INFO - [2024-02-27T13:35:50.790+0000] {dag.py:2690} INFO - Sync 1 DAGs
[2024-02-27T13:35:50.814+0000] {logging_mixin.py:137} INFO - [2024-02-27T13:35:50.814+0000] {dag.py:3441} INFO - Setting next_dagrun for example_time_delta_sensor_async to None, run_after=None
[2024-02-27T13:35:50.833+0000] {processor.py:175} INFO - Processing /home/airflow/.local/lib/python3.7/site-packages/airflow/example_dags/example_time_delta_sensor_async.py took 0.096 seconds
[2024-02-27T13:36:20.986+0000] {processor.py:153} INFO - Started process (PID=1183) to work on /home/airflow/.local/lib/python3.7/site-packages/airflow/example_dags/example_time_delta_sensor_async.py
[2024-02-27T13:36:20.987+0000] {processor.py:743} INFO - Processing file /home/airflow/.local/lib/python3.7/site-packages/airflow/example_dags/example_time_delta_sensor_async.py for tasks to queue
[2024-02-27T13:36:20.988+0000] {logging_mixin.py:137} INFO - [2024-02-27T13:36:20.987+0000] {dagbag.py:538} INFO - Filling up the DagBag from /home/airflow/.local/lib/python3.7/site-packages/airflow/example_dags/example_time_delta_sensor_async.py
[2024-02-27T13:36:20.995+0000] {processor.py:753} INFO - DAG(s) dict_keys(['example_time_delta_sensor_async']) retrieved from /home/airflow/.local/lib/python3.7/site-packages/airflow/example_dags/example_time_delta_sensor_async.py
[2024-02-27T13:36:21.014+0000] {logging_mixin.py:137} INFO - [2024-02-27T13:36:21.014+0000] {dag.py:2690} INFO - Sync 1 DAGs
[2024-02-27T13:36:21.032+0000] {logging_mixin.py:137} INFO - [2024-02-27T13:36:21.032+0000] {dag.py:3441} INFO - Setting next_dagrun for example_time_delta_sensor_async to None, run_after=None
[2024-02-27T13:36:21.050+0000] {processor.py:175} INFO - Processing /home/airflow/.local/lib/python3.7/site-packages/airflow/example_dags/example_time_delta_sensor_async.py took 0.067 seconds
[2024-02-27T13:36:51.298+0000] {processor.py:153} INFO - Started process (PID=1306) to work on /home/airflow/.local/lib/python3.7/site-packages/airflow/example_dags/example_time_delta_sensor_async.py
[2024-02-27T13:36:51.299+0000] {processor.py:743} INFO - Processing file /home/airflow/.local/lib/python3.7/site-packages/airflow/example_dags/example_time_delta_sensor_async.py for tasks to queue
[2024-02-27T13:36:51.300+0000] {logging_mixin.py:137} INFO - [2024-02-27T13:36:51.300+0000] {dagbag.py:538} INFO - Filling up the DagBag from /home/airflow/.local/lib/python3.7/site-packages/airflow/example_dags/example_time_delta_sensor_async.py
[2024-02-27T13:36:51.307+0000] {processor.py:753} INFO - DAG(s) dict_keys(['example_time_delta_sensor_async']) retrieved from /home/airflow/.local/lib/python3.7/site-packages/airflow/example_dags/example_time_delta_sensor_async.py
[2024-02-27T13:36:51.326+0000] {logging_mixin.py:137} INFO - [2024-02-27T13:36:51.326+0000] {dag.py:2690} INFO - Sync 1 DAGs
[2024-02-27T13:36:51.343+0000] {logging_mixin.py:137} INFO - [2024-02-27T13:36:51.343+0000] {dag.py:3441} INFO - Setting next_dagrun for example_time_delta_sensor_async to None, run_after=None
[2024-02-27T13:36:51.361+0000] {processor.py:175} INFO - Processing /home/airflow/.local/lib/python3.7/site-packages/airflow/example_dags/example_time_delta_sensor_async.py took 0.064 seconds
[2024-02-27T13:37:21.461+0000] {processor.py:153} INFO - Started process (PID=1401) to work on /home/airflow/.local/lib/python3.7/site-packages/airflow/example_dags/example_time_delta_sensor_async.py
[2024-02-27T13:37:21.462+0000] {processor.py:743} INFO - Processing file /home/airflow/.local/lib/python3.7/site-packages/airflow/example_dags/example_time_delta_sensor_async.py for tasks to queue
[2024-02-27T13:37:21.463+0000] {logging_mixin.py:137} INFO - [2024-02-27T13:37:21.463+0000] {dagbag.py:538} INFO - Filling up the DagBag from /home/airflow/.local/lib/python3.7/site-packages/airflow/example_dags/example_time_delta_sensor_async.py
[2024-02-27T13:37:21.473+0000] {processor.py:753} INFO - DAG(s) dict_keys(['example_time_delta_sensor_async']) retrieved from /home/airflow/.local/lib/python3.7/site-packages/airflow/example_dags/example_time_delta_sensor_async.py
[2024-02-27T13:37:21.497+0000] {logging_mixin.py:137} INFO - [2024-02-27T13:37:21.497+0000] {dag.py:2690} INFO - Sync 1 DAGs
[2024-02-27T13:37:21.518+0000] {logging_mixin.py:137} INFO - [2024-02-27T13:37:21.518+0000] {dag.py:3441} INFO - Setting next_dagrun for example_time_delta_sensor_async to None, run_after=None
[2024-02-27T13:37:21.537+0000] {processor.py:175} INFO - Processing /home/airflow/.local/lib/python3.7/site-packages/airflow/example_dags/example_time_delta_sensor_async.py took 0.078 seconds
[2024-02-27T13:37:51.882+0000] {processor.py:153} INFO - Started process (PID=1526) to work on /home/airflow/.local/lib/python3.7/site-packages/airflow/example_dags/example_time_delta_sensor_async.py
[2024-02-27T13:37:51.883+0000] {processor.py:743} INFO - Processing file /home/airflow/.local/lib/python3.7/site-packages/airflow/example_dags/example_time_delta_sensor_async.py for tasks to queue
[2024-02-27T13:37:51.884+0000] {logging_mixin.py:137} INFO - [2024-02-27T13:37:51.884+0000] {dagbag.py:538} INFO - Filling up the DagBag from /home/airflow/.local/lib/python3.7/site-packages/airflow/example_dags/example_time_delta_sensor_async.py
[2024-02-27T13:37:51.892+0000] {processor.py:753} INFO - DAG(s) dict_keys(['example_time_delta_sensor_async']) retrieved from /home/airflow/.local/lib/python3.7/site-packages/airflow/example_dags/example_time_delta_sensor_async.py
[2024-02-27T13:37:51.910+0000] {logging_mixin.py:137} INFO - [2024-02-27T13:37:51.910+0000] {dag.py:2690} INFO - Sync 1 DAGs
[2024-02-27T13:37:51.927+0000] {logging_mixin.py:137} INFO - [2024-02-27T13:37:51.927+0000] {dag.py:3441} INFO - Setting next_dagrun for example_time_delta_sensor_async to None, run_after=None
[2024-02-27T13:37:51.942+0000] {processor.py:175} INFO - Processing /home/airflow/.local/lib/python3.7/site-packages/airflow/example_dags/example_time_delta_sensor_async.py took 0.062 seconds
[2024-02-27T13:38:22.161+0000] {processor.py:153} INFO - Started process (PID=1630) to work on /home/airflow/.local/lib/python3.7/site-packages/airflow/example_dags/example_time_delta_sensor_async.py
[2024-02-27T13:38:22.163+0000] {processor.py:743} INFO - Processing file /home/airflow/.local/lib/python3.7/site-packages/airflow/example_dags/example_time_delta_sensor_async.py for tasks to queue
[2024-02-27T13:38:22.164+0000] {logging_mixin.py:137} INFO - [2024-02-27T13:38:22.164+0000] {dagbag.py:538} INFO - Filling up the DagBag from /home/airflow/.local/lib/python3.7/site-packages/airflow/example_dags/example_time_delta_sensor_async.py
[2024-02-27T13:38:22.173+0000] {processor.py:753} INFO - DAG(s) dict_keys(['example_time_delta_sensor_async']) retrieved from /home/airflow/.local/lib/python3.7/site-packages/airflow/example_dags/example_time_delta_sensor_async.py
[2024-02-27T13:38:22.193+0000] {logging_mixin.py:137} INFO - [2024-02-27T13:38:22.193+0000] {dag.py:2690} INFO - Sync 1 DAGs
[2024-02-27T13:38:22.212+0000] {logging_mixin.py:137} INFO - [2024-02-27T13:38:22.212+0000] {dag.py:3441} INFO - Setting next_dagrun for example_time_delta_sensor_async to None, run_after=None
[2024-02-27T13:38:22.232+0000] {processor.py:175} INFO - Processing /home/airflow/.local/lib/python3.7/site-packages/airflow/example_dags/example_time_delta_sensor_async.py took 0.073 seconds
[2024-02-27T13:38:52.504+0000] {processor.py:153} INFO - Started process (PID=1744) to work on /home/airflow/.local/lib/python3.7/site-packages/airflow/example_dags/example_time_delta_sensor_async.py
[2024-02-27T13:38:52.505+0000] {processor.py:743} INFO - Processing file /home/airflow/.local/lib/python3.7/site-packages/airflow/example_dags/example_time_delta_sensor_async.py for tasks to queue
[2024-02-27T13:38:52.506+0000] {logging_mixin.py:137} INFO - [2024-02-27T13:38:52.505+0000] {dagbag.py:538} INFO - Filling up the DagBag from /home/airflow/.local/lib/python3.7/site-packages/airflow/example_dags/example_time_delta_sensor_async.py
[2024-02-27T13:38:52.514+0000] {processor.py:753} INFO - DAG(s) dict_keys(['example_time_delta_sensor_async']) retrieved from /home/airflow/.local/lib/python3.7/site-packages/airflow/example_dags/example_time_delta_sensor_async.py
[2024-02-27T13:38:52.533+0000] {logging_mixin.py:137} INFO - [2024-02-27T13:38:52.533+0000] {dag.py:2690} INFO - Sync 1 DAGs
[2024-02-27T13:38:52.550+0000] {logging_mixin.py:137} INFO - [2024-02-27T13:38:52.550+0000] {dag.py:3441} INFO - Setting next_dagrun for example_time_delta_sensor_async to None, run_after=None
[2024-02-27T13:38:52.593+0000] {processor.py:175} INFO - Processing /home/airflow/.local/lib/python3.7/site-packages/airflow/example_dags/example_time_delta_sensor_async.py took 0.091 seconds
[2024-02-27T13:39:23.452+0000] {processor.py:153} INFO - Started process (PID=1867) to work on /home/airflow/.local/lib/python3.7/site-packages/airflow/example_dags/example_time_delta_sensor_async.py
[2024-02-27T13:39:23.453+0000] {processor.py:743} INFO - Processing file /home/airflow/.local/lib/python3.7/site-packages/airflow/example_dags/example_time_delta_sensor_async.py for tasks to queue
[2024-02-27T13:39:23.454+0000] {logging_mixin.py:137} INFO - [2024-02-27T13:39:23.454+0000] {dagbag.py:538} INFO - Filling up the DagBag from /home/airflow/.local/lib/python3.7/site-packages/airflow/example_dags/example_time_delta_sensor_async.py
[2024-02-27T13:39:23.465+0000] {processor.py:753} INFO - DAG(s) dict_keys(['example_time_delta_sensor_async']) retrieved from /home/airflow/.local/lib/python3.7/site-packages/airflow/example_dags/example_time_delta_sensor_async.py
[2024-02-27T13:39:23.484+0000] {logging_mixin.py:137} INFO - [2024-02-27T13:39:23.484+0000] {dag.py:2690} INFO - Sync 1 DAGs
[2024-02-27T13:39:23.501+0000] {logging_mixin.py:137} INFO - [2024-02-27T13:39:23.501+0000] {dag.py:3441} INFO - Setting next_dagrun for example_time_delta_sensor_async to None, run_after=None
[2024-02-27T13:39:23.516+0000] {processor.py:175} INFO - Processing /home/airflow/.local/lib/python3.7/site-packages/airflow/example_dags/example_time_delta_sensor_async.py took 0.066 seconds
[2024-02-27T13:39:54.173+0000] {processor.py:153} INFO - Started process (PID=1962) to work on /home/airflow/.local/lib/python3.7/site-packages/airflow/example_dags/example_time_delta_sensor_async.py
[2024-02-27T13:39:54.174+0000] {processor.py:743} INFO - Processing file /home/airflow/.local/lib/python3.7/site-packages/airflow/example_dags/example_time_delta_sensor_async.py for tasks to queue
[2024-02-27T13:39:54.175+0000] {logging_mixin.py:137} INFO - [2024-02-27T13:39:54.174+0000] {dagbag.py:538} INFO - Filling up the DagBag from /home/airflow/.local/lib/python3.7/site-packages/airflow/example_dags/example_time_delta_sensor_async.py
[2024-02-27T13:39:54.183+0000] {processor.py:753} INFO - DAG(s) dict_keys(['example_time_delta_sensor_async']) retrieved from /home/airflow/.local/lib/python3.7/site-packages/airflow/example_dags/example_time_delta_sensor_async.py
[2024-02-27T13:39:54.202+0000] {logging_mixin.py:137} INFO - [2024-02-27T13:39:54.202+0000] {dag.py:2690} INFO - Sync 1 DAGs
[2024-02-27T13:39:54.219+0000] {logging_mixin.py:137} INFO - [2024-02-27T13:39:54.219+0000] {dag.py:3441} INFO - Setting next_dagrun for example_time_delta_sensor_async to None, run_after=None
[2024-02-27T13:39:54.236+0000] {processor.py:175} INFO - Processing /home/airflow/.local/lib/python3.7/site-packages/airflow/example_dags/example_time_delta_sensor_async.py took 0.065 seconds
[2024-02-27T13:40:24.457+0000] {processor.py:153} INFO - Started process (PID=2086) to work on /home/airflow/.local/lib/python3.7/site-packages/airflow/example_dags/example_time_delta_sensor_async.py
[2024-02-27T13:40:24.458+0000] {processor.py:743} INFO - Processing file /home/airflow/.local/lib/python3.7/site-packages/airflow/example_dags/example_time_delta_sensor_async.py for tasks to queue
[2024-02-27T13:40:24.460+0000] {logging_mixin.py:137} INFO - [2024-02-27T13:40:24.459+0000] {dagbag.py:538} INFO - Filling up the DagBag from /home/airflow/.local/lib/python3.7/site-packages/airflow/example_dags/example_time_delta_sensor_async.py
[2024-02-27T13:40:24.468+0000] {processor.py:753} INFO - DAG(s) dict_keys(['example_time_delta_sensor_async']) retrieved from /home/airflow/.local/lib/python3.7/site-packages/airflow/example_dags/example_time_delta_sensor_async.py
[2024-02-27T13:40:24.491+0000] {logging_mixin.py:137} INFO - [2024-02-27T13:40:24.491+0000] {dag.py:2690} INFO - Sync 1 DAGs
[2024-02-27T13:40:24.510+0000] {logging_mixin.py:137} INFO - [2024-02-27T13:40:24.510+0000] {dag.py:3441} INFO - Setting next_dagrun for example_time_delta_sensor_async to None, run_after=None
[2024-02-27T13:40:24.590+0000] {processor.py:175} INFO - Processing /home/airflow/.local/lib/python3.7/site-packages/airflow/example_dags/example_time_delta_sensor_async.py took 0.135 seconds
[2024-02-27T13:40:55.210+0000] {processor.py:153} INFO - Started process (PID=2190) to work on /home/airflow/.local/lib/python3.7/site-packages/airflow/example_dags/example_time_delta_sensor_async.py
[2024-02-27T13:40:55.211+0000] {processor.py:743} INFO - Processing file /home/airflow/.local/lib/python3.7/site-packages/airflow/example_dags/example_time_delta_sensor_async.py for tasks to queue
[2024-02-27T13:40:55.211+0000] {logging_mixin.py:137} INFO - [2024-02-27T13:40:55.211+0000] {dagbag.py:538} INFO - Filling up the DagBag from /home/airflow/.local/lib/python3.7/site-packages/airflow/example_dags/example_time_delta_sensor_async.py
[2024-02-27T13:40:55.220+0000] {processor.py:753} INFO - DAG(s) dict_keys(['example_time_delta_sensor_async']) retrieved from /home/airflow/.local/lib/python3.7/site-packages/airflow/example_dags/example_time_delta_sensor_async.py
[2024-02-27T13:40:55.240+0000] {logging_mixin.py:137} INFO - [2024-02-27T13:40:55.240+0000] {dag.py:2690} INFO - Sync 1 DAGs
[2024-02-27T13:40:55.258+0000] {logging_mixin.py:137} INFO - [2024-02-27T13:40:55.257+0000] {dag.py:3441} INFO - Setting next_dagrun for example_time_delta_sensor_async to None, run_after=None
[2024-02-27T13:40:55.341+0000] {processor.py:175} INFO - Processing /home/airflow/.local/lib/python3.7/site-packages/airflow/example_dags/example_time_delta_sensor_async.py took 0.134 seconds
[2024-02-27T13:41:25.794+0000] {processor.py:153} INFO - Started process (PID=2304) to work on /home/airflow/.local/lib/python3.7/site-packages/airflow/example_dags/example_time_delta_sensor_async.py
[2024-02-27T13:41:25.795+0000] {processor.py:743} INFO - Processing file /home/airflow/.local/lib/python3.7/site-packages/airflow/example_dags/example_time_delta_sensor_async.py for tasks to queue
[2024-02-27T13:41:25.796+0000] {logging_mixin.py:137} INFO - [2024-02-27T13:41:25.796+0000] {dagbag.py:538} INFO - Filling up the DagBag from /home/airflow/.local/lib/python3.7/site-packages/airflow/example_dags/example_time_delta_sensor_async.py
[2024-02-27T13:41:25.807+0000] {processor.py:753} INFO - DAG(s) dict_keys(['example_time_delta_sensor_async']) retrieved from /home/airflow/.local/lib/python3.7/site-packages/airflow/example_dags/example_time_delta_sensor_async.py
[2024-02-27T13:41:25.826+0000] {logging_mixin.py:137} INFO - [2024-02-27T13:41:25.826+0000] {dag.py:2690} INFO - Sync 1 DAGs
[2024-02-27T13:41:25.844+0000] {logging_mixin.py:137} INFO - [2024-02-27T13:41:25.844+0000] {dag.py:3441} INFO - Setting next_dagrun for example_time_delta_sensor_async to None, run_after=None
[2024-02-27T13:41:25.861+0000] {processor.py:175} INFO - Processing /home/airflow/.local/lib/python3.7/site-packages/airflow/example_dags/example_time_delta_sensor_async.py took 0.069 seconds
