[2024-02-27T13:31:14.677+0000] {processor.py:153} INFO - Started process (PID=51) to work on /home/airflow/.local/lib/python3.7/site-packages/airflow/example_dags/example_xcom.py
[2024-02-27T13:31:14.678+0000] {processor.py:743} INFO - Processing file /home/airflow/.local/lib/python3.7/site-packages/airflow/example_dags/example_xcom.py for tasks to queue
[2024-02-27T13:31:14.679+0000] {logging_mixin.py:137} INFO - [2024-02-27T13:31:14.679+0000] {dagbag.py:538} INFO - Filling up the DagBag from /home/airflow/.local/lib/python3.7/site-packages/airflow/example_dags/example_xcom.py
[2024-02-27T13:31:14.701+0000] {processor.py:753} INFO - DAG(s) dict_keys(['example_xcom']) retrieved from /home/airflow/.local/lib/python3.7/site-packages/airflow/example_dags/example_xcom.py
[2024-02-27T13:31:14.793+0000] {logging_mixin.py:137} INFO - [2024-02-27T13:31:14.793+0000] {manager.py:504} INFO - Created Permission View: can edit on DAG:example_xcom
[2024-02-27T13:31:14.803+0000] {logging_mixin.py:137} INFO - [2024-02-27T13:31:14.803+0000] {manager.py:504} INFO - Created Permission View: can delete on DAG:example_xcom
[2024-02-27T13:31:14.811+0000] {logging_mixin.py:137} INFO - [2024-02-27T13:31:14.811+0000] {manager.py:504} INFO - Created Permission View: can read on DAG:example_xcom
[2024-02-27T13:31:14.812+0000] {logging_mixin.py:137} INFO - [2024-02-27T13:31:14.812+0000] {dag.py:2690} INFO - Sync 1 DAGs
[2024-02-27T13:31:14.823+0000] {logging_mixin.py:137} INFO - [2024-02-27T13:31:14.822+0000] {dag.py:2711} INFO - Creating ORM DAG for example_xcom
[2024-02-27T13:31:14.832+0000] {logging_mixin.py:137} INFO - [2024-02-27T13:31:14.831+0000] {dag.py:3441} INFO - Setting next_dagrun for example_xcom to 2021-01-01T00:00:00+00:00, run_after=2021-01-01T00:00:00+00:00
[2024-02-27T13:31:14.851+0000] {processor.py:175} INFO - Processing /home/airflow/.local/lib/python3.7/site-packages/airflow/example_dags/example_xcom.py took 0.177 seconds
[2024-02-27T13:31:45.700+0000] {processor.py:153} INFO - Started process (PID=174) to work on /home/airflow/.local/lib/python3.7/site-packages/airflow/example_dags/example_xcom.py
[2024-02-27T13:31:45.701+0000] {processor.py:743} INFO - Processing file /home/airflow/.local/lib/python3.7/site-packages/airflow/example_dags/example_xcom.py for tasks to queue
[2024-02-27T13:31:45.702+0000] {logging_mixin.py:137} INFO - [2024-02-27T13:31:45.702+0000] {dagbag.py:538} INFO - Filling up the DagBag from /home/airflow/.local/lib/python3.7/site-packages/airflow/example_dags/example_xcom.py
[2024-02-27T13:31:45.733+0000] {processor.py:753} INFO - DAG(s) dict_keys(['example_xcom']) retrieved from /home/airflow/.local/lib/python3.7/site-packages/airflow/example_dags/example_xcom.py
[2024-02-27T13:31:45.764+0000] {logging_mixin.py:137} INFO - [2024-02-27T13:31:45.764+0000] {dag.py:2690} INFO - Sync 1 DAGs
[2024-02-27T13:31:45.792+0000] {logging_mixin.py:137} INFO - [2024-02-27T13:31:45.791+0000] {dag.py:3441} INFO - Setting next_dagrun for example_xcom to 2021-01-01T00:00:00+00:00, run_after=2021-01-01T00:00:00+00:00
[2024-02-27T13:31:45.817+0000] {processor.py:175} INFO - Processing /home/airflow/.local/lib/python3.7/site-packages/airflow/example_dags/example_xcom.py took 0.121 seconds
[2024-02-27T13:32:16.278+0000] {processor.py:153} INFO - Started process (PID=269) to work on /home/airflow/.local/lib/python3.7/site-packages/airflow/example_dags/example_xcom.py
[2024-02-27T13:32:16.279+0000] {processor.py:743} INFO - Processing file /home/airflow/.local/lib/python3.7/site-packages/airflow/example_dags/example_xcom.py for tasks to queue
[2024-02-27T13:32:16.280+0000] {logging_mixin.py:137} INFO - [2024-02-27T13:32:16.280+0000] {dagbag.py:538} INFO - Filling up the DagBag from /home/airflow/.local/lib/python3.7/site-packages/airflow/example_dags/example_xcom.py
[2024-02-27T13:32:16.305+0000] {processor.py:753} INFO - DAG(s) dict_keys(['example_xcom']) retrieved from /home/airflow/.local/lib/python3.7/site-packages/airflow/example_dags/example_xcom.py
[2024-02-27T13:32:16.330+0000] {logging_mixin.py:137} INFO - [2024-02-27T13:32:16.330+0000] {dag.py:2690} INFO - Sync 1 DAGs
[2024-02-27T13:32:16.354+0000] {logging_mixin.py:137} INFO - [2024-02-27T13:32:16.354+0000] {dag.py:3441} INFO - Setting next_dagrun for example_xcom to 2021-01-01T00:00:00+00:00, run_after=2021-01-01T00:00:00+00:00
[2024-02-27T13:32:16.372+0000] {processor.py:175} INFO - Processing /home/airflow/.local/lib/python3.7/site-packages/airflow/example_dags/example_xcom.py took 0.099 seconds
[2024-02-27T13:32:46.796+0000] {processor.py:153} INFO - Started process (PID=391) to work on /home/airflow/.local/lib/python3.7/site-packages/airflow/example_dags/example_xcom.py
[2024-02-27T13:32:46.798+0000] {processor.py:743} INFO - Processing file /home/airflow/.local/lib/python3.7/site-packages/airflow/example_dags/example_xcom.py for tasks to queue
[2024-02-27T13:32:46.798+0000] {logging_mixin.py:137} INFO - [2024-02-27T13:32:46.798+0000] {dagbag.py:538} INFO - Filling up the DagBag from /home/airflow/.local/lib/python3.7/site-packages/airflow/example_dags/example_xcom.py
[2024-02-27T13:32:46.814+0000] {processor.py:753} INFO - DAG(s) dict_keys(['example_xcom']) retrieved from /home/airflow/.local/lib/python3.7/site-packages/airflow/example_dags/example_xcom.py
[2024-02-27T13:32:46.833+0000] {logging_mixin.py:137} INFO - [2024-02-27T13:32:46.833+0000] {dag.py:2690} INFO - Sync 1 DAGs
[2024-02-27T13:32:46.850+0000] {logging_mixin.py:137} INFO - [2024-02-27T13:32:46.850+0000] {dag.py:3441} INFO - Setting next_dagrun for example_xcom to 2021-01-01T00:00:00+00:00, run_after=2021-01-01T00:00:00+00:00
[2024-02-27T13:32:46.864+0000] {processor.py:175} INFO - Processing /home/airflow/.local/lib/python3.7/site-packages/airflow/example_dags/example_xcom.py took 0.070 seconds
[2024-02-27T13:33:17.132+0000] {processor.py:153} INFO - Started process (PID=495) to work on /home/airflow/.local/lib/python3.7/site-packages/airflow/example_dags/example_xcom.py
[2024-02-27T13:33:17.133+0000] {processor.py:743} INFO - Processing file /home/airflow/.local/lib/python3.7/site-packages/airflow/example_dags/example_xcom.py for tasks to queue
[2024-02-27T13:33:17.136+0000] {logging_mixin.py:137} INFO - [2024-02-27T13:33:17.136+0000] {dagbag.py:538} INFO - Filling up the DagBag from /home/airflow/.local/lib/python3.7/site-packages/airflow/example_dags/example_xcom.py
[2024-02-27T13:33:17.153+0000] {processor.py:753} INFO - DAG(s) dict_keys(['example_xcom']) retrieved from /home/airflow/.local/lib/python3.7/site-packages/airflow/example_dags/example_xcom.py
[2024-02-27T13:33:17.177+0000] {logging_mixin.py:137} INFO - [2024-02-27T13:33:17.177+0000] {dag.py:2690} INFO - Sync 1 DAGs
[2024-02-27T13:33:17.202+0000] {logging_mixin.py:137} INFO - [2024-02-27T13:33:17.201+0000] {dag.py:3441} INFO - Setting next_dagrun for example_xcom to 2021-01-01T00:00:00+00:00, run_after=2021-01-01T00:00:00+00:00
[2024-02-27T13:33:17.220+0000] {processor.py:175} INFO - Processing /home/airflow/.local/lib/python3.7/site-packages/airflow/example_dags/example_xcom.py took 0.091 seconds
[2024-02-27T13:33:47.523+0000] {processor.py:153} INFO - Started process (PID=608) to work on /home/airflow/.local/lib/python3.7/site-packages/airflow/example_dags/example_xcom.py
[2024-02-27T13:33:47.524+0000] {processor.py:743} INFO - Processing file /home/airflow/.local/lib/python3.7/site-packages/airflow/example_dags/example_xcom.py for tasks to queue
[2024-02-27T13:33:47.526+0000] {logging_mixin.py:137} INFO - [2024-02-27T13:33:47.526+0000] {dagbag.py:538} INFO - Filling up the DagBag from /home/airflow/.local/lib/python3.7/site-packages/airflow/example_dags/example_xcom.py
[2024-02-27T13:33:47.541+0000] {processor.py:753} INFO - DAG(s) dict_keys(['example_xcom']) retrieved from /home/airflow/.local/lib/python3.7/site-packages/airflow/example_dags/example_xcom.py
[2024-02-27T13:33:47.560+0000] {logging_mixin.py:137} INFO - [2024-02-27T13:33:47.560+0000] {dag.py:2690} INFO - Sync 1 DAGs
[2024-02-27T13:33:47.578+0000] {logging_mixin.py:137} INFO - [2024-02-27T13:33:47.577+0000] {dag.py:3441} INFO - Setting next_dagrun for example_xcom to 2021-01-01T00:00:00+00:00, run_after=2021-01-01T00:00:00+00:00
[2024-02-27T13:33:47.594+0000] {processor.py:175} INFO - Processing /home/airflow/.local/lib/python3.7/site-packages/airflow/example_dags/example_xcom.py took 0.074 seconds
[2024-02-27T13:34:17.842+0000] {processor.py:153} INFO - Started process (PID=731) to work on /home/airflow/.local/lib/python3.7/site-packages/airflow/example_dags/example_xcom.py
[2024-02-27T13:34:17.843+0000] {processor.py:743} INFO - Processing file /home/airflow/.local/lib/python3.7/site-packages/airflow/example_dags/example_xcom.py for tasks to queue
[2024-02-27T13:34:17.844+0000] {logging_mixin.py:137} INFO - [2024-02-27T13:34:17.843+0000] {dagbag.py:538} INFO - Filling up the DagBag from /home/airflow/.local/lib/python3.7/site-packages/airflow/example_dags/example_xcom.py
[2024-02-27T13:34:17.860+0000] {processor.py:753} INFO - DAG(s) dict_keys(['example_xcom']) retrieved from /home/airflow/.local/lib/python3.7/site-packages/airflow/example_dags/example_xcom.py
[2024-02-27T13:34:17.881+0000] {logging_mixin.py:137} INFO - [2024-02-27T13:34:17.881+0000] {dag.py:2690} INFO - Sync 1 DAGs
[2024-02-27T13:34:17.905+0000] {logging_mixin.py:137} INFO - [2024-02-27T13:34:17.905+0000] {dag.py:3441} INFO - Setting next_dagrun for example_xcom to 2021-01-01T00:00:00+00:00, run_after=2021-01-01T00:00:00+00:00
[2024-02-27T13:34:17.932+0000] {processor.py:175} INFO - Processing /home/airflow/.local/lib/python3.7/site-packages/airflow/example_dags/example_xcom.py took 0.092 seconds
[2024-02-27T13:34:48.362+0000] {processor.py:153} INFO - Started process (PID=827) to work on /home/airflow/.local/lib/python3.7/site-packages/airflow/example_dags/example_xcom.py
[2024-02-27T13:34:48.364+0000] {processor.py:743} INFO - Processing file /home/airflow/.local/lib/python3.7/site-packages/airflow/example_dags/example_xcom.py for tasks to queue
[2024-02-27T13:34:48.365+0000] {logging_mixin.py:137} INFO - [2024-02-27T13:34:48.365+0000] {dagbag.py:538} INFO - Filling up the DagBag from /home/airflow/.local/lib/python3.7/site-packages/airflow/example_dags/example_xcom.py
[2024-02-27T13:34:48.381+0000] {processor.py:753} INFO - DAG(s) dict_keys(['example_xcom']) retrieved from /home/airflow/.local/lib/python3.7/site-packages/airflow/example_dags/example_xcom.py
[2024-02-27T13:34:48.401+0000] {logging_mixin.py:137} INFO - [2024-02-27T13:34:48.401+0000] {dag.py:2690} INFO - Sync 1 DAGs
[2024-02-27T13:34:48.418+0000] {logging_mixin.py:137} INFO - [2024-02-27T13:34:48.418+0000] {dag.py:3441} INFO - Setting next_dagrun for example_xcom to 2021-01-01T00:00:00+00:00, run_after=2021-01-01T00:00:00+00:00
[2024-02-27T13:34:48.435+0000] {processor.py:175} INFO - Processing /home/airflow/.local/lib/python3.7/site-packages/airflow/example_dags/example_xcom.py took 0.076 seconds
[2024-02-27T13:35:18.793+0000] {processor.py:153} INFO - Started process (PID=950) to work on /home/airflow/.local/lib/python3.7/site-packages/airflow/example_dags/example_xcom.py
[2024-02-27T13:35:18.794+0000] {processor.py:743} INFO - Processing file /home/airflow/.local/lib/python3.7/site-packages/airflow/example_dags/example_xcom.py for tasks to queue
[2024-02-27T13:35:18.796+0000] {logging_mixin.py:137} INFO - [2024-02-27T13:35:18.795+0000] {dagbag.py:538} INFO - Filling up the DagBag from /home/airflow/.local/lib/python3.7/site-packages/airflow/example_dags/example_xcom.py
[2024-02-27T13:35:18.816+0000] {processor.py:753} INFO - DAG(s) dict_keys(['example_xcom']) retrieved from /home/airflow/.local/lib/python3.7/site-packages/airflow/example_dags/example_xcom.py
[2024-02-27T13:35:18.837+0000] {logging_mixin.py:137} INFO - [2024-02-27T13:35:18.837+0000] {dag.py:2690} INFO - Sync 1 DAGs
[2024-02-27T13:35:18.855+0000] {logging_mixin.py:137} INFO - [2024-02-27T13:35:18.855+0000] {dag.py:3441} INFO - Setting next_dagrun for example_xcom to 2021-01-01T00:00:00+00:00, run_after=2021-01-01T00:00:00+00:00
[2024-02-27T13:35:18.871+0000] {processor.py:175} INFO - Processing /home/airflow/.local/lib/python3.7/site-packages/airflow/example_dags/example_xcom.py took 0.080 seconds
[2024-02-27T13:35:48.983+0000] {processor.py:153} INFO - Started process (PID=1045) to work on /home/airflow/.local/lib/python3.7/site-packages/airflow/example_dags/example_xcom.py
[2024-02-27T13:35:48.984+0000] {processor.py:743} INFO - Processing file /home/airflow/.local/lib/python3.7/site-packages/airflow/example_dags/example_xcom.py for tasks to queue
[2024-02-27T13:35:48.984+0000] {logging_mixin.py:137} INFO - [2024-02-27T13:35:48.984+0000] {dagbag.py:538} INFO - Filling up the DagBag from /home/airflow/.local/lib/python3.7/site-packages/airflow/example_dags/example_xcom.py
[2024-02-27T13:35:49.000+0000] {processor.py:753} INFO - DAG(s) dict_keys(['example_xcom']) retrieved from /home/airflow/.local/lib/python3.7/site-packages/airflow/example_dags/example_xcom.py
[2024-02-27T13:35:49.021+0000] {logging_mixin.py:137} INFO - [2024-02-27T13:35:49.021+0000] {dag.py:2690} INFO - Sync 1 DAGs
[2024-02-27T13:35:49.040+0000] {logging_mixin.py:137} INFO - [2024-02-27T13:35:49.040+0000] {dag.py:3441} INFO - Setting next_dagrun for example_xcom to 2021-01-01T00:00:00+00:00, run_after=2021-01-01T00:00:00+00:00
[2024-02-27T13:35:49.057+0000] {processor.py:175} INFO - Processing /home/airflow/.local/lib/python3.7/site-packages/airflow/example_dags/example_xcom.py took 0.077 seconds
[2024-02-27T13:36:19.237+0000] {processor.py:153} INFO - Started process (PID=1168) to work on /home/airflow/.local/lib/python3.7/site-packages/airflow/example_dags/example_xcom.py
[2024-02-27T13:36:19.238+0000] {processor.py:743} INFO - Processing file /home/airflow/.local/lib/python3.7/site-packages/airflow/example_dags/example_xcom.py for tasks to queue
[2024-02-27T13:36:19.239+0000] {logging_mixin.py:137} INFO - [2024-02-27T13:36:19.239+0000] {dagbag.py:538} INFO - Filling up the DagBag from /home/airflow/.local/lib/python3.7/site-packages/airflow/example_dags/example_xcom.py
[2024-02-27T13:36:19.255+0000] {processor.py:753} INFO - DAG(s) dict_keys(['example_xcom']) retrieved from /home/airflow/.local/lib/python3.7/site-packages/airflow/example_dags/example_xcom.py
[2024-02-27T13:36:19.275+0000] {logging_mixin.py:137} INFO - [2024-02-27T13:36:19.274+0000] {dag.py:2690} INFO - Sync 1 DAGs
[2024-02-27T13:36:19.292+0000] {logging_mixin.py:137} INFO - [2024-02-27T13:36:19.292+0000] {dag.py:3441} INFO - Setting next_dagrun for example_xcom to 2021-01-01T00:00:00+00:00, run_after=2021-01-01T00:00:00+00:00
[2024-02-27T13:36:19.308+0000] {processor.py:175} INFO - Processing /home/airflow/.local/lib/python3.7/site-packages/airflow/example_dags/example_xcom.py took 0.073 seconds
[2024-02-27T13:36:49.462+0000] {processor.py:153} INFO - Started process (PID=1291) to work on /home/airflow/.local/lib/python3.7/site-packages/airflow/example_dags/example_xcom.py
[2024-02-27T13:36:49.463+0000] {processor.py:743} INFO - Processing file /home/airflow/.local/lib/python3.7/site-packages/airflow/example_dags/example_xcom.py for tasks to queue
[2024-02-27T13:36:49.464+0000] {logging_mixin.py:137} INFO - [2024-02-27T13:36:49.464+0000] {dagbag.py:538} INFO - Filling up the DagBag from /home/airflow/.local/lib/python3.7/site-packages/airflow/example_dags/example_xcom.py
[2024-02-27T13:36:49.483+0000] {processor.py:753} INFO - DAG(s) dict_keys(['example_xcom']) retrieved from /home/airflow/.local/lib/python3.7/site-packages/airflow/example_dags/example_xcom.py
[2024-02-27T13:36:49.509+0000] {logging_mixin.py:137} INFO - [2024-02-27T13:36:49.509+0000] {dag.py:2690} INFO - Sync 1 DAGs
[2024-02-27T13:36:49.530+0000] {logging_mixin.py:137} INFO - [2024-02-27T13:36:49.530+0000] {dag.py:3441} INFO - Setting next_dagrun for example_xcom to 2021-01-01T00:00:00+00:00, run_after=2021-01-01T00:00:00+00:00
[2024-02-27T13:36:49.549+0000] {processor.py:175} INFO - Processing /home/airflow/.local/lib/python3.7/site-packages/airflow/example_dags/example_xcom.py took 0.089 seconds
[2024-02-27T13:37:19.711+0000] {processor.py:153} INFO - Started process (PID=1386) to work on /home/airflow/.local/lib/python3.7/site-packages/airflow/example_dags/example_xcom.py
[2024-02-27T13:37:19.712+0000] {processor.py:743} INFO - Processing file /home/airflow/.local/lib/python3.7/site-packages/airflow/example_dags/example_xcom.py for tasks to queue
[2024-02-27T13:37:19.713+0000] {logging_mixin.py:137} INFO - [2024-02-27T13:37:19.713+0000] {dagbag.py:538} INFO - Filling up the DagBag from /home/airflow/.local/lib/python3.7/site-packages/airflow/example_dags/example_xcom.py
[2024-02-27T13:37:19.728+0000] {processor.py:753} INFO - DAG(s) dict_keys(['example_xcom']) retrieved from /home/airflow/.local/lib/python3.7/site-packages/airflow/example_dags/example_xcom.py
[2024-02-27T13:37:19.747+0000] {logging_mixin.py:137} INFO - [2024-02-27T13:37:19.746+0000] {dag.py:2690} INFO - Sync 1 DAGs
[2024-02-27T13:37:19.763+0000] {logging_mixin.py:137} INFO - [2024-02-27T13:37:19.763+0000] {dag.py:3441} INFO - Setting next_dagrun for example_xcom to 2021-01-01T00:00:00+00:00, run_after=2021-01-01T00:00:00+00:00
[2024-02-27T13:37:19.779+0000] {processor.py:175} INFO - Processing /home/airflow/.local/lib/python3.7/site-packages/airflow/example_dags/example_xcom.py took 0.070 seconds
[2024-02-27T13:37:50.146+0000] {processor.py:153} INFO - Started process (PID=1511) to work on /home/airflow/.local/lib/python3.7/site-packages/airflow/example_dags/example_xcom.py
[2024-02-27T13:37:50.147+0000] {processor.py:743} INFO - Processing file /home/airflow/.local/lib/python3.7/site-packages/airflow/example_dags/example_xcom.py for tasks to queue
[2024-02-27T13:37:50.148+0000] {logging_mixin.py:137} INFO - [2024-02-27T13:37:50.148+0000] {dagbag.py:538} INFO - Filling up the DagBag from /home/airflow/.local/lib/python3.7/site-packages/airflow/example_dags/example_xcom.py
[2024-02-27T13:37:50.164+0000] {processor.py:753} INFO - DAG(s) dict_keys(['example_xcom']) retrieved from /home/airflow/.local/lib/python3.7/site-packages/airflow/example_dags/example_xcom.py
[2024-02-27T13:37:50.183+0000] {logging_mixin.py:137} INFO - [2024-02-27T13:37:50.183+0000] {dag.py:2690} INFO - Sync 1 DAGs
[2024-02-27T13:37:50.200+0000] {logging_mixin.py:137} INFO - [2024-02-27T13:37:50.200+0000] {dag.py:3441} INFO - Setting next_dagrun for example_xcom to 2021-01-01T00:00:00+00:00, run_after=2021-01-01T00:00:00+00:00
[2024-02-27T13:37:50.216+0000] {processor.py:175} INFO - Processing /home/airflow/.local/lib/python3.7/site-packages/airflow/example_dags/example_xcom.py took 0.072 seconds
[2024-02-27T13:38:20.371+0000] {processor.py:153} INFO - Started process (PID=1606) to work on /home/airflow/.local/lib/python3.7/site-packages/airflow/example_dags/example_xcom.py
[2024-02-27T13:38:20.372+0000] {processor.py:743} INFO - Processing file /home/airflow/.local/lib/python3.7/site-packages/airflow/example_dags/example_xcom.py for tasks to queue
[2024-02-27T13:38:20.373+0000] {logging_mixin.py:137} INFO - [2024-02-27T13:38:20.372+0000] {dagbag.py:538} INFO - Filling up the DagBag from /home/airflow/.local/lib/python3.7/site-packages/airflow/example_dags/example_xcom.py
[2024-02-27T13:38:20.389+0000] {processor.py:753} INFO - DAG(s) dict_keys(['example_xcom']) retrieved from /home/airflow/.local/lib/python3.7/site-packages/airflow/example_dags/example_xcom.py
[2024-02-27T13:38:20.408+0000] {logging_mixin.py:137} INFO - [2024-02-27T13:38:20.408+0000] {dag.py:2690} INFO - Sync 1 DAGs
[2024-02-27T13:38:20.425+0000] {logging_mixin.py:137} INFO - [2024-02-27T13:38:20.425+0000] {dag.py:3441} INFO - Setting next_dagrun for example_xcom to 2021-01-01T00:00:00+00:00, run_after=2021-01-01T00:00:00+00:00
[2024-02-27T13:38:20.440+0000] {processor.py:175} INFO - Processing /home/airflow/.local/lib/python3.7/site-packages/airflow/example_dags/example_xcom.py took 0.071 seconds
[2024-02-27T13:38:50.734+0000] {processor.py:153} INFO - Started process (PID=1729) to work on /home/airflow/.local/lib/python3.7/site-packages/airflow/example_dags/example_xcom.py
[2024-02-27T13:38:50.735+0000] {processor.py:743} INFO - Processing file /home/airflow/.local/lib/python3.7/site-packages/airflow/example_dags/example_xcom.py for tasks to queue
[2024-02-27T13:38:50.736+0000] {logging_mixin.py:137} INFO - [2024-02-27T13:38:50.736+0000] {dagbag.py:538} INFO - Filling up the DagBag from /home/airflow/.local/lib/python3.7/site-packages/airflow/example_dags/example_xcom.py
[2024-02-27T13:38:50.752+0000] {processor.py:753} INFO - DAG(s) dict_keys(['example_xcom']) retrieved from /home/airflow/.local/lib/python3.7/site-packages/airflow/example_dags/example_xcom.py
[2024-02-27T13:38:50.770+0000] {logging_mixin.py:137} INFO - [2024-02-27T13:38:50.770+0000] {dag.py:2690} INFO - Sync 1 DAGs
[2024-02-27T13:38:50.787+0000] {logging_mixin.py:137} INFO - [2024-02-27T13:38:50.787+0000] {dag.py:3441} INFO - Setting next_dagrun for example_xcom to 2021-01-01T00:00:00+00:00, run_after=2021-01-01T00:00:00+00:00
[2024-02-27T13:38:50.862+0000] {processor.py:175} INFO - Processing /home/airflow/.local/lib/python3.7/site-packages/airflow/example_dags/example_xcom.py took 0.130 seconds
[2024-02-27T13:39:21.231+0000] {processor.py:153} INFO - Started process (PID=1833) to work on /home/airflow/.local/lib/python3.7/site-packages/airflow/example_dags/example_xcom.py
[2024-02-27T13:39:21.232+0000] {processor.py:743} INFO - Processing file /home/airflow/.local/lib/python3.7/site-packages/airflow/example_dags/example_xcom.py for tasks to queue
[2024-02-27T13:39:21.233+0000] {logging_mixin.py:137} INFO - [2024-02-27T13:39:21.233+0000] {dagbag.py:538} INFO - Filling up the DagBag from /home/airflow/.local/lib/python3.7/site-packages/airflow/example_dags/example_xcom.py
[2024-02-27T13:39:21.252+0000] {processor.py:753} INFO - DAG(s) dict_keys(['example_xcom']) retrieved from /home/airflow/.local/lib/python3.7/site-packages/airflow/example_dags/example_xcom.py
[2024-02-27T13:39:21.273+0000] {logging_mixin.py:137} INFO - [2024-02-27T13:39:21.273+0000] {dag.py:2690} INFO - Sync 1 DAGs
[2024-02-27T13:39:21.294+0000] {logging_mixin.py:137} INFO - [2024-02-27T13:39:21.294+0000] {dag.py:3441} INFO - Setting next_dagrun for example_xcom to 2021-01-01T00:00:00+00:00, run_after=2021-01-01T00:00:00+00:00
[2024-02-27T13:39:21.311+0000] {processor.py:175} INFO - Processing /home/airflow/.local/lib/python3.7/site-packages/airflow/example_dags/example_xcom.py took 0.082 seconds
[2024-02-27T13:39:52.095+0000] {processor.py:153} INFO - Started process (PID=1947) to work on /home/airflow/.local/lib/python3.7/site-packages/airflow/example_dags/example_xcom.py
[2024-02-27T13:39:52.096+0000] {processor.py:743} INFO - Processing file /home/airflow/.local/lib/python3.7/site-packages/airflow/example_dags/example_xcom.py for tasks to queue
[2024-02-27T13:39:52.097+0000] {logging_mixin.py:137} INFO - [2024-02-27T13:39:52.097+0000] {dagbag.py:538} INFO - Filling up the DagBag from /home/airflow/.local/lib/python3.7/site-packages/airflow/example_dags/example_xcom.py
[2024-02-27T13:39:52.112+0000] {processor.py:753} INFO - DAG(s) dict_keys(['example_xcom']) retrieved from /home/airflow/.local/lib/python3.7/site-packages/airflow/example_dags/example_xcom.py
[2024-02-27T13:39:52.131+0000] {logging_mixin.py:137} INFO - [2024-02-27T13:39:52.131+0000] {dag.py:2690} INFO - Sync 1 DAGs
[2024-02-27T13:39:52.148+0000] {logging_mixin.py:137} INFO - [2024-02-27T13:39:52.148+0000] {dag.py:3441} INFO - Setting next_dagrun for example_xcom to 2021-01-01T00:00:00+00:00, run_after=2021-01-01T00:00:00+00:00
[2024-02-27T13:39:52.232+0000] {processor.py:175} INFO - Processing /home/airflow/.local/lib/python3.7/site-packages/airflow/example_dags/example_xcom.py took 0.139 seconds
[2024-02-27T13:40:22.742+0000] {processor.py:153} INFO - Started process (PID=2071) to work on /home/airflow/.local/lib/python3.7/site-packages/airflow/example_dags/example_xcom.py
[2024-02-27T13:40:22.743+0000] {processor.py:743} INFO - Processing file /home/airflow/.local/lib/python3.7/site-packages/airflow/example_dags/example_xcom.py for tasks to queue
[2024-02-27T13:40:22.744+0000] {logging_mixin.py:137} INFO - [2024-02-27T13:40:22.743+0000] {dagbag.py:538} INFO - Filling up the DagBag from /home/airflow/.local/lib/python3.7/site-packages/airflow/example_dags/example_xcom.py
[2024-02-27T13:40:22.759+0000] {processor.py:753} INFO - DAG(s) dict_keys(['example_xcom']) retrieved from /home/airflow/.local/lib/python3.7/site-packages/airflow/example_dags/example_xcom.py
[2024-02-27T13:40:22.780+0000] {logging_mixin.py:137} INFO - [2024-02-27T13:40:22.780+0000] {dag.py:2690} INFO - Sync 1 DAGs
[2024-02-27T13:40:22.797+0000] {logging_mixin.py:137} INFO - [2024-02-27T13:40:22.797+0000] {dag.py:3441} INFO - Setting next_dagrun for example_xcom to 2021-01-01T00:00:00+00:00, run_after=2021-01-01T00:00:00+00:00
[2024-02-27T13:40:22.813+0000] {processor.py:175} INFO - Processing /home/airflow/.local/lib/python3.7/site-packages/airflow/example_dags/example_xcom.py took 0.074 seconds
[2024-02-27T13:40:53.046+0000] {processor.py:153} INFO - Started process (PID=2166) to work on /home/airflow/.local/lib/python3.7/site-packages/airflow/example_dags/example_xcom.py
[2024-02-27T13:40:53.047+0000] {processor.py:743} INFO - Processing file /home/airflow/.local/lib/python3.7/site-packages/airflow/example_dags/example_xcom.py for tasks to queue
[2024-02-27T13:40:53.048+0000] {logging_mixin.py:137} INFO - [2024-02-27T13:40:53.048+0000] {dagbag.py:538} INFO - Filling up the DagBag from /home/airflow/.local/lib/python3.7/site-packages/airflow/example_dags/example_xcom.py
[2024-02-27T13:40:53.065+0000] {processor.py:753} INFO - DAG(s) dict_keys(['example_xcom']) retrieved from /home/airflow/.local/lib/python3.7/site-packages/airflow/example_dags/example_xcom.py
[2024-02-27T13:40:53.085+0000] {logging_mixin.py:137} INFO - [2024-02-27T13:40:53.085+0000] {dag.py:2690} INFO - Sync 1 DAGs
[2024-02-27T13:40:53.103+0000] {logging_mixin.py:137} INFO - [2024-02-27T13:40:53.102+0000] {dag.py:3441} INFO - Setting next_dagrun for example_xcom to 2021-01-01T00:00:00+00:00, run_after=2021-01-01T00:00:00+00:00
[2024-02-27T13:40:53.119+0000] {processor.py:175} INFO - Processing /home/airflow/.local/lib/python3.7/site-packages/airflow/example_dags/example_xcom.py took 0.075 seconds
[2024-02-27T13:41:24.114+0000] {processor.py:153} INFO - Started process (PID=2289) to work on /home/airflow/.local/lib/python3.7/site-packages/airflow/example_dags/example_xcom.py
[2024-02-27T13:41:24.115+0000] {processor.py:743} INFO - Processing file /home/airflow/.local/lib/python3.7/site-packages/airflow/example_dags/example_xcom.py for tasks to queue
[2024-02-27T13:41:24.116+0000] {logging_mixin.py:137} INFO - [2024-02-27T13:41:24.116+0000] {dagbag.py:538} INFO - Filling up the DagBag from /home/airflow/.local/lib/python3.7/site-packages/airflow/example_dags/example_xcom.py
[2024-02-27T13:41:24.131+0000] {processor.py:753} INFO - DAG(s) dict_keys(['example_xcom']) retrieved from /home/airflow/.local/lib/python3.7/site-packages/airflow/example_dags/example_xcom.py
[2024-02-27T13:41:24.148+0000] {logging_mixin.py:137} INFO - [2024-02-27T13:41:24.148+0000] {dag.py:2690} INFO - Sync 1 DAGs
[2024-02-27T13:41:24.164+0000] {logging_mixin.py:137} INFO - [2024-02-27T13:41:24.164+0000] {dag.py:3441} INFO - Setting next_dagrun for example_xcom to 2021-01-01T00:00:00+00:00, run_after=2021-01-01T00:00:00+00:00
[2024-02-27T13:41:24.179+0000] {processor.py:175} INFO - Processing /home/airflow/.local/lib/python3.7/site-packages/airflow/example_dags/example_xcom.py took 0.067 seconds
