[2024-02-27T13:31:19.326+0000] {processor.py:153} INFO - Started process (PID=113) to work on /home/airflow/.local/lib/python3.7/site-packages/airflow/example_dags/example_task_group.py
[2024-02-27T13:31:19.327+0000] {processor.py:743} INFO - Processing file /home/airflow/.local/lib/python3.7/site-packages/airflow/example_dags/example_task_group.py for tasks to queue
[2024-02-27T13:31:19.327+0000] {logging_mixin.py:137} INFO - [2024-02-27T13:31:19.327+0000] {dagbag.py:538} INFO - Filling up the DagBag from /home/airflow/.local/lib/python3.7/site-packages/airflow/example_dags/example_task_group.py
[2024-02-27T13:31:19.344+0000] {processor.py:753} INFO - DAG(s) dict_keys(['example_task_group']) retrieved from /home/airflow/.local/lib/python3.7/site-packages/airflow/example_dags/example_task_group.py
[2024-02-27T13:31:19.459+0000] {logging_mixin.py:137} INFO - [2024-02-27T13:31:19.459+0000] {manager.py:504} INFO - Created Permission View: can edit on DAG:example_task_group
[2024-02-27T13:31:19.470+0000] {logging_mixin.py:137} INFO - [2024-02-27T13:31:19.470+0000] {manager.py:504} INFO - Created Permission View: can delete on DAG:example_task_group
[2024-02-27T13:31:19.478+0000] {logging_mixin.py:137} INFO - [2024-02-27T13:31:19.478+0000] {manager.py:504} INFO - Created Permission View: can read on DAG:example_task_group
[2024-02-27T13:31:19.479+0000] {logging_mixin.py:137} INFO - [2024-02-27T13:31:19.479+0000] {dag.py:2690} INFO - Sync 1 DAGs
[2024-02-27T13:31:19.491+0000] {logging_mixin.py:137} INFO - [2024-02-27T13:31:19.491+0000] {dag.py:2711} INFO - Creating ORM DAG for example_task_group
[2024-02-27T13:31:19.501+0000] {logging_mixin.py:137} INFO - [2024-02-27T13:31:19.501+0000] {dag.py:3441} INFO - Setting next_dagrun for example_task_group to 2024-02-26T13:31:19.501372+00:00, run_after=2024-02-27T13:31:19.501372+00:00
[2024-02-27T13:31:19.521+0000] {processor.py:175} INFO - Processing /home/airflow/.local/lib/python3.7/site-packages/airflow/example_dags/example_task_group.py took 0.199 seconds
[2024-02-27T13:31:49.941+0000] {processor.py:153} INFO - Started process (PID=208) to work on /home/airflow/.local/lib/python3.7/site-packages/airflow/example_dags/example_task_group.py
[2024-02-27T13:31:49.942+0000] {processor.py:743} INFO - Processing file /home/airflow/.local/lib/python3.7/site-packages/airflow/example_dags/example_task_group.py for tasks to queue
[2024-02-27T13:31:49.950+0000] {logging_mixin.py:137} INFO - [2024-02-27T13:31:49.949+0000] {dagbag.py:538} INFO - Filling up the DagBag from /home/airflow/.local/lib/python3.7/site-packages/airflow/example_dags/example_task_group.py
[2024-02-27T13:31:49.965+0000] {processor.py:753} INFO - DAG(s) dict_keys(['example_task_group']) retrieved from /home/airflow/.local/lib/python3.7/site-packages/airflow/example_dags/example_task_group.py
[2024-02-27T13:31:49.985+0000] {logging_mixin.py:137} INFO - [2024-02-27T13:31:49.985+0000] {dag.py:2690} INFO - Sync 1 DAGs
[2024-02-27T13:31:50.006+0000] {logging_mixin.py:137} INFO - [2024-02-27T13:31:50.006+0000] {dag.py:3441} INFO - Setting next_dagrun for example_task_group to 2024-02-26T13:31:50.006358+00:00, run_after=2024-02-27T13:31:50.006358+00:00
[2024-02-27T13:31:50.026+0000] {processor.py:175} INFO - Processing /home/airflow/.local/lib/python3.7/site-packages/airflow/example_dags/example_task_group.py took 0.088 seconds
[2024-02-27T13:32:20.389+0000] {processor.py:153} INFO - Started process (PID=331) to work on /home/airflow/.local/lib/python3.7/site-packages/airflow/example_dags/example_task_group.py
[2024-02-27T13:32:20.391+0000] {processor.py:743} INFO - Processing file /home/airflow/.local/lib/python3.7/site-packages/airflow/example_dags/example_task_group.py for tasks to queue
[2024-02-27T13:32:20.392+0000] {logging_mixin.py:137} INFO - [2024-02-27T13:32:20.391+0000] {dagbag.py:538} INFO - Filling up the DagBag from /home/airflow/.local/lib/python3.7/site-packages/airflow/example_dags/example_task_group.py
[2024-02-27T13:32:20.403+0000] {processor.py:753} INFO - DAG(s) dict_keys(['example_task_group']) retrieved from /home/airflow/.local/lib/python3.7/site-packages/airflow/example_dags/example_task_group.py
[2024-02-27T13:32:20.423+0000] {logging_mixin.py:137} INFO - [2024-02-27T13:32:20.423+0000] {dag.py:2690} INFO - Sync 1 DAGs
[2024-02-27T13:32:20.442+0000] {logging_mixin.py:137} INFO - [2024-02-27T13:32:20.442+0000] {dag.py:3441} INFO - Setting next_dagrun for example_task_group to 2024-02-26T13:32:20.442205+00:00, run_after=2024-02-27T13:32:20.442205+00:00
[2024-02-27T13:32:20.464+0000] {processor.py:175} INFO - Processing /home/airflow/.local/lib/python3.7/site-packages/airflow/example_dags/example_task_group.py took 0.076 seconds
[2024-02-27T13:32:50.760+0000] {processor.py:153} INFO - Started process (PID=425) to work on /home/airflow/.local/lib/python3.7/site-packages/airflow/example_dags/example_task_group.py
[2024-02-27T13:32:50.761+0000] {processor.py:743} INFO - Processing file /home/airflow/.local/lib/python3.7/site-packages/airflow/example_dags/example_task_group.py for tasks to queue
[2024-02-27T13:32:50.762+0000] {logging_mixin.py:137} INFO - [2024-02-27T13:32:50.762+0000] {dagbag.py:538} INFO - Filling up the DagBag from /home/airflow/.local/lib/python3.7/site-packages/airflow/example_dags/example_task_group.py
[2024-02-27T13:32:50.773+0000] {processor.py:753} INFO - DAG(s) dict_keys(['example_task_group']) retrieved from /home/airflow/.local/lib/python3.7/site-packages/airflow/example_dags/example_task_group.py
[2024-02-27T13:32:50.791+0000] {logging_mixin.py:137} INFO - [2024-02-27T13:32:50.791+0000] {dag.py:2690} INFO - Sync 1 DAGs
[2024-02-27T13:32:50.810+0000] {logging_mixin.py:137} INFO - [2024-02-27T13:32:50.810+0000] {dag.py:3441} INFO - Setting next_dagrun for example_task_group to 2024-02-26T13:32:50.810204+00:00, run_after=2024-02-27T13:32:50.810204+00:00
[2024-02-27T13:32:50.826+0000] {processor.py:175} INFO - Processing /home/airflow/.local/lib/python3.7/site-packages/airflow/example_dags/example_task_group.py took 0.067 seconds
[2024-02-27T13:33:21.135+0000] {processor.py:153} INFO - Started process (PID=548) to work on /home/airflow/.local/lib/python3.7/site-packages/airflow/example_dags/example_task_group.py
[2024-02-27T13:33:21.135+0000] {processor.py:743} INFO - Processing file /home/airflow/.local/lib/python3.7/site-packages/airflow/example_dags/example_task_group.py for tasks to queue
[2024-02-27T13:33:21.136+0000] {logging_mixin.py:137} INFO - [2024-02-27T13:33:21.136+0000] {dagbag.py:538} INFO - Filling up the DagBag from /home/airflow/.local/lib/python3.7/site-packages/airflow/example_dags/example_task_group.py
[2024-02-27T13:33:21.147+0000] {processor.py:753} INFO - DAG(s) dict_keys(['example_task_group']) retrieved from /home/airflow/.local/lib/python3.7/site-packages/airflow/example_dags/example_task_group.py
[2024-02-27T13:33:21.163+0000] {logging_mixin.py:137} INFO - [2024-02-27T13:33:21.163+0000] {dag.py:2690} INFO - Sync 1 DAGs
[2024-02-27T13:33:21.179+0000] {logging_mixin.py:137} INFO - [2024-02-27T13:33:21.178+0000] {dag.py:3441} INFO - Setting next_dagrun for example_task_group to 2024-02-26T13:33:21.178764+00:00, run_after=2024-02-27T13:33:21.178764+00:00
[2024-02-27T13:33:21.192+0000] {processor.py:175} INFO - Processing /home/airflow/.local/lib/python3.7/site-packages/airflow/example_dags/example_task_group.py took 0.060 seconds
[2024-02-27T13:33:51.468+0000] {processor.py:153} INFO - Started process (PID=642) to work on /home/airflow/.local/lib/python3.7/site-packages/airflow/example_dags/example_task_group.py
[2024-02-27T13:33:51.470+0000] {processor.py:743} INFO - Processing file /home/airflow/.local/lib/python3.7/site-packages/airflow/example_dags/example_task_group.py for tasks to queue
[2024-02-27T13:33:51.470+0000] {logging_mixin.py:137} INFO - [2024-02-27T13:33:51.470+0000] {dagbag.py:538} INFO - Filling up the DagBag from /home/airflow/.local/lib/python3.7/site-packages/airflow/example_dags/example_task_group.py
[2024-02-27T13:33:51.482+0000] {processor.py:753} INFO - DAG(s) dict_keys(['example_task_group']) retrieved from /home/airflow/.local/lib/python3.7/site-packages/airflow/example_dags/example_task_group.py
[2024-02-27T13:33:51.502+0000] {logging_mixin.py:137} INFO - [2024-02-27T13:33:51.502+0000] {dag.py:2690} INFO - Sync 1 DAGs
[2024-02-27T13:33:51.522+0000] {logging_mixin.py:137} INFO - [2024-02-27T13:33:51.522+0000] {dag.py:3441} INFO - Setting next_dagrun for example_task_group to 2024-02-26T13:33:51.522374+00:00, run_after=2024-02-27T13:33:51.522374+00:00
[2024-02-27T13:33:51.540+0000] {processor.py:175} INFO - Processing /home/airflow/.local/lib/python3.7/site-packages/airflow/example_dags/example_task_group.py took 0.074 seconds
[2024-02-27T13:34:21.884+0000] {processor.py:153} INFO - Started process (PID=765) to work on /home/airflow/.local/lib/python3.7/site-packages/airflow/example_dags/example_task_group.py
[2024-02-27T13:34:21.885+0000] {processor.py:743} INFO - Processing file /home/airflow/.local/lib/python3.7/site-packages/airflow/example_dags/example_task_group.py for tasks to queue
[2024-02-27T13:34:21.887+0000] {logging_mixin.py:137} INFO - [2024-02-27T13:34:21.886+0000] {dagbag.py:538} INFO - Filling up the DagBag from /home/airflow/.local/lib/python3.7/site-packages/airflow/example_dags/example_task_group.py
[2024-02-27T13:34:21.898+0000] {processor.py:753} INFO - DAG(s) dict_keys(['example_task_group']) retrieved from /home/airflow/.local/lib/python3.7/site-packages/airflow/example_dags/example_task_group.py
[2024-02-27T13:34:21.917+0000] {logging_mixin.py:137} INFO - [2024-02-27T13:34:21.917+0000] {dag.py:2690} INFO - Sync 1 DAGs
[2024-02-27T13:34:21.935+0000] {logging_mixin.py:137} INFO - [2024-02-27T13:34:21.934+0000] {dag.py:3441} INFO - Setting next_dagrun for example_task_group to 2024-02-26T13:34:21.934634+00:00, run_after=2024-02-27T13:34:21.934634+00:00
[2024-02-27T13:34:21.949+0000] {processor.py:175} INFO - Processing /home/airflow/.local/lib/python3.7/site-packages/airflow/example_dags/example_task_group.py took 0.067 seconds
[2024-02-27T13:34:52.447+0000] {processor.py:153} INFO - Started process (PID=889) to work on /home/airflow/.local/lib/python3.7/site-packages/airflow/example_dags/example_task_group.py
[2024-02-27T13:34:52.449+0000] {processor.py:743} INFO - Processing file /home/airflow/.local/lib/python3.7/site-packages/airflow/example_dags/example_task_group.py for tasks to queue
[2024-02-27T13:34:52.450+0000] {logging_mixin.py:137} INFO - [2024-02-27T13:34:52.450+0000] {dagbag.py:538} INFO - Filling up the DagBag from /home/airflow/.local/lib/python3.7/site-packages/airflow/example_dags/example_task_group.py
[2024-02-27T13:34:52.461+0000] {processor.py:753} INFO - DAG(s) dict_keys(['example_task_group']) retrieved from /home/airflow/.local/lib/python3.7/site-packages/airflow/example_dags/example_task_group.py
[2024-02-27T13:34:52.479+0000] {logging_mixin.py:137} INFO - [2024-02-27T13:34:52.479+0000] {dag.py:2690} INFO - Sync 1 DAGs
[2024-02-27T13:34:52.497+0000] {logging_mixin.py:137} INFO - [2024-02-27T13:34:52.497+0000] {dag.py:3441} INFO - Setting next_dagrun for example_task_group to 2024-02-26T13:34:52.497033+00:00, run_after=2024-02-27T13:34:52.497033+00:00
[2024-02-27T13:34:52.512+0000] {processor.py:175} INFO - Processing /home/airflow/.local/lib/python3.7/site-packages/airflow/example_dags/example_task_group.py took 0.067 seconds
[2024-02-27T13:35:22.607+0000] {processor.py:153} INFO - Started process (PID=984) to work on /home/airflow/.local/lib/python3.7/site-packages/airflow/example_dags/example_task_group.py
[2024-02-27T13:35:22.608+0000] {processor.py:743} INFO - Processing file /home/airflow/.local/lib/python3.7/site-packages/airflow/example_dags/example_task_group.py for tasks to queue
[2024-02-27T13:35:22.609+0000] {logging_mixin.py:137} INFO - [2024-02-27T13:35:22.609+0000] {dagbag.py:538} INFO - Filling up the DagBag from /home/airflow/.local/lib/python3.7/site-packages/airflow/example_dags/example_task_group.py
[2024-02-27T13:35:22.627+0000] {processor.py:753} INFO - DAG(s) dict_keys(['example_task_group']) retrieved from /home/airflow/.local/lib/python3.7/site-packages/airflow/example_dags/example_task_group.py
[2024-02-27T13:35:22.648+0000] {logging_mixin.py:137} INFO - [2024-02-27T13:35:22.648+0000] {dag.py:2690} INFO - Sync 1 DAGs
[2024-02-27T13:35:22.668+0000] {logging_mixin.py:137} INFO - [2024-02-27T13:35:22.668+0000] {dag.py:3441} INFO - Setting next_dagrun for example_task_group to 2024-02-26T13:35:22.668020+00:00, run_after=2024-02-27T13:35:22.668020+00:00
[2024-02-27T13:35:22.684+0000] {processor.py:175} INFO - Processing /home/airflow/.local/lib/python3.7/site-packages/airflow/example_dags/example_task_group.py took 0.080 seconds
[2024-02-27T13:35:52.870+0000] {processor.py:153} INFO - Started process (PID=1107) to work on /home/airflow/.local/lib/python3.7/site-packages/airflow/example_dags/example_task_group.py
[2024-02-27T13:35:52.871+0000] {processor.py:743} INFO - Processing file /home/airflow/.local/lib/python3.7/site-packages/airflow/example_dags/example_task_group.py for tasks to queue
[2024-02-27T13:35:52.872+0000] {logging_mixin.py:137} INFO - [2024-02-27T13:35:52.871+0000] {dagbag.py:538} INFO - Filling up the DagBag from /home/airflow/.local/lib/python3.7/site-packages/airflow/example_dags/example_task_group.py
[2024-02-27T13:35:52.883+0000] {processor.py:753} INFO - DAG(s) dict_keys(['example_task_group']) retrieved from /home/airflow/.local/lib/python3.7/site-packages/airflow/example_dags/example_task_group.py
[2024-02-27T13:35:52.902+0000] {logging_mixin.py:137} INFO - [2024-02-27T13:35:52.901+0000] {dag.py:2690} INFO - Sync 1 DAGs
[2024-02-27T13:35:52.919+0000] {logging_mixin.py:137} INFO - [2024-02-27T13:35:52.919+0000] {dag.py:3441} INFO - Setting next_dagrun for example_task_group to 2024-02-26T13:35:52.919255+00:00, run_after=2024-02-27T13:35:52.919255+00:00
[2024-02-27T13:35:52.932+0000] {processor.py:175} INFO - Processing /home/airflow/.local/lib/python3.7/site-packages/airflow/example_dags/example_task_group.py took 0.066 seconds
[2024-02-27T13:36:23.098+0000] {processor.py:153} INFO - Started process (PID=1202) to work on /home/airflow/.local/lib/python3.7/site-packages/airflow/example_dags/example_task_group.py
[2024-02-27T13:36:23.100+0000] {processor.py:743} INFO - Processing file /home/airflow/.local/lib/python3.7/site-packages/airflow/example_dags/example_task_group.py for tasks to queue
[2024-02-27T13:36:23.102+0000] {logging_mixin.py:137} INFO - [2024-02-27T13:36:23.101+0000] {dagbag.py:538} INFO - Filling up the DagBag from /home/airflow/.local/lib/python3.7/site-packages/airflow/example_dags/example_task_group.py
[2024-02-27T13:36:23.119+0000] {processor.py:753} INFO - DAG(s) dict_keys(['example_task_group']) retrieved from /home/airflow/.local/lib/python3.7/site-packages/airflow/example_dags/example_task_group.py
[2024-02-27T13:36:23.146+0000] {logging_mixin.py:137} INFO - [2024-02-27T13:36:23.146+0000] {dag.py:2690} INFO - Sync 1 DAGs
[2024-02-27T13:36:23.173+0000] {logging_mixin.py:137} INFO - [2024-02-27T13:36:23.173+0000] {dag.py:3441} INFO - Setting next_dagrun for example_task_group to 2024-02-26T13:36:23.173345+00:00, run_after=2024-02-27T13:36:23.173345+00:00
[2024-02-27T13:36:23.196+0000] {processor.py:175} INFO - Processing /home/airflow/.local/lib/python3.7/site-packages/airflow/example_dags/example_task_group.py took 0.101 seconds
[2024-02-27T13:36:53.370+0000] {processor.py:153} INFO - Started process (PID=1325) to work on /home/airflow/.local/lib/python3.7/site-packages/airflow/example_dags/example_task_group.py
[2024-02-27T13:36:53.371+0000] {processor.py:743} INFO - Processing file /home/airflow/.local/lib/python3.7/site-packages/airflow/example_dags/example_task_group.py for tasks to queue
[2024-02-27T13:36:53.373+0000] {logging_mixin.py:137} INFO - [2024-02-27T13:36:53.372+0000] {dagbag.py:538} INFO - Filling up the DagBag from /home/airflow/.local/lib/python3.7/site-packages/airflow/example_dags/example_task_group.py
[2024-02-27T13:36:53.384+0000] {processor.py:753} INFO - DAG(s) dict_keys(['example_task_group']) retrieved from /home/airflow/.local/lib/python3.7/site-packages/airflow/example_dags/example_task_group.py
[2024-02-27T13:36:53.403+0000] {logging_mixin.py:137} INFO - [2024-02-27T13:36:53.402+0000] {dag.py:2690} INFO - Sync 1 DAGs
[2024-02-27T13:36:53.420+0000] {logging_mixin.py:137} INFO - [2024-02-27T13:36:53.420+0000] {dag.py:3441} INFO - Setting next_dagrun for example_task_group to 2024-02-26T13:36:53.420638+00:00, run_after=2024-02-27T13:36:53.420638+00:00
[2024-02-27T13:36:53.435+0000] {processor.py:175} INFO - Processing /home/airflow/.local/lib/python3.7/site-packages/airflow/example_dags/example_task_group.py took 0.067 seconds
[2024-02-27T13:37:23.735+0000] {processor.py:153} INFO - Started process (PID=1427) to work on /home/airflow/.local/lib/python3.7/site-packages/airflow/example_dags/example_task_group.py
[2024-02-27T13:37:23.736+0000] {processor.py:743} INFO - Processing file /home/airflow/.local/lib/python3.7/site-packages/airflow/example_dags/example_task_group.py for tasks to queue
[2024-02-27T13:37:23.737+0000] {logging_mixin.py:137} INFO - [2024-02-27T13:37:23.737+0000] {dagbag.py:538} INFO - Filling up the DagBag from /home/airflow/.local/lib/python3.7/site-packages/airflow/example_dags/example_task_group.py
[2024-02-27T13:37:23.748+0000] {processor.py:753} INFO - DAG(s) dict_keys(['example_task_group']) retrieved from /home/airflow/.local/lib/python3.7/site-packages/airflow/example_dags/example_task_group.py
[2024-02-27T13:37:23.769+0000] {logging_mixin.py:137} INFO - [2024-02-27T13:37:23.769+0000] {dag.py:2690} INFO - Sync 1 DAGs
[2024-02-27T13:37:23.788+0000] {logging_mixin.py:137} INFO - [2024-02-27T13:37:23.788+0000] {dag.py:3441} INFO - Setting next_dagrun for example_task_group to 2024-02-26T13:37:23.788126+00:00, run_after=2024-02-27T13:37:23.788126+00:00
[2024-02-27T13:37:23.808+0000] {processor.py:175} INFO - Processing /home/airflow/.local/lib/python3.7/site-packages/airflow/example_dags/example_task_group.py took 0.076 seconds
[2024-02-27T13:37:53.998+0000] {processor.py:153} INFO - Started process (PID=1545) to work on /home/airflow/.local/lib/python3.7/site-packages/airflow/example_dags/example_task_group.py
[2024-02-27T13:37:53.999+0000] {processor.py:743} INFO - Processing file /home/airflow/.local/lib/python3.7/site-packages/airflow/example_dags/example_task_group.py for tasks to queue
[2024-02-27T13:37:54.000+0000] {logging_mixin.py:137} INFO - [2024-02-27T13:37:54.000+0000] {dagbag.py:538} INFO - Filling up the DagBag from /home/airflow/.local/lib/python3.7/site-packages/airflow/example_dags/example_task_group.py
[2024-02-27T13:37:54.010+0000] {processor.py:753} INFO - DAG(s) dict_keys(['example_task_group']) retrieved from /home/airflow/.local/lib/python3.7/site-packages/airflow/example_dags/example_task_group.py
[2024-02-27T13:37:54.030+0000] {logging_mixin.py:137} INFO - [2024-02-27T13:37:54.030+0000] {dag.py:2690} INFO - Sync 1 DAGs
[2024-02-27T13:37:54.048+0000] {logging_mixin.py:137} INFO - [2024-02-27T13:37:54.048+0000] {dag.py:3441} INFO - Setting next_dagrun for example_task_group to 2024-02-26T13:37:54.048554+00:00, run_after=2024-02-27T13:37:54.048554+00:00
[2024-02-27T13:37:54.063+0000] {processor.py:175} INFO - Processing /home/airflow/.local/lib/python3.7/site-packages/airflow/example_dags/example_task_group.py took 0.067 seconds
[2024-02-27T13:38:24.422+0000] {processor.py:153} INFO - Started process (PID=1668) to work on /home/airflow/.local/lib/python3.7/site-packages/airflow/example_dags/example_task_group.py
[2024-02-27T13:38:24.424+0000] {processor.py:743} INFO - Processing file /home/airflow/.local/lib/python3.7/site-packages/airflow/example_dags/example_task_group.py for tasks to queue
[2024-02-27T13:38:24.425+0000] {logging_mixin.py:137} INFO - [2024-02-27T13:38:24.425+0000] {dagbag.py:538} INFO - Filling up the DagBag from /home/airflow/.local/lib/python3.7/site-packages/airflow/example_dags/example_task_group.py
[2024-02-27T13:38:24.436+0000] {processor.py:753} INFO - DAG(s) dict_keys(['example_task_group']) retrieved from /home/airflow/.local/lib/python3.7/site-packages/airflow/example_dags/example_task_group.py
[2024-02-27T13:38:24.455+0000] {logging_mixin.py:137} INFO - [2024-02-27T13:38:24.455+0000] {dag.py:2690} INFO - Sync 1 DAGs
[2024-02-27T13:38:24.473+0000] {logging_mixin.py:137} INFO - [2024-02-27T13:38:24.473+0000] {dag.py:3441} INFO - Setting next_dagrun for example_task_group to 2024-02-26T13:38:24.473387+00:00, run_after=2024-02-27T13:38:24.473387+00:00
[2024-02-27T13:38:24.493+0000] {processor.py:175} INFO - Processing /home/airflow/.local/lib/python3.7/site-packages/airflow/example_dags/example_task_group.py took 0.073 seconds
[2024-02-27T13:38:54.779+0000] {processor.py:153} INFO - Started process (PID=1763) to work on /home/airflow/.local/lib/python3.7/site-packages/airflow/example_dags/example_task_group.py
[2024-02-27T13:38:54.780+0000] {processor.py:743} INFO - Processing file /home/airflow/.local/lib/python3.7/site-packages/airflow/example_dags/example_task_group.py for tasks to queue
[2024-02-27T13:38:54.781+0000] {logging_mixin.py:137} INFO - [2024-02-27T13:38:54.781+0000] {dagbag.py:538} INFO - Filling up the DagBag from /home/airflow/.local/lib/python3.7/site-packages/airflow/example_dags/example_task_group.py
[2024-02-27T13:38:54.792+0000] {processor.py:753} INFO - DAG(s) dict_keys(['example_task_group']) retrieved from /home/airflow/.local/lib/python3.7/site-packages/airflow/example_dags/example_task_group.py
[2024-02-27T13:38:54.812+0000] {logging_mixin.py:137} INFO - [2024-02-27T13:38:54.812+0000] {dag.py:2690} INFO - Sync 1 DAGs
[2024-02-27T13:38:54.831+0000] {logging_mixin.py:137} INFO - [2024-02-27T13:38:54.831+0000] {dag.py:3441} INFO - Setting next_dagrun for example_task_group to 2024-02-26T13:38:54.831319+00:00, run_after=2024-02-27T13:38:54.831319+00:00
[2024-02-27T13:38:54.848+0000] {processor.py:175} INFO - Processing /home/airflow/.local/lib/python3.7/site-packages/airflow/example_dags/example_task_group.py took 0.071 seconds
[2024-02-27T13:39:25.741+0000] {processor.py:153} INFO - Started process (PID=1886) to work on /home/airflow/.local/lib/python3.7/site-packages/airflow/example_dags/example_task_group.py
[2024-02-27T13:39:25.742+0000] {processor.py:743} INFO - Processing file /home/airflow/.local/lib/python3.7/site-packages/airflow/example_dags/example_task_group.py for tasks to queue
[2024-02-27T13:39:25.742+0000] {logging_mixin.py:137} INFO - [2024-02-27T13:39:25.742+0000] {dagbag.py:538} INFO - Filling up the DagBag from /home/airflow/.local/lib/python3.7/site-packages/airflow/example_dags/example_task_group.py
[2024-02-27T13:39:25.752+0000] {processor.py:753} INFO - DAG(s) dict_keys(['example_task_group']) retrieved from /home/airflow/.local/lib/python3.7/site-packages/airflow/example_dags/example_task_group.py
[2024-02-27T13:39:25.772+0000] {logging_mixin.py:137} INFO - [2024-02-27T13:39:25.772+0000] {dag.py:2690} INFO - Sync 1 DAGs
[2024-02-27T13:39:25.788+0000] {logging_mixin.py:137} INFO - [2024-02-27T13:39:25.788+0000] {dag.py:3441} INFO - Setting next_dagrun for example_task_group to 2024-02-26T13:39:25.788551+00:00, run_after=2024-02-27T13:39:25.788551+00:00
[2024-02-27T13:39:25.804+0000] {processor.py:175} INFO - Processing /home/airflow/.local/lib/python3.7/site-packages/airflow/example_dags/example_task_group.py took 0.065 seconds
[2024-02-27T13:39:56.201+0000] {processor.py:153} INFO - Started process (PID=1981) to work on /home/airflow/.local/lib/python3.7/site-packages/airflow/example_dags/example_task_group.py
[2024-02-27T13:39:56.202+0000] {processor.py:743} INFO - Processing file /home/airflow/.local/lib/python3.7/site-packages/airflow/example_dags/example_task_group.py for tasks to queue
[2024-02-27T13:39:56.203+0000] {logging_mixin.py:137} INFO - [2024-02-27T13:39:56.203+0000] {dagbag.py:538} INFO - Filling up the DagBag from /home/airflow/.local/lib/python3.7/site-packages/airflow/example_dags/example_task_group.py
[2024-02-27T13:39:56.214+0000] {processor.py:753} INFO - DAG(s) dict_keys(['example_task_group']) retrieved from /home/airflow/.local/lib/python3.7/site-packages/airflow/example_dags/example_task_group.py
[2024-02-27T13:39:56.275+0000] {logging_mixin.py:137} INFO - [2024-02-27T13:39:56.275+0000] {dag.py:2690} INFO - Sync 1 DAGs
[2024-02-27T13:39:56.335+0000] {logging_mixin.py:137} INFO - [2024-02-27T13:39:56.335+0000] {dag.py:3441} INFO - Setting next_dagrun for example_task_group to 2024-02-26T13:39:56.335380+00:00, run_after=2024-02-27T13:39:56.335380+00:00
[2024-02-27T13:39:56.412+0000] {processor.py:175} INFO - Processing /home/airflow/.local/lib/python3.7/site-packages/airflow/example_dags/example_task_group.py took 0.213 seconds
[2024-02-27T13:40:26.584+0000] {processor.py:153} INFO - Started process (PID=2105) to work on /home/airflow/.local/lib/python3.7/site-packages/airflow/example_dags/example_task_group.py
[2024-02-27T13:40:26.584+0000] {processor.py:743} INFO - Processing file /home/airflow/.local/lib/python3.7/site-packages/airflow/example_dags/example_task_group.py for tasks to queue
[2024-02-27T13:40:26.585+0000] {logging_mixin.py:137} INFO - [2024-02-27T13:40:26.585+0000] {dagbag.py:538} INFO - Filling up the DagBag from /home/airflow/.local/lib/python3.7/site-packages/airflow/example_dags/example_task_group.py
[2024-02-27T13:40:26.596+0000] {processor.py:753} INFO - DAG(s) dict_keys(['example_task_group']) retrieved from /home/airflow/.local/lib/python3.7/site-packages/airflow/example_dags/example_task_group.py
[2024-02-27T13:40:26.615+0000] {logging_mixin.py:137} INFO - [2024-02-27T13:40:26.614+0000] {dag.py:2690} INFO - Sync 1 DAGs
[2024-02-27T13:40:26.630+0000] {logging_mixin.py:137} INFO - [2024-02-27T13:40:26.630+0000] {dag.py:3441} INFO - Setting next_dagrun for example_task_group to 2024-02-26T13:40:26.630723+00:00, run_after=2024-02-27T13:40:26.630723+00:00
[2024-02-27T13:40:26.646+0000] {processor.py:175} INFO - Processing /home/airflow/.local/lib/python3.7/site-packages/airflow/example_dags/example_task_group.py took 0.065 seconds
[2024-02-27T13:40:57.593+0000] {processor.py:153} INFO - Started process (PID=2228) to work on /home/airflow/.local/lib/python3.7/site-packages/airflow/example_dags/example_task_group.py
[2024-02-27T13:40:57.594+0000] {processor.py:743} INFO - Processing file /home/airflow/.local/lib/python3.7/site-packages/airflow/example_dags/example_task_group.py for tasks to queue
[2024-02-27T13:40:57.595+0000] {logging_mixin.py:137} INFO - [2024-02-27T13:40:57.595+0000] {dagbag.py:538} INFO - Filling up the DagBag from /home/airflow/.local/lib/python3.7/site-packages/airflow/example_dags/example_task_group.py
[2024-02-27T13:40:57.608+0000] {processor.py:753} INFO - DAG(s) dict_keys(['example_task_group']) retrieved from /home/airflow/.local/lib/python3.7/site-packages/airflow/example_dags/example_task_group.py
[2024-02-27T13:40:57.627+0000] {logging_mixin.py:137} INFO - [2024-02-27T13:40:57.627+0000] {dag.py:2690} INFO - Sync 1 DAGs
[2024-02-27T13:40:57.645+0000] {logging_mixin.py:137} INFO - [2024-02-27T13:40:57.645+0000] {dag.py:3441} INFO - Setting next_dagrun for example_task_group to 2024-02-26T13:40:57.645557+00:00, run_after=2024-02-27T13:40:57.645557+00:00
[2024-02-27T13:40:57.661+0000] {processor.py:175} INFO - Processing /home/airflow/.local/lib/python3.7/site-packages/airflow/example_dags/example_task_group.py took 0.071 seconds
[2024-02-27T13:41:28.041+0000] {processor.py:153} INFO - Started process (PID=2323) to work on /home/airflow/.local/lib/python3.7/site-packages/airflow/example_dags/example_task_group.py
[2024-02-27T13:41:28.043+0000] {processor.py:743} INFO - Processing file /home/airflow/.local/lib/python3.7/site-packages/airflow/example_dags/example_task_group.py for tasks to queue
[2024-02-27T13:41:28.043+0000] {logging_mixin.py:137} INFO - [2024-02-27T13:41:28.043+0000] {dagbag.py:538} INFO - Filling up the DagBag from /home/airflow/.local/lib/python3.7/site-packages/airflow/example_dags/example_task_group.py
[2024-02-27T13:41:28.054+0000] {processor.py:753} INFO - DAG(s) dict_keys(['example_task_group']) retrieved from /home/airflow/.local/lib/python3.7/site-packages/airflow/example_dags/example_task_group.py
[2024-02-27T13:41:28.072+0000] {logging_mixin.py:137} INFO - [2024-02-27T13:41:28.072+0000] {dag.py:2690} INFO - Sync 1 DAGs
[2024-02-27T13:41:28.090+0000] {logging_mixin.py:137} INFO - [2024-02-27T13:41:28.090+0000] {dag.py:3441} INFO - Setting next_dagrun for example_task_group to 2024-02-26T13:41:28.089984+00:00, run_after=2024-02-27T13:41:28.089984+00:00
[2024-02-27T13:41:28.107+0000] {processor.py:175} INFO - Processing /home/airflow/.local/lib/python3.7/site-packages/airflow/example_dags/example_task_group.py took 0.068 seconds
