[2024-02-27T13:31:17.086+0000] {processor.py:153} INFO - Started process (PID=76) to work on /home/airflow/.local/lib/python3.7/site-packages/airflow/example_dags/tutorial.py
[2024-02-27T13:31:17.087+0000] {processor.py:743} INFO - Processing file /home/airflow/.local/lib/python3.7/site-packages/airflow/example_dags/tutorial.py for tasks to queue
[2024-02-27T13:31:17.089+0000] {logging_mixin.py:137} INFO - [2024-02-27T13:31:17.088+0000] {dagbag.py:538} INFO - Filling up the DagBag from /home/airflow/.local/lib/python3.7/site-packages/airflow/example_dags/tutorial.py
[2024-02-27T13:31:17.107+0000] {processor.py:753} INFO - DAG(s) dict_keys(['tutorial']) retrieved from /home/airflow/.local/lib/python3.7/site-packages/airflow/example_dags/tutorial.py
[2024-02-27T13:31:17.233+0000] {logging_mixin.py:137} INFO - [2024-02-27T13:31:17.233+0000] {manager.py:504} INFO - Created Permission View: can edit on DAG:tutorial
[2024-02-27T13:31:17.243+0000] {logging_mixin.py:137} INFO - [2024-02-27T13:31:17.243+0000] {manager.py:504} INFO - Created Permission View: can delete on DAG:tutorial
[2024-02-27T13:31:17.251+0000] {logging_mixin.py:137} INFO - [2024-02-27T13:31:17.250+0000] {manager.py:504} INFO - Created Permission View: can read on DAG:tutorial
[2024-02-27T13:31:17.252+0000] {logging_mixin.py:137} INFO - [2024-02-27T13:31:17.251+0000] {dag.py:2690} INFO - Sync 1 DAGs
[2024-02-27T13:31:17.269+0000] {logging_mixin.py:137} INFO - [2024-02-27T13:31:17.269+0000] {dag.py:2711} INFO - Creating ORM DAG for tutorial
[2024-02-27T13:31:17.282+0000] {logging_mixin.py:137} INFO - [2024-02-27T13:31:17.282+0000] {dag.py:3441} INFO - Setting next_dagrun for tutorial to 2024-02-26T13:31:17.281592+00:00, run_after=2024-02-27T13:31:17.281592+00:00
[2024-02-27T13:31:17.304+0000] {processor.py:175} INFO - Processing /home/airflow/.local/lib/python3.7/site-packages/airflow/example_dags/tutorial.py took 0.226 seconds
[2024-02-27T13:31:47.876+0000] {processor.py:153} INFO - Started process (PID=192) to work on /home/airflow/.local/lib/python3.7/site-packages/airflow/example_dags/tutorial.py
[2024-02-27T13:31:47.878+0000] {processor.py:743} INFO - Processing file /home/airflow/.local/lib/python3.7/site-packages/airflow/example_dags/tutorial.py for tasks to queue
[2024-02-27T13:31:47.879+0000] {logging_mixin.py:137} INFO - [2024-02-27T13:31:47.878+0000] {dagbag.py:538} INFO - Filling up the DagBag from /home/airflow/.local/lib/python3.7/site-packages/airflow/example_dags/tutorial.py
[2024-02-27T13:31:47.892+0000] {processor.py:753} INFO - DAG(s) dict_keys(['tutorial']) retrieved from /home/airflow/.local/lib/python3.7/site-packages/airflow/example_dags/tutorial.py
[2024-02-27T13:31:47.912+0000] {logging_mixin.py:137} INFO - [2024-02-27T13:31:47.912+0000] {dag.py:2690} INFO - Sync 1 DAGs
[2024-02-27T13:31:47.933+0000] {logging_mixin.py:137} INFO - [2024-02-27T13:31:47.933+0000] {dag.py:3441} INFO - Setting next_dagrun for tutorial to 2024-02-26T13:31:47.933562+00:00, run_after=2024-02-27T13:31:47.933562+00:00
[2024-02-27T13:31:47.953+0000] {processor.py:175} INFO - Processing /home/airflow/.local/lib/python3.7/site-packages/airflow/example_dags/tutorial.py took 0.078 seconds
[2024-02-27T13:32:18.331+0000] {processor.py:153} INFO - Started process (PID=294) to work on /home/airflow/.local/lib/python3.7/site-packages/airflow/example_dags/tutorial.py
[2024-02-27T13:32:18.333+0000] {processor.py:743} INFO - Processing file /home/airflow/.local/lib/python3.7/site-packages/airflow/example_dags/tutorial.py for tasks to queue
[2024-02-27T13:32:18.334+0000] {logging_mixin.py:137} INFO - [2024-02-27T13:32:18.333+0000] {dagbag.py:538} INFO - Filling up the DagBag from /home/airflow/.local/lib/python3.7/site-packages/airflow/example_dags/tutorial.py
[2024-02-27T13:32:18.347+0000] {processor.py:753} INFO - DAG(s) dict_keys(['tutorial']) retrieved from /home/airflow/.local/lib/python3.7/site-packages/airflow/example_dags/tutorial.py
[2024-02-27T13:32:18.368+0000] {logging_mixin.py:137} INFO - [2024-02-27T13:32:18.367+0000] {dag.py:2690} INFO - Sync 1 DAGs
[2024-02-27T13:32:18.391+0000] {logging_mixin.py:137} INFO - [2024-02-27T13:32:18.390+0000] {dag.py:3441} INFO - Setting next_dagrun for tutorial to 2024-02-26T13:32:18.390737+00:00, run_after=2024-02-27T13:32:18.390737+00:00
[2024-02-27T13:32:18.409+0000] {processor.py:175} INFO - Processing /home/airflow/.local/lib/python3.7/site-packages/airflow/example_dags/tutorial.py took 0.080 seconds
[2024-02-27T13:32:48.822+0000] {processor.py:153} INFO - Started process (PID=409) to work on /home/airflow/.local/lib/python3.7/site-packages/airflow/example_dags/tutorial.py
[2024-02-27T13:32:48.823+0000] {processor.py:743} INFO - Processing file /home/airflow/.local/lib/python3.7/site-packages/airflow/example_dags/tutorial.py for tasks to queue
[2024-02-27T13:32:48.824+0000] {logging_mixin.py:137} INFO - [2024-02-27T13:32:48.824+0000] {dagbag.py:538} INFO - Filling up the DagBag from /home/airflow/.local/lib/python3.7/site-packages/airflow/example_dags/tutorial.py
[2024-02-27T13:32:48.833+0000] {processor.py:753} INFO - DAG(s) dict_keys(['tutorial']) retrieved from /home/airflow/.local/lib/python3.7/site-packages/airflow/example_dags/tutorial.py
[2024-02-27T13:32:48.850+0000] {logging_mixin.py:137} INFO - [2024-02-27T13:32:48.850+0000] {dag.py:2690} INFO - Sync 1 DAGs
[2024-02-27T13:32:48.867+0000] {logging_mixin.py:137} INFO - [2024-02-27T13:32:48.867+0000] {dag.py:3441} INFO - Setting next_dagrun for tutorial to 2024-02-26T13:32:48.867103+00:00, run_after=2024-02-27T13:32:48.867103+00:00
[2024-02-27T13:32:48.880+0000] {processor.py:175} INFO - Processing /home/airflow/.local/lib/python3.7/site-packages/airflow/example_dags/tutorial.py took 0.060 seconds
[2024-02-27T13:33:19.255+0000] {processor.py:153} INFO - Started process (PID=532) to work on /home/airflow/.local/lib/python3.7/site-packages/airflow/example_dags/tutorial.py
[2024-02-27T13:33:19.256+0000] {processor.py:743} INFO - Processing file /home/airflow/.local/lib/python3.7/site-packages/airflow/example_dags/tutorial.py for tasks to queue
[2024-02-27T13:33:19.256+0000] {logging_mixin.py:137} INFO - [2024-02-27T13:33:19.256+0000] {dagbag.py:538} INFO - Filling up the DagBag from /home/airflow/.local/lib/python3.7/site-packages/airflow/example_dags/tutorial.py
[2024-02-27T13:33:19.267+0000] {processor.py:753} INFO - DAG(s) dict_keys(['tutorial']) retrieved from /home/airflow/.local/lib/python3.7/site-packages/airflow/example_dags/tutorial.py
[2024-02-27T13:33:19.286+0000] {logging_mixin.py:137} INFO - [2024-02-27T13:33:19.286+0000] {dag.py:2690} INFO - Sync 1 DAGs
[2024-02-27T13:33:19.305+0000] {logging_mixin.py:137} INFO - [2024-02-27T13:33:19.305+0000] {dag.py:3441} INFO - Setting next_dagrun for tutorial to 2024-02-26T13:33:19.305299+00:00, run_after=2024-02-27T13:33:19.305299+00:00
[2024-02-27T13:33:19.319+0000] {processor.py:175} INFO - Processing /home/airflow/.local/lib/python3.7/site-packages/airflow/example_dags/tutorial.py took 0.067 seconds
[2024-02-27T13:33:49.526+0000] {processor.py:153} INFO - Started process (PID=626) to work on /home/airflow/.local/lib/python3.7/site-packages/airflow/example_dags/tutorial.py
[2024-02-27T13:33:49.527+0000] {processor.py:743} INFO - Processing file /home/airflow/.local/lib/python3.7/site-packages/airflow/example_dags/tutorial.py for tasks to queue
[2024-02-27T13:33:49.528+0000] {logging_mixin.py:137} INFO - [2024-02-27T13:33:49.527+0000] {dagbag.py:538} INFO - Filling up the DagBag from /home/airflow/.local/lib/python3.7/site-packages/airflow/example_dags/tutorial.py
[2024-02-27T13:33:49.538+0000] {processor.py:753} INFO - DAG(s) dict_keys(['tutorial']) retrieved from /home/airflow/.local/lib/python3.7/site-packages/airflow/example_dags/tutorial.py
[2024-02-27T13:33:49.557+0000] {logging_mixin.py:137} INFO - [2024-02-27T13:33:49.557+0000] {dag.py:2690} INFO - Sync 1 DAGs
[2024-02-27T13:33:49.580+0000] {logging_mixin.py:137} INFO - [2024-02-27T13:33:49.579+0000] {dag.py:3441} INFO - Setting next_dagrun for tutorial to 2024-02-26T13:33:49.579623+00:00, run_after=2024-02-27T13:33:49.579623+00:00
[2024-02-27T13:33:49.595+0000] {processor.py:175} INFO - Processing /home/airflow/.local/lib/python3.7/site-packages/airflow/example_dags/tutorial.py took 0.072 seconds
[2024-02-27T13:34:19.814+0000] {processor.py:153} INFO - Started process (PID=749) to work on /home/airflow/.local/lib/python3.7/site-packages/airflow/example_dags/tutorial.py
[2024-02-27T13:34:19.815+0000] {processor.py:743} INFO - Processing file /home/airflow/.local/lib/python3.7/site-packages/airflow/example_dags/tutorial.py for tasks to queue
[2024-02-27T13:34:19.818+0000] {logging_mixin.py:137} INFO - [2024-02-27T13:34:19.818+0000] {dagbag.py:538} INFO - Filling up the DagBag from /home/airflow/.local/lib/python3.7/site-packages/airflow/example_dags/tutorial.py
[2024-02-27T13:34:19.829+0000] {processor.py:753} INFO - DAG(s) dict_keys(['tutorial']) retrieved from /home/airflow/.local/lib/python3.7/site-packages/airflow/example_dags/tutorial.py
[2024-02-27T13:34:19.848+0000] {logging_mixin.py:137} INFO - [2024-02-27T13:34:19.848+0000] {dag.py:2690} INFO - Sync 1 DAGs
[2024-02-27T13:34:19.868+0000] {logging_mixin.py:137} INFO - [2024-02-27T13:34:19.868+0000] {dag.py:3441} INFO - Setting next_dagrun for tutorial to 2024-02-26T13:34:19.867759+00:00, run_after=2024-02-27T13:34:19.867759+00:00
[2024-02-27T13:34:19.884+0000] {processor.py:175} INFO - Processing /home/airflow/.local/lib/python3.7/site-packages/airflow/example_dags/tutorial.py took 0.072 seconds
[2024-02-27T13:34:50.462+0000] {processor.py:153} INFO - Started process (PID=854) to work on /home/airflow/.local/lib/python3.7/site-packages/airflow/example_dags/tutorial.py
[2024-02-27T13:34:50.464+0000] {processor.py:743} INFO - Processing file /home/airflow/.local/lib/python3.7/site-packages/airflow/example_dags/tutorial.py for tasks to queue
[2024-02-27T13:34:50.464+0000] {logging_mixin.py:137} INFO - [2024-02-27T13:34:50.464+0000] {dagbag.py:538} INFO - Filling up the DagBag from /home/airflow/.local/lib/python3.7/site-packages/airflow/example_dags/tutorial.py
[2024-02-27T13:34:50.475+0000] {processor.py:753} INFO - DAG(s) dict_keys(['tutorial']) retrieved from /home/airflow/.local/lib/python3.7/site-packages/airflow/example_dags/tutorial.py
[2024-02-27T13:34:50.495+0000] {logging_mixin.py:137} INFO - [2024-02-27T13:34:50.494+0000] {dag.py:2690} INFO - Sync 1 DAGs
[2024-02-27T13:34:50.513+0000] {logging_mixin.py:137} INFO - [2024-02-27T13:34:50.513+0000] {dag.py:3441} INFO - Setting next_dagrun for tutorial to 2024-02-26T13:34:50.513439+00:00, run_after=2024-02-27T13:34:50.513439+00:00
[2024-02-27T13:34:50.535+0000] {processor.py:175} INFO - Processing /home/airflow/.local/lib/python3.7/site-packages/airflow/example_dags/tutorial.py took 0.075 seconds
[2024-02-27T13:35:20.757+0000] {processor.py:153} INFO - Started process (PID=968) to work on /home/airflow/.local/lib/python3.7/site-packages/airflow/example_dags/tutorial.py
[2024-02-27T13:35:20.758+0000] {processor.py:743} INFO - Processing file /home/airflow/.local/lib/python3.7/site-packages/airflow/example_dags/tutorial.py for tasks to queue
[2024-02-27T13:35:20.759+0000] {logging_mixin.py:137} INFO - [2024-02-27T13:35:20.759+0000] {dagbag.py:538} INFO - Filling up the DagBag from /home/airflow/.local/lib/python3.7/site-packages/airflow/example_dags/tutorial.py
[2024-02-27T13:35:20.769+0000] {processor.py:753} INFO - DAG(s) dict_keys(['tutorial']) retrieved from /home/airflow/.local/lib/python3.7/site-packages/airflow/example_dags/tutorial.py
[2024-02-27T13:35:20.788+0000] {logging_mixin.py:137} INFO - [2024-02-27T13:35:20.788+0000] {dag.py:2690} INFO - Sync 1 DAGs
[2024-02-27T13:35:20.806+0000] {logging_mixin.py:137} INFO - [2024-02-27T13:35:20.806+0000] {dag.py:3441} INFO - Setting next_dagrun for tutorial to 2024-02-26T13:35:20.806476+00:00, run_after=2024-02-27T13:35:20.806476+00:00
[2024-02-27T13:35:20.824+0000] {processor.py:175} INFO - Processing /home/airflow/.local/lib/python3.7/site-packages/airflow/example_dags/tutorial.py took 0.069 seconds
[2024-02-27T13:35:50.963+0000] {processor.py:153} INFO - Started process (PID=1091) to work on /home/airflow/.local/lib/python3.7/site-packages/airflow/example_dags/tutorial.py
[2024-02-27T13:35:50.964+0000] {processor.py:743} INFO - Processing file /home/airflow/.local/lib/python3.7/site-packages/airflow/example_dags/tutorial.py for tasks to queue
[2024-02-27T13:35:50.965+0000] {logging_mixin.py:137} INFO - [2024-02-27T13:35:50.965+0000] {dagbag.py:538} INFO - Filling up the DagBag from /home/airflow/.local/lib/python3.7/site-packages/airflow/example_dags/tutorial.py
[2024-02-27T13:35:50.977+0000] {processor.py:753} INFO - DAG(s) dict_keys(['tutorial']) retrieved from /home/airflow/.local/lib/python3.7/site-packages/airflow/example_dags/tutorial.py
[2024-02-27T13:35:50.995+0000] {logging_mixin.py:137} INFO - [2024-02-27T13:35:50.995+0000] {dag.py:2690} INFO - Sync 1 DAGs
[2024-02-27T13:35:51.012+0000] {logging_mixin.py:137} INFO - [2024-02-27T13:35:51.012+0000] {dag.py:3441} INFO - Setting next_dagrun for tutorial to 2024-02-26T13:35:51.012067+00:00, run_after=2024-02-27T13:35:51.012067+00:00
[2024-02-27T13:35:51.027+0000] {processor.py:175} INFO - Processing /home/airflow/.local/lib/python3.7/site-packages/airflow/example_dags/tutorial.py took 0.066 seconds
[2024-02-27T13:36:21.190+0000] {processor.py:153} INFO - Started process (PID=1186) to work on /home/airflow/.local/lib/python3.7/site-packages/airflow/example_dags/tutorial.py
[2024-02-27T13:36:21.191+0000] {processor.py:743} INFO - Processing file /home/airflow/.local/lib/python3.7/site-packages/airflow/example_dags/tutorial.py for tasks to queue
[2024-02-27T13:36:21.192+0000] {logging_mixin.py:137} INFO - [2024-02-27T13:36:21.192+0000] {dagbag.py:538} INFO - Filling up the DagBag from /home/airflow/.local/lib/python3.7/site-packages/airflow/example_dags/tutorial.py
[2024-02-27T13:36:21.203+0000] {processor.py:753} INFO - DAG(s) dict_keys(['tutorial']) retrieved from /home/airflow/.local/lib/python3.7/site-packages/airflow/example_dags/tutorial.py
[2024-02-27T13:36:21.221+0000] {logging_mixin.py:137} INFO - [2024-02-27T13:36:21.221+0000] {dag.py:2690} INFO - Sync 1 DAGs
[2024-02-27T13:36:21.239+0000] {logging_mixin.py:137} INFO - [2024-02-27T13:36:21.239+0000] {dag.py:3441} INFO - Setting next_dagrun for tutorial to 2024-02-26T13:36:21.239355+00:00, run_after=2024-02-27T13:36:21.239355+00:00
[2024-02-27T13:36:21.254+0000] {processor.py:175} INFO - Processing /home/airflow/.local/lib/python3.7/site-packages/airflow/example_dags/tutorial.py took 0.066 seconds
[2024-02-27T13:36:51.488+0000] {processor.py:153} INFO - Started process (PID=1309) to work on /home/airflow/.local/lib/python3.7/site-packages/airflow/example_dags/tutorial.py
[2024-02-27T13:36:51.489+0000] {processor.py:743} INFO - Processing file /home/airflow/.local/lib/python3.7/site-packages/airflow/example_dags/tutorial.py for tasks to queue
[2024-02-27T13:36:51.491+0000] {logging_mixin.py:137} INFO - [2024-02-27T13:36:51.490+0000] {dagbag.py:538} INFO - Filling up the DagBag from /home/airflow/.local/lib/python3.7/site-packages/airflow/example_dags/tutorial.py
[2024-02-27T13:36:51.502+0000] {processor.py:753} INFO - DAG(s) dict_keys(['tutorial']) retrieved from /home/airflow/.local/lib/python3.7/site-packages/airflow/example_dags/tutorial.py
[2024-02-27T13:36:51.523+0000] {logging_mixin.py:137} INFO - [2024-02-27T13:36:51.523+0000] {dag.py:2690} INFO - Sync 1 DAGs
[2024-02-27T13:36:51.546+0000] {logging_mixin.py:137} INFO - [2024-02-27T13:36:51.546+0000] {dag.py:3441} INFO - Setting next_dagrun for tutorial to 2024-02-26T13:36:51.545990+00:00, run_after=2024-02-27T13:36:51.545990+00:00
[2024-02-27T13:36:51.564+0000] {processor.py:175} INFO - Processing /home/airflow/.local/lib/python3.7/site-packages/airflow/example_dags/tutorial.py took 0.078 seconds
[2024-02-27T13:37:21.663+0000] {processor.py:153} INFO - Started process (PID=1404) to work on /home/airflow/.local/lib/python3.7/site-packages/airflow/example_dags/tutorial.py
[2024-02-27T13:37:21.664+0000] {processor.py:743} INFO - Processing file /home/airflow/.local/lib/python3.7/site-packages/airflow/example_dags/tutorial.py for tasks to queue
[2024-02-27T13:37:21.665+0000] {logging_mixin.py:137} INFO - [2024-02-27T13:37:21.665+0000] {dagbag.py:538} INFO - Filling up the DagBag from /home/airflow/.local/lib/python3.7/site-packages/airflow/example_dags/tutorial.py
[2024-02-27T13:37:21.676+0000] {processor.py:753} INFO - DAG(s) dict_keys(['tutorial']) retrieved from /home/airflow/.local/lib/python3.7/site-packages/airflow/example_dags/tutorial.py
[2024-02-27T13:37:21.695+0000] {logging_mixin.py:137} INFO - [2024-02-27T13:37:21.695+0000] {dag.py:2690} INFO - Sync 1 DAGs
[2024-02-27T13:37:21.714+0000] {logging_mixin.py:137} INFO - [2024-02-27T13:37:21.714+0000] {dag.py:3441} INFO - Setting next_dagrun for tutorial to 2024-02-26T13:37:21.714102+00:00, run_after=2024-02-27T13:37:21.714102+00:00
[2024-02-27T13:37:21.730+0000] {processor.py:175} INFO - Processing /home/airflow/.local/lib/python3.7/site-packages/airflow/example_dags/tutorial.py took 0.070 seconds
[2024-02-27T13:37:52.071+0000] {processor.py:153} INFO - Started process (PID=1529) to work on /home/airflow/.local/lib/python3.7/site-packages/airflow/example_dags/tutorial.py
[2024-02-27T13:37:52.072+0000] {processor.py:743} INFO - Processing file /home/airflow/.local/lib/python3.7/site-packages/airflow/example_dags/tutorial.py for tasks to queue
[2024-02-27T13:37:52.073+0000] {logging_mixin.py:137} INFO - [2024-02-27T13:37:52.073+0000] {dagbag.py:538} INFO - Filling up the DagBag from /home/airflow/.local/lib/python3.7/site-packages/airflow/example_dags/tutorial.py
[2024-02-27T13:37:52.084+0000] {processor.py:753} INFO - DAG(s) dict_keys(['tutorial']) retrieved from /home/airflow/.local/lib/python3.7/site-packages/airflow/example_dags/tutorial.py
[2024-02-27T13:37:52.101+0000] {logging_mixin.py:137} INFO - [2024-02-27T13:37:52.101+0000] {dag.py:2690} INFO - Sync 1 DAGs
[2024-02-27T13:37:52.118+0000] {logging_mixin.py:137} INFO - [2024-02-27T13:37:52.118+0000] {dag.py:3441} INFO - Setting next_dagrun for tutorial to 2024-02-26T13:37:52.118586+00:00, run_after=2024-02-27T13:37:52.118586+00:00
[2024-02-27T13:37:52.134+0000] {processor.py:175} INFO - Processing /home/airflow/.local/lib/python3.7/site-packages/airflow/example_dags/tutorial.py took 0.066 seconds
[2024-02-27T13:38:22.391+0000] {processor.py:153} INFO - Started process (PID=1633) to work on /home/airflow/.local/lib/python3.7/site-packages/airflow/example_dags/tutorial.py
[2024-02-27T13:38:22.392+0000] {processor.py:743} INFO - Processing file /home/airflow/.local/lib/python3.7/site-packages/airflow/example_dags/tutorial.py for tasks to queue
[2024-02-27T13:38:22.392+0000] {logging_mixin.py:137} INFO - [2024-02-27T13:38:22.392+0000] {dagbag.py:538} INFO - Filling up the DagBag from /home/airflow/.local/lib/python3.7/site-packages/airflow/example_dags/tutorial.py
[2024-02-27T13:38:22.402+0000] {processor.py:753} INFO - DAG(s) dict_keys(['tutorial']) retrieved from /home/airflow/.local/lib/python3.7/site-packages/airflow/example_dags/tutorial.py
[2024-02-27T13:38:22.422+0000] {logging_mixin.py:137} INFO - [2024-02-27T13:38:22.421+0000] {dag.py:2690} INFO - Sync 1 DAGs
[2024-02-27T13:38:22.441+0000] {logging_mixin.py:137} INFO - [2024-02-27T13:38:22.441+0000] {dag.py:3441} INFO - Setting next_dagrun for tutorial to 2024-02-26T13:38:22.440866+00:00, run_after=2024-02-27T13:38:22.440866+00:00
[2024-02-27T13:38:22.460+0000] {processor.py:175} INFO - Processing /home/airflow/.local/lib/python3.7/site-packages/airflow/example_dags/tutorial.py took 0.071 seconds
[2024-02-27T13:38:52.740+0000] {processor.py:153} INFO - Started process (PID=1747) to work on /home/airflow/.local/lib/python3.7/site-packages/airflow/example_dags/tutorial.py
[2024-02-27T13:38:52.741+0000] {processor.py:743} INFO - Processing file /home/airflow/.local/lib/python3.7/site-packages/airflow/example_dags/tutorial.py for tasks to queue
[2024-02-27T13:38:52.742+0000] {logging_mixin.py:137} INFO - [2024-02-27T13:38:52.742+0000] {dagbag.py:538} INFO - Filling up the DagBag from /home/airflow/.local/lib/python3.7/site-packages/airflow/example_dags/tutorial.py
[2024-02-27T13:38:52.752+0000] {processor.py:753} INFO - DAG(s) dict_keys(['tutorial']) retrieved from /home/airflow/.local/lib/python3.7/site-packages/airflow/example_dags/tutorial.py
[2024-02-27T13:38:52.768+0000] {logging_mixin.py:137} INFO - [2024-02-27T13:38:52.768+0000] {dag.py:2690} INFO - Sync 1 DAGs
[2024-02-27T13:38:52.785+0000] {logging_mixin.py:137} INFO - [2024-02-27T13:38:52.784+0000] {dag.py:3441} INFO - Setting next_dagrun for tutorial to 2024-02-26T13:38:52.784730+00:00, run_after=2024-02-27T13:38:52.784730+00:00
[2024-02-27T13:38:52.803+0000] {processor.py:175} INFO - Processing /home/airflow/.local/lib/python3.7/site-packages/airflow/example_dags/tutorial.py took 0.065 seconds
[2024-02-27T13:39:23.630+0000] {processor.py:153} INFO - Started process (PID=1870) to work on /home/airflow/.local/lib/python3.7/site-packages/airflow/example_dags/tutorial.py
[2024-02-27T13:39:23.632+0000] {processor.py:743} INFO - Processing file /home/airflow/.local/lib/python3.7/site-packages/airflow/example_dags/tutorial.py for tasks to queue
[2024-02-27T13:39:23.632+0000] {logging_mixin.py:137} INFO - [2024-02-27T13:39:23.632+0000] {dagbag.py:538} INFO - Filling up the DagBag from /home/airflow/.local/lib/python3.7/site-packages/airflow/example_dags/tutorial.py
[2024-02-27T13:39:23.643+0000] {processor.py:753} INFO - DAG(s) dict_keys(['tutorial']) retrieved from /home/airflow/.local/lib/python3.7/site-packages/airflow/example_dags/tutorial.py
[2024-02-27T13:39:23.660+0000] {logging_mixin.py:137} INFO - [2024-02-27T13:39:23.660+0000] {dag.py:2690} INFO - Sync 1 DAGs
[2024-02-27T13:39:23.678+0000] {logging_mixin.py:137} INFO - [2024-02-27T13:39:23.677+0000] {dag.py:3441} INFO - Setting next_dagrun for tutorial to 2024-02-26T13:39:23.677676+00:00, run_after=2024-02-27T13:39:23.677676+00:00
[2024-02-27T13:39:23.693+0000] {processor.py:175} INFO - Processing /home/airflow/.local/lib/python3.7/site-packages/airflow/example_dags/tutorial.py took 0.064 seconds
[2024-02-27T13:39:54.361+0000] {processor.py:153} INFO - Started process (PID=1965) to work on /home/airflow/.local/lib/python3.7/site-packages/airflow/example_dags/tutorial.py
[2024-02-27T13:39:54.362+0000] {processor.py:743} INFO - Processing file /home/airflow/.local/lib/python3.7/site-packages/airflow/example_dags/tutorial.py for tasks to queue
[2024-02-27T13:39:54.363+0000] {logging_mixin.py:137} INFO - [2024-02-27T13:39:54.363+0000] {dagbag.py:538} INFO - Filling up the DagBag from /home/airflow/.local/lib/python3.7/site-packages/airflow/example_dags/tutorial.py
[2024-02-27T13:39:54.373+0000] {processor.py:753} INFO - DAG(s) dict_keys(['tutorial']) retrieved from /home/airflow/.local/lib/python3.7/site-packages/airflow/example_dags/tutorial.py
[2024-02-27T13:39:54.393+0000] {logging_mixin.py:137} INFO - [2024-02-27T13:39:54.393+0000] {dag.py:2690} INFO - Sync 1 DAGs
[2024-02-27T13:39:54.412+0000] {logging_mixin.py:137} INFO - [2024-02-27T13:39:54.412+0000] {dag.py:3441} INFO - Setting next_dagrun for tutorial to 2024-02-26T13:39:54.411861+00:00, run_after=2024-02-27T13:39:54.411861+00:00
[2024-02-27T13:39:54.427+0000] {processor.py:175} INFO - Processing /home/airflow/.local/lib/python3.7/site-packages/airflow/example_dags/tutorial.py took 0.068 seconds
[2024-02-27T13:40:24.720+0000] {processor.py:153} INFO - Started process (PID=2089) to work on /home/airflow/.local/lib/python3.7/site-packages/airflow/example_dags/tutorial.py
[2024-02-27T13:40:24.721+0000] {processor.py:743} INFO - Processing file /home/airflow/.local/lib/python3.7/site-packages/airflow/example_dags/tutorial.py for tasks to queue
[2024-02-27T13:40:24.722+0000] {logging_mixin.py:137} INFO - [2024-02-27T13:40:24.722+0000] {dagbag.py:538} INFO - Filling up the DagBag from /home/airflow/.local/lib/python3.7/site-packages/airflow/example_dags/tutorial.py
[2024-02-27T13:40:24.731+0000] {processor.py:753} INFO - DAG(s) dict_keys(['tutorial']) retrieved from /home/airflow/.local/lib/python3.7/site-packages/airflow/example_dags/tutorial.py
[2024-02-27T13:40:24.747+0000] {logging_mixin.py:137} INFO - [2024-02-27T13:40:24.747+0000] {dag.py:2690} INFO - Sync 1 DAGs
[2024-02-27T13:40:24.763+0000] {logging_mixin.py:137} INFO - [2024-02-27T13:40:24.763+0000] {dag.py:3441} INFO - Setting next_dagrun for tutorial to 2024-02-26T13:40:24.762972+00:00, run_after=2024-02-27T13:40:24.762972+00:00
[2024-02-27T13:40:24.775+0000] {processor.py:175} INFO - Processing /home/airflow/.local/lib/python3.7/site-packages/airflow/example_dags/tutorial.py took 0.057 seconds
[2024-02-27T13:40:55.478+0000] {processor.py:153} INFO - Started process (PID=2193) to work on /home/airflow/.local/lib/python3.7/site-packages/airflow/example_dags/tutorial.py
[2024-02-27T13:40:55.479+0000] {processor.py:743} INFO - Processing file /home/airflow/.local/lib/python3.7/site-packages/airflow/example_dags/tutorial.py for tasks to queue
[2024-02-27T13:40:55.480+0000] {logging_mixin.py:137} INFO - [2024-02-27T13:40:55.480+0000] {dagbag.py:538} INFO - Filling up the DagBag from /home/airflow/.local/lib/python3.7/site-packages/airflow/example_dags/tutorial.py
[2024-02-27T13:40:55.490+0000] {processor.py:753} INFO - DAG(s) dict_keys(['tutorial']) retrieved from /home/airflow/.local/lib/python3.7/site-packages/airflow/example_dags/tutorial.py
[2024-02-27T13:40:55.508+0000] {logging_mixin.py:137} INFO - [2024-02-27T13:40:55.507+0000] {dag.py:2690} INFO - Sync 1 DAGs
[2024-02-27T13:40:55.528+0000] {logging_mixin.py:137} INFO - [2024-02-27T13:40:55.528+0000] {dag.py:3441} INFO - Setting next_dagrun for tutorial to 2024-02-26T13:40:55.528113+00:00, run_after=2024-02-27T13:40:55.528113+00:00
[2024-02-27T13:40:55.547+0000] {processor.py:175} INFO - Processing /home/airflow/.local/lib/python3.7/site-packages/airflow/example_dags/tutorial.py took 0.071 seconds
[2024-02-27T13:41:25.983+0000] {processor.py:153} INFO - Started process (PID=2307) to work on /home/airflow/.local/lib/python3.7/site-packages/airflow/example_dags/tutorial.py
[2024-02-27T13:41:25.984+0000] {processor.py:743} INFO - Processing file /home/airflow/.local/lib/python3.7/site-packages/airflow/example_dags/tutorial.py for tasks to queue
[2024-02-27T13:41:25.985+0000] {logging_mixin.py:137} INFO - [2024-02-27T13:41:25.985+0000] {dagbag.py:538} INFO - Filling up the DagBag from /home/airflow/.local/lib/python3.7/site-packages/airflow/example_dags/tutorial.py
[2024-02-27T13:41:25.999+0000] {processor.py:753} INFO - DAG(s) dict_keys(['tutorial']) retrieved from /home/airflow/.local/lib/python3.7/site-packages/airflow/example_dags/tutorial.py
[2024-02-27T13:41:26.019+0000] {logging_mixin.py:137} INFO - [2024-02-27T13:41:26.019+0000] {dag.py:2690} INFO - Sync 1 DAGs
[2024-02-27T13:41:26.038+0000] {logging_mixin.py:137} INFO - [2024-02-27T13:41:26.038+0000] {dag.py:3441} INFO - Setting next_dagrun for tutorial to 2024-02-26T13:41:26.038289+00:00, run_after=2024-02-27T13:41:26.038289+00:00
[2024-02-27T13:41:26.055+0000] {processor.py:175} INFO - Processing /home/airflow/.local/lib/python3.7/site-packages/airflow/example_dags/tutorial.py took 0.073 seconds
