[2024-02-27T13:31:14.894+0000] {processor.py:153} INFO - Started process (PID=52) to work on /home/airflow/.local/lib/python3.7/site-packages/airflow/example_dags/example_kubernetes_executor.py
[2024-02-27T13:31:14.895+0000] {processor.py:743} INFO - Processing file /home/airflow/.local/lib/python3.7/site-packages/airflow/example_dags/example_kubernetes_executor.py for tasks to queue
[2024-02-27T13:31:14.896+0000] {logging_mixin.py:137} INFO - [2024-02-27T13:31:14.896+0000] {dagbag.py:538} INFO - Filling up the DagBag from /home/airflow/.local/lib/python3.7/site-packages/airflow/example_dags/example_kubernetes_executor.py
[2024-02-27T13:31:14.922+0000] {processor.py:753} INFO - DAG(s) dict_keys(['example_kubernetes_executor']) retrieved from /home/airflow/.local/lib/python3.7/site-packages/airflow/example_dags/example_kubernetes_executor.py
[2024-02-27T13:31:15.009+0000] {logging_mixin.py:137} INFO - [2024-02-27T13:31:15.009+0000] {manager.py:504} INFO - Created Permission View: can edit on DAG:example_kubernetes_executor
[2024-02-27T13:31:15.017+0000] {logging_mixin.py:137} INFO - [2024-02-27T13:31:15.017+0000] {manager.py:504} INFO - Created Permission View: can delete on DAG:example_kubernetes_executor
[2024-02-27T13:31:15.024+0000] {logging_mixin.py:137} INFO - [2024-02-27T13:31:15.024+0000] {manager.py:504} INFO - Created Permission View: can read on DAG:example_kubernetes_executor
[2024-02-27T13:31:15.024+0000] {logging_mixin.py:137} INFO - [2024-02-27T13:31:15.024+0000] {dag.py:2690} INFO - Sync 1 DAGs
[2024-02-27T13:31:15.037+0000] {logging_mixin.py:137} INFO - [2024-02-27T13:31:15.036+0000] {dag.py:2711} INFO - Creating ORM DAG for example_kubernetes_executor
[2024-02-27T13:31:15.050+0000] {logging_mixin.py:137} INFO - [2024-02-27T13:31:15.049+0000] {dag.py:3441} INFO - Setting next_dagrun for example_kubernetes_executor to None, run_after=None
[2024-02-27T13:31:15.066+0000] {processor.py:175} INFO - Processing /home/airflow/.local/lib/python3.7/site-packages/airflow/example_dags/example_kubernetes_executor.py took 0.174 seconds
[2024-02-27T13:31:45.699+0000] {processor.py:153} INFO - Started process (PID=175) to work on /home/airflow/.local/lib/python3.7/site-packages/airflow/example_dags/example_kubernetes_executor.py
[2024-02-27T13:31:45.701+0000] {processor.py:743} INFO - Processing file /home/airflow/.local/lib/python3.7/site-packages/airflow/example_dags/example_kubernetes_executor.py for tasks to queue
[2024-02-27T13:31:45.702+0000] {logging_mixin.py:137} INFO - [2024-02-27T13:31:45.702+0000] {dagbag.py:538} INFO - Filling up the DagBag from /home/airflow/.local/lib/python3.7/site-packages/airflow/example_dags/example_kubernetes_executor.py
[2024-02-27T13:31:45.740+0000] {processor.py:753} INFO - DAG(s) dict_keys(['example_kubernetes_executor']) retrieved from /home/airflow/.local/lib/python3.7/site-packages/airflow/example_dags/example_kubernetes_executor.py
[2024-02-27T13:31:45.774+0000] {logging_mixin.py:137} INFO - [2024-02-27T13:31:45.774+0000] {dag.py:2690} INFO - Sync 1 DAGs
[2024-02-27T13:31:45.802+0000] {logging_mixin.py:137} INFO - [2024-02-27T13:31:45.801+0000] {dag.py:3441} INFO - Setting next_dagrun for example_kubernetes_executor to None, run_after=None
[2024-02-27T13:31:45.822+0000] {processor.py:175} INFO - Processing /home/airflow/.local/lib/python3.7/site-packages/airflow/example_dags/example_kubernetes_executor.py took 0.126 seconds
[2024-02-27T13:32:16.278+0000] {processor.py:153} INFO - Started process (PID=270) to work on /home/airflow/.local/lib/python3.7/site-packages/airflow/example_dags/example_kubernetes_executor.py
[2024-02-27T13:32:16.279+0000] {processor.py:743} INFO - Processing file /home/airflow/.local/lib/python3.7/site-packages/airflow/example_dags/example_kubernetes_executor.py for tasks to queue
[2024-02-27T13:32:16.280+0000] {logging_mixin.py:137} INFO - [2024-02-27T13:32:16.280+0000] {dagbag.py:538} INFO - Filling up the DagBag from /home/airflow/.local/lib/python3.7/site-packages/airflow/example_dags/example_kubernetes_executor.py
[2024-02-27T13:32:16.309+0000] {processor.py:753} INFO - DAG(s) dict_keys(['example_kubernetes_executor']) retrieved from /home/airflow/.local/lib/python3.7/site-packages/airflow/example_dags/example_kubernetes_executor.py
[2024-02-27T13:32:16.335+0000] {logging_mixin.py:137} INFO - [2024-02-27T13:32:16.335+0000] {dag.py:2690} INFO - Sync 1 DAGs
[2024-02-27T13:32:16.357+0000] {logging_mixin.py:137} INFO - [2024-02-27T13:32:16.357+0000] {dag.py:3441} INFO - Setting next_dagrun for example_kubernetes_executor to None, run_after=None
[2024-02-27T13:32:16.374+0000] {processor.py:175} INFO - Processing /home/airflow/.local/lib/python3.7/site-packages/airflow/example_dags/example_kubernetes_executor.py took 0.101 seconds
[2024-02-27T13:32:46.798+0000] {processor.py:153} INFO - Started process (PID=392) to work on /home/airflow/.local/lib/python3.7/site-packages/airflow/example_dags/example_kubernetes_executor.py
[2024-02-27T13:32:46.799+0000] {processor.py:743} INFO - Processing file /home/airflow/.local/lib/python3.7/site-packages/airflow/example_dags/example_kubernetes_executor.py for tasks to queue
[2024-02-27T13:32:46.800+0000] {logging_mixin.py:137} INFO - [2024-02-27T13:32:46.800+0000] {dagbag.py:538} INFO - Filling up the DagBag from /home/airflow/.local/lib/python3.7/site-packages/airflow/example_dags/example_kubernetes_executor.py
[2024-02-27T13:32:46.819+0000] {processor.py:753} INFO - DAG(s) dict_keys(['example_kubernetes_executor']) retrieved from /home/airflow/.local/lib/python3.7/site-packages/airflow/example_dags/example_kubernetes_executor.py
[2024-02-27T13:32:46.840+0000] {logging_mixin.py:137} INFO - [2024-02-27T13:32:46.840+0000] {dag.py:2690} INFO - Sync 1 DAGs
[2024-02-27T13:32:46.858+0000] {logging_mixin.py:137} INFO - [2024-02-27T13:32:46.858+0000] {dag.py:3441} INFO - Setting next_dagrun for example_kubernetes_executor to None, run_after=None
[2024-02-27T13:32:46.872+0000] {processor.py:175} INFO - Processing /home/airflow/.local/lib/python3.7/site-packages/airflow/example_dags/example_kubernetes_executor.py took 0.076 seconds
[2024-02-27T13:33:17.133+0000] {processor.py:153} INFO - Started process (PID=496) to work on /home/airflow/.local/lib/python3.7/site-packages/airflow/example_dags/example_kubernetes_executor.py
[2024-02-27T13:33:17.135+0000] {processor.py:743} INFO - Processing file /home/airflow/.local/lib/python3.7/site-packages/airflow/example_dags/example_kubernetes_executor.py for tasks to queue
[2024-02-27T13:33:17.136+0000] {logging_mixin.py:137} INFO - [2024-02-27T13:33:17.136+0000] {dagbag.py:538} INFO - Filling up the DagBag from /home/airflow/.local/lib/python3.7/site-packages/airflow/example_dags/example_kubernetes_executor.py
[2024-02-27T13:33:17.161+0000] {processor.py:753} INFO - DAG(s) dict_keys(['example_kubernetes_executor']) retrieved from /home/airflow/.local/lib/python3.7/site-packages/airflow/example_dags/example_kubernetes_executor.py
[2024-02-27T13:33:17.189+0000] {logging_mixin.py:137} INFO - [2024-02-27T13:33:17.189+0000] {dag.py:2690} INFO - Sync 1 DAGs
[2024-02-27T13:33:17.210+0000] {logging_mixin.py:137} INFO - [2024-02-27T13:33:17.210+0000] {dag.py:3441} INFO - Setting next_dagrun for example_kubernetes_executor to None, run_after=None
[2024-02-27T13:33:17.226+0000] {processor.py:175} INFO - Processing /home/airflow/.local/lib/python3.7/site-packages/airflow/example_dags/example_kubernetes_executor.py took 0.096 seconds
[2024-02-27T13:33:47.522+0000] {processor.py:153} INFO - Started process (PID=609) to work on /home/airflow/.local/lib/python3.7/site-packages/airflow/example_dags/example_kubernetes_executor.py
[2024-02-27T13:33:47.523+0000] {processor.py:743} INFO - Processing file /home/airflow/.local/lib/python3.7/site-packages/airflow/example_dags/example_kubernetes_executor.py for tasks to queue
[2024-02-27T13:33:47.524+0000] {logging_mixin.py:137} INFO - [2024-02-27T13:33:47.524+0000] {dagbag.py:538} INFO - Filling up the DagBag from /home/airflow/.local/lib/python3.7/site-packages/airflow/example_dags/example_kubernetes_executor.py
[2024-02-27T13:33:47.545+0000] {processor.py:753} INFO - DAG(s) dict_keys(['example_kubernetes_executor']) retrieved from /home/airflow/.local/lib/python3.7/site-packages/airflow/example_dags/example_kubernetes_executor.py
[2024-02-27T13:33:47.566+0000] {logging_mixin.py:137} INFO - [2024-02-27T13:33:47.566+0000] {dag.py:2690} INFO - Sync 1 DAGs
[2024-02-27T13:33:47.582+0000] {logging_mixin.py:137} INFO - [2024-02-27T13:33:47.582+0000] {dag.py:3441} INFO - Setting next_dagrun for example_kubernetes_executor to None, run_after=None
[2024-02-27T13:33:47.603+0000] {processor.py:175} INFO - Processing /home/airflow/.local/lib/python3.7/site-packages/airflow/example_dags/example_kubernetes_executor.py took 0.083 seconds
[2024-02-27T13:34:17.842+0000] {processor.py:153} INFO - Started process (PID=732) to work on /home/airflow/.local/lib/python3.7/site-packages/airflow/example_dags/example_kubernetes_executor.py
[2024-02-27T13:34:17.843+0000] {processor.py:743} INFO - Processing file /home/airflow/.local/lib/python3.7/site-packages/airflow/example_dags/example_kubernetes_executor.py for tasks to queue
[2024-02-27T13:34:17.843+0000] {logging_mixin.py:137} INFO - [2024-02-27T13:34:17.843+0000] {dagbag.py:538} INFO - Filling up the DagBag from /home/airflow/.local/lib/python3.7/site-packages/airflow/example_dags/example_kubernetes_executor.py
[2024-02-27T13:34:17.863+0000] {processor.py:753} INFO - DAG(s) dict_keys(['example_kubernetes_executor']) retrieved from /home/airflow/.local/lib/python3.7/site-packages/airflow/example_dags/example_kubernetes_executor.py
[2024-02-27T13:34:17.884+0000] {logging_mixin.py:137} INFO - [2024-02-27T13:34:17.884+0000] {dag.py:2690} INFO - Sync 1 DAGs
[2024-02-27T13:34:17.908+0000] {logging_mixin.py:137} INFO - [2024-02-27T13:34:17.907+0000] {dag.py:3441} INFO - Setting next_dagrun for example_kubernetes_executor to None, run_after=None
[2024-02-27T13:34:17.933+0000] {processor.py:175} INFO - Processing /home/airflow/.local/lib/python3.7/site-packages/airflow/example_dags/example_kubernetes_executor.py took 0.094 seconds
[2024-02-27T13:34:48.367+0000] {processor.py:153} INFO - Started process (PID=828) to work on /home/airflow/.local/lib/python3.7/site-packages/airflow/example_dags/example_kubernetes_executor.py
[2024-02-27T13:34:48.368+0000] {processor.py:743} INFO - Processing file /home/airflow/.local/lib/python3.7/site-packages/airflow/example_dags/example_kubernetes_executor.py for tasks to queue
[2024-02-27T13:34:48.369+0000] {logging_mixin.py:137} INFO - [2024-02-27T13:34:48.368+0000] {dagbag.py:538} INFO - Filling up the DagBag from /home/airflow/.local/lib/python3.7/site-packages/airflow/example_dags/example_kubernetes_executor.py
[2024-02-27T13:34:48.388+0000] {processor.py:753} INFO - DAG(s) dict_keys(['example_kubernetes_executor']) retrieved from /home/airflow/.local/lib/python3.7/site-packages/airflow/example_dags/example_kubernetes_executor.py
[2024-02-27T13:34:48.410+0000] {logging_mixin.py:137} INFO - [2024-02-27T13:34:48.409+0000] {dag.py:2690} INFO - Sync 1 DAGs
[2024-02-27T13:34:48.426+0000] {logging_mixin.py:137} INFO - [2024-02-27T13:34:48.426+0000] {dag.py:3441} INFO - Setting next_dagrun for example_kubernetes_executor to None, run_after=None
[2024-02-27T13:34:48.442+0000] {processor.py:175} INFO - Processing /home/airflow/.local/lib/python3.7/site-packages/airflow/example_dags/example_kubernetes_executor.py took 0.077 seconds
[2024-02-27T13:35:18.793+0000] {processor.py:153} INFO - Started process (PID=951) to work on /home/airflow/.local/lib/python3.7/site-packages/airflow/example_dags/example_kubernetes_executor.py
[2024-02-27T13:35:18.794+0000] {processor.py:743} INFO - Processing file /home/airflow/.local/lib/python3.7/site-packages/airflow/example_dags/example_kubernetes_executor.py for tasks to queue
[2024-02-27T13:35:18.796+0000] {logging_mixin.py:137} INFO - [2024-02-27T13:35:18.795+0000] {dagbag.py:538} INFO - Filling up the DagBag from /home/airflow/.local/lib/python3.7/site-packages/airflow/example_dags/example_kubernetes_executor.py
[2024-02-27T13:35:18.820+0000] {processor.py:753} INFO - DAG(s) dict_keys(['example_kubernetes_executor']) retrieved from /home/airflow/.local/lib/python3.7/site-packages/airflow/example_dags/example_kubernetes_executor.py
[2024-02-27T13:35:18.842+0000] {logging_mixin.py:137} INFO - [2024-02-27T13:35:18.842+0000] {dag.py:2690} INFO - Sync 1 DAGs
[2024-02-27T13:35:18.860+0000] {logging_mixin.py:137} INFO - [2024-02-27T13:35:18.860+0000] {dag.py:3441} INFO - Setting next_dagrun for example_kubernetes_executor to None, run_after=None
[2024-02-27T13:35:18.876+0000] {processor.py:175} INFO - Processing /home/airflow/.local/lib/python3.7/site-packages/airflow/example_dags/example_kubernetes_executor.py took 0.085 seconds
[2024-02-27T13:35:48.983+0000] {processor.py:153} INFO - Started process (PID=1046) to work on /home/airflow/.local/lib/python3.7/site-packages/airflow/example_dags/example_kubernetes_executor.py
[2024-02-27T13:35:48.984+0000] {processor.py:743} INFO - Processing file /home/airflow/.local/lib/python3.7/site-packages/airflow/example_dags/example_kubernetes_executor.py for tasks to queue
[2024-02-27T13:35:48.985+0000] {logging_mixin.py:137} INFO - [2024-02-27T13:35:48.984+0000] {dagbag.py:538} INFO - Filling up the DagBag from /home/airflow/.local/lib/python3.7/site-packages/airflow/example_dags/example_kubernetes_executor.py
[2024-02-27T13:35:49.006+0000] {processor.py:753} INFO - DAG(s) dict_keys(['example_kubernetes_executor']) retrieved from /home/airflow/.local/lib/python3.7/site-packages/airflow/example_dags/example_kubernetes_executor.py
[2024-02-27T13:35:49.029+0000] {logging_mixin.py:137} INFO - [2024-02-27T13:35:49.029+0000] {dag.py:2690} INFO - Sync 1 DAGs
[2024-02-27T13:35:49.047+0000] {logging_mixin.py:137} INFO - [2024-02-27T13:35:49.047+0000] {dag.py:3441} INFO - Setting next_dagrun for example_kubernetes_executor to None, run_after=None
[2024-02-27T13:35:49.062+0000] {processor.py:175} INFO - Processing /home/airflow/.local/lib/python3.7/site-packages/airflow/example_dags/example_kubernetes_executor.py took 0.081 seconds
[2024-02-27T13:36:19.237+0000] {processor.py:153} INFO - Started process (PID=1169) to work on /home/airflow/.local/lib/python3.7/site-packages/airflow/example_dags/example_kubernetes_executor.py
[2024-02-27T13:36:19.238+0000] {processor.py:743} INFO - Processing file /home/airflow/.local/lib/python3.7/site-packages/airflow/example_dags/example_kubernetes_executor.py for tasks to queue
[2024-02-27T13:36:19.239+0000] {logging_mixin.py:137} INFO - [2024-02-27T13:36:19.239+0000] {dagbag.py:538} INFO - Filling up the DagBag from /home/airflow/.local/lib/python3.7/site-packages/airflow/example_dags/example_kubernetes_executor.py
[2024-02-27T13:36:19.258+0000] {processor.py:753} INFO - DAG(s) dict_keys(['example_kubernetes_executor']) retrieved from /home/airflow/.local/lib/python3.7/site-packages/airflow/example_dags/example_kubernetes_executor.py
[2024-02-27T13:36:19.279+0000] {logging_mixin.py:137} INFO - [2024-02-27T13:36:19.279+0000] {dag.py:2690} INFO - Sync 1 DAGs
[2024-02-27T13:36:19.301+0000] {logging_mixin.py:137} INFO - [2024-02-27T13:36:19.300+0000] {dag.py:3441} INFO - Setting next_dagrun for example_kubernetes_executor to None, run_after=None
[2024-02-27T13:36:19.316+0000] {processor.py:175} INFO - Processing /home/airflow/.local/lib/python3.7/site-packages/airflow/example_dags/example_kubernetes_executor.py took 0.081 seconds
[2024-02-27T13:36:49.462+0000] {processor.py:153} INFO - Started process (PID=1292) to work on /home/airflow/.local/lib/python3.7/site-packages/airflow/example_dags/example_kubernetes_executor.py
[2024-02-27T13:36:49.463+0000] {processor.py:743} INFO - Processing file /home/airflow/.local/lib/python3.7/site-packages/airflow/example_dags/example_kubernetes_executor.py for tasks to queue
[2024-02-27T13:36:49.464+0000] {logging_mixin.py:137} INFO - [2024-02-27T13:36:49.464+0000] {dagbag.py:538} INFO - Filling up the DagBag from /home/airflow/.local/lib/python3.7/site-packages/airflow/example_dags/example_kubernetes_executor.py
[2024-02-27T13:36:49.488+0000] {processor.py:753} INFO - DAG(s) dict_keys(['example_kubernetes_executor']) retrieved from /home/airflow/.local/lib/python3.7/site-packages/airflow/example_dags/example_kubernetes_executor.py
[2024-02-27T13:36:49.514+0000] {logging_mixin.py:137} INFO - [2024-02-27T13:36:49.514+0000] {dag.py:2690} INFO - Sync 1 DAGs
[2024-02-27T13:36:49.534+0000] {logging_mixin.py:137} INFO - [2024-02-27T13:36:49.534+0000] {dag.py:3441} INFO - Setting next_dagrun for example_kubernetes_executor to None, run_after=None
[2024-02-27T13:36:49.549+0000] {processor.py:175} INFO - Processing /home/airflow/.local/lib/python3.7/site-packages/airflow/example_dags/example_kubernetes_executor.py took 0.090 seconds
[2024-02-27T13:37:19.711+0000] {processor.py:153} INFO - Started process (PID=1387) to work on /home/airflow/.local/lib/python3.7/site-packages/airflow/example_dags/example_kubernetes_executor.py
[2024-02-27T13:37:19.712+0000] {processor.py:743} INFO - Processing file /home/airflow/.local/lib/python3.7/site-packages/airflow/example_dags/example_kubernetes_executor.py for tasks to queue
[2024-02-27T13:37:19.713+0000] {logging_mixin.py:137} INFO - [2024-02-27T13:37:19.713+0000] {dagbag.py:538} INFO - Filling up the DagBag from /home/airflow/.local/lib/python3.7/site-packages/airflow/example_dags/example_kubernetes_executor.py
[2024-02-27T13:37:19.731+0000] {processor.py:753} INFO - DAG(s) dict_keys(['example_kubernetes_executor']) retrieved from /home/airflow/.local/lib/python3.7/site-packages/airflow/example_dags/example_kubernetes_executor.py
[2024-02-27T13:37:19.750+0000] {logging_mixin.py:137} INFO - [2024-02-27T13:37:19.750+0000] {dag.py:2690} INFO - Sync 1 DAGs
[2024-02-27T13:37:19.766+0000] {logging_mixin.py:137} INFO - [2024-02-27T13:37:19.766+0000] {dag.py:3441} INFO - Setting next_dagrun for example_kubernetes_executor to None, run_after=None
[2024-02-27T13:37:19.780+0000] {processor.py:175} INFO - Processing /home/airflow/.local/lib/python3.7/site-packages/airflow/example_dags/example_kubernetes_executor.py took 0.072 seconds
[2024-02-27T13:37:50.146+0000] {processor.py:153} INFO - Started process (PID=1512) to work on /home/airflow/.local/lib/python3.7/site-packages/airflow/example_dags/example_kubernetes_executor.py
[2024-02-27T13:37:50.147+0000] {processor.py:743} INFO - Processing file /home/airflow/.local/lib/python3.7/site-packages/airflow/example_dags/example_kubernetes_executor.py for tasks to queue
[2024-02-27T13:37:50.148+0000] {logging_mixin.py:137} INFO - [2024-02-27T13:37:50.148+0000] {dagbag.py:538} INFO - Filling up the DagBag from /home/airflow/.local/lib/python3.7/site-packages/airflow/example_dags/example_kubernetes_executor.py
[2024-02-27T13:37:50.167+0000] {processor.py:753} INFO - DAG(s) dict_keys(['example_kubernetes_executor']) retrieved from /home/airflow/.local/lib/python3.7/site-packages/airflow/example_dags/example_kubernetes_executor.py
[2024-02-27T13:37:50.188+0000] {logging_mixin.py:137} INFO - [2024-02-27T13:37:50.188+0000] {dag.py:2690} INFO - Sync 1 DAGs
[2024-02-27T13:37:50.204+0000] {logging_mixin.py:137} INFO - [2024-02-27T13:37:50.204+0000] {dag.py:3441} INFO - Setting next_dagrun for example_kubernetes_executor to None, run_after=None
[2024-02-27T13:37:50.220+0000] {processor.py:175} INFO - Processing /home/airflow/.local/lib/python3.7/site-packages/airflow/example_dags/example_kubernetes_executor.py took 0.076 seconds
[2024-02-27T13:38:20.371+0000] {processor.py:153} INFO - Started process (PID=1607) to work on /home/airflow/.local/lib/python3.7/site-packages/airflow/example_dags/example_kubernetes_executor.py
[2024-02-27T13:38:20.372+0000] {processor.py:743} INFO - Processing file /home/airflow/.local/lib/python3.7/site-packages/airflow/example_dags/example_kubernetes_executor.py for tasks to queue
[2024-02-27T13:38:20.373+0000] {logging_mixin.py:137} INFO - [2024-02-27T13:38:20.372+0000] {dagbag.py:538} INFO - Filling up the DagBag from /home/airflow/.local/lib/python3.7/site-packages/airflow/example_dags/example_kubernetes_executor.py
[2024-02-27T13:38:20.392+0000] {processor.py:753} INFO - DAG(s) dict_keys(['example_kubernetes_executor']) retrieved from /home/airflow/.local/lib/python3.7/site-packages/airflow/example_dags/example_kubernetes_executor.py
[2024-02-27T13:38:20.413+0000] {logging_mixin.py:137} INFO - [2024-02-27T13:38:20.413+0000] {dag.py:2690} INFO - Sync 1 DAGs
[2024-02-27T13:38:20.430+0000] {logging_mixin.py:137} INFO - [2024-02-27T13:38:20.429+0000] {dag.py:3441} INFO - Setting next_dagrun for example_kubernetes_executor to None, run_after=None
[2024-02-27T13:38:20.444+0000] {processor.py:175} INFO - Processing /home/airflow/.local/lib/python3.7/site-packages/airflow/example_dags/example_kubernetes_executor.py took 0.075 seconds
[2024-02-27T13:38:50.735+0000] {processor.py:153} INFO - Started process (PID=1730) to work on /home/airflow/.local/lib/python3.7/site-packages/airflow/example_dags/example_kubernetes_executor.py
[2024-02-27T13:38:50.736+0000] {processor.py:743} INFO - Processing file /home/airflow/.local/lib/python3.7/site-packages/airflow/example_dags/example_kubernetes_executor.py for tasks to queue
[2024-02-27T13:38:50.737+0000] {logging_mixin.py:137} INFO - [2024-02-27T13:38:50.737+0000] {dagbag.py:538} INFO - Filling up the DagBag from /home/airflow/.local/lib/python3.7/site-packages/airflow/example_dags/example_kubernetes_executor.py
[2024-02-27T13:38:50.756+0000] {processor.py:753} INFO - DAG(s) dict_keys(['example_kubernetes_executor']) retrieved from /home/airflow/.local/lib/python3.7/site-packages/airflow/example_dags/example_kubernetes_executor.py
[2024-02-27T13:38:50.777+0000] {logging_mixin.py:137} INFO - [2024-02-27T13:38:50.777+0000] {dag.py:2690} INFO - Sync 1 DAGs
[2024-02-27T13:38:50.793+0000] {logging_mixin.py:137} INFO - [2024-02-27T13:38:50.793+0000] {dag.py:3441} INFO - Setting next_dagrun for example_kubernetes_executor to None, run_after=None
[2024-02-27T13:38:50.864+0000] {processor.py:175} INFO - Processing /home/airflow/.local/lib/python3.7/site-packages/airflow/example_dags/example_kubernetes_executor.py took 0.132 seconds
[2024-02-27T13:39:21.231+0000] {processor.py:153} INFO - Started process (PID=1834) to work on /home/airflow/.local/lib/python3.7/site-packages/airflow/example_dags/example_kubernetes_executor.py
[2024-02-27T13:39:21.232+0000] {processor.py:743} INFO - Processing file /home/airflow/.local/lib/python3.7/site-packages/airflow/example_dags/example_kubernetes_executor.py for tasks to queue
[2024-02-27T13:39:21.233+0000] {logging_mixin.py:137} INFO - [2024-02-27T13:39:21.233+0000] {dagbag.py:538} INFO - Filling up the DagBag from /home/airflow/.local/lib/python3.7/site-packages/airflow/example_dags/example_kubernetes_executor.py
[2024-02-27T13:39:21.257+0000] {processor.py:753} INFO - DAG(s) dict_keys(['example_kubernetes_executor']) retrieved from /home/airflow/.local/lib/python3.7/site-packages/airflow/example_dags/example_kubernetes_executor.py
[2024-02-27T13:39:21.280+0000] {logging_mixin.py:137} INFO - [2024-02-27T13:39:21.280+0000] {dag.py:2690} INFO - Sync 1 DAGs
[2024-02-27T13:39:21.299+0000] {logging_mixin.py:137} INFO - [2024-02-27T13:39:21.299+0000] {dag.py:3441} INFO - Setting next_dagrun for example_kubernetes_executor to None, run_after=None
[2024-02-27T13:39:21.318+0000] {processor.py:175} INFO - Processing /home/airflow/.local/lib/python3.7/site-packages/airflow/example_dags/example_kubernetes_executor.py took 0.089 seconds
[2024-02-27T13:39:52.096+0000] {processor.py:153} INFO - Started process (PID=1948) to work on /home/airflow/.local/lib/python3.7/site-packages/airflow/example_dags/example_kubernetes_executor.py
[2024-02-27T13:39:52.097+0000] {processor.py:743} INFO - Processing file /home/airflow/.local/lib/python3.7/site-packages/airflow/example_dags/example_kubernetes_executor.py for tasks to queue
[2024-02-27T13:39:52.098+0000] {logging_mixin.py:137} INFO - [2024-02-27T13:39:52.097+0000] {dagbag.py:538} INFO - Filling up the DagBag from /home/airflow/.local/lib/python3.7/site-packages/airflow/example_dags/example_kubernetes_executor.py
[2024-02-27T13:39:52.116+0000] {processor.py:753} INFO - DAG(s) dict_keys(['example_kubernetes_executor']) retrieved from /home/airflow/.local/lib/python3.7/site-packages/airflow/example_dags/example_kubernetes_executor.py
[2024-02-27T13:39:52.137+0000] {logging_mixin.py:137} INFO - [2024-02-27T13:39:52.137+0000] {dag.py:2690} INFO - Sync 1 DAGs
[2024-02-27T13:39:52.154+0000] {logging_mixin.py:137} INFO - [2024-02-27T13:39:52.154+0000] {dag.py:3441} INFO - Setting next_dagrun for example_kubernetes_executor to None, run_after=None
[2024-02-27T13:39:52.233+0000] {processor.py:175} INFO - Processing /home/airflow/.local/lib/python3.7/site-packages/airflow/example_dags/example_kubernetes_executor.py took 0.140 seconds
[2024-02-27T13:40:22.742+0000] {processor.py:153} INFO - Started process (PID=2072) to work on /home/airflow/.local/lib/python3.7/site-packages/airflow/example_dags/example_kubernetes_executor.py
[2024-02-27T13:40:22.743+0000] {processor.py:743} INFO - Processing file /home/airflow/.local/lib/python3.7/site-packages/airflow/example_dags/example_kubernetes_executor.py for tasks to queue
[2024-02-27T13:40:22.744+0000] {logging_mixin.py:137} INFO - [2024-02-27T13:40:22.744+0000] {dagbag.py:538} INFO - Filling up the DagBag from /home/airflow/.local/lib/python3.7/site-packages/airflow/example_dags/example_kubernetes_executor.py
[2024-02-27T13:40:22.764+0000] {processor.py:753} INFO - DAG(s) dict_keys(['example_kubernetes_executor']) retrieved from /home/airflow/.local/lib/python3.7/site-packages/airflow/example_dags/example_kubernetes_executor.py
[2024-02-27T13:40:22.786+0000] {logging_mixin.py:137} INFO - [2024-02-27T13:40:22.786+0000] {dag.py:2690} INFO - Sync 1 DAGs
[2024-02-27T13:40:22.803+0000] {logging_mixin.py:137} INFO - [2024-02-27T13:40:22.803+0000] {dag.py:3441} INFO - Setting next_dagrun for example_kubernetes_executor to None, run_after=None
[2024-02-27T13:40:22.819+0000] {processor.py:175} INFO - Processing /home/airflow/.local/lib/python3.7/site-packages/airflow/example_dags/example_kubernetes_executor.py took 0.079 seconds
[2024-02-27T13:40:53.148+0000] {processor.py:153} INFO - Started process (PID=2167) to work on /home/airflow/.local/lib/python3.7/site-packages/airflow/example_dags/example_kubernetes_executor.py
[2024-02-27T13:40:53.149+0000] {processor.py:743} INFO - Processing file /home/airflow/.local/lib/python3.7/site-packages/airflow/example_dags/example_kubernetes_executor.py for tasks to queue
[2024-02-27T13:40:53.150+0000] {logging_mixin.py:137} INFO - [2024-02-27T13:40:53.150+0000] {dagbag.py:538} INFO - Filling up the DagBag from /home/airflow/.local/lib/python3.7/site-packages/airflow/example_dags/example_kubernetes_executor.py
[2024-02-27T13:40:53.174+0000] {processor.py:753} INFO - DAG(s) dict_keys(['example_kubernetes_executor']) retrieved from /home/airflow/.local/lib/python3.7/site-packages/airflow/example_dags/example_kubernetes_executor.py
[2024-02-27T13:40:53.200+0000] {logging_mixin.py:137} INFO - [2024-02-27T13:40:53.200+0000] {dag.py:2690} INFO - Sync 1 DAGs
[2024-02-27T13:40:53.262+0000] {logging_mixin.py:137} INFO - [2024-02-27T13:40:53.262+0000] {dag.py:3441} INFO - Setting next_dagrun for example_kubernetes_executor to None, run_after=None
[2024-02-27T13:40:53.334+0000] {processor.py:175} INFO - Processing /home/airflow/.local/lib/python3.7/site-packages/airflow/example_dags/example_kubernetes_executor.py took 0.191 seconds
[2024-02-27T13:41:24.205+0000] {processor.py:153} INFO - Started process (PID=2290) to work on /home/airflow/.local/lib/python3.7/site-packages/airflow/example_dags/example_kubernetes_executor.py
[2024-02-27T13:41:24.206+0000] {processor.py:743} INFO - Processing file /home/airflow/.local/lib/python3.7/site-packages/airflow/example_dags/example_kubernetes_executor.py for tasks to queue
[2024-02-27T13:41:24.208+0000] {logging_mixin.py:137} INFO - [2024-02-27T13:41:24.208+0000] {dagbag.py:538} INFO - Filling up the DagBag from /home/airflow/.local/lib/python3.7/site-packages/airflow/example_dags/example_kubernetes_executor.py
[2024-02-27T13:41:24.229+0000] {processor.py:753} INFO - DAG(s) dict_keys(['example_kubernetes_executor']) retrieved from /home/airflow/.local/lib/python3.7/site-packages/airflow/example_dags/example_kubernetes_executor.py
[2024-02-27T13:41:24.251+0000] {logging_mixin.py:137} INFO - [2024-02-27T13:41:24.251+0000] {dag.py:2690} INFO - Sync 1 DAGs
[2024-02-27T13:41:24.268+0000] {logging_mixin.py:137} INFO - [2024-02-27T13:41:24.268+0000] {dag.py:3441} INFO - Setting next_dagrun for example_kubernetes_executor to None, run_after=None
[2024-02-27T13:41:24.283+0000] {processor.py:175} INFO - Processing /home/airflow/.local/lib/python3.7/site-packages/airflow/example_dags/example_kubernetes_executor.py took 0.080 seconds
