[2024-02-27T13:31:15.484+0000] {processor.py:153} INFO - Started process (PID=58) to work on /home/airflow/.local/lib/python3.7/site-packages/airflow/example_dags/example_complex.py
[2024-02-27T13:31:15.485+0000] {processor.py:743} INFO - Processing file /home/airflow/.local/lib/python3.7/site-packages/airflow/example_dags/example_complex.py for tasks to queue
[2024-02-27T13:31:15.487+0000] {logging_mixin.py:137} INFO - [2024-02-27T13:31:15.486+0000] {dagbag.py:538} INFO - Filling up the DagBag from /home/airflow/.local/lib/python3.7/site-packages/airflow/example_dags/example_complex.py
[2024-02-27T13:31:15.496+0000] {logging_mixin.py:137} INFO - [2024-02-27T13:31:15.496+0000] {taskmixin.py:205} WARNING - Dependency <Task(BashOperator): create_entry_group>, delete_entry_group already registered for DAG: example_complex
[2024-02-27T13:31:15.497+0000] {logging_mixin.py:137} INFO - [2024-02-27T13:31:15.496+0000] {taskmixin.py:205} WARNING - Dependency <Task(BashOperator): delete_entry_group>, create_entry_group already registered for DAG: example_complex
[2024-02-27T13:31:15.497+0000] {logging_mixin.py:137} INFO - [2024-02-27T13:31:15.497+0000] {taskmixin.py:205} WARNING - Dependency <Task(BashOperator): create_entry_gcs>, delete_entry already registered for DAG: example_complex
[2024-02-27T13:31:15.498+0000] {logging_mixin.py:137} INFO - [2024-02-27T13:31:15.498+0000] {taskmixin.py:205} WARNING - Dependency <Task(BashOperator): delete_entry>, create_entry_gcs already registered for DAG: example_complex
[2024-02-27T13:31:15.499+0000] {logging_mixin.py:137} INFO - [2024-02-27T13:31:15.499+0000] {taskmixin.py:205} WARNING - Dependency <Task(BashOperator): create_tag>, delete_tag already registered for DAG: example_complex
[2024-02-27T13:31:15.500+0000] {logging_mixin.py:137} INFO - [2024-02-27T13:31:15.500+0000] {taskmixin.py:205} WARNING - Dependency <Task(BashOperator): delete_tag>, create_tag already registered for DAG: example_complex
[2024-02-27T13:31:15.507+0000] {processor.py:753} INFO - DAG(s) dict_keys(['example_complex']) retrieved from /home/airflow/.local/lib/python3.7/site-packages/airflow/example_dags/example_complex.py
[2024-02-27T13:31:15.605+0000] {logging_mixin.py:137} INFO - [2024-02-27T13:31:15.605+0000] {manager.py:504} INFO - Created Permission View: can edit on DAG:example_complex
[2024-02-27T13:31:15.614+0000] {logging_mixin.py:137} INFO - [2024-02-27T13:31:15.614+0000] {manager.py:504} INFO - Created Permission View: can delete on DAG:example_complex
[2024-02-27T13:31:15.621+0000] {logging_mixin.py:137} INFO - [2024-02-27T13:31:15.621+0000] {manager.py:504} INFO - Created Permission View: can read on DAG:example_complex
[2024-02-27T13:31:15.622+0000] {logging_mixin.py:137} INFO - [2024-02-27T13:31:15.622+0000] {dag.py:2690} INFO - Sync 1 DAGs
[2024-02-27T13:31:15.633+0000] {logging_mixin.py:137} INFO - [2024-02-27T13:31:15.632+0000] {dag.py:2711} INFO - Creating ORM DAG for example_complex
[2024-02-27T13:31:15.642+0000] {logging_mixin.py:137} INFO - [2024-02-27T13:31:15.641+0000] {dag.py:3441} INFO - Setting next_dagrun for example_complex to None, run_after=None
[2024-02-27T13:31:15.658+0000] {processor.py:175} INFO - Processing /home/airflow/.local/lib/python3.7/site-packages/airflow/example_dags/example_complex.py took 0.177 seconds
[2024-02-27T13:31:46.194+0000] {processor.py:153} INFO - Started process (PID=181) to work on /home/airflow/.local/lib/python3.7/site-packages/airflow/example_dags/example_complex.py
[2024-02-27T13:31:46.195+0000] {processor.py:743} INFO - Processing file /home/airflow/.local/lib/python3.7/site-packages/airflow/example_dags/example_complex.py for tasks to queue
[2024-02-27T13:31:46.196+0000] {logging_mixin.py:137} INFO - [2024-02-27T13:31:46.196+0000] {dagbag.py:538} INFO - Filling up the DagBag from /home/airflow/.local/lib/python3.7/site-packages/airflow/example_dags/example_complex.py
[2024-02-27T13:31:46.210+0000] {logging_mixin.py:137} INFO - [2024-02-27T13:31:46.210+0000] {taskmixin.py:205} WARNING - Dependency <Task(BashOperator): create_entry_group>, delete_entry_group already registered for DAG: example_complex
[2024-02-27T13:31:46.211+0000] {logging_mixin.py:137} INFO - [2024-02-27T13:31:46.211+0000] {taskmixin.py:205} WARNING - Dependency <Task(BashOperator): delete_entry_group>, create_entry_group already registered for DAG: example_complex
[2024-02-27T13:31:46.212+0000] {logging_mixin.py:137} INFO - [2024-02-27T13:31:46.212+0000] {taskmixin.py:205} WARNING - Dependency <Task(BashOperator): create_entry_gcs>, delete_entry already registered for DAG: example_complex
[2024-02-27T13:31:46.213+0000] {logging_mixin.py:137} INFO - [2024-02-27T13:31:46.213+0000] {taskmixin.py:205} WARNING - Dependency <Task(BashOperator): delete_entry>, create_entry_gcs already registered for DAG: example_complex
[2024-02-27T13:31:46.214+0000] {logging_mixin.py:137} INFO - [2024-02-27T13:31:46.214+0000] {taskmixin.py:205} WARNING - Dependency <Task(BashOperator): create_tag>, delete_tag already registered for DAG: example_complex
[2024-02-27T13:31:46.215+0000] {logging_mixin.py:137} INFO - [2024-02-27T13:31:46.215+0000] {taskmixin.py:205} WARNING - Dependency <Task(BashOperator): delete_tag>, create_tag already registered for DAG: example_complex
[2024-02-27T13:31:46.222+0000] {processor.py:753} INFO - DAG(s) dict_keys(['example_complex']) retrieved from /home/airflow/.local/lib/python3.7/site-packages/airflow/example_dags/example_complex.py
[2024-02-27T13:31:46.256+0000] {logging_mixin.py:137} INFO - [2024-02-27T13:31:46.255+0000] {dag.py:2690} INFO - Sync 1 DAGs
[2024-02-27T13:31:46.281+0000] {logging_mixin.py:137} INFO - [2024-02-27T13:31:46.281+0000] {dag.py:3441} INFO - Setting next_dagrun for example_complex to None, run_after=None
[2024-02-27T13:31:46.302+0000] {processor.py:175} INFO - Processing /home/airflow/.local/lib/python3.7/site-packages/airflow/example_dags/example_complex.py took 0.111 seconds
[2024-02-27T13:32:16.745+0000] {processor.py:153} INFO - Started process (PID=276) to work on /home/airflow/.local/lib/python3.7/site-packages/airflow/example_dags/example_complex.py
[2024-02-27T13:32:16.746+0000] {processor.py:743} INFO - Processing file /home/airflow/.local/lib/python3.7/site-packages/airflow/example_dags/example_complex.py for tasks to queue
[2024-02-27T13:32:16.747+0000] {logging_mixin.py:137} INFO - [2024-02-27T13:32:16.747+0000] {dagbag.py:538} INFO - Filling up the DagBag from /home/airflow/.local/lib/python3.7/site-packages/airflow/example_dags/example_complex.py
[2024-02-27T13:32:16.756+0000] {logging_mixin.py:137} INFO - [2024-02-27T13:32:16.756+0000] {taskmixin.py:205} WARNING - Dependency <Task(BashOperator): create_entry_group>, delete_entry_group already registered for DAG: example_complex
[2024-02-27T13:32:16.756+0000] {logging_mixin.py:137} INFO - [2024-02-27T13:32:16.756+0000] {taskmixin.py:205} WARNING - Dependency <Task(BashOperator): delete_entry_group>, create_entry_group already registered for DAG: example_complex
[2024-02-27T13:32:16.757+0000] {logging_mixin.py:137} INFO - [2024-02-27T13:32:16.757+0000] {taskmixin.py:205} WARNING - Dependency <Task(BashOperator): create_entry_gcs>, delete_entry already registered for DAG: example_complex
[2024-02-27T13:32:16.758+0000] {logging_mixin.py:137} INFO - [2024-02-27T13:32:16.757+0000] {taskmixin.py:205} WARNING - Dependency <Task(BashOperator): delete_entry>, create_entry_gcs already registered for DAG: example_complex
[2024-02-27T13:32:16.759+0000] {logging_mixin.py:137} INFO - [2024-02-27T13:32:16.759+0000] {taskmixin.py:205} WARNING - Dependency <Task(BashOperator): create_tag>, delete_tag already registered for DAG: example_complex
[2024-02-27T13:32:16.759+0000] {logging_mixin.py:137} INFO - [2024-02-27T13:32:16.759+0000] {taskmixin.py:205} WARNING - Dependency <Task(BashOperator): delete_tag>, create_tag already registered for DAG: example_complex
[2024-02-27T13:32:16.765+0000] {processor.py:753} INFO - DAG(s) dict_keys(['example_complex']) retrieved from /home/airflow/.local/lib/python3.7/site-packages/airflow/example_dags/example_complex.py
[2024-02-27T13:32:16.791+0000] {logging_mixin.py:137} INFO - [2024-02-27T13:32:16.791+0000] {dag.py:2690} INFO - Sync 1 DAGs
[2024-02-27T13:32:16.812+0000] {logging_mixin.py:137} INFO - [2024-02-27T13:32:16.812+0000] {dag.py:3441} INFO - Setting next_dagrun for example_complex to None, run_after=None
[2024-02-27T13:32:16.829+0000] {processor.py:175} INFO - Processing /home/airflow/.local/lib/python3.7/site-packages/airflow/example_dags/example_complex.py took 0.086 seconds
[2024-02-27T13:32:47.224+0000] {processor.py:153} INFO - Started process (PID=398) to work on /home/airflow/.local/lib/python3.7/site-packages/airflow/example_dags/example_complex.py
[2024-02-27T13:32:47.226+0000] {processor.py:743} INFO - Processing file /home/airflow/.local/lib/python3.7/site-packages/airflow/example_dags/example_complex.py for tasks to queue
[2024-02-27T13:32:47.227+0000] {logging_mixin.py:137} INFO - [2024-02-27T13:32:47.227+0000] {dagbag.py:538} INFO - Filling up the DagBag from /home/airflow/.local/lib/python3.7/site-packages/airflow/example_dags/example_complex.py
[2024-02-27T13:32:47.235+0000] {logging_mixin.py:137} INFO - [2024-02-27T13:32:47.235+0000] {taskmixin.py:205} WARNING - Dependency <Task(BashOperator): create_entry_group>, delete_entry_group already registered for DAG: example_complex
[2024-02-27T13:32:47.236+0000] {logging_mixin.py:137} INFO - [2024-02-27T13:32:47.236+0000] {taskmixin.py:205} WARNING - Dependency <Task(BashOperator): delete_entry_group>, create_entry_group already registered for DAG: example_complex
[2024-02-27T13:32:47.237+0000] {logging_mixin.py:137} INFO - [2024-02-27T13:32:47.237+0000] {taskmixin.py:205} WARNING - Dependency <Task(BashOperator): create_entry_gcs>, delete_entry already registered for DAG: example_complex
[2024-02-27T13:32:47.239+0000] {logging_mixin.py:137} INFO - [2024-02-27T13:32:47.239+0000] {taskmixin.py:205} WARNING - Dependency <Task(BashOperator): delete_entry>, create_entry_gcs already registered for DAG: example_complex
[2024-02-27T13:32:47.240+0000] {logging_mixin.py:137} INFO - [2024-02-27T13:32:47.240+0000] {taskmixin.py:205} WARNING - Dependency <Task(BashOperator): create_tag>, delete_tag already registered for DAG: example_complex
[2024-02-27T13:32:47.242+0000] {logging_mixin.py:137} INFO - [2024-02-27T13:32:47.242+0000] {taskmixin.py:205} WARNING - Dependency <Task(BashOperator): delete_tag>, create_tag already registered for DAG: example_complex
[2024-02-27T13:32:47.247+0000] {processor.py:753} INFO - DAG(s) dict_keys(['example_complex']) retrieved from /home/airflow/.local/lib/python3.7/site-packages/airflow/example_dags/example_complex.py
[2024-02-27T13:32:47.270+0000] {logging_mixin.py:137} INFO - [2024-02-27T13:32:47.270+0000] {dag.py:2690} INFO - Sync 1 DAGs
[2024-02-27T13:32:47.287+0000] {logging_mixin.py:137} INFO - [2024-02-27T13:32:47.287+0000] {dag.py:3441} INFO - Setting next_dagrun for example_complex to None, run_after=None
[2024-02-27T13:32:47.303+0000] {processor.py:175} INFO - Processing /home/airflow/.local/lib/python3.7/site-packages/airflow/example_dags/example_complex.py took 0.080 seconds
[2024-02-27T13:33:17.663+0000] {processor.py:153} INFO - Started process (PID=521) to work on /home/airflow/.local/lib/python3.7/site-packages/airflow/example_dags/example_complex.py
[2024-02-27T13:33:17.664+0000] {processor.py:743} INFO - Processing file /home/airflow/.local/lib/python3.7/site-packages/airflow/example_dags/example_complex.py for tasks to queue
[2024-02-27T13:33:17.666+0000] {logging_mixin.py:137} INFO - [2024-02-27T13:33:17.666+0000] {dagbag.py:538} INFO - Filling up the DagBag from /home/airflow/.local/lib/python3.7/site-packages/airflow/example_dags/example_complex.py
[2024-02-27T13:33:17.675+0000] {logging_mixin.py:137} INFO - [2024-02-27T13:33:17.675+0000] {taskmixin.py:205} WARNING - Dependency <Task(BashOperator): create_entry_group>, delete_entry_group already registered for DAG: example_complex
[2024-02-27T13:33:17.676+0000] {logging_mixin.py:137} INFO - [2024-02-27T13:33:17.676+0000] {taskmixin.py:205} WARNING - Dependency <Task(BashOperator): delete_entry_group>, create_entry_group already registered for DAG: example_complex
[2024-02-27T13:33:17.678+0000] {logging_mixin.py:137} INFO - [2024-02-27T13:33:17.678+0000] {taskmixin.py:205} WARNING - Dependency <Task(BashOperator): create_entry_gcs>, delete_entry already registered for DAG: example_complex
[2024-02-27T13:33:17.679+0000] {logging_mixin.py:137} INFO - [2024-02-27T13:33:17.679+0000] {taskmixin.py:205} WARNING - Dependency <Task(BashOperator): delete_entry>, create_entry_gcs already registered for DAG: example_complex
[2024-02-27T13:33:17.680+0000] {logging_mixin.py:137} INFO - [2024-02-27T13:33:17.680+0000] {taskmixin.py:205} WARNING - Dependency <Task(BashOperator): create_tag>, delete_tag already registered for DAG: example_complex
[2024-02-27T13:33:17.681+0000] {logging_mixin.py:137} INFO - [2024-02-27T13:33:17.681+0000] {taskmixin.py:205} WARNING - Dependency <Task(BashOperator): delete_tag>, create_tag already registered for DAG: example_complex
[2024-02-27T13:33:17.686+0000] {processor.py:753} INFO - DAG(s) dict_keys(['example_complex']) retrieved from /home/airflow/.local/lib/python3.7/site-packages/airflow/example_dags/example_complex.py
[2024-02-27T13:33:17.710+0000] {logging_mixin.py:137} INFO - [2024-02-27T13:33:17.709+0000] {dag.py:2690} INFO - Sync 1 DAGs
[2024-02-27T13:33:17.728+0000] {logging_mixin.py:137} INFO - [2024-02-27T13:33:17.728+0000] {dag.py:3441} INFO - Setting next_dagrun for example_complex to None, run_after=None
[2024-02-27T13:33:17.744+0000] {processor.py:175} INFO - Processing /home/airflow/.local/lib/python3.7/site-packages/airflow/example_dags/example_complex.py took 0.084 seconds
[2024-02-27T13:33:47.921+0000] {processor.py:153} INFO - Started process (PID=615) to work on /home/airflow/.local/lib/python3.7/site-packages/airflow/example_dags/example_complex.py
[2024-02-27T13:33:47.922+0000] {processor.py:743} INFO - Processing file /home/airflow/.local/lib/python3.7/site-packages/airflow/example_dags/example_complex.py for tasks to queue
[2024-02-27T13:33:47.923+0000] {logging_mixin.py:137} INFO - [2024-02-27T13:33:47.923+0000] {dagbag.py:538} INFO - Filling up the DagBag from /home/airflow/.local/lib/python3.7/site-packages/airflow/example_dags/example_complex.py
[2024-02-27T13:33:47.930+0000] {logging_mixin.py:137} INFO - [2024-02-27T13:33:47.930+0000] {taskmixin.py:205} WARNING - Dependency <Task(BashOperator): create_entry_group>, delete_entry_group already registered for DAG: example_complex
[2024-02-27T13:33:47.931+0000] {logging_mixin.py:137} INFO - [2024-02-27T13:33:47.931+0000] {taskmixin.py:205} WARNING - Dependency <Task(BashOperator): delete_entry_group>, create_entry_group already registered for DAG: example_complex
[2024-02-27T13:33:47.931+0000] {logging_mixin.py:137} INFO - [2024-02-27T13:33:47.931+0000] {taskmixin.py:205} WARNING - Dependency <Task(BashOperator): create_entry_gcs>, delete_entry already registered for DAG: example_complex
[2024-02-27T13:33:47.932+0000] {logging_mixin.py:137} INFO - [2024-02-27T13:33:47.932+0000] {taskmixin.py:205} WARNING - Dependency <Task(BashOperator): delete_entry>, create_entry_gcs already registered for DAG: example_complex
[2024-02-27T13:33:47.932+0000] {logging_mixin.py:137} INFO - [2024-02-27T13:33:47.932+0000] {taskmixin.py:205} WARNING - Dependency <Task(BashOperator): create_tag>, delete_tag already registered for DAG: example_complex
[2024-02-27T13:33:47.932+0000] {logging_mixin.py:137} INFO - [2024-02-27T13:33:47.932+0000] {taskmixin.py:205} WARNING - Dependency <Task(BashOperator): delete_tag>, create_tag already registered for DAG: example_complex
[2024-02-27T13:33:47.937+0000] {processor.py:753} INFO - DAG(s) dict_keys(['example_complex']) retrieved from /home/airflow/.local/lib/python3.7/site-packages/airflow/example_dags/example_complex.py
[2024-02-27T13:33:47.959+0000] {logging_mixin.py:137} INFO - [2024-02-27T13:33:47.959+0000] {dag.py:2690} INFO - Sync 1 DAGs
[2024-02-27T13:33:47.975+0000] {logging_mixin.py:137} INFO - [2024-02-27T13:33:47.975+0000] {dag.py:3441} INFO - Setting next_dagrun for example_complex to None, run_after=None
[2024-02-27T13:33:47.991+0000] {processor.py:175} INFO - Processing /home/airflow/.local/lib/python3.7/site-packages/airflow/example_dags/example_complex.py took 0.072 seconds
[2024-02-27T13:34:18.275+0000] {processor.py:153} INFO - Started process (PID=738) to work on /home/airflow/.local/lib/python3.7/site-packages/airflow/example_dags/example_complex.py
[2024-02-27T13:34:18.277+0000] {processor.py:743} INFO - Processing file /home/airflow/.local/lib/python3.7/site-packages/airflow/example_dags/example_complex.py for tasks to queue
[2024-02-27T13:34:18.280+0000] {logging_mixin.py:137} INFO - [2024-02-27T13:34:18.279+0000] {dagbag.py:538} INFO - Filling up the DagBag from /home/airflow/.local/lib/python3.7/site-packages/airflow/example_dags/example_complex.py
[2024-02-27T13:34:18.288+0000] {logging_mixin.py:137} INFO - [2024-02-27T13:34:18.288+0000] {taskmixin.py:205} WARNING - Dependency <Task(BashOperator): create_entry_group>, delete_entry_group already registered for DAG: example_complex
[2024-02-27T13:34:18.289+0000] {logging_mixin.py:137} INFO - [2024-02-27T13:34:18.288+0000] {taskmixin.py:205} WARNING - Dependency <Task(BashOperator): delete_entry_group>, create_entry_group already registered for DAG: example_complex
[2024-02-27T13:34:18.290+0000] {logging_mixin.py:137} INFO - [2024-02-27T13:34:18.289+0000] {taskmixin.py:205} WARNING - Dependency <Task(BashOperator): create_entry_gcs>, delete_entry already registered for DAG: example_complex
[2024-02-27T13:34:18.290+0000] {logging_mixin.py:137} INFO - [2024-02-27T13:34:18.290+0000] {taskmixin.py:205} WARNING - Dependency <Task(BashOperator): delete_entry>, create_entry_gcs already registered for DAG: example_complex
[2024-02-27T13:34:18.291+0000] {logging_mixin.py:137} INFO - [2024-02-27T13:34:18.291+0000] {taskmixin.py:205} WARNING - Dependency <Task(BashOperator): create_tag>, delete_tag already registered for DAG: example_complex
[2024-02-27T13:34:18.292+0000] {logging_mixin.py:137} INFO - [2024-02-27T13:34:18.292+0000] {taskmixin.py:205} WARNING - Dependency <Task(BashOperator): delete_tag>, create_tag already registered for DAG: example_complex
[2024-02-27T13:34:18.296+0000] {processor.py:753} INFO - DAG(s) dict_keys(['example_complex']) retrieved from /home/airflow/.local/lib/python3.7/site-packages/airflow/example_dags/example_complex.py
[2024-02-27T13:34:18.320+0000] {logging_mixin.py:137} INFO - [2024-02-27T13:34:18.320+0000] {dag.py:2690} INFO - Sync 1 DAGs
[2024-02-27T13:34:18.338+0000] {logging_mixin.py:137} INFO - [2024-02-27T13:34:18.338+0000] {dag.py:3441} INFO - Setting next_dagrun for example_complex to None, run_after=None
[2024-02-27T13:34:18.354+0000] {processor.py:175} INFO - Processing /home/airflow/.local/lib/python3.7/site-packages/airflow/example_dags/example_complex.py took 0.081 seconds
[2024-02-27T13:34:48.785+0000] {processor.py:153} INFO - Started process (PID=834) to work on /home/airflow/.local/lib/python3.7/site-packages/airflow/example_dags/example_complex.py
[2024-02-27T13:34:48.786+0000] {processor.py:743} INFO - Processing file /home/airflow/.local/lib/python3.7/site-packages/airflow/example_dags/example_complex.py for tasks to queue
[2024-02-27T13:34:48.787+0000] {logging_mixin.py:137} INFO - [2024-02-27T13:34:48.787+0000] {dagbag.py:538} INFO - Filling up the DagBag from /home/airflow/.local/lib/python3.7/site-packages/airflow/example_dags/example_complex.py
[2024-02-27T13:34:48.795+0000] {logging_mixin.py:137} INFO - [2024-02-27T13:34:48.795+0000] {taskmixin.py:205} WARNING - Dependency <Task(BashOperator): create_entry_group>, delete_entry_group already registered for DAG: example_complex
[2024-02-27T13:34:48.796+0000] {logging_mixin.py:137} INFO - [2024-02-27T13:34:48.796+0000] {taskmixin.py:205} WARNING - Dependency <Task(BashOperator): delete_entry_group>, create_entry_group already registered for DAG: example_complex
[2024-02-27T13:34:48.797+0000] {logging_mixin.py:137} INFO - [2024-02-27T13:34:48.797+0000] {taskmixin.py:205} WARNING - Dependency <Task(BashOperator): create_entry_gcs>, delete_entry already registered for DAG: example_complex
[2024-02-27T13:34:48.797+0000] {logging_mixin.py:137} INFO - [2024-02-27T13:34:48.797+0000] {taskmixin.py:205} WARNING - Dependency <Task(BashOperator): delete_entry>, create_entry_gcs already registered for DAG: example_complex
[2024-02-27T13:34:48.798+0000] {logging_mixin.py:137} INFO - [2024-02-27T13:34:48.798+0000] {taskmixin.py:205} WARNING - Dependency <Task(BashOperator): create_tag>, delete_tag already registered for DAG: example_complex
[2024-02-27T13:34:48.799+0000] {logging_mixin.py:137} INFO - [2024-02-27T13:34:48.799+0000] {taskmixin.py:205} WARNING - Dependency <Task(BashOperator): delete_tag>, create_tag already registered for DAG: example_complex
[2024-02-27T13:34:48.804+0000] {processor.py:753} INFO - DAG(s) dict_keys(['example_complex']) retrieved from /home/airflow/.local/lib/python3.7/site-packages/airflow/example_dags/example_complex.py
[2024-02-27T13:34:48.825+0000] {logging_mixin.py:137} INFO - [2024-02-27T13:34:48.825+0000] {dag.py:2690} INFO - Sync 1 DAGs
[2024-02-27T13:34:48.842+0000] {logging_mixin.py:137} INFO - [2024-02-27T13:34:48.841+0000] {dag.py:3441} INFO - Setting next_dagrun for example_complex to None, run_after=None
[2024-02-27T13:34:48.857+0000] {processor.py:175} INFO - Processing /home/airflow/.local/lib/python3.7/site-packages/airflow/example_dags/example_complex.py took 0.075 seconds
[2024-02-27T13:35:19.185+0000] {processor.py:153} INFO - Started process (PID=957) to work on /home/airflow/.local/lib/python3.7/site-packages/airflow/example_dags/example_complex.py
[2024-02-27T13:35:19.186+0000] {processor.py:743} INFO - Processing file /home/airflow/.local/lib/python3.7/site-packages/airflow/example_dags/example_complex.py for tasks to queue
[2024-02-27T13:35:19.187+0000] {logging_mixin.py:137} INFO - [2024-02-27T13:35:19.187+0000] {dagbag.py:538} INFO - Filling up the DagBag from /home/airflow/.local/lib/python3.7/site-packages/airflow/example_dags/example_complex.py
[2024-02-27T13:35:19.195+0000] {logging_mixin.py:137} INFO - [2024-02-27T13:35:19.195+0000] {taskmixin.py:205} WARNING - Dependency <Task(BashOperator): create_entry_group>, delete_entry_group already registered for DAG: example_complex
[2024-02-27T13:35:19.196+0000] {logging_mixin.py:137} INFO - [2024-02-27T13:35:19.196+0000] {taskmixin.py:205} WARNING - Dependency <Task(BashOperator): delete_entry_group>, create_entry_group already registered for DAG: example_complex
[2024-02-27T13:35:19.196+0000] {logging_mixin.py:137} INFO - [2024-02-27T13:35:19.196+0000] {taskmixin.py:205} WARNING - Dependency <Task(BashOperator): create_entry_gcs>, delete_entry already registered for DAG: example_complex
[2024-02-27T13:35:19.197+0000] {logging_mixin.py:137} INFO - [2024-02-27T13:35:19.197+0000] {taskmixin.py:205} WARNING - Dependency <Task(BashOperator): delete_entry>, create_entry_gcs already registered for DAG: example_complex
[2024-02-27T13:35:19.197+0000] {logging_mixin.py:137} INFO - [2024-02-27T13:35:19.197+0000] {taskmixin.py:205} WARNING - Dependency <Task(BashOperator): create_tag>, delete_tag already registered for DAG: example_complex
[2024-02-27T13:35:19.198+0000] {logging_mixin.py:137} INFO - [2024-02-27T13:35:19.198+0000] {taskmixin.py:205} WARNING - Dependency <Task(BashOperator): delete_tag>, create_tag already registered for DAG: example_complex
[2024-02-27T13:35:19.203+0000] {processor.py:753} INFO - DAG(s) dict_keys(['example_complex']) retrieved from /home/airflow/.local/lib/python3.7/site-packages/airflow/example_dags/example_complex.py
[2024-02-27T13:35:19.228+0000] {logging_mixin.py:137} INFO - [2024-02-27T13:35:19.227+0000] {dag.py:2690} INFO - Sync 1 DAGs
[2024-02-27T13:35:19.246+0000] {logging_mixin.py:137} INFO - [2024-02-27T13:35:19.246+0000] {dag.py:3441} INFO - Setting next_dagrun for example_complex to None, run_after=None
[2024-02-27T13:35:19.261+0000] {processor.py:175} INFO - Processing /home/airflow/.local/lib/python3.7/site-packages/airflow/example_dags/example_complex.py took 0.078 seconds
[2024-02-27T13:35:49.397+0000] {processor.py:153} INFO - Started process (PID=1061) to work on /home/airflow/.local/lib/python3.7/site-packages/airflow/example_dags/example_complex.py
[2024-02-27T13:35:49.399+0000] {processor.py:743} INFO - Processing file /home/airflow/.local/lib/python3.7/site-packages/airflow/example_dags/example_complex.py for tasks to queue
[2024-02-27T13:35:49.399+0000] {logging_mixin.py:137} INFO - [2024-02-27T13:35:49.399+0000] {dagbag.py:538} INFO - Filling up the DagBag from /home/airflow/.local/lib/python3.7/site-packages/airflow/example_dags/example_complex.py
[2024-02-27T13:35:49.408+0000] {logging_mixin.py:137} INFO - [2024-02-27T13:35:49.408+0000] {taskmixin.py:205} WARNING - Dependency <Task(BashOperator): create_entry_group>, delete_entry_group already registered for DAG: example_complex
[2024-02-27T13:35:49.409+0000] {logging_mixin.py:137} INFO - [2024-02-27T13:35:49.409+0000] {taskmixin.py:205} WARNING - Dependency <Task(BashOperator): delete_entry_group>, create_entry_group already registered for DAG: example_complex
[2024-02-27T13:35:49.410+0000] {logging_mixin.py:137} INFO - [2024-02-27T13:35:49.409+0000] {taskmixin.py:205} WARNING - Dependency <Task(BashOperator): create_entry_gcs>, delete_entry already registered for DAG: example_complex
[2024-02-27T13:35:49.410+0000] {logging_mixin.py:137} INFO - [2024-02-27T13:35:49.410+0000] {taskmixin.py:205} WARNING - Dependency <Task(BashOperator): delete_entry>, create_entry_gcs already registered for DAG: example_complex
[2024-02-27T13:35:49.411+0000] {logging_mixin.py:137} INFO - [2024-02-27T13:35:49.411+0000] {taskmixin.py:205} WARNING - Dependency <Task(BashOperator): create_tag>, delete_tag already registered for DAG: example_complex
[2024-02-27T13:35:49.411+0000] {logging_mixin.py:137} INFO - [2024-02-27T13:35:49.411+0000] {taskmixin.py:205} WARNING - Dependency <Task(BashOperator): delete_tag>, create_tag already registered for DAG: example_complex
[2024-02-27T13:35:49.417+0000] {processor.py:753} INFO - DAG(s) dict_keys(['example_complex']) retrieved from /home/airflow/.local/lib/python3.7/site-packages/airflow/example_dags/example_complex.py
[2024-02-27T13:35:49.440+0000] {logging_mixin.py:137} INFO - [2024-02-27T13:35:49.440+0000] {dag.py:2690} INFO - Sync 1 DAGs
[2024-02-27T13:35:49.459+0000] {logging_mixin.py:137} INFO - [2024-02-27T13:35:49.459+0000] {dag.py:3441} INFO - Setting next_dagrun for example_complex to None, run_after=None
[2024-02-27T13:35:49.475+0000] {processor.py:175} INFO - Processing /home/airflow/.local/lib/python3.7/site-packages/airflow/example_dags/example_complex.py took 0.080 seconds
[2024-02-27T13:36:19.652+0000] {processor.py:153} INFO - Started process (PID=1175) to work on /home/airflow/.local/lib/python3.7/site-packages/airflow/example_dags/example_complex.py
[2024-02-27T13:36:19.653+0000] {processor.py:743} INFO - Processing file /home/airflow/.local/lib/python3.7/site-packages/airflow/example_dags/example_complex.py for tasks to queue
[2024-02-27T13:36:19.654+0000] {logging_mixin.py:137} INFO - [2024-02-27T13:36:19.654+0000] {dagbag.py:538} INFO - Filling up the DagBag from /home/airflow/.local/lib/python3.7/site-packages/airflow/example_dags/example_complex.py
[2024-02-27T13:36:19.662+0000] {logging_mixin.py:137} INFO - [2024-02-27T13:36:19.662+0000] {taskmixin.py:205} WARNING - Dependency <Task(BashOperator): create_entry_group>, delete_entry_group already registered for DAG: example_complex
[2024-02-27T13:36:19.662+0000] {logging_mixin.py:137} INFO - [2024-02-27T13:36:19.662+0000] {taskmixin.py:205} WARNING - Dependency <Task(BashOperator): delete_entry_group>, create_entry_group already registered for DAG: example_complex
[2024-02-27T13:36:19.663+0000] {logging_mixin.py:137} INFO - [2024-02-27T13:36:19.663+0000] {taskmixin.py:205} WARNING - Dependency <Task(BashOperator): create_entry_gcs>, delete_entry already registered for DAG: example_complex
[2024-02-27T13:36:19.663+0000] {logging_mixin.py:137} INFO - [2024-02-27T13:36:19.663+0000] {taskmixin.py:205} WARNING - Dependency <Task(BashOperator): delete_entry>, create_entry_gcs already registered for DAG: example_complex
[2024-02-27T13:36:19.664+0000] {logging_mixin.py:137} INFO - [2024-02-27T13:36:19.664+0000] {taskmixin.py:205} WARNING - Dependency <Task(BashOperator): create_tag>, delete_tag already registered for DAG: example_complex
[2024-02-27T13:36:19.665+0000] {logging_mixin.py:137} INFO - [2024-02-27T13:36:19.665+0000] {taskmixin.py:205} WARNING - Dependency <Task(BashOperator): delete_tag>, create_tag already registered for DAG: example_complex
[2024-02-27T13:36:19.670+0000] {processor.py:753} INFO - DAG(s) dict_keys(['example_complex']) retrieved from /home/airflow/.local/lib/python3.7/site-packages/airflow/example_dags/example_complex.py
[2024-02-27T13:36:19.690+0000] {logging_mixin.py:137} INFO - [2024-02-27T13:36:19.690+0000] {dag.py:2690} INFO - Sync 1 DAGs
[2024-02-27T13:36:19.707+0000] {logging_mixin.py:137} INFO - [2024-02-27T13:36:19.707+0000] {dag.py:3441} INFO - Setting next_dagrun for example_complex to None, run_after=None
[2024-02-27T13:36:19.722+0000] {processor.py:175} INFO - Processing /home/airflow/.local/lib/python3.7/site-packages/airflow/example_dags/example_complex.py took 0.072 seconds
[2024-02-27T13:36:49.923+0000] {processor.py:153} INFO - Started process (PID=1298) to work on /home/airflow/.local/lib/python3.7/site-packages/airflow/example_dags/example_complex.py
[2024-02-27T13:36:49.924+0000] {processor.py:743} INFO - Processing file /home/airflow/.local/lib/python3.7/site-packages/airflow/example_dags/example_complex.py for tasks to queue
[2024-02-27T13:36:49.925+0000] {logging_mixin.py:137} INFO - [2024-02-27T13:36:49.925+0000] {dagbag.py:538} INFO - Filling up the DagBag from /home/airflow/.local/lib/python3.7/site-packages/airflow/example_dags/example_complex.py
[2024-02-27T13:36:49.933+0000] {logging_mixin.py:137} INFO - [2024-02-27T13:36:49.932+0000] {taskmixin.py:205} WARNING - Dependency <Task(BashOperator): create_entry_group>, delete_entry_group already registered for DAG: example_complex
[2024-02-27T13:36:49.933+0000] {logging_mixin.py:137} INFO - [2024-02-27T13:36:49.933+0000] {taskmixin.py:205} WARNING - Dependency <Task(BashOperator): delete_entry_group>, create_entry_group already registered for DAG: example_complex
[2024-02-27T13:36:49.934+0000] {logging_mixin.py:137} INFO - [2024-02-27T13:36:49.934+0000] {taskmixin.py:205} WARNING - Dependency <Task(BashOperator): create_entry_gcs>, delete_entry already registered for DAG: example_complex
[2024-02-27T13:36:49.934+0000] {logging_mixin.py:137} INFO - [2024-02-27T13:36:49.934+0000] {taskmixin.py:205} WARNING - Dependency <Task(BashOperator): delete_entry>, create_entry_gcs already registered for DAG: example_complex
[2024-02-27T13:36:49.935+0000] {logging_mixin.py:137} INFO - [2024-02-27T13:36:49.935+0000] {taskmixin.py:205} WARNING - Dependency <Task(BashOperator): create_tag>, delete_tag already registered for DAG: example_complex
[2024-02-27T13:36:49.935+0000] {logging_mixin.py:137} INFO - [2024-02-27T13:36:49.935+0000] {taskmixin.py:205} WARNING - Dependency <Task(BashOperator): delete_tag>, create_tag already registered for DAG: example_complex
[2024-02-27T13:36:49.940+0000] {processor.py:753} INFO - DAG(s) dict_keys(['example_complex']) retrieved from /home/airflow/.local/lib/python3.7/site-packages/airflow/example_dags/example_complex.py
[2024-02-27T13:36:49.962+0000] {logging_mixin.py:137} INFO - [2024-02-27T13:36:49.962+0000] {dag.py:2690} INFO - Sync 1 DAGs
[2024-02-27T13:36:49.979+0000] {logging_mixin.py:137} INFO - [2024-02-27T13:36:49.979+0000] {dag.py:3441} INFO - Setting next_dagrun for example_complex to None, run_after=None
[2024-02-27T13:36:49.995+0000] {processor.py:175} INFO - Processing /home/airflow/.local/lib/python3.7/site-packages/airflow/example_dags/example_complex.py took 0.074 seconds
[2024-02-27T13:37:20.110+0000] {processor.py:153} INFO - Started process (PID=1393) to work on /home/airflow/.local/lib/python3.7/site-packages/airflow/example_dags/example_complex.py
[2024-02-27T13:37:20.111+0000] {processor.py:743} INFO - Processing file /home/airflow/.local/lib/python3.7/site-packages/airflow/example_dags/example_complex.py for tasks to queue
[2024-02-27T13:37:20.112+0000] {logging_mixin.py:137} INFO - [2024-02-27T13:37:20.112+0000] {dagbag.py:538} INFO - Filling up the DagBag from /home/airflow/.local/lib/python3.7/site-packages/airflow/example_dags/example_complex.py
[2024-02-27T13:37:20.120+0000] {logging_mixin.py:137} INFO - [2024-02-27T13:37:20.120+0000] {taskmixin.py:205} WARNING - Dependency <Task(BashOperator): create_entry_group>, delete_entry_group already registered for DAG: example_complex
[2024-02-27T13:37:20.121+0000] {logging_mixin.py:137} INFO - [2024-02-27T13:37:20.121+0000] {taskmixin.py:205} WARNING - Dependency <Task(BashOperator): delete_entry_group>, create_entry_group already registered for DAG: example_complex
[2024-02-27T13:37:20.121+0000] {logging_mixin.py:137} INFO - [2024-02-27T13:37:20.121+0000] {taskmixin.py:205} WARNING - Dependency <Task(BashOperator): create_entry_gcs>, delete_entry already registered for DAG: example_complex
[2024-02-27T13:37:20.122+0000] {logging_mixin.py:137} INFO - [2024-02-27T13:37:20.122+0000] {taskmixin.py:205} WARNING - Dependency <Task(BashOperator): delete_entry>, create_entry_gcs already registered for DAG: example_complex
[2024-02-27T13:37:20.123+0000] {logging_mixin.py:137} INFO - [2024-02-27T13:37:20.123+0000] {taskmixin.py:205} WARNING - Dependency <Task(BashOperator): create_tag>, delete_tag already registered for DAG: example_complex
[2024-02-27T13:37:20.123+0000] {logging_mixin.py:137} INFO - [2024-02-27T13:37:20.123+0000] {taskmixin.py:205} WARNING - Dependency <Task(BashOperator): delete_tag>, create_tag already registered for DAG: example_complex
[2024-02-27T13:37:20.129+0000] {processor.py:753} INFO - DAG(s) dict_keys(['example_complex']) retrieved from /home/airflow/.local/lib/python3.7/site-packages/airflow/example_dags/example_complex.py
[2024-02-27T13:37:20.152+0000] {logging_mixin.py:137} INFO - [2024-02-27T13:37:20.151+0000] {dag.py:2690} INFO - Sync 1 DAGs
[2024-02-27T13:37:20.170+0000] {logging_mixin.py:137} INFO - [2024-02-27T13:37:20.170+0000] {dag.py:3441} INFO - Setting next_dagrun for example_complex to None, run_after=None
[2024-02-27T13:37:20.187+0000] {processor.py:175} INFO - Processing /home/airflow/.local/lib/python3.7/site-packages/airflow/example_dags/example_complex.py took 0.080 seconds
[2024-02-27T13:37:50.526+0000] {processor.py:153} INFO - Started process (PID=1518) to work on /home/airflow/.local/lib/python3.7/site-packages/airflow/example_dags/example_complex.py
[2024-02-27T13:37:50.527+0000] {processor.py:743} INFO - Processing file /home/airflow/.local/lib/python3.7/site-packages/airflow/example_dags/example_complex.py for tasks to queue
[2024-02-27T13:37:50.529+0000] {logging_mixin.py:137} INFO - [2024-02-27T13:37:50.528+0000] {dagbag.py:538} INFO - Filling up the DagBag from /home/airflow/.local/lib/python3.7/site-packages/airflow/example_dags/example_complex.py
[2024-02-27T13:37:50.537+0000] {logging_mixin.py:137} INFO - [2024-02-27T13:37:50.536+0000] {taskmixin.py:205} WARNING - Dependency <Task(BashOperator): create_entry_group>, delete_entry_group already registered for DAG: example_complex
[2024-02-27T13:37:50.537+0000] {logging_mixin.py:137} INFO - [2024-02-27T13:37:50.537+0000] {taskmixin.py:205} WARNING - Dependency <Task(BashOperator): delete_entry_group>, create_entry_group already registered for DAG: example_complex
[2024-02-27T13:37:50.538+0000] {logging_mixin.py:137} INFO - [2024-02-27T13:37:50.538+0000] {taskmixin.py:205} WARNING - Dependency <Task(BashOperator): create_entry_gcs>, delete_entry already registered for DAG: example_complex
[2024-02-27T13:37:50.538+0000] {logging_mixin.py:137} INFO - [2024-02-27T13:37:50.538+0000] {taskmixin.py:205} WARNING - Dependency <Task(BashOperator): delete_entry>, create_entry_gcs already registered for DAG: example_complex
[2024-02-27T13:37:50.539+0000] {logging_mixin.py:137} INFO - [2024-02-27T13:37:50.539+0000] {taskmixin.py:205} WARNING - Dependency <Task(BashOperator): create_tag>, delete_tag already registered for DAG: example_complex
[2024-02-27T13:37:50.540+0000] {logging_mixin.py:137} INFO - [2024-02-27T13:37:50.540+0000] {taskmixin.py:205} WARNING - Dependency <Task(BashOperator): delete_tag>, create_tag already registered for DAG: example_complex
[2024-02-27T13:37:50.545+0000] {processor.py:753} INFO - DAG(s) dict_keys(['example_complex']) retrieved from /home/airflow/.local/lib/python3.7/site-packages/airflow/example_dags/example_complex.py
[2024-02-27T13:37:50.566+0000] {logging_mixin.py:137} INFO - [2024-02-27T13:37:50.566+0000] {dag.py:2690} INFO - Sync 1 DAGs
[2024-02-27T13:37:50.584+0000] {logging_mixin.py:137} INFO - [2024-02-27T13:37:50.584+0000] {dag.py:3441} INFO - Setting next_dagrun for example_complex to None, run_after=None
[2024-02-27T13:37:50.599+0000] {processor.py:175} INFO - Processing /home/airflow/.local/lib/python3.7/site-packages/airflow/example_dags/example_complex.py took 0.075 seconds
[2024-02-27T13:38:20.730+0000] {processor.py:153} INFO - Started process (PID=1613) to work on /home/airflow/.local/lib/python3.7/site-packages/airflow/example_dags/example_complex.py
[2024-02-27T13:38:20.731+0000] {processor.py:743} INFO - Processing file /home/airflow/.local/lib/python3.7/site-packages/airflow/example_dags/example_complex.py for tasks to queue
[2024-02-27T13:38:20.732+0000] {logging_mixin.py:137} INFO - [2024-02-27T13:38:20.732+0000] {dagbag.py:538} INFO - Filling up the DagBag from /home/airflow/.local/lib/python3.7/site-packages/airflow/example_dags/example_complex.py
[2024-02-27T13:38:20.740+0000] {logging_mixin.py:137} INFO - [2024-02-27T13:38:20.740+0000] {taskmixin.py:205} WARNING - Dependency <Task(BashOperator): create_entry_group>, delete_entry_group already registered for DAG: example_complex
[2024-02-27T13:38:20.741+0000] {logging_mixin.py:137} INFO - [2024-02-27T13:38:20.741+0000] {taskmixin.py:205} WARNING - Dependency <Task(BashOperator): delete_entry_group>, create_entry_group already registered for DAG: example_complex
[2024-02-27T13:38:20.741+0000] {logging_mixin.py:137} INFO - [2024-02-27T13:38:20.741+0000] {taskmixin.py:205} WARNING - Dependency <Task(BashOperator): create_entry_gcs>, delete_entry already registered for DAG: example_complex
[2024-02-27T13:38:20.742+0000] {logging_mixin.py:137} INFO - [2024-02-27T13:38:20.742+0000] {taskmixin.py:205} WARNING - Dependency <Task(BashOperator): delete_entry>, create_entry_gcs already registered for DAG: example_complex
[2024-02-27T13:38:20.743+0000] {logging_mixin.py:137} INFO - [2024-02-27T13:38:20.742+0000] {taskmixin.py:205} WARNING - Dependency <Task(BashOperator): create_tag>, delete_tag already registered for DAG: example_complex
[2024-02-27T13:38:20.743+0000] {logging_mixin.py:137} INFO - [2024-02-27T13:38:20.743+0000] {taskmixin.py:205} WARNING - Dependency <Task(BashOperator): delete_tag>, create_tag already registered for DAG: example_complex
[2024-02-27T13:38:20.748+0000] {processor.py:753} INFO - DAG(s) dict_keys(['example_complex']) retrieved from /home/airflow/.local/lib/python3.7/site-packages/airflow/example_dags/example_complex.py
[2024-02-27T13:38:20.771+0000] {logging_mixin.py:137} INFO - [2024-02-27T13:38:20.771+0000] {dag.py:2690} INFO - Sync 1 DAGs
[2024-02-27T13:38:20.788+0000] {logging_mixin.py:137} INFO - [2024-02-27T13:38:20.788+0000] {dag.py:3441} INFO - Setting next_dagrun for example_complex to None, run_after=None
[2024-02-27T13:38:20.802+0000] {processor.py:175} INFO - Processing /home/airflow/.local/lib/python3.7/site-packages/airflow/example_dags/example_complex.py took 0.075 seconds
[2024-02-27T13:38:51.161+0000] {processor.py:153} INFO - Started process (PID=1736) to work on /home/airflow/.local/lib/python3.7/site-packages/airflow/example_dags/example_complex.py
[2024-02-27T13:38:51.162+0000] {processor.py:743} INFO - Processing file /home/airflow/.local/lib/python3.7/site-packages/airflow/example_dags/example_complex.py for tasks to queue
[2024-02-27T13:38:51.163+0000] {logging_mixin.py:137} INFO - [2024-02-27T13:38:51.163+0000] {dagbag.py:538} INFO - Filling up the DagBag from /home/airflow/.local/lib/python3.7/site-packages/airflow/example_dags/example_complex.py
[2024-02-27T13:38:51.171+0000] {logging_mixin.py:137} INFO - [2024-02-27T13:38:51.171+0000] {taskmixin.py:205} WARNING - Dependency <Task(BashOperator): create_entry_group>, delete_entry_group already registered for DAG: example_complex
[2024-02-27T13:38:51.172+0000] {logging_mixin.py:137} INFO - [2024-02-27T13:38:51.171+0000] {taskmixin.py:205} WARNING - Dependency <Task(BashOperator): delete_entry_group>, create_entry_group already registered for DAG: example_complex
[2024-02-27T13:38:51.172+0000] {logging_mixin.py:137} INFO - [2024-02-27T13:38:51.172+0000] {taskmixin.py:205} WARNING - Dependency <Task(BashOperator): create_entry_gcs>, delete_entry already registered for DAG: example_complex
[2024-02-27T13:38:51.173+0000] {logging_mixin.py:137} INFO - [2024-02-27T13:38:51.173+0000] {taskmixin.py:205} WARNING - Dependency <Task(BashOperator): delete_entry>, create_entry_gcs already registered for DAG: example_complex
[2024-02-27T13:38:51.173+0000] {logging_mixin.py:137} INFO - [2024-02-27T13:38:51.173+0000] {taskmixin.py:205} WARNING - Dependency <Task(BashOperator): create_tag>, delete_tag already registered for DAG: example_complex
[2024-02-27T13:38:51.174+0000] {logging_mixin.py:137} INFO - [2024-02-27T13:38:51.174+0000] {taskmixin.py:205} WARNING - Dependency <Task(BashOperator): delete_tag>, create_tag already registered for DAG: example_complex
[2024-02-27T13:38:51.180+0000] {processor.py:753} INFO - DAG(s) dict_keys(['example_complex']) retrieved from /home/airflow/.local/lib/python3.7/site-packages/airflow/example_dags/example_complex.py
[2024-02-27T13:38:51.201+0000] {logging_mixin.py:137} INFO - [2024-02-27T13:38:51.201+0000] {dag.py:2690} INFO - Sync 1 DAGs
[2024-02-27T13:38:51.218+0000] {logging_mixin.py:137} INFO - [2024-02-27T13:38:51.218+0000] {dag.py:3441} INFO - Setting next_dagrun for example_complex to None, run_after=None
[2024-02-27T13:38:51.233+0000] {processor.py:175} INFO - Processing /home/airflow/.local/lib/python3.7/site-packages/airflow/example_dags/example_complex.py took 0.075 seconds
[2024-02-27T13:39:21.854+0000] {processor.py:153} INFO - Started process (PID=1840) to work on /home/airflow/.local/lib/python3.7/site-packages/airflow/example_dags/example_complex.py
[2024-02-27T13:39:21.855+0000] {processor.py:743} INFO - Processing file /home/airflow/.local/lib/python3.7/site-packages/airflow/example_dags/example_complex.py for tasks to queue
[2024-02-27T13:39:21.856+0000] {logging_mixin.py:137} INFO - [2024-02-27T13:39:21.856+0000] {dagbag.py:538} INFO - Filling up the DagBag from /home/airflow/.local/lib/python3.7/site-packages/airflow/example_dags/example_complex.py
[2024-02-27T13:39:21.877+0000] {logging_mixin.py:137} INFO - [2024-02-27T13:39:21.877+0000] {taskmixin.py:205} WARNING - Dependency <Task(BashOperator): create_entry_group>, delete_entry_group already registered for DAG: example_complex
[2024-02-27T13:39:21.878+0000] {logging_mixin.py:137} INFO - [2024-02-27T13:39:21.878+0000] {taskmixin.py:205} WARNING - Dependency <Task(BashOperator): delete_entry_group>, create_entry_group already registered for DAG: example_complex
[2024-02-27T13:39:21.878+0000] {logging_mixin.py:137} INFO - [2024-02-27T13:39:21.878+0000] {taskmixin.py:205} WARNING - Dependency <Task(BashOperator): create_entry_gcs>, delete_entry already registered for DAG: example_complex
[2024-02-27T13:39:21.885+0000] {logging_mixin.py:137} INFO - [2024-02-27T13:39:21.885+0000] {taskmixin.py:205} WARNING - Dependency <Task(BashOperator): delete_entry>, create_entry_gcs already registered for DAG: example_complex
[2024-02-27T13:39:21.887+0000] {logging_mixin.py:137} INFO - [2024-02-27T13:39:21.887+0000] {taskmixin.py:205} WARNING - Dependency <Task(BashOperator): create_tag>, delete_tag already registered for DAG: example_complex
[2024-02-27T13:39:21.888+0000] {logging_mixin.py:137} INFO - [2024-02-27T13:39:21.888+0000] {taskmixin.py:205} WARNING - Dependency <Task(BashOperator): delete_tag>, create_tag already registered for DAG: example_complex
[2024-02-27T13:39:21.901+0000] {processor.py:753} INFO - DAG(s) dict_keys(['example_complex']) retrieved from /home/airflow/.local/lib/python3.7/site-packages/airflow/example_dags/example_complex.py
[2024-02-27T13:39:21.972+0000] {logging_mixin.py:137} INFO - [2024-02-27T13:39:21.972+0000] {dag.py:2690} INFO - Sync 1 DAGs
[2024-02-27T13:39:22.025+0000] {logging_mixin.py:137} INFO - [2024-02-27T13:39:22.023+0000] {dag.py:3441} INFO - Setting next_dagrun for example_complex to None, run_after=None
[2024-02-27T13:39:22.058+0000] {processor.py:175} INFO - Processing /home/airflow/.local/lib/python3.7/site-packages/airflow/example_dags/example_complex.py took 0.207 seconds
[2024-02-27T13:39:52.764+0000] {processor.py:153} INFO - Started process (PID=1954) to work on /home/airflow/.local/lib/python3.7/site-packages/airflow/example_dags/example_complex.py
[2024-02-27T13:39:52.765+0000] {processor.py:743} INFO - Processing file /home/airflow/.local/lib/python3.7/site-packages/airflow/example_dags/example_complex.py for tasks to queue
[2024-02-27T13:39:52.766+0000] {logging_mixin.py:137} INFO - [2024-02-27T13:39:52.766+0000] {dagbag.py:538} INFO - Filling up the DagBag from /home/airflow/.local/lib/python3.7/site-packages/airflow/example_dags/example_complex.py
[2024-02-27T13:39:52.775+0000] {logging_mixin.py:137} INFO - [2024-02-27T13:39:52.775+0000] {taskmixin.py:205} WARNING - Dependency <Task(BashOperator): create_entry_group>, delete_entry_group already registered for DAG: example_complex
[2024-02-27T13:39:52.776+0000] {logging_mixin.py:137} INFO - [2024-02-27T13:39:52.775+0000] {taskmixin.py:205} WARNING - Dependency <Task(BashOperator): delete_entry_group>, create_entry_group already registered for DAG: example_complex
[2024-02-27T13:39:52.776+0000] {logging_mixin.py:137} INFO - [2024-02-27T13:39:52.776+0000] {taskmixin.py:205} WARNING - Dependency <Task(BashOperator): create_entry_gcs>, delete_entry already registered for DAG: example_complex
[2024-02-27T13:39:52.777+0000] {logging_mixin.py:137} INFO - [2024-02-27T13:39:52.777+0000] {taskmixin.py:205} WARNING - Dependency <Task(BashOperator): delete_entry>, create_entry_gcs already registered for DAG: example_complex
[2024-02-27T13:39:52.777+0000] {logging_mixin.py:137} INFO - [2024-02-27T13:39:52.777+0000] {taskmixin.py:205} WARNING - Dependency <Task(BashOperator): create_tag>, delete_tag already registered for DAG: example_complex
[2024-02-27T13:39:52.778+0000] {logging_mixin.py:137} INFO - [2024-02-27T13:39:52.778+0000] {taskmixin.py:205} WARNING - Dependency <Task(BashOperator): delete_tag>, create_tag already registered for DAG: example_complex
[2024-02-27T13:39:52.783+0000] {processor.py:753} INFO - DAG(s) dict_keys(['example_complex']) retrieved from /home/airflow/.local/lib/python3.7/site-packages/airflow/example_dags/example_complex.py
[2024-02-27T13:39:52.807+0000] {logging_mixin.py:137} INFO - [2024-02-27T13:39:52.807+0000] {dag.py:2690} INFO - Sync 1 DAGs
[2024-02-27T13:39:52.825+0000] {logging_mixin.py:137} INFO - [2024-02-27T13:39:52.825+0000] {dag.py:3441} INFO - Setting next_dagrun for example_complex to None, run_after=None
[2024-02-27T13:39:52.840+0000] {processor.py:175} INFO - Processing /home/airflow/.local/lib/python3.7/site-packages/airflow/example_dags/example_complex.py took 0.078 seconds
[2024-02-27T13:40:23.113+0000] {processor.py:153} INFO - Started process (PID=2078) to work on /home/airflow/.local/lib/python3.7/site-packages/airflow/example_dags/example_complex.py
[2024-02-27T13:40:23.114+0000] {processor.py:743} INFO - Processing file /home/airflow/.local/lib/python3.7/site-packages/airflow/example_dags/example_complex.py for tasks to queue
[2024-02-27T13:40:23.116+0000] {logging_mixin.py:137} INFO - [2024-02-27T13:40:23.115+0000] {dagbag.py:538} INFO - Filling up the DagBag from /home/airflow/.local/lib/python3.7/site-packages/airflow/example_dags/example_complex.py
[2024-02-27T13:40:23.124+0000] {logging_mixin.py:137} INFO - [2024-02-27T13:40:23.124+0000] {taskmixin.py:205} WARNING - Dependency <Task(BashOperator): create_entry_group>, delete_entry_group already registered for DAG: example_complex
[2024-02-27T13:40:23.125+0000] {logging_mixin.py:137} INFO - [2024-02-27T13:40:23.124+0000] {taskmixin.py:205} WARNING - Dependency <Task(BashOperator): delete_entry_group>, create_entry_group already registered for DAG: example_complex
[2024-02-27T13:40:23.125+0000] {logging_mixin.py:137} INFO - [2024-02-27T13:40:23.125+0000] {taskmixin.py:205} WARNING - Dependency <Task(BashOperator): create_entry_gcs>, delete_entry already registered for DAG: example_complex
[2024-02-27T13:40:23.126+0000] {logging_mixin.py:137} INFO - [2024-02-27T13:40:23.125+0000] {taskmixin.py:205} WARNING - Dependency <Task(BashOperator): delete_entry>, create_entry_gcs already registered for DAG: example_complex
[2024-02-27T13:40:23.126+0000] {logging_mixin.py:137} INFO - [2024-02-27T13:40:23.126+0000] {taskmixin.py:205} WARNING - Dependency <Task(BashOperator): create_tag>, delete_tag already registered for DAG: example_complex
[2024-02-27T13:40:23.127+0000] {logging_mixin.py:137} INFO - [2024-02-27T13:40:23.127+0000] {taskmixin.py:205} WARNING - Dependency <Task(BashOperator): delete_tag>, create_tag already registered for DAG: example_complex
[2024-02-27T13:40:23.132+0000] {processor.py:753} INFO - DAG(s) dict_keys(['example_complex']) retrieved from /home/airflow/.local/lib/python3.7/site-packages/airflow/example_dags/example_complex.py
[2024-02-27T13:40:23.155+0000] {logging_mixin.py:137} INFO - [2024-02-27T13:40:23.155+0000] {dag.py:2690} INFO - Sync 1 DAGs
[2024-02-27T13:40:23.172+0000] {logging_mixin.py:137} INFO - [2024-02-27T13:40:23.172+0000] {dag.py:3441} INFO - Setting next_dagrun for example_complex to None, run_after=None
[2024-02-27T13:40:23.187+0000] {processor.py:175} INFO - Processing /home/airflow/.local/lib/python3.7/site-packages/airflow/example_dags/example_complex.py took 0.075 seconds
[2024-02-27T13:40:53.827+0000] {processor.py:153} INFO - Started process (PID=2173) to work on /home/airflow/.local/lib/python3.7/site-packages/airflow/example_dags/example_complex.py
[2024-02-27T13:40:53.828+0000] {processor.py:743} INFO - Processing file /home/airflow/.local/lib/python3.7/site-packages/airflow/example_dags/example_complex.py for tasks to queue
[2024-02-27T13:40:53.829+0000] {logging_mixin.py:137} INFO - [2024-02-27T13:40:53.829+0000] {dagbag.py:538} INFO - Filling up the DagBag from /home/airflow/.local/lib/python3.7/site-packages/airflow/example_dags/example_complex.py
[2024-02-27T13:40:53.839+0000] {logging_mixin.py:137} INFO - [2024-02-27T13:40:53.839+0000] {taskmixin.py:205} WARNING - Dependency <Task(BashOperator): create_entry_group>, delete_entry_group already registered for DAG: example_complex
[2024-02-27T13:40:53.840+0000] {logging_mixin.py:137} INFO - [2024-02-27T13:40:53.840+0000] {taskmixin.py:205} WARNING - Dependency <Task(BashOperator): delete_entry_group>, create_entry_group already registered for DAG: example_complex
[2024-02-27T13:40:53.840+0000] {logging_mixin.py:137} INFO - [2024-02-27T13:40:53.840+0000] {taskmixin.py:205} WARNING - Dependency <Task(BashOperator): create_entry_gcs>, delete_entry already registered for DAG: example_complex
[2024-02-27T13:40:53.841+0000] {logging_mixin.py:137} INFO - [2024-02-27T13:40:53.841+0000] {taskmixin.py:205} WARNING - Dependency <Task(BashOperator): delete_entry>, create_entry_gcs already registered for DAG: example_complex
[2024-02-27T13:40:53.842+0000] {logging_mixin.py:137} INFO - [2024-02-27T13:40:53.841+0000] {taskmixin.py:205} WARNING - Dependency <Task(BashOperator): create_tag>, delete_tag already registered for DAG: example_complex
[2024-02-27T13:40:53.842+0000] {logging_mixin.py:137} INFO - [2024-02-27T13:40:53.842+0000] {taskmixin.py:205} WARNING - Dependency <Task(BashOperator): delete_tag>, create_tag already registered for DAG: example_complex
[2024-02-27T13:40:53.847+0000] {processor.py:753} INFO - DAG(s) dict_keys(['example_complex']) retrieved from /home/airflow/.local/lib/python3.7/site-packages/airflow/example_dags/example_complex.py
[2024-02-27T13:40:53.870+0000] {logging_mixin.py:137} INFO - [2024-02-27T13:40:53.869+0000] {dag.py:2690} INFO - Sync 1 DAGs
[2024-02-27T13:40:53.887+0000] {logging_mixin.py:137} INFO - [2024-02-27T13:40:53.887+0000] {dag.py:3441} INFO - Setting next_dagrun for example_complex to None, run_after=None
[2024-02-27T13:40:53.903+0000] {processor.py:175} INFO - Processing /home/airflow/.local/lib/python3.7/site-packages/airflow/example_dags/example_complex.py took 0.078 seconds
[2024-02-27T13:41:24.491+0000] {processor.py:153} INFO - Started process (PID=2296) to work on /home/airflow/.local/lib/python3.7/site-packages/airflow/example_dags/example_complex.py
[2024-02-27T13:41:24.492+0000] {processor.py:743} INFO - Processing file /home/airflow/.local/lib/python3.7/site-packages/airflow/example_dags/example_complex.py for tasks to queue
[2024-02-27T13:41:24.493+0000] {logging_mixin.py:137} INFO - [2024-02-27T13:41:24.493+0000] {dagbag.py:538} INFO - Filling up the DagBag from /home/airflow/.local/lib/python3.7/site-packages/airflow/example_dags/example_complex.py
[2024-02-27T13:41:24.501+0000] {logging_mixin.py:137} INFO - [2024-02-27T13:41:24.501+0000] {taskmixin.py:205} WARNING - Dependency <Task(BashOperator): create_entry_group>, delete_entry_group already registered for DAG: example_complex
[2024-02-27T13:41:24.502+0000] {logging_mixin.py:137} INFO - [2024-02-27T13:41:24.502+0000] {taskmixin.py:205} WARNING - Dependency <Task(BashOperator): delete_entry_group>, create_entry_group already registered for DAG: example_complex
[2024-02-27T13:41:24.503+0000] {logging_mixin.py:137} INFO - [2024-02-27T13:41:24.503+0000] {taskmixin.py:205} WARNING - Dependency <Task(BashOperator): create_entry_gcs>, delete_entry already registered for DAG: example_complex
[2024-02-27T13:41:24.503+0000] {logging_mixin.py:137} INFO - [2024-02-27T13:41:24.503+0000] {taskmixin.py:205} WARNING - Dependency <Task(BashOperator): delete_entry>, create_entry_gcs already registered for DAG: example_complex
[2024-02-27T13:41:24.504+0000] {logging_mixin.py:137} INFO - [2024-02-27T13:41:24.504+0000] {taskmixin.py:205} WARNING - Dependency <Task(BashOperator): create_tag>, delete_tag already registered for DAG: example_complex
[2024-02-27T13:41:24.505+0000] {logging_mixin.py:137} INFO - [2024-02-27T13:41:24.505+0000] {taskmixin.py:205} WARNING - Dependency <Task(BashOperator): delete_tag>, create_tag already registered for DAG: example_complex
[2024-02-27T13:41:24.510+0000] {processor.py:753} INFO - DAG(s) dict_keys(['example_complex']) retrieved from /home/airflow/.local/lib/python3.7/site-packages/airflow/example_dags/example_complex.py
[2024-02-27T13:41:24.533+0000] {logging_mixin.py:137} INFO - [2024-02-27T13:41:24.533+0000] {dag.py:2690} INFO - Sync 1 DAGs
[2024-02-27T13:41:24.549+0000] {logging_mixin.py:137} INFO - [2024-02-27T13:41:24.549+0000] {dag.py:3441} INFO - Setting next_dagrun for example_complex to None, run_after=None
[2024-02-27T13:41:24.566+0000] {processor.py:175} INFO - Processing /home/airflow/.local/lib/python3.7/site-packages/airflow/example_dags/example_complex.py took 0.077 seconds
