[2024-02-27T13:31:16.786+0000] {processor.py:153} INFO - Started process (PID=67) to work on /home/airflow/.local/lib/python3.7/site-packages/airflow/example_dags/example_nested_branch_dag.py
[2024-02-27T13:31:16.787+0000] {processor.py:743} INFO - Processing file /home/airflow/.local/lib/python3.7/site-packages/airflow/example_dags/example_nested_branch_dag.py for tasks to queue
[2024-02-27T13:31:16.788+0000] {logging_mixin.py:137} INFO - [2024-02-27T13:31:16.788+0000] {dagbag.py:538} INFO - Filling up the DagBag from /home/airflow/.local/lib/python3.7/site-packages/airflow/example_dags/example_nested_branch_dag.py
[2024-02-27T13:31:16.828+0000] {processor.py:753} INFO - DAG(s) dict_keys(['example_nested_branch_dag']) retrieved from /home/airflow/.local/lib/python3.7/site-packages/airflow/example_dags/example_nested_branch_dag.py
[2024-02-27T13:31:16.978+0000] {logging_mixin.py:137} INFO - [2024-02-27T13:31:16.977+0000] {manager.py:504} INFO - Created Permission View: can edit on DAG:example_nested_branch_dag
[2024-02-27T13:31:16.988+0000] {logging_mixin.py:137} INFO - [2024-02-27T13:31:16.988+0000] {manager.py:504} INFO - Created Permission View: can delete on DAG:example_nested_branch_dag
[2024-02-27T13:31:16.996+0000] {logging_mixin.py:137} INFO - [2024-02-27T13:31:16.996+0000] {manager.py:504} INFO - Created Permission View: can read on DAG:example_nested_branch_dag
[2024-02-27T13:31:16.997+0000] {logging_mixin.py:137} INFO - [2024-02-27T13:31:16.997+0000] {dag.py:2690} INFO - Sync 1 DAGs
[2024-02-27T13:31:17.014+0000] {logging_mixin.py:137} INFO - [2024-02-27T13:31:17.014+0000] {dag.py:2711} INFO - Creating ORM DAG for example_nested_branch_dag
[2024-02-27T13:31:17.031+0000] {logging_mixin.py:137} INFO - [2024-02-27T13:31:17.031+0000] {dag.py:3441} INFO - Setting next_dagrun for example_nested_branch_dag to 2024-02-26T00:00:00+00:00, run_after=2024-02-27T00:00:00+00:00
[2024-02-27T13:31:17.054+0000] {processor.py:175} INFO - Processing /home/airflow/.local/lib/python3.7/site-packages/airflow/example_dags/example_nested_branch_dag.py took 0.275 seconds
[2024-02-27T13:31:47.757+0000] {processor.py:153} INFO - Started process (PID=190) to work on /home/airflow/.local/lib/python3.7/site-packages/airflow/example_dags/example_nested_branch_dag.py
[2024-02-27T13:31:47.759+0000] {processor.py:743} INFO - Processing file /home/airflow/.local/lib/python3.7/site-packages/airflow/example_dags/example_nested_branch_dag.py for tasks to queue
[2024-02-27T13:31:47.760+0000] {logging_mixin.py:137} INFO - [2024-02-27T13:31:47.760+0000] {dagbag.py:538} INFO - Filling up the DagBag from /home/airflow/.local/lib/python3.7/site-packages/airflow/example_dags/example_nested_branch_dag.py
[2024-02-27T13:31:47.785+0000] {processor.py:753} INFO - DAG(s) dict_keys(['example_nested_branch_dag']) retrieved from /home/airflow/.local/lib/python3.7/site-packages/airflow/example_dags/example_nested_branch_dag.py
[2024-02-27T13:31:47.808+0000] {logging_mixin.py:137} INFO - [2024-02-27T13:31:47.808+0000] {dag.py:2690} INFO - Sync 1 DAGs
[2024-02-27T13:31:47.833+0000] {logging_mixin.py:137} INFO - [2024-02-27T13:31:47.833+0000] {dag.py:3441} INFO - Setting next_dagrun for example_nested_branch_dag to 2024-02-26T00:00:00+00:00, run_after=2024-02-27T00:00:00+00:00
[2024-02-27T13:31:47.854+0000] {processor.py:175} INFO - Processing /home/airflow/.local/lib/python3.7/site-packages/airflow/example_dags/example_nested_branch_dag.py took 0.100 seconds
[2024-02-27T13:32:18.214+0000] {processor.py:153} INFO - Started process (PID=292) to work on /home/airflow/.local/lib/python3.7/site-packages/airflow/example_dags/example_nested_branch_dag.py
[2024-02-27T13:32:18.215+0000] {processor.py:743} INFO - Processing file /home/airflow/.local/lib/python3.7/site-packages/airflow/example_dags/example_nested_branch_dag.py for tasks to queue
[2024-02-27T13:32:18.216+0000] {logging_mixin.py:137} INFO - [2024-02-27T13:32:18.215+0000] {dagbag.py:538} INFO - Filling up the DagBag from /home/airflow/.local/lib/python3.7/site-packages/airflow/example_dags/example_nested_branch_dag.py
[2024-02-27T13:32:18.236+0000] {processor.py:753} INFO - DAG(s) dict_keys(['example_nested_branch_dag']) retrieved from /home/airflow/.local/lib/python3.7/site-packages/airflow/example_dags/example_nested_branch_dag.py
[2024-02-27T13:32:18.260+0000] {logging_mixin.py:137} INFO - [2024-02-27T13:32:18.259+0000] {dag.py:2690} INFO - Sync 1 DAGs
[2024-02-27T13:32:18.286+0000] {logging_mixin.py:137} INFO - [2024-02-27T13:32:18.286+0000] {dag.py:3441} INFO - Setting next_dagrun for example_nested_branch_dag to 2024-02-26T00:00:00+00:00, run_after=2024-02-27T00:00:00+00:00
[2024-02-27T13:32:18.305+0000] {processor.py:175} INFO - Processing /home/airflow/.local/lib/python3.7/site-packages/airflow/example_dags/example_nested_branch_dag.py took 0.095 seconds
[2024-02-27T13:32:48.718+0000] {processor.py:153} INFO - Started process (PID=407) to work on /home/airflow/.local/lib/python3.7/site-packages/airflow/example_dags/example_nested_branch_dag.py
[2024-02-27T13:32:48.719+0000] {processor.py:743} INFO - Processing file /home/airflow/.local/lib/python3.7/site-packages/airflow/example_dags/example_nested_branch_dag.py for tasks to queue
[2024-02-27T13:32:48.720+0000] {logging_mixin.py:137} INFO - [2024-02-27T13:32:48.720+0000] {dagbag.py:538} INFO - Filling up the DagBag from /home/airflow/.local/lib/python3.7/site-packages/airflow/example_dags/example_nested_branch_dag.py
[2024-02-27T13:32:48.737+0000] {processor.py:753} INFO - DAG(s) dict_keys(['example_nested_branch_dag']) retrieved from /home/airflow/.local/lib/python3.7/site-packages/airflow/example_dags/example_nested_branch_dag.py
[2024-02-27T13:32:48.755+0000] {logging_mixin.py:137} INFO - [2024-02-27T13:32:48.755+0000] {dag.py:2690} INFO - Sync 1 DAGs
[2024-02-27T13:32:48.773+0000] {logging_mixin.py:137} INFO - [2024-02-27T13:32:48.773+0000] {dag.py:3441} INFO - Setting next_dagrun for example_nested_branch_dag to 2024-02-26T00:00:00+00:00, run_after=2024-02-27T00:00:00+00:00
[2024-02-27T13:32:48.787+0000] {processor.py:175} INFO - Processing /home/airflow/.local/lib/python3.7/site-packages/airflow/example_dags/example_nested_branch_dag.py took 0.071 seconds
[2024-02-27T13:33:19.166+0000] {processor.py:153} INFO - Started process (PID=530) to work on /home/airflow/.local/lib/python3.7/site-packages/airflow/example_dags/example_nested_branch_dag.py
[2024-02-27T13:33:19.167+0000] {processor.py:743} INFO - Processing file /home/airflow/.local/lib/python3.7/site-packages/airflow/example_dags/example_nested_branch_dag.py for tasks to queue
[2024-02-27T13:33:19.167+0000] {logging_mixin.py:137} INFO - [2024-02-27T13:33:19.167+0000] {dagbag.py:538} INFO - Filling up the DagBag from /home/airflow/.local/lib/python3.7/site-packages/airflow/example_dags/example_nested_branch_dag.py
[2024-02-27T13:33:19.185+0000] {processor.py:753} INFO - DAG(s) dict_keys(['example_nested_branch_dag']) retrieved from /home/airflow/.local/lib/python3.7/site-packages/airflow/example_dags/example_nested_branch_dag.py
[2024-02-27T13:33:19.203+0000] {logging_mixin.py:137} INFO - [2024-02-27T13:33:19.203+0000] {dag.py:2690} INFO - Sync 1 DAGs
[2024-02-27T13:33:19.221+0000] {logging_mixin.py:137} INFO - [2024-02-27T13:33:19.221+0000] {dag.py:3441} INFO - Setting next_dagrun for example_nested_branch_dag to 2024-02-26T00:00:00+00:00, run_after=2024-02-27T00:00:00+00:00
[2024-02-27T13:33:19.236+0000] {processor.py:175} INFO - Processing /home/airflow/.local/lib/python3.7/site-packages/airflow/example_dags/example_nested_branch_dag.py took 0.072 seconds
[2024-02-27T13:33:49.422+0000] {processor.py:153} INFO - Started process (PID=624) to work on /home/airflow/.local/lib/python3.7/site-packages/airflow/example_dags/example_nested_branch_dag.py
[2024-02-27T13:33:49.423+0000] {processor.py:743} INFO - Processing file /home/airflow/.local/lib/python3.7/site-packages/airflow/example_dags/example_nested_branch_dag.py for tasks to queue
[2024-02-27T13:33:49.424+0000] {logging_mixin.py:137} INFO - [2024-02-27T13:33:49.424+0000] {dagbag.py:538} INFO - Filling up the DagBag from /home/airflow/.local/lib/python3.7/site-packages/airflow/example_dags/example_nested_branch_dag.py
[2024-02-27T13:33:49.442+0000] {processor.py:753} INFO - DAG(s) dict_keys(['example_nested_branch_dag']) retrieved from /home/airflow/.local/lib/python3.7/site-packages/airflow/example_dags/example_nested_branch_dag.py
[2024-02-27T13:33:49.462+0000] {logging_mixin.py:137} INFO - [2024-02-27T13:33:49.462+0000] {dag.py:2690} INFO - Sync 1 DAGs
[2024-02-27T13:33:49.482+0000] {logging_mixin.py:137} INFO - [2024-02-27T13:33:49.482+0000] {dag.py:3441} INFO - Setting next_dagrun for example_nested_branch_dag to 2024-02-26T00:00:00+00:00, run_after=2024-02-27T00:00:00+00:00
[2024-02-27T13:33:49.500+0000] {processor.py:175} INFO - Processing /home/airflow/.local/lib/python3.7/site-packages/airflow/example_dags/example_nested_branch_dag.py took 0.080 seconds
[2024-02-27T13:34:19.708+0000] {processor.py:153} INFO - Started process (PID=747) to work on /home/airflow/.local/lib/python3.7/site-packages/airflow/example_dags/example_nested_branch_dag.py
[2024-02-27T13:34:19.709+0000] {processor.py:743} INFO - Processing file /home/airflow/.local/lib/python3.7/site-packages/airflow/example_dags/example_nested_branch_dag.py for tasks to queue
[2024-02-27T13:34:19.710+0000] {logging_mixin.py:137} INFO - [2024-02-27T13:34:19.709+0000] {dagbag.py:538} INFO - Filling up the DagBag from /home/airflow/.local/lib/python3.7/site-packages/airflow/example_dags/example_nested_branch_dag.py
[2024-02-27T13:34:19.728+0000] {processor.py:753} INFO - DAG(s) dict_keys(['example_nested_branch_dag']) retrieved from /home/airflow/.local/lib/python3.7/site-packages/airflow/example_dags/example_nested_branch_dag.py
[2024-02-27T13:34:19.746+0000] {logging_mixin.py:137} INFO - [2024-02-27T13:34:19.746+0000] {dag.py:2690} INFO - Sync 1 DAGs
[2024-02-27T13:34:19.766+0000] {logging_mixin.py:137} INFO - [2024-02-27T13:34:19.766+0000] {dag.py:3441} INFO - Setting next_dagrun for example_nested_branch_dag to 2024-02-26T00:00:00+00:00, run_after=2024-02-27T00:00:00+00:00
[2024-02-27T13:34:19.782+0000] {processor.py:175} INFO - Processing /home/airflow/.local/lib/python3.7/site-packages/airflow/example_dags/example_nested_branch_dag.py took 0.076 seconds
[2024-02-27T13:34:50.363+0000] {processor.py:153} INFO - Started process (PID=852) to work on /home/airflow/.local/lib/python3.7/site-packages/airflow/example_dags/example_nested_branch_dag.py
[2024-02-27T13:34:50.364+0000] {processor.py:743} INFO - Processing file /home/airflow/.local/lib/python3.7/site-packages/airflow/example_dags/example_nested_branch_dag.py for tasks to queue
[2024-02-27T13:34:50.365+0000] {logging_mixin.py:137} INFO - [2024-02-27T13:34:50.365+0000] {dagbag.py:538} INFO - Filling up the DagBag from /home/airflow/.local/lib/python3.7/site-packages/airflow/example_dags/example_nested_branch_dag.py
[2024-02-27T13:34:50.383+0000] {processor.py:753} INFO - DAG(s) dict_keys(['example_nested_branch_dag']) retrieved from /home/airflow/.local/lib/python3.7/site-packages/airflow/example_dags/example_nested_branch_dag.py
[2024-02-27T13:34:50.403+0000] {logging_mixin.py:137} INFO - [2024-02-27T13:34:50.403+0000] {dag.py:2690} INFO - Sync 1 DAGs
[2024-02-27T13:34:50.423+0000] {logging_mixin.py:137} INFO - [2024-02-27T13:34:50.422+0000] {dag.py:3441} INFO - Setting next_dagrun for example_nested_branch_dag to 2024-02-26T00:00:00+00:00, run_after=2024-02-27T00:00:00+00:00
[2024-02-27T13:34:50.438+0000] {processor.py:175} INFO - Processing /home/airflow/.local/lib/python3.7/site-packages/airflow/example_dags/example_nested_branch_dag.py took 0.077 seconds
[2024-02-27T13:35:20.652+0000] {processor.py:153} INFO - Started process (PID=966) to work on /home/airflow/.local/lib/python3.7/site-packages/airflow/example_dags/example_nested_branch_dag.py
[2024-02-27T13:35:20.653+0000] {processor.py:743} INFO - Processing file /home/airflow/.local/lib/python3.7/site-packages/airflow/example_dags/example_nested_branch_dag.py for tasks to queue
[2024-02-27T13:35:20.654+0000] {logging_mixin.py:137} INFO - [2024-02-27T13:35:20.654+0000] {dagbag.py:538} INFO - Filling up the DagBag from /home/airflow/.local/lib/python3.7/site-packages/airflow/example_dags/example_nested_branch_dag.py
[2024-02-27T13:35:20.673+0000] {processor.py:753} INFO - DAG(s) dict_keys(['example_nested_branch_dag']) retrieved from /home/airflow/.local/lib/python3.7/site-packages/airflow/example_dags/example_nested_branch_dag.py
[2024-02-27T13:35:20.692+0000] {logging_mixin.py:137} INFO - [2024-02-27T13:35:20.691+0000] {dag.py:2690} INFO - Sync 1 DAGs
[2024-02-27T13:35:20.711+0000] {logging_mixin.py:137} INFO - [2024-02-27T13:35:20.711+0000] {dag.py:3441} INFO - Setting next_dagrun for example_nested_branch_dag to 2024-02-26T00:00:00+00:00, run_after=2024-02-27T00:00:00+00:00
[2024-02-27T13:35:20.728+0000] {processor.py:175} INFO - Processing /home/airflow/.local/lib/python3.7/site-packages/airflow/example_dags/example_nested_branch_dag.py took 0.079 seconds
[2024-02-27T13:35:50.858+0000] {processor.py:153} INFO - Started process (PID=1089) to work on /home/airflow/.local/lib/python3.7/site-packages/airflow/example_dags/example_nested_branch_dag.py
[2024-02-27T13:35:50.859+0000] {processor.py:743} INFO - Processing file /home/airflow/.local/lib/python3.7/site-packages/airflow/example_dags/example_nested_branch_dag.py for tasks to queue
[2024-02-27T13:35:50.860+0000] {logging_mixin.py:137} INFO - [2024-02-27T13:35:50.860+0000] {dagbag.py:538} INFO - Filling up the DagBag from /home/airflow/.local/lib/python3.7/site-packages/airflow/example_dags/example_nested_branch_dag.py
[2024-02-27T13:35:50.879+0000] {processor.py:753} INFO - DAG(s) dict_keys(['example_nested_branch_dag']) retrieved from /home/airflow/.local/lib/python3.7/site-packages/airflow/example_dags/example_nested_branch_dag.py
[2024-02-27T13:35:50.898+0000] {logging_mixin.py:137} INFO - [2024-02-27T13:35:50.898+0000] {dag.py:2690} INFO - Sync 1 DAGs
[2024-02-27T13:35:50.920+0000] {logging_mixin.py:137} INFO - [2024-02-27T13:35:50.920+0000] {dag.py:3441} INFO - Setting next_dagrun for example_nested_branch_dag to 2024-02-26T00:00:00+00:00, run_after=2024-02-27T00:00:00+00:00
[2024-02-27T13:35:50.936+0000] {processor.py:175} INFO - Processing /home/airflow/.local/lib/python3.7/site-packages/airflow/example_dags/example_nested_branch_dag.py took 0.080 seconds
[2024-02-27T13:36:21.079+0000] {processor.py:153} INFO - Started process (PID=1184) to work on /home/airflow/.local/lib/python3.7/site-packages/airflow/example_dags/example_nested_branch_dag.py
[2024-02-27T13:36:21.081+0000] {processor.py:743} INFO - Processing file /home/airflow/.local/lib/python3.7/site-packages/airflow/example_dags/example_nested_branch_dag.py for tasks to queue
[2024-02-27T13:36:21.082+0000] {logging_mixin.py:137} INFO - [2024-02-27T13:36:21.082+0000] {dagbag.py:538} INFO - Filling up the DagBag from /home/airflow/.local/lib/python3.7/site-packages/airflow/example_dags/example_nested_branch_dag.py
[2024-02-27T13:36:21.099+0000] {processor.py:753} INFO - DAG(s) dict_keys(['example_nested_branch_dag']) retrieved from /home/airflow/.local/lib/python3.7/site-packages/airflow/example_dags/example_nested_branch_dag.py
[2024-02-27T13:36:21.118+0000] {logging_mixin.py:137} INFO - [2024-02-27T13:36:21.118+0000] {dag.py:2690} INFO - Sync 1 DAGs
[2024-02-27T13:36:21.137+0000] {logging_mixin.py:137} INFO - [2024-02-27T13:36:21.137+0000] {dag.py:3441} INFO - Setting next_dagrun for example_nested_branch_dag to 2024-02-26T00:00:00+00:00, run_after=2024-02-27T00:00:00+00:00
[2024-02-27T13:36:21.152+0000] {processor.py:175} INFO - Processing /home/airflow/.local/lib/python3.7/site-packages/airflow/example_dags/example_nested_branch_dag.py took 0.075 seconds
[2024-02-27T13:36:51.379+0000] {processor.py:153} INFO - Started process (PID=1307) to work on /home/airflow/.local/lib/python3.7/site-packages/airflow/example_dags/example_nested_branch_dag.py
[2024-02-27T13:36:51.381+0000] {processor.py:743} INFO - Processing file /home/airflow/.local/lib/python3.7/site-packages/airflow/example_dags/example_nested_branch_dag.py for tasks to queue
[2024-02-27T13:36:51.382+0000] {logging_mixin.py:137} INFO - [2024-02-27T13:36:51.382+0000] {dagbag.py:538} INFO - Filling up the DagBag from /home/airflow/.local/lib/python3.7/site-packages/airflow/example_dags/example_nested_branch_dag.py
[2024-02-27T13:36:51.401+0000] {processor.py:753} INFO - DAG(s) dict_keys(['example_nested_branch_dag']) retrieved from /home/airflow/.local/lib/python3.7/site-packages/airflow/example_dags/example_nested_branch_dag.py
[2024-02-27T13:36:51.420+0000] {logging_mixin.py:137} INFO - [2024-02-27T13:36:51.420+0000] {dag.py:2690} INFO - Sync 1 DAGs
[2024-02-27T13:36:51.445+0000] {logging_mixin.py:137} INFO - [2024-02-27T13:36:51.445+0000] {dag.py:3441} INFO - Setting next_dagrun for example_nested_branch_dag to 2024-02-26T00:00:00+00:00, run_after=2024-02-27T00:00:00+00:00
[2024-02-27T13:36:51.462+0000] {processor.py:175} INFO - Processing /home/airflow/.local/lib/python3.7/site-packages/airflow/example_dags/example_nested_branch_dag.py took 0.085 seconds
[2024-02-27T13:37:21.558+0000] {processor.py:153} INFO - Started process (PID=1402) to work on /home/airflow/.local/lib/python3.7/site-packages/airflow/example_dags/example_nested_branch_dag.py
[2024-02-27T13:37:21.559+0000] {processor.py:743} INFO - Processing file /home/airflow/.local/lib/python3.7/site-packages/airflow/example_dags/example_nested_branch_dag.py for tasks to queue
[2024-02-27T13:37:21.560+0000] {logging_mixin.py:137} INFO - [2024-02-27T13:37:21.560+0000] {dagbag.py:538} INFO - Filling up the DagBag from /home/airflow/.local/lib/python3.7/site-packages/airflow/example_dags/example_nested_branch_dag.py
[2024-02-27T13:37:21.580+0000] {processor.py:753} INFO - DAG(s) dict_keys(['example_nested_branch_dag']) retrieved from /home/airflow/.local/lib/python3.7/site-packages/airflow/example_dags/example_nested_branch_dag.py
[2024-02-27T13:37:21.600+0000] {logging_mixin.py:137} INFO - [2024-02-27T13:37:21.599+0000] {dag.py:2690} INFO - Sync 1 DAGs
[2024-02-27T13:37:21.619+0000] {logging_mixin.py:137} INFO - [2024-02-27T13:37:21.619+0000] {dag.py:3441} INFO - Setting next_dagrun for example_nested_branch_dag to 2024-02-26T00:00:00+00:00, run_after=2024-02-27T00:00:00+00:00
[2024-02-27T13:37:21.636+0000] {processor.py:175} INFO - Processing /home/airflow/.local/lib/python3.7/site-packages/airflow/example_dags/example_nested_branch_dag.py took 0.080 seconds
[2024-02-27T13:37:51.961+0000] {processor.py:153} INFO - Started process (PID=1527) to work on /home/airflow/.local/lib/python3.7/site-packages/airflow/example_dags/example_nested_branch_dag.py
[2024-02-27T13:37:51.962+0000] {processor.py:743} INFO - Processing file /home/airflow/.local/lib/python3.7/site-packages/airflow/example_dags/example_nested_branch_dag.py for tasks to queue
[2024-02-27T13:37:51.963+0000] {logging_mixin.py:137} INFO - [2024-02-27T13:37:51.963+0000] {dagbag.py:538} INFO - Filling up the DagBag from /home/airflow/.local/lib/python3.7/site-packages/airflow/example_dags/example_nested_branch_dag.py
[2024-02-27T13:37:51.982+0000] {processor.py:753} INFO - DAG(s) dict_keys(['example_nested_branch_dag']) retrieved from /home/airflow/.local/lib/python3.7/site-packages/airflow/example_dags/example_nested_branch_dag.py
[2024-02-27T13:37:52.000+0000] {logging_mixin.py:137} INFO - [2024-02-27T13:37:52.000+0000] {dag.py:2690} INFO - Sync 1 DAGs
[2024-02-27T13:37:52.019+0000] {logging_mixin.py:137} INFO - [2024-02-27T13:37:52.018+0000] {dag.py:3441} INFO - Setting next_dagrun for example_nested_branch_dag to 2024-02-26T00:00:00+00:00, run_after=2024-02-27T00:00:00+00:00
[2024-02-27T13:37:52.033+0000] {processor.py:175} INFO - Processing /home/airflow/.local/lib/python3.7/site-packages/airflow/example_dags/example_nested_branch_dag.py took 0.074 seconds
[2024-02-27T13:38:22.263+0000] {processor.py:153} INFO - Started process (PID=1631) to work on /home/airflow/.local/lib/python3.7/site-packages/airflow/example_dags/example_nested_branch_dag.py
[2024-02-27T13:38:22.264+0000] {processor.py:743} INFO - Processing file /home/airflow/.local/lib/python3.7/site-packages/airflow/example_dags/example_nested_branch_dag.py for tasks to queue
[2024-02-27T13:38:22.265+0000] {logging_mixin.py:137} INFO - [2024-02-27T13:38:22.265+0000] {dagbag.py:538} INFO - Filling up the DagBag from /home/airflow/.local/lib/python3.7/site-packages/airflow/example_dags/example_nested_branch_dag.py
[2024-02-27T13:38:22.282+0000] {processor.py:753} INFO - DAG(s) dict_keys(['example_nested_branch_dag']) retrieved from /home/airflow/.local/lib/python3.7/site-packages/airflow/example_dags/example_nested_branch_dag.py
[2024-02-27T13:38:22.302+0000] {logging_mixin.py:137} INFO - [2024-02-27T13:38:22.302+0000] {dag.py:2690} INFO - Sync 1 DAGs
[2024-02-27T13:38:22.321+0000] {logging_mixin.py:137} INFO - [2024-02-27T13:38:22.321+0000] {dag.py:3441} INFO - Setting next_dagrun for example_nested_branch_dag to 2024-02-26T00:00:00+00:00, run_after=2024-02-27T00:00:00+00:00
[2024-02-27T13:38:22.337+0000] {processor.py:175} INFO - Processing /home/airflow/.local/lib/python3.7/site-packages/airflow/example_dags/example_nested_branch_dag.py took 0.076 seconds
[2024-02-27T13:38:52.622+0000] {processor.py:153} INFO - Started process (PID=1745) to work on /home/airflow/.local/lib/python3.7/site-packages/airflow/example_dags/example_nested_branch_dag.py
[2024-02-27T13:38:52.623+0000] {processor.py:743} INFO - Processing file /home/airflow/.local/lib/python3.7/site-packages/airflow/example_dags/example_nested_branch_dag.py for tasks to queue
[2024-02-27T13:38:52.624+0000] {logging_mixin.py:137} INFO - [2024-02-27T13:38:52.624+0000] {dagbag.py:538} INFO - Filling up the DagBag from /home/airflow/.local/lib/python3.7/site-packages/airflow/example_dags/example_nested_branch_dag.py
[2024-02-27T13:38:52.643+0000] {processor.py:753} INFO - DAG(s) dict_keys(['example_nested_branch_dag']) retrieved from /home/airflow/.local/lib/python3.7/site-packages/airflow/example_dags/example_nested_branch_dag.py
[2024-02-27T13:38:52.661+0000] {logging_mixin.py:137} INFO - [2024-02-27T13:38:52.661+0000] {dag.py:2690} INFO - Sync 1 DAGs
[2024-02-27T13:38:52.680+0000] {logging_mixin.py:137} INFO - [2024-02-27T13:38:52.679+0000] {dag.py:3441} INFO - Setting next_dagrun for example_nested_branch_dag to 2024-02-26T00:00:00+00:00, run_after=2024-02-27T00:00:00+00:00
[2024-02-27T13:38:52.698+0000] {processor.py:175} INFO - Processing /home/airflow/.local/lib/python3.7/site-packages/airflow/example_dags/example_nested_branch_dag.py took 0.079 seconds
[2024-02-27T13:39:23.539+0000] {processor.py:153} INFO - Started process (PID=1868) to work on /home/airflow/.local/lib/python3.7/site-packages/airflow/example_dags/example_nested_branch_dag.py
[2024-02-27T13:39:23.539+0000] {processor.py:743} INFO - Processing file /home/airflow/.local/lib/python3.7/site-packages/airflow/example_dags/example_nested_branch_dag.py for tasks to queue
[2024-02-27T13:39:23.540+0000] {logging_mixin.py:137} INFO - [2024-02-27T13:39:23.540+0000] {dagbag.py:538} INFO - Filling up the DagBag from /home/airflow/.local/lib/python3.7/site-packages/airflow/example_dags/example_nested_branch_dag.py
[2024-02-27T13:39:23.558+0000] {processor.py:753} INFO - DAG(s) dict_keys(['example_nested_branch_dag']) retrieved from /home/airflow/.local/lib/python3.7/site-packages/airflow/example_dags/example_nested_branch_dag.py
[2024-02-27T13:39:23.575+0000] {logging_mixin.py:137} INFO - [2024-02-27T13:39:23.575+0000] {dag.py:2690} INFO - Sync 1 DAGs
[2024-02-27T13:39:23.594+0000] {logging_mixin.py:137} INFO - [2024-02-27T13:39:23.594+0000] {dag.py:3441} INFO - Setting next_dagrun for example_nested_branch_dag to 2024-02-26T00:00:00+00:00, run_after=2024-02-27T00:00:00+00:00
[2024-02-27T13:39:23.608+0000] {processor.py:175} INFO - Processing /home/airflow/.local/lib/python3.7/site-packages/airflow/example_dags/example_nested_branch_dag.py took 0.072 seconds
[2024-02-27T13:39:54.257+0000] {processor.py:153} INFO - Started process (PID=1963) to work on /home/airflow/.local/lib/python3.7/site-packages/airflow/example_dags/example_nested_branch_dag.py
[2024-02-27T13:39:54.258+0000] {processor.py:743} INFO - Processing file /home/airflow/.local/lib/python3.7/site-packages/airflow/example_dags/example_nested_branch_dag.py for tasks to queue
[2024-02-27T13:39:54.260+0000] {logging_mixin.py:137} INFO - [2024-02-27T13:39:54.259+0000] {dagbag.py:538} INFO - Filling up the DagBag from /home/airflow/.local/lib/python3.7/site-packages/airflow/example_dags/example_nested_branch_dag.py
[2024-02-27T13:39:54.277+0000] {processor.py:753} INFO - DAG(s) dict_keys(['example_nested_branch_dag']) retrieved from /home/airflow/.local/lib/python3.7/site-packages/airflow/example_dags/example_nested_branch_dag.py
[2024-02-27T13:39:54.296+0000] {logging_mixin.py:137} INFO - [2024-02-27T13:39:54.296+0000] {dag.py:2690} INFO - Sync 1 DAGs
[2024-02-27T13:39:54.320+0000] {logging_mixin.py:137} INFO - [2024-02-27T13:39:54.320+0000] {dag.py:3441} INFO - Setting next_dagrun for example_nested_branch_dag to 2024-02-26T00:00:00+00:00, run_after=2024-02-27T00:00:00+00:00
[2024-02-27T13:39:54.338+0000] {processor.py:175} INFO - Processing /home/airflow/.local/lib/python3.7/site-packages/airflow/example_dags/example_nested_branch_dag.py took 0.083 seconds
[2024-02-27T13:40:24.620+0000] {processor.py:153} INFO - Started process (PID=2087) to work on /home/airflow/.local/lib/python3.7/site-packages/airflow/example_dags/example_nested_branch_dag.py
[2024-02-27T13:40:24.621+0000] {processor.py:743} INFO - Processing file /home/airflow/.local/lib/python3.7/site-packages/airflow/example_dags/example_nested_branch_dag.py for tasks to queue
[2024-02-27T13:40:24.622+0000] {logging_mixin.py:137} INFO - [2024-02-27T13:40:24.621+0000] {dagbag.py:538} INFO - Filling up the DagBag from /home/airflow/.local/lib/python3.7/site-packages/airflow/example_dags/example_nested_branch_dag.py
[2024-02-27T13:40:24.639+0000] {processor.py:753} INFO - DAG(s) dict_keys(['example_nested_branch_dag']) retrieved from /home/airflow/.local/lib/python3.7/site-packages/airflow/example_dags/example_nested_branch_dag.py
[2024-02-27T13:40:24.656+0000] {logging_mixin.py:137} INFO - [2024-02-27T13:40:24.656+0000] {dag.py:2690} INFO - Sync 1 DAGs
[2024-02-27T13:40:24.674+0000] {logging_mixin.py:137} INFO - [2024-02-27T13:40:24.673+0000] {dag.py:3441} INFO - Setting next_dagrun for example_nested_branch_dag to 2024-02-26T00:00:00+00:00, run_after=2024-02-27T00:00:00+00:00
[2024-02-27T13:40:24.687+0000] {processor.py:175} INFO - Processing /home/airflow/.local/lib/python3.7/site-packages/airflow/example_dags/example_nested_branch_dag.py took 0.069 seconds
[2024-02-27T13:40:55.373+0000] {processor.py:153} INFO - Started process (PID=2191) to work on /home/airflow/.local/lib/python3.7/site-packages/airflow/example_dags/example_nested_branch_dag.py
[2024-02-27T13:40:55.374+0000] {processor.py:743} INFO - Processing file /home/airflow/.local/lib/python3.7/site-packages/airflow/example_dags/example_nested_branch_dag.py for tasks to queue
[2024-02-27T13:40:55.375+0000] {logging_mixin.py:137} INFO - [2024-02-27T13:40:55.375+0000] {dagbag.py:538} INFO - Filling up the DagBag from /home/airflow/.local/lib/python3.7/site-packages/airflow/example_dags/example_nested_branch_dag.py
[2024-02-27T13:40:55.396+0000] {processor.py:753} INFO - DAG(s) dict_keys(['example_nested_branch_dag']) retrieved from /home/airflow/.local/lib/python3.7/site-packages/airflow/example_dags/example_nested_branch_dag.py
[2024-02-27T13:40:55.413+0000] {logging_mixin.py:137} INFO - [2024-02-27T13:40:55.413+0000] {dag.py:2690} INFO - Sync 1 DAGs
[2024-02-27T13:40:55.432+0000] {logging_mixin.py:137} INFO - [2024-02-27T13:40:55.432+0000] {dag.py:3441} INFO - Setting next_dagrun for example_nested_branch_dag to 2024-02-26T00:00:00+00:00, run_after=2024-02-27T00:00:00+00:00
[2024-02-27T13:40:55.449+0000] {processor.py:175} INFO - Processing /home/airflow/.local/lib/python3.7/site-packages/airflow/example_dags/example_nested_branch_dag.py took 0.079 seconds
[2024-02-27T13:41:25.882+0000] {processor.py:153} INFO - Started process (PID=2305) to work on /home/airflow/.local/lib/python3.7/site-packages/airflow/example_dags/example_nested_branch_dag.py
[2024-02-27T13:41:25.883+0000] {processor.py:743} INFO - Processing file /home/airflow/.local/lib/python3.7/site-packages/airflow/example_dags/example_nested_branch_dag.py for tasks to queue
[2024-02-27T13:41:25.884+0000] {logging_mixin.py:137} INFO - [2024-02-27T13:41:25.884+0000] {dagbag.py:538} INFO - Filling up the DagBag from /home/airflow/.local/lib/python3.7/site-packages/airflow/example_dags/example_nested_branch_dag.py
[2024-02-27T13:41:25.904+0000] {processor.py:753} INFO - DAG(s) dict_keys(['example_nested_branch_dag']) retrieved from /home/airflow/.local/lib/python3.7/site-packages/airflow/example_dags/example_nested_branch_dag.py
[2024-02-27T13:41:25.924+0000] {logging_mixin.py:137} INFO - [2024-02-27T13:41:25.924+0000] {dag.py:2690} INFO - Sync 1 DAGs
[2024-02-27T13:41:25.944+0000] {logging_mixin.py:137} INFO - [2024-02-27T13:41:25.943+0000] {dag.py:3441} INFO - Setting next_dagrun for example_nested_branch_dag to 2024-02-26T00:00:00+00:00, run_after=2024-02-27T00:00:00+00:00
[2024-02-27T13:41:25.959+0000] {processor.py:175} INFO - Processing /home/airflow/.local/lib/python3.7/site-packages/airflow/example_dags/example_nested_branch_dag.py took 0.080 seconds
