[2024-02-27T13:31:15.738+0000] {processor.py:153} INFO - Started process (PID=61) to work on /home/airflow/.local/lib/python3.7/site-packages/airflow/example_dags/example_subdag_operator.py
[2024-02-27T13:31:15.739+0000] {processor.py:743} INFO - Processing file /home/airflow/.local/lib/python3.7/site-packages/airflow/example_dags/example_subdag_operator.py for tasks to queue
[2024-02-27T13:31:15.740+0000] {logging_mixin.py:137} INFO - [2024-02-27T13:31:15.740+0000] {dagbag.py:538} INFO - Filling up the DagBag from /home/airflow/.local/lib/python3.7/site-packages/airflow/example_dags/example_subdag_operator.py
[2024-02-27T13:31:15.767+0000] {processor.py:753} INFO - DAG(s) dict_keys(['example_subdag_operator.section-1', 'example_subdag_operator.section-2', 'example_subdag_operator']) retrieved from /home/airflow/.local/lib/python3.7/site-packages/airflow/example_dags/example_subdag_operator.py
[2024-02-27T13:31:15.846+0000] {logging_mixin.py:137} INFO - [2024-02-27T13:31:15.846+0000] {manager.py:504} INFO - Created Permission View: can edit on DAG:example_subdag_operator
[2024-02-27T13:31:15.856+0000] {logging_mixin.py:137} INFO - [2024-02-27T13:31:15.856+0000] {manager.py:504} INFO - Created Permission View: can delete on DAG:example_subdag_operator
[2024-02-27T13:31:15.863+0000] {logging_mixin.py:137} INFO - [2024-02-27T13:31:15.863+0000] {manager.py:504} INFO - Created Permission View: can read on DAG:example_subdag_operator
[2024-02-27T13:31:15.864+0000] {logging_mixin.py:137} INFO - [2024-02-27T13:31:15.864+0000] {dag.py:2690} INFO - Sync 3 DAGs
[2024-02-27T13:31:15.874+0000] {logging_mixin.py:137} INFO - [2024-02-27T13:31:15.874+0000] {dag.py:2711} INFO - Creating ORM DAG for example_subdag_operator
[2024-02-27T13:31:15.875+0000] {logging_mixin.py:137} INFO - [2024-02-27T13:31:15.875+0000] {dag.py:2711} INFO - Creating ORM DAG for example_subdag_operator.section-2
[2024-02-27T13:31:15.876+0000] {logging_mixin.py:137} INFO - [2024-02-27T13:31:15.876+0000] {dag.py:2711} INFO - Creating ORM DAG for example_subdag_operator.section-1
[2024-02-27T13:31:15.885+0000] {logging_mixin.py:137} INFO - [2024-02-27T13:31:15.885+0000] {dag.py:3441} INFO - Setting next_dagrun for example_subdag_operator to 2022-01-01T00:00:00+00:00, run_after=2022-01-01T00:00:00+00:00
[2024-02-27T13:31:15.886+0000] {logging_mixin.py:137} INFO - [2024-02-27T13:31:15.886+0000] {dag.py:3441} INFO - Setting next_dagrun for example_subdag_operator.section-1 to None, run_after=None
[2024-02-27T13:31:15.887+0000] {logging_mixin.py:137} INFO - [2024-02-27T13:31:15.887+0000] {dag.py:3441} INFO - Setting next_dagrun for example_subdag_operator.section-2 to None, run_after=None
[2024-02-27T13:31:15.904+0000] {logging_mixin.py:137} INFO - [2024-02-27T13:31:15.904+0000] {dag.py:2690} INFO - Sync 2 DAGs
[2024-02-27T13:31:15.910+0000] {logging_mixin.py:137} INFO - [2024-02-27T13:31:15.910+0000] {dag.py:3441} INFO - Setting next_dagrun for example_subdag_operator.section-1 to None, run_after=None
[2024-02-27T13:31:15.914+0000] {logging_mixin.py:137} INFO - [2024-02-27T13:31:15.914+0000] {dag.py:3441} INFO - Setting next_dagrun for example_subdag_operator.section-2 to None, run_after=None
[2024-02-27T13:31:15.925+0000] {processor.py:175} INFO - Processing /home/airflow/.local/lib/python3.7/site-packages/airflow/example_dags/example_subdag_operator.py took 0.190 seconds
[2024-02-27T13:31:46.362+0000] {processor.py:153} INFO - Started process (PID=184) to work on /home/airflow/.local/lib/python3.7/site-packages/airflow/example_dags/example_subdag_operator.py
[2024-02-27T13:31:46.363+0000] {processor.py:743} INFO - Processing file /home/airflow/.local/lib/python3.7/site-packages/airflow/example_dags/example_subdag_operator.py for tasks to queue
[2024-02-27T13:31:46.364+0000] {logging_mixin.py:137} INFO - [2024-02-27T13:31:46.364+0000] {dagbag.py:538} INFO - Filling up the DagBag from /home/airflow/.local/lib/python3.7/site-packages/airflow/example_dags/example_subdag_operator.py
[2024-02-27T13:31:46.398+0000] {processor.py:753} INFO - DAG(s) dict_keys(['example_subdag_operator.section-1', 'example_subdag_operator.section-2', 'example_subdag_operator']) retrieved from /home/airflow/.local/lib/python3.7/site-packages/airflow/example_dags/example_subdag_operator.py
[2024-02-27T13:31:46.418+0000] {logging_mixin.py:137} INFO - [2024-02-27T13:31:46.418+0000] {dag.py:2690} INFO - Sync 3 DAGs
[2024-02-27T13:31:46.443+0000] {logging_mixin.py:137} INFO - [2024-02-27T13:31:46.443+0000] {dag.py:3441} INFO - Setting next_dagrun for example_subdag_operator to 2022-01-01T00:00:00+00:00, run_after=2022-01-01T00:00:00+00:00
[2024-02-27T13:31:46.447+0000] {logging_mixin.py:137} INFO - [2024-02-27T13:31:46.447+0000] {dag.py:3441} INFO - Setting next_dagrun for example_subdag_operator.section-1 to None, run_after=None
[2024-02-27T13:31:46.449+0000] {logging_mixin.py:137} INFO - [2024-02-27T13:31:46.448+0000] {dag.py:3441} INFO - Setting next_dagrun for example_subdag_operator.section-2 to None, run_after=None
[2024-02-27T13:31:46.457+0000] {logging_mixin.py:137} INFO - [2024-02-27T13:31:46.457+0000] {dag.py:2690} INFO - Sync 2 DAGs
[2024-02-27T13:31:46.464+0000] {logging_mixin.py:137} INFO - [2024-02-27T13:31:46.464+0000] {dag.py:3441} INFO - Setting next_dagrun for example_subdag_operator.section-1 to None, run_after=None
[2024-02-27T13:31:46.465+0000] {logging_mixin.py:137} INFO - [2024-02-27T13:31:46.465+0000] {dag.py:3441} INFO - Setting next_dagrun for example_subdag_operator.section-2 to None, run_after=None
[2024-02-27T13:31:46.480+0000] {processor.py:175} INFO - Processing /home/airflow/.local/lib/python3.7/site-packages/airflow/example_dags/example_subdag_operator.py took 0.121 seconds
[2024-02-27T13:32:16.877+0000] {processor.py:153} INFO - Started process (PID=279) to work on /home/airflow/.local/lib/python3.7/site-packages/airflow/example_dags/example_subdag_operator.py
[2024-02-27T13:32:16.879+0000] {processor.py:743} INFO - Processing file /home/airflow/.local/lib/python3.7/site-packages/airflow/example_dags/example_subdag_operator.py for tasks to queue
[2024-02-27T13:32:16.880+0000] {logging_mixin.py:137} INFO - [2024-02-27T13:32:16.879+0000] {dagbag.py:538} INFO - Filling up the DagBag from /home/airflow/.local/lib/python3.7/site-packages/airflow/example_dags/example_subdag_operator.py
[2024-02-27T13:32:16.905+0000] {processor.py:753} INFO - DAG(s) dict_keys(['example_subdag_operator.section-1', 'example_subdag_operator.section-2', 'example_subdag_operator']) retrieved from /home/airflow/.local/lib/python3.7/site-packages/airflow/example_dags/example_subdag_operator.py
[2024-02-27T13:32:16.920+0000] {logging_mixin.py:137} INFO - [2024-02-27T13:32:16.920+0000] {dag.py:2690} INFO - Sync 3 DAGs
[2024-02-27T13:32:16.941+0000] {logging_mixin.py:137} INFO - [2024-02-27T13:32:16.941+0000] {dag.py:3441} INFO - Setting next_dagrun for example_subdag_operator to 2022-01-01T00:00:00+00:00, run_after=2022-01-01T00:00:00+00:00
[2024-02-27T13:32:16.945+0000] {logging_mixin.py:137} INFO - [2024-02-27T13:32:16.945+0000] {dag.py:3441} INFO - Setting next_dagrun for example_subdag_operator.section-1 to None, run_after=None
[2024-02-27T13:32:16.947+0000] {logging_mixin.py:137} INFO - [2024-02-27T13:32:16.946+0000] {dag.py:3441} INFO - Setting next_dagrun for example_subdag_operator.section-2 to None, run_after=None
[2024-02-27T13:32:16.954+0000] {logging_mixin.py:137} INFO - [2024-02-27T13:32:16.954+0000] {dag.py:2690} INFO - Sync 2 DAGs
[2024-02-27T13:32:16.960+0000] {logging_mixin.py:137} INFO - [2024-02-27T13:32:16.960+0000] {dag.py:3441} INFO - Setting next_dagrun for example_subdag_operator.section-1 to None, run_after=None
[2024-02-27T13:32:16.961+0000] {logging_mixin.py:137} INFO - [2024-02-27T13:32:16.961+0000] {dag.py:3441} INFO - Setting next_dagrun for example_subdag_operator.section-2 to None, run_after=None
[2024-02-27T13:32:16.972+0000] {processor.py:175} INFO - Processing /home/airflow/.local/lib/python3.7/site-packages/airflow/example_dags/example_subdag_operator.py took 0.097 seconds
[2024-02-27T13:32:47.480+0000] {processor.py:153} INFO - Started process (PID=401) to work on /home/airflow/.local/lib/python3.7/site-packages/airflow/example_dags/example_subdag_operator.py
[2024-02-27T13:32:47.481+0000] {processor.py:743} INFO - Processing file /home/airflow/.local/lib/python3.7/site-packages/airflow/example_dags/example_subdag_operator.py for tasks to queue
[2024-02-27T13:32:47.482+0000] {logging_mixin.py:137} INFO - [2024-02-27T13:32:47.482+0000] {dagbag.py:538} INFO - Filling up the DagBag from /home/airflow/.local/lib/python3.7/site-packages/airflow/example_dags/example_subdag_operator.py
[2024-02-27T13:32:47.506+0000] {processor.py:753} INFO - DAG(s) dict_keys(['example_subdag_operator.section-1', 'example_subdag_operator.section-2', 'example_subdag_operator']) retrieved from /home/airflow/.local/lib/python3.7/site-packages/airflow/example_dags/example_subdag_operator.py
[2024-02-27T13:32:47.520+0000] {logging_mixin.py:137} INFO - [2024-02-27T13:32:47.520+0000] {dag.py:2690} INFO - Sync 3 DAGs
[2024-02-27T13:32:47.537+0000] {logging_mixin.py:137} INFO - [2024-02-27T13:32:47.537+0000] {dag.py:3441} INFO - Setting next_dagrun for example_subdag_operator to 2022-01-01T00:00:00+00:00, run_after=2022-01-01T00:00:00+00:00
[2024-02-27T13:32:47.540+0000] {logging_mixin.py:137} INFO - [2024-02-27T13:32:47.540+0000] {dag.py:3441} INFO - Setting next_dagrun for example_subdag_operator.section-1 to None, run_after=None
[2024-02-27T13:32:47.541+0000] {logging_mixin.py:137} INFO - [2024-02-27T13:32:47.541+0000] {dag.py:3441} INFO - Setting next_dagrun for example_subdag_operator.section-2 to None, run_after=None
[2024-02-27T13:32:47.546+0000] {logging_mixin.py:137} INFO - [2024-02-27T13:32:47.546+0000] {dag.py:2690} INFO - Sync 2 DAGs
[2024-02-27T13:32:47.551+0000] {logging_mixin.py:137} INFO - [2024-02-27T13:32:47.551+0000] {dag.py:3441} INFO - Setting next_dagrun for example_subdag_operator.section-1 to None, run_after=None
[2024-02-27T13:32:47.552+0000] {logging_mixin.py:137} INFO - [2024-02-27T13:32:47.551+0000] {dag.py:3441} INFO - Setting next_dagrun for example_subdag_operator.section-2 to None, run_after=None
[2024-02-27T13:32:47.563+0000] {processor.py:175} INFO - Processing /home/airflow/.local/lib/python3.7/site-packages/airflow/example_dags/example_subdag_operator.py took 0.085 seconds
[2024-02-27T13:33:17.846+0000] {processor.py:153} INFO - Started process (PID=524) to work on /home/airflow/.local/lib/python3.7/site-packages/airflow/example_dags/example_subdag_operator.py
[2024-02-27T13:33:17.847+0000] {processor.py:743} INFO - Processing file /home/airflow/.local/lib/python3.7/site-packages/airflow/example_dags/example_subdag_operator.py for tasks to queue
[2024-02-27T13:33:17.847+0000] {logging_mixin.py:137} INFO - [2024-02-27T13:33:17.847+0000] {dagbag.py:538} INFO - Filling up the DagBag from /home/airflow/.local/lib/python3.7/site-packages/airflow/example_dags/example_subdag_operator.py
[2024-02-27T13:33:17.871+0000] {processor.py:753} INFO - DAG(s) dict_keys(['example_subdag_operator.section-1', 'example_subdag_operator.section-2', 'example_subdag_operator']) retrieved from /home/airflow/.local/lib/python3.7/site-packages/airflow/example_dags/example_subdag_operator.py
[2024-02-27T13:33:17.886+0000] {logging_mixin.py:137} INFO - [2024-02-27T13:33:17.885+0000] {dag.py:2690} INFO - Sync 3 DAGs
[2024-02-27T13:33:17.904+0000] {logging_mixin.py:137} INFO - [2024-02-27T13:33:17.904+0000] {dag.py:3441} INFO - Setting next_dagrun for example_subdag_operator to 2022-01-01T00:00:00+00:00, run_after=2022-01-01T00:00:00+00:00
[2024-02-27T13:33:17.907+0000] {logging_mixin.py:137} INFO - [2024-02-27T13:33:17.907+0000] {dag.py:3441} INFO - Setting next_dagrun for example_subdag_operator.section-1 to None, run_after=None
[2024-02-27T13:33:17.909+0000] {logging_mixin.py:137} INFO - [2024-02-27T13:33:17.909+0000] {dag.py:3441} INFO - Setting next_dagrun for example_subdag_operator.section-2 to None, run_after=None
[2024-02-27T13:33:17.915+0000] {logging_mixin.py:137} INFO - [2024-02-27T13:33:17.915+0000] {dag.py:2690} INFO - Sync 2 DAGs
[2024-02-27T13:33:17.920+0000] {logging_mixin.py:137} INFO - [2024-02-27T13:33:17.920+0000] {dag.py:3441} INFO - Setting next_dagrun for example_subdag_operator.section-1 to None, run_after=None
[2024-02-27T13:33:17.921+0000] {logging_mixin.py:137} INFO - [2024-02-27T13:33:17.921+0000] {dag.py:3441} INFO - Setting next_dagrun for example_subdag_operator.section-2 to None, run_after=None
[2024-02-27T13:33:17.931+0000] {processor.py:175} INFO - Processing /home/airflow/.local/lib/python3.7/site-packages/airflow/example_dags/example_subdag_operator.py took 0.088 seconds
[2024-02-27T13:33:48.214+0000] {processor.py:153} INFO - Started process (PID=618) to work on /home/airflow/.local/lib/python3.7/site-packages/airflow/example_dags/example_subdag_operator.py
[2024-02-27T13:33:48.215+0000] {processor.py:743} INFO - Processing file /home/airflow/.local/lib/python3.7/site-packages/airflow/example_dags/example_subdag_operator.py for tasks to queue
[2024-02-27T13:33:48.216+0000] {logging_mixin.py:137} INFO - [2024-02-27T13:33:48.216+0000] {dagbag.py:538} INFO - Filling up the DagBag from /home/airflow/.local/lib/python3.7/site-packages/airflow/example_dags/example_subdag_operator.py
[2024-02-27T13:33:48.239+0000] {processor.py:753} INFO - DAG(s) dict_keys(['example_subdag_operator.section-1', 'example_subdag_operator.section-2', 'example_subdag_operator']) retrieved from /home/airflow/.local/lib/python3.7/site-packages/airflow/example_dags/example_subdag_operator.py
[2024-02-27T13:33:48.252+0000] {logging_mixin.py:137} INFO - [2024-02-27T13:33:48.252+0000] {dag.py:2690} INFO - Sync 3 DAGs
[2024-02-27T13:33:48.269+0000] {logging_mixin.py:137} INFO - [2024-02-27T13:33:48.269+0000] {dag.py:3441} INFO - Setting next_dagrun for example_subdag_operator to 2022-01-01T00:00:00+00:00, run_after=2022-01-01T00:00:00+00:00
[2024-02-27T13:33:48.274+0000] {logging_mixin.py:137} INFO - [2024-02-27T13:33:48.274+0000] {dag.py:3441} INFO - Setting next_dagrun for example_subdag_operator.section-1 to None, run_after=None
[2024-02-27T13:33:48.281+0000] {logging_mixin.py:137} INFO - [2024-02-27T13:33:48.281+0000] {dag.py:3441} INFO - Setting next_dagrun for example_subdag_operator.section-2 to None, run_after=None
[2024-02-27T13:33:48.289+0000] {logging_mixin.py:137} INFO - [2024-02-27T13:33:48.289+0000] {dag.py:2690} INFO - Sync 2 DAGs
[2024-02-27T13:33:48.294+0000] {logging_mixin.py:137} INFO - [2024-02-27T13:33:48.293+0000] {dag.py:3441} INFO - Setting next_dagrun for example_subdag_operator.section-1 to None, run_after=None
[2024-02-27T13:33:48.294+0000] {logging_mixin.py:137} INFO - [2024-02-27T13:33:48.294+0000] {dag.py:3441} INFO - Setting next_dagrun for example_subdag_operator.section-2 to None, run_after=None
[2024-02-27T13:33:48.305+0000] {processor.py:175} INFO - Processing /home/airflow/.local/lib/python3.7/site-packages/airflow/example_dags/example_subdag_operator.py took 0.093 seconds
[2024-02-27T13:34:18.397+0000] {processor.py:153} INFO - Started process (PID=741) to work on /home/airflow/.local/lib/python3.7/site-packages/airflow/example_dags/example_subdag_operator.py
[2024-02-27T13:34:18.398+0000] {processor.py:743} INFO - Processing file /home/airflow/.local/lib/python3.7/site-packages/airflow/example_dags/example_subdag_operator.py for tasks to queue
[2024-02-27T13:34:18.398+0000] {logging_mixin.py:137} INFO - [2024-02-27T13:34:18.398+0000] {dagbag.py:538} INFO - Filling up the DagBag from /home/airflow/.local/lib/python3.7/site-packages/airflow/example_dags/example_subdag_operator.py
[2024-02-27T13:34:18.421+0000] {processor.py:753} INFO - DAG(s) dict_keys(['example_subdag_operator.section-1', 'example_subdag_operator.section-2', 'example_subdag_operator']) retrieved from /home/airflow/.local/lib/python3.7/site-packages/airflow/example_dags/example_subdag_operator.py
[2024-02-27T13:34:18.435+0000] {logging_mixin.py:137} INFO - [2024-02-27T13:34:18.435+0000] {dag.py:2690} INFO - Sync 3 DAGs
[2024-02-27T13:34:18.452+0000] {logging_mixin.py:137} INFO - [2024-02-27T13:34:18.452+0000] {dag.py:3441} INFO - Setting next_dagrun for example_subdag_operator to 2022-01-01T00:00:00+00:00, run_after=2022-01-01T00:00:00+00:00
[2024-02-27T13:34:18.455+0000] {logging_mixin.py:137} INFO - [2024-02-27T13:34:18.455+0000] {dag.py:3441} INFO - Setting next_dagrun for example_subdag_operator.section-1 to None, run_after=None
[2024-02-27T13:34:18.457+0000] {logging_mixin.py:137} INFO - [2024-02-27T13:34:18.457+0000] {dag.py:3441} INFO - Setting next_dagrun for example_subdag_operator.section-2 to None, run_after=None
[2024-02-27T13:34:18.463+0000] {logging_mixin.py:137} INFO - [2024-02-27T13:34:18.463+0000] {dag.py:2690} INFO - Sync 2 DAGs
[2024-02-27T13:34:18.468+0000] {logging_mixin.py:137} INFO - [2024-02-27T13:34:18.468+0000] {dag.py:3441} INFO - Setting next_dagrun for example_subdag_operator.section-1 to None, run_after=None
[2024-02-27T13:34:18.470+0000] {logging_mixin.py:137} INFO - [2024-02-27T13:34:18.470+0000] {dag.py:3441} INFO - Setting next_dagrun for example_subdag_operator.section-2 to None, run_after=None
[2024-02-27T13:34:18.482+0000] {processor.py:175} INFO - Processing /home/airflow/.local/lib/python3.7/site-packages/airflow/example_dags/example_subdag_operator.py took 0.087 seconds
[2024-02-27T13:34:49.035+0000] {processor.py:153} INFO - Started process (PID=837) to work on /home/airflow/.local/lib/python3.7/site-packages/airflow/example_dags/example_subdag_operator.py
[2024-02-27T13:34:49.037+0000] {processor.py:743} INFO - Processing file /home/airflow/.local/lib/python3.7/site-packages/airflow/example_dags/example_subdag_operator.py for tasks to queue
[2024-02-27T13:34:49.040+0000] {logging_mixin.py:137} INFO - [2024-02-27T13:34:49.040+0000] {dagbag.py:538} INFO - Filling up the DagBag from /home/airflow/.local/lib/python3.7/site-packages/airflow/example_dags/example_subdag_operator.py
[2024-02-27T13:34:49.069+0000] {processor.py:753} INFO - DAG(s) dict_keys(['example_subdag_operator.section-1', 'example_subdag_operator.section-2', 'example_subdag_operator']) retrieved from /home/airflow/.local/lib/python3.7/site-packages/airflow/example_dags/example_subdag_operator.py
[2024-02-27T13:34:49.085+0000] {logging_mixin.py:137} INFO - [2024-02-27T13:34:49.085+0000] {dag.py:2690} INFO - Sync 3 DAGs
[2024-02-27T13:34:49.103+0000] {logging_mixin.py:137} INFO - [2024-02-27T13:34:49.103+0000] {dag.py:3441} INFO - Setting next_dagrun for example_subdag_operator to 2022-01-01T00:00:00+00:00, run_after=2022-01-01T00:00:00+00:00
[2024-02-27T13:34:49.106+0000] {logging_mixin.py:137} INFO - [2024-02-27T13:34:49.106+0000] {dag.py:3441} INFO - Setting next_dagrun for example_subdag_operator.section-1 to None, run_after=None
[2024-02-27T13:34:49.107+0000] {logging_mixin.py:137} INFO - [2024-02-27T13:34:49.107+0000] {dag.py:3441} INFO - Setting next_dagrun for example_subdag_operator.section-2 to None, run_after=None
[2024-02-27T13:34:49.113+0000] {logging_mixin.py:137} INFO - [2024-02-27T13:34:49.113+0000] {dag.py:2690} INFO - Sync 2 DAGs
[2024-02-27T13:34:49.119+0000] {logging_mixin.py:137} INFO - [2024-02-27T13:34:49.118+0000] {dag.py:3441} INFO - Setting next_dagrun for example_subdag_operator.section-1 to None, run_after=None
[2024-02-27T13:34:49.119+0000] {logging_mixin.py:137} INFO - [2024-02-27T13:34:49.119+0000] {dag.py:3441} INFO - Setting next_dagrun for example_subdag_operator.section-2 to None, run_after=None
[2024-02-27T13:34:49.129+0000] {processor.py:175} INFO - Processing /home/airflow/.local/lib/python3.7/site-packages/airflow/example_dags/example_subdag_operator.py took 0.100 seconds
[2024-02-27T13:35:19.317+0000] {processor.py:153} INFO - Started process (PID=960) to work on /home/airflow/.local/lib/python3.7/site-packages/airflow/example_dags/example_subdag_operator.py
[2024-02-27T13:35:19.318+0000] {processor.py:743} INFO - Processing file /home/airflow/.local/lib/python3.7/site-packages/airflow/example_dags/example_subdag_operator.py for tasks to queue
[2024-02-27T13:35:19.318+0000] {logging_mixin.py:137} INFO - [2024-02-27T13:35:19.318+0000] {dagbag.py:538} INFO - Filling up the DagBag from /home/airflow/.local/lib/python3.7/site-packages/airflow/example_dags/example_subdag_operator.py
[2024-02-27T13:35:19.342+0000] {processor.py:753} INFO - DAG(s) dict_keys(['example_subdag_operator.section-1', 'example_subdag_operator.section-2', 'example_subdag_operator']) retrieved from /home/airflow/.local/lib/python3.7/site-packages/airflow/example_dags/example_subdag_operator.py
[2024-02-27T13:35:19.356+0000] {logging_mixin.py:137} INFO - [2024-02-27T13:35:19.356+0000] {dag.py:2690} INFO - Sync 3 DAGs
[2024-02-27T13:35:19.376+0000] {logging_mixin.py:137} INFO - [2024-02-27T13:35:19.375+0000] {dag.py:3441} INFO - Setting next_dagrun for example_subdag_operator to 2022-01-01T00:00:00+00:00, run_after=2022-01-01T00:00:00+00:00
[2024-02-27T13:35:19.378+0000] {logging_mixin.py:137} INFO - [2024-02-27T13:35:19.378+0000] {dag.py:3441} INFO - Setting next_dagrun for example_subdag_operator.section-1 to None, run_after=None
[2024-02-27T13:35:19.380+0000] {logging_mixin.py:137} INFO - [2024-02-27T13:35:19.379+0000] {dag.py:3441} INFO - Setting next_dagrun for example_subdag_operator.section-2 to None, run_after=None
[2024-02-27T13:35:19.385+0000] {logging_mixin.py:137} INFO - [2024-02-27T13:35:19.385+0000] {dag.py:2690} INFO - Sync 2 DAGs
[2024-02-27T13:35:19.390+0000] {logging_mixin.py:137} INFO - [2024-02-27T13:35:19.390+0000] {dag.py:3441} INFO - Setting next_dagrun for example_subdag_operator.section-1 to None, run_after=None
[2024-02-27T13:35:19.391+0000] {logging_mixin.py:137} INFO - [2024-02-27T13:35:19.391+0000] {dag.py:3441} INFO - Setting next_dagrun for example_subdag_operator.section-2 to None, run_after=None
[2024-02-27T13:35:19.401+0000] {processor.py:175} INFO - Processing /home/airflow/.local/lib/python3.7/site-packages/airflow/example_dags/example_subdag_operator.py took 0.086 seconds
[2024-02-27T13:35:49.519+0000] {processor.py:153} INFO - Started process (PID=1064) to work on /home/airflow/.local/lib/python3.7/site-packages/airflow/example_dags/example_subdag_operator.py
[2024-02-27T13:35:49.520+0000] {processor.py:743} INFO - Processing file /home/airflow/.local/lib/python3.7/site-packages/airflow/example_dags/example_subdag_operator.py for tasks to queue
[2024-02-27T13:35:49.521+0000] {logging_mixin.py:137} INFO - [2024-02-27T13:35:49.521+0000] {dagbag.py:538} INFO - Filling up the DagBag from /home/airflow/.local/lib/python3.7/site-packages/airflow/example_dags/example_subdag_operator.py
[2024-02-27T13:35:49.544+0000] {processor.py:753} INFO - DAG(s) dict_keys(['example_subdag_operator.section-1', 'example_subdag_operator.section-2', 'example_subdag_operator']) retrieved from /home/airflow/.local/lib/python3.7/site-packages/airflow/example_dags/example_subdag_operator.py
[2024-02-27T13:35:49.558+0000] {logging_mixin.py:137} INFO - [2024-02-27T13:35:49.558+0000] {dag.py:2690} INFO - Sync 3 DAGs
[2024-02-27T13:35:49.580+0000] {logging_mixin.py:137} INFO - [2024-02-27T13:35:49.579+0000] {dag.py:3441} INFO - Setting next_dagrun for example_subdag_operator to 2022-01-01T00:00:00+00:00, run_after=2022-01-01T00:00:00+00:00
[2024-02-27T13:35:49.584+0000] {logging_mixin.py:137} INFO - [2024-02-27T13:35:49.584+0000] {dag.py:3441} INFO - Setting next_dagrun for example_subdag_operator.section-1 to None, run_after=None
[2024-02-27T13:35:49.585+0000] {logging_mixin.py:137} INFO - [2024-02-27T13:35:49.585+0000] {dag.py:3441} INFO - Setting next_dagrun for example_subdag_operator.section-2 to None, run_after=None
[2024-02-27T13:35:49.592+0000] {logging_mixin.py:137} INFO - [2024-02-27T13:35:49.591+0000] {dag.py:2690} INFO - Sync 2 DAGs
[2024-02-27T13:35:49.597+0000] {logging_mixin.py:137} INFO - [2024-02-27T13:35:49.597+0000] {dag.py:3441} INFO - Setting next_dagrun for example_subdag_operator.section-1 to None, run_after=None
[2024-02-27T13:35:49.597+0000] {logging_mixin.py:137} INFO - [2024-02-27T13:35:49.597+0000] {dag.py:3441} INFO - Setting next_dagrun for example_subdag_operator.section-2 to None, run_after=None
[2024-02-27T13:35:49.608+0000] {processor.py:175} INFO - Processing /home/airflow/.local/lib/python3.7/site-packages/airflow/example_dags/example_subdag_operator.py took 0.091 seconds
[2024-02-27T13:36:19.850+0000] {processor.py:153} INFO - Started process (PID=1178) to work on /home/airflow/.local/lib/python3.7/site-packages/airflow/example_dags/example_subdag_operator.py
[2024-02-27T13:36:19.851+0000] {processor.py:743} INFO - Processing file /home/airflow/.local/lib/python3.7/site-packages/airflow/example_dags/example_subdag_operator.py for tasks to queue
[2024-02-27T13:36:19.852+0000] {logging_mixin.py:137} INFO - [2024-02-27T13:36:19.852+0000] {dagbag.py:538} INFO - Filling up the DagBag from /home/airflow/.local/lib/python3.7/site-packages/airflow/example_dags/example_subdag_operator.py
[2024-02-27T13:36:19.876+0000] {processor.py:753} INFO - DAG(s) dict_keys(['example_subdag_operator.section-1', 'example_subdag_operator.section-2', 'example_subdag_operator']) retrieved from /home/airflow/.local/lib/python3.7/site-packages/airflow/example_dags/example_subdag_operator.py
[2024-02-27T13:36:19.888+0000] {logging_mixin.py:137} INFO - [2024-02-27T13:36:19.888+0000] {dag.py:2690} INFO - Sync 3 DAGs
[2024-02-27T13:36:19.905+0000] {logging_mixin.py:137} INFO - [2024-02-27T13:36:19.905+0000] {dag.py:3441} INFO - Setting next_dagrun for example_subdag_operator to 2022-01-01T00:00:00+00:00, run_after=2022-01-01T00:00:00+00:00
[2024-02-27T13:36:19.907+0000] {logging_mixin.py:137} INFO - [2024-02-27T13:36:19.907+0000] {dag.py:3441} INFO - Setting next_dagrun for example_subdag_operator.section-1 to None, run_after=None
[2024-02-27T13:36:19.908+0000] {logging_mixin.py:137} INFO - [2024-02-27T13:36:19.908+0000] {dag.py:3441} INFO - Setting next_dagrun for example_subdag_operator.section-2 to None, run_after=None
[2024-02-27T13:36:19.914+0000] {logging_mixin.py:137} INFO - [2024-02-27T13:36:19.914+0000] {dag.py:2690} INFO - Sync 2 DAGs
[2024-02-27T13:36:19.918+0000] {logging_mixin.py:137} INFO - [2024-02-27T13:36:19.918+0000] {dag.py:3441} INFO - Setting next_dagrun for example_subdag_operator.section-1 to None, run_after=None
[2024-02-27T13:36:19.919+0000] {logging_mixin.py:137} INFO - [2024-02-27T13:36:19.918+0000] {dag.py:3441} INFO - Setting next_dagrun for example_subdag_operator.section-2 to None, run_after=None
[2024-02-27T13:36:19.933+0000] {processor.py:175} INFO - Processing /home/airflow/.local/lib/python3.7/site-packages/airflow/example_dags/example_subdag_operator.py took 0.086 seconds
[2024-02-27T13:36:50.083+0000] {processor.py:153} INFO - Started process (PID=1301) to work on /home/airflow/.local/lib/python3.7/site-packages/airflow/example_dags/example_subdag_operator.py
[2024-02-27T13:36:50.084+0000] {processor.py:743} INFO - Processing file /home/airflow/.local/lib/python3.7/site-packages/airflow/example_dags/example_subdag_operator.py for tasks to queue
[2024-02-27T13:36:50.085+0000] {logging_mixin.py:137} INFO - [2024-02-27T13:36:50.085+0000] {dagbag.py:538} INFO - Filling up the DagBag from /home/airflow/.local/lib/python3.7/site-packages/airflow/example_dags/example_subdag_operator.py
[2024-02-27T13:36:50.107+0000] {processor.py:753} INFO - DAG(s) dict_keys(['example_subdag_operator.section-1', 'example_subdag_operator.section-2', 'example_subdag_operator']) retrieved from /home/airflow/.local/lib/python3.7/site-packages/airflow/example_dags/example_subdag_operator.py
[2024-02-27T13:36:50.120+0000] {logging_mixin.py:137} INFO - [2024-02-27T13:36:50.120+0000] {dag.py:2690} INFO - Sync 3 DAGs
[2024-02-27T13:36:50.138+0000] {logging_mixin.py:137} INFO - [2024-02-27T13:36:50.138+0000] {dag.py:3441} INFO - Setting next_dagrun for example_subdag_operator to 2022-01-01T00:00:00+00:00, run_after=2022-01-01T00:00:00+00:00
[2024-02-27T13:36:50.141+0000] {logging_mixin.py:137} INFO - [2024-02-27T13:36:50.141+0000] {dag.py:3441} INFO - Setting next_dagrun for example_subdag_operator.section-1 to None, run_after=None
[2024-02-27T13:36:50.143+0000] {logging_mixin.py:137} INFO - [2024-02-27T13:36:50.143+0000] {dag.py:3441} INFO - Setting next_dagrun for example_subdag_operator.section-2 to None, run_after=None
[2024-02-27T13:36:50.149+0000] {logging_mixin.py:137} INFO - [2024-02-27T13:36:50.149+0000] {dag.py:2690} INFO - Sync 2 DAGs
[2024-02-27T13:36:50.154+0000] {logging_mixin.py:137} INFO - [2024-02-27T13:36:50.154+0000] {dag.py:3441} INFO - Setting next_dagrun for example_subdag_operator.section-1 to None, run_after=None
[2024-02-27T13:36:50.154+0000] {logging_mixin.py:137} INFO - [2024-02-27T13:36:50.154+0000] {dag.py:3441} INFO - Setting next_dagrun for example_subdag_operator.section-2 to None, run_after=None
[2024-02-27T13:36:50.164+0000] {processor.py:175} INFO - Processing /home/airflow/.local/lib/python3.7/site-packages/airflow/example_dags/example_subdag_operator.py took 0.084 seconds
[2024-02-27T13:37:20.233+0000] {processor.py:153} INFO - Started process (PID=1396) to work on /home/airflow/.local/lib/python3.7/site-packages/airflow/example_dags/example_subdag_operator.py
[2024-02-27T13:37:20.234+0000] {processor.py:743} INFO - Processing file /home/airflow/.local/lib/python3.7/site-packages/airflow/example_dags/example_subdag_operator.py for tasks to queue
[2024-02-27T13:37:20.235+0000] {logging_mixin.py:137} INFO - [2024-02-27T13:37:20.235+0000] {dagbag.py:538} INFO - Filling up the DagBag from /home/airflow/.local/lib/python3.7/site-packages/airflow/example_dags/example_subdag_operator.py
[2024-02-27T13:37:20.258+0000] {processor.py:753} INFO - DAG(s) dict_keys(['example_subdag_operator.section-1', 'example_subdag_operator.section-2', 'example_subdag_operator']) retrieved from /home/airflow/.local/lib/python3.7/site-packages/airflow/example_dags/example_subdag_operator.py
[2024-02-27T13:37:20.272+0000] {logging_mixin.py:137} INFO - [2024-02-27T13:37:20.271+0000] {dag.py:2690} INFO - Sync 3 DAGs
[2024-02-27T13:37:20.289+0000] {logging_mixin.py:137} INFO - [2024-02-27T13:37:20.289+0000] {dag.py:3441} INFO - Setting next_dagrun for example_subdag_operator to 2022-01-01T00:00:00+00:00, run_after=2022-01-01T00:00:00+00:00
[2024-02-27T13:37:20.292+0000] {logging_mixin.py:137} INFO - [2024-02-27T13:37:20.291+0000] {dag.py:3441} INFO - Setting next_dagrun for example_subdag_operator.section-1 to None, run_after=None
[2024-02-27T13:37:20.293+0000] {logging_mixin.py:137} INFO - [2024-02-27T13:37:20.293+0000] {dag.py:3441} INFO - Setting next_dagrun for example_subdag_operator.section-2 to None, run_after=None
[2024-02-27T13:37:20.300+0000] {logging_mixin.py:137} INFO - [2024-02-27T13:37:20.300+0000] {dag.py:2690} INFO - Sync 2 DAGs
[2024-02-27T13:37:20.305+0000] {logging_mixin.py:137} INFO - [2024-02-27T13:37:20.305+0000] {dag.py:3441} INFO - Setting next_dagrun for example_subdag_operator.section-1 to None, run_after=None
[2024-02-27T13:37:20.314+0000] {logging_mixin.py:137} INFO - [2024-02-27T13:37:20.314+0000] {dag.py:3441} INFO - Setting next_dagrun for example_subdag_operator.section-2 to None, run_after=None
[2024-02-27T13:37:20.325+0000] {processor.py:175} INFO - Processing /home/airflow/.local/lib/python3.7/site-packages/airflow/example_dags/example_subdag_operator.py took 0.094 seconds
[2024-02-27T13:37:50.653+0000] {processor.py:153} INFO - Started process (PID=1521) to work on /home/airflow/.local/lib/python3.7/site-packages/airflow/example_dags/example_subdag_operator.py
[2024-02-27T13:37:50.653+0000] {processor.py:743} INFO - Processing file /home/airflow/.local/lib/python3.7/site-packages/airflow/example_dags/example_subdag_operator.py for tasks to queue
[2024-02-27T13:37:50.654+0000] {logging_mixin.py:137} INFO - [2024-02-27T13:37:50.654+0000] {dagbag.py:538} INFO - Filling up the DagBag from /home/airflow/.local/lib/python3.7/site-packages/airflow/example_dags/example_subdag_operator.py
[2024-02-27T13:37:50.675+0000] {processor.py:753} INFO - DAG(s) dict_keys(['example_subdag_operator.section-1', 'example_subdag_operator.section-2', 'example_subdag_operator']) retrieved from /home/airflow/.local/lib/python3.7/site-packages/airflow/example_dags/example_subdag_operator.py
[2024-02-27T13:37:50.688+0000] {logging_mixin.py:137} INFO - [2024-02-27T13:37:50.688+0000] {dag.py:2690} INFO - Sync 3 DAGs
[2024-02-27T13:37:50.714+0000] {logging_mixin.py:137} INFO - [2024-02-27T13:37:50.713+0000] {dag.py:3441} INFO - Setting next_dagrun for example_subdag_operator to 2022-01-01T00:00:00+00:00, run_after=2022-01-01T00:00:00+00:00
[2024-02-27T13:37:50.717+0000] {logging_mixin.py:137} INFO - [2024-02-27T13:37:50.717+0000] {dag.py:3441} INFO - Setting next_dagrun for example_subdag_operator.section-1 to None, run_after=None
[2024-02-27T13:37:50.719+0000] {logging_mixin.py:137} INFO - [2024-02-27T13:37:50.719+0000] {dag.py:3441} INFO - Setting next_dagrun for example_subdag_operator.section-2 to None, run_after=None
[2024-02-27T13:37:50.725+0000] {logging_mixin.py:137} INFO - [2024-02-27T13:37:50.725+0000] {dag.py:2690} INFO - Sync 2 DAGs
[2024-02-27T13:37:50.730+0000] {logging_mixin.py:137} INFO - [2024-02-27T13:37:50.729+0000] {dag.py:3441} INFO - Setting next_dagrun for example_subdag_operator.section-1 to None, run_after=None
[2024-02-27T13:37:50.730+0000] {logging_mixin.py:137} INFO - [2024-02-27T13:37:50.730+0000] {dag.py:3441} INFO - Setting next_dagrun for example_subdag_operator.section-2 to None, run_after=None
[2024-02-27T13:37:50.739+0000] {processor.py:175} INFO - Processing /home/airflow/.local/lib/python3.7/site-packages/airflow/example_dags/example_subdag_operator.py took 0.088 seconds
[2024-02-27T13:38:20.852+0000] {processor.py:153} INFO - Started process (PID=1616) to work on /home/airflow/.local/lib/python3.7/site-packages/airflow/example_dags/example_subdag_operator.py
[2024-02-27T13:38:20.854+0000] {processor.py:743} INFO - Processing file /home/airflow/.local/lib/python3.7/site-packages/airflow/example_dags/example_subdag_operator.py for tasks to queue
[2024-02-27T13:38:20.856+0000] {logging_mixin.py:137} INFO - [2024-02-27T13:38:20.856+0000] {dagbag.py:538} INFO - Filling up the DagBag from /home/airflow/.local/lib/python3.7/site-packages/airflow/example_dags/example_subdag_operator.py
[2024-02-27T13:38:20.879+0000] {processor.py:753} INFO - DAG(s) dict_keys(['example_subdag_operator.section-1', 'example_subdag_operator.section-2', 'example_subdag_operator']) retrieved from /home/airflow/.local/lib/python3.7/site-packages/airflow/example_dags/example_subdag_operator.py
[2024-02-27T13:38:20.891+0000] {logging_mixin.py:137} INFO - [2024-02-27T13:38:20.891+0000] {dag.py:2690} INFO - Sync 3 DAGs
[2024-02-27T13:38:20.911+0000] {logging_mixin.py:137} INFO - [2024-02-27T13:38:20.910+0000] {dag.py:3441} INFO - Setting next_dagrun for example_subdag_operator to 2022-01-01T00:00:00+00:00, run_after=2022-01-01T00:00:00+00:00
[2024-02-27T13:38:20.914+0000] {logging_mixin.py:137} INFO - [2024-02-27T13:38:20.914+0000] {dag.py:3441} INFO - Setting next_dagrun for example_subdag_operator.section-1 to None, run_after=None
[2024-02-27T13:38:20.917+0000] {logging_mixin.py:137} INFO - [2024-02-27T13:38:20.917+0000] {dag.py:3441} INFO - Setting next_dagrun for example_subdag_operator.section-2 to None, run_after=None
[2024-02-27T13:38:20.923+0000] {logging_mixin.py:137} INFO - [2024-02-27T13:38:20.923+0000] {dag.py:2690} INFO - Sync 2 DAGs
[2024-02-27T13:38:20.928+0000] {logging_mixin.py:137} INFO - [2024-02-27T13:38:20.928+0000] {dag.py:3441} INFO - Setting next_dagrun for example_subdag_operator.section-1 to None, run_after=None
[2024-02-27T13:38:20.929+0000] {logging_mixin.py:137} INFO - [2024-02-27T13:38:20.929+0000] {dag.py:3441} INFO - Setting next_dagrun for example_subdag_operator.section-2 to None, run_after=None
[2024-02-27T13:38:20.939+0000] {processor.py:175} INFO - Processing /home/airflow/.local/lib/python3.7/site-packages/airflow/example_dags/example_subdag_operator.py took 0.089 seconds
[2024-02-27T13:38:51.282+0000] {processor.py:153} INFO - Started process (PID=1739) to work on /home/airflow/.local/lib/python3.7/site-packages/airflow/example_dags/example_subdag_operator.py
[2024-02-27T13:38:51.283+0000] {processor.py:743} INFO - Processing file /home/airflow/.local/lib/python3.7/site-packages/airflow/example_dags/example_subdag_operator.py for tasks to queue
[2024-02-27T13:38:51.283+0000] {logging_mixin.py:137} INFO - [2024-02-27T13:38:51.283+0000] {dagbag.py:538} INFO - Filling up the DagBag from /home/airflow/.local/lib/python3.7/site-packages/airflow/example_dags/example_subdag_operator.py
[2024-02-27T13:38:51.305+0000] {processor.py:753} INFO - DAG(s) dict_keys(['example_subdag_operator.section-1', 'example_subdag_operator.section-2', 'example_subdag_operator']) retrieved from /home/airflow/.local/lib/python3.7/site-packages/airflow/example_dags/example_subdag_operator.py
[2024-02-27T13:38:51.318+0000] {logging_mixin.py:137} INFO - [2024-02-27T13:38:51.318+0000] {dag.py:2690} INFO - Sync 3 DAGs
[2024-02-27T13:38:51.338+0000] {logging_mixin.py:137} INFO - [2024-02-27T13:38:51.338+0000] {dag.py:3441} INFO - Setting next_dagrun for example_subdag_operator to 2022-01-01T00:00:00+00:00, run_after=2022-01-01T00:00:00+00:00
[2024-02-27T13:38:51.341+0000] {logging_mixin.py:137} INFO - [2024-02-27T13:38:51.341+0000] {dag.py:3441} INFO - Setting next_dagrun for example_subdag_operator.section-1 to None, run_after=None
[2024-02-27T13:38:51.342+0000] {logging_mixin.py:137} INFO - [2024-02-27T13:38:51.342+0000] {dag.py:3441} INFO - Setting next_dagrun for example_subdag_operator.section-2 to None, run_after=None
[2024-02-27T13:38:51.348+0000] {logging_mixin.py:137} INFO - [2024-02-27T13:38:51.348+0000] {dag.py:2690} INFO - Sync 2 DAGs
[2024-02-27T13:38:51.353+0000] {logging_mixin.py:137} INFO - [2024-02-27T13:38:51.353+0000] {dag.py:3441} INFO - Setting next_dagrun for example_subdag_operator.section-1 to None, run_after=None
[2024-02-27T13:38:51.354+0000] {logging_mixin.py:137} INFO - [2024-02-27T13:38:51.354+0000] {dag.py:3441} INFO - Setting next_dagrun for example_subdag_operator.section-2 to None, run_after=None
[2024-02-27T13:38:51.365+0000] {processor.py:175} INFO - Processing /home/airflow/.local/lib/python3.7/site-packages/airflow/example_dags/example_subdag_operator.py took 0.086 seconds
[2024-02-27T13:39:22.216+0000] {processor.py:153} INFO - Started process (PID=1862) to work on /home/airflow/.local/lib/python3.7/site-packages/airflow/example_dags/example_subdag_operator.py
[2024-02-27T13:39:22.217+0000] {processor.py:743} INFO - Processing file /home/airflow/.local/lib/python3.7/site-packages/airflow/example_dags/example_subdag_operator.py for tasks to queue
[2024-02-27T13:39:22.218+0000] {logging_mixin.py:137} INFO - [2024-02-27T13:39:22.218+0000] {dagbag.py:538} INFO - Filling up the DagBag from /home/airflow/.local/lib/python3.7/site-packages/airflow/example_dags/example_subdag_operator.py
[2024-02-27T13:39:22.244+0000] {processor.py:753} INFO - DAG(s) dict_keys(['example_subdag_operator.section-1', 'example_subdag_operator.section-2', 'example_subdag_operator']) retrieved from /home/airflow/.local/lib/python3.7/site-packages/airflow/example_dags/example_subdag_operator.py
[2024-02-27T13:39:22.259+0000] {logging_mixin.py:137} INFO - [2024-02-27T13:39:22.259+0000] {dag.py:2690} INFO - Sync 3 DAGs
[2024-02-27T13:39:22.279+0000] {logging_mixin.py:137} INFO - [2024-02-27T13:39:22.279+0000] {dag.py:3441} INFO - Setting next_dagrun for example_subdag_operator to 2022-01-01T00:00:00+00:00, run_after=2022-01-01T00:00:00+00:00
[2024-02-27T13:39:22.282+0000] {logging_mixin.py:137} INFO - [2024-02-27T13:39:22.282+0000] {dag.py:3441} INFO - Setting next_dagrun for example_subdag_operator.section-1 to None, run_after=None
[2024-02-27T13:39:22.284+0000] {logging_mixin.py:137} INFO - [2024-02-27T13:39:22.284+0000] {dag.py:3441} INFO - Setting next_dagrun for example_subdag_operator.section-2 to None, run_after=None
[2024-02-27T13:39:22.292+0000] {logging_mixin.py:137} INFO - [2024-02-27T13:39:22.292+0000] {dag.py:2690} INFO - Sync 2 DAGs
[2024-02-27T13:39:22.298+0000] {logging_mixin.py:137} INFO - [2024-02-27T13:39:22.298+0000] {dag.py:3441} INFO - Setting next_dagrun for example_subdag_operator.section-1 to None, run_after=None
[2024-02-27T13:39:22.299+0000] {logging_mixin.py:137} INFO - [2024-02-27T13:39:22.299+0000] {dag.py:3441} INFO - Setting next_dagrun for example_subdag_operator.section-2 to None, run_after=None
[2024-02-27T13:39:22.310+0000] {processor.py:175} INFO - Processing /home/airflow/.local/lib/python3.7/site-packages/airflow/example_dags/example_subdag_operator.py took 0.097 seconds
[2024-02-27T13:39:52.964+0000] {processor.py:153} INFO - Started process (PID=1957) to work on /home/airflow/.local/lib/python3.7/site-packages/airflow/example_dags/example_subdag_operator.py
[2024-02-27T13:39:52.964+0000] {processor.py:743} INFO - Processing file /home/airflow/.local/lib/python3.7/site-packages/airflow/example_dags/example_subdag_operator.py for tasks to queue
[2024-02-27T13:39:52.965+0000] {logging_mixin.py:137} INFO - [2024-02-27T13:39:52.965+0000] {dagbag.py:538} INFO - Filling up the DagBag from /home/airflow/.local/lib/python3.7/site-packages/airflow/example_dags/example_subdag_operator.py
[2024-02-27T13:39:52.988+0000] {processor.py:753} INFO - DAG(s) dict_keys(['example_subdag_operator.section-1', 'example_subdag_operator.section-2', 'example_subdag_operator']) retrieved from /home/airflow/.local/lib/python3.7/site-packages/airflow/example_dags/example_subdag_operator.py
[2024-02-27T13:39:53.002+0000] {logging_mixin.py:137} INFO - [2024-02-27T13:39:53.002+0000] {dag.py:2690} INFO - Sync 3 DAGs
[2024-02-27T13:39:53.020+0000] {logging_mixin.py:137} INFO - [2024-02-27T13:39:53.020+0000] {dag.py:3441} INFO - Setting next_dagrun for example_subdag_operator to 2022-01-01T00:00:00+00:00, run_after=2022-01-01T00:00:00+00:00
[2024-02-27T13:39:53.023+0000] {logging_mixin.py:137} INFO - [2024-02-27T13:39:53.023+0000] {dag.py:3441} INFO - Setting next_dagrun for example_subdag_operator.section-1 to None, run_after=None
[2024-02-27T13:39:53.024+0000] {logging_mixin.py:137} INFO - [2024-02-27T13:39:53.024+0000] {dag.py:3441} INFO - Setting next_dagrun for example_subdag_operator.section-2 to None, run_after=None
[2024-02-27T13:39:53.030+0000] {logging_mixin.py:137} INFO - [2024-02-27T13:39:53.030+0000] {dag.py:2690} INFO - Sync 2 DAGs
[2024-02-27T13:39:53.034+0000] {logging_mixin.py:137} INFO - [2024-02-27T13:39:53.034+0000] {dag.py:3441} INFO - Setting next_dagrun for example_subdag_operator.section-1 to None, run_after=None
[2024-02-27T13:39:53.035+0000] {logging_mixin.py:137} INFO - [2024-02-27T13:39:53.035+0000] {dag.py:3441} INFO - Setting next_dagrun for example_subdag_operator.section-2 to None, run_after=None
[2024-02-27T13:39:53.046+0000] {processor.py:175} INFO - Processing /home/airflow/.local/lib/python3.7/site-packages/airflow/example_dags/example_subdag_operator.py took 0.085 seconds
[2024-02-27T13:40:23.227+0000] {processor.py:153} INFO - Started process (PID=2081) to work on /home/airflow/.local/lib/python3.7/site-packages/airflow/example_dags/example_subdag_operator.py
[2024-02-27T13:40:23.228+0000] {processor.py:743} INFO - Processing file /home/airflow/.local/lib/python3.7/site-packages/airflow/example_dags/example_subdag_operator.py for tasks to queue
[2024-02-27T13:40:23.229+0000] {logging_mixin.py:137} INFO - [2024-02-27T13:40:23.229+0000] {dagbag.py:538} INFO - Filling up the DagBag from /home/airflow/.local/lib/python3.7/site-packages/airflow/example_dags/example_subdag_operator.py
[2024-02-27T13:40:23.250+0000] {processor.py:753} INFO - DAG(s) dict_keys(['example_subdag_operator.section-1', 'example_subdag_operator.section-2', 'example_subdag_operator']) retrieved from /home/airflow/.local/lib/python3.7/site-packages/airflow/example_dags/example_subdag_operator.py
[2024-02-27T13:40:23.262+0000] {logging_mixin.py:137} INFO - [2024-02-27T13:40:23.262+0000] {dag.py:2690} INFO - Sync 3 DAGs
[2024-02-27T13:40:23.279+0000] {logging_mixin.py:137} INFO - [2024-02-27T13:40:23.279+0000] {dag.py:3441} INFO - Setting next_dagrun for example_subdag_operator to 2022-01-01T00:00:00+00:00, run_after=2022-01-01T00:00:00+00:00
[2024-02-27T13:40:23.282+0000] {logging_mixin.py:137} INFO - [2024-02-27T13:40:23.282+0000] {dag.py:3441} INFO - Setting next_dagrun for example_subdag_operator.section-1 to None, run_after=None
[2024-02-27T13:40:23.284+0000] {logging_mixin.py:137} INFO - [2024-02-27T13:40:23.284+0000] {dag.py:3441} INFO - Setting next_dagrun for example_subdag_operator.section-2 to None, run_after=None
[2024-02-27T13:40:23.289+0000] {logging_mixin.py:137} INFO - [2024-02-27T13:40:23.289+0000] {dag.py:2690} INFO - Sync 2 DAGs
[2024-02-27T13:40:23.294+0000] {logging_mixin.py:137} INFO - [2024-02-27T13:40:23.294+0000] {dag.py:3441} INFO - Setting next_dagrun for example_subdag_operator.section-1 to None, run_after=None
[2024-02-27T13:40:23.294+0000] {logging_mixin.py:137} INFO - [2024-02-27T13:40:23.294+0000] {dag.py:3441} INFO - Setting next_dagrun for example_subdag_operator.section-2 to None, run_after=None
[2024-02-27T13:40:23.304+0000] {processor.py:175} INFO - Processing /home/airflow/.local/lib/python3.7/site-packages/airflow/example_dags/example_subdag_operator.py took 0.079 seconds
[2024-02-27T13:40:53.938+0000] {processor.py:153} INFO - Started process (PID=2176) to work on /home/airflow/.local/lib/python3.7/site-packages/airflow/example_dags/example_subdag_operator.py
[2024-02-27T13:40:53.939+0000] {processor.py:743} INFO - Processing file /home/airflow/.local/lib/python3.7/site-packages/airflow/example_dags/example_subdag_operator.py for tasks to queue
[2024-02-27T13:40:53.940+0000] {logging_mixin.py:137} INFO - [2024-02-27T13:40:53.940+0000] {dagbag.py:538} INFO - Filling up the DagBag from /home/airflow/.local/lib/python3.7/site-packages/airflow/example_dags/example_subdag_operator.py
[2024-02-27T13:40:53.969+0000] {processor.py:753} INFO - DAG(s) dict_keys(['example_subdag_operator.section-1', 'example_subdag_operator.section-2', 'example_subdag_operator']) retrieved from /home/airflow/.local/lib/python3.7/site-packages/airflow/example_dags/example_subdag_operator.py
[2024-02-27T13:40:53.983+0000] {logging_mixin.py:137} INFO - [2024-02-27T13:40:53.983+0000] {dag.py:2690} INFO - Sync 3 DAGs
[2024-02-27T13:40:54.002+0000] {logging_mixin.py:137} INFO - [2024-02-27T13:40:54.002+0000] {dag.py:3441} INFO - Setting next_dagrun for example_subdag_operator to 2022-01-01T00:00:00+00:00, run_after=2022-01-01T00:00:00+00:00
[2024-02-27T13:40:54.004+0000] {logging_mixin.py:137} INFO - [2024-02-27T13:40:54.004+0000] {dag.py:3441} INFO - Setting next_dagrun for example_subdag_operator.section-1 to None, run_after=None
[2024-02-27T13:40:54.006+0000] {logging_mixin.py:137} INFO - [2024-02-27T13:40:54.006+0000] {dag.py:3441} INFO - Setting next_dagrun for example_subdag_operator.section-2 to None, run_after=None
[2024-02-27T13:40:54.012+0000] {logging_mixin.py:137} INFO - [2024-02-27T13:40:54.012+0000] {dag.py:2690} INFO - Sync 2 DAGs
[2024-02-27T13:40:54.017+0000] {logging_mixin.py:137} INFO - [2024-02-27T13:40:54.017+0000] {dag.py:3441} INFO - Setting next_dagrun for example_subdag_operator.section-1 to None, run_after=None
[2024-02-27T13:40:54.018+0000] {logging_mixin.py:137} INFO - [2024-02-27T13:40:54.018+0000] {dag.py:3441} INFO - Setting next_dagrun for example_subdag_operator.section-2 to None, run_after=None
[2024-02-27T13:40:54.030+0000] {processor.py:175} INFO - Processing /home/airflow/.local/lib/python3.7/site-packages/airflow/example_dags/example_subdag_operator.py took 0.094 seconds
[2024-02-27T13:41:24.659+0000] {processor.py:153} INFO - Started process (PID=2299) to work on /home/airflow/.local/lib/python3.7/site-packages/airflow/example_dags/example_subdag_operator.py
[2024-02-27T13:41:24.660+0000] {processor.py:743} INFO - Processing file /home/airflow/.local/lib/python3.7/site-packages/airflow/example_dags/example_subdag_operator.py for tasks to queue
[2024-02-27T13:41:24.661+0000] {logging_mixin.py:137} INFO - [2024-02-27T13:41:24.661+0000] {dagbag.py:538} INFO - Filling up the DagBag from /home/airflow/.local/lib/python3.7/site-packages/airflow/example_dags/example_subdag_operator.py
[2024-02-27T13:41:24.686+0000] {processor.py:753} INFO - DAG(s) dict_keys(['example_subdag_operator.section-1', 'example_subdag_operator.section-2', 'example_subdag_operator']) retrieved from /home/airflow/.local/lib/python3.7/site-packages/airflow/example_dags/example_subdag_operator.py
[2024-02-27T13:41:24.700+0000] {logging_mixin.py:137} INFO - [2024-02-27T13:41:24.699+0000] {dag.py:2690} INFO - Sync 3 DAGs
[2024-02-27T13:41:24.717+0000] {logging_mixin.py:137} INFO - [2024-02-27T13:41:24.717+0000] {dag.py:3441} INFO - Setting next_dagrun for example_subdag_operator to 2022-01-01T00:00:00+00:00, run_after=2022-01-01T00:00:00+00:00
[2024-02-27T13:41:24.721+0000] {logging_mixin.py:137} INFO - [2024-02-27T13:41:24.721+0000] {dag.py:3441} INFO - Setting next_dagrun for example_subdag_operator.section-1 to None, run_after=None
[2024-02-27T13:41:24.723+0000] {logging_mixin.py:137} INFO - [2024-02-27T13:41:24.722+0000] {dag.py:3441} INFO - Setting next_dagrun for example_subdag_operator.section-2 to None, run_after=None
[2024-02-27T13:41:24.728+0000] {logging_mixin.py:137} INFO - [2024-02-27T13:41:24.728+0000] {dag.py:2690} INFO - Sync 2 DAGs
[2024-02-27T13:41:24.733+0000] {logging_mixin.py:137} INFO - [2024-02-27T13:41:24.733+0000] {dag.py:3441} INFO - Setting next_dagrun for example_subdag_operator.section-1 to None, run_after=None
[2024-02-27T13:41:24.734+0000] {logging_mixin.py:137} INFO - [2024-02-27T13:41:24.733+0000] {dag.py:3441} INFO - Setting next_dagrun for example_subdag_operator.section-2 to None, run_after=None
[2024-02-27T13:41:24.744+0000] {processor.py:175} INFO - Processing /home/airflow/.local/lib/python3.7/site-packages/airflow/example_dags/example_subdag_operator.py took 0.087 seconds
