[2024-02-27T13:31:14.406+0000] {processor.py:153} INFO - Started process (PID=49) to work on /home/airflow/.local/lib/python3.7/site-packages/airflow/example_dags/example_branch_python_dop_operator_3.py
[2024-02-27T13:31:14.408+0000] {processor.py:743} INFO - Processing file /home/airflow/.local/lib/python3.7/site-packages/airflow/example_dags/example_branch_python_dop_operator_3.py for tasks to queue
[2024-02-27T13:31:14.409+0000] {logging_mixin.py:137} INFO - [2024-02-27T13:31:14.409+0000] {dagbag.py:538} INFO - Filling up the DagBag from /home/airflow/.local/lib/python3.7/site-packages/airflow/example_dags/example_branch_python_dop_operator_3.py
[2024-02-27T13:31:14.436+0000] {processor.py:753} INFO - DAG(s) dict_keys(['example_branch_dop_operator_v3']) retrieved from /home/airflow/.local/lib/python3.7/site-packages/airflow/example_dags/example_branch_python_dop_operator_3.py
[2024-02-27T13:31:14.565+0000] {logging_mixin.py:137} INFO - [2024-02-27T13:31:14.564+0000] {manager.py:504} INFO - Created Permission View: can edit on DAG:example_branch_dop_operator_v3
[2024-02-27T13:31:14.576+0000] {logging_mixin.py:137} INFO - [2024-02-27T13:31:14.576+0000] {manager.py:504} INFO - Created Permission View: can delete on DAG:example_branch_dop_operator_v3
[2024-02-27T13:31:14.587+0000] {logging_mixin.py:137} INFO - [2024-02-27T13:31:14.587+0000] {manager.py:504} INFO - Created Permission View: can read on DAG:example_branch_dop_operator_v3
[2024-02-27T13:31:14.588+0000] {logging_mixin.py:137} INFO - [2024-02-27T13:31:14.588+0000] {dag.py:2690} INFO - Sync 1 DAGs
[2024-02-27T13:31:14.599+0000] {logging_mixin.py:137} INFO - [2024-02-27T13:31:14.599+0000] {dag.py:2711} INFO - Creating ORM DAG for example_branch_dop_operator_v3
[2024-02-27T13:31:14.611+0000] {logging_mixin.py:137} INFO - [2024-02-27T13:31:14.610+0000] {dag.py:3441} INFO - Setting next_dagrun for example_branch_dop_operator_v3 to 2024-02-27T13:30:00+00:00, run_after=2024-02-27T13:31:00+00:00
[2024-02-27T13:31:14.628+0000] {processor.py:175} INFO - Processing /home/airflow/.local/lib/python3.7/site-packages/airflow/example_dags/example_branch_python_dop_operator_3.py took 0.223 seconds
[2024-02-27T13:31:44.686+0000] {processor.py:153} INFO - Started process (PID=172) to work on /home/airflow/.local/lib/python3.7/site-packages/airflow/example_dags/example_branch_python_dop_operator_3.py
[2024-02-27T13:31:44.688+0000] {processor.py:743} INFO - Processing file /home/airflow/.local/lib/python3.7/site-packages/airflow/example_dags/example_branch_python_dop_operator_3.py for tasks to queue
[2024-02-27T13:31:44.698+0000] {logging_mixin.py:137} INFO - [2024-02-27T13:31:44.698+0000] {dagbag.py:538} INFO - Filling up the DagBag from /home/airflow/.local/lib/python3.7/site-packages/airflow/example_dags/example_branch_python_dop_operator_3.py
[2024-02-27T13:31:44.717+0000] {processor.py:753} INFO - DAG(s) dict_keys(['example_branch_dop_operator_v3']) retrieved from /home/airflow/.local/lib/python3.7/site-packages/airflow/example_dags/example_branch_python_dop_operator_3.py
[2024-02-27T13:31:44.737+0000] {logging_mixin.py:137} INFO - [2024-02-27T13:31:44.736+0000] {dag.py:2690} INFO - Sync 1 DAGs
[2024-02-27T13:31:44.759+0000] {logging_mixin.py:137} INFO - [2024-02-27T13:31:44.759+0000] {dag.py:3441} INFO - Setting next_dagrun for example_branch_dop_operator_v3 to 2024-02-27T13:30:00+00:00, run_after=2024-02-27T13:31:00+00:00
[2024-02-27T13:31:44.780+0000] {processor.py:175} INFO - Processing /home/airflow/.local/lib/python3.7/site-packages/airflow/example_dags/example_branch_python_dop_operator_3.py took 0.096 seconds
[2024-02-27T13:32:15.171+0000] {processor.py:153} INFO - Started process (PID=267) to work on /home/airflow/.local/lib/python3.7/site-packages/airflow/example_dags/example_branch_python_dop_operator_3.py
[2024-02-27T13:32:15.173+0000] {processor.py:743} INFO - Processing file /home/airflow/.local/lib/python3.7/site-packages/airflow/example_dags/example_branch_python_dop_operator_3.py for tasks to queue
[2024-02-27T13:32:15.174+0000] {logging_mixin.py:137} INFO - [2024-02-27T13:32:15.174+0000] {dagbag.py:538} INFO - Filling up the DagBag from /home/airflow/.local/lib/python3.7/site-packages/airflow/example_dags/example_branch_python_dop_operator_3.py
[2024-02-27T13:32:15.194+0000] {processor.py:753} INFO - DAG(s) dict_keys(['example_branch_dop_operator_v3']) retrieved from /home/airflow/.local/lib/python3.7/site-packages/airflow/example_dags/example_branch_python_dop_operator_3.py
[2024-02-27T13:32:15.211+0000] {logging_mixin.py:137} INFO - [2024-02-27T13:32:15.211+0000] {dag.py:2690} INFO - Sync 1 DAGs
[2024-02-27T13:32:15.232+0000] {logging_mixin.py:137} INFO - [2024-02-27T13:32:15.232+0000] {dag.py:3441} INFO - Setting next_dagrun for example_branch_dop_operator_v3 to 2024-02-27T13:31:00+00:00, run_after=2024-02-27T13:32:00+00:00
[2024-02-27T13:32:15.248+0000] {processor.py:175} INFO - Processing /home/airflow/.local/lib/python3.7/site-packages/airflow/example_dags/example_branch_python_dop_operator_3.py took 0.078 seconds
[2024-02-27T13:32:45.703+0000] {processor.py:153} INFO - Started process (PID=389) to work on /home/airflow/.local/lib/python3.7/site-packages/airflow/example_dags/example_branch_python_dop_operator_3.py
[2024-02-27T13:32:45.705+0000] {processor.py:743} INFO - Processing file /home/airflow/.local/lib/python3.7/site-packages/airflow/example_dags/example_branch_python_dop_operator_3.py for tasks to queue
[2024-02-27T13:32:45.706+0000] {logging_mixin.py:137} INFO - [2024-02-27T13:32:45.706+0000] {dagbag.py:538} INFO - Filling up the DagBag from /home/airflow/.local/lib/python3.7/site-packages/airflow/example_dags/example_branch_python_dop_operator_3.py
[2024-02-27T13:32:45.722+0000] {processor.py:753} INFO - DAG(s) dict_keys(['example_branch_dop_operator_v3']) retrieved from /home/airflow/.local/lib/python3.7/site-packages/airflow/example_dags/example_branch_python_dop_operator_3.py
[2024-02-27T13:32:45.740+0000] {logging_mixin.py:137} INFO - [2024-02-27T13:32:45.740+0000] {dag.py:2690} INFO - Sync 1 DAGs
[2024-02-27T13:32:45.759+0000] {logging_mixin.py:137} INFO - [2024-02-27T13:32:45.759+0000] {dag.py:3441} INFO - Setting next_dagrun for example_branch_dop_operator_v3 to 2024-02-27T13:31:00+00:00, run_after=2024-02-27T13:32:00+00:00
[2024-02-27T13:32:45.776+0000] {processor.py:175} INFO - Processing /home/airflow/.local/lib/python3.7/site-packages/airflow/example_dags/example_branch_python_dop_operator_3.py took 0.075 seconds
[2024-02-27T13:33:16.097+0000] {processor.py:153} INFO - Started process (PID=484) to work on /home/airflow/.local/lib/python3.7/site-packages/airflow/example_dags/example_branch_python_dop_operator_3.py
[2024-02-27T13:33:16.098+0000] {processor.py:743} INFO - Processing file /home/airflow/.local/lib/python3.7/site-packages/airflow/example_dags/example_branch_python_dop_operator_3.py for tasks to queue
[2024-02-27T13:33:16.099+0000] {logging_mixin.py:137} INFO - [2024-02-27T13:33:16.099+0000] {dagbag.py:538} INFO - Filling up the DagBag from /home/airflow/.local/lib/python3.7/site-packages/airflow/example_dags/example_branch_python_dop_operator_3.py
[2024-02-27T13:33:16.119+0000] {processor.py:753} INFO - DAG(s) dict_keys(['example_branch_dop_operator_v3']) retrieved from /home/airflow/.local/lib/python3.7/site-packages/airflow/example_dags/example_branch_python_dop_operator_3.py
[2024-02-27T13:33:16.136+0000] {logging_mixin.py:137} INFO - [2024-02-27T13:33:16.135+0000] {dag.py:2690} INFO - Sync 1 DAGs
[2024-02-27T13:33:16.159+0000] {logging_mixin.py:137} INFO - [2024-02-27T13:33:16.158+0000] {dag.py:3441} INFO - Setting next_dagrun for example_branch_dop_operator_v3 to 2024-02-27T13:32:00+00:00, run_after=2024-02-27T13:33:00+00:00
[2024-02-27T13:33:16.175+0000] {processor.py:175} INFO - Processing /home/airflow/.local/lib/python3.7/site-packages/airflow/example_dags/example_branch_python_dop_operator_3.py took 0.081 seconds
[2024-02-27T13:33:46.418+0000] {processor.py:153} INFO - Started process (PID=606) to work on /home/airflow/.local/lib/python3.7/site-packages/airflow/example_dags/example_branch_python_dop_operator_3.py
[2024-02-27T13:33:46.419+0000] {processor.py:743} INFO - Processing file /home/airflow/.local/lib/python3.7/site-packages/airflow/example_dags/example_branch_python_dop_operator_3.py for tasks to queue
[2024-02-27T13:33:46.420+0000] {logging_mixin.py:137} INFO - [2024-02-27T13:33:46.420+0000] {dagbag.py:538} INFO - Filling up the DagBag from /home/airflow/.local/lib/python3.7/site-packages/airflow/example_dags/example_branch_python_dop_operator_3.py
[2024-02-27T13:33:46.437+0000] {processor.py:753} INFO - DAG(s) dict_keys(['example_branch_dop_operator_v3']) retrieved from /home/airflow/.local/lib/python3.7/site-packages/airflow/example_dags/example_branch_python_dop_operator_3.py
[2024-02-27T13:33:46.454+0000] {logging_mixin.py:137} INFO - [2024-02-27T13:33:46.453+0000] {dag.py:2690} INFO - Sync 1 DAGs
[2024-02-27T13:33:46.473+0000] {logging_mixin.py:137} INFO - [2024-02-27T13:33:46.473+0000] {dag.py:3441} INFO - Setting next_dagrun for example_branch_dop_operator_v3 to 2024-02-27T13:32:00+00:00, run_after=2024-02-27T13:33:00+00:00
[2024-02-27T13:33:46.488+0000] {processor.py:175} INFO - Processing /home/airflow/.local/lib/python3.7/site-packages/airflow/example_dags/example_branch_python_dop_operator_3.py took 0.072 seconds
[2024-02-27T13:34:16.738+0000] {processor.py:153} INFO - Started process (PID=729) to work on /home/airflow/.local/lib/python3.7/site-packages/airflow/example_dags/example_branch_python_dop_operator_3.py
[2024-02-27T13:34:16.739+0000] {processor.py:743} INFO - Processing file /home/airflow/.local/lib/python3.7/site-packages/airflow/example_dags/example_branch_python_dop_operator_3.py for tasks to queue
[2024-02-27T13:34:16.740+0000] {logging_mixin.py:137} INFO - [2024-02-27T13:34:16.740+0000] {dagbag.py:538} INFO - Filling up the DagBag from /home/airflow/.local/lib/python3.7/site-packages/airflow/example_dags/example_branch_python_dop_operator_3.py
[2024-02-27T13:34:16.763+0000] {processor.py:753} INFO - DAG(s) dict_keys(['example_branch_dop_operator_v3']) retrieved from /home/airflow/.local/lib/python3.7/site-packages/airflow/example_dags/example_branch_python_dop_operator_3.py
[2024-02-27T13:34:16.782+0000] {logging_mixin.py:137} INFO - [2024-02-27T13:34:16.781+0000] {dag.py:2690} INFO - Sync 1 DAGs
[2024-02-27T13:34:16.802+0000] {logging_mixin.py:137} INFO - [2024-02-27T13:34:16.802+0000] {dag.py:3441} INFO - Setting next_dagrun for example_branch_dop_operator_v3 to 2024-02-27T13:33:00+00:00, run_after=2024-02-27T13:34:00+00:00
[2024-02-27T13:34:16.816+0000] {processor.py:175} INFO - Processing /home/airflow/.local/lib/python3.7/site-packages/airflow/example_dags/example_branch_python_dop_operator_3.py took 0.080 seconds
[2024-02-27T13:34:47.239+0000] {processor.py:153} INFO - Started process (PID=825) to work on /home/airflow/.local/lib/python3.7/site-packages/airflow/example_dags/example_branch_python_dop_operator_3.py
[2024-02-27T13:34:47.240+0000] {processor.py:743} INFO - Processing file /home/airflow/.local/lib/python3.7/site-packages/airflow/example_dags/example_branch_python_dop_operator_3.py for tasks to queue
[2024-02-27T13:34:47.242+0000] {logging_mixin.py:137} INFO - [2024-02-27T13:34:47.241+0000] {dagbag.py:538} INFO - Filling up the DagBag from /home/airflow/.local/lib/python3.7/site-packages/airflow/example_dags/example_branch_python_dop_operator_3.py
[2024-02-27T13:34:47.258+0000] {processor.py:753} INFO - DAG(s) dict_keys(['example_branch_dop_operator_v3']) retrieved from /home/airflow/.local/lib/python3.7/site-packages/airflow/example_dags/example_branch_python_dop_operator_3.py
[2024-02-27T13:34:47.277+0000] {logging_mixin.py:137} INFO - [2024-02-27T13:34:47.277+0000] {dag.py:2690} INFO - Sync 1 DAGs
[2024-02-27T13:34:47.297+0000] {logging_mixin.py:137} INFO - [2024-02-27T13:34:47.297+0000] {dag.py:3441} INFO - Setting next_dagrun for example_branch_dop_operator_v3 to 2024-02-27T13:33:00+00:00, run_after=2024-02-27T13:34:00+00:00
[2024-02-27T13:34:47.312+0000] {processor.py:175} INFO - Processing /home/airflow/.local/lib/python3.7/site-packages/airflow/example_dags/example_branch_python_dop_operator_3.py took 0.078 seconds
[2024-02-27T13:35:17.696+0000] {processor.py:153} INFO - Started process (PID=948) to work on /home/airflow/.local/lib/python3.7/site-packages/airflow/example_dags/example_branch_python_dop_operator_3.py
[2024-02-27T13:35:17.696+0000] {processor.py:743} INFO - Processing file /home/airflow/.local/lib/python3.7/site-packages/airflow/example_dags/example_branch_python_dop_operator_3.py for tasks to queue
[2024-02-27T13:35:17.697+0000] {logging_mixin.py:137} INFO - [2024-02-27T13:35:17.697+0000] {dagbag.py:538} INFO - Filling up the DagBag from /home/airflow/.local/lib/python3.7/site-packages/airflow/example_dags/example_branch_python_dop_operator_3.py
[2024-02-27T13:35:17.713+0000] {processor.py:753} INFO - DAG(s) dict_keys(['example_branch_dop_operator_v3']) retrieved from /home/airflow/.local/lib/python3.7/site-packages/airflow/example_dags/example_branch_python_dop_operator_3.py
[2024-02-27T13:35:17.732+0000] {logging_mixin.py:137} INFO - [2024-02-27T13:35:17.732+0000] {dag.py:2690} INFO - Sync 1 DAGs
[2024-02-27T13:35:17.751+0000] {logging_mixin.py:137} INFO - [2024-02-27T13:35:17.751+0000] {dag.py:3441} INFO - Setting next_dagrun for example_branch_dop_operator_v3 to 2024-02-27T13:34:00+00:00, run_after=2024-02-27T13:35:00+00:00
[2024-02-27T13:35:17.766+0000] {processor.py:175} INFO - Processing /home/airflow/.local/lib/python3.7/site-packages/airflow/example_dags/example_branch_python_dop_operator_3.py took 0.073 seconds
[2024-02-27T13:35:47.870+0000] {processor.py:153} INFO - Started process (PID=1043) to work on /home/airflow/.local/lib/python3.7/site-packages/airflow/example_dags/example_branch_python_dop_operator_3.py
[2024-02-27T13:35:47.872+0000] {processor.py:743} INFO - Processing file /home/airflow/.local/lib/python3.7/site-packages/airflow/example_dags/example_branch_python_dop_operator_3.py for tasks to queue
[2024-02-27T13:35:47.873+0000] {logging_mixin.py:137} INFO - [2024-02-27T13:35:47.873+0000] {dagbag.py:538} INFO - Filling up the DagBag from /home/airflow/.local/lib/python3.7/site-packages/airflow/example_dags/example_branch_python_dop_operator_3.py
[2024-02-27T13:35:47.890+0000] {processor.py:753} INFO - DAG(s) dict_keys(['example_branch_dop_operator_v3']) retrieved from /home/airflow/.local/lib/python3.7/site-packages/airflow/example_dags/example_branch_python_dop_operator_3.py
[2024-02-27T13:35:47.908+0000] {logging_mixin.py:137} INFO - [2024-02-27T13:35:47.908+0000] {dag.py:2690} INFO - Sync 1 DAGs
[2024-02-27T13:35:47.929+0000] {logging_mixin.py:137} INFO - [2024-02-27T13:35:47.929+0000] {dag.py:3441} INFO - Setting next_dagrun for example_branch_dop_operator_v3 to 2024-02-27T13:34:00+00:00, run_after=2024-02-27T13:35:00+00:00
[2024-02-27T13:35:47.944+0000] {processor.py:175} INFO - Processing /home/airflow/.local/lib/python3.7/site-packages/airflow/example_dags/example_branch_python_dop_operator_3.py took 0.076 seconds
[2024-02-27T13:36:18.140+0000] {processor.py:153} INFO - Started process (PID=1166) to work on /home/airflow/.local/lib/python3.7/site-packages/airflow/example_dags/example_branch_python_dop_operator_3.py
[2024-02-27T13:36:18.141+0000] {processor.py:743} INFO - Processing file /home/airflow/.local/lib/python3.7/site-packages/airflow/example_dags/example_branch_python_dop_operator_3.py for tasks to queue
[2024-02-27T13:36:18.142+0000] {logging_mixin.py:137} INFO - [2024-02-27T13:36:18.142+0000] {dagbag.py:538} INFO - Filling up the DagBag from /home/airflow/.local/lib/python3.7/site-packages/airflow/example_dags/example_branch_python_dop_operator_3.py
[2024-02-27T13:36:18.158+0000] {processor.py:753} INFO - DAG(s) dict_keys(['example_branch_dop_operator_v3']) retrieved from /home/airflow/.local/lib/python3.7/site-packages/airflow/example_dags/example_branch_python_dop_operator_3.py
[2024-02-27T13:36:18.178+0000] {logging_mixin.py:137} INFO - [2024-02-27T13:36:18.177+0000] {dag.py:2690} INFO - Sync 1 DAGs
[2024-02-27T13:36:18.197+0000] {logging_mixin.py:137} INFO - [2024-02-27T13:36:18.197+0000] {dag.py:3441} INFO - Setting next_dagrun for example_branch_dop_operator_v3 to 2024-02-27T13:35:00+00:00, run_after=2024-02-27T13:36:00+00:00
[2024-02-27T13:36:18.213+0000] {processor.py:175} INFO - Processing /home/airflow/.local/lib/python3.7/site-packages/airflow/example_dags/example_branch_python_dop_operator_3.py took 0.075 seconds
[2024-02-27T13:36:48.347+0000] {processor.py:153} INFO - Started process (PID=1270) to work on /home/airflow/.local/lib/python3.7/site-packages/airflow/example_dags/example_branch_python_dop_operator_3.py
[2024-02-27T13:36:48.348+0000] {processor.py:743} INFO - Processing file /home/airflow/.local/lib/python3.7/site-packages/airflow/example_dags/example_branch_python_dop_operator_3.py for tasks to queue
[2024-02-27T13:36:48.349+0000] {logging_mixin.py:137} INFO - [2024-02-27T13:36:48.349+0000] {dagbag.py:538} INFO - Filling up the DagBag from /home/airflow/.local/lib/python3.7/site-packages/airflow/example_dags/example_branch_python_dop_operator_3.py
[2024-02-27T13:36:48.369+0000] {processor.py:753} INFO - DAG(s) dict_keys(['example_branch_dop_operator_v3']) retrieved from /home/airflow/.local/lib/python3.7/site-packages/airflow/example_dags/example_branch_python_dop_operator_3.py
[2024-02-27T13:36:48.388+0000] {logging_mixin.py:137} INFO - [2024-02-27T13:36:48.388+0000] {dag.py:2690} INFO - Sync 1 DAGs
[2024-02-27T13:36:48.410+0000] {logging_mixin.py:137} INFO - [2024-02-27T13:36:48.410+0000] {dag.py:3441} INFO - Setting next_dagrun for example_branch_dop_operator_v3 to 2024-02-27T13:35:00+00:00, run_after=2024-02-27T13:36:00+00:00
[2024-02-27T13:36:48.428+0000] {processor.py:175} INFO - Processing /home/airflow/.local/lib/python3.7/site-packages/airflow/example_dags/example_branch_python_dop_operator_3.py took 0.084 seconds
[2024-02-27T13:37:18.618+0000] {processor.py:153} INFO - Started process (PID=1384) to work on /home/airflow/.local/lib/python3.7/site-packages/airflow/example_dags/example_branch_python_dop_operator_3.py
[2024-02-27T13:37:18.619+0000] {processor.py:743} INFO - Processing file /home/airflow/.local/lib/python3.7/site-packages/airflow/example_dags/example_branch_python_dop_operator_3.py for tasks to queue
[2024-02-27T13:37:18.620+0000] {logging_mixin.py:137} INFO - [2024-02-27T13:37:18.620+0000] {dagbag.py:538} INFO - Filling up the DagBag from /home/airflow/.local/lib/python3.7/site-packages/airflow/example_dags/example_branch_python_dop_operator_3.py
[2024-02-27T13:37:18.636+0000] {processor.py:753} INFO - DAG(s) dict_keys(['example_branch_dop_operator_v3']) retrieved from /home/airflow/.local/lib/python3.7/site-packages/airflow/example_dags/example_branch_python_dop_operator_3.py
[2024-02-27T13:37:18.653+0000] {logging_mixin.py:137} INFO - [2024-02-27T13:37:18.653+0000] {dag.py:2690} INFO - Sync 1 DAGs
[2024-02-27T13:37:18.671+0000] {logging_mixin.py:137} INFO - [2024-02-27T13:37:18.671+0000] {dag.py:3441} INFO - Setting next_dagrun for example_branch_dop_operator_v3 to 2024-02-27T13:36:00+00:00, run_after=2024-02-27T13:37:00+00:00
[2024-02-27T13:37:18.686+0000] {processor.py:175} INFO - Processing /home/airflow/.local/lib/python3.7/site-packages/airflow/example_dags/example_branch_python_dop_operator_3.py took 0.069 seconds
[2024-02-27T13:37:49.047+0000] {processor.py:153} INFO - Started process (PID=1509) to work on /home/airflow/.local/lib/python3.7/site-packages/airflow/example_dags/example_branch_python_dop_operator_3.py
[2024-02-27T13:37:49.048+0000] {processor.py:743} INFO - Processing file /home/airflow/.local/lib/python3.7/site-packages/airflow/example_dags/example_branch_python_dop_operator_3.py for tasks to queue
[2024-02-27T13:37:49.049+0000] {logging_mixin.py:137} INFO - [2024-02-27T13:37:49.049+0000] {dagbag.py:538} INFO - Filling up the DagBag from /home/airflow/.local/lib/python3.7/site-packages/airflow/example_dags/example_branch_python_dop_operator_3.py
[2024-02-27T13:37:49.066+0000] {processor.py:753} INFO - DAG(s) dict_keys(['example_branch_dop_operator_v3']) retrieved from /home/airflow/.local/lib/python3.7/site-packages/airflow/example_dags/example_branch_python_dop_operator_3.py
[2024-02-27T13:37:49.084+0000] {logging_mixin.py:137} INFO - [2024-02-27T13:37:49.084+0000] {dag.py:2690} INFO - Sync 1 DAGs
[2024-02-27T13:37:49.105+0000] {logging_mixin.py:137} INFO - [2024-02-27T13:37:49.105+0000] {dag.py:3441} INFO - Setting next_dagrun for example_branch_dop_operator_v3 to 2024-02-27T13:36:00+00:00, run_after=2024-02-27T13:37:00+00:00
[2024-02-27T13:37:49.121+0000] {processor.py:175} INFO - Processing /home/airflow/.local/lib/python3.7/site-packages/airflow/example_dags/example_branch_python_dop_operator_3.py took 0.076 seconds
[2024-02-27T13:38:19.270+0000] {processor.py:153} INFO - Started process (PID=1604) to work on /home/airflow/.local/lib/python3.7/site-packages/airflow/example_dags/example_branch_python_dop_operator_3.py
[2024-02-27T13:38:19.271+0000] {processor.py:743} INFO - Processing file /home/airflow/.local/lib/python3.7/site-packages/airflow/example_dags/example_branch_python_dop_operator_3.py for tasks to queue
[2024-02-27T13:38:19.272+0000] {logging_mixin.py:137} INFO - [2024-02-27T13:38:19.272+0000] {dagbag.py:538} INFO - Filling up the DagBag from /home/airflow/.local/lib/python3.7/site-packages/airflow/example_dags/example_branch_python_dop_operator_3.py
[2024-02-27T13:38:19.289+0000] {processor.py:753} INFO - DAG(s) dict_keys(['example_branch_dop_operator_v3']) retrieved from /home/airflow/.local/lib/python3.7/site-packages/airflow/example_dags/example_branch_python_dop_operator_3.py
[2024-02-27T13:38:19.308+0000] {logging_mixin.py:137} INFO - [2024-02-27T13:38:19.308+0000] {dag.py:2690} INFO - Sync 1 DAGs
[2024-02-27T13:38:19.338+0000] {logging_mixin.py:137} INFO - [2024-02-27T13:38:19.338+0000] {dag.py:3441} INFO - Setting next_dagrun for example_branch_dop_operator_v3 to 2024-02-27T13:37:00+00:00, run_after=2024-02-27T13:38:00+00:00
[2024-02-27T13:38:19.352+0000] {processor.py:175} INFO - Processing /home/airflow/.local/lib/python3.7/site-packages/airflow/example_dags/example_branch_python_dop_operator_3.py took 0.084 seconds
[2024-02-27T13:38:49.698+0000] {processor.py:153} INFO - Started process (PID=1727) to work on /home/airflow/.local/lib/python3.7/site-packages/airflow/example_dags/example_branch_python_dop_operator_3.py
[2024-02-27T13:38:49.699+0000] {processor.py:743} INFO - Processing file /home/airflow/.local/lib/python3.7/site-packages/airflow/example_dags/example_branch_python_dop_operator_3.py for tasks to queue
[2024-02-27T13:38:49.701+0000] {logging_mixin.py:137} INFO - [2024-02-27T13:38:49.701+0000] {dagbag.py:538} INFO - Filling up the DagBag from /home/airflow/.local/lib/python3.7/site-packages/airflow/example_dags/example_branch_python_dop_operator_3.py
[2024-02-27T13:38:49.718+0000] {processor.py:753} INFO - DAG(s) dict_keys(['example_branch_dop_operator_v3']) retrieved from /home/airflow/.local/lib/python3.7/site-packages/airflow/example_dags/example_branch_python_dop_operator_3.py
[2024-02-27T13:38:49.735+0000] {logging_mixin.py:137} INFO - [2024-02-27T13:38:49.735+0000] {dag.py:2690} INFO - Sync 1 DAGs
[2024-02-27T13:38:49.755+0000] {logging_mixin.py:137} INFO - [2024-02-27T13:38:49.755+0000] {dag.py:3441} INFO - Setting next_dagrun for example_branch_dop_operator_v3 to 2024-02-27T13:37:00+00:00, run_after=2024-02-27T13:38:00+00:00
[2024-02-27T13:38:49.844+0000] {processor.py:175} INFO - Processing /home/airflow/.local/lib/python3.7/site-packages/airflow/example_dags/example_branch_python_dop_operator_3.py took 0.148 seconds
[2024-02-27T13:39:20.130+0000] {processor.py:153} INFO - Started process (PID=1822) to work on /home/airflow/.local/lib/python3.7/site-packages/airflow/example_dags/example_branch_python_dop_operator_3.py
[2024-02-27T13:39:20.131+0000] {processor.py:743} INFO - Processing file /home/airflow/.local/lib/python3.7/site-packages/airflow/example_dags/example_branch_python_dop_operator_3.py for tasks to queue
[2024-02-27T13:39:20.133+0000] {logging_mixin.py:137} INFO - [2024-02-27T13:39:20.133+0000] {dagbag.py:538} INFO - Filling up the DagBag from /home/airflow/.local/lib/python3.7/site-packages/airflow/example_dags/example_branch_python_dop_operator_3.py
[2024-02-27T13:39:20.158+0000] {processor.py:753} INFO - DAG(s) dict_keys(['example_branch_dop_operator_v3']) retrieved from /home/airflow/.local/lib/python3.7/site-packages/airflow/example_dags/example_branch_python_dop_operator_3.py
[2024-02-27T13:39:20.175+0000] {logging_mixin.py:137} INFO - [2024-02-27T13:39:20.175+0000] {dag.py:2690} INFO - Sync 1 DAGs
[2024-02-27T13:39:20.195+0000] {logging_mixin.py:137} INFO - [2024-02-27T13:39:20.195+0000] {dag.py:3441} INFO - Setting next_dagrun for example_branch_dop_operator_v3 to 2024-02-27T13:38:00+00:00, run_after=2024-02-27T13:39:00+00:00
[2024-02-27T13:39:20.216+0000] {processor.py:175} INFO - Processing /home/airflow/.local/lib/python3.7/site-packages/airflow/example_dags/example_branch_python_dop_operator_3.py took 0.088 seconds
[2024-02-27T13:39:51.058+0000] {processor.py:153} INFO - Started process (PID=1945) to work on /home/airflow/.local/lib/python3.7/site-packages/airflow/example_dags/example_branch_python_dop_operator_3.py
[2024-02-27T13:39:51.059+0000] {processor.py:743} INFO - Processing file /home/airflow/.local/lib/python3.7/site-packages/airflow/example_dags/example_branch_python_dop_operator_3.py for tasks to queue
[2024-02-27T13:39:51.060+0000] {logging_mixin.py:137} INFO - [2024-02-27T13:39:51.060+0000] {dagbag.py:538} INFO - Filling up the DagBag from /home/airflow/.local/lib/python3.7/site-packages/airflow/example_dags/example_branch_python_dop_operator_3.py
[2024-02-27T13:39:51.076+0000] {processor.py:753} INFO - DAG(s) dict_keys(['example_branch_dop_operator_v3']) retrieved from /home/airflow/.local/lib/python3.7/site-packages/airflow/example_dags/example_branch_python_dop_operator_3.py
[2024-02-27T13:39:51.093+0000] {logging_mixin.py:137} INFO - [2024-02-27T13:39:51.093+0000] {dag.py:2690} INFO - Sync 1 DAGs
[2024-02-27T13:39:51.112+0000] {logging_mixin.py:137} INFO - [2024-02-27T13:39:51.112+0000] {dag.py:3441} INFO - Setting next_dagrun for example_branch_dop_operator_v3 to 2024-02-27T13:38:00+00:00, run_after=2024-02-27T13:39:00+00:00
[2024-02-27T13:39:51.202+0000] {processor.py:175} INFO - Processing /home/airflow/.local/lib/python3.7/site-packages/airflow/example_dags/example_branch_python_dop_operator_3.py took 0.146 seconds
[2024-02-27T13:40:21.720+0000] {processor.py:153} INFO - Started process (PID=2069) to work on /home/airflow/.local/lib/python3.7/site-packages/airflow/example_dags/example_branch_python_dop_operator_3.py
[2024-02-27T13:40:21.721+0000] {processor.py:743} INFO - Processing file /home/airflow/.local/lib/python3.7/site-packages/airflow/example_dags/example_branch_python_dop_operator_3.py for tasks to queue
[2024-02-27T13:40:21.722+0000] {logging_mixin.py:137} INFO - [2024-02-27T13:40:21.722+0000] {dagbag.py:538} INFO - Filling up the DagBag from /home/airflow/.local/lib/python3.7/site-packages/airflow/example_dags/example_branch_python_dop_operator_3.py
[2024-02-27T13:40:21.742+0000] {processor.py:753} INFO - DAG(s) dict_keys(['example_branch_dop_operator_v3']) retrieved from /home/airflow/.local/lib/python3.7/site-packages/airflow/example_dags/example_branch_python_dop_operator_3.py
[2024-02-27T13:40:21.768+0000] {logging_mixin.py:137} INFO - [2024-02-27T13:40:21.768+0000] {dag.py:2690} INFO - Sync 1 DAGs
[2024-02-27T13:40:21.792+0000] {logging_mixin.py:137} INFO - [2024-02-27T13:40:21.792+0000] {dag.py:3441} INFO - Setting next_dagrun for example_branch_dop_operator_v3 to 2024-02-27T13:39:00+00:00, run_after=2024-02-27T13:40:00+00:00
[2024-02-27T13:40:21.871+0000] {processor.py:175} INFO - Processing /home/airflow/.local/lib/python3.7/site-packages/airflow/example_dags/example_branch_python_dop_operator_3.py took 0.153 seconds
[2024-02-27T13:40:52.884+0000] {processor.py:153} INFO - Started process (PID=2164) to work on /home/airflow/.local/lib/python3.7/site-packages/airflow/example_dags/example_branch_python_dop_operator_3.py
[2024-02-27T13:40:52.886+0000] {processor.py:743} INFO - Processing file /home/airflow/.local/lib/python3.7/site-packages/airflow/example_dags/example_branch_python_dop_operator_3.py for tasks to queue
[2024-02-27T13:40:52.887+0000] {logging_mixin.py:137} INFO - [2024-02-27T13:40:52.887+0000] {dagbag.py:538} INFO - Filling up the DagBag from /home/airflow/.local/lib/python3.7/site-packages/airflow/example_dags/example_branch_python_dop_operator_3.py
[2024-02-27T13:40:52.906+0000] {processor.py:753} INFO - DAG(s) dict_keys(['example_branch_dop_operator_v3']) retrieved from /home/airflow/.local/lib/python3.7/site-packages/airflow/example_dags/example_branch_python_dop_operator_3.py
[2024-02-27T13:40:52.925+0000] {logging_mixin.py:137} INFO - [2024-02-27T13:40:52.925+0000] {dag.py:2690} INFO - Sync 1 DAGs
[2024-02-27T13:40:52.949+0000] {logging_mixin.py:137} INFO - [2024-02-27T13:40:52.949+0000] {dag.py:3441} INFO - Setting next_dagrun for example_branch_dop_operator_v3 to 2024-02-27T13:39:00+00:00, run_after=2024-02-27T13:40:00+00:00
[2024-02-27T13:40:53.014+0000] {processor.py:175} INFO - Processing /home/airflow/.local/lib/python3.7/site-packages/airflow/example_dags/example_branch_python_dop_operator_3.py took 0.132 seconds
[2024-02-27T13:41:23.919+0000] {processor.py:153} INFO - Started process (PID=2287) to work on /home/airflow/.local/lib/python3.7/site-packages/airflow/example_dags/example_branch_python_dop_operator_3.py
[2024-02-27T13:41:23.920+0000] {processor.py:743} INFO - Processing file /home/airflow/.local/lib/python3.7/site-packages/airflow/example_dags/example_branch_python_dop_operator_3.py for tasks to queue
[2024-02-27T13:41:23.921+0000] {logging_mixin.py:137} INFO - [2024-02-27T13:41:23.921+0000] {dagbag.py:538} INFO - Filling up the DagBag from /home/airflow/.local/lib/python3.7/site-packages/airflow/example_dags/example_branch_python_dop_operator_3.py
[2024-02-27T13:41:23.938+0000] {processor.py:753} INFO - DAG(s) dict_keys(['example_branch_dop_operator_v3']) retrieved from /home/airflow/.local/lib/python3.7/site-packages/airflow/example_dags/example_branch_python_dop_operator_3.py
[2024-02-27T13:41:23.957+0000] {logging_mixin.py:137} INFO - [2024-02-27T13:41:23.957+0000] {dag.py:2690} INFO - Sync 1 DAGs
[2024-02-27T13:41:23.978+0000] {logging_mixin.py:137} INFO - [2024-02-27T13:41:23.978+0000] {dag.py:3441} INFO - Setting next_dagrun for example_branch_dop_operator_v3 to 2024-02-27T13:40:00+00:00, run_after=2024-02-27T13:41:00+00:00
[2024-02-27T13:41:24.075+0000] {processor.py:175} INFO - Processing /home/airflow/.local/lib/python3.7/site-packages/airflow/example_dags/example_branch_python_dop_operator_3.py took 0.159 seconds
