[2024-02-27T13:31:18.147+0000] {processor.py:153} INFO - Started process (PID=105) to work on /home/airflow/.local/lib/python3.7/site-packages/airflow/example_dags/example_branch_day_of_week_operator.py
[2024-02-27T13:31:18.148+0000] {processor.py:743} INFO - Processing file /home/airflow/.local/lib/python3.7/site-packages/airflow/example_dags/example_branch_day_of_week_operator.py for tasks to queue
[2024-02-27T13:31:18.149+0000] {logging_mixin.py:137} INFO - [2024-02-27T13:31:18.148+0000] {dagbag.py:538} INFO - Filling up the DagBag from /home/airflow/.local/lib/python3.7/site-packages/airflow/example_dags/example_branch_day_of_week_operator.py
[2024-02-27T13:31:18.162+0000] {processor.py:753} INFO - DAG(s) dict_keys(['example_weekday_branch_operator']) retrieved from /home/airflow/.local/lib/python3.7/site-packages/airflow/example_dags/example_branch_day_of_week_operator.py
[2024-02-27T13:31:18.387+0000] {logging_mixin.py:137} INFO - [2024-02-27T13:31:18.387+0000] {manager.py:504} INFO - Created Permission View: can edit on DAG:example_weekday_branch_operator
[2024-02-27T13:31:18.417+0000] {logging_mixin.py:137} INFO - [2024-02-27T13:31:18.417+0000] {manager.py:504} INFO - Created Permission View: can delete on DAG:example_weekday_branch_operator
[2024-02-27T13:31:18.436+0000] {logging_mixin.py:137} INFO - [2024-02-27T13:31:18.436+0000] {manager.py:504} INFO - Created Permission View: can read on DAG:example_weekday_branch_operator
[2024-02-27T13:31:18.436+0000] {logging_mixin.py:137} INFO - [2024-02-27T13:31:18.436+0000] {dag.py:2690} INFO - Sync 1 DAGs
[2024-02-27T13:31:18.447+0000] {logging_mixin.py:137} INFO - [2024-02-27T13:31:18.447+0000] {dag.py:2711} INFO - Creating ORM DAG for example_weekday_branch_operator
[2024-02-27T13:31:18.457+0000] {logging_mixin.py:137} INFO - [2024-02-27T13:31:18.457+0000] {dag.py:3441} INFO - Setting next_dagrun for example_weekday_branch_operator to 2024-02-26T00:00:00+00:00, run_after=2024-02-27T00:00:00+00:00
[2024-02-27T13:31:18.497+0000] {processor.py:175} INFO - Processing /home/airflow/.local/lib/python3.7/site-packages/airflow/example_dags/example_branch_day_of_week_operator.py took 0.353 seconds
[2024-02-27T13:31:49.365+0000] {processor.py:153} INFO - Started process (PID=200) to work on /home/airflow/.local/lib/python3.7/site-packages/airflow/example_dags/example_branch_day_of_week_operator.py
[2024-02-27T13:31:49.366+0000] {processor.py:743} INFO - Processing file /home/airflow/.local/lib/python3.7/site-packages/airflow/example_dags/example_branch_day_of_week_operator.py for tasks to queue
[2024-02-27T13:31:49.367+0000] {logging_mixin.py:137} INFO - [2024-02-27T13:31:49.367+0000] {dagbag.py:538} INFO - Filling up the DagBag from /home/airflow/.local/lib/python3.7/site-packages/airflow/example_dags/example_branch_day_of_week_operator.py
[2024-02-27T13:31:49.383+0000] {processor.py:753} INFO - DAG(s) dict_keys(['example_weekday_branch_operator']) retrieved from /home/airflow/.local/lib/python3.7/site-packages/airflow/example_dags/example_branch_day_of_week_operator.py
[2024-02-27T13:31:49.404+0000] {logging_mixin.py:137} INFO - [2024-02-27T13:31:49.404+0000] {dag.py:2690} INFO - Sync 1 DAGs
[2024-02-27T13:31:49.425+0000] {logging_mixin.py:137} INFO - [2024-02-27T13:31:49.425+0000] {dag.py:3441} INFO - Setting next_dagrun for example_weekday_branch_operator to 2024-02-26T00:00:00+00:00, run_after=2024-02-27T00:00:00+00:00
[2024-02-27T13:31:49.446+0000] {processor.py:175} INFO - Processing /home/airflow/.local/lib/python3.7/site-packages/airflow/example_dags/example_branch_day_of_week_operator.py took 0.084 seconds
[2024-02-27T13:32:19.750+0000] {processor.py:153} INFO - Started process (PID=323) to work on /home/airflow/.local/lib/python3.7/site-packages/airflow/example_dags/example_branch_day_of_week_operator.py
[2024-02-27T13:32:19.752+0000] {processor.py:743} INFO - Processing file /home/airflow/.local/lib/python3.7/site-packages/airflow/example_dags/example_branch_day_of_week_operator.py for tasks to queue
[2024-02-27T13:32:19.753+0000] {logging_mixin.py:137} INFO - [2024-02-27T13:32:19.753+0000] {dagbag.py:538} INFO - Filling up the DagBag from /home/airflow/.local/lib/python3.7/site-packages/airflow/example_dags/example_branch_day_of_week_operator.py
[2024-02-27T13:32:19.764+0000] {processor.py:753} INFO - DAG(s) dict_keys(['example_weekday_branch_operator']) retrieved from /home/airflow/.local/lib/python3.7/site-packages/airflow/example_dags/example_branch_day_of_week_operator.py
[2024-02-27T13:32:19.795+0000] {logging_mixin.py:137} INFO - [2024-02-27T13:32:19.795+0000] {dag.py:2690} INFO - Sync 1 DAGs
[2024-02-27T13:32:19.817+0000] {logging_mixin.py:137} INFO - [2024-02-27T13:32:19.817+0000] {dag.py:3441} INFO - Setting next_dagrun for example_weekday_branch_operator to 2024-02-26T00:00:00+00:00, run_after=2024-02-27T00:00:00+00:00
[2024-02-27T13:32:19.835+0000] {processor.py:175} INFO - Processing /home/airflow/.local/lib/python3.7/site-packages/airflow/example_dags/example_branch_day_of_week_operator.py took 0.087 seconds
[2024-02-27T13:32:50.235+0000] {processor.py:153} INFO - Started process (PID=417) to work on /home/airflow/.local/lib/python3.7/site-packages/airflow/example_dags/example_branch_day_of_week_operator.py
[2024-02-27T13:32:50.235+0000] {processor.py:743} INFO - Processing file /home/airflow/.local/lib/python3.7/site-packages/airflow/example_dags/example_branch_day_of_week_operator.py for tasks to queue
[2024-02-27T13:32:50.236+0000] {logging_mixin.py:137} INFO - [2024-02-27T13:32:50.236+0000] {dagbag.py:538} INFO - Filling up the DagBag from /home/airflow/.local/lib/python3.7/site-packages/airflow/example_dags/example_branch_day_of_week_operator.py
[2024-02-27T13:32:50.247+0000] {processor.py:753} INFO - DAG(s) dict_keys(['example_weekday_branch_operator']) retrieved from /home/airflow/.local/lib/python3.7/site-packages/airflow/example_dags/example_branch_day_of_week_operator.py
[2024-02-27T13:32:50.265+0000] {logging_mixin.py:137} INFO - [2024-02-27T13:32:50.265+0000] {dag.py:2690} INFO - Sync 1 DAGs
[2024-02-27T13:32:50.284+0000] {logging_mixin.py:137} INFO - [2024-02-27T13:32:50.284+0000] {dag.py:3441} INFO - Setting next_dagrun for example_weekday_branch_operator to 2024-02-26T00:00:00+00:00, run_after=2024-02-27T00:00:00+00:00
[2024-02-27T13:32:50.302+0000] {processor.py:175} INFO - Processing /home/airflow/.local/lib/python3.7/site-packages/airflow/example_dags/example_branch_day_of_week_operator.py took 0.070 seconds
[2024-02-27T13:33:20.580+0000] {processor.py:153} INFO - Started process (PID=540) to work on /home/airflow/.local/lib/python3.7/site-packages/airflow/example_dags/example_branch_day_of_week_operator.py
[2024-02-27T13:33:20.581+0000] {processor.py:743} INFO - Processing file /home/airflow/.local/lib/python3.7/site-packages/airflow/example_dags/example_branch_day_of_week_operator.py for tasks to queue
[2024-02-27T13:33:20.581+0000] {logging_mixin.py:137} INFO - [2024-02-27T13:33:20.581+0000] {dagbag.py:538} INFO - Filling up the DagBag from /home/airflow/.local/lib/python3.7/site-packages/airflow/example_dags/example_branch_day_of_week_operator.py
[2024-02-27T13:33:20.592+0000] {processor.py:753} INFO - DAG(s) dict_keys(['example_weekday_branch_operator']) retrieved from /home/airflow/.local/lib/python3.7/site-packages/airflow/example_dags/example_branch_day_of_week_operator.py
[2024-02-27T13:33:20.611+0000] {logging_mixin.py:137} INFO - [2024-02-27T13:33:20.610+0000] {dag.py:2690} INFO - Sync 1 DAGs
[2024-02-27T13:33:20.628+0000] {logging_mixin.py:137} INFO - [2024-02-27T13:33:20.628+0000] {dag.py:3441} INFO - Setting next_dagrun for example_weekday_branch_operator to 2024-02-26T00:00:00+00:00, run_after=2024-02-27T00:00:00+00:00
[2024-02-27T13:33:20.645+0000] {processor.py:175} INFO - Processing /home/airflow/.local/lib/python3.7/site-packages/airflow/example_dags/example_branch_day_of_week_operator.py took 0.068 seconds
[2024-02-27T13:33:50.955+0000] {processor.py:153} INFO - Started process (PID=634) to work on /home/airflow/.local/lib/python3.7/site-packages/airflow/example_dags/example_branch_day_of_week_operator.py
[2024-02-27T13:33:50.956+0000] {processor.py:743} INFO - Processing file /home/airflow/.local/lib/python3.7/site-packages/airflow/example_dags/example_branch_day_of_week_operator.py for tasks to queue
[2024-02-27T13:33:50.957+0000] {logging_mixin.py:137} INFO - [2024-02-27T13:33:50.957+0000] {dagbag.py:538} INFO - Filling up the DagBag from /home/airflow/.local/lib/python3.7/site-packages/airflow/example_dags/example_branch_day_of_week_operator.py
[2024-02-27T13:33:50.967+0000] {processor.py:753} INFO - DAG(s) dict_keys(['example_weekday_branch_operator']) retrieved from /home/airflow/.local/lib/python3.7/site-packages/airflow/example_dags/example_branch_day_of_week_operator.py
[2024-02-27T13:33:50.985+0000] {logging_mixin.py:137} INFO - [2024-02-27T13:33:50.985+0000] {dag.py:2690} INFO - Sync 1 DAGs
[2024-02-27T13:33:51.003+0000] {logging_mixin.py:137} INFO - [2024-02-27T13:33:51.003+0000] {dag.py:3441} INFO - Setting next_dagrun for example_weekday_branch_operator to 2024-02-26T00:00:00+00:00, run_after=2024-02-27T00:00:00+00:00
[2024-02-27T13:33:51.019+0000] {processor.py:175} INFO - Processing /home/airflow/.local/lib/python3.7/site-packages/airflow/example_dags/example_branch_day_of_week_operator.py took 0.065 seconds
[2024-02-27T13:34:21.304+0000] {processor.py:153} INFO - Started process (PID=757) to work on /home/airflow/.local/lib/python3.7/site-packages/airflow/example_dags/example_branch_day_of_week_operator.py
[2024-02-27T13:34:21.305+0000] {processor.py:743} INFO - Processing file /home/airflow/.local/lib/python3.7/site-packages/airflow/example_dags/example_branch_day_of_week_operator.py for tasks to queue
[2024-02-27T13:34:21.306+0000] {logging_mixin.py:137} INFO - [2024-02-27T13:34:21.306+0000] {dagbag.py:538} INFO - Filling up the DagBag from /home/airflow/.local/lib/python3.7/site-packages/airflow/example_dags/example_branch_day_of_week_operator.py
[2024-02-27T13:34:21.319+0000] {processor.py:753} INFO - DAG(s) dict_keys(['example_weekday_branch_operator']) retrieved from /home/airflow/.local/lib/python3.7/site-packages/airflow/example_dags/example_branch_day_of_week_operator.py
[2024-02-27T13:34:21.339+0000] {logging_mixin.py:137} INFO - [2024-02-27T13:34:21.339+0000] {dag.py:2690} INFO - Sync 1 DAGs
[2024-02-27T13:34:21.360+0000] {logging_mixin.py:137} INFO - [2024-02-27T13:34:21.360+0000] {dag.py:3441} INFO - Setting next_dagrun for example_weekday_branch_operator to 2024-02-26T00:00:00+00:00, run_after=2024-02-27T00:00:00+00:00
[2024-02-27T13:34:21.380+0000] {processor.py:175} INFO - Processing /home/airflow/.local/lib/python3.7/site-packages/airflow/example_dags/example_branch_day_of_week_operator.py took 0.080 seconds
[2024-02-27T13:34:51.905+0000] {processor.py:153} INFO - Started process (PID=881) to work on /home/airflow/.local/lib/python3.7/site-packages/airflow/example_dags/example_branch_day_of_week_operator.py
[2024-02-27T13:34:51.906+0000] {processor.py:743} INFO - Processing file /home/airflow/.local/lib/python3.7/site-packages/airflow/example_dags/example_branch_day_of_week_operator.py for tasks to queue
[2024-02-27T13:34:51.907+0000] {logging_mixin.py:137} INFO - [2024-02-27T13:34:51.907+0000] {dagbag.py:538} INFO - Filling up the DagBag from /home/airflow/.local/lib/python3.7/site-packages/airflow/example_dags/example_branch_day_of_week_operator.py
[2024-02-27T13:34:51.920+0000] {processor.py:753} INFO - DAG(s) dict_keys(['example_weekday_branch_operator']) retrieved from /home/airflow/.local/lib/python3.7/site-packages/airflow/example_dags/example_branch_day_of_week_operator.py
[2024-02-27T13:34:51.939+0000] {logging_mixin.py:137} INFO - [2024-02-27T13:34:51.939+0000] {dag.py:2690} INFO - Sync 1 DAGs
[2024-02-27T13:34:51.959+0000] {logging_mixin.py:137} INFO - [2024-02-27T13:34:51.958+0000] {dag.py:3441} INFO - Setting next_dagrun for example_weekday_branch_operator to 2024-02-26T00:00:00+00:00, run_after=2024-02-27T00:00:00+00:00
[2024-02-27T13:34:51.974+0000] {processor.py:175} INFO - Processing /home/airflow/.local/lib/python3.7/site-packages/airflow/example_dags/example_branch_day_of_week_operator.py took 0.072 seconds
[2024-02-27T13:35:22.103+0000] {processor.py:153} INFO - Started process (PID=976) to work on /home/airflow/.local/lib/python3.7/site-packages/airflow/example_dags/example_branch_day_of_week_operator.py
[2024-02-27T13:35:22.105+0000] {processor.py:743} INFO - Processing file /home/airflow/.local/lib/python3.7/site-packages/airflow/example_dags/example_branch_day_of_week_operator.py for tasks to queue
[2024-02-27T13:35:22.105+0000] {logging_mixin.py:137} INFO - [2024-02-27T13:35:22.105+0000] {dagbag.py:538} INFO - Filling up the DagBag from /home/airflow/.local/lib/python3.7/site-packages/airflow/example_dags/example_branch_day_of_week_operator.py
[2024-02-27T13:35:22.117+0000] {processor.py:753} INFO - DAG(s) dict_keys(['example_weekday_branch_operator']) retrieved from /home/airflow/.local/lib/python3.7/site-packages/airflow/example_dags/example_branch_day_of_week_operator.py
[2024-02-27T13:35:22.143+0000] {logging_mixin.py:137} INFO - [2024-02-27T13:35:22.143+0000] {dag.py:2690} INFO - Sync 1 DAGs
[2024-02-27T13:35:22.181+0000] {logging_mixin.py:137} INFO - [2024-02-27T13:35:22.181+0000] {dag.py:3441} INFO - Setting next_dagrun for example_weekday_branch_operator to 2024-02-26T00:00:00+00:00, run_after=2024-02-27T00:00:00+00:00
[2024-02-27T13:35:22.212+0000] {processor.py:175} INFO - Processing /home/airflow/.local/lib/python3.7/site-packages/airflow/example_dags/example_branch_day_of_week_operator.py took 0.111 seconds
[2024-02-27T13:35:52.331+0000] {processor.py:153} INFO - Started process (PID=1099) to work on /home/airflow/.local/lib/python3.7/site-packages/airflow/example_dags/example_branch_day_of_week_operator.py
[2024-02-27T13:35:52.333+0000] {processor.py:743} INFO - Processing file /home/airflow/.local/lib/python3.7/site-packages/airflow/example_dags/example_branch_day_of_week_operator.py for tasks to queue
[2024-02-27T13:35:52.334+0000] {logging_mixin.py:137} INFO - [2024-02-27T13:35:52.334+0000] {dagbag.py:538} INFO - Filling up the DagBag from /home/airflow/.local/lib/python3.7/site-packages/airflow/example_dags/example_branch_day_of_week_operator.py
[2024-02-27T13:35:52.345+0000] {processor.py:753} INFO - DAG(s) dict_keys(['example_weekday_branch_operator']) retrieved from /home/airflow/.local/lib/python3.7/site-packages/airflow/example_dags/example_branch_day_of_week_operator.py
[2024-02-27T13:35:52.364+0000] {logging_mixin.py:137} INFO - [2024-02-27T13:35:52.364+0000] {dag.py:2690} INFO - Sync 1 DAGs
[2024-02-27T13:35:52.384+0000] {logging_mixin.py:137} INFO - [2024-02-27T13:35:52.384+0000] {dag.py:3441} INFO - Setting next_dagrun for example_weekday_branch_operator to 2024-02-26T00:00:00+00:00, run_after=2024-02-27T00:00:00+00:00
[2024-02-27T13:35:52.402+0000] {processor.py:175} INFO - Processing /home/airflow/.local/lib/python3.7/site-packages/airflow/example_dags/example_branch_day_of_week_operator.py took 0.075 seconds
[2024-02-27T13:36:22.568+0000] {processor.py:153} INFO - Started process (PID=1194) to work on /home/airflow/.local/lib/python3.7/site-packages/airflow/example_dags/example_branch_day_of_week_operator.py
[2024-02-27T13:36:22.570+0000] {processor.py:743} INFO - Processing file /home/airflow/.local/lib/python3.7/site-packages/airflow/example_dags/example_branch_day_of_week_operator.py for tasks to queue
[2024-02-27T13:36:22.571+0000] {logging_mixin.py:137} INFO - [2024-02-27T13:36:22.571+0000] {dagbag.py:538} INFO - Filling up the DagBag from /home/airflow/.local/lib/python3.7/site-packages/airflow/example_dags/example_branch_day_of_week_operator.py
[2024-02-27T13:36:22.586+0000] {processor.py:753} INFO - DAG(s) dict_keys(['example_weekday_branch_operator']) retrieved from /home/airflow/.local/lib/python3.7/site-packages/airflow/example_dags/example_branch_day_of_week_operator.py
[2024-02-27T13:36:22.612+0000] {logging_mixin.py:137} INFO - [2024-02-27T13:36:22.611+0000] {dag.py:2690} INFO - Sync 1 DAGs
[2024-02-27T13:36:22.638+0000] {logging_mixin.py:137} INFO - [2024-02-27T13:36:22.638+0000] {dag.py:3441} INFO - Setting next_dagrun for example_weekday_branch_operator to 2024-02-26T00:00:00+00:00, run_after=2024-02-27T00:00:00+00:00
[2024-02-27T13:36:22.660+0000] {processor.py:175} INFO - Processing /home/airflow/.local/lib/python3.7/site-packages/airflow/example_dags/example_branch_day_of_week_operator.py took 0.095 seconds
[2024-02-27T13:36:52.837+0000] {processor.py:153} INFO - Started process (PID=1317) to work on /home/airflow/.local/lib/python3.7/site-packages/airflow/example_dags/example_branch_day_of_week_operator.py
[2024-02-27T13:36:52.838+0000] {processor.py:743} INFO - Processing file /home/airflow/.local/lib/python3.7/site-packages/airflow/example_dags/example_branch_day_of_week_operator.py for tasks to queue
[2024-02-27T13:36:52.839+0000] {logging_mixin.py:137} INFO - [2024-02-27T13:36:52.839+0000] {dagbag.py:538} INFO - Filling up the DagBag from /home/airflow/.local/lib/python3.7/site-packages/airflow/example_dags/example_branch_day_of_week_operator.py
[2024-02-27T13:36:52.851+0000] {processor.py:753} INFO - DAG(s) dict_keys(['example_weekday_branch_operator']) retrieved from /home/airflow/.local/lib/python3.7/site-packages/airflow/example_dags/example_branch_day_of_week_operator.py
[2024-02-27T13:36:52.872+0000] {logging_mixin.py:137} INFO - [2024-02-27T13:36:52.872+0000] {dag.py:2690} INFO - Sync 1 DAGs
[2024-02-27T13:36:52.894+0000] {logging_mixin.py:137} INFO - [2024-02-27T13:36:52.894+0000] {dag.py:3441} INFO - Setting next_dagrun for example_weekday_branch_operator to 2024-02-26T00:00:00+00:00, run_after=2024-02-27T00:00:00+00:00
[2024-02-27T13:36:52.912+0000] {processor.py:175} INFO - Processing /home/airflow/.local/lib/python3.7/site-packages/airflow/example_dags/example_branch_day_of_week_operator.py took 0.078 seconds
[2024-02-27T13:37:23.205+0000] {processor.py:153} INFO - Started process (PID=1412) to work on /home/airflow/.local/lib/python3.7/site-packages/airflow/example_dags/example_branch_day_of_week_operator.py
[2024-02-27T13:37:23.206+0000] {processor.py:743} INFO - Processing file /home/airflow/.local/lib/python3.7/site-packages/airflow/example_dags/example_branch_day_of_week_operator.py for tasks to queue
[2024-02-27T13:37:23.207+0000] {logging_mixin.py:137} INFO - [2024-02-27T13:37:23.207+0000] {dagbag.py:538} INFO - Filling up the DagBag from /home/airflow/.local/lib/python3.7/site-packages/airflow/example_dags/example_branch_day_of_week_operator.py
[2024-02-27T13:37:23.217+0000] {processor.py:753} INFO - DAG(s) dict_keys(['example_weekday_branch_operator']) retrieved from /home/airflow/.local/lib/python3.7/site-packages/airflow/example_dags/example_branch_day_of_week_operator.py
[2024-02-27T13:37:23.237+0000] {logging_mixin.py:137} INFO - [2024-02-27T13:37:23.237+0000] {dag.py:2690} INFO - Sync 1 DAGs
[2024-02-27T13:37:23.255+0000] {logging_mixin.py:137} INFO - [2024-02-27T13:37:23.255+0000] {dag.py:3441} INFO - Setting next_dagrun for example_weekday_branch_operator to 2024-02-26T00:00:00+00:00, run_after=2024-02-27T00:00:00+00:00
[2024-02-27T13:37:23.274+0000] {processor.py:175} INFO - Processing /home/airflow/.local/lib/python3.7/site-packages/airflow/example_dags/example_branch_day_of_week_operator.py took 0.072 seconds
[2024-02-27T13:37:53.497+0000] {processor.py:153} INFO - Started process (PID=1537) to work on /home/airflow/.local/lib/python3.7/site-packages/airflow/example_dags/example_branch_day_of_week_operator.py
[2024-02-27T13:37:53.498+0000] {processor.py:743} INFO - Processing file /home/airflow/.local/lib/python3.7/site-packages/airflow/example_dags/example_branch_day_of_week_operator.py for tasks to queue
[2024-02-27T13:37:53.499+0000] {logging_mixin.py:137} INFO - [2024-02-27T13:37:53.499+0000] {dagbag.py:538} INFO - Filling up the DagBag from /home/airflow/.local/lib/python3.7/site-packages/airflow/example_dags/example_branch_day_of_week_operator.py
[2024-02-27T13:37:53.509+0000] {processor.py:753} INFO - DAG(s) dict_keys(['example_weekday_branch_operator']) retrieved from /home/airflow/.local/lib/python3.7/site-packages/airflow/example_dags/example_branch_day_of_week_operator.py
[2024-02-27T13:37:53.527+0000] {logging_mixin.py:137} INFO - [2024-02-27T13:37:53.527+0000] {dag.py:2690} INFO - Sync 1 DAGs
[2024-02-27T13:37:53.546+0000] {logging_mixin.py:137} INFO - [2024-02-27T13:37:53.546+0000] {dag.py:3441} INFO - Setting next_dagrun for example_weekday_branch_operator to 2024-02-26T00:00:00+00:00, run_after=2024-02-27T00:00:00+00:00
[2024-02-27T13:37:53.563+0000] {processor.py:175} INFO - Processing /home/airflow/.local/lib/python3.7/site-packages/airflow/example_dags/example_branch_day_of_week_operator.py took 0.068 seconds
[2024-02-27T13:38:23.914+0000] {processor.py:153} INFO - Started process (PID=1660) to work on /home/airflow/.local/lib/python3.7/site-packages/airflow/example_dags/example_branch_day_of_week_operator.py
[2024-02-27T13:38:23.915+0000] {processor.py:743} INFO - Processing file /home/airflow/.local/lib/python3.7/site-packages/airflow/example_dags/example_branch_day_of_week_operator.py for tasks to queue
[2024-02-27T13:38:23.916+0000] {logging_mixin.py:137} INFO - [2024-02-27T13:38:23.916+0000] {dagbag.py:538} INFO - Filling up the DagBag from /home/airflow/.local/lib/python3.7/site-packages/airflow/example_dags/example_branch_day_of_week_operator.py
[2024-02-27T13:38:23.926+0000] {processor.py:753} INFO - DAG(s) dict_keys(['example_weekday_branch_operator']) retrieved from /home/airflow/.local/lib/python3.7/site-packages/airflow/example_dags/example_branch_day_of_week_operator.py
[2024-02-27T13:38:23.946+0000] {logging_mixin.py:137} INFO - [2024-02-27T13:38:23.946+0000] {dag.py:2690} INFO - Sync 1 DAGs
[2024-02-27T13:38:23.965+0000] {logging_mixin.py:137} INFO - [2024-02-27T13:38:23.965+0000] {dag.py:3441} INFO - Setting next_dagrun for example_weekday_branch_operator to 2024-02-26T00:00:00+00:00, run_after=2024-02-27T00:00:00+00:00
[2024-02-27T13:38:23.983+0000] {processor.py:175} INFO - Processing /home/airflow/.local/lib/python3.7/site-packages/airflow/example_dags/example_branch_day_of_week_operator.py took 0.072 seconds
[2024-02-27T13:38:54.188+0000] {processor.py:153} INFO - Started process (PID=1755) to work on /home/airflow/.local/lib/python3.7/site-packages/airflow/example_dags/example_branch_day_of_week_operator.py
[2024-02-27T13:38:54.189+0000] {processor.py:743} INFO - Processing file /home/airflow/.local/lib/python3.7/site-packages/airflow/example_dags/example_branch_day_of_week_operator.py for tasks to queue
[2024-02-27T13:38:54.189+0000] {logging_mixin.py:137} INFO - [2024-02-27T13:38:54.189+0000] {dagbag.py:538} INFO - Filling up the DagBag from /home/airflow/.local/lib/python3.7/site-packages/airflow/example_dags/example_branch_day_of_week_operator.py
[2024-02-27T13:38:54.200+0000] {processor.py:753} INFO - DAG(s) dict_keys(['example_weekday_branch_operator']) retrieved from /home/airflow/.local/lib/python3.7/site-packages/airflow/example_dags/example_branch_day_of_week_operator.py
[2024-02-27T13:38:54.217+0000] {logging_mixin.py:137} INFO - [2024-02-27T13:38:54.217+0000] {dag.py:2690} INFO - Sync 1 DAGs
[2024-02-27T13:38:54.236+0000] {logging_mixin.py:137} INFO - [2024-02-27T13:38:54.236+0000] {dag.py:3441} INFO - Setting next_dagrun for example_weekday_branch_operator to 2024-02-26T00:00:00+00:00, run_after=2024-02-27T00:00:00+00:00
[2024-02-27T13:38:54.256+0000] {processor.py:175} INFO - Processing /home/airflow/.local/lib/python3.7/site-packages/airflow/example_dags/example_branch_day_of_week_operator.py took 0.071 seconds
[2024-02-27T13:39:24.979+0000] {processor.py:153} INFO - Started process (PID=1878) to work on /home/airflow/.local/lib/python3.7/site-packages/airflow/example_dags/example_branch_day_of_week_operator.py
[2024-02-27T13:39:24.981+0000] {processor.py:743} INFO - Processing file /home/airflow/.local/lib/python3.7/site-packages/airflow/example_dags/example_branch_day_of_week_operator.py for tasks to queue
[2024-02-27T13:39:24.982+0000] {logging_mixin.py:137} INFO - [2024-02-27T13:39:24.982+0000] {dagbag.py:538} INFO - Filling up the DagBag from /home/airflow/.local/lib/python3.7/site-packages/airflow/example_dags/example_branch_day_of_week_operator.py
[2024-02-27T13:39:24.992+0000] {processor.py:753} INFO - DAG(s) dict_keys(['example_weekday_branch_operator']) retrieved from /home/airflow/.local/lib/python3.7/site-packages/airflow/example_dags/example_branch_day_of_week_operator.py
[2024-02-27T13:39:25.011+0000] {logging_mixin.py:137} INFO - [2024-02-27T13:39:25.011+0000] {dag.py:2690} INFO - Sync 1 DAGs
[2024-02-27T13:39:25.028+0000] {logging_mixin.py:137} INFO - [2024-02-27T13:39:25.027+0000] {dag.py:3441} INFO - Setting next_dagrun for example_weekday_branch_operator to 2024-02-26T00:00:00+00:00, run_after=2024-02-27T00:00:00+00:00
[2024-02-27T13:39:25.108+0000] {processor.py:175} INFO - Processing /home/airflow/.local/lib/python3.7/site-packages/airflow/example_dags/example_branch_day_of_week_operator.py took 0.131 seconds
[2024-02-27T13:39:55.695+0000] {processor.py:153} INFO - Started process (PID=1973) to work on /home/airflow/.local/lib/python3.7/site-packages/airflow/example_dags/example_branch_day_of_week_operator.py
[2024-02-27T13:39:55.696+0000] {processor.py:743} INFO - Processing file /home/airflow/.local/lib/python3.7/site-packages/airflow/example_dags/example_branch_day_of_week_operator.py for tasks to queue
[2024-02-27T13:39:55.696+0000] {logging_mixin.py:137} INFO - [2024-02-27T13:39:55.696+0000] {dagbag.py:538} INFO - Filling up the DagBag from /home/airflow/.local/lib/python3.7/site-packages/airflow/example_dags/example_branch_day_of_week_operator.py
[2024-02-27T13:39:55.708+0000] {processor.py:753} INFO - DAG(s) dict_keys(['example_weekday_branch_operator']) retrieved from /home/airflow/.local/lib/python3.7/site-packages/airflow/example_dags/example_branch_day_of_week_operator.py
[2024-02-27T13:39:55.728+0000] {logging_mixin.py:137} INFO - [2024-02-27T13:39:55.728+0000] {dag.py:2690} INFO - Sync 1 DAGs
[2024-02-27T13:39:55.746+0000] {logging_mixin.py:137} INFO - [2024-02-27T13:39:55.746+0000] {dag.py:3441} INFO - Setting next_dagrun for example_weekday_branch_operator to 2024-02-26T00:00:00+00:00, run_after=2024-02-27T00:00:00+00:00
[2024-02-27T13:39:55.834+0000] {processor.py:175} INFO - Processing /home/airflow/.local/lib/python3.7/site-packages/airflow/example_dags/example_branch_day_of_week_operator.py took 0.141 seconds
[2024-02-27T13:40:26.087+0000] {processor.py:153} INFO - Started process (PID=2097) to work on /home/airflow/.local/lib/python3.7/site-packages/airflow/example_dags/example_branch_day_of_week_operator.py
[2024-02-27T13:40:26.088+0000] {processor.py:743} INFO - Processing file /home/airflow/.local/lib/python3.7/site-packages/airflow/example_dags/example_branch_day_of_week_operator.py for tasks to queue
[2024-02-27T13:40:26.089+0000] {logging_mixin.py:137} INFO - [2024-02-27T13:40:26.089+0000] {dagbag.py:538} INFO - Filling up the DagBag from /home/airflow/.local/lib/python3.7/site-packages/airflow/example_dags/example_branch_day_of_week_operator.py
[2024-02-27T13:40:26.099+0000] {processor.py:753} INFO - DAG(s) dict_keys(['example_weekday_branch_operator']) retrieved from /home/airflow/.local/lib/python3.7/site-packages/airflow/example_dags/example_branch_day_of_week_operator.py
[2024-02-27T13:40:26.117+0000] {logging_mixin.py:137} INFO - [2024-02-27T13:40:26.117+0000] {dag.py:2690} INFO - Sync 1 DAGs
[2024-02-27T13:40:26.134+0000] {logging_mixin.py:137} INFO - [2024-02-27T13:40:26.134+0000] {dag.py:3441} INFO - Setting next_dagrun for example_weekday_branch_operator to 2024-02-26T00:00:00+00:00, run_after=2024-02-27T00:00:00+00:00
[2024-02-27T13:40:26.249+0000] {processor.py:175} INFO - Processing /home/airflow/.local/lib/python3.7/site-packages/airflow/example_dags/example_branch_day_of_week_operator.py took 0.163 seconds
[2024-02-27T13:40:57.052+0000] {processor.py:153} INFO - Started process (PID=2220) to work on /home/airflow/.local/lib/python3.7/site-packages/airflow/example_dags/example_branch_day_of_week_operator.py
[2024-02-27T13:40:57.053+0000] {processor.py:743} INFO - Processing file /home/airflow/.local/lib/python3.7/site-packages/airflow/example_dags/example_branch_day_of_week_operator.py for tasks to queue
[2024-02-27T13:40:57.054+0000] {logging_mixin.py:137} INFO - [2024-02-27T13:40:57.054+0000] {dagbag.py:538} INFO - Filling up the DagBag from /home/airflow/.local/lib/python3.7/site-packages/airflow/example_dags/example_branch_day_of_week_operator.py
[2024-02-27T13:40:57.067+0000] {processor.py:753} INFO - DAG(s) dict_keys(['example_weekday_branch_operator']) retrieved from /home/airflow/.local/lib/python3.7/site-packages/airflow/example_dags/example_branch_day_of_week_operator.py
[2024-02-27T13:40:57.089+0000] {logging_mixin.py:137} INFO - [2024-02-27T13:40:57.089+0000] {dag.py:2690} INFO - Sync 1 DAGs
[2024-02-27T13:40:57.110+0000] {logging_mixin.py:137} INFO - [2024-02-27T13:40:57.110+0000] {dag.py:3441} INFO - Setting next_dagrun for example_weekday_branch_operator to 2024-02-26T00:00:00+00:00, run_after=2024-02-27T00:00:00+00:00
[2024-02-27T13:40:57.129+0000] {processor.py:175} INFO - Processing /home/airflow/.local/lib/python3.7/site-packages/airflow/example_dags/example_branch_day_of_week_operator.py took 0.080 seconds
[2024-02-27T13:41:27.479+0000] {processor.py:153} INFO - Started process (PID=2315) to work on /home/airflow/.local/lib/python3.7/site-packages/airflow/example_dags/example_branch_day_of_week_operator.py
[2024-02-27T13:41:27.481+0000] {processor.py:743} INFO - Processing file /home/airflow/.local/lib/python3.7/site-packages/airflow/example_dags/example_branch_day_of_week_operator.py for tasks to queue
[2024-02-27T13:41:27.482+0000] {logging_mixin.py:137} INFO - [2024-02-27T13:41:27.482+0000] {dagbag.py:538} INFO - Filling up the DagBag from /home/airflow/.local/lib/python3.7/site-packages/airflow/example_dags/example_branch_day_of_week_operator.py
[2024-02-27T13:41:27.493+0000] {processor.py:753} INFO - DAG(s) dict_keys(['example_weekday_branch_operator']) retrieved from /home/airflow/.local/lib/python3.7/site-packages/airflow/example_dags/example_branch_day_of_week_operator.py
[2024-02-27T13:41:27.513+0000] {logging_mixin.py:137} INFO - [2024-02-27T13:41:27.513+0000] {dag.py:2690} INFO - Sync 1 DAGs
[2024-02-27T13:41:27.534+0000] {logging_mixin.py:137} INFO - [2024-02-27T13:41:27.533+0000] {dag.py:3441} INFO - Setting next_dagrun for example_weekday_branch_operator to 2024-02-26T00:00:00+00:00, run_after=2024-02-27T00:00:00+00:00
[2024-02-27T13:41:27.616+0000] {processor.py:175} INFO - Processing /home/airflow/.local/lib/python3.7/site-packages/airflow/example_dags/example_branch_day_of_week_operator.py took 0.140 seconds
