[2024-02-27T13:31:15.528+0000] {processor.py:153} INFO - Started process (PID=59) to work on /home/airflow/.local/lib/python3.7/site-packages/airflow/example_dags/example_external_task_marker_dag.py
[2024-02-27T13:31:15.529+0000] {processor.py:743} INFO - Processing file /home/airflow/.local/lib/python3.7/site-packages/airflow/example_dags/example_external_task_marker_dag.py for tasks to queue
[2024-02-27T13:31:15.531+0000] {logging_mixin.py:137} INFO - [2024-02-27T13:31:15.530+0000] {dagbag.py:538} INFO - Filling up the DagBag from /home/airflow/.local/lib/python3.7/site-packages/airflow/example_dags/example_external_task_marker_dag.py
[2024-02-27T13:31:15.541+0000] {processor.py:753} INFO - DAG(s) dict_keys(['example_external_task_marker_child', 'example_external_task_marker_parent']) retrieved from /home/airflow/.local/lib/python3.7/site-packages/airflow/example_dags/example_external_task_marker_dag.py
[2024-02-27T13:31:15.624+0000] {logging_mixin.py:137} INFO - [2024-02-27T13:31:15.623+0000] {manager.py:504} INFO - Created Permission View: can edit on DAG:example_external_task_marker_child
[2024-02-27T13:31:15.634+0000] {logging_mixin.py:137} INFO - [2024-02-27T13:31:15.634+0000] {manager.py:504} INFO - Created Permission View: can delete on DAG:example_external_task_marker_child
[2024-02-27T13:31:15.643+0000] {logging_mixin.py:137} INFO - [2024-02-27T13:31:15.643+0000] {manager.py:504} INFO - Created Permission View: can read on DAG:example_external_task_marker_child
[2024-02-27T13:31:15.656+0000] {logging_mixin.py:137} INFO - [2024-02-27T13:31:15.656+0000] {manager.py:504} INFO - Created Permission View: can edit on DAG:example_external_task_marker_parent
[2024-02-27T13:31:15.663+0000] {logging_mixin.py:137} INFO - [2024-02-27T13:31:15.663+0000] {manager.py:504} INFO - Created Permission View: can delete on DAG:example_external_task_marker_parent
[2024-02-27T13:31:15.672+0000] {logging_mixin.py:137} INFO - [2024-02-27T13:31:15.671+0000] {manager.py:504} INFO - Created Permission View: can read on DAG:example_external_task_marker_parent
[2024-02-27T13:31:15.672+0000] {logging_mixin.py:137} INFO - [2024-02-27T13:31:15.672+0000] {dag.py:2690} INFO - Sync 2 DAGs
[2024-02-27T13:31:15.683+0000] {logging_mixin.py:137} INFO - [2024-02-27T13:31:15.683+0000] {dag.py:2711} INFO - Creating ORM DAG for example_external_task_marker_parent
[2024-02-27T13:31:15.684+0000] {logging_mixin.py:137} INFO - [2024-02-27T13:31:15.684+0000] {dag.py:2711} INFO - Creating ORM DAG for example_external_task_marker_child
[2024-02-27T13:31:15.693+0000] {logging_mixin.py:137} INFO - [2024-02-27T13:31:15.693+0000] {dag.py:3441} INFO - Setting next_dagrun for example_external_task_marker_child to None, run_after=None
[2024-02-27T13:31:15.694+0000] {logging_mixin.py:137} INFO - [2024-02-27T13:31:15.694+0000] {dag.py:3441} INFO - Setting next_dagrun for example_external_task_marker_parent to None, run_after=None
[2024-02-27T13:31:15.711+0000] {processor.py:175} INFO - Processing /home/airflow/.local/lib/python3.7/site-packages/airflow/example_dags/example_external_task_marker_dag.py took 0.185 seconds
[2024-02-27T13:31:46.240+0000] {processor.py:153} INFO - Started process (PID=182) to work on /home/airflow/.local/lib/python3.7/site-packages/airflow/example_dags/example_external_task_marker_dag.py
[2024-02-27T13:31:46.242+0000] {processor.py:743} INFO - Processing file /home/airflow/.local/lib/python3.7/site-packages/airflow/example_dags/example_external_task_marker_dag.py for tasks to queue
[2024-02-27T13:31:46.243+0000] {logging_mixin.py:137} INFO - [2024-02-27T13:31:46.243+0000] {dagbag.py:538} INFO - Filling up the DagBag from /home/airflow/.local/lib/python3.7/site-packages/airflow/example_dags/example_external_task_marker_dag.py
[2024-02-27T13:31:46.260+0000] {processor.py:753} INFO - DAG(s) dict_keys(['example_external_task_marker_child', 'example_external_task_marker_parent']) retrieved from /home/airflow/.local/lib/python3.7/site-packages/airflow/example_dags/example_external_task_marker_dag.py
[2024-02-27T13:31:46.287+0000] {logging_mixin.py:137} INFO - [2024-02-27T13:31:46.287+0000] {dag.py:2690} INFO - Sync 2 DAGs
[2024-02-27T13:31:46.311+0000] {logging_mixin.py:137} INFO - [2024-02-27T13:31:46.310+0000] {dag.py:3441} INFO - Setting next_dagrun for example_external_task_marker_child to None, run_after=None
[2024-02-27T13:31:46.314+0000] {logging_mixin.py:137} INFO - [2024-02-27T13:31:46.314+0000] {dag.py:3441} INFO - Setting next_dagrun for example_external_task_marker_parent to None, run_after=None
[2024-02-27T13:31:46.334+0000] {processor.py:175} INFO - Processing /home/airflow/.local/lib/python3.7/site-packages/airflow/example_dags/example_external_task_marker_dag.py took 0.097 seconds
[2024-02-27T13:32:16.771+0000] {processor.py:153} INFO - Started process (PID=277) to work on /home/airflow/.local/lib/python3.7/site-packages/airflow/example_dags/example_external_task_marker_dag.py
[2024-02-27T13:32:16.773+0000] {processor.py:743} INFO - Processing file /home/airflow/.local/lib/python3.7/site-packages/airflow/example_dags/example_external_task_marker_dag.py for tasks to queue
[2024-02-27T13:32:16.774+0000] {logging_mixin.py:137} INFO - [2024-02-27T13:32:16.773+0000] {dagbag.py:538} INFO - Filling up the DagBag from /home/airflow/.local/lib/python3.7/site-packages/airflow/example_dags/example_external_task_marker_dag.py
[2024-02-27T13:32:16.784+0000] {processor.py:753} INFO - DAG(s) dict_keys(['example_external_task_marker_parent', 'example_external_task_marker_child']) retrieved from /home/airflow/.local/lib/python3.7/site-packages/airflow/example_dags/example_external_task_marker_dag.py
[2024-02-27T13:32:16.810+0000] {logging_mixin.py:137} INFO - [2024-02-27T13:32:16.810+0000] {dag.py:2690} INFO - Sync 2 DAGs
[2024-02-27T13:32:16.832+0000] {logging_mixin.py:137} INFO - [2024-02-27T13:32:16.832+0000] {dag.py:3441} INFO - Setting next_dagrun for example_external_task_marker_child to None, run_after=None
[2024-02-27T13:32:16.836+0000] {logging_mixin.py:137} INFO - [2024-02-27T13:32:16.836+0000] {dag.py:3441} INFO - Setting next_dagrun for example_external_task_marker_parent to None, run_after=None
[2024-02-27T13:32:16.855+0000] {processor.py:175} INFO - Processing /home/airflow/.local/lib/python3.7/site-packages/airflow/example_dags/example_external_task_marker_dag.py took 0.086 seconds
[2024-02-27T13:32:47.234+0000] {processor.py:153} INFO - Started process (PID=399) to work on /home/airflow/.local/lib/python3.7/site-packages/airflow/example_dags/example_external_task_marker_dag.py
[2024-02-27T13:32:47.237+0000] {processor.py:743} INFO - Processing file /home/airflow/.local/lib/python3.7/site-packages/airflow/example_dags/example_external_task_marker_dag.py for tasks to queue
[2024-02-27T13:32:47.240+0000] {logging_mixin.py:137} INFO - [2024-02-27T13:32:47.240+0000] {dagbag.py:538} INFO - Filling up the DagBag from /home/airflow/.local/lib/python3.7/site-packages/airflow/example_dags/example_external_task_marker_dag.py
[2024-02-27T13:32:47.250+0000] {processor.py:753} INFO - DAG(s) dict_keys(['example_external_task_marker_parent', 'example_external_task_marker_child']) retrieved from /home/airflow/.local/lib/python3.7/site-packages/airflow/example_dags/example_external_task_marker_dag.py
[2024-02-27T13:32:47.270+0000] {logging_mixin.py:137} INFO - [2024-02-27T13:32:47.269+0000] {dag.py:2690} INFO - Sync 2 DAGs
[2024-02-27T13:32:47.287+0000] {logging_mixin.py:137} INFO - [2024-02-27T13:32:47.287+0000] {dag.py:3441} INFO - Setting next_dagrun for example_external_task_marker_child to None, run_after=None
[2024-02-27T13:32:47.291+0000] {logging_mixin.py:137} INFO - [2024-02-27T13:32:47.290+0000] {dag.py:3441} INFO - Setting next_dagrun for example_external_task_marker_parent to None, run_after=None
[2024-02-27T13:32:47.305+0000] {processor.py:175} INFO - Processing /home/airflow/.local/lib/python3.7/site-packages/airflow/example_dags/example_external_task_marker_dag.py took 0.073 seconds
[2024-02-27T13:33:17.746+0000] {processor.py:153} INFO - Started process (PID=522) to work on /home/airflow/.local/lib/python3.7/site-packages/airflow/example_dags/example_external_task_marker_dag.py
[2024-02-27T13:33:17.748+0000] {processor.py:743} INFO - Processing file /home/airflow/.local/lib/python3.7/site-packages/airflow/example_dags/example_external_task_marker_dag.py for tasks to queue
[2024-02-27T13:33:17.748+0000] {logging_mixin.py:137} INFO - [2024-02-27T13:33:17.748+0000] {dagbag.py:538} INFO - Filling up the DagBag from /home/airflow/.local/lib/python3.7/site-packages/airflow/example_dags/example_external_task_marker_dag.py
[2024-02-27T13:33:17.760+0000] {processor.py:753} INFO - DAG(s) dict_keys(['example_external_task_marker_parent', 'example_external_task_marker_child']) retrieved from /home/airflow/.local/lib/python3.7/site-packages/airflow/example_dags/example_external_task_marker_dag.py
[2024-02-27T13:33:17.783+0000] {logging_mixin.py:137} INFO - [2024-02-27T13:33:17.783+0000] {dag.py:2690} INFO - Sync 2 DAGs
[2024-02-27T13:33:17.802+0000] {logging_mixin.py:137} INFO - [2024-02-27T13:33:17.802+0000] {dag.py:3441} INFO - Setting next_dagrun for example_external_task_marker_child to None, run_after=None
[2024-02-27T13:33:17.806+0000] {logging_mixin.py:137} INFO - [2024-02-27T13:33:17.806+0000] {dag.py:3441} INFO - Setting next_dagrun for example_external_task_marker_parent to None, run_after=None
[2024-02-27T13:33:17.820+0000] {processor.py:175} INFO - Processing /home/airflow/.local/lib/python3.7/site-packages/airflow/example_dags/example_external_task_marker_dag.py took 0.076 seconds
[2024-02-27T13:33:48.024+0000] {processor.py:153} INFO - Started process (PID=616) to work on /home/airflow/.local/lib/python3.7/site-packages/airflow/example_dags/example_external_task_marker_dag.py
[2024-02-27T13:33:48.025+0000] {processor.py:743} INFO - Processing file /home/airflow/.local/lib/python3.7/site-packages/airflow/example_dags/example_external_task_marker_dag.py for tasks to queue
[2024-02-27T13:33:48.026+0000] {logging_mixin.py:137} INFO - [2024-02-27T13:33:48.026+0000] {dagbag.py:538} INFO - Filling up the DagBag from /home/airflow/.local/lib/python3.7/site-packages/airflow/example_dags/example_external_task_marker_dag.py
[2024-02-27T13:33:48.036+0000] {processor.py:753} INFO - DAG(s) dict_keys(['example_external_task_marker_parent', 'example_external_task_marker_child']) retrieved from /home/airflow/.local/lib/python3.7/site-packages/airflow/example_dags/example_external_task_marker_dag.py
[2024-02-27T13:33:48.054+0000] {logging_mixin.py:137} INFO - [2024-02-27T13:33:48.054+0000] {dag.py:2690} INFO - Sync 2 DAGs
[2024-02-27T13:33:48.070+0000] {logging_mixin.py:137} INFO - [2024-02-27T13:33:48.070+0000] {dag.py:3441} INFO - Setting next_dagrun for example_external_task_marker_child to None, run_after=None
[2024-02-27T13:33:48.072+0000] {logging_mixin.py:137} INFO - [2024-02-27T13:33:48.072+0000] {dag.py:3441} INFO - Setting next_dagrun for example_external_task_marker_parent to None, run_after=None
[2024-02-27T13:33:48.085+0000] {processor.py:175} INFO - Processing /home/airflow/.local/lib/python3.7/site-packages/airflow/example_dags/example_external_task_marker_dag.py took 0.063 seconds
[2024-02-27T13:34:18.305+0000] {processor.py:153} INFO - Started process (PID=739) to work on /home/airflow/.local/lib/python3.7/site-packages/airflow/example_dags/example_external_task_marker_dag.py
[2024-02-27T13:34:18.306+0000] {processor.py:743} INFO - Processing file /home/airflow/.local/lib/python3.7/site-packages/airflow/example_dags/example_external_task_marker_dag.py for tasks to queue
[2024-02-27T13:34:18.307+0000] {logging_mixin.py:137} INFO - [2024-02-27T13:34:18.307+0000] {dagbag.py:538} INFO - Filling up the DagBag from /home/airflow/.local/lib/python3.7/site-packages/airflow/example_dags/example_external_task_marker_dag.py
[2024-02-27T13:34:18.317+0000] {processor.py:753} INFO - DAG(s) dict_keys(['example_external_task_marker_parent', 'example_external_task_marker_child']) retrieved from /home/airflow/.local/lib/python3.7/site-packages/airflow/example_dags/example_external_task_marker_dag.py
[2024-02-27T13:34:18.337+0000] {logging_mixin.py:137} INFO - [2024-02-27T13:34:18.337+0000] {dag.py:2690} INFO - Sync 2 DAGs
[2024-02-27T13:34:18.356+0000] {logging_mixin.py:137} INFO - [2024-02-27T13:34:18.355+0000] {dag.py:3441} INFO - Setting next_dagrun for example_external_task_marker_child to None, run_after=None
[2024-02-27T13:34:18.359+0000] {logging_mixin.py:137} INFO - [2024-02-27T13:34:18.359+0000] {dag.py:3441} INFO - Setting next_dagrun for example_external_task_marker_parent to None, run_after=None
[2024-02-27T13:34:18.374+0000] {processor.py:175} INFO - Processing /home/airflow/.local/lib/python3.7/site-packages/airflow/example_dags/example_external_task_marker_dag.py took 0.072 seconds
[2024-02-27T13:34:48.895+0000] {processor.py:153} INFO - Started process (PID=835) to work on /home/airflow/.local/lib/python3.7/site-packages/airflow/example_dags/example_external_task_marker_dag.py
[2024-02-27T13:34:48.897+0000] {processor.py:743} INFO - Processing file /home/airflow/.local/lib/python3.7/site-packages/airflow/example_dags/example_external_task_marker_dag.py for tasks to queue
[2024-02-27T13:34:48.898+0000] {logging_mixin.py:137} INFO - [2024-02-27T13:34:48.898+0000] {dagbag.py:538} INFO - Filling up the DagBag from /home/airflow/.local/lib/python3.7/site-packages/airflow/example_dags/example_external_task_marker_dag.py
[2024-02-27T13:34:48.907+0000] {processor.py:753} INFO - DAG(s) dict_keys(['example_external_task_marker_child', 'example_external_task_marker_parent']) retrieved from /home/airflow/.local/lib/python3.7/site-packages/airflow/example_dags/example_external_task_marker_dag.py
[2024-02-27T13:34:48.929+0000] {logging_mixin.py:137} INFO - [2024-02-27T13:34:48.929+0000] {dag.py:2690} INFO - Sync 2 DAGs
[2024-02-27T13:34:48.946+0000] {logging_mixin.py:137} INFO - [2024-02-27T13:34:48.946+0000] {dag.py:3441} INFO - Setting next_dagrun for example_external_task_marker_child to None, run_after=None
[2024-02-27T13:34:48.949+0000] {logging_mixin.py:137} INFO - [2024-02-27T13:34:48.949+0000] {dag.py:3441} INFO - Setting next_dagrun for example_external_task_marker_parent to None, run_after=None
[2024-02-27T13:34:48.962+0000] {processor.py:175} INFO - Processing /home/airflow/.local/lib/python3.7/site-packages/airflow/example_dags/example_external_task_marker_dag.py took 0.069 seconds
[2024-02-27T13:35:19.225+0000] {processor.py:153} INFO - Started process (PID=958) to work on /home/airflow/.local/lib/python3.7/site-packages/airflow/example_dags/example_external_task_marker_dag.py
[2024-02-27T13:35:19.227+0000] {processor.py:743} INFO - Processing file /home/airflow/.local/lib/python3.7/site-packages/airflow/example_dags/example_external_task_marker_dag.py for tasks to queue
[2024-02-27T13:35:19.228+0000] {logging_mixin.py:137} INFO - [2024-02-27T13:35:19.228+0000] {dagbag.py:538} INFO - Filling up the DagBag from /home/airflow/.local/lib/python3.7/site-packages/airflow/example_dags/example_external_task_marker_dag.py
[2024-02-27T13:35:19.238+0000] {processor.py:753} INFO - DAG(s) dict_keys(['example_external_task_marker_child', 'example_external_task_marker_parent']) retrieved from /home/airflow/.local/lib/python3.7/site-packages/airflow/example_dags/example_external_task_marker_dag.py
[2024-02-27T13:35:19.258+0000] {logging_mixin.py:137} INFO - [2024-02-27T13:35:19.258+0000] {dag.py:2690} INFO - Sync 2 DAGs
[2024-02-27T13:35:19.279+0000] {logging_mixin.py:137} INFO - [2024-02-27T13:35:19.279+0000] {dag.py:3441} INFO - Setting next_dagrun for example_external_task_marker_child to None, run_after=None
[2024-02-27T13:35:19.282+0000] {logging_mixin.py:137} INFO - [2024-02-27T13:35:19.282+0000] {dag.py:3441} INFO - Setting next_dagrun for example_external_task_marker_parent to None, run_after=None
[2024-02-27T13:35:19.296+0000] {processor.py:175} INFO - Processing /home/airflow/.local/lib/python3.7/site-packages/airflow/example_dags/example_external_task_marker_dag.py took 0.073 seconds
[2024-02-27T13:35:49.422+0000] {processor.py:153} INFO - Started process (PID=1062) to work on /home/airflow/.local/lib/python3.7/site-packages/airflow/example_dags/example_external_task_marker_dag.py
[2024-02-27T13:35:49.424+0000] {processor.py:743} INFO - Processing file /home/airflow/.local/lib/python3.7/site-packages/airflow/example_dags/example_external_task_marker_dag.py for tasks to queue
[2024-02-27T13:35:49.425+0000] {logging_mixin.py:137} INFO - [2024-02-27T13:35:49.424+0000] {dagbag.py:538} INFO - Filling up the DagBag from /home/airflow/.local/lib/python3.7/site-packages/airflow/example_dags/example_external_task_marker_dag.py
[2024-02-27T13:35:49.434+0000] {processor.py:753} INFO - DAG(s) dict_keys(['example_external_task_marker_parent', 'example_external_task_marker_child']) retrieved from /home/airflow/.local/lib/python3.7/site-packages/airflow/example_dags/example_external_task_marker_dag.py
[2024-02-27T13:35:49.456+0000] {logging_mixin.py:137} INFO - [2024-02-27T13:35:49.455+0000] {dag.py:2690} INFO - Sync 2 DAGs
[2024-02-27T13:35:49.474+0000] {logging_mixin.py:137} INFO - [2024-02-27T13:35:49.474+0000] {dag.py:3441} INFO - Setting next_dagrun for example_external_task_marker_child to None, run_after=None
[2024-02-27T13:35:49.478+0000] {logging_mixin.py:137} INFO - [2024-02-27T13:35:49.477+0000] {dag.py:3441} INFO - Setting next_dagrun for example_external_task_marker_parent to None, run_after=None
[2024-02-27T13:35:49.494+0000] {processor.py:175} INFO - Processing /home/airflow/.local/lib/python3.7/site-packages/airflow/example_dags/example_external_task_marker_dag.py took 0.074 seconds
[2024-02-27T13:36:19.653+0000] {processor.py:153} INFO - Started process (PID=1176) to work on /home/airflow/.local/lib/python3.7/site-packages/airflow/example_dags/example_external_task_marker_dag.py
[2024-02-27T13:36:19.655+0000] {processor.py:743} INFO - Processing file /home/airflow/.local/lib/python3.7/site-packages/airflow/example_dags/example_external_task_marker_dag.py for tasks to queue
[2024-02-27T13:36:19.656+0000] {logging_mixin.py:137} INFO - [2024-02-27T13:36:19.655+0000] {dagbag.py:538} INFO - Filling up the DagBag from /home/airflow/.local/lib/python3.7/site-packages/airflow/example_dags/example_external_task_marker_dag.py
[2024-02-27T13:36:19.665+0000] {processor.py:753} INFO - DAG(s) dict_keys(['example_external_task_marker_parent', 'example_external_task_marker_child']) retrieved from /home/airflow/.local/lib/python3.7/site-packages/airflow/example_dags/example_external_task_marker_dag.py
[2024-02-27T13:36:19.684+0000] {logging_mixin.py:137} INFO - [2024-02-27T13:36:19.684+0000] {dag.py:2690} INFO - Sync 2 DAGs
[2024-02-27T13:36:19.702+0000] {logging_mixin.py:137} INFO - [2024-02-27T13:36:19.702+0000] {dag.py:3441} INFO - Setting next_dagrun for example_external_task_marker_child to None, run_after=None
[2024-02-27T13:36:19.705+0000] {logging_mixin.py:137} INFO - [2024-02-27T13:36:19.705+0000] {dag.py:3441} INFO - Setting next_dagrun for example_external_task_marker_parent to None, run_after=None
[2024-02-27T13:36:19.719+0000] {processor.py:175} INFO - Processing /home/airflow/.local/lib/python3.7/site-packages/airflow/example_dags/example_external_task_marker_dag.py took 0.068 seconds
[2024-02-27T13:36:49.998+0000] {processor.py:153} INFO - Started process (PID=1299) to work on /home/airflow/.local/lib/python3.7/site-packages/airflow/example_dags/example_external_task_marker_dag.py
[2024-02-27T13:36:49.999+0000] {processor.py:743} INFO - Processing file /home/airflow/.local/lib/python3.7/site-packages/airflow/example_dags/example_external_task_marker_dag.py for tasks to queue
[2024-02-27T13:36:50.000+0000] {logging_mixin.py:137} INFO - [2024-02-27T13:36:50.000+0000] {dagbag.py:538} INFO - Filling up the DagBag from /home/airflow/.local/lib/python3.7/site-packages/airflow/example_dags/example_external_task_marker_dag.py
[2024-02-27T13:36:50.009+0000] {processor.py:753} INFO - DAG(s) dict_keys(['example_external_task_marker_parent', 'example_external_task_marker_child']) retrieved from /home/airflow/.local/lib/python3.7/site-packages/airflow/example_dags/example_external_task_marker_dag.py
[2024-02-27T13:36:50.029+0000] {logging_mixin.py:137} INFO - [2024-02-27T13:36:50.029+0000] {dag.py:2690} INFO - Sync 2 DAGs
[2024-02-27T13:36:50.047+0000] {logging_mixin.py:137} INFO - [2024-02-27T13:36:50.047+0000] {dag.py:3441} INFO - Setting next_dagrun for example_external_task_marker_child to None, run_after=None
[2024-02-27T13:36:50.050+0000] {logging_mixin.py:137} INFO - [2024-02-27T13:36:50.050+0000] {dag.py:3441} INFO - Setting next_dagrun for example_external_task_marker_parent to None, run_after=None
[2024-02-27T13:36:50.062+0000] {processor.py:175} INFO - Processing /home/airflow/.local/lib/python3.7/site-packages/airflow/example_dags/example_external_task_marker_dag.py took 0.067 seconds
[2024-02-27T13:37:20.139+0000] {processor.py:153} INFO - Started process (PID=1394) to work on /home/airflow/.local/lib/python3.7/site-packages/airflow/example_dags/example_external_task_marker_dag.py
[2024-02-27T13:37:20.140+0000] {processor.py:743} INFO - Processing file /home/airflow/.local/lib/python3.7/site-packages/airflow/example_dags/example_external_task_marker_dag.py for tasks to queue
[2024-02-27T13:37:20.141+0000] {logging_mixin.py:137} INFO - [2024-02-27T13:37:20.141+0000] {dagbag.py:538} INFO - Filling up the DagBag from /home/airflow/.local/lib/python3.7/site-packages/airflow/example_dags/example_external_task_marker_dag.py
[2024-02-27T13:37:20.151+0000] {processor.py:753} INFO - DAG(s) dict_keys(['example_external_task_marker_parent', 'example_external_task_marker_child']) retrieved from /home/airflow/.local/lib/python3.7/site-packages/airflow/example_dags/example_external_task_marker_dag.py
[2024-02-27T13:37:20.172+0000] {logging_mixin.py:137} INFO - [2024-02-27T13:37:20.171+0000] {dag.py:2690} INFO - Sync 2 DAGs
[2024-02-27T13:37:20.190+0000] {logging_mixin.py:137} INFO - [2024-02-27T13:37:20.190+0000] {dag.py:3441} INFO - Setting next_dagrun for example_external_task_marker_child to None, run_after=None
[2024-02-27T13:37:20.193+0000] {logging_mixin.py:137} INFO - [2024-02-27T13:37:20.193+0000] {dag.py:3441} INFO - Setting next_dagrun for example_external_task_marker_parent to None, run_after=None
[2024-02-27T13:37:20.207+0000] {processor.py:175} INFO - Processing /home/airflow/.local/lib/python3.7/site-packages/airflow/example_dags/example_external_task_marker_dag.py took 0.070 seconds
[2024-02-27T13:37:50.560+0000] {processor.py:153} INFO - Started process (PID=1519) to work on /home/airflow/.local/lib/python3.7/site-packages/airflow/example_dags/example_external_task_marker_dag.py
[2024-02-27T13:37:50.561+0000] {processor.py:743} INFO - Processing file /home/airflow/.local/lib/python3.7/site-packages/airflow/example_dags/example_external_task_marker_dag.py for tasks to queue
[2024-02-27T13:37:50.563+0000] {logging_mixin.py:137} INFO - [2024-02-27T13:37:50.563+0000] {dagbag.py:538} INFO - Filling up the DagBag from /home/airflow/.local/lib/python3.7/site-packages/airflow/example_dags/example_external_task_marker_dag.py
[2024-02-27T13:37:50.573+0000] {processor.py:753} INFO - DAG(s) dict_keys(['example_external_task_marker_parent', 'example_external_task_marker_child']) retrieved from /home/airflow/.local/lib/python3.7/site-packages/airflow/example_dags/example_external_task_marker_dag.py
[2024-02-27T13:37:50.592+0000] {logging_mixin.py:137} INFO - [2024-02-27T13:37:50.592+0000] {dag.py:2690} INFO - Sync 2 DAGs
[2024-02-27T13:37:50.611+0000] {logging_mixin.py:137} INFO - [2024-02-27T13:37:50.611+0000] {dag.py:3441} INFO - Setting next_dagrun for example_external_task_marker_child to None, run_after=None
[2024-02-27T13:37:50.614+0000] {logging_mixin.py:137} INFO - [2024-02-27T13:37:50.614+0000] {dag.py:3441} INFO - Setting next_dagrun for example_external_task_marker_parent to None, run_after=None
[2024-02-27T13:37:50.628+0000] {processor.py:175} INFO - Processing /home/airflow/.local/lib/python3.7/site-packages/airflow/example_dags/example_external_task_marker_dag.py took 0.070 seconds
[2024-02-27T13:38:20.757+0000] {processor.py:153} INFO - Started process (PID=1614) to work on /home/airflow/.local/lib/python3.7/site-packages/airflow/example_dags/example_external_task_marker_dag.py
[2024-02-27T13:38:20.758+0000] {processor.py:743} INFO - Processing file /home/airflow/.local/lib/python3.7/site-packages/airflow/example_dags/example_external_task_marker_dag.py for tasks to queue
[2024-02-27T13:38:20.759+0000] {logging_mixin.py:137} INFO - [2024-02-27T13:38:20.758+0000] {dagbag.py:538} INFO - Filling up the DagBag from /home/airflow/.local/lib/python3.7/site-packages/airflow/example_dags/example_external_task_marker_dag.py
[2024-02-27T13:38:20.768+0000] {processor.py:753} INFO - DAG(s) dict_keys(['example_external_task_marker_child', 'example_external_task_marker_parent']) retrieved from /home/airflow/.local/lib/python3.7/site-packages/airflow/example_dags/example_external_task_marker_dag.py
[2024-02-27T13:38:20.786+0000] {logging_mixin.py:137} INFO - [2024-02-27T13:38:20.786+0000] {dag.py:2690} INFO - Sync 2 DAGs
[2024-02-27T13:38:20.804+0000] {logging_mixin.py:137} INFO - [2024-02-27T13:38:20.804+0000] {dag.py:3441} INFO - Setting next_dagrun for example_external_task_marker_child to None, run_after=None
[2024-02-27T13:38:20.807+0000] {logging_mixin.py:137} INFO - [2024-02-27T13:38:20.807+0000] {dag.py:3441} INFO - Setting next_dagrun for example_external_task_marker_parent to None, run_after=None
[2024-02-27T13:38:20.821+0000] {processor.py:175} INFO - Processing /home/airflow/.local/lib/python3.7/site-packages/airflow/example_dags/example_external_task_marker_dag.py took 0.066 seconds
[2024-02-27T13:38:51.189+0000] {processor.py:153} INFO - Started process (PID=1737) to work on /home/airflow/.local/lib/python3.7/site-packages/airflow/example_dags/example_external_task_marker_dag.py
[2024-02-27T13:38:51.190+0000] {processor.py:743} INFO - Processing file /home/airflow/.local/lib/python3.7/site-packages/airflow/example_dags/example_external_task_marker_dag.py for tasks to queue
[2024-02-27T13:38:51.191+0000] {logging_mixin.py:137} INFO - [2024-02-27T13:38:51.191+0000] {dagbag.py:538} INFO - Filling up the DagBag from /home/airflow/.local/lib/python3.7/site-packages/airflow/example_dags/example_external_task_marker_dag.py
[2024-02-27T13:38:51.200+0000] {processor.py:753} INFO - DAG(s) dict_keys(['example_external_task_marker_parent', 'example_external_task_marker_child']) retrieved from /home/airflow/.local/lib/python3.7/site-packages/airflow/example_dags/example_external_task_marker_dag.py
[2024-02-27T13:38:51.220+0000] {logging_mixin.py:137} INFO - [2024-02-27T13:38:51.220+0000] {dag.py:2690} INFO - Sync 2 DAGs
[2024-02-27T13:38:51.236+0000] {logging_mixin.py:137} INFO - [2024-02-27T13:38:51.236+0000] {dag.py:3441} INFO - Setting next_dagrun for example_external_task_marker_child to None, run_after=None
[2024-02-27T13:38:51.240+0000] {logging_mixin.py:137} INFO - [2024-02-27T13:38:51.240+0000] {dag.py:3441} INFO - Setting next_dagrun for example_external_task_marker_parent to None, run_after=None
[2024-02-27T13:38:51.255+0000] {processor.py:175} INFO - Processing /home/airflow/.local/lib/python3.7/site-packages/airflow/example_dags/example_external_task_marker_dag.py took 0.068 seconds
[2024-02-27T13:39:22.092+0000] {processor.py:153} INFO - Started process (PID=1860) to work on /home/airflow/.local/lib/python3.7/site-packages/airflow/example_dags/example_external_task_marker_dag.py
[2024-02-27T13:39:22.093+0000] {processor.py:743} INFO - Processing file /home/airflow/.local/lib/python3.7/site-packages/airflow/example_dags/example_external_task_marker_dag.py for tasks to queue
[2024-02-27T13:39:22.094+0000] {logging_mixin.py:137} INFO - [2024-02-27T13:39:22.094+0000] {dagbag.py:538} INFO - Filling up the DagBag from /home/airflow/.local/lib/python3.7/site-packages/airflow/example_dags/example_external_task_marker_dag.py
[2024-02-27T13:39:22.105+0000] {processor.py:753} INFO - DAG(s) dict_keys(['example_external_task_marker_parent', 'example_external_task_marker_child']) retrieved from /home/airflow/.local/lib/python3.7/site-packages/airflow/example_dags/example_external_task_marker_dag.py
[2024-02-27T13:39:22.129+0000] {logging_mixin.py:137} INFO - [2024-02-27T13:39:22.129+0000] {dag.py:2690} INFO - Sync 2 DAGs
[2024-02-27T13:39:22.149+0000] {logging_mixin.py:137} INFO - [2024-02-27T13:39:22.149+0000] {dag.py:3441} INFO - Setting next_dagrun for example_external_task_marker_child to None, run_after=None
[2024-02-27T13:39:22.153+0000] {logging_mixin.py:137} INFO - [2024-02-27T13:39:22.153+0000] {dag.py:3441} INFO - Setting next_dagrun for example_external_task_marker_parent to None, run_after=None
[2024-02-27T13:39:22.170+0000] {processor.py:175} INFO - Processing /home/airflow/.local/lib/python3.7/site-packages/airflow/example_dags/example_external_task_marker_dag.py took 0.080 seconds
[2024-02-27T13:39:52.872+0000] {processor.py:153} INFO - Started process (PID=1955) to work on /home/airflow/.local/lib/python3.7/site-packages/airflow/example_dags/example_external_task_marker_dag.py
[2024-02-27T13:39:52.873+0000] {processor.py:743} INFO - Processing file /home/airflow/.local/lib/python3.7/site-packages/airflow/example_dags/example_external_task_marker_dag.py for tasks to queue
[2024-02-27T13:39:52.873+0000] {logging_mixin.py:137} INFO - [2024-02-27T13:39:52.873+0000] {dagbag.py:538} INFO - Filling up the DagBag from /home/airflow/.local/lib/python3.7/site-packages/airflow/example_dags/example_external_task_marker_dag.py
[2024-02-27T13:39:52.884+0000] {processor.py:753} INFO - DAG(s) dict_keys(['example_external_task_marker_child', 'example_external_task_marker_parent']) retrieved from /home/airflow/.local/lib/python3.7/site-packages/airflow/example_dags/example_external_task_marker_dag.py
[2024-02-27T13:39:52.905+0000] {logging_mixin.py:137} INFO - [2024-02-27T13:39:52.905+0000] {dag.py:2690} INFO - Sync 2 DAGs
[2024-02-27T13:39:52.923+0000] {logging_mixin.py:137} INFO - [2024-02-27T13:39:52.923+0000] {dag.py:3441} INFO - Setting next_dagrun for example_external_task_marker_child to None, run_after=None
[2024-02-27T13:39:52.926+0000] {logging_mixin.py:137} INFO - [2024-02-27T13:39:52.926+0000] {dag.py:3441} INFO - Setting next_dagrun for example_external_task_marker_parent to None, run_after=None
[2024-02-27T13:39:52.939+0000] {processor.py:175} INFO - Processing /home/airflow/.local/lib/python3.7/site-packages/airflow/example_dags/example_external_task_marker_dag.py took 0.071 seconds
[2024-02-27T13:40:23.140+0000] {processor.py:153} INFO - Started process (PID=2079) to work on /home/airflow/.local/lib/python3.7/site-packages/airflow/example_dags/example_external_task_marker_dag.py
[2024-02-27T13:40:23.141+0000] {processor.py:743} INFO - Processing file /home/airflow/.local/lib/python3.7/site-packages/airflow/example_dags/example_external_task_marker_dag.py for tasks to queue
[2024-02-27T13:40:23.142+0000] {logging_mixin.py:137} INFO - [2024-02-27T13:40:23.142+0000] {dagbag.py:538} INFO - Filling up the DagBag from /home/airflow/.local/lib/python3.7/site-packages/airflow/example_dags/example_external_task_marker_dag.py
[2024-02-27T13:40:23.151+0000] {processor.py:753} INFO - DAG(s) dict_keys(['example_external_task_marker_parent', 'example_external_task_marker_child']) retrieved from /home/airflow/.local/lib/python3.7/site-packages/airflow/example_dags/example_external_task_marker_dag.py
[2024-02-27T13:40:23.171+0000] {logging_mixin.py:137} INFO - [2024-02-27T13:40:23.171+0000] {dag.py:2690} INFO - Sync 2 DAGs
[2024-02-27T13:40:23.187+0000] {logging_mixin.py:137} INFO - [2024-02-27T13:40:23.187+0000] {dag.py:3441} INFO - Setting next_dagrun for example_external_task_marker_child to None, run_after=None
[2024-02-27T13:40:23.190+0000] {logging_mixin.py:137} INFO - [2024-02-27T13:40:23.190+0000] {dag.py:3441} INFO - Setting next_dagrun for example_external_task_marker_parent to None, run_after=None
[2024-02-27T13:40:23.203+0000] {processor.py:175} INFO - Processing /home/airflow/.local/lib/python3.7/site-packages/airflow/example_dags/example_external_task_marker_dag.py took 0.066 seconds
[2024-02-27T13:40:53.848+0000] {processor.py:153} INFO - Started process (PID=2174) to work on /home/airflow/.local/lib/python3.7/site-packages/airflow/example_dags/example_external_task_marker_dag.py
[2024-02-27T13:40:53.849+0000] {processor.py:743} INFO - Processing file /home/airflow/.local/lib/python3.7/site-packages/airflow/example_dags/example_external_task_marker_dag.py for tasks to queue
[2024-02-27T13:40:53.849+0000] {logging_mixin.py:137} INFO - [2024-02-27T13:40:53.849+0000] {dagbag.py:538} INFO - Filling up the DagBag from /home/airflow/.local/lib/python3.7/site-packages/airflow/example_dags/example_external_task_marker_dag.py
[2024-02-27T13:40:53.859+0000] {processor.py:753} INFO - DAG(s) dict_keys(['example_external_task_marker_parent', 'example_external_task_marker_child']) retrieved from /home/airflow/.local/lib/python3.7/site-packages/airflow/example_dags/example_external_task_marker_dag.py
[2024-02-27T13:40:53.879+0000] {logging_mixin.py:137} INFO - [2024-02-27T13:40:53.879+0000] {dag.py:2690} INFO - Sync 2 DAGs
[2024-02-27T13:40:53.897+0000] {logging_mixin.py:137} INFO - [2024-02-27T13:40:53.896+0000] {dag.py:3441} INFO - Setting next_dagrun for example_external_task_marker_child to None, run_after=None
[2024-02-27T13:40:53.899+0000] {logging_mixin.py:137} INFO - [2024-02-27T13:40:53.899+0000] {dag.py:3441} INFO - Setting next_dagrun for example_external_task_marker_parent to None, run_after=None
[2024-02-27T13:40:53.914+0000] {processor.py:175} INFO - Processing /home/airflow/.local/lib/python3.7/site-packages/airflow/example_dags/example_external_task_marker_dag.py took 0.069 seconds
[2024-02-27T13:41:24.566+0000] {processor.py:153} INFO - Started process (PID=2297) to work on /home/airflow/.local/lib/python3.7/site-packages/airflow/example_dags/example_external_task_marker_dag.py
[2024-02-27T13:41:24.567+0000] {processor.py:743} INFO - Processing file /home/airflow/.local/lib/python3.7/site-packages/airflow/example_dags/example_external_task_marker_dag.py for tasks to queue
[2024-02-27T13:41:24.568+0000] {logging_mixin.py:137} INFO - [2024-02-27T13:41:24.568+0000] {dagbag.py:538} INFO - Filling up the DagBag from /home/airflow/.local/lib/python3.7/site-packages/airflow/example_dags/example_external_task_marker_dag.py
[2024-02-27T13:41:24.578+0000] {processor.py:753} INFO - DAG(s) dict_keys(['example_external_task_marker_parent', 'example_external_task_marker_child']) retrieved from /home/airflow/.local/lib/python3.7/site-packages/airflow/example_dags/example_external_task_marker_dag.py
[2024-02-27T13:41:24.599+0000] {logging_mixin.py:137} INFO - [2024-02-27T13:41:24.599+0000] {dag.py:2690} INFO - Sync 2 DAGs
[2024-02-27T13:41:24.617+0000] {logging_mixin.py:137} INFO - [2024-02-27T13:41:24.617+0000] {dag.py:3441} INFO - Setting next_dagrun for example_external_task_marker_child to None, run_after=None
[2024-02-27T13:41:24.620+0000] {logging_mixin.py:137} INFO - [2024-02-27T13:41:24.620+0000] {dag.py:3441} INFO - Setting next_dagrun for example_external_task_marker_parent to None, run_after=None
[2024-02-27T13:41:24.636+0000] {processor.py:175} INFO - Processing /home/airflow/.local/lib/python3.7/site-packages/airflow/example_dags/example_external_task_marker_dag.py took 0.072 seconds
