[2024-02-27T13:31:15.688+0000] {processor.py:153} INFO - Started process (PID=60) to work on /home/airflow/.local/lib/python3.7/site-packages/airflow/example_dags/example_short_circuit_operator.py
[2024-02-27T13:31:15.689+0000] {processor.py:743} INFO - Processing file /home/airflow/.local/lib/python3.7/site-packages/airflow/example_dags/example_short_circuit_operator.py for tasks to queue
[2024-02-27T13:31:15.690+0000] {logging_mixin.py:137} INFO - [2024-02-27T13:31:15.690+0000] {dagbag.py:538} INFO - Filling up the DagBag from /home/airflow/.local/lib/python3.7/site-packages/airflow/example_dags/example_short_circuit_operator.py
[2024-02-27T13:31:15.705+0000] {processor.py:753} INFO - DAG(s) dict_keys(['example_short_circuit_operator']) retrieved from /home/airflow/.local/lib/python3.7/site-packages/airflow/example_dags/example_short_circuit_operator.py
[2024-02-27T13:31:15.789+0000] {logging_mixin.py:137} INFO - [2024-02-27T13:31:15.789+0000] {manager.py:504} INFO - Created Permission View: can edit on DAG:example_short_circuit_operator
[2024-02-27T13:31:15.797+0000] {logging_mixin.py:137} INFO - [2024-02-27T13:31:15.797+0000] {manager.py:504} INFO - Created Permission View: can delete on DAG:example_short_circuit_operator
[2024-02-27T13:31:15.805+0000] {logging_mixin.py:137} INFO - [2024-02-27T13:31:15.805+0000] {manager.py:504} INFO - Created Permission View: can read on DAG:example_short_circuit_operator
[2024-02-27T13:31:15.806+0000] {logging_mixin.py:137} INFO - [2024-02-27T13:31:15.806+0000] {dag.py:2690} INFO - Sync 1 DAGs
[2024-02-27T13:31:15.816+0000] {logging_mixin.py:137} INFO - [2024-02-27T13:31:15.816+0000] {dag.py:2711} INFO - Creating ORM DAG for example_short_circuit_operator
[2024-02-27T13:31:15.825+0000] {logging_mixin.py:137} INFO - [2024-02-27T13:31:15.825+0000] {dag.py:3441} INFO - Setting next_dagrun for example_short_circuit_operator to 2024-02-26T13:31:15.824943+00:00, run_after=2024-02-27T13:31:15.824943+00:00
[2024-02-27T13:31:15.841+0000] {processor.py:175} INFO - Processing /home/airflow/.local/lib/python3.7/site-packages/airflow/example_dags/example_short_circuit_operator.py took 0.156 seconds
[2024-02-27T13:31:46.329+0000] {processor.py:153} INFO - Started process (PID=183) to work on /home/airflow/.local/lib/python3.7/site-packages/airflow/example_dags/example_short_circuit_operator.py
[2024-02-27T13:31:46.331+0000] {processor.py:743} INFO - Processing file /home/airflow/.local/lib/python3.7/site-packages/airflow/example_dags/example_short_circuit_operator.py for tasks to queue
[2024-02-27T13:31:46.332+0000] {logging_mixin.py:137} INFO - [2024-02-27T13:31:46.332+0000] {dagbag.py:538} INFO - Filling up the DagBag from /home/airflow/.local/lib/python3.7/site-packages/airflow/example_dags/example_short_circuit_operator.py
[2024-02-27T13:31:46.349+0000] {processor.py:753} INFO - DAG(s) dict_keys(['example_short_circuit_operator']) retrieved from /home/airflow/.local/lib/python3.7/site-packages/airflow/example_dags/example_short_circuit_operator.py
[2024-02-27T13:31:46.373+0000] {logging_mixin.py:137} INFO - [2024-02-27T13:31:46.373+0000] {dag.py:2690} INFO - Sync 1 DAGs
[2024-02-27T13:31:46.403+0000] {logging_mixin.py:137} INFO - [2024-02-27T13:31:46.403+0000] {dag.py:3441} INFO - Setting next_dagrun for example_short_circuit_operator to 2024-02-26T13:31:46.402637+00:00, run_after=2024-02-27T13:31:46.402637+00:00
[2024-02-27T13:31:46.424+0000] {processor.py:175} INFO - Processing /home/airflow/.local/lib/python3.7/site-packages/airflow/example_dags/example_short_circuit_operator.py took 0.098 seconds
[2024-02-27T13:32:16.852+0000] {processor.py:153} INFO - Started process (PID=278) to work on /home/airflow/.local/lib/python3.7/site-packages/airflow/example_dags/example_short_circuit_operator.py
[2024-02-27T13:32:16.854+0000] {processor.py:743} INFO - Processing file /home/airflow/.local/lib/python3.7/site-packages/airflow/example_dags/example_short_circuit_operator.py for tasks to queue
[2024-02-27T13:32:16.854+0000] {logging_mixin.py:137} INFO - [2024-02-27T13:32:16.854+0000] {dagbag.py:538} INFO - Filling up the DagBag from /home/airflow/.local/lib/python3.7/site-packages/airflow/example_dags/example_short_circuit_operator.py
[2024-02-27T13:32:16.869+0000] {processor.py:753} INFO - DAG(s) dict_keys(['example_short_circuit_operator']) retrieved from /home/airflow/.local/lib/python3.7/site-packages/airflow/example_dags/example_short_circuit_operator.py
[2024-02-27T13:32:16.890+0000] {logging_mixin.py:137} INFO - [2024-02-27T13:32:16.890+0000] {dag.py:2690} INFO - Sync 1 DAGs
[2024-02-27T13:32:16.911+0000] {logging_mixin.py:137} INFO - [2024-02-27T13:32:16.911+0000] {dag.py:3441} INFO - Setting next_dagrun for example_short_circuit_operator to 2024-02-26T13:32:16.911216+00:00, run_after=2024-02-27T13:32:16.911216+00:00
[2024-02-27T13:32:16.929+0000] {processor.py:175} INFO - Processing /home/airflow/.local/lib/python3.7/site-packages/airflow/example_dags/example_short_circuit_operator.py took 0.079 seconds
[2024-02-27T13:32:47.374+0000] {processor.py:153} INFO - Started process (PID=400) to work on /home/airflow/.local/lib/python3.7/site-packages/airflow/example_dags/example_short_circuit_operator.py
[2024-02-27T13:32:47.376+0000] {processor.py:743} INFO - Processing file /home/airflow/.local/lib/python3.7/site-packages/airflow/example_dags/example_short_circuit_operator.py for tasks to queue
[2024-02-27T13:32:47.378+0000] {logging_mixin.py:137} INFO - [2024-02-27T13:32:47.377+0000] {dagbag.py:538} INFO - Filling up the DagBag from /home/airflow/.local/lib/python3.7/site-packages/airflow/example_dags/example_short_circuit_operator.py
[2024-02-27T13:32:47.392+0000] {processor.py:753} INFO - DAG(s) dict_keys(['example_short_circuit_operator']) retrieved from /home/airflow/.local/lib/python3.7/site-packages/airflow/example_dags/example_short_circuit_operator.py
[2024-02-27T13:32:47.415+0000] {logging_mixin.py:137} INFO - [2024-02-27T13:32:47.415+0000] {dag.py:2690} INFO - Sync 1 DAGs
[2024-02-27T13:32:47.434+0000] {logging_mixin.py:137} INFO - [2024-02-27T13:32:47.433+0000] {dag.py:3441} INFO - Setting next_dagrun for example_short_circuit_operator to 2024-02-26T13:32:47.433792+00:00, run_after=2024-02-27T13:32:47.433792+00:00
[2024-02-27T13:32:47.447+0000] {processor.py:175} INFO - Processing /home/airflow/.local/lib/python3.7/site-packages/airflow/example_dags/example_short_circuit_operator.py took 0.076 seconds
[2024-02-27T13:33:17.768+0000] {processor.py:153} INFO - Started process (PID=523) to work on /home/airflow/.local/lib/python3.7/site-packages/airflow/example_dags/example_short_circuit_operator.py
[2024-02-27T13:33:17.769+0000] {processor.py:743} INFO - Processing file /home/airflow/.local/lib/python3.7/site-packages/airflow/example_dags/example_short_circuit_operator.py for tasks to queue
[2024-02-27T13:33:17.769+0000] {logging_mixin.py:137} INFO - [2024-02-27T13:33:17.769+0000] {dagbag.py:538} INFO - Filling up the DagBag from /home/airflow/.local/lib/python3.7/site-packages/airflow/example_dags/example_short_circuit_operator.py
[2024-02-27T13:33:17.782+0000] {processor.py:753} INFO - DAG(s) dict_keys(['example_short_circuit_operator']) retrieved from /home/airflow/.local/lib/python3.7/site-packages/airflow/example_dags/example_short_circuit_operator.py
[2024-02-27T13:33:17.803+0000] {logging_mixin.py:137} INFO - [2024-02-27T13:33:17.803+0000] {dag.py:2690} INFO - Sync 1 DAGs
[2024-02-27T13:33:17.824+0000] {logging_mixin.py:137} INFO - [2024-02-27T13:33:17.824+0000] {dag.py:3441} INFO - Setting next_dagrun for example_short_circuit_operator to 2024-02-26T13:33:17.824053+00:00, run_after=2024-02-27T13:33:17.824053+00:00
[2024-02-27T13:33:17.842+0000] {processor.py:175} INFO - Processing /home/airflow/.local/lib/python3.7/site-packages/airflow/example_dags/example_short_circuit_operator.py took 0.077 seconds
[2024-02-27T13:33:48.115+0000] {processor.py:153} INFO - Started process (PID=617) to work on /home/airflow/.local/lib/python3.7/site-packages/airflow/example_dags/example_short_circuit_operator.py
[2024-02-27T13:33:48.116+0000] {processor.py:743} INFO - Processing file /home/airflow/.local/lib/python3.7/site-packages/airflow/example_dags/example_short_circuit_operator.py for tasks to queue
[2024-02-27T13:33:48.117+0000] {logging_mixin.py:137} INFO - [2024-02-27T13:33:48.117+0000] {dagbag.py:538} INFO - Filling up the DagBag from /home/airflow/.local/lib/python3.7/site-packages/airflow/example_dags/example_short_circuit_operator.py
[2024-02-27T13:33:48.129+0000] {processor.py:753} INFO - DAG(s) dict_keys(['example_short_circuit_operator']) retrieved from /home/airflow/.local/lib/python3.7/site-packages/airflow/example_dags/example_short_circuit_operator.py
[2024-02-27T13:33:48.146+0000] {logging_mixin.py:137} INFO - [2024-02-27T13:33:48.145+0000] {dag.py:2690} INFO - Sync 1 DAGs
[2024-02-27T13:33:48.161+0000] {logging_mixin.py:137} INFO - [2024-02-27T13:33:48.161+0000] {dag.py:3441} INFO - Setting next_dagrun for example_short_circuit_operator to 2024-02-26T13:33:48.161642+00:00, run_after=2024-02-27T13:33:48.161642+00:00
[2024-02-27T13:33:48.179+0000] {processor.py:175} INFO - Processing /home/airflow/.local/lib/python3.7/site-packages/airflow/example_dags/example_short_circuit_operator.py took 0.066 seconds
[2024-02-27T13:34:18.382+0000] {processor.py:153} INFO - Started process (PID=740) to work on /home/airflow/.local/lib/python3.7/site-packages/airflow/example_dags/example_short_circuit_operator.py
[2024-02-27T13:34:18.383+0000] {processor.py:743} INFO - Processing file /home/airflow/.local/lib/python3.7/site-packages/airflow/example_dags/example_short_circuit_operator.py for tasks to queue
[2024-02-27T13:34:18.384+0000] {logging_mixin.py:137} INFO - [2024-02-27T13:34:18.384+0000] {dagbag.py:538} INFO - Filling up the DagBag from /home/airflow/.local/lib/python3.7/site-packages/airflow/example_dags/example_short_circuit_operator.py
[2024-02-27T13:34:18.396+0000] {processor.py:753} INFO - DAG(s) dict_keys(['example_short_circuit_operator']) retrieved from /home/airflow/.local/lib/python3.7/site-packages/airflow/example_dags/example_short_circuit_operator.py
[2024-02-27T13:34:18.415+0000] {logging_mixin.py:137} INFO - [2024-02-27T13:34:18.415+0000] {dag.py:2690} INFO - Sync 1 DAGs
[2024-02-27T13:34:18.433+0000] {logging_mixin.py:137} INFO - [2024-02-27T13:34:18.433+0000] {dag.py:3441} INFO - Setting next_dagrun for example_short_circuit_operator to 2024-02-26T13:34:18.433015+00:00, run_after=2024-02-27T13:34:18.433015+00:00
[2024-02-27T13:34:18.449+0000] {processor.py:175} INFO - Processing /home/airflow/.local/lib/python3.7/site-packages/airflow/example_dags/example_short_circuit_operator.py took 0.068 seconds
[2024-02-27T13:34:48.896+0000] {processor.py:153} INFO - Started process (PID=836) to work on /home/airflow/.local/lib/python3.7/site-packages/airflow/example_dags/example_short_circuit_operator.py
[2024-02-27T13:34:48.897+0000] {processor.py:743} INFO - Processing file /home/airflow/.local/lib/python3.7/site-packages/airflow/example_dags/example_short_circuit_operator.py for tasks to queue
[2024-02-27T13:34:48.898+0000] {logging_mixin.py:137} INFO - [2024-02-27T13:34:48.898+0000] {dagbag.py:538} INFO - Filling up the DagBag from /home/airflow/.local/lib/python3.7/site-packages/airflow/example_dags/example_short_circuit_operator.py
[2024-02-27T13:34:48.909+0000] {processor.py:753} INFO - DAG(s) dict_keys(['example_short_circuit_operator']) retrieved from /home/airflow/.local/lib/python3.7/site-packages/airflow/example_dags/example_short_circuit_operator.py
[2024-02-27T13:34:48.928+0000] {logging_mixin.py:137} INFO - [2024-02-27T13:34:48.928+0000] {dag.py:2690} INFO - Sync 1 DAGs
[2024-02-27T13:34:48.946+0000] {logging_mixin.py:137} INFO - [2024-02-27T13:34:48.946+0000] {dag.py:3441} INFO - Setting next_dagrun for example_short_circuit_operator to 2024-02-26T13:34:48.946293+00:00, run_after=2024-02-27T13:34:48.946293+00:00
[2024-02-27T13:34:48.961+0000] {processor.py:175} INFO - Processing /home/airflow/.local/lib/python3.7/site-packages/airflow/example_dags/example_short_circuit_operator.py took 0.067 seconds
[2024-02-27T13:35:19.281+0000] {processor.py:153} INFO - Started process (PID=959) to work on /home/airflow/.local/lib/python3.7/site-packages/airflow/example_dags/example_short_circuit_operator.py
[2024-02-27T13:35:19.282+0000] {processor.py:743} INFO - Processing file /home/airflow/.local/lib/python3.7/site-packages/airflow/example_dags/example_short_circuit_operator.py for tasks to queue
[2024-02-27T13:35:19.283+0000] {logging_mixin.py:137} INFO - [2024-02-27T13:35:19.283+0000] {dagbag.py:538} INFO - Filling up the DagBag from /home/airflow/.local/lib/python3.7/site-packages/airflow/example_dags/example_short_circuit_operator.py
[2024-02-27T13:35:19.295+0000] {processor.py:753} INFO - DAG(s) dict_keys(['example_short_circuit_operator']) retrieved from /home/airflow/.local/lib/python3.7/site-packages/airflow/example_dags/example_short_circuit_operator.py
[2024-02-27T13:35:19.316+0000] {logging_mixin.py:137} INFO - [2024-02-27T13:35:19.316+0000] {dag.py:2690} INFO - Sync 1 DAGs
[2024-02-27T13:35:19.335+0000] {logging_mixin.py:137} INFO - [2024-02-27T13:35:19.335+0000] {dag.py:3441} INFO - Setting next_dagrun for example_short_circuit_operator to 2024-02-26T13:35:19.335263+00:00, run_after=2024-02-27T13:35:19.335263+00:00
[2024-02-27T13:35:19.350+0000] {processor.py:175} INFO - Processing /home/airflow/.local/lib/python3.7/site-packages/airflow/example_dags/example_short_circuit_operator.py took 0.071 seconds
[2024-02-27T13:35:49.499+0000] {processor.py:153} INFO - Started process (PID=1063) to work on /home/airflow/.local/lib/python3.7/site-packages/airflow/example_dags/example_short_circuit_operator.py
[2024-02-27T13:35:49.501+0000] {processor.py:743} INFO - Processing file /home/airflow/.local/lib/python3.7/site-packages/airflow/example_dags/example_short_circuit_operator.py for tasks to queue
[2024-02-27T13:35:49.501+0000] {logging_mixin.py:137} INFO - [2024-02-27T13:35:49.501+0000] {dagbag.py:538} INFO - Filling up the DagBag from /home/airflow/.local/lib/python3.7/site-packages/airflow/example_dags/example_short_circuit_operator.py
[2024-02-27T13:35:49.513+0000] {processor.py:753} INFO - DAG(s) dict_keys(['example_short_circuit_operator']) retrieved from /home/airflow/.local/lib/python3.7/site-packages/airflow/example_dags/example_short_circuit_operator.py
[2024-02-27T13:35:49.532+0000] {logging_mixin.py:137} INFO - [2024-02-27T13:35:49.532+0000] {dag.py:2690} INFO - Sync 1 DAGs
[2024-02-27T13:35:49.551+0000] {logging_mixin.py:137} INFO - [2024-02-27T13:35:49.551+0000] {dag.py:3441} INFO - Setting next_dagrun for example_short_circuit_operator to 2024-02-26T13:35:49.551015+00:00, run_after=2024-02-27T13:35:49.551015+00:00
[2024-02-27T13:35:49.568+0000] {processor.py:175} INFO - Processing /home/airflow/.local/lib/python3.7/site-packages/airflow/example_dags/example_short_circuit_operator.py took 0.071 seconds
[2024-02-27T13:36:19.759+0000] {processor.py:153} INFO - Started process (PID=1177) to work on /home/airflow/.local/lib/python3.7/site-packages/airflow/example_dags/example_short_circuit_operator.py
[2024-02-27T13:36:19.760+0000] {processor.py:743} INFO - Processing file /home/airflow/.local/lib/python3.7/site-packages/airflow/example_dags/example_short_circuit_operator.py for tasks to queue
[2024-02-27T13:36:19.761+0000] {logging_mixin.py:137} INFO - [2024-02-27T13:36:19.761+0000] {dagbag.py:538} INFO - Filling up the DagBag from /home/airflow/.local/lib/python3.7/site-packages/airflow/example_dags/example_short_circuit_operator.py
[2024-02-27T13:36:19.773+0000] {processor.py:753} INFO - DAG(s) dict_keys(['example_short_circuit_operator']) retrieved from /home/airflow/.local/lib/python3.7/site-packages/airflow/example_dags/example_short_circuit_operator.py
[2024-02-27T13:36:19.791+0000] {logging_mixin.py:137} INFO - [2024-02-27T13:36:19.791+0000] {dag.py:2690} INFO - Sync 1 DAGs
[2024-02-27T13:36:19.807+0000] {logging_mixin.py:137} INFO - [2024-02-27T13:36:19.807+0000] {dag.py:3441} INFO - Setting next_dagrun for example_short_circuit_operator to 2024-02-26T13:36:19.807507+00:00, run_after=2024-02-27T13:36:19.807507+00:00
[2024-02-27T13:36:19.820+0000] {processor.py:175} INFO - Processing /home/airflow/.local/lib/python3.7/site-packages/airflow/example_dags/example_short_circuit_operator.py took 0.064 seconds
[2024-02-27T13:36:50.021+0000] {processor.py:153} INFO - Started process (PID=1300) to work on /home/airflow/.local/lib/python3.7/site-packages/airflow/example_dags/example_short_circuit_operator.py
[2024-02-27T13:36:50.022+0000] {processor.py:743} INFO - Processing file /home/airflow/.local/lib/python3.7/site-packages/airflow/example_dags/example_short_circuit_operator.py for tasks to queue
[2024-02-27T13:36:50.023+0000] {logging_mixin.py:137} INFO - [2024-02-27T13:36:50.023+0000] {dagbag.py:538} INFO - Filling up the DagBag from /home/airflow/.local/lib/python3.7/site-packages/airflow/example_dags/example_short_circuit_operator.py
[2024-02-27T13:36:50.034+0000] {processor.py:753} INFO - DAG(s) dict_keys(['example_short_circuit_operator']) retrieved from /home/airflow/.local/lib/python3.7/site-packages/airflow/example_dags/example_short_circuit_operator.py
[2024-02-27T13:36:50.053+0000] {logging_mixin.py:137} INFO - [2024-02-27T13:36:50.053+0000] {dag.py:2690} INFO - Sync 1 DAGs
[2024-02-27T13:36:50.071+0000] {logging_mixin.py:137} INFO - [2024-02-27T13:36:50.071+0000] {dag.py:3441} INFO - Setting next_dagrun for example_short_circuit_operator to 2024-02-26T13:36:50.071204+00:00, run_after=2024-02-27T13:36:50.071204+00:00
[2024-02-27T13:36:50.087+0000] {processor.py:175} INFO - Processing /home/airflow/.local/lib/python3.7/site-packages/airflow/example_dags/example_short_circuit_operator.py took 0.069 seconds
[2024-02-27T13:37:20.211+0000] {processor.py:153} INFO - Started process (PID=1395) to work on /home/airflow/.local/lib/python3.7/site-packages/airflow/example_dags/example_short_circuit_operator.py
[2024-02-27T13:37:20.213+0000] {processor.py:743} INFO - Processing file /home/airflow/.local/lib/python3.7/site-packages/airflow/example_dags/example_short_circuit_operator.py for tasks to queue
[2024-02-27T13:37:20.214+0000] {logging_mixin.py:137} INFO - [2024-02-27T13:37:20.214+0000] {dagbag.py:538} INFO - Filling up the DagBag from /home/airflow/.local/lib/python3.7/site-packages/airflow/example_dags/example_short_circuit_operator.py
[2024-02-27T13:37:20.227+0000] {processor.py:753} INFO - DAG(s) dict_keys(['example_short_circuit_operator']) retrieved from /home/airflow/.local/lib/python3.7/site-packages/airflow/example_dags/example_short_circuit_operator.py
[2024-02-27T13:37:20.248+0000] {logging_mixin.py:137} INFO - [2024-02-27T13:37:20.248+0000] {dag.py:2690} INFO - Sync 1 DAGs
[2024-02-27T13:37:20.267+0000] {logging_mixin.py:137} INFO - [2024-02-27T13:37:20.267+0000] {dag.py:3441} INFO - Setting next_dagrun for example_short_circuit_operator to 2024-02-26T13:37:20.266921+00:00, run_after=2024-02-27T13:37:20.266921+00:00
[2024-02-27T13:37:20.282+0000] {processor.py:175} INFO - Processing /home/airflow/.local/lib/python3.7/site-packages/airflow/example_dags/example_short_circuit_operator.py took 0.073 seconds
[2024-02-27T13:37:50.618+0000] {processor.py:153} INFO - Started process (PID=1520) to work on /home/airflow/.local/lib/python3.7/site-packages/airflow/example_dags/example_short_circuit_operator.py
[2024-02-27T13:37:50.619+0000] {processor.py:743} INFO - Processing file /home/airflow/.local/lib/python3.7/site-packages/airflow/example_dags/example_short_circuit_operator.py for tasks to queue
[2024-02-27T13:37:50.620+0000] {logging_mixin.py:137} INFO - [2024-02-27T13:37:50.619+0000] {dagbag.py:538} INFO - Filling up the DagBag from /home/airflow/.local/lib/python3.7/site-packages/airflow/example_dags/example_short_circuit_operator.py
[2024-02-27T13:37:50.631+0000] {processor.py:753} INFO - DAG(s) dict_keys(['example_short_circuit_operator']) retrieved from /home/airflow/.local/lib/python3.7/site-packages/airflow/example_dags/example_short_circuit_operator.py
[2024-02-27T13:37:50.650+0000] {logging_mixin.py:137} INFO - [2024-02-27T13:37:50.650+0000] {dag.py:2690} INFO - Sync 1 DAGs
[2024-02-27T13:37:50.668+0000] {logging_mixin.py:137} INFO - [2024-02-27T13:37:50.668+0000] {dag.py:3441} INFO - Setting next_dagrun for example_short_circuit_operator to 2024-02-26T13:37:50.668064+00:00, run_after=2024-02-27T13:37:50.668064+00:00
[2024-02-27T13:37:50.683+0000] {processor.py:175} INFO - Processing /home/airflow/.local/lib/python3.7/site-packages/airflow/example_dags/example_short_circuit_operator.py took 0.068 seconds
[2024-02-27T13:38:20.827+0000] {processor.py:153} INFO - Started process (PID=1615) to work on /home/airflow/.local/lib/python3.7/site-packages/airflow/example_dags/example_short_circuit_operator.py
[2024-02-27T13:38:20.828+0000] {processor.py:743} INFO - Processing file /home/airflow/.local/lib/python3.7/site-packages/airflow/example_dags/example_short_circuit_operator.py for tasks to queue
[2024-02-27T13:38:20.829+0000] {logging_mixin.py:137} INFO - [2024-02-27T13:38:20.829+0000] {dagbag.py:538} INFO - Filling up the DagBag from /home/airflow/.local/lib/python3.7/site-packages/airflow/example_dags/example_short_circuit_operator.py
[2024-02-27T13:38:20.840+0000] {processor.py:753} INFO - DAG(s) dict_keys(['example_short_circuit_operator']) retrieved from /home/airflow/.local/lib/python3.7/site-packages/airflow/example_dags/example_short_circuit_operator.py
[2024-02-27T13:38:20.859+0000] {logging_mixin.py:137} INFO - [2024-02-27T13:38:20.859+0000] {dag.py:2690} INFO - Sync 1 DAGs
[2024-02-27T13:38:20.878+0000] {logging_mixin.py:137} INFO - [2024-02-27T13:38:20.878+0000] {dag.py:3441} INFO - Setting next_dagrun for example_short_circuit_operator to 2024-02-26T13:38:20.878060+00:00, run_after=2024-02-27T13:38:20.878060+00:00
[2024-02-27T13:38:20.891+0000] {processor.py:175} INFO - Processing /home/airflow/.local/lib/python3.7/site-packages/airflow/example_dags/example_short_circuit_operator.py took 0.067 seconds
[2024-02-27T13:38:51.257+0000] {processor.py:153} INFO - Started process (PID=1738) to work on /home/airflow/.local/lib/python3.7/site-packages/airflow/example_dags/example_short_circuit_operator.py
[2024-02-27T13:38:51.258+0000] {processor.py:743} INFO - Processing file /home/airflow/.local/lib/python3.7/site-packages/airflow/example_dags/example_short_circuit_operator.py for tasks to queue
[2024-02-27T13:38:51.259+0000] {logging_mixin.py:137} INFO - [2024-02-27T13:38:51.258+0000] {dagbag.py:538} INFO - Filling up the DagBag from /home/airflow/.local/lib/python3.7/site-packages/airflow/example_dags/example_short_circuit_operator.py
[2024-02-27T13:38:51.271+0000] {processor.py:753} INFO - DAG(s) dict_keys(['example_short_circuit_operator']) retrieved from /home/airflow/.local/lib/python3.7/site-packages/airflow/example_dags/example_short_circuit_operator.py
[2024-02-27T13:38:51.288+0000] {logging_mixin.py:137} INFO - [2024-02-27T13:38:51.288+0000] {dag.py:2690} INFO - Sync 1 DAGs
[2024-02-27T13:38:51.306+0000] {logging_mixin.py:137} INFO - [2024-02-27T13:38:51.306+0000] {dag.py:3441} INFO - Setting next_dagrun for example_short_circuit_operator to 2024-02-26T13:38:51.306020+00:00, run_after=2024-02-27T13:38:51.306020+00:00
[2024-02-27T13:38:51.321+0000] {processor.py:175} INFO - Processing /home/airflow/.local/lib/python3.7/site-packages/airflow/example_dags/example_short_circuit_operator.py took 0.067 seconds
[2024-02-27T13:39:22.093+0000] {processor.py:153} INFO - Started process (PID=1861) to work on /home/airflow/.local/lib/python3.7/site-packages/airflow/example_dags/example_short_circuit_operator.py
[2024-02-27T13:39:22.094+0000] {processor.py:743} INFO - Processing file /home/airflow/.local/lib/python3.7/site-packages/airflow/example_dags/example_short_circuit_operator.py for tasks to queue
[2024-02-27T13:39:22.095+0000] {logging_mixin.py:137} INFO - [2024-02-27T13:39:22.095+0000] {dagbag.py:538} INFO - Filling up the DagBag from /home/airflow/.local/lib/python3.7/site-packages/airflow/example_dags/example_short_circuit_operator.py
[2024-02-27T13:39:22.108+0000] {processor.py:753} INFO - DAG(s) dict_keys(['example_short_circuit_operator']) retrieved from /home/airflow/.local/lib/python3.7/site-packages/airflow/example_dags/example_short_circuit_operator.py
[2024-02-27T13:39:22.128+0000] {logging_mixin.py:137} INFO - [2024-02-27T13:39:22.128+0000] {dag.py:2690} INFO - Sync 1 DAGs
[2024-02-27T13:39:22.149+0000] {logging_mixin.py:137} INFO - [2024-02-27T13:39:22.149+0000] {dag.py:3441} INFO - Setting next_dagrun for example_short_circuit_operator to 2024-02-26T13:39:22.149076+00:00, run_after=2024-02-27T13:39:22.149076+00:00
[2024-02-27T13:39:22.166+0000] {processor.py:175} INFO - Processing /home/airflow/.local/lib/python3.7/site-packages/airflow/example_dags/example_short_circuit_operator.py took 0.076 seconds
[2024-02-27T13:39:52.873+0000] {processor.py:153} INFO - Started process (PID=1956) to work on /home/airflow/.local/lib/python3.7/site-packages/airflow/example_dags/example_short_circuit_operator.py
[2024-02-27T13:39:52.874+0000] {processor.py:743} INFO - Processing file /home/airflow/.local/lib/python3.7/site-packages/airflow/example_dags/example_short_circuit_operator.py for tasks to queue
[2024-02-27T13:39:52.875+0000] {logging_mixin.py:137} INFO - [2024-02-27T13:39:52.875+0000] {dagbag.py:538} INFO - Filling up the DagBag from /home/airflow/.local/lib/python3.7/site-packages/airflow/example_dags/example_short_circuit_operator.py
[2024-02-27T13:39:52.886+0000] {processor.py:753} INFO - DAG(s) dict_keys(['example_short_circuit_operator']) retrieved from /home/airflow/.local/lib/python3.7/site-packages/airflow/example_dags/example_short_circuit_operator.py
[2024-02-27T13:39:52.906+0000] {logging_mixin.py:137} INFO - [2024-02-27T13:39:52.906+0000] {dag.py:2690} INFO - Sync 1 DAGs
[2024-02-27T13:39:52.923+0000] {logging_mixin.py:137} INFO - [2024-02-27T13:39:52.923+0000] {dag.py:3441} INFO - Setting next_dagrun for example_short_circuit_operator to 2024-02-26T13:39:52.923437+00:00, run_after=2024-02-27T13:39:52.923437+00:00
[2024-02-27T13:39:52.938+0000] {processor.py:175} INFO - Processing /home/airflow/.local/lib/python3.7/site-packages/airflow/example_dags/example_short_circuit_operator.py took 0.068 seconds
[2024-02-27T13:40:23.208+0000] {processor.py:153} INFO - Started process (PID=2080) to work on /home/airflow/.local/lib/python3.7/site-packages/airflow/example_dags/example_short_circuit_operator.py
[2024-02-27T13:40:23.209+0000] {processor.py:743} INFO - Processing file /home/airflow/.local/lib/python3.7/site-packages/airflow/example_dags/example_short_circuit_operator.py for tasks to queue
[2024-02-27T13:40:23.210+0000] {logging_mixin.py:137} INFO - [2024-02-27T13:40:23.210+0000] {dagbag.py:538} INFO - Filling up the DagBag from /home/airflow/.local/lib/python3.7/site-packages/airflow/example_dags/example_short_circuit_operator.py
[2024-02-27T13:40:23.222+0000] {processor.py:753} INFO - DAG(s) dict_keys(['example_short_circuit_operator']) retrieved from /home/airflow/.local/lib/python3.7/site-packages/airflow/example_dags/example_short_circuit_operator.py
[2024-02-27T13:40:23.240+0000] {logging_mixin.py:137} INFO - [2024-02-27T13:40:23.240+0000] {dag.py:2690} INFO - Sync 1 DAGs
[2024-02-27T13:40:23.256+0000] {logging_mixin.py:137} INFO - [2024-02-27T13:40:23.256+0000] {dag.py:3441} INFO - Setting next_dagrun for example_short_circuit_operator to 2024-02-26T13:40:23.256593+00:00, run_after=2024-02-27T13:40:23.256593+00:00
[2024-02-27T13:40:23.271+0000] {processor.py:175} INFO - Processing /home/airflow/.local/lib/python3.7/site-packages/airflow/example_dags/example_short_circuit_operator.py took 0.065 seconds
[2024-02-27T13:40:53.927+0000] {processor.py:153} INFO - Started process (PID=2175) to work on /home/airflow/.local/lib/python3.7/site-packages/airflow/example_dags/example_short_circuit_operator.py
[2024-02-27T13:40:53.928+0000] {processor.py:743} INFO - Processing file /home/airflow/.local/lib/python3.7/site-packages/airflow/example_dags/example_short_circuit_operator.py for tasks to queue
[2024-02-27T13:40:53.929+0000] {logging_mixin.py:137} INFO - [2024-02-27T13:40:53.929+0000] {dagbag.py:538} INFO - Filling up the DagBag from /home/airflow/.local/lib/python3.7/site-packages/airflow/example_dags/example_short_circuit_operator.py
[2024-02-27T13:40:53.944+0000] {processor.py:753} INFO - DAG(s) dict_keys(['example_short_circuit_operator']) retrieved from /home/airflow/.local/lib/python3.7/site-packages/airflow/example_dags/example_short_circuit_operator.py
[2024-02-27T13:40:53.965+0000] {logging_mixin.py:137} INFO - [2024-02-27T13:40:53.965+0000] {dag.py:2690} INFO - Sync 1 DAGs
[2024-02-27T13:40:53.984+0000] {logging_mixin.py:137} INFO - [2024-02-27T13:40:53.984+0000] {dag.py:3441} INFO - Setting next_dagrun for example_short_circuit_operator to 2024-02-26T13:40:53.983914+00:00, run_after=2024-02-27T13:40:53.983914+00:00
[2024-02-27T13:40:54.000+0000] {processor.py:175} INFO - Processing /home/airflow/.local/lib/python3.7/site-packages/airflow/example_dags/example_short_circuit_operator.py took 0.075 seconds
[2024-02-27T13:41:24.591+0000] {processor.py:153} INFO - Started process (PID=2298) to work on /home/airflow/.local/lib/python3.7/site-packages/airflow/example_dags/example_short_circuit_operator.py
[2024-02-27T13:41:24.592+0000] {processor.py:743} INFO - Processing file /home/airflow/.local/lib/python3.7/site-packages/airflow/example_dags/example_short_circuit_operator.py for tasks to queue
[2024-02-27T13:41:24.593+0000] {logging_mixin.py:137} INFO - [2024-02-27T13:41:24.593+0000] {dagbag.py:538} INFO - Filling up the DagBag from /home/airflow/.local/lib/python3.7/site-packages/airflow/example_dags/example_short_circuit_operator.py
[2024-02-27T13:41:24.604+0000] {processor.py:753} INFO - DAG(s) dict_keys(['example_short_circuit_operator']) retrieved from /home/airflow/.local/lib/python3.7/site-packages/airflow/example_dags/example_short_circuit_operator.py
[2024-02-27T13:41:24.623+0000] {logging_mixin.py:137} INFO - [2024-02-27T13:41:24.623+0000] {dag.py:2690} INFO - Sync 1 DAGs
[2024-02-27T13:41:24.642+0000] {logging_mixin.py:137} INFO - [2024-02-27T13:41:24.642+0000] {dag.py:3441} INFO - Setting next_dagrun for example_short_circuit_operator to 2024-02-26T13:41:24.641874+00:00, run_after=2024-02-27T13:41:24.641874+00:00
[2024-02-27T13:41:24.659+0000] {processor.py:175} INFO - Processing /home/airflow/.local/lib/python3.7/site-packages/airflow/example_dags/example_short_circuit_operator.py took 0.071 seconds
