[2024-02-27T13:31:15.323+0000] {processor.py:153} INFO - Started process (PID=57) to work on /home/airflow/.local/lib/python3.7/site-packages/airflow/example_dags/example_branch_operator_decorator.py
[2024-02-27T13:31:15.324+0000] {processor.py:743} INFO - Processing file /home/airflow/.local/lib/python3.7/site-packages/airflow/example_dags/example_branch_operator_decorator.py for tasks to queue
[2024-02-27T13:31:15.326+0000] {logging_mixin.py:137} INFO - [2024-02-27T13:31:15.325+0000] {dagbag.py:538} INFO - Filling up the DagBag from /home/airflow/.local/lib/python3.7/site-packages/airflow/example_dags/example_branch_operator_decorator.py
[2024-02-27T13:31:15.347+0000] {processor.py:753} INFO - DAG(s) dict_keys(['example_branch_python_operator_decorator']) retrieved from /home/airflow/.local/lib/python3.7/site-packages/airflow/example_dags/example_branch_operator_decorator.py
[2024-02-27T13:31:15.435+0000] {logging_mixin.py:137} INFO - [2024-02-27T13:31:15.435+0000] {manager.py:504} INFO - Created Permission View: can edit on DAG:example_branch_python_operator_decorator
[2024-02-27T13:31:15.444+0000] {logging_mixin.py:137} INFO - [2024-02-27T13:31:15.444+0000] {manager.py:504} INFO - Created Permission View: can delete on DAG:example_branch_python_operator_decorator
[2024-02-27T13:31:15.451+0000] {logging_mixin.py:137} INFO - [2024-02-27T13:31:15.451+0000] {manager.py:504} INFO - Created Permission View: can read on DAG:example_branch_python_operator_decorator
[2024-02-27T13:31:15.452+0000] {logging_mixin.py:137} INFO - [2024-02-27T13:31:15.452+0000] {dag.py:2690} INFO - Sync 1 DAGs
[2024-02-27T13:31:15.462+0000] {logging_mixin.py:137} INFO - [2024-02-27T13:31:15.462+0000] {dag.py:2711} INFO - Creating ORM DAG for example_branch_python_operator_decorator
[2024-02-27T13:31:15.473+0000] {logging_mixin.py:137} INFO - [2024-02-27T13:31:15.473+0000] {dag.py:3441} INFO - Setting next_dagrun for example_branch_python_operator_decorator to 2024-02-26T00:00:00+00:00, run_after=2024-02-27T00:00:00+00:00
[2024-02-27T13:31:15.492+0000] {processor.py:175} INFO - Processing /home/airflow/.local/lib/python3.7/site-packages/airflow/example_dags/example_branch_operator_decorator.py took 0.172 seconds
[2024-02-27T13:31:46.112+0000] {processor.py:153} INFO - Started process (PID=180) to work on /home/airflow/.local/lib/python3.7/site-packages/airflow/example_dags/example_branch_operator_decorator.py
[2024-02-27T13:31:46.113+0000] {processor.py:743} INFO - Processing file /home/airflow/.local/lib/python3.7/site-packages/airflow/example_dags/example_branch_operator_decorator.py for tasks to queue
[2024-02-27T13:31:46.114+0000] {logging_mixin.py:137} INFO - [2024-02-27T13:31:46.114+0000] {dagbag.py:538} INFO - Filling up the DagBag from /home/airflow/.local/lib/python3.7/site-packages/airflow/example_dags/example_branch_operator_decorator.py
[2024-02-27T13:31:46.135+0000] {processor.py:753} INFO - DAG(s) dict_keys(['example_branch_python_operator_decorator']) retrieved from /home/airflow/.local/lib/python3.7/site-packages/airflow/example_dags/example_branch_operator_decorator.py
[2024-02-27T13:31:46.158+0000] {logging_mixin.py:137} INFO - [2024-02-27T13:31:46.158+0000] {dag.py:2690} INFO - Sync 1 DAGs
[2024-02-27T13:31:46.185+0000] {logging_mixin.py:137} INFO - [2024-02-27T13:31:46.185+0000] {dag.py:3441} INFO - Setting next_dagrun for example_branch_python_operator_decorator to 2024-02-26T00:00:00+00:00, run_after=2024-02-27T00:00:00+00:00
[2024-02-27T13:31:46.209+0000] {processor.py:175} INFO - Processing /home/airflow/.local/lib/python3.7/site-packages/airflow/example_dags/example_branch_operator_decorator.py took 0.100 seconds
[2024-02-27T13:32:16.662+0000] {processor.py:153} INFO - Started process (PID=275) to work on /home/airflow/.local/lib/python3.7/site-packages/airflow/example_dags/example_branch_operator_decorator.py
[2024-02-27T13:32:16.664+0000] {processor.py:743} INFO - Processing file /home/airflow/.local/lib/python3.7/site-packages/airflow/example_dags/example_branch_operator_decorator.py for tasks to queue
[2024-02-27T13:32:16.665+0000] {logging_mixin.py:137} INFO - [2024-02-27T13:32:16.664+0000] {dagbag.py:538} INFO - Filling up the DagBag from /home/airflow/.local/lib/python3.7/site-packages/airflow/example_dags/example_branch_operator_decorator.py
[2024-02-27T13:32:16.687+0000] {processor.py:753} INFO - DAG(s) dict_keys(['example_branch_python_operator_decorator']) retrieved from /home/airflow/.local/lib/python3.7/site-packages/airflow/example_dags/example_branch_operator_decorator.py
[2024-02-27T13:32:16.709+0000] {logging_mixin.py:137} INFO - [2024-02-27T13:32:16.709+0000] {dag.py:2690} INFO - Sync 1 DAGs
[2024-02-27T13:32:16.730+0000] {logging_mixin.py:137} INFO - [2024-02-27T13:32:16.730+0000] {dag.py:3441} INFO - Setting next_dagrun for example_branch_python_operator_decorator to 2024-02-26T00:00:00+00:00, run_after=2024-02-27T00:00:00+00:00
[2024-02-27T13:32:16.749+0000] {processor.py:175} INFO - Processing /home/airflow/.local/lib/python3.7/site-packages/airflow/example_dags/example_branch_operator_decorator.py took 0.089 seconds
[2024-02-27T13:32:47.138+0000] {processor.py:153} INFO - Started process (PID=397) to work on /home/airflow/.local/lib/python3.7/site-packages/airflow/example_dags/example_branch_operator_decorator.py
[2024-02-27T13:32:47.139+0000] {processor.py:743} INFO - Processing file /home/airflow/.local/lib/python3.7/site-packages/airflow/example_dags/example_branch_operator_decorator.py for tasks to queue
[2024-02-27T13:32:47.140+0000] {logging_mixin.py:137} INFO - [2024-02-27T13:32:47.140+0000] {dagbag.py:538} INFO - Filling up the DagBag from /home/airflow/.local/lib/python3.7/site-packages/airflow/example_dags/example_branch_operator_decorator.py
[2024-02-27T13:32:47.157+0000] {processor.py:753} INFO - DAG(s) dict_keys(['example_branch_python_operator_decorator']) retrieved from /home/airflow/.local/lib/python3.7/site-packages/airflow/example_dags/example_branch_operator_decorator.py
[2024-02-27T13:32:47.176+0000] {logging_mixin.py:137} INFO - [2024-02-27T13:32:47.175+0000] {dag.py:2690} INFO - Sync 1 DAGs
[2024-02-27T13:32:47.193+0000] {logging_mixin.py:137} INFO - [2024-02-27T13:32:47.193+0000] {dag.py:3441} INFO - Setting next_dagrun for example_branch_python_operator_decorator to 2024-02-26T00:00:00+00:00, run_after=2024-02-27T00:00:00+00:00
[2024-02-27T13:32:47.208+0000] {processor.py:175} INFO - Processing /home/airflow/.local/lib/python3.7/site-packages/airflow/example_dags/example_branch_operator_decorator.py took 0.073 seconds
[2024-02-27T13:33:17.639+0000] {processor.py:153} INFO - Started process (PID=520) to work on /home/airflow/.local/lib/python3.7/site-packages/airflow/example_dags/example_branch_operator_decorator.py
[2024-02-27T13:33:17.640+0000] {processor.py:743} INFO - Processing file /home/airflow/.local/lib/python3.7/site-packages/airflow/example_dags/example_branch_operator_decorator.py for tasks to queue
[2024-02-27T13:33:17.641+0000] {logging_mixin.py:137} INFO - [2024-02-27T13:33:17.641+0000] {dagbag.py:538} INFO - Filling up the DagBag from /home/airflow/.local/lib/python3.7/site-packages/airflow/example_dags/example_branch_operator_decorator.py
[2024-02-27T13:33:17.661+0000] {processor.py:753} INFO - DAG(s) dict_keys(['example_branch_python_operator_decorator']) retrieved from /home/airflow/.local/lib/python3.7/site-packages/airflow/example_dags/example_branch_operator_decorator.py
[2024-02-27T13:33:17.682+0000] {logging_mixin.py:137} INFO - [2024-02-27T13:33:17.681+0000] {dag.py:2690} INFO - Sync 1 DAGs
[2024-02-27T13:33:17.702+0000] {logging_mixin.py:137} INFO - [2024-02-27T13:33:17.702+0000] {dag.py:3441} INFO - Setting next_dagrun for example_branch_python_operator_decorator to 2024-02-26T00:00:00+00:00, run_after=2024-02-27T00:00:00+00:00
[2024-02-27T13:33:17.718+0000] {processor.py:175} INFO - Processing /home/airflow/.local/lib/python3.7/site-packages/airflow/example_dags/example_branch_operator_decorator.py took 0.081 seconds
[2024-02-27T13:33:47.921+0000] {processor.py:153} INFO - Started process (PID=614) to work on /home/airflow/.local/lib/python3.7/site-packages/airflow/example_dags/example_branch_operator_decorator.py
[2024-02-27T13:33:47.922+0000] {processor.py:743} INFO - Processing file /home/airflow/.local/lib/python3.7/site-packages/airflow/example_dags/example_branch_operator_decorator.py for tasks to queue
[2024-02-27T13:33:47.923+0000] {logging_mixin.py:137} INFO - [2024-02-27T13:33:47.923+0000] {dagbag.py:538} INFO - Filling up the DagBag from /home/airflow/.local/lib/python3.7/site-packages/airflow/example_dags/example_branch_operator_decorator.py
[2024-02-27T13:33:47.939+0000] {processor.py:753} INFO - DAG(s) dict_keys(['example_branch_python_operator_decorator']) retrieved from /home/airflow/.local/lib/python3.7/site-packages/airflow/example_dags/example_branch_operator_decorator.py
[2024-02-27T13:33:47.957+0000] {logging_mixin.py:137} INFO - [2024-02-27T13:33:47.957+0000] {dag.py:2690} INFO - Sync 1 DAGs
[2024-02-27T13:33:47.975+0000] {logging_mixin.py:137} INFO - [2024-02-27T13:33:47.975+0000] {dag.py:3441} INFO - Setting next_dagrun for example_branch_python_operator_decorator to 2024-02-26T00:00:00+00:00, run_after=2024-02-27T00:00:00+00:00
[2024-02-27T13:33:47.990+0000] {processor.py:175} INFO - Processing /home/airflow/.local/lib/python3.7/site-packages/airflow/example_dags/example_branch_operator_decorator.py took 0.071 seconds
[2024-02-27T13:34:18.198+0000] {processor.py:153} INFO - Started process (PID=737) to work on /home/airflow/.local/lib/python3.7/site-packages/airflow/example_dags/example_branch_operator_decorator.py
[2024-02-27T13:34:18.198+0000] {processor.py:743} INFO - Processing file /home/airflow/.local/lib/python3.7/site-packages/airflow/example_dags/example_branch_operator_decorator.py for tasks to queue
[2024-02-27T13:34:18.199+0000] {logging_mixin.py:137} INFO - [2024-02-27T13:34:18.199+0000] {dagbag.py:538} INFO - Filling up the DagBag from /home/airflow/.local/lib/python3.7/site-packages/airflow/example_dags/example_branch_operator_decorator.py
[2024-02-27T13:34:18.217+0000] {processor.py:753} INFO - DAG(s) dict_keys(['example_branch_python_operator_decorator']) retrieved from /home/airflow/.local/lib/python3.7/site-packages/airflow/example_dags/example_branch_operator_decorator.py
[2024-02-27T13:34:18.237+0000] {logging_mixin.py:137} INFO - [2024-02-27T13:34:18.237+0000] {dag.py:2690} INFO - Sync 1 DAGs
[2024-02-27T13:34:18.256+0000] {logging_mixin.py:137} INFO - [2024-02-27T13:34:18.255+0000] {dag.py:3441} INFO - Setting next_dagrun for example_branch_python_operator_decorator to 2024-02-26T00:00:00+00:00, run_after=2024-02-27T00:00:00+00:00
[2024-02-27T13:34:18.271+0000] {processor.py:175} INFO - Processing /home/airflow/.local/lib/python3.7/site-packages/airflow/example_dags/example_branch_operator_decorator.py took 0.076 seconds
[2024-02-27T13:34:48.687+0000] {processor.py:153} INFO - Started process (PID=833) to work on /home/airflow/.local/lib/python3.7/site-packages/airflow/example_dags/example_branch_operator_decorator.py
[2024-02-27T13:34:48.689+0000] {processor.py:743} INFO - Processing file /home/airflow/.local/lib/python3.7/site-packages/airflow/example_dags/example_branch_operator_decorator.py for tasks to queue
[2024-02-27T13:34:48.690+0000] {logging_mixin.py:137} INFO - [2024-02-27T13:34:48.690+0000] {dagbag.py:538} INFO - Filling up the DagBag from /home/airflow/.local/lib/python3.7/site-packages/airflow/example_dags/example_branch_operator_decorator.py
[2024-02-27T13:34:48.708+0000] {processor.py:753} INFO - DAG(s) dict_keys(['example_branch_python_operator_decorator']) retrieved from /home/airflow/.local/lib/python3.7/site-packages/airflow/example_dags/example_branch_operator_decorator.py
[2024-02-27T13:34:48.729+0000] {logging_mixin.py:137} INFO - [2024-02-27T13:34:48.728+0000] {dag.py:2690} INFO - Sync 1 DAGs
[2024-02-27T13:34:48.748+0000] {logging_mixin.py:137} INFO - [2024-02-27T13:34:48.748+0000] {dag.py:3441} INFO - Setting next_dagrun for example_branch_python_operator_decorator to 2024-02-26T00:00:00+00:00, run_after=2024-02-27T00:00:00+00:00
[2024-02-27T13:34:48.763+0000] {processor.py:175} INFO - Processing /home/airflow/.local/lib/python3.7/site-packages/airflow/example_dags/example_branch_operator_decorator.py took 0.078 seconds
[2024-02-27T13:35:19.121+0000] {processor.py:153} INFO - Started process (PID=956) to work on /home/airflow/.local/lib/python3.7/site-packages/airflow/example_dags/example_branch_operator_decorator.py
[2024-02-27T13:35:19.122+0000] {processor.py:743} INFO - Processing file /home/airflow/.local/lib/python3.7/site-packages/airflow/example_dags/example_branch_operator_decorator.py for tasks to queue
[2024-02-27T13:35:19.123+0000] {logging_mixin.py:137} INFO - [2024-02-27T13:35:19.123+0000] {dagbag.py:538} INFO - Filling up the DagBag from /home/airflow/.local/lib/python3.7/site-packages/airflow/example_dags/example_branch_operator_decorator.py
[2024-02-27T13:35:19.141+0000] {processor.py:753} INFO - DAG(s) dict_keys(['example_branch_python_operator_decorator']) retrieved from /home/airflow/.local/lib/python3.7/site-packages/airflow/example_dags/example_branch_operator_decorator.py
[2024-02-27T13:35:19.160+0000] {logging_mixin.py:137} INFO - [2024-02-27T13:35:19.160+0000] {dag.py:2690} INFO - Sync 1 DAGs
[2024-02-27T13:35:19.178+0000] {logging_mixin.py:137} INFO - [2024-02-27T13:35:19.178+0000] {dag.py:3441} INFO - Setting next_dagrun for example_branch_python_operator_decorator to 2024-02-26T00:00:00+00:00, run_after=2024-02-27T00:00:00+00:00
[2024-02-27T13:35:19.193+0000] {processor.py:175} INFO - Processing /home/airflow/.local/lib/python3.7/site-packages/airflow/example_dags/example_branch_operator_decorator.py took 0.075 seconds
[2024-02-27T13:35:49.314+0000] {processor.py:153} INFO - Started process (PID=1060) to work on /home/airflow/.local/lib/python3.7/site-packages/airflow/example_dags/example_branch_operator_decorator.py
[2024-02-27T13:35:49.315+0000] {processor.py:743} INFO - Processing file /home/airflow/.local/lib/python3.7/site-packages/airflow/example_dags/example_branch_operator_decorator.py for tasks to queue
[2024-02-27T13:35:49.316+0000] {logging_mixin.py:137} INFO - [2024-02-27T13:35:49.315+0000] {dagbag.py:538} INFO - Filling up the DagBag from /home/airflow/.local/lib/python3.7/site-packages/airflow/example_dags/example_branch_operator_decorator.py
[2024-02-27T13:35:49.337+0000] {processor.py:753} INFO - DAG(s) dict_keys(['example_branch_python_operator_decorator']) retrieved from /home/airflow/.local/lib/python3.7/site-packages/airflow/example_dags/example_branch_operator_decorator.py
[2024-02-27T13:35:49.358+0000] {logging_mixin.py:137} INFO - [2024-02-27T13:35:49.358+0000] {dag.py:2690} INFO - Sync 1 DAGs
[2024-02-27T13:35:49.381+0000] {logging_mixin.py:137} INFO - [2024-02-27T13:35:49.381+0000] {dag.py:3441} INFO - Setting next_dagrun for example_branch_python_operator_decorator to 2024-02-26T00:00:00+00:00, run_after=2024-02-27T00:00:00+00:00
[2024-02-27T13:35:49.398+0000] {processor.py:175} INFO - Processing /home/airflow/.local/lib/python3.7/site-packages/airflow/example_dags/example_branch_operator_decorator.py took 0.087 seconds
[2024-02-27T13:36:19.554+0000] {processor.py:153} INFO - Started process (PID=1174) to work on /home/airflow/.local/lib/python3.7/site-packages/airflow/example_dags/example_branch_operator_decorator.py
[2024-02-27T13:36:19.555+0000] {processor.py:743} INFO - Processing file /home/airflow/.local/lib/python3.7/site-packages/airflow/example_dags/example_branch_operator_decorator.py for tasks to queue
[2024-02-27T13:36:19.556+0000] {logging_mixin.py:137} INFO - [2024-02-27T13:36:19.556+0000] {dagbag.py:538} INFO - Filling up the DagBag from /home/airflow/.local/lib/python3.7/site-packages/airflow/example_dags/example_branch_operator_decorator.py
[2024-02-27T13:36:19.573+0000] {processor.py:753} INFO - DAG(s) dict_keys(['example_branch_python_operator_decorator']) retrieved from /home/airflow/.local/lib/python3.7/site-packages/airflow/example_dags/example_branch_operator_decorator.py
[2024-02-27T13:36:19.593+0000] {logging_mixin.py:137} INFO - [2024-02-27T13:36:19.593+0000] {dag.py:2690} INFO - Sync 1 DAGs
[2024-02-27T13:36:19.611+0000] {logging_mixin.py:137} INFO - [2024-02-27T13:36:19.611+0000] {dag.py:3441} INFO - Setting next_dagrun for example_branch_python_operator_decorator to 2024-02-26T00:00:00+00:00, run_after=2024-02-27T00:00:00+00:00
[2024-02-27T13:36:19.624+0000] {processor.py:175} INFO - Processing /home/airflow/.local/lib/python3.7/site-packages/airflow/example_dags/example_branch_operator_decorator.py took 0.072 seconds
[2024-02-27T13:36:49.905+0000] {processor.py:153} INFO - Started process (PID=1297) to work on /home/airflow/.local/lib/python3.7/site-packages/airflow/example_dags/example_branch_operator_decorator.py
[2024-02-27T13:36:49.906+0000] {processor.py:743} INFO - Processing file /home/airflow/.local/lib/python3.7/site-packages/airflow/example_dags/example_branch_operator_decorator.py for tasks to queue
[2024-02-27T13:36:49.907+0000] {logging_mixin.py:137} INFO - [2024-02-27T13:36:49.907+0000] {dagbag.py:538} INFO - Filling up the DagBag from /home/airflow/.local/lib/python3.7/site-packages/airflow/example_dags/example_branch_operator_decorator.py
[2024-02-27T13:36:49.925+0000] {processor.py:753} INFO - DAG(s) dict_keys(['example_branch_python_operator_decorator']) retrieved from /home/airflow/.local/lib/python3.7/site-packages/airflow/example_dags/example_branch_operator_decorator.py
[2024-02-27T13:36:49.942+0000] {logging_mixin.py:137} INFO - [2024-02-27T13:36:49.942+0000] {dag.py:2690} INFO - Sync 1 DAGs
[2024-02-27T13:36:49.962+0000] {logging_mixin.py:137} INFO - [2024-02-27T13:36:49.962+0000] {dag.py:3441} INFO - Setting next_dagrun for example_branch_python_operator_decorator to 2024-02-26T00:00:00+00:00, run_after=2024-02-27T00:00:00+00:00
[2024-02-27T13:36:49.977+0000] {processor.py:175} INFO - Processing /home/airflow/.local/lib/python3.7/site-packages/airflow/example_dags/example_branch_operator_decorator.py took 0.074 seconds
[2024-02-27T13:37:20.038+0000] {processor.py:153} INFO - Started process (PID=1392) to work on /home/airflow/.local/lib/python3.7/site-packages/airflow/example_dags/example_branch_operator_decorator.py
[2024-02-27T13:37:20.040+0000] {processor.py:743} INFO - Processing file /home/airflow/.local/lib/python3.7/site-packages/airflow/example_dags/example_branch_operator_decorator.py for tasks to queue
[2024-02-27T13:37:20.040+0000] {logging_mixin.py:137} INFO - [2024-02-27T13:37:20.040+0000] {dagbag.py:538} INFO - Filling up the DagBag from /home/airflow/.local/lib/python3.7/site-packages/airflow/example_dags/example_branch_operator_decorator.py
[2024-02-27T13:37:20.058+0000] {processor.py:753} INFO - DAG(s) dict_keys(['example_branch_python_operator_decorator']) retrieved from /home/airflow/.local/lib/python3.7/site-packages/airflow/example_dags/example_branch_operator_decorator.py
[2024-02-27T13:37:20.078+0000] {logging_mixin.py:137} INFO - [2024-02-27T13:37:20.078+0000] {dag.py:2690} INFO - Sync 1 DAGs
[2024-02-27T13:37:20.098+0000] {logging_mixin.py:137} INFO - [2024-02-27T13:37:20.097+0000] {dag.py:3441} INFO - Setting next_dagrun for example_branch_python_operator_decorator to 2024-02-26T00:00:00+00:00, run_after=2024-02-27T00:00:00+00:00
[2024-02-27T13:37:20.115+0000] {processor.py:175} INFO - Processing /home/airflow/.local/lib/python3.7/site-packages/airflow/example_dags/example_branch_operator_decorator.py took 0.079 seconds
[2024-02-27T13:37:50.455+0000] {processor.py:153} INFO - Started process (PID=1517) to work on /home/airflow/.local/lib/python3.7/site-packages/airflow/example_dags/example_branch_operator_decorator.py
[2024-02-27T13:37:50.456+0000] {processor.py:743} INFO - Processing file /home/airflow/.local/lib/python3.7/site-packages/airflow/example_dags/example_branch_operator_decorator.py for tasks to queue
[2024-02-27T13:37:50.457+0000] {logging_mixin.py:137} INFO - [2024-02-27T13:37:50.457+0000] {dagbag.py:538} INFO - Filling up the DagBag from /home/airflow/.local/lib/python3.7/site-packages/airflow/example_dags/example_branch_operator_decorator.py
[2024-02-27T13:37:50.474+0000] {processor.py:753} INFO - DAG(s) dict_keys(['example_branch_python_operator_decorator']) retrieved from /home/airflow/.local/lib/python3.7/site-packages/airflow/example_dags/example_branch_operator_decorator.py
[2024-02-27T13:37:50.492+0000] {logging_mixin.py:137} INFO - [2024-02-27T13:37:50.492+0000] {dag.py:2690} INFO - Sync 1 DAGs
[2024-02-27T13:37:50.512+0000] {logging_mixin.py:137} INFO - [2024-02-27T13:37:50.512+0000] {dag.py:3441} INFO - Setting next_dagrun for example_branch_python_operator_decorator to 2024-02-26T00:00:00+00:00, run_after=2024-02-27T00:00:00+00:00
[2024-02-27T13:37:50.527+0000] {processor.py:175} INFO - Processing /home/airflow/.local/lib/python3.7/site-packages/airflow/example_dags/example_branch_operator_decorator.py took 0.074 seconds
[2024-02-27T13:38:20.662+0000] {processor.py:153} INFO - Started process (PID=1612) to work on /home/airflow/.local/lib/python3.7/site-packages/airflow/example_dags/example_branch_operator_decorator.py
[2024-02-27T13:38:20.663+0000] {processor.py:743} INFO - Processing file /home/airflow/.local/lib/python3.7/site-packages/airflow/example_dags/example_branch_operator_decorator.py for tasks to queue
[2024-02-27T13:38:20.664+0000] {logging_mixin.py:137} INFO - [2024-02-27T13:38:20.663+0000] {dagbag.py:538} INFO - Filling up the DagBag from /home/airflow/.local/lib/python3.7/site-packages/airflow/example_dags/example_branch_operator_decorator.py
[2024-02-27T13:38:20.681+0000] {processor.py:753} INFO - DAG(s) dict_keys(['example_branch_python_operator_decorator']) retrieved from /home/airflow/.local/lib/python3.7/site-packages/airflow/example_dags/example_branch_operator_decorator.py
[2024-02-27T13:38:20.700+0000] {logging_mixin.py:137} INFO - [2024-02-27T13:38:20.700+0000] {dag.py:2690} INFO - Sync 1 DAGs
[2024-02-27T13:38:20.720+0000] {logging_mixin.py:137} INFO - [2024-02-27T13:38:20.719+0000] {dag.py:3441} INFO - Setting next_dagrun for example_branch_python_operator_decorator to 2024-02-26T00:00:00+00:00, run_after=2024-02-27T00:00:00+00:00
[2024-02-27T13:38:20.734+0000] {processor.py:175} INFO - Processing /home/airflow/.local/lib/python3.7/site-packages/airflow/example_dags/example_branch_operator_decorator.py took 0.075 seconds
[2024-02-27T13:38:51.096+0000] {processor.py:153} INFO - Started process (PID=1735) to work on /home/airflow/.local/lib/python3.7/site-packages/airflow/example_dags/example_branch_operator_decorator.py
[2024-02-27T13:38:51.097+0000] {processor.py:743} INFO - Processing file /home/airflow/.local/lib/python3.7/site-packages/airflow/example_dags/example_branch_operator_decorator.py for tasks to queue
[2024-02-27T13:38:51.097+0000] {logging_mixin.py:137} INFO - [2024-02-27T13:38:51.097+0000] {dagbag.py:538} INFO - Filling up the DagBag from /home/airflow/.local/lib/python3.7/site-packages/airflow/example_dags/example_branch_operator_decorator.py
[2024-02-27T13:38:51.114+0000] {processor.py:753} INFO - DAG(s) dict_keys(['example_branch_python_operator_decorator']) retrieved from /home/airflow/.local/lib/python3.7/site-packages/airflow/example_dags/example_branch_operator_decorator.py
[2024-02-27T13:38:51.132+0000] {logging_mixin.py:137} INFO - [2024-02-27T13:38:51.132+0000] {dag.py:2690} INFO - Sync 1 DAGs
[2024-02-27T13:38:51.150+0000] {logging_mixin.py:137} INFO - [2024-02-27T13:38:51.149+0000] {dag.py:3441} INFO - Setting next_dagrun for example_branch_python_operator_decorator to 2024-02-26T00:00:00+00:00, run_after=2024-02-27T00:00:00+00:00
[2024-02-27T13:38:51.165+0000] {processor.py:175} INFO - Processing /home/airflow/.local/lib/python3.7/site-packages/airflow/example_dags/example_branch_operator_decorator.py took 0.072 seconds
[2024-02-27T13:39:21.654+0000] {processor.py:153} INFO - Started process (PID=1839) to work on /home/airflow/.local/lib/python3.7/site-packages/airflow/example_dags/example_branch_operator_decorator.py
[2024-02-27T13:39:21.655+0000] {processor.py:743} INFO - Processing file /home/airflow/.local/lib/python3.7/site-packages/airflow/example_dags/example_branch_operator_decorator.py for tasks to queue
[2024-02-27T13:39:21.656+0000] {logging_mixin.py:137} INFO - [2024-02-27T13:39:21.656+0000] {dagbag.py:538} INFO - Filling up the DagBag from /home/airflow/.local/lib/python3.7/site-packages/airflow/example_dags/example_branch_operator_decorator.py
[2024-02-27T13:39:21.683+0000] {processor.py:753} INFO - DAG(s) dict_keys(['example_branch_python_operator_decorator']) retrieved from /home/airflow/.local/lib/python3.7/site-packages/airflow/example_dags/example_branch_operator_decorator.py
[2024-02-27T13:39:21.722+0000] {logging_mixin.py:137} INFO - [2024-02-27T13:39:21.722+0000] {dag.py:2690} INFO - Sync 1 DAGs
[2024-02-27T13:39:21.750+0000] {logging_mixin.py:137} INFO - [2024-02-27T13:39:21.750+0000] {dag.py:3441} INFO - Setting next_dagrun for example_branch_python_operator_decorator to 2024-02-26T00:00:00+00:00, run_after=2024-02-27T00:00:00+00:00
[2024-02-27T13:39:21.821+0000] {processor.py:175} INFO - Processing /home/airflow/.local/lib/python3.7/site-packages/airflow/example_dags/example_branch_operator_decorator.py took 0.170 seconds
[2024-02-27T13:39:52.765+0000] {processor.py:153} INFO - Started process (PID=1953) to work on /home/airflow/.local/lib/python3.7/site-packages/airflow/example_dags/example_branch_operator_decorator.py
[2024-02-27T13:39:52.767+0000] {processor.py:743} INFO - Processing file /home/airflow/.local/lib/python3.7/site-packages/airflow/example_dags/example_branch_operator_decorator.py for tasks to queue
[2024-02-27T13:39:52.768+0000] {logging_mixin.py:137} INFO - [2024-02-27T13:39:52.768+0000] {dagbag.py:538} INFO - Filling up the DagBag from /home/airflow/.local/lib/python3.7/site-packages/airflow/example_dags/example_branch_operator_decorator.py
[2024-02-27T13:39:52.785+0000] {processor.py:753} INFO - DAG(s) dict_keys(['example_branch_python_operator_decorator']) retrieved from /home/airflow/.local/lib/python3.7/site-packages/airflow/example_dags/example_branch_operator_decorator.py
[2024-02-27T13:39:52.806+0000] {logging_mixin.py:137} INFO - [2024-02-27T13:39:52.806+0000] {dag.py:2690} INFO - Sync 1 DAGs
[2024-02-27T13:39:52.824+0000] {logging_mixin.py:137} INFO - [2024-02-27T13:39:52.824+0000] {dag.py:3441} INFO - Setting next_dagrun for example_branch_python_operator_decorator to 2024-02-26T00:00:00+00:00, run_after=2024-02-27T00:00:00+00:00
[2024-02-27T13:39:52.840+0000] {processor.py:175} INFO - Processing /home/airflow/.local/lib/python3.7/site-packages/airflow/example_dags/example_branch_operator_decorator.py took 0.079 seconds
[2024-02-27T13:40:23.047+0000] {processor.py:153} INFO - Started process (PID=2077) to work on /home/airflow/.local/lib/python3.7/site-packages/airflow/example_dags/example_branch_operator_decorator.py
[2024-02-27T13:40:23.048+0000] {processor.py:743} INFO - Processing file /home/airflow/.local/lib/python3.7/site-packages/airflow/example_dags/example_branch_operator_decorator.py for tasks to queue
[2024-02-27T13:40:23.049+0000] {logging_mixin.py:137} INFO - [2024-02-27T13:40:23.049+0000] {dagbag.py:538} INFO - Filling up the DagBag from /home/airflow/.local/lib/python3.7/site-packages/airflow/example_dags/example_branch_operator_decorator.py
[2024-02-27T13:40:23.065+0000] {processor.py:753} INFO - DAG(s) dict_keys(['example_branch_python_operator_decorator']) retrieved from /home/airflow/.local/lib/python3.7/site-packages/airflow/example_dags/example_branch_operator_decorator.py
[2024-02-27T13:40:23.084+0000] {logging_mixin.py:137} INFO - [2024-02-27T13:40:23.084+0000] {dag.py:2690} INFO - Sync 1 DAGs
[2024-02-27T13:40:23.102+0000] {logging_mixin.py:137} INFO - [2024-02-27T13:40:23.102+0000] {dag.py:3441} INFO - Setting next_dagrun for example_branch_python_operator_decorator to 2024-02-26T00:00:00+00:00, run_after=2024-02-27T00:00:00+00:00
[2024-02-27T13:40:23.118+0000] {processor.py:175} INFO - Processing /home/airflow/.local/lib/python3.7/site-packages/airflow/example_dags/example_branch_operator_decorator.py took 0.072 seconds
[2024-02-27T13:40:53.723+0000] {processor.py:153} INFO - Started process (PID=2172) to work on /home/airflow/.local/lib/python3.7/site-packages/airflow/example_dags/example_branch_operator_decorator.py
[2024-02-27T13:40:53.724+0000] {processor.py:743} INFO - Processing file /home/airflow/.local/lib/python3.7/site-packages/airflow/example_dags/example_branch_operator_decorator.py for tasks to queue
[2024-02-27T13:40:53.725+0000] {logging_mixin.py:137} INFO - [2024-02-27T13:40:53.725+0000] {dagbag.py:538} INFO - Filling up the DagBag from /home/airflow/.local/lib/python3.7/site-packages/airflow/example_dags/example_branch_operator_decorator.py
[2024-02-27T13:40:53.750+0000] {processor.py:753} INFO - DAG(s) dict_keys(['example_branch_python_operator_decorator']) retrieved from /home/airflow/.local/lib/python3.7/site-packages/airflow/example_dags/example_branch_operator_decorator.py
[2024-02-27T13:40:53.775+0000] {logging_mixin.py:137} INFO - [2024-02-27T13:40:53.775+0000] {dag.py:2690} INFO - Sync 1 DAGs
[2024-02-27T13:40:53.795+0000] {logging_mixin.py:137} INFO - [2024-02-27T13:40:53.795+0000] {dag.py:3441} INFO - Setting next_dagrun for example_branch_python_operator_decorator to 2024-02-26T00:00:00+00:00, run_after=2024-02-27T00:00:00+00:00
[2024-02-27T13:40:53.824+0000] {processor.py:175} INFO - Processing /home/airflow/.local/lib/python3.7/site-packages/airflow/example_dags/example_branch_operator_decorator.py took 0.103 seconds
[2024-02-27T13:41:24.473+0000] {processor.py:153} INFO - Started process (PID=2295) to work on /home/airflow/.local/lib/python3.7/site-packages/airflow/example_dags/example_branch_operator_decorator.py
[2024-02-27T13:41:24.474+0000] {processor.py:743} INFO - Processing file /home/airflow/.local/lib/python3.7/site-packages/airflow/example_dags/example_branch_operator_decorator.py for tasks to queue
[2024-02-27T13:41:24.475+0000] {logging_mixin.py:137} INFO - [2024-02-27T13:41:24.475+0000] {dagbag.py:538} INFO - Filling up the DagBag from /home/airflow/.local/lib/python3.7/site-packages/airflow/example_dags/example_branch_operator_decorator.py
[2024-02-27T13:41:24.493+0000] {processor.py:753} INFO - DAG(s) dict_keys(['example_branch_python_operator_decorator']) retrieved from /home/airflow/.local/lib/python3.7/site-packages/airflow/example_dags/example_branch_operator_decorator.py
[2024-02-27T13:41:24.513+0000] {logging_mixin.py:137} INFO - [2024-02-27T13:41:24.513+0000] {dag.py:2690} INFO - Sync 1 DAGs
[2024-02-27T13:41:24.532+0000] {logging_mixin.py:137} INFO - [2024-02-27T13:41:24.532+0000] {dag.py:3441} INFO - Setting next_dagrun for example_branch_python_operator_decorator to 2024-02-26T00:00:00+00:00, run_after=2024-02-27T00:00:00+00:00
[2024-02-27T13:41:24.547+0000] {processor.py:175} INFO - Processing /home/airflow/.local/lib/python3.7/site-packages/airflow/example_dags/example_branch_operator_decorator.py took 0.077 seconds
