[2024-02-27T13:31:19.251+0000] {processor.py:153} INFO - Started process (PID=112) to work on /home/airflow/.local/lib/python3.7/site-packages/airflow/example_dags/example_task_group_decorator.py
[2024-02-27T13:31:19.252+0000] {processor.py:743} INFO - Processing file /home/airflow/.local/lib/python3.7/site-packages/airflow/example_dags/example_task_group_decorator.py for tasks to queue
[2024-02-27T13:31:19.253+0000] {logging_mixin.py:137} INFO - [2024-02-27T13:31:19.253+0000] {dagbag.py:538} INFO - Filling up the DagBag from /home/airflow/.local/lib/python3.7/site-packages/airflow/example_dags/example_task_group_decorator.py
[2024-02-27T13:31:19.285+0000] {processor.py:753} INFO - DAG(s) dict_keys(['example_task_group_decorator']) retrieved from /home/airflow/.local/lib/python3.7/site-packages/airflow/example_dags/example_task_group_decorator.py
[2024-02-27T13:31:19.400+0000] {logging_mixin.py:137} INFO - [2024-02-27T13:31:19.400+0000] {manager.py:504} INFO - Created Permission View: can edit on DAG:example_task_group_decorator
[2024-02-27T13:31:19.410+0000] {logging_mixin.py:137} INFO - [2024-02-27T13:31:19.410+0000] {manager.py:504} INFO - Created Permission View: can delete on DAG:example_task_group_decorator
[2024-02-27T13:31:19.418+0000] {logging_mixin.py:137} INFO - [2024-02-27T13:31:19.418+0000] {manager.py:504} INFO - Created Permission View: can read on DAG:example_task_group_decorator
[2024-02-27T13:31:19.419+0000] {logging_mixin.py:137} INFO - [2024-02-27T13:31:19.419+0000] {dag.py:2690} INFO - Sync 1 DAGs
[2024-02-27T13:31:19.431+0000] {logging_mixin.py:137} INFO - [2024-02-27T13:31:19.431+0000] {dag.py:2711} INFO - Creating ORM DAG for example_task_group_decorator
[2024-02-27T13:31:19.441+0000] {logging_mixin.py:137} INFO - [2024-02-27T13:31:19.441+0000] {dag.py:3441} INFO - Setting next_dagrun for example_task_group_decorator to 2024-02-26T13:31:19.441359+00:00, run_after=2024-02-27T13:31:19.441359+00:00
[2024-02-27T13:31:19.461+0000] {processor.py:175} INFO - Processing /home/airflow/.local/lib/python3.7/site-packages/airflow/example_dags/example_task_group_decorator.py took 0.212 seconds
[2024-02-27T13:31:49.834+0000] {processor.py:153} INFO - Started process (PID=207) to work on /home/airflow/.local/lib/python3.7/site-packages/airflow/example_dags/example_task_group_decorator.py
[2024-02-27T13:31:49.835+0000] {processor.py:743} INFO - Processing file /home/airflow/.local/lib/python3.7/site-packages/airflow/example_dags/example_task_group_decorator.py for tasks to queue
[2024-02-27T13:31:49.836+0000] {logging_mixin.py:137} INFO - [2024-02-27T13:31:49.836+0000] {dagbag.py:538} INFO - Filling up the DagBag from /home/airflow/.local/lib/python3.7/site-packages/airflow/example_dags/example_task_group_decorator.py
[2024-02-27T13:31:49.858+0000] {processor.py:753} INFO - DAG(s) dict_keys(['example_task_group_decorator']) retrieved from /home/airflow/.local/lib/python3.7/site-packages/airflow/example_dags/example_task_group_decorator.py
[2024-02-27T13:31:49.881+0000] {logging_mixin.py:137} INFO - [2024-02-27T13:31:49.880+0000] {dag.py:2690} INFO - Sync 1 DAGs
[2024-02-27T13:31:49.903+0000] {logging_mixin.py:137} INFO - [2024-02-27T13:31:49.902+0000] {dag.py:3441} INFO - Setting next_dagrun for example_task_group_decorator to 2024-02-26T13:31:49.902710+00:00, run_after=2024-02-27T13:31:49.902710+00:00
[2024-02-27T13:31:49.922+0000] {processor.py:175} INFO - Processing /home/airflow/.local/lib/python3.7/site-packages/airflow/example_dags/example_task_group_decorator.py took 0.092 seconds
[2024-02-27T13:32:20.304+0000] {processor.py:153} INFO - Started process (PID=330) to work on /home/airflow/.local/lib/python3.7/site-packages/airflow/example_dags/example_task_group_decorator.py
[2024-02-27T13:32:20.305+0000] {processor.py:743} INFO - Processing file /home/airflow/.local/lib/python3.7/site-packages/airflow/example_dags/example_task_group_decorator.py for tasks to queue
[2024-02-27T13:32:20.307+0000] {logging_mixin.py:137} INFO - [2024-02-27T13:32:20.307+0000] {dagbag.py:538} INFO - Filling up the DagBag from /home/airflow/.local/lib/python3.7/site-packages/airflow/example_dags/example_task_group_decorator.py
[2024-02-27T13:32:20.328+0000] {processor.py:753} INFO - DAG(s) dict_keys(['example_task_group_decorator']) retrieved from /home/airflow/.local/lib/python3.7/site-packages/airflow/example_dags/example_task_group_decorator.py
[2024-02-27T13:32:20.350+0000] {logging_mixin.py:137} INFO - [2024-02-27T13:32:20.349+0000] {dag.py:2690} INFO - Sync 1 DAGs
[2024-02-27T13:32:20.368+0000] {logging_mixin.py:137} INFO - [2024-02-27T13:32:20.368+0000] {dag.py:3441} INFO - Setting next_dagrun for example_task_group_decorator to 2024-02-26T13:32:20.367861+00:00, run_after=2024-02-27T13:32:20.367861+00:00
[2024-02-27T13:32:20.394+0000] {processor.py:175} INFO - Processing /home/airflow/.local/lib/python3.7/site-packages/airflow/example_dags/example_task_group_decorator.py took 0.092 seconds
[2024-02-27T13:32:50.690+0000] {processor.py:153} INFO - Started process (PID=424) to work on /home/airflow/.local/lib/python3.7/site-packages/airflow/example_dags/example_task_group_decorator.py
[2024-02-27T13:32:50.691+0000] {processor.py:743} INFO - Processing file /home/airflow/.local/lib/python3.7/site-packages/airflow/example_dags/example_task_group_decorator.py for tasks to queue
[2024-02-27T13:32:50.693+0000] {logging_mixin.py:137} INFO - [2024-02-27T13:32:50.692+0000] {dagbag.py:538} INFO - Filling up the DagBag from /home/airflow/.local/lib/python3.7/site-packages/airflow/example_dags/example_task_group_decorator.py
[2024-02-27T13:32:50.712+0000] {processor.py:753} INFO - DAG(s) dict_keys(['example_task_group_decorator']) retrieved from /home/airflow/.local/lib/python3.7/site-packages/airflow/example_dags/example_task_group_decorator.py
[2024-02-27T13:32:50.731+0000] {logging_mixin.py:137} INFO - [2024-02-27T13:32:50.730+0000] {dag.py:2690} INFO - Sync 1 DAGs
[2024-02-27T13:32:50.748+0000] {logging_mixin.py:137} INFO - [2024-02-27T13:32:50.748+0000] {dag.py:3441} INFO - Setting next_dagrun for example_task_group_decorator to 2024-02-26T13:32:50.748403+00:00, run_after=2024-02-27T13:32:50.748403+00:00
[2024-02-27T13:32:50.764+0000] {processor.py:175} INFO - Processing /home/airflow/.local/lib/python3.7/site-packages/airflow/example_dags/example_task_group_decorator.py took 0.077 seconds
[2024-02-27T13:33:21.120+0000] {processor.py:153} INFO - Started process (PID=547) to work on /home/airflow/.local/lib/python3.7/site-packages/airflow/example_dags/example_task_group_decorator.py
[2024-02-27T13:33:21.120+0000] {processor.py:743} INFO - Processing file /home/airflow/.local/lib/python3.7/site-packages/airflow/example_dags/example_task_group_decorator.py for tasks to queue
[2024-02-27T13:33:21.121+0000] {logging_mixin.py:137} INFO - [2024-02-27T13:33:21.121+0000] {dagbag.py:538} INFO - Filling up the DagBag from /home/airflow/.local/lib/python3.7/site-packages/airflow/example_dags/example_task_group_decorator.py
[2024-02-27T13:33:21.142+0000] {processor.py:753} INFO - DAG(s) dict_keys(['example_task_group_decorator']) retrieved from /home/airflow/.local/lib/python3.7/site-packages/airflow/example_dags/example_task_group_decorator.py
[2024-02-27T13:33:21.161+0000] {logging_mixin.py:137} INFO - [2024-02-27T13:33:21.161+0000] {dag.py:2690} INFO - Sync 1 DAGs
[2024-02-27T13:33:21.177+0000] {logging_mixin.py:137} INFO - [2024-02-27T13:33:21.177+0000] {dag.py:3441} INFO - Setting next_dagrun for example_task_group_decorator to 2024-02-26T13:33:21.177517+00:00, run_after=2024-02-27T13:33:21.177517+00:00
[2024-02-27T13:33:21.192+0000] {processor.py:175} INFO - Processing /home/airflow/.local/lib/python3.7/site-packages/airflow/example_dags/example_task_group_decorator.py took 0.075 seconds
[2024-02-27T13:33:51.401+0000] {processor.py:153} INFO - Started process (PID=641) to work on /home/airflow/.local/lib/python3.7/site-packages/airflow/example_dags/example_task_group_decorator.py
[2024-02-27T13:33:51.402+0000] {processor.py:743} INFO - Processing file /home/airflow/.local/lib/python3.7/site-packages/airflow/example_dags/example_task_group_decorator.py for tasks to queue
[2024-02-27T13:33:51.403+0000] {logging_mixin.py:137} INFO - [2024-02-27T13:33:51.403+0000] {dagbag.py:538} INFO - Filling up the DagBag from /home/airflow/.local/lib/python3.7/site-packages/airflow/example_dags/example_task_group_decorator.py
[2024-02-27T13:33:51.425+0000] {processor.py:753} INFO - DAG(s) dict_keys(['example_task_group_decorator']) retrieved from /home/airflow/.local/lib/python3.7/site-packages/airflow/example_dags/example_task_group_decorator.py
[2024-02-27T13:33:51.446+0000] {logging_mixin.py:137} INFO - [2024-02-27T13:33:51.446+0000] {dag.py:2690} INFO - Sync 1 DAGs
[2024-02-27T13:33:51.466+0000] {logging_mixin.py:137} INFO - [2024-02-27T13:33:51.466+0000] {dag.py:3441} INFO - Setting next_dagrun for example_task_group_decorator to 2024-02-26T13:33:51.466484+00:00, run_after=2024-02-27T13:33:51.466484+00:00
[2024-02-27T13:33:51.482+0000] {processor.py:175} INFO - Processing /home/airflow/.local/lib/python3.7/site-packages/airflow/example_dags/example_task_group_decorator.py took 0.084 seconds
[2024-02-27T13:34:21.881+0000] {processor.py:153} INFO - Started process (PID=764) to work on /home/airflow/.local/lib/python3.7/site-packages/airflow/example_dags/example_task_group_decorator.py
[2024-02-27T13:34:21.882+0000] {processor.py:743} INFO - Processing file /home/airflow/.local/lib/python3.7/site-packages/airflow/example_dags/example_task_group_decorator.py for tasks to queue
[2024-02-27T13:34:21.883+0000] {logging_mixin.py:137} INFO - [2024-02-27T13:34:21.883+0000] {dagbag.py:538} INFO - Filling up the DagBag from /home/airflow/.local/lib/python3.7/site-packages/airflow/example_dags/example_task_group_decorator.py
[2024-02-27T13:34:21.904+0000] {processor.py:753} INFO - DAG(s) dict_keys(['example_task_group_decorator']) retrieved from /home/airflow/.local/lib/python3.7/site-packages/airflow/example_dags/example_task_group_decorator.py
[2024-02-27T13:34:21.923+0000] {logging_mixin.py:137} INFO - [2024-02-27T13:34:21.923+0000] {dag.py:2690} INFO - Sync 1 DAGs
[2024-02-27T13:34:21.940+0000] {logging_mixin.py:137} INFO - [2024-02-27T13:34:21.940+0000] {dag.py:3441} INFO - Setting next_dagrun for example_task_group_decorator to 2024-02-26T13:34:21.939901+00:00, run_after=2024-02-27T13:34:21.939901+00:00
[2024-02-27T13:34:21.954+0000] {processor.py:175} INFO - Processing /home/airflow/.local/lib/python3.7/site-packages/airflow/example_dags/example_task_group_decorator.py took 0.075 seconds
[2024-02-27T13:34:52.376+0000] {processor.py:153} INFO - Started process (PID=888) to work on /home/airflow/.local/lib/python3.7/site-packages/airflow/example_dags/example_task_group_decorator.py
[2024-02-27T13:34:52.377+0000] {processor.py:743} INFO - Processing file /home/airflow/.local/lib/python3.7/site-packages/airflow/example_dags/example_task_group_decorator.py for tasks to queue
[2024-02-27T13:34:52.378+0000] {logging_mixin.py:137} INFO - [2024-02-27T13:34:52.378+0000] {dagbag.py:538} INFO - Filling up the DagBag from /home/airflow/.local/lib/python3.7/site-packages/airflow/example_dags/example_task_group_decorator.py
[2024-02-27T13:34:52.398+0000] {processor.py:753} INFO - DAG(s) dict_keys(['example_task_group_decorator']) retrieved from /home/airflow/.local/lib/python3.7/site-packages/airflow/example_dags/example_task_group_decorator.py
[2024-02-27T13:34:52.416+0000] {logging_mixin.py:137} INFO - [2024-02-27T13:34:52.416+0000] {dag.py:2690} INFO - Sync 1 DAGs
[2024-02-27T13:34:52.433+0000] {logging_mixin.py:137} INFO - [2024-02-27T13:34:52.433+0000] {dag.py:3441} INFO - Setting next_dagrun for example_task_group_decorator to 2024-02-26T13:34:52.432928+00:00, run_after=2024-02-27T13:34:52.432928+00:00
[2024-02-27T13:34:52.448+0000] {processor.py:175} INFO - Processing /home/airflow/.local/lib/python3.7/site-packages/airflow/example_dags/example_task_group_decorator.py took 0.075 seconds
[2024-02-27T13:35:22.572+0000] {processor.py:153} INFO - Started process (PID=983) to work on /home/airflow/.local/lib/python3.7/site-packages/airflow/example_dags/example_task_group_decorator.py
[2024-02-27T13:35:22.573+0000] {processor.py:743} INFO - Processing file /home/airflow/.local/lib/python3.7/site-packages/airflow/example_dags/example_task_group_decorator.py for tasks to queue
[2024-02-27T13:35:22.574+0000] {logging_mixin.py:137} INFO - [2024-02-27T13:35:22.574+0000] {dagbag.py:538} INFO - Filling up the DagBag from /home/airflow/.local/lib/python3.7/site-packages/airflow/example_dags/example_task_group_decorator.py
[2024-02-27T13:35:22.602+0000] {processor.py:753} INFO - DAG(s) dict_keys(['example_task_group_decorator']) retrieved from /home/airflow/.local/lib/python3.7/site-packages/airflow/example_dags/example_task_group_decorator.py
[2024-02-27T13:35:22.631+0000] {logging_mixin.py:137} INFO - [2024-02-27T13:35:22.631+0000] {dag.py:2690} INFO - Sync 1 DAGs
[2024-02-27T13:35:22.652+0000] {logging_mixin.py:137} INFO - [2024-02-27T13:35:22.651+0000] {dag.py:3441} INFO - Setting next_dagrun for example_task_group_decorator to 2024-02-26T13:35:22.651663+00:00, run_after=2024-02-27T13:35:22.651663+00:00
[2024-02-27T13:35:22.669+0000] {processor.py:175} INFO - Processing /home/airflow/.local/lib/python3.7/site-packages/airflow/example_dags/example_task_group_decorator.py took 0.100 seconds
[2024-02-27T13:35:52.756+0000] {processor.py:153} INFO - Started process (PID=1106) to work on /home/airflow/.local/lib/python3.7/site-packages/airflow/example_dags/example_task_group_decorator.py
[2024-02-27T13:35:52.760+0000] {processor.py:743} INFO - Processing file /home/airflow/.local/lib/python3.7/site-packages/airflow/example_dags/example_task_group_decorator.py for tasks to queue
[2024-02-27T13:35:52.761+0000] {logging_mixin.py:137} INFO - [2024-02-27T13:35:52.761+0000] {dagbag.py:538} INFO - Filling up the DagBag from /home/airflow/.local/lib/python3.7/site-packages/airflow/example_dags/example_task_group_decorator.py
[2024-02-27T13:35:52.784+0000] {processor.py:753} INFO - DAG(s) dict_keys(['example_task_group_decorator']) retrieved from /home/airflow/.local/lib/python3.7/site-packages/airflow/example_dags/example_task_group_decorator.py
[2024-02-27T13:35:52.805+0000] {logging_mixin.py:137} INFO - [2024-02-27T13:35:52.805+0000] {dag.py:2690} INFO - Sync 1 DAGs
[2024-02-27T13:35:52.825+0000] {logging_mixin.py:137} INFO - [2024-02-27T13:35:52.825+0000] {dag.py:3441} INFO - Setting next_dagrun for example_task_group_decorator to 2024-02-26T13:35:52.825195+00:00, run_after=2024-02-27T13:35:52.825195+00:00
[2024-02-27T13:35:52.843+0000] {processor.py:175} INFO - Processing /home/airflow/.local/lib/python3.7/site-packages/airflow/example_dags/example_task_group_decorator.py took 0.089 seconds
[2024-02-27T13:36:23.009+0000] {processor.py:153} INFO - Started process (PID=1201) to work on /home/airflow/.local/lib/python3.7/site-packages/airflow/example_dags/example_task_group_decorator.py
[2024-02-27T13:36:23.011+0000] {processor.py:743} INFO - Processing file /home/airflow/.local/lib/python3.7/site-packages/airflow/example_dags/example_task_group_decorator.py for tasks to queue
[2024-02-27T13:36:23.011+0000] {logging_mixin.py:137} INFO - [2024-02-27T13:36:23.011+0000] {dagbag.py:538} INFO - Filling up the DagBag from /home/airflow/.local/lib/python3.7/site-packages/airflow/example_dags/example_task_group_decorator.py
[2024-02-27T13:36:23.031+0000] {processor.py:753} INFO - DAG(s) dict_keys(['example_task_group_decorator']) retrieved from /home/airflow/.local/lib/python3.7/site-packages/airflow/example_dags/example_task_group_decorator.py
[2024-02-27T13:36:23.053+0000] {logging_mixin.py:137} INFO - [2024-02-27T13:36:23.053+0000] {dag.py:2690} INFO - Sync 1 DAGs
[2024-02-27T13:36:23.077+0000] {logging_mixin.py:137} INFO - [2024-02-27T13:36:23.077+0000] {dag.py:3441} INFO - Setting next_dagrun for example_task_group_decorator to 2024-02-26T13:36:23.076923+00:00, run_after=2024-02-27T13:36:23.076923+00:00
[2024-02-27T13:36:23.105+0000] {processor.py:175} INFO - Processing /home/airflow/.local/lib/python3.7/site-packages/airflow/example_dags/example_task_group_decorator.py took 0.098 seconds
[2024-02-27T13:36:53.299+0000] {processor.py:153} INFO - Started process (PID=1324) to work on /home/airflow/.local/lib/python3.7/site-packages/airflow/example_dags/example_task_group_decorator.py
[2024-02-27T13:36:53.300+0000] {processor.py:743} INFO - Processing file /home/airflow/.local/lib/python3.7/site-packages/airflow/example_dags/example_task_group_decorator.py for tasks to queue
[2024-02-27T13:36:53.301+0000] {logging_mixin.py:137} INFO - [2024-02-27T13:36:53.301+0000] {dagbag.py:538} INFO - Filling up the DagBag from /home/airflow/.local/lib/python3.7/site-packages/airflow/example_dags/example_task_group_decorator.py
[2024-02-27T13:36:53.323+0000] {processor.py:753} INFO - DAG(s) dict_keys(['example_task_group_decorator']) retrieved from /home/airflow/.local/lib/python3.7/site-packages/airflow/example_dags/example_task_group_decorator.py
[2024-02-27T13:36:53.343+0000] {logging_mixin.py:137} INFO - [2024-02-27T13:36:53.342+0000] {dag.py:2690} INFO - Sync 1 DAGs
[2024-02-27T13:36:53.360+0000] {logging_mixin.py:137} INFO - [2024-02-27T13:36:53.360+0000] {dag.py:3441} INFO - Setting next_dagrun for example_task_group_decorator to 2024-02-26T13:36:53.360342+00:00, run_after=2024-02-27T13:36:53.360342+00:00
[2024-02-27T13:36:53.376+0000] {processor.py:175} INFO - Processing /home/airflow/.local/lib/python3.7/site-packages/airflow/example_dags/example_task_group_decorator.py took 0.080 seconds
[2024-02-27T13:37:23.669+0000] {processor.py:153} INFO - Started process (PID=1426) to work on /home/airflow/.local/lib/python3.7/site-packages/airflow/example_dags/example_task_group_decorator.py
[2024-02-27T13:37:23.670+0000] {processor.py:743} INFO - Processing file /home/airflow/.local/lib/python3.7/site-packages/airflow/example_dags/example_task_group_decorator.py for tasks to queue
[2024-02-27T13:37:23.671+0000] {logging_mixin.py:137} INFO - [2024-02-27T13:37:23.671+0000] {dagbag.py:538} INFO - Filling up the DagBag from /home/airflow/.local/lib/python3.7/site-packages/airflow/example_dags/example_task_group_decorator.py
[2024-02-27T13:37:23.691+0000] {processor.py:753} INFO - DAG(s) dict_keys(['example_task_group_decorator']) retrieved from /home/airflow/.local/lib/python3.7/site-packages/airflow/example_dags/example_task_group_decorator.py
[2024-02-27T13:37:23.714+0000] {logging_mixin.py:137} INFO - [2024-02-27T13:37:23.714+0000] {dag.py:2690} INFO - Sync 1 DAGs
[2024-02-27T13:37:23.733+0000] {logging_mixin.py:137} INFO - [2024-02-27T13:37:23.733+0000] {dag.py:3441} INFO - Setting next_dagrun for example_task_group_decorator to 2024-02-26T13:37:23.733667+00:00, run_after=2024-02-27T13:37:23.733667+00:00
[2024-02-27T13:37:23.750+0000] {processor.py:175} INFO - Processing /home/airflow/.local/lib/python3.7/site-packages/airflow/example_dags/example_task_group_decorator.py took 0.083 seconds
[2024-02-27T13:37:53.934+0000] {processor.py:153} INFO - Started process (PID=1544) to work on /home/airflow/.local/lib/python3.7/site-packages/airflow/example_dags/example_task_group_decorator.py
[2024-02-27T13:37:53.935+0000] {processor.py:743} INFO - Processing file /home/airflow/.local/lib/python3.7/site-packages/airflow/example_dags/example_task_group_decorator.py for tasks to queue
[2024-02-27T13:37:53.935+0000] {logging_mixin.py:137} INFO - [2024-02-27T13:37:53.935+0000] {dagbag.py:538} INFO - Filling up the DagBag from /home/airflow/.local/lib/python3.7/site-packages/airflow/example_dags/example_task_group_decorator.py
[2024-02-27T13:37:53.954+0000] {processor.py:753} INFO - DAG(s) dict_keys(['example_task_group_decorator']) retrieved from /home/airflow/.local/lib/python3.7/site-packages/airflow/example_dags/example_task_group_decorator.py
[2024-02-27T13:37:53.972+0000] {logging_mixin.py:137} INFO - [2024-02-27T13:37:53.971+0000] {dag.py:2690} INFO - Sync 1 DAGs
[2024-02-27T13:37:53.989+0000] {logging_mixin.py:137} INFO - [2024-02-27T13:37:53.989+0000] {dag.py:3441} INFO - Setting next_dagrun for example_task_group_decorator to 2024-02-26T13:37:53.989551+00:00, run_after=2024-02-27T13:37:53.989551+00:00
[2024-02-27T13:37:54.004+0000] {processor.py:175} INFO - Processing /home/airflow/.local/lib/python3.7/site-packages/airflow/example_dags/example_task_group_decorator.py took 0.072 seconds
[2024-02-27T13:38:24.369+0000] {processor.py:153} INFO - Started process (PID=1667) to work on /home/airflow/.local/lib/python3.7/site-packages/airflow/example_dags/example_task_group_decorator.py
[2024-02-27T13:38:24.370+0000] {processor.py:743} INFO - Processing file /home/airflow/.local/lib/python3.7/site-packages/airflow/example_dags/example_task_group_decorator.py for tasks to queue
[2024-02-27T13:38:24.371+0000] {logging_mixin.py:137} INFO - [2024-02-27T13:38:24.371+0000] {dagbag.py:538} INFO - Filling up the DagBag from /home/airflow/.local/lib/python3.7/site-packages/airflow/example_dags/example_task_group_decorator.py
[2024-02-27T13:38:24.391+0000] {processor.py:753} INFO - DAG(s) dict_keys(['example_task_group_decorator']) retrieved from /home/airflow/.local/lib/python3.7/site-packages/airflow/example_dags/example_task_group_decorator.py
[2024-02-27T13:38:24.410+0000] {logging_mixin.py:137} INFO - [2024-02-27T13:38:24.410+0000] {dag.py:2690} INFO - Sync 1 DAGs
[2024-02-27T13:38:24.431+0000] {logging_mixin.py:137} INFO - [2024-02-27T13:38:24.431+0000] {dag.py:3441} INFO - Setting next_dagrun for example_task_group_decorator to 2024-02-26T13:38:24.431220+00:00, run_after=2024-02-27T13:38:24.431220+00:00
[2024-02-27T13:38:24.447+0000] {processor.py:175} INFO - Processing /home/airflow/.local/lib/python3.7/site-packages/airflow/example_dags/example_task_group_decorator.py took 0.080 seconds
[2024-02-27T13:38:54.710+0000] {processor.py:153} INFO - Started process (PID=1762) to work on /home/airflow/.local/lib/python3.7/site-packages/airflow/example_dags/example_task_group_decorator.py
[2024-02-27T13:38:54.711+0000] {processor.py:743} INFO - Processing file /home/airflow/.local/lib/python3.7/site-packages/airflow/example_dags/example_task_group_decorator.py for tasks to queue
[2024-02-27T13:38:54.712+0000] {logging_mixin.py:137} INFO - [2024-02-27T13:38:54.711+0000] {dagbag.py:538} INFO - Filling up the DagBag from /home/airflow/.local/lib/python3.7/site-packages/airflow/example_dags/example_task_group_decorator.py
[2024-02-27T13:38:54.731+0000] {processor.py:753} INFO - DAG(s) dict_keys(['example_task_group_decorator']) retrieved from /home/airflow/.local/lib/python3.7/site-packages/airflow/example_dags/example_task_group_decorator.py
[2024-02-27T13:38:54.750+0000] {logging_mixin.py:137} INFO - [2024-02-27T13:38:54.750+0000] {dag.py:2690} INFO - Sync 1 DAGs
[2024-02-27T13:38:54.767+0000] {logging_mixin.py:137} INFO - [2024-02-27T13:38:54.767+0000] {dag.py:3441} INFO - Setting next_dagrun for example_task_group_decorator to 2024-02-26T13:38:54.767163+00:00, run_after=2024-02-27T13:38:54.767163+00:00
[2024-02-27T13:38:54.784+0000] {processor.py:175} INFO - Processing /home/airflow/.local/lib/python3.7/site-packages/airflow/example_dags/example_task_group_decorator.py took 0.076 seconds
[2024-02-27T13:39:25.740+0000] {processor.py:153} INFO - Started process (PID=1885) to work on /home/airflow/.local/lib/python3.7/site-packages/airflow/example_dags/example_task_group_decorator.py
[2024-02-27T13:39:25.741+0000] {processor.py:743} INFO - Processing file /home/airflow/.local/lib/python3.7/site-packages/airflow/example_dags/example_task_group_decorator.py for tasks to queue
[2024-02-27T13:39:25.742+0000] {logging_mixin.py:137} INFO - [2024-02-27T13:39:25.742+0000] {dagbag.py:538} INFO - Filling up the DagBag from /home/airflow/.local/lib/python3.7/site-packages/airflow/example_dags/example_task_group_decorator.py
[2024-02-27T13:39:25.760+0000] {processor.py:753} INFO - DAG(s) dict_keys(['example_task_group_decorator']) retrieved from /home/airflow/.local/lib/python3.7/site-packages/airflow/example_dags/example_task_group_decorator.py
[2024-02-27T13:39:25.782+0000] {logging_mixin.py:137} INFO - [2024-02-27T13:39:25.782+0000] {dag.py:2690} INFO - Sync 1 DAGs
[2024-02-27T13:39:25.800+0000] {logging_mixin.py:137} INFO - [2024-02-27T13:39:25.799+0000] {dag.py:3441} INFO - Setting next_dagrun for example_task_group_decorator to 2024-02-26T13:39:25.799742+00:00, run_after=2024-02-27T13:39:25.799742+00:00
[2024-02-27T13:39:25.817+0000] {processor.py:175} INFO - Processing /home/airflow/.local/lib/python3.7/site-packages/airflow/example_dags/example_task_group_decorator.py took 0.080 seconds
[2024-02-27T13:39:56.177+0000] {processor.py:153} INFO - Started process (PID=1980) to work on /home/airflow/.local/lib/python3.7/site-packages/airflow/example_dags/example_task_group_decorator.py
[2024-02-27T13:39:56.178+0000] {processor.py:743} INFO - Processing file /home/airflow/.local/lib/python3.7/site-packages/airflow/example_dags/example_task_group_decorator.py for tasks to queue
[2024-02-27T13:39:56.179+0000] {logging_mixin.py:137} INFO - [2024-02-27T13:39:56.179+0000] {dagbag.py:538} INFO - Filling up the DagBag from /home/airflow/.local/lib/python3.7/site-packages/airflow/example_dags/example_task_group_decorator.py
[2024-02-27T13:39:56.201+0000] {processor.py:753} INFO - DAG(s) dict_keys(['example_task_group_decorator']) retrieved from /home/airflow/.local/lib/python3.7/site-packages/airflow/example_dags/example_task_group_decorator.py
[2024-02-27T13:39:56.225+0000] {logging_mixin.py:137} INFO - [2024-02-27T13:39:56.225+0000] {dag.py:2690} INFO - Sync 1 DAGs
[2024-02-27T13:39:56.315+0000] {logging_mixin.py:137} INFO - [2024-02-27T13:39:56.315+0000] {dag.py:3441} INFO - Setting next_dagrun for example_task_group_decorator to 2024-02-26T13:39:56.315337+00:00, run_after=2024-02-27T13:39:56.315337+00:00
[2024-02-27T13:39:56.410+0000] {processor.py:175} INFO - Processing /home/airflow/.local/lib/python3.7/site-packages/airflow/example_dags/example_task_group_decorator.py took 0.236 seconds
[2024-02-27T13:40:26.552+0000] {processor.py:153} INFO - Started process (PID=2104) to work on /home/airflow/.local/lib/python3.7/site-packages/airflow/example_dags/example_task_group_decorator.py
[2024-02-27T13:40:26.553+0000] {processor.py:743} INFO - Processing file /home/airflow/.local/lib/python3.7/site-packages/airflow/example_dags/example_task_group_decorator.py for tasks to queue
[2024-02-27T13:40:26.554+0000] {logging_mixin.py:137} INFO - [2024-02-27T13:40:26.554+0000] {dagbag.py:538} INFO - Filling up the DagBag from /home/airflow/.local/lib/python3.7/site-packages/airflow/example_dags/example_task_group_decorator.py
[2024-02-27T13:40:26.582+0000] {processor.py:753} INFO - DAG(s) dict_keys(['example_task_group_decorator']) retrieved from /home/airflow/.local/lib/python3.7/site-packages/airflow/example_dags/example_task_group_decorator.py
[2024-02-27T13:40:26.601+0000] {logging_mixin.py:137} INFO - [2024-02-27T13:40:26.601+0000] {dag.py:2690} INFO - Sync 1 DAGs
[2024-02-27T13:40:26.618+0000] {logging_mixin.py:137} INFO - [2024-02-27T13:40:26.617+0000] {dag.py:3441} INFO - Setting next_dagrun for example_task_group_decorator to 2024-02-26T13:40:26.617754+00:00, run_after=2024-02-27T13:40:26.617754+00:00
[2024-02-27T13:40:26.632+0000] {processor.py:175} INFO - Processing /home/airflow/.local/lib/python3.7/site-packages/airflow/example_dags/example_task_group_decorator.py took 0.083 seconds
[2024-02-27T13:40:57.516+0000] {processor.py:153} INFO - Started process (PID=2227) to work on /home/airflow/.local/lib/python3.7/site-packages/airflow/example_dags/example_task_group_decorator.py
[2024-02-27T13:40:57.517+0000] {processor.py:743} INFO - Processing file /home/airflow/.local/lib/python3.7/site-packages/airflow/example_dags/example_task_group_decorator.py for tasks to queue
[2024-02-27T13:40:57.518+0000] {logging_mixin.py:137} INFO - [2024-02-27T13:40:57.518+0000] {dagbag.py:538} INFO - Filling up the DagBag from /home/airflow/.local/lib/python3.7/site-packages/airflow/example_dags/example_task_group_decorator.py
[2024-02-27T13:40:57.539+0000] {processor.py:753} INFO - DAG(s) dict_keys(['example_task_group_decorator']) retrieved from /home/airflow/.local/lib/python3.7/site-packages/airflow/example_dags/example_task_group_decorator.py
[2024-02-27T13:40:57.565+0000] {logging_mixin.py:137} INFO - [2024-02-27T13:40:57.564+0000] {dag.py:2690} INFO - Sync 1 DAGs
[2024-02-27T13:40:57.584+0000] {logging_mixin.py:137} INFO - [2024-02-27T13:40:57.584+0000] {dag.py:3441} INFO - Setting next_dagrun for example_task_group_decorator to 2024-02-26T13:40:57.584593+00:00, run_after=2024-02-27T13:40:57.584593+00:00
[2024-02-27T13:40:57.603+0000] {processor.py:175} INFO - Processing /home/airflow/.local/lib/python3.7/site-packages/airflow/example_dags/example_task_group_decorator.py took 0.089 seconds
[2024-02-27T13:41:27.977+0000] {processor.py:153} INFO - Started process (PID=2322) to work on /home/airflow/.local/lib/python3.7/site-packages/airflow/example_dags/example_task_group_decorator.py
[2024-02-27T13:41:27.978+0000] {processor.py:743} INFO - Processing file /home/airflow/.local/lib/python3.7/site-packages/airflow/example_dags/example_task_group_decorator.py for tasks to queue
[2024-02-27T13:41:27.979+0000] {logging_mixin.py:137} INFO - [2024-02-27T13:41:27.979+0000] {dagbag.py:538} INFO - Filling up the DagBag from /home/airflow/.local/lib/python3.7/site-packages/airflow/example_dags/example_task_group_decorator.py
[2024-02-27T13:41:27.998+0000] {processor.py:753} INFO - DAG(s) dict_keys(['example_task_group_decorator']) retrieved from /home/airflow/.local/lib/python3.7/site-packages/airflow/example_dags/example_task_group_decorator.py
[2024-02-27T13:41:28.017+0000] {logging_mixin.py:137} INFO - [2024-02-27T13:41:28.017+0000] {dag.py:2690} INFO - Sync 1 DAGs
[2024-02-27T13:41:28.036+0000] {logging_mixin.py:137} INFO - [2024-02-27T13:41:28.036+0000] {dag.py:3441} INFO - Setting next_dagrun for example_task_group_decorator to 2024-02-26T13:41:28.036668+00:00, run_after=2024-02-27T13:41:28.036668+00:00
[2024-02-27T13:41:28.051+0000] {processor.py:175} INFO - Processing /home/airflow/.local/lib/python3.7/site-packages/airflow/example_dags/example_task_group_decorator.py took 0.077 seconds
