[2024-02-27T13:31:18.430+0000] {processor.py:153} INFO - Started process (PID=106) to work on /home/airflow/.local/lib/python3.7/site-packages/airflow/example_dags/example_branch_operator.py
[2024-02-27T13:31:18.434+0000] {processor.py:743} INFO - Processing file /home/airflow/.local/lib/python3.7/site-packages/airflow/example_dags/example_branch_operator.py for tasks to queue
[2024-02-27T13:31:18.435+0000] {logging_mixin.py:137} INFO - [2024-02-27T13:31:18.435+0000] {dagbag.py:538} INFO - Filling up the DagBag from /home/airflow/.local/lib/python3.7/site-packages/airflow/example_dags/example_branch_operator.py
[2024-02-27T13:31:18.459+0000] {processor.py:753} INFO - DAG(s) dict_keys(['example_branch_operator']) retrieved from /home/airflow/.local/lib/python3.7/site-packages/airflow/example_dags/example_branch_operator.py
[2024-02-27T13:31:18.633+0000] {logging_mixin.py:137} INFO - [2024-02-27T13:31:18.633+0000] {manager.py:504} INFO - Created Permission View: can edit on DAG:example_branch_operator
[2024-02-27T13:31:18.643+0000] {logging_mixin.py:137} INFO - [2024-02-27T13:31:18.642+0000] {manager.py:504} INFO - Created Permission View: can delete on DAG:example_branch_operator
[2024-02-27T13:31:18.650+0000] {logging_mixin.py:137} INFO - [2024-02-27T13:31:18.650+0000] {manager.py:504} INFO - Created Permission View: can read on DAG:example_branch_operator
[2024-02-27T13:31:18.651+0000] {logging_mixin.py:137} INFO - [2024-02-27T13:31:18.650+0000] {dag.py:2690} INFO - Sync 1 DAGs
[2024-02-27T13:31:18.664+0000] {logging_mixin.py:137} INFO - [2024-02-27T13:31:18.663+0000] {dag.py:2711} INFO - Creating ORM DAG for example_branch_operator
[2024-02-27T13:31:18.677+0000] {logging_mixin.py:137} INFO - [2024-02-27T13:31:18.677+0000] {dag.py:3441} INFO - Setting next_dagrun for example_branch_operator to 2024-02-26T00:00:00+00:00, run_after=2024-02-27T00:00:00+00:00
[2024-02-27T13:31:18.697+0000] {processor.py:175} INFO - Processing /home/airflow/.local/lib/python3.7/site-packages/airflow/example_dags/example_branch_operator.py took 0.278 seconds
[2024-02-27T13:31:49.477+0000] {processor.py:153} INFO - Started process (PID=201) to work on /home/airflow/.local/lib/python3.7/site-packages/airflow/example_dags/example_branch_operator.py
[2024-02-27T13:31:49.479+0000] {processor.py:743} INFO - Processing file /home/airflow/.local/lib/python3.7/site-packages/airflow/example_dags/example_branch_operator.py for tasks to queue
[2024-02-27T13:31:49.480+0000] {logging_mixin.py:137} INFO - [2024-02-27T13:31:49.479+0000] {dagbag.py:538} INFO - Filling up the DagBag from /home/airflow/.local/lib/python3.7/site-packages/airflow/example_dags/example_branch_operator.py
[2024-02-27T13:31:49.495+0000] {processor.py:753} INFO - DAG(s) dict_keys(['example_branch_operator']) retrieved from /home/airflow/.local/lib/python3.7/site-packages/airflow/example_dags/example_branch_operator.py
[2024-02-27T13:31:49.519+0000] {logging_mixin.py:137} INFO - [2024-02-27T13:31:49.519+0000] {dag.py:2690} INFO - Sync 1 DAGs
[2024-02-27T13:31:49.539+0000] {logging_mixin.py:137} INFO - [2024-02-27T13:31:49.539+0000] {dag.py:3441} INFO - Setting next_dagrun for example_branch_operator to 2024-02-26T00:00:00+00:00, run_after=2024-02-27T00:00:00+00:00
[2024-02-27T13:31:49.555+0000] {processor.py:175} INFO - Processing /home/airflow/.local/lib/python3.7/site-packages/airflow/example_dags/example_branch_operator.py took 0.080 seconds
[2024-02-27T13:32:19.866+0000] {processor.py:153} INFO - Started process (PID=324) to work on /home/airflow/.local/lib/python3.7/site-packages/airflow/example_dags/example_branch_operator.py
[2024-02-27T13:32:19.867+0000] {processor.py:743} INFO - Processing file /home/airflow/.local/lib/python3.7/site-packages/airflow/example_dags/example_branch_operator.py for tasks to queue
[2024-02-27T13:32:19.868+0000] {logging_mixin.py:137} INFO - [2024-02-27T13:32:19.868+0000] {dagbag.py:538} INFO - Filling up the DagBag from /home/airflow/.local/lib/python3.7/site-packages/airflow/example_dags/example_branch_operator.py
[2024-02-27T13:32:19.882+0000] {processor.py:753} INFO - DAG(s) dict_keys(['example_branch_operator']) retrieved from /home/airflow/.local/lib/python3.7/site-packages/airflow/example_dags/example_branch_operator.py
[2024-02-27T13:32:19.902+0000] {logging_mixin.py:137} INFO - [2024-02-27T13:32:19.902+0000] {dag.py:2690} INFO - Sync 1 DAGs
[2024-02-27T13:32:19.924+0000] {logging_mixin.py:137} INFO - [2024-02-27T13:32:19.924+0000] {dag.py:3441} INFO - Setting next_dagrun for example_branch_operator to 2024-02-26T00:00:00+00:00, run_after=2024-02-27T00:00:00+00:00
[2024-02-27T13:32:19.944+0000] {processor.py:175} INFO - Processing /home/airflow/.local/lib/python3.7/site-packages/airflow/example_dags/example_branch_operator.py took 0.080 seconds
[2024-02-27T13:32:50.334+0000] {processor.py:153} INFO - Started process (PID=418) to work on /home/airflow/.local/lib/python3.7/site-packages/airflow/example_dags/example_branch_operator.py
[2024-02-27T13:32:50.335+0000] {processor.py:743} INFO - Processing file /home/airflow/.local/lib/python3.7/site-packages/airflow/example_dags/example_branch_operator.py for tasks to queue
[2024-02-27T13:32:50.336+0000] {logging_mixin.py:137} INFO - [2024-02-27T13:32:50.336+0000] {dagbag.py:538} INFO - Filling up the DagBag from /home/airflow/.local/lib/python3.7/site-packages/airflow/example_dags/example_branch_operator.py
[2024-02-27T13:32:50.349+0000] {processor.py:753} INFO - DAG(s) dict_keys(['example_branch_operator']) retrieved from /home/airflow/.local/lib/python3.7/site-packages/airflow/example_dags/example_branch_operator.py
[2024-02-27T13:32:50.369+0000] {logging_mixin.py:137} INFO - [2024-02-27T13:32:50.369+0000] {dag.py:2690} INFO - Sync 1 DAGs
[2024-02-27T13:32:50.387+0000] {logging_mixin.py:137} INFO - [2024-02-27T13:32:50.387+0000] {dag.py:3441} INFO - Setting next_dagrun for example_branch_operator to 2024-02-26T00:00:00+00:00, run_after=2024-02-27T00:00:00+00:00
[2024-02-27T13:32:50.400+0000] {processor.py:175} INFO - Processing /home/airflow/.local/lib/python3.7/site-packages/airflow/example_dags/example_branch_operator.py took 0.069 seconds
[2024-02-27T13:33:20.689+0000] {processor.py:153} INFO - Started process (PID=541) to work on /home/airflow/.local/lib/python3.7/site-packages/airflow/example_dags/example_branch_operator.py
[2024-02-27T13:33:20.690+0000] {processor.py:743} INFO - Processing file /home/airflow/.local/lib/python3.7/site-packages/airflow/example_dags/example_branch_operator.py for tasks to queue
[2024-02-27T13:33:20.691+0000] {logging_mixin.py:137} INFO - [2024-02-27T13:33:20.691+0000] {dagbag.py:538} INFO - Filling up the DagBag from /home/airflow/.local/lib/python3.7/site-packages/airflow/example_dags/example_branch_operator.py
[2024-02-27T13:33:20.705+0000] {processor.py:753} INFO - DAG(s) dict_keys(['example_branch_operator']) retrieved from /home/airflow/.local/lib/python3.7/site-packages/airflow/example_dags/example_branch_operator.py
[2024-02-27T13:33:20.727+0000] {logging_mixin.py:137} INFO - [2024-02-27T13:33:20.727+0000] {dag.py:2690} INFO - Sync 1 DAGs
[2024-02-27T13:33:20.747+0000] {logging_mixin.py:137} INFO - [2024-02-27T13:33:20.746+0000] {dag.py:3441} INFO - Setting next_dagrun for example_branch_operator to 2024-02-26T00:00:00+00:00, run_after=2024-02-27T00:00:00+00:00
[2024-02-27T13:33:20.761+0000] {processor.py:175} INFO - Processing /home/airflow/.local/lib/python3.7/site-packages/airflow/example_dags/example_branch_operator.py took 0.075 seconds
[2024-02-27T13:33:51.046+0000] {processor.py:153} INFO - Started process (PID=635) to work on /home/airflow/.local/lib/python3.7/site-packages/airflow/example_dags/example_branch_operator.py
[2024-02-27T13:33:51.047+0000] {processor.py:743} INFO - Processing file /home/airflow/.local/lib/python3.7/site-packages/airflow/example_dags/example_branch_operator.py for tasks to queue
[2024-02-27T13:33:51.048+0000] {logging_mixin.py:137} INFO - [2024-02-27T13:33:51.048+0000] {dagbag.py:538} INFO - Filling up the DagBag from /home/airflow/.local/lib/python3.7/site-packages/airflow/example_dags/example_branch_operator.py
[2024-02-27T13:33:51.061+0000] {processor.py:753} INFO - DAG(s) dict_keys(['example_branch_operator']) retrieved from /home/airflow/.local/lib/python3.7/site-packages/airflow/example_dags/example_branch_operator.py
[2024-02-27T13:33:51.082+0000] {logging_mixin.py:137} INFO - [2024-02-27T13:33:51.082+0000] {dag.py:2690} INFO - Sync 1 DAGs
[2024-02-27T13:33:51.101+0000] {logging_mixin.py:137} INFO - [2024-02-27T13:33:51.101+0000] {dag.py:3441} INFO - Setting next_dagrun for example_branch_operator to 2024-02-26T00:00:00+00:00, run_after=2024-02-27T00:00:00+00:00
[2024-02-27T13:33:51.116+0000] {processor.py:175} INFO - Processing /home/airflow/.local/lib/python3.7/site-packages/airflow/example_dags/example_branch_operator.py took 0.073 seconds
[2024-02-27T13:34:21.411+0000] {processor.py:153} INFO - Started process (PID=758) to work on /home/airflow/.local/lib/python3.7/site-packages/airflow/example_dags/example_branch_operator.py
[2024-02-27T13:34:21.412+0000] {processor.py:743} INFO - Processing file /home/airflow/.local/lib/python3.7/site-packages/airflow/example_dags/example_branch_operator.py for tasks to queue
[2024-02-27T13:34:21.413+0000] {logging_mixin.py:137} INFO - [2024-02-27T13:34:21.413+0000] {dagbag.py:538} INFO - Filling up the DagBag from /home/airflow/.local/lib/python3.7/site-packages/airflow/example_dags/example_branch_operator.py
[2024-02-27T13:34:21.426+0000] {processor.py:753} INFO - DAG(s) dict_keys(['example_branch_operator']) retrieved from /home/airflow/.local/lib/python3.7/site-packages/airflow/example_dags/example_branch_operator.py
[2024-02-27T13:34:21.448+0000] {logging_mixin.py:137} INFO - [2024-02-27T13:34:21.448+0000] {dag.py:2690} INFO - Sync 1 DAGs
[2024-02-27T13:34:21.470+0000] {logging_mixin.py:137} INFO - [2024-02-27T13:34:21.470+0000] {dag.py:3441} INFO - Setting next_dagrun for example_branch_operator to 2024-02-26T00:00:00+00:00, run_after=2024-02-27T00:00:00+00:00
[2024-02-27T13:34:21.485+0000] {processor.py:175} INFO - Processing /home/airflow/.local/lib/python3.7/site-packages/airflow/example_dags/example_branch_operator.py took 0.077 seconds
[2024-02-27T13:34:52.011+0000] {processor.py:153} INFO - Started process (PID=882) to work on /home/airflow/.local/lib/python3.7/site-packages/airflow/example_dags/example_branch_operator.py
[2024-02-27T13:34:52.012+0000] {processor.py:743} INFO - Processing file /home/airflow/.local/lib/python3.7/site-packages/airflow/example_dags/example_branch_operator.py for tasks to queue
[2024-02-27T13:34:52.013+0000] {logging_mixin.py:137} INFO - [2024-02-27T13:34:52.013+0000] {dagbag.py:538} INFO - Filling up the DagBag from /home/airflow/.local/lib/python3.7/site-packages/airflow/example_dags/example_branch_operator.py
[2024-02-27T13:34:52.024+0000] {processor.py:753} INFO - DAG(s) dict_keys(['example_branch_operator']) retrieved from /home/airflow/.local/lib/python3.7/site-packages/airflow/example_dags/example_branch_operator.py
[2024-02-27T13:34:52.043+0000] {logging_mixin.py:137} INFO - [2024-02-27T13:34:52.043+0000] {dag.py:2690} INFO - Sync 1 DAGs
[2024-02-27T13:34:52.060+0000] {logging_mixin.py:137} INFO - [2024-02-27T13:34:52.060+0000] {dag.py:3441} INFO - Setting next_dagrun for example_branch_operator to 2024-02-26T00:00:00+00:00, run_after=2024-02-27T00:00:00+00:00
[2024-02-27T13:34:52.075+0000] {processor.py:175} INFO - Processing /home/airflow/.local/lib/python3.7/site-packages/airflow/example_dags/example_branch_operator.py took 0.066 seconds
[2024-02-27T13:35:22.247+0000] {processor.py:153} INFO - Started process (PID=977) to work on /home/airflow/.local/lib/python3.7/site-packages/airflow/example_dags/example_branch_operator.py
[2024-02-27T13:35:22.248+0000] {processor.py:743} INFO - Processing file /home/airflow/.local/lib/python3.7/site-packages/airflow/example_dags/example_branch_operator.py for tasks to queue
[2024-02-27T13:35:22.248+0000] {logging_mixin.py:137} INFO - [2024-02-27T13:35:22.248+0000] {dagbag.py:538} INFO - Filling up the DagBag from /home/airflow/.local/lib/python3.7/site-packages/airflow/example_dags/example_branch_operator.py
[2024-02-27T13:35:22.265+0000] {processor.py:753} INFO - DAG(s) dict_keys(['example_branch_operator']) retrieved from /home/airflow/.local/lib/python3.7/site-packages/airflow/example_dags/example_branch_operator.py
[2024-02-27T13:35:22.288+0000] {logging_mixin.py:137} INFO - [2024-02-27T13:35:22.288+0000] {dag.py:2690} INFO - Sync 1 DAGs
[2024-02-27T13:35:22.309+0000] {logging_mixin.py:137} INFO - [2024-02-27T13:35:22.309+0000] {dag.py:3441} INFO - Setting next_dagrun for example_branch_operator to 2024-02-26T00:00:00+00:00, run_after=2024-02-27T00:00:00+00:00
[2024-02-27T13:35:22.329+0000] {processor.py:175} INFO - Processing /home/airflow/.local/lib/python3.7/site-packages/airflow/example_dags/example_branch_operator.py took 0.086 seconds
[2024-02-27T13:35:52.434+0000] {processor.py:153} INFO - Started process (PID=1100) to work on /home/airflow/.local/lib/python3.7/site-packages/airflow/example_dags/example_branch_operator.py
[2024-02-27T13:35:52.435+0000] {processor.py:743} INFO - Processing file /home/airflow/.local/lib/python3.7/site-packages/airflow/example_dags/example_branch_operator.py for tasks to queue
[2024-02-27T13:35:52.436+0000] {logging_mixin.py:137} INFO - [2024-02-27T13:35:52.436+0000] {dagbag.py:538} INFO - Filling up the DagBag from /home/airflow/.local/lib/python3.7/site-packages/airflow/example_dags/example_branch_operator.py
[2024-02-27T13:35:52.448+0000] {processor.py:753} INFO - DAG(s) dict_keys(['example_branch_operator']) retrieved from /home/airflow/.local/lib/python3.7/site-packages/airflow/example_dags/example_branch_operator.py
[2024-02-27T13:35:52.468+0000] {logging_mixin.py:137} INFO - [2024-02-27T13:35:52.468+0000] {dag.py:2690} INFO - Sync 1 DAGs
[2024-02-27T13:35:52.488+0000] {logging_mixin.py:137} INFO - [2024-02-27T13:35:52.487+0000] {dag.py:3441} INFO - Setting next_dagrun for example_branch_operator to 2024-02-26T00:00:00+00:00, run_after=2024-02-27T00:00:00+00:00
[2024-02-27T13:35:52.504+0000] {processor.py:175} INFO - Processing /home/airflow/.local/lib/python3.7/site-packages/airflow/example_dags/example_branch_operator.py took 0.072 seconds
[2024-02-27T13:36:22.701+0000] {processor.py:153} INFO - Started process (PID=1195) to work on /home/airflow/.local/lib/python3.7/site-packages/airflow/example_dags/example_branch_operator.py
[2024-02-27T13:36:22.702+0000] {processor.py:743} INFO - Processing file /home/airflow/.local/lib/python3.7/site-packages/airflow/example_dags/example_branch_operator.py for tasks to queue
[2024-02-27T13:36:22.703+0000] {logging_mixin.py:137} INFO - [2024-02-27T13:36:22.703+0000] {dagbag.py:538} INFO - Filling up the DagBag from /home/airflow/.local/lib/python3.7/site-packages/airflow/example_dags/example_branch_operator.py
[2024-02-27T13:36:22.714+0000] {processor.py:753} INFO - DAG(s) dict_keys(['example_branch_operator']) retrieved from /home/airflow/.local/lib/python3.7/site-packages/airflow/example_dags/example_branch_operator.py
[2024-02-27T13:36:22.732+0000] {logging_mixin.py:137} INFO - [2024-02-27T13:36:22.732+0000] {dag.py:2690} INFO - Sync 1 DAGs
[2024-02-27T13:36:22.749+0000] {logging_mixin.py:137} INFO - [2024-02-27T13:36:22.749+0000] {dag.py:3441} INFO - Setting next_dagrun for example_branch_operator to 2024-02-26T00:00:00+00:00, run_after=2024-02-27T00:00:00+00:00
[2024-02-27T13:36:22.767+0000] {processor.py:175} INFO - Processing /home/airflow/.local/lib/python3.7/site-packages/airflow/example_dags/example_branch_operator.py took 0.068 seconds
[2024-02-27T13:36:52.944+0000] {processor.py:153} INFO - Started process (PID=1318) to work on /home/airflow/.local/lib/python3.7/site-packages/airflow/example_dags/example_branch_operator.py
[2024-02-27T13:36:52.945+0000] {processor.py:743} INFO - Processing file /home/airflow/.local/lib/python3.7/site-packages/airflow/example_dags/example_branch_operator.py for tasks to queue
[2024-02-27T13:36:52.946+0000] {logging_mixin.py:137} INFO - [2024-02-27T13:36:52.946+0000] {dagbag.py:538} INFO - Filling up the DagBag from /home/airflow/.local/lib/python3.7/site-packages/airflow/example_dags/example_branch_operator.py
[2024-02-27T13:36:52.961+0000] {processor.py:753} INFO - DAG(s) dict_keys(['example_branch_operator']) retrieved from /home/airflow/.local/lib/python3.7/site-packages/airflow/example_dags/example_branch_operator.py
[2024-02-27T13:36:52.985+0000] {logging_mixin.py:137} INFO - [2024-02-27T13:36:52.985+0000] {dag.py:2690} INFO - Sync 1 DAGs
[2024-02-27T13:36:53.008+0000] {logging_mixin.py:137} INFO - [2024-02-27T13:36:53.008+0000] {dag.py:3441} INFO - Setting next_dagrun for example_branch_operator to 2024-02-26T00:00:00+00:00, run_after=2024-02-27T00:00:00+00:00
[2024-02-27T13:36:53.027+0000] {processor.py:175} INFO - Processing /home/airflow/.local/lib/python3.7/site-packages/airflow/example_dags/example_branch_operator.py took 0.086 seconds
[2024-02-27T13:37:23.324+0000] {processor.py:153} INFO - Started process (PID=1413) to work on /home/airflow/.local/lib/python3.7/site-packages/airflow/example_dags/example_branch_operator.py
[2024-02-27T13:37:23.326+0000] {processor.py:743} INFO - Processing file /home/airflow/.local/lib/python3.7/site-packages/airflow/example_dags/example_branch_operator.py for tasks to queue
[2024-02-27T13:37:23.327+0000] {logging_mixin.py:137} INFO - [2024-02-27T13:37:23.327+0000] {dagbag.py:538} INFO - Filling up the DagBag from /home/airflow/.local/lib/python3.7/site-packages/airflow/example_dags/example_branch_operator.py
[2024-02-27T13:37:23.340+0000] {processor.py:753} INFO - DAG(s) dict_keys(['example_branch_operator']) retrieved from /home/airflow/.local/lib/python3.7/site-packages/airflow/example_dags/example_branch_operator.py
[2024-02-27T13:37:23.361+0000] {logging_mixin.py:137} INFO - [2024-02-27T13:37:23.361+0000] {dag.py:2690} INFO - Sync 1 DAGs
[2024-02-27T13:37:23.381+0000] {logging_mixin.py:137} INFO - [2024-02-27T13:37:23.381+0000] {dag.py:3441} INFO - Setting next_dagrun for example_branch_operator to 2024-02-26T00:00:00+00:00, run_after=2024-02-27T00:00:00+00:00
[2024-02-27T13:37:23.398+0000] {processor.py:175} INFO - Processing /home/airflow/.local/lib/python3.7/site-packages/airflow/example_dags/example_branch_operator.py took 0.077 seconds
[2024-02-27T13:37:53.600+0000] {processor.py:153} INFO - Started process (PID=1538) to work on /home/airflow/.local/lib/python3.7/site-packages/airflow/example_dags/example_branch_operator.py
[2024-02-27T13:37:53.601+0000] {processor.py:743} INFO - Processing file /home/airflow/.local/lib/python3.7/site-packages/airflow/example_dags/example_branch_operator.py for tasks to queue
[2024-02-27T13:37:53.602+0000] {logging_mixin.py:137} INFO - [2024-02-27T13:37:53.602+0000] {dagbag.py:538} INFO - Filling up the DagBag from /home/airflow/.local/lib/python3.7/site-packages/airflow/example_dags/example_branch_operator.py
[2024-02-27T13:37:53.614+0000] {processor.py:753} INFO - DAG(s) dict_keys(['example_branch_operator']) retrieved from /home/airflow/.local/lib/python3.7/site-packages/airflow/example_dags/example_branch_operator.py
[2024-02-27T13:37:53.633+0000] {logging_mixin.py:137} INFO - [2024-02-27T13:37:53.633+0000] {dag.py:2690} INFO - Sync 1 DAGs
[2024-02-27T13:37:53.655+0000] {logging_mixin.py:137} INFO - [2024-02-27T13:37:53.655+0000] {dag.py:3441} INFO - Setting next_dagrun for example_branch_operator to 2024-02-26T00:00:00+00:00, run_after=2024-02-27T00:00:00+00:00
[2024-02-27T13:37:53.671+0000] {processor.py:175} INFO - Processing /home/airflow/.local/lib/python3.7/site-packages/airflow/example_dags/example_branch_operator.py took 0.073 seconds
[2024-02-27T13:38:24.017+0000] {processor.py:153} INFO - Started process (PID=1661) to work on /home/airflow/.local/lib/python3.7/site-packages/airflow/example_dags/example_branch_operator.py
[2024-02-27T13:38:24.018+0000] {processor.py:743} INFO - Processing file /home/airflow/.local/lib/python3.7/site-packages/airflow/example_dags/example_branch_operator.py for tasks to queue
[2024-02-27T13:38:24.019+0000] {logging_mixin.py:137} INFO - [2024-02-27T13:38:24.019+0000] {dagbag.py:538} INFO - Filling up the DagBag from /home/airflow/.local/lib/python3.7/site-packages/airflow/example_dags/example_branch_operator.py
[2024-02-27T13:38:24.030+0000] {processor.py:753} INFO - DAG(s) dict_keys(['example_branch_operator']) retrieved from /home/airflow/.local/lib/python3.7/site-packages/airflow/example_dags/example_branch_operator.py
[2024-02-27T13:38:24.048+0000] {logging_mixin.py:137} INFO - [2024-02-27T13:38:24.048+0000] {dag.py:2690} INFO - Sync 1 DAGs
[2024-02-27T13:38:24.065+0000] {logging_mixin.py:137} INFO - [2024-02-27T13:38:24.064+0000] {dag.py:3441} INFO - Setting next_dagrun for example_branch_operator to 2024-02-26T00:00:00+00:00, run_after=2024-02-27T00:00:00+00:00
[2024-02-27T13:38:24.078+0000] {processor.py:175} INFO - Processing /home/airflow/.local/lib/python3.7/site-packages/airflow/example_dags/example_branch_operator.py took 0.064 seconds
[2024-02-27T13:38:54.299+0000] {processor.py:153} INFO - Started process (PID=1756) to work on /home/airflow/.local/lib/python3.7/site-packages/airflow/example_dags/example_branch_operator.py
[2024-02-27T13:38:54.300+0000] {processor.py:743} INFO - Processing file /home/airflow/.local/lib/python3.7/site-packages/airflow/example_dags/example_branch_operator.py for tasks to queue
[2024-02-27T13:38:54.301+0000] {logging_mixin.py:137} INFO - [2024-02-27T13:38:54.301+0000] {dagbag.py:538} INFO - Filling up the DagBag from /home/airflow/.local/lib/python3.7/site-packages/airflow/example_dags/example_branch_operator.py
[2024-02-27T13:38:54.315+0000] {processor.py:753} INFO - DAG(s) dict_keys(['example_branch_operator']) retrieved from /home/airflow/.local/lib/python3.7/site-packages/airflow/example_dags/example_branch_operator.py
[2024-02-27T13:38:54.335+0000] {logging_mixin.py:137} INFO - [2024-02-27T13:38:54.335+0000] {dag.py:2690} INFO - Sync 1 DAGs
[2024-02-27T13:38:54.353+0000] {logging_mixin.py:137} INFO - [2024-02-27T13:38:54.353+0000] {dag.py:3441} INFO - Setting next_dagrun for example_branch_operator to 2024-02-26T00:00:00+00:00, run_after=2024-02-27T00:00:00+00:00
[2024-02-27T13:38:54.442+0000] {processor.py:175} INFO - Processing /home/airflow/.local/lib/python3.7/site-packages/airflow/example_dags/example_branch_operator.py took 0.146 seconds
[2024-02-27T13:39:25.140+0000] {processor.py:153} INFO - Started process (PID=1879) to work on /home/airflow/.local/lib/python3.7/site-packages/airflow/example_dags/example_branch_operator.py
[2024-02-27T13:39:25.141+0000] {processor.py:743} INFO - Processing file /home/airflow/.local/lib/python3.7/site-packages/airflow/example_dags/example_branch_operator.py for tasks to queue
[2024-02-27T13:39:25.141+0000] {logging_mixin.py:137} INFO - [2024-02-27T13:39:25.141+0000] {dagbag.py:538} INFO - Filling up the DagBag from /home/airflow/.local/lib/python3.7/site-packages/airflow/example_dags/example_branch_operator.py
[2024-02-27T13:39:25.153+0000] {processor.py:753} INFO - DAG(s) dict_keys(['example_branch_operator']) retrieved from /home/airflow/.local/lib/python3.7/site-packages/airflow/example_dags/example_branch_operator.py
[2024-02-27T13:39:25.173+0000] {logging_mixin.py:137} INFO - [2024-02-27T13:39:25.172+0000] {dag.py:2690} INFO - Sync 1 DAGs
[2024-02-27T13:39:25.191+0000] {logging_mixin.py:137} INFO - [2024-02-27T13:39:25.191+0000] {dag.py:3441} INFO - Setting next_dagrun for example_branch_operator to 2024-02-26T00:00:00+00:00, run_after=2024-02-27T00:00:00+00:00
[2024-02-27T13:39:25.206+0000] {processor.py:175} INFO - Processing /home/airflow/.local/lib/python3.7/site-packages/airflow/example_dags/example_branch_operator.py took 0.069 seconds
[2024-02-27T13:39:55.853+0000] {processor.py:153} INFO - Started process (PID=1974) to work on /home/airflow/.local/lib/python3.7/site-packages/airflow/example_dags/example_branch_operator.py
[2024-02-27T13:39:55.854+0000] {processor.py:743} INFO - Processing file /home/airflow/.local/lib/python3.7/site-packages/airflow/example_dags/example_branch_operator.py for tasks to queue
[2024-02-27T13:39:55.855+0000] {logging_mixin.py:137} INFO - [2024-02-27T13:39:55.855+0000] {dagbag.py:538} INFO - Filling up the DagBag from /home/airflow/.local/lib/python3.7/site-packages/airflow/example_dags/example_branch_operator.py
[2024-02-27T13:39:55.868+0000] {processor.py:753} INFO - DAG(s) dict_keys(['example_branch_operator']) retrieved from /home/airflow/.local/lib/python3.7/site-packages/airflow/example_dags/example_branch_operator.py
[2024-02-27T13:39:55.890+0000] {logging_mixin.py:137} INFO - [2024-02-27T13:39:55.890+0000] {dag.py:2690} INFO - Sync 1 DAGs
[2024-02-27T13:39:55.912+0000] {logging_mixin.py:137} INFO - [2024-02-27T13:39:55.911+0000] {dag.py:3441} INFO - Setting next_dagrun for example_branch_operator to 2024-02-26T00:00:00+00:00, run_after=2024-02-27T00:00:00+00:00
[2024-02-27T13:39:55.930+0000] {processor.py:175} INFO - Processing /home/airflow/.local/lib/python3.7/site-packages/airflow/example_dags/example_branch_operator.py took 0.080 seconds
[2024-02-27T13:40:26.270+0000] {processor.py:153} INFO - Started process (PID=2098) to work on /home/airflow/.local/lib/python3.7/site-packages/airflow/example_dags/example_branch_operator.py
[2024-02-27T13:40:26.271+0000] {processor.py:743} INFO - Processing file /home/airflow/.local/lib/python3.7/site-packages/airflow/example_dags/example_branch_operator.py for tasks to queue
[2024-02-27T13:40:26.272+0000] {logging_mixin.py:137} INFO - [2024-02-27T13:40:26.272+0000] {dagbag.py:538} INFO - Filling up the DagBag from /home/airflow/.local/lib/python3.7/site-packages/airflow/example_dags/example_branch_operator.py
[2024-02-27T13:40:26.284+0000] {processor.py:753} INFO - DAG(s) dict_keys(['example_branch_operator']) retrieved from /home/airflow/.local/lib/python3.7/site-packages/airflow/example_dags/example_branch_operator.py
[2024-02-27T13:40:26.304+0000] {logging_mixin.py:137} INFO - [2024-02-27T13:40:26.304+0000] {dag.py:2690} INFO - Sync 1 DAGs
[2024-02-27T13:40:26.323+0000] {logging_mixin.py:137} INFO - [2024-02-27T13:40:26.323+0000] {dag.py:3441} INFO - Setting next_dagrun for example_branch_operator to 2024-02-26T00:00:00+00:00, run_after=2024-02-27T00:00:00+00:00
[2024-02-27T13:40:26.340+0000] {processor.py:175} INFO - Processing /home/airflow/.local/lib/python3.7/site-packages/airflow/example_dags/example_branch_operator.py took 0.072 seconds
[2024-02-27T13:40:57.164+0000] {processor.py:153} INFO - Started process (PID=2221) to work on /home/airflow/.local/lib/python3.7/site-packages/airflow/example_dags/example_branch_operator.py
[2024-02-27T13:40:57.165+0000] {processor.py:743} INFO - Processing file /home/airflow/.local/lib/python3.7/site-packages/airflow/example_dags/example_branch_operator.py for tasks to queue
[2024-02-27T13:40:57.166+0000] {logging_mixin.py:137} INFO - [2024-02-27T13:40:57.166+0000] {dagbag.py:538} INFO - Filling up the DagBag from /home/airflow/.local/lib/python3.7/site-packages/airflow/example_dags/example_branch_operator.py
[2024-02-27T13:40:57.180+0000] {processor.py:753} INFO - DAG(s) dict_keys(['example_branch_operator']) retrieved from /home/airflow/.local/lib/python3.7/site-packages/airflow/example_dags/example_branch_operator.py
[2024-02-27T13:40:57.201+0000] {logging_mixin.py:137} INFO - [2024-02-27T13:40:57.201+0000] {dag.py:2690} INFO - Sync 1 DAGs
[2024-02-27T13:40:57.221+0000] {logging_mixin.py:137} INFO - [2024-02-27T13:40:57.221+0000] {dag.py:3441} INFO - Setting next_dagrun for example_branch_operator to 2024-02-26T00:00:00+00:00, run_after=2024-02-27T00:00:00+00:00
[2024-02-27T13:40:57.243+0000] {processor.py:175} INFO - Processing /home/airflow/.local/lib/python3.7/site-packages/airflow/example_dags/example_branch_operator.py took 0.081 seconds
[2024-02-27T13:41:27.649+0000] {processor.py:153} INFO - Started process (PID=2316) to work on /home/airflow/.local/lib/python3.7/site-packages/airflow/example_dags/example_branch_operator.py
[2024-02-27T13:41:27.650+0000] {processor.py:743} INFO - Processing file /home/airflow/.local/lib/python3.7/site-packages/airflow/example_dags/example_branch_operator.py for tasks to queue
[2024-02-27T13:41:27.651+0000] {logging_mixin.py:137} INFO - [2024-02-27T13:41:27.651+0000] {dagbag.py:538} INFO - Filling up the DagBag from /home/airflow/.local/lib/python3.7/site-packages/airflow/example_dags/example_branch_operator.py
[2024-02-27T13:41:27.663+0000] {processor.py:753} INFO - DAG(s) dict_keys(['example_branch_operator']) retrieved from /home/airflow/.local/lib/python3.7/site-packages/airflow/example_dags/example_branch_operator.py
[2024-02-27T13:41:27.685+0000] {logging_mixin.py:137} INFO - [2024-02-27T13:41:27.685+0000] {dag.py:2690} INFO - Sync 1 DAGs
[2024-02-27T13:41:27.703+0000] {logging_mixin.py:137} INFO - [2024-02-27T13:41:27.703+0000] {dag.py:3441} INFO - Setting next_dagrun for example_branch_operator to 2024-02-26T00:00:00+00:00, run_after=2024-02-27T00:00:00+00:00
[2024-02-27T13:41:27.717+0000] {processor.py:175} INFO - Processing /home/airflow/.local/lib/python3.7/site-packages/airflow/example_dags/example_branch_operator.py took 0.070 seconds
