[2024-02-27T13:31:18.732+0000] {processor.py:153} INFO - Started process (PID=108) to work on /home/airflow/.local/lib/python3.7/site-packages/airflow/example_dags/example_dag_decorator.py
[2024-02-27T13:31:18.734+0000] {processor.py:743} INFO - Processing file /home/airflow/.local/lib/python3.7/site-packages/airflow/example_dags/example_dag_decorator.py for tasks to queue
[2024-02-27T13:31:18.735+0000] {logging_mixin.py:137} INFO - [2024-02-27T13:31:18.735+0000] {dagbag.py:538} INFO - Filling up the DagBag from /home/airflow/.local/lib/python3.7/site-packages/airflow/example_dags/example_dag_decorator.py
[2024-02-27T13:31:18.755+0000] {logging_mixin.py:137} INFO - [2024-02-27T13:31:18.755+0000] {taskmixin.py:205} WARNING - Dependency <Task(_PythonDecoratedOperator): prepare_email>, send_email already registered for DAG: example_dag_decorator
[2024-02-27T13:31:18.756+0000] {logging_mixin.py:137} INFO - [2024-02-27T13:31:18.756+0000] {taskmixin.py:205} WARNING - Dependency <Task(EmailOperator): send_email>, prepare_email already registered for DAG: example_dag_decorator
[2024-02-27T13:31:18.772+0000] {processor.py:753} INFO - DAG(s) dict_keys(['example_dag_decorator']) retrieved from /home/airflow/.local/lib/python3.7/site-packages/airflow/example_dags/example_dag_decorator.py
[2024-02-27T13:31:18.887+0000] {logging_mixin.py:137} INFO - [2024-02-27T13:31:18.886+0000] {manager.py:504} INFO - Created Permission View: can edit on DAG:example_dag_decorator
[2024-02-27T13:31:18.897+0000] {logging_mixin.py:137} INFO - [2024-02-27T13:31:18.897+0000] {manager.py:504} INFO - Created Permission View: can delete on DAG:example_dag_decorator
[2024-02-27T13:31:18.905+0000] {logging_mixin.py:137} INFO - [2024-02-27T13:31:18.904+0000] {manager.py:504} INFO - Created Permission View: can read on DAG:example_dag_decorator
[2024-02-27T13:31:18.905+0000] {logging_mixin.py:137} INFO - [2024-02-27T13:31:18.905+0000] {dag.py:2690} INFO - Sync 1 DAGs
[2024-02-27T13:31:18.918+0000] {logging_mixin.py:137} INFO - [2024-02-27T13:31:18.918+0000] {dag.py:2711} INFO - Creating ORM DAG for example_dag_decorator
[2024-02-27T13:31:18.934+0000] {logging_mixin.py:137} INFO - [2024-02-27T13:31:18.934+0000] {dag.py:3441} INFO - Setting next_dagrun for example_dag_decorator to None, run_after=None
[2024-02-27T13:31:18.951+0000] {processor.py:175} INFO - Processing /home/airflow/.local/lib/python3.7/site-packages/airflow/example_dags/example_dag_decorator.py took 0.225 seconds
[2024-02-27T13:31:49.581+0000] {processor.py:153} INFO - Started process (PID=203) to work on /home/airflow/.local/lib/python3.7/site-packages/airflow/example_dags/example_dag_decorator.py
[2024-02-27T13:31:49.583+0000] {processor.py:743} INFO - Processing file /home/airflow/.local/lib/python3.7/site-packages/airflow/example_dags/example_dag_decorator.py for tasks to queue
[2024-02-27T13:31:49.583+0000] {logging_mixin.py:137} INFO - [2024-02-27T13:31:49.583+0000] {dagbag.py:538} INFO - Filling up the DagBag from /home/airflow/.local/lib/python3.7/site-packages/airflow/example_dags/example_dag_decorator.py
[2024-02-27T13:31:49.597+0000] {logging_mixin.py:137} INFO - [2024-02-27T13:31:49.597+0000] {taskmixin.py:205} WARNING - Dependency <Task(_PythonDecoratedOperator): prepare_email>, send_email already registered for DAG: example_dag_decorator
[2024-02-27T13:31:49.598+0000] {logging_mixin.py:137} INFO - [2024-02-27T13:31:49.598+0000] {taskmixin.py:205} WARNING - Dependency <Task(EmailOperator): send_email>, prepare_email already registered for DAG: example_dag_decorator
[2024-02-27T13:31:49.606+0000] {processor.py:753} INFO - DAG(s) dict_keys(['example_dag_decorator']) retrieved from /home/airflow/.local/lib/python3.7/site-packages/airflow/example_dags/example_dag_decorator.py
[2024-02-27T13:31:49.653+0000] {logging_mixin.py:137} INFO - [2024-02-27T13:31:49.653+0000] {dag.py:2690} INFO - Sync 1 DAGs
[2024-02-27T13:31:49.681+0000] {logging_mixin.py:137} INFO - [2024-02-27T13:31:49.681+0000] {dag.py:3441} INFO - Setting next_dagrun for example_dag_decorator to None, run_after=None
[2024-02-27T13:31:49.696+0000] {processor.py:175} INFO - Processing /home/airflow/.local/lib/python3.7/site-packages/airflow/example_dags/example_dag_decorator.py took 0.117 seconds
[2024-02-27T13:32:20.109+0000] {processor.py:153} INFO - Started process (PID=326) to work on /home/airflow/.local/lib/python3.7/site-packages/airflow/example_dags/example_dag_decorator.py
[2024-02-27T13:32:20.110+0000] {processor.py:743} INFO - Processing file /home/airflow/.local/lib/python3.7/site-packages/airflow/example_dags/example_dag_decorator.py for tasks to queue
[2024-02-27T13:32:20.110+0000] {logging_mixin.py:137} INFO - [2024-02-27T13:32:20.110+0000] {dagbag.py:538} INFO - Filling up the DagBag from /home/airflow/.local/lib/python3.7/site-packages/airflow/example_dags/example_dag_decorator.py
[2024-02-27T13:32:20.123+0000] {logging_mixin.py:137} INFO - [2024-02-27T13:32:20.123+0000] {taskmixin.py:205} WARNING - Dependency <Task(_PythonDecoratedOperator): prepare_email>, send_email already registered for DAG: example_dag_decorator
[2024-02-27T13:32:20.124+0000] {logging_mixin.py:137} INFO - [2024-02-27T13:32:20.124+0000] {taskmixin.py:205} WARNING - Dependency <Task(EmailOperator): send_email>, prepare_email already registered for DAG: example_dag_decorator
[2024-02-27T13:32:20.133+0000] {processor.py:753} INFO - DAG(s) dict_keys(['example_dag_decorator']) retrieved from /home/airflow/.local/lib/python3.7/site-packages/airflow/example_dags/example_dag_decorator.py
[2024-02-27T13:32:20.182+0000] {logging_mixin.py:137} INFO - [2024-02-27T13:32:20.182+0000] {dag.py:2690} INFO - Sync 1 DAGs
[2024-02-27T13:32:20.199+0000] {logging_mixin.py:137} INFO - [2024-02-27T13:32:20.198+0000] {dag.py:3441} INFO - Setting next_dagrun for example_dag_decorator to None, run_after=None
[2024-02-27T13:32:20.217+0000] {processor.py:175} INFO - Processing /home/airflow/.local/lib/python3.7/site-packages/airflow/example_dags/example_dag_decorator.py took 0.111 seconds
[2024-02-27T13:32:50.550+0000] {processor.py:153} INFO - Started process (PID=421) to work on /home/airflow/.local/lib/python3.7/site-packages/airflow/example_dags/example_dag_decorator.py
[2024-02-27T13:32:50.551+0000] {processor.py:743} INFO - Processing file /home/airflow/.local/lib/python3.7/site-packages/airflow/example_dags/example_dag_decorator.py for tasks to queue
[2024-02-27T13:32:50.552+0000] {logging_mixin.py:137} INFO - [2024-02-27T13:32:50.552+0000] {dagbag.py:538} INFO - Filling up the DagBag from /home/airflow/.local/lib/python3.7/site-packages/airflow/example_dags/example_dag_decorator.py
[2024-02-27T13:32:50.564+0000] {logging_mixin.py:137} INFO - [2024-02-27T13:32:50.564+0000] {taskmixin.py:205} WARNING - Dependency <Task(_PythonDecoratedOperator): prepare_email>, send_email already registered for DAG: example_dag_decorator
[2024-02-27T13:32:50.565+0000] {logging_mixin.py:137} INFO - [2024-02-27T13:32:50.565+0000] {taskmixin.py:205} WARNING - Dependency <Task(EmailOperator): send_email>, prepare_email already registered for DAG: example_dag_decorator
[2024-02-27T13:32:50.574+0000] {processor.py:753} INFO - DAG(s) dict_keys(['example_dag_decorator']) retrieved from /home/airflow/.local/lib/python3.7/site-packages/airflow/example_dags/example_dag_decorator.py
[2024-02-27T13:32:50.626+0000] {logging_mixin.py:137} INFO - [2024-02-27T13:32:50.626+0000] {dag.py:2690} INFO - Sync 1 DAGs
[2024-02-27T13:32:50.645+0000] {logging_mixin.py:137} INFO - [2024-02-27T13:32:50.645+0000] {dag.py:3441} INFO - Setting next_dagrun for example_dag_decorator to None, run_after=None
[2024-02-27T13:32:50.665+0000] {processor.py:175} INFO - Processing /home/airflow/.local/lib/python3.7/site-packages/airflow/example_dags/example_dag_decorator.py took 0.117 seconds
[2024-02-27T13:33:20.889+0000] {processor.py:153} INFO - Started process (PID=544) to work on /home/airflow/.local/lib/python3.7/site-packages/airflow/example_dags/example_dag_decorator.py
[2024-02-27T13:33:20.890+0000] {processor.py:743} INFO - Processing file /home/airflow/.local/lib/python3.7/site-packages/airflow/example_dags/example_dag_decorator.py for tasks to queue
[2024-02-27T13:33:20.891+0000] {logging_mixin.py:137} INFO - [2024-02-27T13:33:20.891+0000] {dagbag.py:538} INFO - Filling up the DagBag from /home/airflow/.local/lib/python3.7/site-packages/airflow/example_dags/example_dag_decorator.py
[2024-02-27T13:33:20.904+0000] {logging_mixin.py:137} INFO - [2024-02-27T13:33:20.904+0000] {taskmixin.py:205} WARNING - Dependency <Task(_PythonDecoratedOperator): prepare_email>, send_email already registered for DAG: example_dag_decorator
[2024-02-27T13:33:20.904+0000] {logging_mixin.py:137} INFO - [2024-02-27T13:33:20.904+0000] {taskmixin.py:205} WARNING - Dependency <Task(EmailOperator): send_email>, prepare_email already registered for DAG: example_dag_decorator
[2024-02-27T13:33:20.914+0000] {processor.py:753} INFO - DAG(s) dict_keys(['example_dag_decorator']) retrieved from /home/airflow/.local/lib/python3.7/site-packages/airflow/example_dags/example_dag_decorator.py
[2024-02-27T13:33:20.959+0000] {logging_mixin.py:137} INFO - [2024-02-27T13:33:20.959+0000] {dag.py:2690} INFO - Sync 1 DAGs
[2024-02-27T13:33:20.975+0000] {logging_mixin.py:137} INFO - [2024-02-27T13:33:20.974+0000] {dag.py:3441} INFO - Setting next_dagrun for example_dag_decorator to None, run_after=None
[2024-02-27T13:33:20.993+0000] {processor.py:175} INFO - Processing /home/airflow/.local/lib/python3.7/site-packages/airflow/example_dags/example_dag_decorator.py took 0.106 seconds
[2024-02-27T13:33:51.253+0000] {processor.py:153} INFO - Started process (PID=638) to work on /home/airflow/.local/lib/python3.7/site-packages/airflow/example_dags/example_dag_decorator.py
[2024-02-27T13:33:51.254+0000] {processor.py:743} INFO - Processing file /home/airflow/.local/lib/python3.7/site-packages/airflow/example_dags/example_dag_decorator.py for tasks to queue
[2024-02-27T13:33:51.255+0000] {logging_mixin.py:137} INFO - [2024-02-27T13:33:51.255+0000] {dagbag.py:538} INFO - Filling up the DagBag from /home/airflow/.local/lib/python3.7/site-packages/airflow/example_dags/example_dag_decorator.py
[2024-02-27T13:33:51.266+0000] {logging_mixin.py:137} INFO - [2024-02-27T13:33:51.266+0000] {taskmixin.py:205} WARNING - Dependency <Task(_PythonDecoratedOperator): prepare_email>, send_email already registered for DAG: example_dag_decorator
[2024-02-27T13:33:51.267+0000] {logging_mixin.py:137} INFO - [2024-02-27T13:33:51.267+0000] {taskmixin.py:205} WARNING - Dependency <Task(EmailOperator): send_email>, prepare_email already registered for DAG: example_dag_decorator
[2024-02-27T13:33:51.277+0000] {processor.py:753} INFO - DAG(s) dict_keys(['example_dag_decorator']) retrieved from /home/airflow/.local/lib/python3.7/site-packages/airflow/example_dags/example_dag_decorator.py
[2024-02-27T13:33:51.328+0000] {logging_mixin.py:137} INFO - [2024-02-27T13:33:51.328+0000] {dag.py:2690} INFO - Sync 1 DAGs
[2024-02-27T13:33:51.355+0000] {logging_mixin.py:137} INFO - [2024-02-27T13:33:51.355+0000] {dag.py:3441} INFO - Setting next_dagrun for example_dag_decorator to None, run_after=None
[2024-02-27T13:33:51.376+0000] {processor.py:175} INFO - Processing /home/airflow/.local/lib/python3.7/site-packages/airflow/example_dags/example_dag_decorator.py took 0.125 seconds
[2024-02-27T13:34:21.619+0000] {processor.py:153} INFO - Started process (PID=761) to work on /home/airflow/.local/lib/python3.7/site-packages/airflow/example_dags/example_dag_decorator.py
[2024-02-27T13:34:21.620+0000] {processor.py:743} INFO - Processing file /home/airflow/.local/lib/python3.7/site-packages/airflow/example_dags/example_dag_decorator.py for tasks to queue
[2024-02-27T13:34:21.620+0000] {logging_mixin.py:137} INFO - [2024-02-27T13:34:21.620+0000] {dagbag.py:538} INFO - Filling up the DagBag from /home/airflow/.local/lib/python3.7/site-packages/airflow/example_dags/example_dag_decorator.py
[2024-02-27T13:34:21.632+0000] {logging_mixin.py:137} INFO - [2024-02-27T13:34:21.632+0000] {taskmixin.py:205} WARNING - Dependency <Task(_PythonDecoratedOperator): prepare_email>, send_email already registered for DAG: example_dag_decorator
[2024-02-27T13:34:21.633+0000] {logging_mixin.py:137} INFO - [2024-02-27T13:34:21.633+0000] {taskmixin.py:205} WARNING - Dependency <Task(EmailOperator): send_email>, prepare_email already registered for DAG: example_dag_decorator
[2024-02-27T13:34:21.641+0000] {processor.py:753} INFO - DAG(s) dict_keys(['example_dag_decorator']) retrieved from /home/airflow/.local/lib/python3.7/site-packages/airflow/example_dags/example_dag_decorator.py
[2024-02-27T13:34:21.689+0000] {logging_mixin.py:137} INFO - [2024-02-27T13:34:21.688+0000] {dag.py:2690} INFO - Sync 1 DAGs
[2024-02-27T13:34:21.707+0000] {logging_mixin.py:137} INFO - [2024-02-27T13:34:21.707+0000] {dag.py:3441} INFO - Setting next_dagrun for example_dag_decorator to None, run_after=None
[2024-02-27T13:34:21.725+0000] {processor.py:175} INFO - Processing /home/airflow/.local/lib/python3.7/site-packages/airflow/example_dags/example_dag_decorator.py took 0.109 seconds
[2024-02-27T13:34:52.127+0000] {processor.py:153} INFO - Started process (PID=884) to work on /home/airflow/.local/lib/python3.7/site-packages/airflow/example_dags/example_dag_decorator.py
[2024-02-27T13:34:52.129+0000] {processor.py:743} INFO - Processing file /home/airflow/.local/lib/python3.7/site-packages/airflow/example_dags/example_dag_decorator.py for tasks to queue
[2024-02-27T13:34:52.130+0000] {logging_mixin.py:137} INFO - [2024-02-27T13:34:52.130+0000] {dagbag.py:538} INFO - Filling up the DagBag from /home/airflow/.local/lib/python3.7/site-packages/airflow/example_dags/example_dag_decorator.py
[2024-02-27T13:34:52.154+0000] {logging_mixin.py:137} INFO - [2024-02-27T13:34:52.154+0000] {taskmixin.py:205} WARNING - Dependency <Task(_PythonDecoratedOperator): prepare_email>, send_email already registered for DAG: example_dag_decorator
[2024-02-27T13:34:52.154+0000] {logging_mixin.py:137} INFO - [2024-02-27T13:34:52.154+0000] {taskmixin.py:205} WARNING - Dependency <Task(EmailOperator): send_email>, prepare_email already registered for DAG: example_dag_decorator
[2024-02-27T13:34:52.165+0000] {processor.py:753} INFO - DAG(s) dict_keys(['example_dag_decorator']) retrieved from /home/airflow/.local/lib/python3.7/site-packages/airflow/example_dags/example_dag_decorator.py
[2024-02-27T13:34:52.216+0000] {logging_mixin.py:137} INFO - [2024-02-27T13:34:52.216+0000] {dag.py:2690} INFO - Sync 1 DAGs
[2024-02-27T13:34:52.234+0000] {logging_mixin.py:137} INFO - [2024-02-27T13:34:52.234+0000] {dag.py:3441} INFO - Setting next_dagrun for example_dag_decorator to None, run_after=None
[2024-02-27T13:34:52.252+0000] {processor.py:175} INFO - Processing /home/airflow/.local/lib/python3.7/site-packages/airflow/example_dags/example_dag_decorator.py took 0.128 seconds
[2024-02-27T13:35:22.355+0000] {processor.py:153} INFO - Started process (PID=979) to work on /home/airflow/.local/lib/python3.7/site-packages/airflow/example_dags/example_dag_decorator.py
[2024-02-27T13:35:22.356+0000] {processor.py:743} INFO - Processing file /home/airflow/.local/lib/python3.7/site-packages/airflow/example_dags/example_dag_decorator.py for tasks to queue
[2024-02-27T13:35:22.357+0000] {logging_mixin.py:137} INFO - [2024-02-27T13:35:22.357+0000] {dagbag.py:538} INFO - Filling up the DagBag from /home/airflow/.local/lib/python3.7/site-packages/airflow/example_dags/example_dag_decorator.py
[2024-02-27T13:35:22.372+0000] {logging_mixin.py:137} INFO - [2024-02-27T13:35:22.371+0000] {taskmixin.py:205} WARNING - Dependency <Task(_PythonDecoratedOperator): prepare_email>, send_email already registered for DAG: example_dag_decorator
[2024-02-27T13:35:22.372+0000] {logging_mixin.py:137} INFO - [2024-02-27T13:35:22.372+0000] {taskmixin.py:205} WARNING - Dependency <Task(EmailOperator): send_email>, prepare_email already registered for DAG: example_dag_decorator
[2024-02-27T13:35:22.381+0000] {processor.py:753} INFO - DAG(s) dict_keys(['example_dag_decorator']) retrieved from /home/airflow/.local/lib/python3.7/site-packages/airflow/example_dags/example_dag_decorator.py
[2024-02-27T13:35:22.432+0000] {logging_mixin.py:137} INFO - [2024-02-27T13:35:22.432+0000] {dag.py:2690} INFO - Sync 1 DAGs
[2024-02-27T13:35:22.449+0000] {logging_mixin.py:137} INFO - [2024-02-27T13:35:22.449+0000] {dag.py:3441} INFO - Setting next_dagrun for example_dag_decorator to None, run_after=None
[2024-02-27T13:35:22.468+0000] {processor.py:175} INFO - Processing /home/airflow/.local/lib/python3.7/site-packages/airflow/example_dags/example_dag_decorator.py took 0.115 seconds
[2024-02-27T13:35:52.535+0000] {processor.py:153} INFO - Started process (PID=1102) to work on /home/airflow/.local/lib/python3.7/site-packages/airflow/example_dags/example_dag_decorator.py
[2024-02-27T13:35:52.536+0000] {processor.py:743} INFO - Processing file /home/airflow/.local/lib/python3.7/site-packages/airflow/example_dags/example_dag_decorator.py for tasks to queue
[2024-02-27T13:35:52.537+0000] {logging_mixin.py:137} INFO - [2024-02-27T13:35:52.537+0000] {dagbag.py:538} INFO - Filling up the DagBag from /home/airflow/.local/lib/python3.7/site-packages/airflow/example_dags/example_dag_decorator.py
[2024-02-27T13:35:52.549+0000] {logging_mixin.py:137} INFO - [2024-02-27T13:35:52.549+0000] {taskmixin.py:205} WARNING - Dependency <Task(_PythonDecoratedOperator): prepare_email>, send_email already registered for DAG: example_dag_decorator
[2024-02-27T13:35:52.550+0000] {logging_mixin.py:137} INFO - [2024-02-27T13:35:52.550+0000] {taskmixin.py:205} WARNING - Dependency <Task(EmailOperator): send_email>, prepare_email already registered for DAG: example_dag_decorator
[2024-02-27T13:35:52.559+0000] {processor.py:753} INFO - DAG(s) dict_keys(['example_dag_decorator']) retrieved from /home/airflow/.local/lib/python3.7/site-packages/airflow/example_dags/example_dag_decorator.py
[2024-02-27T13:35:52.604+0000] {logging_mixin.py:137} INFO - [2024-02-27T13:35:52.604+0000] {dag.py:2690} INFO - Sync 1 DAGs
[2024-02-27T13:35:52.620+0000] {logging_mixin.py:137} INFO - [2024-02-27T13:35:52.620+0000] {dag.py:3441} INFO - Setting next_dagrun for example_dag_decorator to None, run_after=None
[2024-02-27T13:35:52.637+0000] {processor.py:175} INFO - Processing /home/airflow/.local/lib/python3.7/site-packages/airflow/example_dags/example_dag_decorator.py took 0.104 seconds
[2024-02-27T13:36:22.794+0000] {processor.py:153} INFO - Started process (PID=1197) to work on /home/airflow/.local/lib/python3.7/site-packages/airflow/example_dags/example_dag_decorator.py
[2024-02-27T13:36:22.795+0000] {processor.py:743} INFO - Processing file /home/airflow/.local/lib/python3.7/site-packages/airflow/example_dags/example_dag_decorator.py for tasks to queue
[2024-02-27T13:36:22.795+0000] {logging_mixin.py:137} INFO - [2024-02-27T13:36:22.795+0000] {dagbag.py:538} INFO - Filling up the DagBag from /home/airflow/.local/lib/python3.7/site-packages/airflow/example_dags/example_dag_decorator.py
[2024-02-27T13:36:22.808+0000] {logging_mixin.py:137} INFO - [2024-02-27T13:36:22.808+0000] {taskmixin.py:205} WARNING - Dependency <Task(_PythonDecoratedOperator): prepare_email>, send_email already registered for DAG: example_dag_decorator
[2024-02-27T13:36:22.809+0000] {logging_mixin.py:137} INFO - [2024-02-27T13:36:22.808+0000] {taskmixin.py:205} WARNING - Dependency <Task(EmailOperator): send_email>, prepare_email already registered for DAG: example_dag_decorator
[2024-02-27T13:36:22.817+0000] {processor.py:753} INFO - DAG(s) dict_keys(['example_dag_decorator']) retrieved from /home/airflow/.local/lib/python3.7/site-packages/airflow/example_dags/example_dag_decorator.py
[2024-02-27T13:36:22.863+0000] {logging_mixin.py:137} INFO - [2024-02-27T13:36:22.863+0000] {dag.py:2690} INFO - Sync 1 DAGs
[2024-02-27T13:36:22.879+0000] {logging_mixin.py:137} INFO - [2024-02-27T13:36:22.879+0000] {dag.py:3441} INFO - Setting next_dagrun for example_dag_decorator to None, run_after=None
[2024-02-27T13:36:22.896+0000] {processor.py:175} INFO - Processing /home/airflow/.local/lib/python3.7/site-packages/airflow/example_dags/example_dag_decorator.py took 0.105 seconds
[2024-02-27T13:36:53.058+0000] {processor.py:153} INFO - Started process (PID=1320) to work on /home/airflow/.local/lib/python3.7/site-packages/airflow/example_dags/example_dag_decorator.py
[2024-02-27T13:36:53.060+0000] {processor.py:743} INFO - Processing file /home/airflow/.local/lib/python3.7/site-packages/airflow/example_dags/example_dag_decorator.py for tasks to queue
[2024-02-27T13:36:53.060+0000] {logging_mixin.py:137} INFO - [2024-02-27T13:36:53.060+0000] {dagbag.py:538} INFO - Filling up the DagBag from /home/airflow/.local/lib/python3.7/site-packages/airflow/example_dags/example_dag_decorator.py
[2024-02-27T13:36:53.074+0000] {logging_mixin.py:137} INFO - [2024-02-27T13:36:53.074+0000] {taskmixin.py:205} WARNING - Dependency <Task(_PythonDecoratedOperator): prepare_email>, send_email already registered for DAG: example_dag_decorator
[2024-02-27T13:36:53.075+0000] {logging_mixin.py:137} INFO - [2024-02-27T13:36:53.074+0000] {taskmixin.py:205} WARNING - Dependency <Task(EmailOperator): send_email>, prepare_email already registered for DAG: example_dag_decorator
[2024-02-27T13:36:53.084+0000] {processor.py:753} INFO - DAG(s) dict_keys(['example_dag_decorator']) retrieved from /home/airflow/.local/lib/python3.7/site-packages/airflow/example_dags/example_dag_decorator.py
[2024-02-27T13:36:53.131+0000] {logging_mixin.py:137} INFO - [2024-02-27T13:36:53.131+0000] {dag.py:2690} INFO - Sync 1 DAGs
[2024-02-27T13:36:53.152+0000] {logging_mixin.py:137} INFO - [2024-02-27T13:36:53.152+0000] {dag.py:3441} INFO - Setting next_dagrun for example_dag_decorator to None, run_after=None
[2024-02-27T13:36:53.169+0000] {processor.py:175} INFO - Processing /home/airflow/.local/lib/python3.7/site-packages/airflow/example_dags/example_dag_decorator.py took 0.112 seconds
[2024-02-27T13:37:23.428+0000] {processor.py:153} INFO - Started process (PID=1415) to work on /home/airflow/.local/lib/python3.7/site-packages/airflow/example_dags/example_dag_decorator.py
[2024-02-27T13:37:23.429+0000] {processor.py:743} INFO - Processing file /home/airflow/.local/lib/python3.7/site-packages/airflow/example_dags/example_dag_decorator.py for tasks to queue
[2024-02-27T13:37:23.432+0000] {logging_mixin.py:137} INFO - [2024-02-27T13:37:23.431+0000] {dagbag.py:538} INFO - Filling up the DagBag from /home/airflow/.local/lib/python3.7/site-packages/airflow/example_dags/example_dag_decorator.py
[2024-02-27T13:37:23.444+0000] {logging_mixin.py:137} INFO - [2024-02-27T13:37:23.444+0000] {taskmixin.py:205} WARNING - Dependency <Task(_PythonDecoratedOperator): prepare_email>, send_email already registered for DAG: example_dag_decorator
[2024-02-27T13:37:23.445+0000] {logging_mixin.py:137} INFO - [2024-02-27T13:37:23.444+0000] {taskmixin.py:205} WARNING - Dependency <Task(EmailOperator): send_email>, prepare_email already registered for DAG: example_dag_decorator
[2024-02-27T13:37:23.453+0000] {processor.py:753} INFO - DAG(s) dict_keys(['example_dag_decorator']) retrieved from /home/airflow/.local/lib/python3.7/site-packages/airflow/example_dags/example_dag_decorator.py
[2024-02-27T13:37:23.501+0000] {logging_mixin.py:137} INFO - [2024-02-27T13:37:23.501+0000] {dag.py:2690} INFO - Sync 1 DAGs
[2024-02-27T13:37:23.517+0000] {logging_mixin.py:137} INFO - [2024-02-27T13:37:23.517+0000] {dag.py:3441} INFO - Setting next_dagrun for example_dag_decorator to None, run_after=None
[2024-02-27T13:37:23.533+0000] {processor.py:175} INFO - Processing /home/airflow/.local/lib/python3.7/site-packages/airflow/example_dags/example_dag_decorator.py took 0.108 seconds
[2024-02-27T13:37:53.704+0000] {processor.py:153} INFO - Started process (PID=1540) to work on /home/airflow/.local/lib/python3.7/site-packages/airflow/example_dags/example_dag_decorator.py
[2024-02-27T13:37:53.705+0000] {processor.py:743} INFO - Processing file /home/airflow/.local/lib/python3.7/site-packages/airflow/example_dags/example_dag_decorator.py for tasks to queue
[2024-02-27T13:37:53.706+0000] {logging_mixin.py:137} INFO - [2024-02-27T13:37:53.706+0000] {dagbag.py:538} INFO - Filling up the DagBag from /home/airflow/.local/lib/python3.7/site-packages/airflow/example_dags/example_dag_decorator.py
[2024-02-27T13:37:53.718+0000] {logging_mixin.py:137} INFO - [2024-02-27T13:37:53.718+0000] {taskmixin.py:205} WARNING - Dependency <Task(_PythonDecoratedOperator): prepare_email>, send_email already registered for DAG: example_dag_decorator
[2024-02-27T13:37:53.719+0000] {logging_mixin.py:137} INFO - [2024-02-27T13:37:53.719+0000] {taskmixin.py:205} WARNING - Dependency <Task(EmailOperator): send_email>, prepare_email already registered for DAG: example_dag_decorator
[2024-02-27T13:37:53.727+0000] {processor.py:753} INFO - DAG(s) dict_keys(['example_dag_decorator']) retrieved from /home/airflow/.local/lib/python3.7/site-packages/airflow/example_dags/example_dag_decorator.py
[2024-02-27T13:37:53.775+0000] {logging_mixin.py:137} INFO - [2024-02-27T13:37:53.775+0000] {dag.py:2690} INFO - Sync 1 DAGs
[2024-02-27T13:37:53.791+0000] {logging_mixin.py:137} INFO - [2024-02-27T13:37:53.791+0000] {dag.py:3441} INFO - Setting next_dagrun for example_dag_decorator to None, run_after=None
[2024-02-27T13:37:53.807+0000] {processor.py:175} INFO - Processing /home/airflow/.local/lib/python3.7/site-packages/airflow/example_dags/example_dag_decorator.py took 0.107 seconds
[2024-02-27T13:38:24.125+0000] {processor.py:153} INFO - Started process (PID=1663) to work on /home/airflow/.local/lib/python3.7/site-packages/airflow/example_dags/example_dag_decorator.py
[2024-02-27T13:38:24.126+0000] {processor.py:743} INFO - Processing file /home/airflow/.local/lib/python3.7/site-packages/airflow/example_dags/example_dag_decorator.py for tasks to queue
[2024-02-27T13:38:24.127+0000] {logging_mixin.py:137} INFO - [2024-02-27T13:38:24.127+0000] {dagbag.py:538} INFO - Filling up the DagBag from /home/airflow/.local/lib/python3.7/site-packages/airflow/example_dags/example_dag_decorator.py
[2024-02-27T13:38:24.139+0000] {logging_mixin.py:137} INFO - [2024-02-27T13:38:24.139+0000] {taskmixin.py:205} WARNING - Dependency <Task(_PythonDecoratedOperator): prepare_email>, send_email already registered for DAG: example_dag_decorator
[2024-02-27T13:38:24.140+0000] {logging_mixin.py:137} INFO - [2024-02-27T13:38:24.140+0000] {taskmixin.py:205} WARNING - Dependency <Task(EmailOperator): send_email>, prepare_email already registered for DAG: example_dag_decorator
[2024-02-27T13:38:24.149+0000] {processor.py:753} INFO - DAG(s) dict_keys(['example_dag_decorator']) retrieved from /home/airflow/.local/lib/python3.7/site-packages/airflow/example_dags/example_dag_decorator.py
[2024-02-27T13:38:24.194+0000] {logging_mixin.py:137} INFO - [2024-02-27T13:38:24.194+0000] {dag.py:2690} INFO - Sync 1 DAGs
[2024-02-27T13:38:24.212+0000] {logging_mixin.py:137} INFO - [2024-02-27T13:38:24.212+0000] {dag.py:3441} INFO - Setting next_dagrun for example_dag_decorator to None, run_after=None
[2024-02-27T13:38:24.229+0000] {processor.py:175} INFO - Processing /home/airflow/.local/lib/python3.7/site-packages/airflow/example_dags/example_dag_decorator.py took 0.107 seconds
[2024-02-27T13:38:54.489+0000] {processor.py:153} INFO - Started process (PID=1758) to work on /home/airflow/.local/lib/python3.7/site-packages/airflow/example_dags/example_dag_decorator.py
[2024-02-27T13:38:54.490+0000] {processor.py:743} INFO - Processing file /home/airflow/.local/lib/python3.7/site-packages/airflow/example_dags/example_dag_decorator.py for tasks to queue
[2024-02-27T13:38:54.491+0000] {logging_mixin.py:137} INFO - [2024-02-27T13:38:54.491+0000] {dagbag.py:538} INFO - Filling up the DagBag from /home/airflow/.local/lib/python3.7/site-packages/airflow/example_dags/example_dag_decorator.py
[2024-02-27T13:38:54.505+0000] {logging_mixin.py:137} INFO - [2024-02-27T13:38:54.505+0000] {taskmixin.py:205} WARNING - Dependency <Task(_PythonDecoratedOperator): prepare_email>, send_email already registered for DAG: example_dag_decorator
[2024-02-27T13:38:54.506+0000] {logging_mixin.py:137} INFO - [2024-02-27T13:38:54.506+0000] {taskmixin.py:205} WARNING - Dependency <Task(EmailOperator): send_email>, prepare_email already registered for DAG: example_dag_decorator
[2024-02-27T13:38:54.515+0000] {processor.py:753} INFO - DAG(s) dict_keys(['example_dag_decorator']) retrieved from /home/airflow/.local/lib/python3.7/site-packages/airflow/example_dags/example_dag_decorator.py
[2024-02-27T13:38:54.560+0000] {logging_mixin.py:137} INFO - [2024-02-27T13:38:54.560+0000] {dag.py:2690} INFO - Sync 1 DAGs
[2024-02-27T13:38:54.579+0000] {logging_mixin.py:137} INFO - [2024-02-27T13:38:54.579+0000] {dag.py:3441} INFO - Setting next_dagrun for example_dag_decorator to None, run_after=None
[2024-02-27T13:38:54.595+0000] {processor.py:175} INFO - Processing /home/airflow/.local/lib/python3.7/site-packages/airflow/example_dags/example_dag_decorator.py took 0.109 seconds
[2024-02-27T13:39:25.237+0000] {processor.py:153} INFO - Started process (PID=1881) to work on /home/airflow/.local/lib/python3.7/site-packages/airflow/example_dags/example_dag_decorator.py
[2024-02-27T13:39:25.238+0000] {processor.py:743} INFO - Processing file /home/airflow/.local/lib/python3.7/site-packages/airflow/example_dags/example_dag_decorator.py for tasks to queue
[2024-02-27T13:39:25.239+0000] {logging_mixin.py:137} INFO - [2024-02-27T13:39:25.239+0000] {dagbag.py:538} INFO - Filling up the DagBag from /home/airflow/.local/lib/python3.7/site-packages/airflow/example_dags/example_dag_decorator.py
[2024-02-27T13:39:25.253+0000] {logging_mixin.py:137} INFO - [2024-02-27T13:39:25.253+0000] {taskmixin.py:205} WARNING - Dependency <Task(_PythonDecoratedOperator): prepare_email>, send_email already registered for DAG: example_dag_decorator
[2024-02-27T13:39:25.253+0000] {logging_mixin.py:137} INFO - [2024-02-27T13:39:25.253+0000] {taskmixin.py:205} WARNING - Dependency <Task(EmailOperator): send_email>, prepare_email already registered for DAG: example_dag_decorator
[2024-02-27T13:39:25.261+0000] {processor.py:753} INFO - DAG(s) dict_keys(['example_dag_decorator']) retrieved from /home/airflow/.local/lib/python3.7/site-packages/airflow/example_dags/example_dag_decorator.py
[2024-02-27T13:39:25.306+0000] {logging_mixin.py:137} INFO - [2024-02-27T13:39:25.306+0000] {dag.py:2690} INFO - Sync 1 DAGs
[2024-02-27T13:39:25.321+0000] {logging_mixin.py:137} INFO - [2024-02-27T13:39:25.321+0000] {dag.py:3441} INFO - Setting next_dagrun for example_dag_decorator to None, run_after=None
[2024-02-27T13:39:25.415+0000] {processor.py:175} INFO - Processing /home/airflow/.local/lib/python3.7/site-packages/airflow/example_dags/example_dag_decorator.py took 0.180 seconds
[2024-02-27T13:39:55.955+0000] {processor.py:153} INFO - Started process (PID=1976) to work on /home/airflow/.local/lib/python3.7/site-packages/airflow/example_dags/example_dag_decorator.py
[2024-02-27T13:39:55.956+0000] {processor.py:743} INFO - Processing file /home/airflow/.local/lib/python3.7/site-packages/airflow/example_dags/example_dag_decorator.py for tasks to queue
[2024-02-27T13:39:55.957+0000] {logging_mixin.py:137} INFO - [2024-02-27T13:39:55.957+0000] {dagbag.py:538} INFO - Filling up the DagBag from /home/airflow/.local/lib/python3.7/site-packages/airflow/example_dags/example_dag_decorator.py
[2024-02-27T13:39:55.970+0000] {logging_mixin.py:137} INFO - [2024-02-27T13:39:55.970+0000] {taskmixin.py:205} WARNING - Dependency <Task(_PythonDecoratedOperator): prepare_email>, send_email already registered for DAG: example_dag_decorator
[2024-02-27T13:39:55.971+0000] {logging_mixin.py:137} INFO - [2024-02-27T13:39:55.971+0000] {taskmixin.py:205} WARNING - Dependency <Task(EmailOperator): send_email>, prepare_email already registered for DAG: example_dag_decorator
[2024-02-27T13:39:55.980+0000] {processor.py:753} INFO - DAG(s) dict_keys(['example_dag_decorator']) retrieved from /home/airflow/.local/lib/python3.7/site-packages/airflow/example_dags/example_dag_decorator.py
[2024-02-27T13:39:56.030+0000] {logging_mixin.py:137} INFO - [2024-02-27T13:39:56.030+0000] {dag.py:2690} INFO - Sync 1 DAGs
[2024-02-27T13:39:56.048+0000] {logging_mixin.py:137} INFO - [2024-02-27T13:39:56.048+0000] {dag.py:3441} INFO - Setting next_dagrun for example_dag_decorator to None, run_after=None
[2024-02-27T13:39:56.066+0000] {processor.py:175} INFO - Processing /home/airflow/.local/lib/python3.7/site-packages/airflow/example_dags/example_dag_decorator.py took 0.113 seconds
[2024-02-27T13:40:26.369+0000] {processor.py:153} INFO - Started process (PID=2100) to work on /home/airflow/.local/lib/python3.7/site-packages/airflow/example_dags/example_dag_decorator.py
[2024-02-27T13:40:26.370+0000] {processor.py:743} INFO - Processing file /home/airflow/.local/lib/python3.7/site-packages/airflow/example_dags/example_dag_decorator.py for tasks to queue
[2024-02-27T13:40:26.371+0000] {logging_mixin.py:137} INFO - [2024-02-27T13:40:26.371+0000] {dagbag.py:538} INFO - Filling up the DagBag from /home/airflow/.local/lib/python3.7/site-packages/airflow/example_dags/example_dag_decorator.py
[2024-02-27T13:40:26.382+0000] {logging_mixin.py:137} INFO - [2024-02-27T13:40:26.382+0000] {taskmixin.py:205} WARNING - Dependency <Task(_PythonDecoratedOperator): prepare_email>, send_email already registered for DAG: example_dag_decorator
[2024-02-27T13:40:26.383+0000] {logging_mixin.py:137} INFO - [2024-02-27T13:40:26.383+0000] {taskmixin.py:205} WARNING - Dependency <Task(EmailOperator): send_email>, prepare_email already registered for DAG: example_dag_decorator
[2024-02-27T13:40:26.391+0000] {processor.py:753} INFO - DAG(s) dict_keys(['example_dag_decorator']) retrieved from /home/airflow/.local/lib/python3.7/site-packages/airflow/example_dags/example_dag_decorator.py
[2024-02-27T13:40:26.434+0000] {logging_mixin.py:137} INFO - [2024-02-27T13:40:26.434+0000] {dag.py:2690} INFO - Sync 1 DAGs
[2024-02-27T13:40:26.450+0000] {logging_mixin.py:137} INFO - [2024-02-27T13:40:26.450+0000] {dag.py:3441} INFO - Setting next_dagrun for example_dag_decorator to None, run_after=None
[2024-02-27T13:40:26.466+0000] {processor.py:175} INFO - Processing /home/airflow/.local/lib/python3.7/site-packages/airflow/example_dags/example_dag_decorator.py took 0.099 seconds
[2024-02-27T13:40:57.274+0000] {processor.py:153} INFO - Started process (PID=2223) to work on /home/airflow/.local/lib/python3.7/site-packages/airflow/example_dags/example_dag_decorator.py
[2024-02-27T13:40:57.275+0000] {processor.py:743} INFO - Processing file /home/airflow/.local/lib/python3.7/site-packages/airflow/example_dags/example_dag_decorator.py for tasks to queue
[2024-02-27T13:40:57.276+0000] {logging_mixin.py:137} INFO - [2024-02-27T13:40:57.276+0000] {dagbag.py:538} INFO - Filling up the DagBag from /home/airflow/.local/lib/python3.7/site-packages/airflow/example_dags/example_dag_decorator.py
[2024-02-27T13:40:57.289+0000] {logging_mixin.py:137} INFO - [2024-02-27T13:40:57.289+0000] {taskmixin.py:205} WARNING - Dependency <Task(_PythonDecoratedOperator): prepare_email>, send_email already registered for DAG: example_dag_decorator
[2024-02-27T13:40:57.290+0000] {logging_mixin.py:137} INFO - [2024-02-27T13:40:57.290+0000] {taskmixin.py:205} WARNING - Dependency <Task(EmailOperator): send_email>, prepare_email already registered for DAG: example_dag_decorator
[2024-02-27T13:40:57.299+0000] {processor.py:753} INFO - DAG(s) dict_keys(['example_dag_decorator']) retrieved from /home/airflow/.local/lib/python3.7/site-packages/airflow/example_dags/example_dag_decorator.py
[2024-02-27T13:40:57.349+0000] {logging_mixin.py:137} INFO - [2024-02-27T13:40:57.349+0000] {dag.py:2690} INFO - Sync 1 DAGs
[2024-02-27T13:40:57.369+0000] {logging_mixin.py:137} INFO - [2024-02-27T13:40:57.369+0000] {dag.py:3441} INFO - Setting next_dagrun for example_dag_decorator to None, run_after=None
[2024-02-27T13:40:57.389+0000] {processor.py:175} INFO - Processing /home/airflow/.local/lib/python3.7/site-packages/airflow/example_dags/example_dag_decorator.py took 0.117 seconds
[2024-02-27T13:41:27.741+0000] {processor.py:153} INFO - Started process (PID=2318) to work on /home/airflow/.local/lib/python3.7/site-packages/airflow/example_dags/example_dag_decorator.py
[2024-02-27T13:41:27.742+0000] {processor.py:743} INFO - Processing file /home/airflow/.local/lib/python3.7/site-packages/airflow/example_dags/example_dag_decorator.py for tasks to queue
[2024-02-27T13:41:27.743+0000] {logging_mixin.py:137} INFO - [2024-02-27T13:41:27.743+0000] {dagbag.py:538} INFO - Filling up the DagBag from /home/airflow/.local/lib/python3.7/site-packages/airflow/example_dags/example_dag_decorator.py
[2024-02-27T13:41:27.755+0000] {logging_mixin.py:137} INFO - [2024-02-27T13:41:27.755+0000] {taskmixin.py:205} WARNING - Dependency <Task(_PythonDecoratedOperator): prepare_email>, send_email already registered for DAG: example_dag_decorator
[2024-02-27T13:41:27.756+0000] {logging_mixin.py:137} INFO - [2024-02-27T13:41:27.756+0000] {taskmixin.py:205} WARNING - Dependency <Task(EmailOperator): send_email>, prepare_email already registered for DAG: example_dag_decorator
[2024-02-27T13:41:27.764+0000] {processor.py:753} INFO - DAG(s) dict_keys(['example_dag_decorator']) retrieved from /home/airflow/.local/lib/python3.7/site-packages/airflow/example_dags/example_dag_decorator.py
[2024-02-27T13:41:27.814+0000] {logging_mixin.py:137} INFO - [2024-02-27T13:41:27.813+0000] {dag.py:2690} INFO - Sync 1 DAGs
[2024-02-27T13:41:27.831+0000] {logging_mixin.py:137} INFO - [2024-02-27T13:41:27.831+0000] {dag.py:3441} INFO - Setting next_dagrun for example_dag_decorator to None, run_after=None
[2024-02-27T13:41:27.850+0000] {processor.py:175} INFO - Processing /home/airflow/.local/lib/python3.7/site-packages/airflow/example_dags/example_dag_decorator.py took 0.111 seconds
