[2024-02-27T13:31:18.975+0000] {processor.py:153} INFO - Started process (PID=110) to work on /home/airflow/.local/lib/python3.7/site-packages/airflow/example_dags/example_sensors.py
[2024-02-27T13:31:18.976+0000] {processor.py:743} INFO - Processing file /home/airflow/.local/lib/python3.7/site-packages/airflow/example_dags/example_sensors.py for tasks to queue
[2024-02-27T13:31:18.978+0000] {logging_mixin.py:137} INFO - [2024-02-27T13:31:18.978+0000] {dagbag.py:538} INFO - Filling up the DagBag from /home/airflow/.local/lib/python3.7/site-packages/airflow/example_dags/example_sensors.py
[2024-02-27T13:31:19.002+0000] {processor.py:753} INFO - DAG(s) dict_keys(['example_sensors']) retrieved from /home/airflow/.local/lib/python3.7/site-packages/airflow/example_dags/example_sensors.py
[2024-02-27T13:31:19.121+0000] {logging_mixin.py:137} INFO - [2024-02-27T13:31:19.121+0000] {manager.py:504} INFO - Created Permission View: can edit on DAG:example_sensors
[2024-02-27T13:31:19.152+0000] {logging_mixin.py:137} INFO - [2024-02-27T13:31:19.152+0000] {manager.py:504} INFO - Created Permission View: can delete on DAG:example_sensors
[2024-02-27T13:31:19.175+0000] {logging_mixin.py:137} INFO - [2024-02-27T13:31:19.175+0000] {manager.py:504} INFO - Created Permission View: can read on DAG:example_sensors
[2024-02-27T13:31:19.175+0000] {logging_mixin.py:137} INFO - [2024-02-27T13:31:19.175+0000] {dag.py:2690} INFO - Sync 1 DAGs
[2024-02-27T13:31:19.187+0000] {logging_mixin.py:137} INFO - [2024-02-27T13:31:19.186+0000] {dag.py:2711} INFO - Creating ORM DAG for example_sensors
[2024-02-27T13:31:19.195+0000] {logging_mixin.py:137} INFO - [2024-02-27T13:31:19.195+0000] {dag.py:3441} INFO - Setting next_dagrun for example_sensors to None, run_after=None
[2024-02-27T13:31:19.221+0000] {processor.py:175} INFO - Processing /home/airflow/.local/lib/python3.7/site-packages/airflow/example_dags/example_sensors.py took 0.249 seconds
[2024-02-27T13:31:49.723+0000] {processor.py:153} INFO - Started process (PID=205) to work on /home/airflow/.local/lib/python3.7/site-packages/airflow/example_dags/example_sensors.py
[2024-02-27T13:31:49.726+0000] {processor.py:743} INFO - Processing file /home/airflow/.local/lib/python3.7/site-packages/airflow/example_dags/example_sensors.py for tasks to queue
[2024-02-27T13:31:49.729+0000] {logging_mixin.py:137} INFO - [2024-02-27T13:31:49.728+0000] {dagbag.py:538} INFO - Filling up the DagBag from /home/airflow/.local/lib/python3.7/site-packages/airflow/example_dags/example_sensors.py
[2024-02-27T13:31:49.743+0000] {processor.py:753} INFO - DAG(s) dict_keys(['example_sensors']) retrieved from /home/airflow/.local/lib/python3.7/site-packages/airflow/example_dags/example_sensors.py
[2024-02-27T13:31:49.767+0000] {logging_mixin.py:137} INFO - [2024-02-27T13:31:49.767+0000] {dag.py:2690} INFO - Sync 1 DAGs
[2024-02-27T13:31:49.787+0000] {logging_mixin.py:137} INFO - [2024-02-27T13:31:49.787+0000] {dag.py:3441} INFO - Setting next_dagrun for example_sensors to None, run_after=None
[2024-02-27T13:31:49.806+0000] {processor.py:175} INFO - Processing /home/airflow/.local/lib/python3.7/site-packages/airflow/example_dags/example_sensors.py took 0.085 seconds
[2024-02-27T13:32:20.205+0000] {processor.py:153} INFO - Started process (PID=328) to work on /home/airflow/.local/lib/python3.7/site-packages/airflow/example_dags/example_sensors.py
[2024-02-27T13:32:20.206+0000] {processor.py:743} INFO - Processing file /home/airflow/.local/lib/python3.7/site-packages/airflow/example_dags/example_sensors.py for tasks to queue
[2024-02-27T13:32:20.207+0000] {logging_mixin.py:137} INFO - [2024-02-27T13:32:20.207+0000] {dagbag.py:538} INFO - Filling up the DagBag from /home/airflow/.local/lib/python3.7/site-packages/airflow/example_dags/example_sensors.py
[2024-02-27T13:32:20.220+0000] {processor.py:753} INFO - DAG(s) dict_keys(['example_sensors']) retrieved from /home/airflow/.local/lib/python3.7/site-packages/airflow/example_dags/example_sensors.py
[2024-02-27T13:32:20.241+0000] {logging_mixin.py:137} INFO - [2024-02-27T13:32:20.241+0000] {dag.py:2690} INFO - Sync 1 DAGs
[2024-02-27T13:32:20.259+0000] {logging_mixin.py:137} INFO - [2024-02-27T13:32:20.259+0000] {dag.py:3441} INFO - Setting next_dagrun for example_sensors to None, run_after=None
[2024-02-27T13:32:20.273+0000] {processor.py:175} INFO - Processing /home/airflow/.local/lib/python3.7/site-packages/airflow/example_dags/example_sensors.py took 0.070 seconds
[2024-02-27T13:32:50.551+0000] {processor.py:153} INFO - Started process (PID=422) to work on /home/airflow/.local/lib/python3.7/site-packages/airflow/example_dags/example_sensors.py
[2024-02-27T13:32:50.552+0000] {processor.py:743} INFO - Processing file /home/airflow/.local/lib/python3.7/site-packages/airflow/example_dags/example_sensors.py for tasks to queue
[2024-02-27T13:32:50.554+0000] {logging_mixin.py:137} INFO - [2024-02-27T13:32:50.554+0000] {dagbag.py:538} INFO - Filling up the DagBag from /home/airflow/.local/lib/python3.7/site-packages/airflow/example_dags/example_sensors.py
[2024-02-27T13:32:50.569+0000] {processor.py:753} INFO - DAG(s) dict_keys(['example_sensors']) retrieved from /home/airflow/.local/lib/python3.7/site-packages/airflow/example_dags/example_sensors.py
[2024-02-27T13:32:50.592+0000] {logging_mixin.py:137} INFO - [2024-02-27T13:32:50.592+0000] {dag.py:2690} INFO - Sync 1 DAGs
[2024-02-27T13:32:50.613+0000] {logging_mixin.py:137} INFO - [2024-02-27T13:32:50.613+0000] {dag.py:3441} INFO - Setting next_dagrun for example_sensors to None, run_after=None
[2024-02-27T13:32:50.631+0000] {processor.py:175} INFO - Processing /home/airflow/.local/lib/python3.7/site-packages/airflow/example_dags/example_sensors.py took 0.083 seconds
[2024-02-27T13:33:21.028+0000] {processor.py:153} INFO - Started process (PID=545) to work on /home/airflow/.local/lib/python3.7/site-packages/airflow/example_dags/example_sensors.py
[2024-02-27T13:33:21.029+0000] {processor.py:743} INFO - Processing file /home/airflow/.local/lib/python3.7/site-packages/airflow/example_dags/example_sensors.py for tasks to queue
[2024-02-27T13:33:21.030+0000] {logging_mixin.py:137} INFO - [2024-02-27T13:33:21.030+0000] {dagbag.py:538} INFO - Filling up the DagBag from /home/airflow/.local/lib/python3.7/site-packages/airflow/example_dags/example_sensors.py
[2024-02-27T13:33:21.044+0000] {processor.py:753} INFO - DAG(s) dict_keys(['example_sensors']) retrieved from /home/airflow/.local/lib/python3.7/site-packages/airflow/example_dags/example_sensors.py
[2024-02-27T13:33:21.066+0000] {logging_mixin.py:137} INFO - [2024-02-27T13:33:21.066+0000] {dag.py:2690} INFO - Sync 1 DAGs
[2024-02-27T13:33:21.082+0000] {logging_mixin.py:137} INFO - [2024-02-27T13:33:21.082+0000] {dag.py:3441} INFO - Setting next_dagrun for example_sensors to None, run_after=None
[2024-02-27T13:33:21.098+0000] {processor.py:175} INFO - Processing /home/airflow/.local/lib/python3.7/site-packages/airflow/example_dags/example_sensors.py took 0.072 seconds
[2024-02-27T13:33:51.253+0000] {processor.py:153} INFO - Started process (PID=639) to work on /home/airflow/.local/lib/python3.7/site-packages/airflow/example_dags/example_sensors.py
[2024-02-27T13:33:51.254+0000] {processor.py:743} INFO - Processing file /home/airflow/.local/lib/python3.7/site-packages/airflow/example_dags/example_sensors.py for tasks to queue
[2024-02-27T13:33:51.255+0000] {logging_mixin.py:137} INFO - [2024-02-27T13:33:51.255+0000] {dagbag.py:538} INFO - Filling up the DagBag from /home/airflow/.local/lib/python3.7/site-packages/airflow/example_dags/example_sensors.py
[2024-02-27T13:33:51.271+0000] {processor.py:753} INFO - DAG(s) dict_keys(['example_sensors']) retrieved from /home/airflow/.local/lib/python3.7/site-packages/airflow/example_dags/example_sensors.py
[2024-02-27T13:33:51.292+0000] {logging_mixin.py:137} INFO - [2024-02-27T13:33:51.292+0000] {dag.py:2690} INFO - Sync 1 DAGs
[2024-02-27T13:33:51.311+0000] {logging_mixin.py:137} INFO - [2024-02-27T13:33:51.311+0000] {dag.py:3441} INFO - Setting next_dagrun for example_sensors to None, run_after=None
[2024-02-27T13:33:51.329+0000] {processor.py:175} INFO - Processing /home/airflow/.local/lib/python3.7/site-packages/airflow/example_dags/example_sensors.py took 0.078 seconds
[2024-02-27T13:34:21.772+0000] {processor.py:153} INFO - Started process (PID=762) to work on /home/airflow/.local/lib/python3.7/site-packages/airflow/example_dags/example_sensors.py
[2024-02-27T13:34:21.775+0000] {processor.py:743} INFO - Processing file /home/airflow/.local/lib/python3.7/site-packages/airflow/example_dags/example_sensors.py for tasks to queue
[2024-02-27T13:34:21.776+0000] {logging_mixin.py:137} INFO - [2024-02-27T13:34:21.776+0000] {dagbag.py:538} INFO - Filling up the DagBag from /home/airflow/.local/lib/python3.7/site-packages/airflow/example_dags/example_sensors.py
[2024-02-27T13:34:21.793+0000] {processor.py:753} INFO - DAG(s) dict_keys(['example_sensors']) retrieved from /home/airflow/.local/lib/python3.7/site-packages/airflow/example_dags/example_sensors.py
[2024-02-27T13:34:21.813+0000] {logging_mixin.py:137} INFO - [2024-02-27T13:34:21.813+0000] {dag.py:2690} INFO - Sync 1 DAGs
[2024-02-27T13:34:21.830+0000] {logging_mixin.py:137} INFO - [2024-02-27T13:34:21.830+0000] {dag.py:3441} INFO - Setting next_dagrun for example_sensors to None, run_after=None
[2024-02-27T13:34:21.846+0000] {processor.py:175} INFO - Processing /home/airflow/.local/lib/python3.7/site-packages/airflow/example_dags/example_sensors.py took 0.079 seconds
[2024-02-27T13:34:52.282+0000] {processor.py:153} INFO - Started process (PID=886) to work on /home/airflow/.local/lib/python3.7/site-packages/airflow/example_dags/example_sensors.py
[2024-02-27T13:34:52.283+0000] {processor.py:743} INFO - Processing file /home/airflow/.local/lib/python3.7/site-packages/airflow/example_dags/example_sensors.py for tasks to queue
[2024-02-27T13:34:52.284+0000] {logging_mixin.py:137} INFO - [2024-02-27T13:34:52.284+0000] {dagbag.py:538} INFO - Filling up the DagBag from /home/airflow/.local/lib/python3.7/site-packages/airflow/example_dags/example_sensors.py
[2024-02-27T13:34:52.298+0000] {processor.py:753} INFO - DAG(s) dict_keys(['example_sensors']) retrieved from /home/airflow/.local/lib/python3.7/site-packages/airflow/example_dags/example_sensors.py
[2024-02-27T13:34:52.319+0000] {logging_mixin.py:137} INFO - [2024-02-27T13:34:52.319+0000] {dag.py:2690} INFO - Sync 1 DAGs
[2024-02-27T13:34:52.340+0000] {logging_mixin.py:137} INFO - [2024-02-27T13:34:52.339+0000] {dag.py:3441} INFO - Setting next_dagrun for example_sensors to None, run_after=None
[2024-02-27T13:34:52.355+0000] {processor.py:175} INFO - Processing /home/airflow/.local/lib/python3.7/site-packages/airflow/example_dags/example_sensors.py took 0.075 seconds
[2024-02-27T13:35:22.469+0000] {processor.py:153} INFO - Started process (PID=981) to work on /home/airflow/.local/lib/python3.7/site-packages/airflow/example_dags/example_sensors.py
[2024-02-27T13:35:22.469+0000] {processor.py:743} INFO - Processing file /home/airflow/.local/lib/python3.7/site-packages/airflow/example_dags/example_sensors.py for tasks to queue
[2024-02-27T13:35:22.470+0000] {logging_mixin.py:137} INFO - [2024-02-27T13:35:22.470+0000] {dagbag.py:538} INFO - Filling up the DagBag from /home/airflow/.local/lib/python3.7/site-packages/airflow/example_dags/example_sensors.py
[2024-02-27T13:35:22.486+0000] {processor.py:753} INFO - DAG(s) dict_keys(['example_sensors']) retrieved from /home/airflow/.local/lib/python3.7/site-packages/airflow/example_dags/example_sensors.py
[2024-02-27T13:35:22.507+0000] {logging_mixin.py:137} INFO - [2024-02-27T13:35:22.507+0000] {dag.py:2690} INFO - Sync 1 DAGs
[2024-02-27T13:35:22.526+0000] {logging_mixin.py:137} INFO - [2024-02-27T13:35:22.526+0000] {dag.py:3441} INFO - Setting next_dagrun for example_sensors to None, run_after=None
[2024-02-27T13:35:22.545+0000] {processor.py:175} INFO - Processing /home/airflow/.local/lib/python3.7/site-packages/airflow/example_dags/example_sensors.py took 0.079 seconds
[2024-02-27T13:35:52.662+0000] {processor.py:153} INFO - Started process (PID=1104) to work on /home/airflow/.local/lib/python3.7/site-packages/airflow/example_dags/example_sensors.py
[2024-02-27T13:35:52.663+0000] {processor.py:743} INFO - Processing file /home/airflow/.local/lib/python3.7/site-packages/airflow/example_dags/example_sensors.py for tasks to queue
[2024-02-27T13:35:52.664+0000] {logging_mixin.py:137} INFO - [2024-02-27T13:35:52.664+0000] {dagbag.py:538} INFO - Filling up the DagBag from /home/airflow/.local/lib/python3.7/site-packages/airflow/example_dags/example_sensors.py
[2024-02-27T13:35:52.677+0000] {processor.py:753} INFO - DAG(s) dict_keys(['example_sensors']) retrieved from /home/airflow/.local/lib/python3.7/site-packages/airflow/example_dags/example_sensors.py
[2024-02-27T13:35:52.697+0000] {logging_mixin.py:137} INFO - [2024-02-27T13:35:52.697+0000] {dag.py:2690} INFO - Sync 1 DAGs
[2024-02-27T13:35:52.714+0000] {logging_mixin.py:137} INFO - [2024-02-27T13:35:52.714+0000] {dag.py:3441} INFO - Setting next_dagrun for example_sensors to None, run_after=None
[2024-02-27T13:35:52.730+0000] {processor.py:175} INFO - Processing /home/airflow/.local/lib/python3.7/site-packages/airflow/example_dags/example_sensors.py took 0.069 seconds
[2024-02-27T13:36:22.918+0000] {processor.py:153} INFO - Started process (PID=1199) to work on /home/airflow/.local/lib/python3.7/site-packages/airflow/example_dags/example_sensors.py
[2024-02-27T13:36:22.919+0000] {processor.py:743} INFO - Processing file /home/airflow/.local/lib/python3.7/site-packages/airflow/example_dags/example_sensors.py for tasks to queue
[2024-02-27T13:36:22.920+0000] {logging_mixin.py:137} INFO - [2024-02-27T13:36:22.920+0000] {dagbag.py:538} INFO - Filling up the DagBag from /home/airflow/.local/lib/python3.7/site-packages/airflow/example_dags/example_sensors.py
[2024-02-27T13:36:22.934+0000] {processor.py:753} INFO - DAG(s) dict_keys(['example_sensors']) retrieved from /home/airflow/.local/lib/python3.7/site-packages/airflow/example_dags/example_sensors.py
[2024-02-27T13:36:22.954+0000] {logging_mixin.py:137} INFO - [2024-02-27T13:36:22.954+0000] {dag.py:2690} INFO - Sync 1 DAGs
[2024-02-27T13:36:22.972+0000] {logging_mixin.py:137} INFO - [2024-02-27T13:36:22.972+0000] {dag.py:3441} INFO - Setting next_dagrun for example_sensors to None, run_after=None
[2024-02-27T13:36:22.987+0000] {processor.py:175} INFO - Processing /home/airflow/.local/lib/python3.7/site-packages/airflow/example_dags/example_sensors.py took 0.071 seconds
[2024-02-27T13:36:53.196+0000] {processor.py:153} INFO - Started process (PID=1322) to work on /home/airflow/.local/lib/python3.7/site-packages/airflow/example_dags/example_sensors.py
[2024-02-27T13:36:53.197+0000] {processor.py:743} INFO - Processing file /home/airflow/.local/lib/python3.7/site-packages/airflow/example_dags/example_sensors.py for tasks to queue
[2024-02-27T13:36:53.198+0000] {logging_mixin.py:137} INFO - [2024-02-27T13:36:53.198+0000] {dagbag.py:538} INFO - Filling up the DagBag from /home/airflow/.local/lib/python3.7/site-packages/airflow/example_dags/example_sensors.py
[2024-02-27T13:36:53.211+0000] {processor.py:753} INFO - DAG(s) dict_keys(['example_sensors']) retrieved from /home/airflow/.local/lib/python3.7/site-packages/airflow/example_dags/example_sensors.py
[2024-02-27T13:36:53.231+0000] {logging_mixin.py:137} INFO - [2024-02-27T13:36:53.231+0000] {dag.py:2690} INFO - Sync 1 DAGs
[2024-02-27T13:36:53.250+0000] {logging_mixin.py:137} INFO - [2024-02-27T13:36:53.250+0000] {dag.py:3441} INFO - Setting next_dagrun for example_sensors to None, run_after=None
[2024-02-27T13:36:53.270+0000] {processor.py:175} INFO - Processing /home/airflow/.local/lib/python3.7/site-packages/airflow/example_dags/example_sensors.py took 0.077 seconds
[2024-02-27T13:37:23.560+0000] {processor.py:153} INFO - Started process (PID=1417) to work on /home/airflow/.local/lib/python3.7/site-packages/airflow/example_dags/example_sensors.py
[2024-02-27T13:37:23.561+0000] {processor.py:743} INFO - Processing file /home/airflow/.local/lib/python3.7/site-packages/airflow/example_dags/example_sensors.py for tasks to queue
[2024-02-27T13:37:23.562+0000] {logging_mixin.py:137} INFO - [2024-02-27T13:37:23.562+0000] {dagbag.py:538} INFO - Filling up the DagBag from /home/airflow/.local/lib/python3.7/site-packages/airflow/example_dags/example_sensors.py
[2024-02-27T13:37:23.575+0000] {processor.py:753} INFO - DAG(s) dict_keys(['example_sensors']) retrieved from /home/airflow/.local/lib/python3.7/site-packages/airflow/example_dags/example_sensors.py
[2024-02-27T13:37:23.596+0000] {logging_mixin.py:137} INFO - [2024-02-27T13:37:23.596+0000] {dag.py:2690} INFO - Sync 1 DAGs
[2024-02-27T13:37:23.622+0000] {logging_mixin.py:137} INFO - [2024-02-27T13:37:23.622+0000] {dag.py:3441} INFO - Setting next_dagrun for example_sensors to None, run_after=None
[2024-02-27T13:37:23.644+0000] {processor.py:175} INFO - Processing /home/airflow/.local/lib/python3.7/site-packages/airflow/example_dags/example_sensors.py took 0.086 seconds
[2024-02-27T13:37:53.840+0000] {processor.py:153} INFO - Started process (PID=1542) to work on /home/airflow/.local/lib/python3.7/site-packages/airflow/example_dags/example_sensors.py
[2024-02-27T13:37:53.841+0000] {processor.py:743} INFO - Processing file /home/airflow/.local/lib/python3.7/site-packages/airflow/example_dags/example_sensors.py for tasks to queue
[2024-02-27T13:37:53.842+0000] {logging_mixin.py:137} INFO - [2024-02-27T13:37:53.842+0000] {dagbag.py:538} INFO - Filling up the DagBag from /home/airflow/.local/lib/python3.7/site-packages/airflow/example_dags/example_sensors.py
[2024-02-27T13:37:53.856+0000] {processor.py:753} INFO - DAG(s) dict_keys(['example_sensors']) retrieved from /home/airflow/.local/lib/python3.7/site-packages/airflow/example_dags/example_sensors.py
[2024-02-27T13:37:53.878+0000] {logging_mixin.py:137} INFO - [2024-02-27T13:37:53.877+0000] {dag.py:2690} INFO - Sync 1 DAGs
[2024-02-27T13:37:53.896+0000] {logging_mixin.py:137} INFO - [2024-02-27T13:37:53.896+0000] {dag.py:3441} INFO - Setting next_dagrun for example_sensors to None, run_after=None
[2024-02-27T13:37:53.913+0000] {processor.py:175} INFO - Processing /home/airflow/.local/lib/python3.7/site-packages/airflow/example_dags/example_sensors.py took 0.075 seconds
[2024-02-27T13:38:24.272+0000] {processor.py:153} INFO - Started process (PID=1665) to work on /home/airflow/.local/lib/python3.7/site-packages/airflow/example_dags/example_sensors.py
[2024-02-27T13:38:24.273+0000] {processor.py:743} INFO - Processing file /home/airflow/.local/lib/python3.7/site-packages/airflow/example_dags/example_sensors.py for tasks to queue
[2024-02-27T13:38:24.274+0000] {logging_mixin.py:137} INFO - [2024-02-27T13:38:24.274+0000] {dagbag.py:538} INFO - Filling up the DagBag from /home/airflow/.local/lib/python3.7/site-packages/airflow/example_dags/example_sensors.py
[2024-02-27T13:38:24.287+0000] {processor.py:753} INFO - DAG(s) dict_keys(['example_sensors']) retrieved from /home/airflow/.local/lib/python3.7/site-packages/airflow/example_dags/example_sensors.py
[2024-02-27T13:38:24.308+0000] {logging_mixin.py:137} INFO - [2024-02-27T13:38:24.308+0000] {dag.py:2690} INFO - Sync 1 DAGs
[2024-02-27T13:38:24.325+0000] {logging_mixin.py:137} INFO - [2024-02-27T13:38:24.325+0000] {dag.py:3441} INFO - Setting next_dagrun for example_sensors to None, run_after=None
[2024-02-27T13:38:24.340+0000] {processor.py:175} INFO - Processing /home/airflow/.local/lib/python3.7/site-packages/airflow/example_dags/example_sensors.py took 0.070 seconds
[2024-02-27T13:38:54.617+0000] {processor.py:153} INFO - Started process (PID=1760) to work on /home/airflow/.local/lib/python3.7/site-packages/airflow/example_dags/example_sensors.py
[2024-02-27T13:38:54.618+0000] {processor.py:743} INFO - Processing file /home/airflow/.local/lib/python3.7/site-packages/airflow/example_dags/example_sensors.py for tasks to queue
[2024-02-27T13:38:54.619+0000] {logging_mixin.py:137} INFO - [2024-02-27T13:38:54.619+0000] {dagbag.py:538} INFO - Filling up the DagBag from /home/airflow/.local/lib/python3.7/site-packages/airflow/example_dags/example_sensors.py
[2024-02-27T13:38:54.633+0000] {processor.py:753} INFO - DAG(s) dict_keys(['example_sensors']) retrieved from /home/airflow/.local/lib/python3.7/site-packages/airflow/example_dags/example_sensors.py
[2024-02-27T13:38:54.652+0000] {logging_mixin.py:137} INFO - [2024-02-27T13:38:54.652+0000] {dag.py:2690} INFO - Sync 1 DAGs
[2024-02-27T13:38:54.670+0000] {logging_mixin.py:137} INFO - [2024-02-27T13:38:54.670+0000] {dag.py:3441} INFO - Setting next_dagrun for example_sensors to None, run_after=None
[2024-02-27T13:38:54.685+0000] {processor.py:175} INFO - Processing /home/airflow/.local/lib/python3.7/site-packages/airflow/example_dags/example_sensors.py took 0.070 seconds
[2024-02-27T13:39:25.445+0000] {processor.py:153} INFO - Started process (PID=1883) to work on /home/airflow/.local/lib/python3.7/site-packages/airflow/example_dags/example_sensors.py
[2024-02-27T13:39:25.447+0000] {processor.py:743} INFO - Processing file /home/airflow/.local/lib/python3.7/site-packages/airflow/example_dags/example_sensors.py for tasks to queue
[2024-02-27T13:39:25.448+0000] {logging_mixin.py:137} INFO - [2024-02-27T13:39:25.448+0000] {dagbag.py:538} INFO - Filling up the DagBag from /home/airflow/.local/lib/python3.7/site-packages/airflow/example_dags/example_sensors.py
[2024-02-27T13:39:25.460+0000] {processor.py:753} INFO - DAG(s) dict_keys(['example_sensors']) retrieved from /home/airflow/.local/lib/python3.7/site-packages/airflow/example_dags/example_sensors.py
[2024-02-27T13:39:25.480+0000] {logging_mixin.py:137} INFO - [2024-02-27T13:39:25.480+0000] {dag.py:2690} INFO - Sync 1 DAGs
[2024-02-27T13:39:25.499+0000] {logging_mixin.py:137} INFO - [2024-02-27T13:39:25.499+0000] {dag.py:3441} INFO - Setting next_dagrun for example_sensors to None, run_after=None
[2024-02-27T13:39:25.515+0000] {processor.py:175} INFO - Processing /home/airflow/.local/lib/python3.7/site-packages/airflow/example_dags/example_sensors.py took 0.072 seconds
[2024-02-27T13:39:56.081+0000] {processor.py:153} INFO - Started process (PID=1978) to work on /home/airflow/.local/lib/python3.7/site-packages/airflow/example_dags/example_sensors.py
[2024-02-27T13:39:56.082+0000] {processor.py:743} INFO - Processing file /home/airflow/.local/lib/python3.7/site-packages/airflow/example_dags/example_sensors.py for tasks to queue
[2024-02-27T13:39:56.083+0000] {logging_mixin.py:137} INFO - [2024-02-27T13:39:56.083+0000] {dagbag.py:538} INFO - Filling up the DagBag from /home/airflow/.local/lib/python3.7/site-packages/airflow/example_dags/example_sensors.py
[2024-02-27T13:39:56.097+0000] {processor.py:753} INFO - DAG(s) dict_keys(['example_sensors']) retrieved from /home/airflow/.local/lib/python3.7/site-packages/airflow/example_dags/example_sensors.py
[2024-02-27T13:39:56.118+0000] {logging_mixin.py:137} INFO - [2024-02-27T13:39:56.118+0000] {dag.py:2690} INFO - Sync 1 DAGs
[2024-02-27T13:39:56.137+0000] {logging_mixin.py:137} INFO - [2024-02-27T13:39:56.137+0000] {dag.py:3441} INFO - Setting next_dagrun for example_sensors to None, run_after=None
[2024-02-27T13:39:56.154+0000] {processor.py:175} INFO - Processing /home/airflow/.local/lib/python3.7/site-packages/airflow/example_dags/example_sensors.py took 0.074 seconds
[2024-02-27T13:40:26.465+0000] {processor.py:153} INFO - Started process (PID=2102) to work on /home/airflow/.local/lib/python3.7/site-packages/airflow/example_dags/example_sensors.py
[2024-02-27T13:40:26.466+0000] {processor.py:743} INFO - Processing file /home/airflow/.local/lib/python3.7/site-packages/airflow/example_dags/example_sensors.py for tasks to queue
[2024-02-27T13:40:26.467+0000] {logging_mixin.py:137} INFO - [2024-02-27T13:40:26.467+0000] {dagbag.py:538} INFO - Filling up the DagBag from /home/airflow/.local/lib/python3.7/site-packages/airflow/example_dags/example_sensors.py
[2024-02-27T13:40:26.481+0000] {processor.py:753} INFO - DAG(s) dict_keys(['example_sensors']) retrieved from /home/airflow/.local/lib/python3.7/site-packages/airflow/example_dags/example_sensors.py
[2024-02-27T13:40:26.500+0000] {logging_mixin.py:137} INFO - [2024-02-27T13:40:26.500+0000] {dag.py:2690} INFO - Sync 1 DAGs
[2024-02-27T13:40:26.517+0000] {logging_mixin.py:137} INFO - [2024-02-27T13:40:26.517+0000] {dag.py:3441} INFO - Setting next_dagrun for example_sensors to None, run_after=None
[2024-02-27T13:40:26.531+0000] {processor.py:175} INFO - Processing /home/airflow/.local/lib/python3.7/site-packages/airflow/example_dags/example_sensors.py took 0.068 seconds
[2024-02-27T13:40:57.414+0000] {processor.py:153} INFO - Started process (PID=2225) to work on /home/airflow/.local/lib/python3.7/site-packages/airflow/example_dags/example_sensors.py
[2024-02-27T13:40:57.415+0000] {processor.py:743} INFO - Processing file /home/airflow/.local/lib/python3.7/site-packages/airflow/example_dags/example_sensors.py for tasks to queue
[2024-02-27T13:40:57.416+0000] {logging_mixin.py:137} INFO - [2024-02-27T13:40:57.416+0000] {dagbag.py:538} INFO - Filling up the DagBag from /home/airflow/.local/lib/python3.7/site-packages/airflow/example_dags/example_sensors.py
[2024-02-27T13:40:57.431+0000] {processor.py:753} INFO - DAG(s) dict_keys(['example_sensors']) retrieved from /home/airflow/.local/lib/python3.7/site-packages/airflow/example_dags/example_sensors.py
[2024-02-27T13:40:57.455+0000] {logging_mixin.py:137} INFO - [2024-02-27T13:40:57.455+0000] {dag.py:2690} INFO - Sync 1 DAGs
[2024-02-27T13:40:57.474+0000] {logging_mixin.py:137} INFO - [2024-02-27T13:40:57.474+0000] {dag.py:3441} INFO - Setting next_dagrun for example_sensors to None, run_after=None
[2024-02-27T13:40:57.492+0000] {processor.py:175} INFO - Processing /home/airflow/.local/lib/python3.7/site-packages/airflow/example_dags/example_sensors.py took 0.081 seconds
[2024-02-27T13:41:27.877+0000] {processor.py:153} INFO - Started process (PID=2320) to work on /home/airflow/.local/lib/python3.7/site-packages/airflow/example_dags/example_sensors.py
[2024-02-27T13:41:27.878+0000] {processor.py:743} INFO - Processing file /home/airflow/.local/lib/python3.7/site-packages/airflow/example_dags/example_sensors.py for tasks to queue
[2024-02-27T13:41:27.879+0000] {logging_mixin.py:137} INFO - [2024-02-27T13:41:27.879+0000] {dagbag.py:538} INFO - Filling up the DagBag from /home/airflow/.local/lib/python3.7/site-packages/airflow/example_dags/example_sensors.py
[2024-02-27T13:41:27.892+0000] {processor.py:753} INFO - DAG(s) dict_keys(['example_sensors']) retrieved from /home/airflow/.local/lib/python3.7/site-packages/airflow/example_dags/example_sensors.py
[2024-02-27T13:41:27.914+0000] {logging_mixin.py:137} INFO - [2024-02-27T13:41:27.914+0000] {dag.py:2690} INFO - Sync 1 DAGs
[2024-02-27T13:41:27.934+0000] {logging_mixin.py:137} INFO - [2024-02-27T13:41:27.934+0000] {dag.py:3441} INFO - Setting next_dagrun for example_sensors to None, run_after=None
[2024-02-27T13:41:27.953+0000] {processor.py:175} INFO - Processing /home/airflow/.local/lib/python3.7/site-packages/airflow/example_dags/example_sensors.py took 0.078 seconds
