[2024-02-27T13:31:14.405+0000] {processor.py:153} INFO - Started process (PID=50) to work on /home/airflow/.local/lib/python3.7/site-packages/airflow/example_dags/example_latest_only_with_trigger.py
[2024-02-27T13:31:14.406+0000] {processor.py:743} INFO - Processing file /home/airflow/.local/lib/python3.7/site-packages/airflow/example_dags/example_latest_only_with_trigger.py for tasks to queue
[2024-02-27T13:31:14.407+0000] {logging_mixin.py:137} INFO - [2024-02-27T13:31:14.407+0000] {dagbag.py:538} INFO - Filling up the DagBag from /home/airflow/.local/lib/python3.7/site-packages/airflow/example_dags/example_latest_only_with_trigger.py
[2024-02-27T13:31:14.428+0000] {processor.py:753} INFO - DAG(s) dict_keys(['latest_only_with_trigger']) retrieved from /home/airflow/.local/lib/python3.7/site-packages/airflow/example_dags/example_latest_only_with_trigger.py
[2024-02-27T13:31:14.566+0000] {logging_mixin.py:137} INFO - [2024-02-27T13:31:14.566+0000] {manager.py:504} INFO - Created Permission View: can edit on DAG:latest_only_with_trigger
[2024-02-27T13:31:14.579+0000] {logging_mixin.py:137} INFO - [2024-02-27T13:31:14.579+0000] {manager.py:504} INFO - Created Permission View: can delete on DAG:latest_only_with_trigger
[2024-02-27T13:31:14.586+0000] {logging_mixin.py:137} INFO - [2024-02-27T13:31:14.586+0000] {manager.py:504} INFO - Created Permission View: can read on DAG:latest_only_with_trigger
[2024-02-27T13:31:14.587+0000] {logging_mixin.py:137} INFO - [2024-02-27T13:31:14.587+0000] {dag.py:2690} INFO - Sync 1 DAGs
[2024-02-27T13:31:14.598+0000] {logging_mixin.py:137} INFO - [2024-02-27T13:31:14.598+0000] {dag.py:2711} INFO - Creating ORM DAG for latest_only_with_trigger
[2024-02-27T13:31:14.607+0000] {logging_mixin.py:137} INFO - [2024-02-27T13:31:14.607+0000] {dag.py:3441} INFO - Setting next_dagrun for latest_only_with_trigger to 2024-02-27T09:31:14.607384+00:00, run_after=2024-02-27T13:31:14.607384+00:00
[2024-02-27T13:31:14.624+0000] {processor.py:175} INFO - Processing /home/airflow/.local/lib/python3.7/site-packages/airflow/example_dags/example_latest_only_with_trigger.py took 0.222 seconds
[2024-02-27T13:31:44.687+0000] {processor.py:153} INFO - Started process (PID=173) to work on /home/airflow/.local/lib/python3.7/site-packages/airflow/example_dags/example_latest_only_with_trigger.py
[2024-02-27T13:31:44.688+0000] {processor.py:743} INFO - Processing file /home/airflow/.local/lib/python3.7/site-packages/airflow/example_dags/example_latest_only_with_trigger.py for tasks to queue
[2024-02-27T13:31:44.698+0000] {logging_mixin.py:137} INFO - [2024-02-27T13:31:44.698+0000] {dagbag.py:538} INFO - Filling up the DagBag from /home/airflow/.local/lib/python3.7/site-packages/airflow/example_dags/example_latest_only_with_trigger.py
[2024-02-27T13:31:44.711+0000] {processor.py:753} INFO - DAG(s) dict_keys(['latest_only_with_trigger']) retrieved from /home/airflow/.local/lib/python3.7/site-packages/airflow/example_dags/example_latest_only_with_trigger.py
[2024-02-27T13:31:44.732+0000] {logging_mixin.py:137} INFO - [2024-02-27T13:31:44.732+0000] {dag.py:2690} INFO - Sync 1 DAGs
[2024-02-27T13:31:44.753+0000] {logging_mixin.py:137} INFO - [2024-02-27T13:31:44.752+0000] {dag.py:3441} INFO - Setting next_dagrun for latest_only_with_trigger to 2024-02-27T09:31:44.752769+00:00, run_after=2024-02-27T13:31:44.752769+00:00
[2024-02-27T13:31:44.777+0000] {processor.py:175} INFO - Processing /home/airflow/.local/lib/python3.7/site-packages/airflow/example_dags/example_latest_only_with_trigger.py took 0.092 seconds
[2024-02-27T13:32:15.170+0000] {processor.py:153} INFO - Started process (PID=268) to work on /home/airflow/.local/lib/python3.7/site-packages/airflow/example_dags/example_latest_only_with_trigger.py
[2024-02-27T13:32:15.173+0000] {processor.py:743} INFO - Processing file /home/airflow/.local/lib/python3.7/site-packages/airflow/example_dags/example_latest_only_with_trigger.py for tasks to queue
[2024-02-27T13:32:15.174+0000] {logging_mixin.py:137} INFO - [2024-02-27T13:32:15.174+0000] {dagbag.py:538} INFO - Filling up the DagBag from /home/airflow/.local/lib/python3.7/site-packages/airflow/example_dags/example_latest_only_with_trigger.py
[2024-02-27T13:32:15.184+0000] {processor.py:753} INFO - DAG(s) dict_keys(['latest_only_with_trigger']) retrieved from /home/airflow/.local/lib/python3.7/site-packages/airflow/example_dags/example_latest_only_with_trigger.py
[2024-02-27T13:32:15.204+0000] {logging_mixin.py:137} INFO - [2024-02-27T13:32:15.204+0000] {dag.py:2690} INFO - Sync 1 DAGs
[2024-02-27T13:32:15.223+0000] {logging_mixin.py:137} INFO - [2024-02-27T13:32:15.222+0000] {dag.py:3441} INFO - Setting next_dagrun for latest_only_with_trigger to 2024-02-27T09:32:15.222760+00:00, run_after=2024-02-27T13:32:15.222760+00:00
[2024-02-27T13:32:15.240+0000] {processor.py:175} INFO - Processing /home/airflow/.local/lib/python3.7/site-packages/airflow/example_dags/example_latest_only_with_trigger.py took 0.072 seconds
[2024-02-27T13:32:45.701+0000] {processor.py:153} INFO - Started process (PID=390) to work on /home/airflow/.local/lib/python3.7/site-packages/airflow/example_dags/example_latest_only_with_trigger.py
[2024-02-27T13:32:45.703+0000] {processor.py:743} INFO - Processing file /home/airflow/.local/lib/python3.7/site-packages/airflow/example_dags/example_latest_only_with_trigger.py for tasks to queue
[2024-02-27T13:32:45.705+0000] {logging_mixin.py:137} INFO - [2024-02-27T13:32:45.705+0000] {dagbag.py:538} INFO - Filling up the DagBag from /home/airflow/.local/lib/python3.7/site-packages/airflow/example_dags/example_latest_only_with_trigger.py
[2024-02-27T13:32:45.714+0000] {processor.py:753} INFO - DAG(s) dict_keys(['latest_only_with_trigger']) retrieved from /home/airflow/.local/lib/python3.7/site-packages/airflow/example_dags/example_latest_only_with_trigger.py
[2024-02-27T13:32:45.733+0000] {logging_mixin.py:137} INFO - [2024-02-27T13:32:45.732+0000] {dag.py:2690} INFO - Sync 1 DAGs
[2024-02-27T13:32:45.750+0000] {logging_mixin.py:137} INFO - [2024-02-27T13:32:45.750+0000] {dag.py:3441} INFO - Setting next_dagrun for latest_only_with_trigger to 2024-02-27T09:32:45.749948+00:00, run_after=2024-02-27T13:32:45.749948+00:00
[2024-02-27T13:32:45.765+0000] {processor.py:175} INFO - Processing /home/airflow/.local/lib/python3.7/site-packages/airflow/example_dags/example_latest_only_with_trigger.py took 0.067 seconds
[2024-02-27T13:33:16.097+0000] {processor.py:153} INFO - Started process (PID=485) to work on /home/airflow/.local/lib/python3.7/site-packages/airflow/example_dags/example_latest_only_with_trigger.py
[2024-02-27T13:33:16.098+0000] {processor.py:743} INFO - Processing file /home/airflow/.local/lib/python3.7/site-packages/airflow/example_dags/example_latest_only_with_trigger.py for tasks to queue
[2024-02-27T13:33:16.099+0000] {logging_mixin.py:137} INFO - [2024-02-27T13:33:16.099+0000] {dagbag.py:538} INFO - Filling up the DagBag from /home/airflow/.local/lib/python3.7/site-packages/airflow/example_dags/example_latest_only_with_trigger.py
[2024-02-27T13:33:16.114+0000] {processor.py:753} INFO - DAG(s) dict_keys(['latest_only_with_trigger']) retrieved from /home/airflow/.local/lib/python3.7/site-packages/airflow/example_dags/example_latest_only_with_trigger.py
[2024-02-27T13:33:16.136+0000] {logging_mixin.py:137} INFO - [2024-02-27T13:33:16.135+0000] {dag.py:2690} INFO - Sync 1 DAGs
[2024-02-27T13:33:16.155+0000] {logging_mixin.py:137} INFO - [2024-02-27T13:33:16.155+0000] {dag.py:3441} INFO - Setting next_dagrun for latest_only_with_trigger to 2024-02-27T09:33:16.155242+00:00, run_after=2024-02-27T13:33:16.155242+00:00
[2024-02-27T13:33:16.174+0000] {processor.py:175} INFO - Processing /home/airflow/.local/lib/python3.7/site-packages/airflow/example_dags/example_latest_only_with_trigger.py took 0.079 seconds
[2024-02-27T13:33:46.418+0000] {processor.py:153} INFO - Started process (PID=607) to work on /home/airflow/.local/lib/python3.7/site-packages/airflow/example_dags/example_latest_only_with_trigger.py
[2024-02-27T13:33:46.419+0000] {processor.py:743} INFO - Processing file /home/airflow/.local/lib/python3.7/site-packages/airflow/example_dags/example_latest_only_with_trigger.py for tasks to queue
[2024-02-27T13:33:46.420+0000] {logging_mixin.py:137} INFO - [2024-02-27T13:33:46.420+0000] {dagbag.py:538} INFO - Filling up the DagBag from /home/airflow/.local/lib/python3.7/site-packages/airflow/example_dags/example_latest_only_with_trigger.py
[2024-02-27T13:33:46.430+0000] {processor.py:753} INFO - DAG(s) dict_keys(['latest_only_with_trigger']) retrieved from /home/airflow/.local/lib/python3.7/site-packages/airflow/example_dags/example_latest_only_with_trigger.py
[2024-02-27T13:33:46.448+0000] {logging_mixin.py:137} INFO - [2024-02-27T13:33:46.448+0000] {dag.py:2690} INFO - Sync 1 DAGs
[2024-02-27T13:33:46.466+0000] {logging_mixin.py:137} INFO - [2024-02-27T13:33:46.465+0000] {dag.py:3441} INFO - Setting next_dagrun for latest_only_with_trigger to 2024-02-27T09:33:46.465742+00:00, run_after=2024-02-27T13:33:46.465742+00:00
[2024-02-27T13:33:46.482+0000] {processor.py:175} INFO - Processing /home/airflow/.local/lib/python3.7/site-packages/airflow/example_dags/example_latest_only_with_trigger.py took 0.067 seconds
[2024-02-27T13:34:16.738+0000] {processor.py:153} INFO - Started process (PID=730) to work on /home/airflow/.local/lib/python3.7/site-packages/airflow/example_dags/example_latest_only_with_trigger.py
[2024-02-27T13:34:16.739+0000] {processor.py:743} INFO - Processing file /home/airflow/.local/lib/python3.7/site-packages/airflow/example_dags/example_latest_only_with_trigger.py for tasks to queue
[2024-02-27T13:34:16.740+0000] {logging_mixin.py:137} INFO - [2024-02-27T13:34:16.740+0000] {dagbag.py:538} INFO - Filling up the DagBag from /home/airflow/.local/lib/python3.7/site-packages/airflow/example_dags/example_latest_only_with_trigger.py
[2024-02-27T13:34:16.750+0000] {processor.py:753} INFO - DAG(s) dict_keys(['latest_only_with_trigger']) retrieved from /home/airflow/.local/lib/python3.7/site-packages/airflow/example_dags/example_latest_only_with_trigger.py
[2024-02-27T13:34:16.771+0000] {logging_mixin.py:137} INFO - [2024-02-27T13:34:16.771+0000] {dag.py:2690} INFO - Sync 1 DAGs
[2024-02-27T13:34:16.791+0000] {logging_mixin.py:137} INFO - [2024-02-27T13:34:16.791+0000] {dag.py:3441} INFO - Setting next_dagrun for latest_only_with_trigger to 2024-02-27T09:34:16.790910+00:00, run_after=2024-02-27T13:34:16.790910+00:00
[2024-02-27T13:34:16.805+0000] {processor.py:175} INFO - Processing /home/airflow/.local/lib/python3.7/site-packages/airflow/example_dags/example_latest_only_with_trigger.py took 0.069 seconds
[2024-02-27T13:34:47.239+0000] {processor.py:153} INFO - Started process (PID=826) to work on /home/airflow/.local/lib/python3.7/site-packages/airflow/example_dags/example_latest_only_with_trigger.py
[2024-02-27T13:34:47.240+0000] {processor.py:743} INFO - Processing file /home/airflow/.local/lib/python3.7/site-packages/airflow/example_dags/example_latest_only_with_trigger.py for tasks to queue
[2024-02-27T13:34:47.242+0000] {logging_mixin.py:137} INFO - [2024-02-27T13:34:47.241+0000] {dagbag.py:538} INFO - Filling up the DagBag from /home/airflow/.local/lib/python3.7/site-packages/airflow/example_dags/example_latest_only_with_trigger.py
[2024-02-27T13:34:47.251+0000] {processor.py:753} INFO - DAG(s) dict_keys(['latest_only_with_trigger']) retrieved from /home/airflow/.local/lib/python3.7/site-packages/airflow/example_dags/example_latest_only_with_trigger.py
[2024-02-27T13:34:47.270+0000] {logging_mixin.py:137} INFO - [2024-02-27T13:34:47.270+0000] {dag.py:2690} INFO - Sync 1 DAGs
[2024-02-27T13:34:47.287+0000] {logging_mixin.py:137} INFO - [2024-02-27T13:34:47.287+0000] {dag.py:3441} INFO - Setting next_dagrun for latest_only_with_trigger to 2024-02-27T09:34:47.287000+00:00, run_after=2024-02-27T13:34:47.287000+00:00
[2024-02-27T13:34:47.304+0000] {processor.py:175} INFO - Processing /home/airflow/.local/lib/python3.7/site-packages/airflow/example_dags/example_latest_only_with_trigger.py took 0.068 seconds
[2024-02-27T13:35:17.696+0000] {processor.py:153} INFO - Started process (PID=949) to work on /home/airflow/.local/lib/python3.7/site-packages/airflow/example_dags/example_latest_only_with_trigger.py
[2024-02-27T13:35:17.697+0000] {processor.py:743} INFO - Processing file /home/airflow/.local/lib/python3.7/site-packages/airflow/example_dags/example_latest_only_with_trigger.py for tasks to queue
[2024-02-27T13:35:17.697+0000] {logging_mixin.py:137} INFO - [2024-02-27T13:35:17.697+0000] {dagbag.py:538} INFO - Filling up the DagBag from /home/airflow/.local/lib/python3.7/site-packages/airflow/example_dags/example_latest_only_with_trigger.py
[2024-02-27T13:35:17.707+0000] {processor.py:753} INFO - DAG(s) dict_keys(['latest_only_with_trigger']) retrieved from /home/airflow/.local/lib/python3.7/site-packages/airflow/example_dags/example_latest_only_with_trigger.py
[2024-02-27T13:35:17.726+0000] {logging_mixin.py:137} INFO - [2024-02-27T13:35:17.726+0000] {dag.py:2690} INFO - Sync 1 DAGs
[2024-02-27T13:35:17.743+0000] {logging_mixin.py:137} INFO - [2024-02-27T13:35:17.743+0000] {dag.py:3441} INFO - Setting next_dagrun for latest_only_with_trigger to 2024-02-27T09:35:17.743066+00:00, run_after=2024-02-27T13:35:17.743066+00:00
[2024-02-27T13:35:17.760+0000] {processor.py:175} INFO - Processing /home/airflow/.local/lib/python3.7/site-packages/airflow/example_dags/example_latest_only_with_trigger.py took 0.066 seconds
[2024-02-27T13:35:47.871+0000] {processor.py:153} INFO - Started process (PID=1044) to work on /home/airflow/.local/lib/python3.7/site-packages/airflow/example_dags/example_latest_only_with_trigger.py
[2024-02-27T13:35:47.872+0000] {processor.py:743} INFO - Processing file /home/airflow/.local/lib/python3.7/site-packages/airflow/example_dags/example_latest_only_with_trigger.py for tasks to queue
[2024-02-27T13:35:47.873+0000] {logging_mixin.py:137} INFO - [2024-02-27T13:35:47.873+0000] {dagbag.py:538} INFO - Filling up the DagBag from /home/airflow/.local/lib/python3.7/site-packages/airflow/example_dags/example_latest_only_with_trigger.py
[2024-02-27T13:35:47.883+0000] {processor.py:753} INFO - DAG(s) dict_keys(['latest_only_with_trigger']) retrieved from /home/airflow/.local/lib/python3.7/site-packages/airflow/example_dags/example_latest_only_with_trigger.py
[2024-02-27T13:35:47.902+0000] {logging_mixin.py:137} INFO - [2024-02-27T13:35:47.902+0000] {dag.py:2690} INFO - Sync 1 DAGs
[2024-02-27T13:35:47.920+0000] {logging_mixin.py:137} INFO - [2024-02-27T13:35:47.920+0000] {dag.py:3441} INFO - Setting next_dagrun for latest_only_with_trigger to 2024-02-27T09:35:47.920181+00:00, run_after=2024-02-27T13:35:47.920181+00:00
[2024-02-27T13:35:47.939+0000] {processor.py:175} INFO - Processing /home/airflow/.local/lib/python3.7/site-packages/airflow/example_dags/example_latest_only_with_trigger.py took 0.070 seconds
[2024-02-27T13:36:18.140+0000] {processor.py:153} INFO - Started process (PID=1167) to work on /home/airflow/.local/lib/python3.7/site-packages/airflow/example_dags/example_latest_only_with_trigger.py
[2024-02-27T13:36:18.141+0000] {processor.py:743} INFO - Processing file /home/airflow/.local/lib/python3.7/site-packages/airflow/example_dags/example_latest_only_with_trigger.py for tasks to queue
[2024-02-27T13:36:18.142+0000] {logging_mixin.py:137} INFO - [2024-02-27T13:36:18.142+0000] {dagbag.py:538} INFO - Filling up the DagBag from /home/airflow/.local/lib/python3.7/site-packages/airflow/example_dags/example_latest_only_with_trigger.py
[2024-02-27T13:36:18.151+0000] {processor.py:753} INFO - DAG(s) dict_keys(['latest_only_with_trigger']) retrieved from /home/airflow/.local/lib/python3.7/site-packages/airflow/example_dags/example_latest_only_with_trigger.py
[2024-02-27T13:36:18.171+0000] {logging_mixin.py:137} INFO - [2024-02-27T13:36:18.171+0000] {dag.py:2690} INFO - Sync 1 DAGs
[2024-02-27T13:36:18.190+0000] {logging_mixin.py:137} INFO - [2024-02-27T13:36:18.189+0000] {dag.py:3441} INFO - Setting next_dagrun for latest_only_with_trigger to 2024-02-27T09:36:18.189824+00:00, run_after=2024-02-27T13:36:18.189824+00:00
[2024-02-27T13:36:18.205+0000] {processor.py:175} INFO - Processing /home/airflow/.local/lib/python3.7/site-packages/airflow/example_dags/example_latest_only_with_trigger.py took 0.067 seconds
[2024-02-27T13:36:48.352+0000] {processor.py:153} INFO - Started process (PID=1271) to work on /home/airflow/.local/lib/python3.7/site-packages/airflow/example_dags/example_latest_only_with_trigger.py
[2024-02-27T13:36:48.353+0000] {processor.py:743} INFO - Processing file /home/airflow/.local/lib/python3.7/site-packages/airflow/example_dags/example_latest_only_with_trigger.py for tasks to queue
[2024-02-27T13:36:48.354+0000] {logging_mixin.py:137} INFO - [2024-02-27T13:36:48.354+0000] {dagbag.py:538} INFO - Filling up the DagBag from /home/airflow/.local/lib/python3.7/site-packages/airflow/example_dags/example_latest_only_with_trigger.py
[2024-02-27T13:36:48.366+0000] {processor.py:753} INFO - DAG(s) dict_keys(['latest_only_with_trigger']) retrieved from /home/airflow/.local/lib/python3.7/site-packages/airflow/example_dags/example_latest_only_with_trigger.py
[2024-02-27T13:36:48.387+0000] {logging_mixin.py:137} INFO - [2024-02-27T13:36:48.387+0000] {dag.py:2690} INFO - Sync 1 DAGs
[2024-02-27T13:36:48.406+0000] {logging_mixin.py:137} INFO - [2024-02-27T13:36:48.406+0000] {dag.py:3441} INFO - Setting next_dagrun for latest_only_with_trigger to 2024-02-27T09:36:48.406050+00:00, run_after=2024-02-27T13:36:48.406050+00:00
[2024-02-27T13:36:48.423+0000] {processor.py:175} INFO - Processing /home/airflow/.local/lib/python3.7/site-packages/airflow/example_dags/example_latest_only_with_trigger.py took 0.073 seconds
[2024-02-27T13:37:18.618+0000] {processor.py:153} INFO - Started process (PID=1385) to work on /home/airflow/.local/lib/python3.7/site-packages/airflow/example_dags/example_latest_only_with_trigger.py
[2024-02-27T13:37:18.619+0000] {processor.py:743} INFO - Processing file /home/airflow/.local/lib/python3.7/site-packages/airflow/example_dags/example_latest_only_with_trigger.py for tasks to queue
[2024-02-27T13:37:18.620+0000] {logging_mixin.py:137} INFO - [2024-02-27T13:37:18.620+0000] {dagbag.py:538} INFO - Filling up the DagBag from /home/airflow/.local/lib/python3.7/site-packages/airflow/example_dags/example_latest_only_with_trigger.py
[2024-02-27T13:37:18.630+0000] {processor.py:753} INFO - DAG(s) dict_keys(['latest_only_with_trigger']) retrieved from /home/airflow/.local/lib/python3.7/site-packages/airflow/example_dags/example_latest_only_with_trigger.py
[2024-02-27T13:37:18.648+0000] {logging_mixin.py:137} INFO - [2024-02-27T13:37:18.648+0000] {dag.py:2690} INFO - Sync 1 DAGs
[2024-02-27T13:37:18.665+0000] {logging_mixin.py:137} INFO - [2024-02-27T13:37:18.665+0000] {dag.py:3441} INFO - Setting next_dagrun for latest_only_with_trigger to 2024-02-27T09:37:18.665273+00:00, run_after=2024-02-27T13:37:18.665273+00:00
[2024-02-27T13:37:18.680+0000] {processor.py:175} INFO - Processing /home/airflow/.local/lib/python3.7/site-packages/airflow/example_dags/example_latest_only_with_trigger.py took 0.064 seconds
[2024-02-27T13:37:49.048+0000] {processor.py:153} INFO - Started process (PID=1510) to work on /home/airflow/.local/lib/python3.7/site-packages/airflow/example_dags/example_latest_only_with_trigger.py
[2024-02-27T13:37:49.049+0000] {processor.py:743} INFO - Processing file /home/airflow/.local/lib/python3.7/site-packages/airflow/example_dags/example_latest_only_with_trigger.py for tasks to queue
[2024-02-27T13:37:49.050+0000] {logging_mixin.py:137} INFO - [2024-02-27T13:37:49.050+0000] {dagbag.py:538} INFO - Filling up the DagBag from /home/airflow/.local/lib/python3.7/site-packages/airflow/example_dags/example_latest_only_with_trigger.py
[2024-02-27T13:37:49.059+0000] {processor.py:753} INFO - DAG(s) dict_keys(['latest_only_with_trigger']) retrieved from /home/airflow/.local/lib/python3.7/site-packages/airflow/example_dags/example_latest_only_with_trigger.py
[2024-02-27T13:37:49.077+0000] {logging_mixin.py:137} INFO - [2024-02-27T13:37:49.077+0000] {dag.py:2690} INFO - Sync 1 DAGs
[2024-02-27T13:37:49.096+0000] {logging_mixin.py:137} INFO - [2024-02-27T13:37:49.096+0000] {dag.py:3441} INFO - Setting next_dagrun for latest_only_with_trigger to 2024-02-27T09:37:49.095858+00:00, run_after=2024-02-27T13:37:49.095858+00:00
[2024-02-27T13:37:49.112+0000] {processor.py:175} INFO - Processing /home/airflow/.local/lib/python3.7/site-packages/airflow/example_dags/example_latest_only_with_trigger.py took 0.067 seconds
[2024-02-27T13:38:19.270+0000] {processor.py:153} INFO - Started process (PID=1605) to work on /home/airflow/.local/lib/python3.7/site-packages/airflow/example_dags/example_latest_only_with_trigger.py
[2024-02-27T13:38:19.271+0000] {processor.py:743} INFO - Processing file /home/airflow/.local/lib/python3.7/site-packages/airflow/example_dags/example_latest_only_with_trigger.py for tasks to queue
[2024-02-27T13:38:19.272+0000] {logging_mixin.py:137} INFO - [2024-02-27T13:38:19.272+0000] {dagbag.py:538} INFO - Filling up the DagBag from /home/airflow/.local/lib/python3.7/site-packages/airflow/example_dags/example_latest_only_with_trigger.py
[2024-02-27T13:38:19.282+0000] {processor.py:753} INFO - DAG(s) dict_keys(['latest_only_with_trigger']) retrieved from /home/airflow/.local/lib/python3.7/site-packages/airflow/example_dags/example_latest_only_with_trigger.py
[2024-02-27T13:38:19.301+0000] {logging_mixin.py:137} INFO - [2024-02-27T13:38:19.301+0000] {dag.py:2690} INFO - Sync 1 DAGs
[2024-02-27T13:38:19.319+0000] {logging_mixin.py:137} INFO - [2024-02-27T13:38:19.319+0000] {dag.py:3441} INFO - Setting next_dagrun for latest_only_with_trigger to 2024-02-27T09:38:19.318899+00:00, run_after=2024-02-27T13:38:19.318899+00:00
[2024-02-27T13:38:19.335+0000] {processor.py:175} INFO - Processing /home/airflow/.local/lib/python3.7/site-packages/airflow/example_dags/example_latest_only_with_trigger.py took 0.067 seconds
[2024-02-27T13:38:49.698+0000] {processor.py:153} INFO - Started process (PID=1728) to work on /home/airflow/.local/lib/python3.7/site-packages/airflow/example_dags/example_latest_only_with_trigger.py
[2024-02-27T13:38:49.699+0000] {processor.py:743} INFO - Processing file /home/airflow/.local/lib/python3.7/site-packages/airflow/example_dags/example_latest_only_with_trigger.py for tasks to queue
[2024-02-27T13:38:49.700+0000] {logging_mixin.py:137} INFO - [2024-02-27T13:38:49.700+0000] {dagbag.py:538} INFO - Filling up the DagBag from /home/airflow/.local/lib/python3.7/site-packages/airflow/example_dags/example_latest_only_with_trigger.py
[2024-02-27T13:38:49.710+0000] {processor.py:753} INFO - DAG(s) dict_keys(['latest_only_with_trigger']) retrieved from /home/airflow/.local/lib/python3.7/site-packages/airflow/example_dags/example_latest_only_with_trigger.py
[2024-02-27T13:38:49.731+0000] {logging_mixin.py:137} INFO - [2024-02-27T13:38:49.731+0000] {dag.py:2690} INFO - Sync 1 DAGs
[2024-02-27T13:38:49.749+0000] {logging_mixin.py:137} INFO - [2024-02-27T13:38:49.749+0000] {dag.py:3441} INFO - Setting next_dagrun for latest_only_with_trigger to 2024-02-27T09:38:49.748854+00:00, run_after=2024-02-27T13:38:49.748854+00:00
[2024-02-27T13:38:49.846+0000] {processor.py:175} INFO - Processing /home/airflow/.local/lib/python3.7/site-packages/airflow/example_dags/example_latest_only_with_trigger.py took 0.151 seconds
[2024-02-27T13:39:20.135+0000] {processor.py:153} INFO - Started process (PID=1823) to work on /home/airflow/.local/lib/python3.7/site-packages/airflow/example_dags/example_latest_only_with_trigger.py
[2024-02-27T13:39:20.139+0000] {processor.py:743} INFO - Processing file /home/airflow/.local/lib/python3.7/site-packages/airflow/example_dags/example_latest_only_with_trigger.py for tasks to queue
[2024-02-27T13:39:20.139+0000] {logging_mixin.py:137} INFO - [2024-02-27T13:39:20.139+0000] {dagbag.py:538} INFO - Filling up the DagBag from /home/airflow/.local/lib/python3.7/site-packages/airflow/example_dags/example_latest_only_with_trigger.py
[2024-02-27T13:39:20.148+0000] {processor.py:753} INFO - DAG(s) dict_keys(['latest_only_with_trigger']) retrieved from /home/airflow/.local/lib/python3.7/site-packages/airflow/example_dags/example_latest_only_with_trigger.py
[2024-02-27T13:39:20.171+0000] {logging_mixin.py:137} INFO - [2024-02-27T13:39:20.170+0000] {dag.py:2690} INFO - Sync 1 DAGs
[2024-02-27T13:39:20.188+0000] {logging_mixin.py:137} INFO - [2024-02-27T13:39:20.187+0000] {dag.py:3441} INFO - Setting next_dagrun for latest_only_with_trigger to 2024-02-27T09:39:20.187671+00:00, run_after=2024-02-27T13:39:20.187671+00:00
[2024-02-27T13:39:20.203+0000] {processor.py:175} INFO - Processing /home/airflow/.local/lib/python3.7/site-packages/airflow/example_dags/example_latest_only_with_trigger.py took 0.069 seconds
[2024-02-27T13:39:51.060+0000] {processor.py:153} INFO - Started process (PID=1946) to work on /home/airflow/.local/lib/python3.7/site-packages/airflow/example_dags/example_latest_only_with_trigger.py
[2024-02-27T13:39:51.061+0000] {processor.py:743} INFO - Processing file /home/airflow/.local/lib/python3.7/site-packages/airflow/example_dags/example_latest_only_with_trigger.py for tasks to queue
[2024-02-27T13:39:51.062+0000] {logging_mixin.py:137} INFO - [2024-02-27T13:39:51.062+0000] {dagbag.py:538} INFO - Filling up the DagBag from /home/airflow/.local/lib/python3.7/site-packages/airflow/example_dags/example_latest_only_with_trigger.py
[2024-02-27T13:39:51.071+0000] {processor.py:753} INFO - DAG(s) dict_keys(['latest_only_with_trigger']) retrieved from /home/airflow/.local/lib/python3.7/site-packages/airflow/example_dags/example_latest_only_with_trigger.py
[2024-02-27T13:39:51.090+0000] {logging_mixin.py:137} INFO - [2024-02-27T13:39:51.089+0000] {dag.py:2690} INFO - Sync 1 DAGs
[2024-02-27T13:39:51.107+0000] {logging_mixin.py:137} INFO - [2024-02-27T13:39:51.107+0000] {dag.py:3441} INFO - Setting next_dagrun for latest_only_with_trigger to 2024-02-27T09:39:51.106860+00:00, run_after=2024-02-27T13:39:51.106860+00:00
[2024-02-27T13:39:51.198+0000] {processor.py:175} INFO - Processing /home/airflow/.local/lib/python3.7/site-packages/airflow/example_dags/example_latest_only_with_trigger.py took 0.140 seconds
[2024-02-27T13:40:21.718+0000] {processor.py:153} INFO - Started process (PID=2070) to work on /home/airflow/.local/lib/python3.7/site-packages/airflow/example_dags/example_latest_only_with_trigger.py
[2024-02-27T13:40:21.720+0000] {processor.py:743} INFO - Processing file /home/airflow/.local/lib/python3.7/site-packages/airflow/example_dags/example_latest_only_with_trigger.py for tasks to queue
[2024-02-27T13:40:21.721+0000] {logging_mixin.py:137} INFO - [2024-02-27T13:40:21.721+0000] {dagbag.py:538} INFO - Filling up the DagBag from /home/airflow/.local/lib/python3.7/site-packages/airflow/example_dags/example_latest_only_with_trigger.py
[2024-02-27T13:40:21.732+0000] {processor.py:753} INFO - DAG(s) dict_keys(['latest_only_with_trigger']) retrieved from /home/airflow/.local/lib/python3.7/site-packages/airflow/example_dags/example_latest_only_with_trigger.py
[2024-02-27T13:40:21.754+0000] {logging_mixin.py:137} INFO - [2024-02-27T13:40:21.754+0000] {dag.py:2690} INFO - Sync 1 DAGs
[2024-02-27T13:40:21.781+0000] {logging_mixin.py:137} INFO - [2024-02-27T13:40:21.781+0000] {dag.py:3441} INFO - Setting next_dagrun for latest_only_with_trigger to 2024-02-27T09:40:21.781019+00:00, run_after=2024-02-27T13:40:21.781019+00:00
[2024-02-27T13:40:21.870+0000] {processor.py:175} INFO - Processing /home/airflow/.local/lib/python3.7/site-packages/airflow/example_dags/example_latest_only_with_trigger.py took 0.155 seconds
[2024-02-27T13:40:52.884+0000] {processor.py:153} INFO - Started process (PID=2165) to work on /home/airflow/.local/lib/python3.7/site-packages/airflow/example_dags/example_latest_only_with_trigger.py
[2024-02-27T13:40:52.886+0000] {processor.py:743} INFO - Processing file /home/airflow/.local/lib/python3.7/site-packages/airflow/example_dags/example_latest_only_with_trigger.py for tasks to queue
[2024-02-27T13:40:52.886+0000] {logging_mixin.py:137} INFO - [2024-02-27T13:40:52.886+0000] {dagbag.py:538} INFO - Filling up the DagBag from /home/airflow/.local/lib/python3.7/site-packages/airflow/example_dags/example_latest_only_with_trigger.py
[2024-02-27T13:40:52.898+0000] {processor.py:753} INFO - DAG(s) dict_keys(['latest_only_with_trigger']) retrieved from /home/airflow/.local/lib/python3.7/site-packages/airflow/example_dags/example_latest_only_with_trigger.py
[2024-02-27T13:40:52.921+0000] {logging_mixin.py:137} INFO - [2024-02-27T13:40:52.921+0000] {dag.py:2690} INFO - Sync 1 DAGs
[2024-02-27T13:40:52.942+0000] {logging_mixin.py:137} INFO - [2024-02-27T13:40:52.942+0000] {dag.py:3441} INFO - Setting next_dagrun for latest_only_with_trigger to 2024-02-27T09:40:52.942282+00:00, run_after=2024-02-27T13:40:52.942282+00:00
[2024-02-27T13:40:53.014+0000] {processor.py:175} INFO - Processing /home/airflow/.local/lib/python3.7/site-packages/airflow/example_dags/example_latest_only_with_trigger.py took 0.132 seconds
[2024-02-27T13:41:23.919+0000] {processor.py:153} INFO - Started process (PID=2288) to work on /home/airflow/.local/lib/python3.7/site-packages/airflow/example_dags/example_latest_only_with_trigger.py
[2024-02-27T13:41:23.920+0000] {processor.py:743} INFO - Processing file /home/airflow/.local/lib/python3.7/site-packages/airflow/example_dags/example_latest_only_with_trigger.py for tasks to queue
[2024-02-27T13:41:23.921+0000] {logging_mixin.py:137} INFO - [2024-02-27T13:41:23.921+0000] {dagbag.py:538} INFO - Filling up the DagBag from /home/airflow/.local/lib/python3.7/site-packages/airflow/example_dags/example_latest_only_with_trigger.py
[2024-02-27T13:41:23.932+0000] {processor.py:753} INFO - DAG(s) dict_keys(['latest_only_with_trigger']) retrieved from /home/airflow/.local/lib/python3.7/site-packages/airflow/example_dags/example_latest_only_with_trigger.py
[2024-02-27T13:41:23.951+0000] {logging_mixin.py:137} INFO - [2024-02-27T13:41:23.951+0000] {dag.py:2690} INFO - Sync 1 DAGs
[2024-02-27T13:41:23.968+0000] {logging_mixin.py:137} INFO - [2024-02-27T13:41:23.968+0000] {dag.py:3441} INFO - Setting next_dagrun for latest_only_with_trigger to 2024-02-27T09:41:23.968565+00:00, run_after=2024-02-27T13:41:23.968565+00:00
[2024-02-27T13:41:24.079+0000] {processor.py:175} INFO - Processing /home/airflow/.local/lib/python3.7/site-packages/airflow/example_dags/example_latest_only_with_trigger.py took 0.162 seconds
