[2024-02-27T13:31:16.075+0000] {processor.py:153} INFO - Started process (PID=64) to work on /home/airflow/.local/lib/python3.7/site-packages/airflow/example_dags/example_trigger_controller_dag.py
[2024-02-27T13:31:16.076+0000] {processor.py:743} INFO - Processing file /home/airflow/.local/lib/python3.7/site-packages/airflow/example_dags/example_trigger_controller_dag.py for tasks to queue
[2024-02-27T13:31:16.077+0000] {logging_mixin.py:137} INFO - [2024-02-27T13:31:16.077+0000] {dagbag.py:538} INFO - Filling up the DagBag from /home/airflow/.local/lib/python3.7/site-packages/airflow/example_dags/example_trigger_controller_dag.py
[2024-02-27T13:31:16.091+0000] {processor.py:753} INFO - DAG(s) dict_keys(['example_trigger_controller_dag']) retrieved from /home/airflow/.local/lib/python3.7/site-packages/airflow/example_dags/example_trigger_controller_dag.py
[2024-02-27T13:31:16.254+0000] {logging_mixin.py:137} INFO - [2024-02-27T13:31:16.253+0000] {manager.py:504} INFO - Created Permission View: can edit on DAG:example_trigger_controller_dag
[2024-02-27T13:31:16.270+0000] {logging_mixin.py:137} INFO - [2024-02-27T13:31:16.270+0000] {manager.py:504} INFO - Created Permission View: can delete on DAG:example_trigger_controller_dag
[2024-02-27T13:31:16.295+0000] {logging_mixin.py:137} INFO - [2024-02-27T13:31:16.294+0000] {manager.py:504} INFO - Created Permission View: can read on DAG:example_trigger_controller_dag
[2024-02-27T13:31:16.297+0000] {logging_mixin.py:137} INFO - [2024-02-27T13:31:16.297+0000] {dag.py:2690} INFO - Sync 1 DAGs
[2024-02-27T13:31:16.328+0000] {logging_mixin.py:137} INFO - [2024-02-27T13:31:16.327+0000] {dag.py:2711} INFO - Creating ORM DAG for example_trigger_controller_dag
[2024-02-27T13:31:16.340+0000] {logging_mixin.py:137} INFO - [2024-02-27T13:31:16.340+0000] {dag.py:3441} INFO - Setting next_dagrun for example_trigger_controller_dag to 2021-01-01T00:00:00+00:00, run_after=2021-01-01T00:00:00+00:00
[2024-02-27T13:31:16.380+0000] {processor.py:175} INFO - Processing /home/airflow/.local/lib/python3.7/site-packages/airflow/example_dags/example_trigger_controller_dag.py took 0.307 seconds
[2024-02-27T13:31:46.581+0000] {processor.py:153} INFO - Started process (PID=187) to work on /home/airflow/.local/lib/python3.7/site-packages/airflow/example_dags/example_trigger_controller_dag.py
[2024-02-27T13:31:46.583+0000] {processor.py:743} INFO - Processing file /home/airflow/.local/lib/python3.7/site-packages/airflow/example_dags/example_trigger_controller_dag.py for tasks to queue
[2024-02-27T13:31:46.584+0000] {logging_mixin.py:137} INFO - [2024-02-27T13:31:46.584+0000] {dagbag.py:538} INFO - Filling up the DagBag from /home/airflow/.local/lib/python3.7/site-packages/airflow/example_dags/example_trigger_controller_dag.py
[2024-02-27T13:31:46.597+0000] {processor.py:753} INFO - DAG(s) dict_keys(['example_trigger_controller_dag']) retrieved from /home/airflow/.local/lib/python3.7/site-packages/airflow/example_dags/example_trigger_controller_dag.py
[2024-02-27T13:31:46.626+0000] {logging_mixin.py:137} INFO - [2024-02-27T13:31:46.626+0000] {dag.py:2690} INFO - Sync 1 DAGs
[2024-02-27T13:31:46.655+0000] {logging_mixin.py:137} INFO - [2024-02-27T13:31:46.655+0000] {dag.py:3441} INFO - Setting next_dagrun for example_trigger_controller_dag to 2021-01-01T00:00:00+00:00, run_after=2021-01-01T00:00:00+00:00
[2024-02-27T13:31:46.680+0000] {processor.py:175} INFO - Processing /home/airflow/.local/lib/python3.7/site-packages/airflow/example_dags/example_trigger_controller_dag.py took 0.101 seconds
[2024-02-27T13:32:17.062+0000] {processor.py:153} INFO - Started process (PID=282) to work on /home/airflow/.local/lib/python3.7/site-packages/airflow/example_dags/example_trigger_controller_dag.py
[2024-02-27T13:32:17.064+0000] {processor.py:743} INFO - Processing file /home/airflow/.local/lib/python3.7/site-packages/airflow/example_dags/example_trigger_controller_dag.py for tasks to queue
[2024-02-27T13:32:17.064+0000] {logging_mixin.py:137} INFO - [2024-02-27T13:32:17.064+0000] {dagbag.py:538} INFO - Filling up the DagBag from /home/airflow/.local/lib/python3.7/site-packages/airflow/example_dags/example_trigger_controller_dag.py
[2024-02-27T13:32:17.074+0000] {processor.py:753} INFO - DAG(s) dict_keys(['example_trigger_controller_dag']) retrieved from /home/airflow/.local/lib/python3.7/site-packages/airflow/example_dags/example_trigger_controller_dag.py
[2024-02-27T13:32:17.095+0000] {logging_mixin.py:137} INFO - [2024-02-27T13:32:17.095+0000] {dag.py:2690} INFO - Sync 1 DAGs
[2024-02-27T13:32:17.117+0000] {logging_mixin.py:137} INFO - [2024-02-27T13:32:17.117+0000] {dag.py:3441} INFO - Setting next_dagrun for example_trigger_controller_dag to 2021-01-01T00:00:00+00:00, run_after=2021-01-01T00:00:00+00:00
[2024-02-27T13:32:17.136+0000] {processor.py:175} INFO - Processing /home/airflow/.local/lib/python3.7/site-packages/airflow/example_dags/example_trigger_controller_dag.py took 0.076 seconds
[2024-02-27T13:32:47.583+0000] {processor.py:153} INFO - Started process (PID=404) to work on /home/airflow/.local/lib/python3.7/site-packages/airflow/example_dags/example_trigger_controller_dag.py
[2024-02-27T13:32:47.584+0000] {processor.py:743} INFO - Processing file /home/airflow/.local/lib/python3.7/site-packages/airflow/example_dags/example_trigger_controller_dag.py for tasks to queue
[2024-02-27T13:32:47.585+0000] {logging_mixin.py:137} INFO - [2024-02-27T13:32:47.584+0000] {dagbag.py:538} INFO - Filling up the DagBag from /home/airflow/.local/lib/python3.7/site-packages/airflow/example_dags/example_trigger_controller_dag.py
[2024-02-27T13:32:47.592+0000] {processor.py:753} INFO - DAG(s) dict_keys(['example_trigger_controller_dag']) retrieved from /home/airflow/.local/lib/python3.7/site-packages/airflow/example_dags/example_trigger_controller_dag.py
[2024-02-27T13:32:47.610+0000] {logging_mixin.py:137} INFO - [2024-02-27T13:32:47.610+0000] {dag.py:2690} INFO - Sync 1 DAGs
[2024-02-27T13:32:47.626+0000] {logging_mixin.py:137} INFO - [2024-02-27T13:32:47.626+0000] {dag.py:3441} INFO - Setting next_dagrun for example_trigger_controller_dag to 2021-01-01T00:00:00+00:00, run_after=2021-01-01T00:00:00+00:00
[2024-02-27T13:32:47.642+0000] {processor.py:175} INFO - Processing /home/airflow/.local/lib/python3.7/site-packages/airflow/example_dags/example_trigger_controller_dag.py took 0.061 seconds
[2024-02-27T13:33:17.982+0000] {processor.py:153} INFO - Started process (PID=527) to work on /home/airflow/.local/lib/python3.7/site-packages/airflow/example_dags/example_trigger_controller_dag.py
[2024-02-27T13:33:17.983+0000] {processor.py:743} INFO - Processing file /home/airflow/.local/lib/python3.7/site-packages/airflow/example_dags/example_trigger_controller_dag.py for tasks to queue
[2024-02-27T13:33:17.984+0000] {logging_mixin.py:137} INFO - [2024-02-27T13:33:17.984+0000] {dagbag.py:538} INFO - Filling up the DagBag from /home/airflow/.local/lib/python3.7/site-packages/airflow/example_dags/example_trigger_controller_dag.py
[2024-02-27T13:33:17.993+0000] {processor.py:753} INFO - DAG(s) dict_keys(['example_trigger_controller_dag']) retrieved from /home/airflow/.local/lib/python3.7/site-packages/airflow/example_dags/example_trigger_controller_dag.py
[2024-02-27T13:33:18.015+0000] {logging_mixin.py:137} INFO - [2024-02-27T13:33:18.014+0000] {dag.py:2690} INFO - Sync 1 DAGs
[2024-02-27T13:33:18.040+0000] {logging_mixin.py:137} INFO - [2024-02-27T13:33:18.040+0000] {dag.py:3441} INFO - Setting next_dagrun for example_trigger_controller_dag to 2021-01-01T00:00:00+00:00, run_after=2021-01-01T00:00:00+00:00
[2024-02-27T13:33:18.057+0000] {processor.py:175} INFO - Processing /home/airflow/.local/lib/python3.7/site-packages/airflow/example_dags/example_trigger_controller_dag.py took 0.078 seconds
[2024-02-27T13:33:48.328+0000] {processor.py:153} INFO - Started process (PID=621) to work on /home/airflow/.local/lib/python3.7/site-packages/airflow/example_dags/example_trigger_controller_dag.py
[2024-02-27T13:33:48.329+0000] {processor.py:743} INFO - Processing file /home/airflow/.local/lib/python3.7/site-packages/airflow/example_dags/example_trigger_controller_dag.py for tasks to queue
[2024-02-27T13:33:48.331+0000] {logging_mixin.py:137} INFO - [2024-02-27T13:33:48.330+0000] {dagbag.py:538} INFO - Filling up the DagBag from /home/airflow/.local/lib/python3.7/site-packages/airflow/example_dags/example_trigger_controller_dag.py
[2024-02-27T13:33:48.338+0000] {processor.py:753} INFO - DAG(s) dict_keys(['example_trigger_controller_dag']) retrieved from /home/airflow/.local/lib/python3.7/site-packages/airflow/example_dags/example_trigger_controller_dag.py
[2024-02-27T13:33:48.356+0000] {logging_mixin.py:137} INFO - [2024-02-27T13:33:48.356+0000] {dag.py:2690} INFO - Sync 1 DAGs
[2024-02-27T13:33:48.374+0000] {logging_mixin.py:137} INFO - [2024-02-27T13:33:48.374+0000] {dag.py:3441} INFO - Setting next_dagrun for example_trigger_controller_dag to 2021-01-01T00:00:00+00:00, run_after=2021-01-01T00:00:00+00:00
[2024-02-27T13:33:48.390+0000] {processor.py:175} INFO - Processing /home/airflow/.local/lib/python3.7/site-packages/airflow/example_dags/example_trigger_controller_dag.py took 0.064 seconds
[2024-02-27T13:34:18.579+0000] {processor.py:153} INFO - Started process (PID=744) to work on /home/airflow/.local/lib/python3.7/site-packages/airflow/example_dags/example_trigger_controller_dag.py
[2024-02-27T13:34:18.580+0000] {processor.py:743} INFO - Processing file /home/airflow/.local/lib/python3.7/site-packages/airflow/example_dags/example_trigger_controller_dag.py for tasks to queue
[2024-02-27T13:34:18.581+0000] {logging_mixin.py:137} INFO - [2024-02-27T13:34:18.581+0000] {dagbag.py:538} INFO - Filling up the DagBag from /home/airflow/.local/lib/python3.7/site-packages/airflow/example_dags/example_trigger_controller_dag.py
[2024-02-27T13:34:18.589+0000] {processor.py:753} INFO - DAG(s) dict_keys(['example_trigger_controller_dag']) retrieved from /home/airflow/.local/lib/python3.7/site-packages/airflow/example_dags/example_trigger_controller_dag.py
[2024-02-27T13:34:18.607+0000] {logging_mixin.py:137} INFO - [2024-02-27T13:34:18.607+0000] {dag.py:2690} INFO - Sync 1 DAGs
[2024-02-27T13:34:18.624+0000] {logging_mixin.py:137} INFO - [2024-02-27T13:34:18.624+0000] {dag.py:3441} INFO - Setting next_dagrun for example_trigger_controller_dag to 2021-01-01T00:00:00+00:00, run_after=2021-01-01T00:00:00+00:00
[2024-02-27T13:34:18.636+0000] {processor.py:175} INFO - Processing /home/airflow/.local/lib/python3.7/site-packages/airflow/example_dags/example_trigger_controller_dag.py took 0.059 seconds
[2024-02-27T13:34:49.276+0000] {processor.py:153} INFO - Started process (PID=840) to work on /home/airflow/.local/lib/python3.7/site-packages/airflow/example_dags/example_trigger_controller_dag.py
[2024-02-27T13:34:49.277+0000] {processor.py:743} INFO - Processing file /home/airflow/.local/lib/python3.7/site-packages/airflow/example_dags/example_trigger_controller_dag.py for tasks to queue
[2024-02-27T13:34:49.278+0000] {logging_mixin.py:137} INFO - [2024-02-27T13:34:49.278+0000] {dagbag.py:538} INFO - Filling up the DagBag from /home/airflow/.local/lib/python3.7/site-packages/airflow/example_dags/example_trigger_controller_dag.py
[2024-02-27T13:34:49.285+0000] {processor.py:753} INFO - DAG(s) dict_keys(['example_trigger_controller_dag']) retrieved from /home/airflow/.local/lib/python3.7/site-packages/airflow/example_dags/example_trigger_controller_dag.py
[2024-02-27T13:34:49.304+0000] {logging_mixin.py:137} INFO - [2024-02-27T13:34:49.303+0000] {dag.py:2690} INFO - Sync 1 DAGs
[2024-02-27T13:34:49.321+0000] {logging_mixin.py:137} INFO - [2024-02-27T13:34:49.321+0000] {dag.py:3441} INFO - Setting next_dagrun for example_trigger_controller_dag to 2021-01-01T00:00:00+00:00, run_after=2021-01-01T00:00:00+00:00
[2024-02-27T13:34:49.334+0000] {processor.py:175} INFO - Processing /home/airflow/.local/lib/python3.7/site-packages/airflow/example_dags/example_trigger_controller_dag.py took 0.061 seconds
[2024-02-27T13:35:19.471+0000] {processor.py:153} INFO - Started process (PID=963) to work on /home/airflow/.local/lib/python3.7/site-packages/airflow/example_dags/example_trigger_controller_dag.py
[2024-02-27T13:35:19.473+0000] {processor.py:743} INFO - Processing file /home/airflow/.local/lib/python3.7/site-packages/airflow/example_dags/example_trigger_controller_dag.py for tasks to queue
[2024-02-27T13:35:19.474+0000] {logging_mixin.py:137} INFO - [2024-02-27T13:35:19.474+0000] {dagbag.py:538} INFO - Filling up the DagBag from /home/airflow/.local/lib/python3.7/site-packages/airflow/example_dags/example_trigger_controller_dag.py
[2024-02-27T13:35:19.483+0000] {processor.py:753} INFO - DAG(s) dict_keys(['example_trigger_controller_dag']) retrieved from /home/airflow/.local/lib/python3.7/site-packages/airflow/example_dags/example_trigger_controller_dag.py
[2024-02-27T13:35:19.503+0000] {logging_mixin.py:137} INFO - [2024-02-27T13:35:19.503+0000] {dag.py:2690} INFO - Sync 1 DAGs
[2024-02-27T13:35:19.523+0000] {logging_mixin.py:137} INFO - [2024-02-27T13:35:19.522+0000] {dag.py:3441} INFO - Setting next_dagrun for example_trigger_controller_dag to 2021-01-01T00:00:00+00:00, run_after=2021-01-01T00:00:00+00:00
[2024-02-27T13:35:19.542+0000] {processor.py:175} INFO - Processing /home/airflow/.local/lib/python3.7/site-packages/airflow/example_dags/example_trigger_controller_dag.py took 0.073 seconds
[2024-02-27T13:35:49.688+0000] {processor.py:153} INFO - Started process (PID=1067) to work on /home/airflow/.local/lib/python3.7/site-packages/airflow/example_dags/example_trigger_controller_dag.py
[2024-02-27T13:35:49.689+0000] {processor.py:743} INFO - Processing file /home/airflow/.local/lib/python3.7/site-packages/airflow/example_dags/example_trigger_controller_dag.py for tasks to queue
[2024-02-27T13:35:49.690+0000] {logging_mixin.py:137} INFO - [2024-02-27T13:35:49.690+0000] {dagbag.py:538} INFO - Filling up the DagBag from /home/airflow/.local/lib/python3.7/site-packages/airflow/example_dags/example_trigger_controller_dag.py
[2024-02-27T13:35:49.699+0000] {processor.py:753} INFO - DAG(s) dict_keys(['example_trigger_controller_dag']) retrieved from /home/airflow/.local/lib/python3.7/site-packages/airflow/example_dags/example_trigger_controller_dag.py
[2024-02-27T13:35:49.718+0000] {logging_mixin.py:137} INFO - [2024-02-27T13:35:49.718+0000] {dag.py:2690} INFO - Sync 1 DAGs
[2024-02-27T13:35:49.753+0000] {logging_mixin.py:137} INFO - [2024-02-27T13:35:49.753+0000] {dag.py:3441} INFO - Setting next_dagrun for example_trigger_controller_dag to 2021-01-01T00:00:00+00:00, run_after=2021-01-01T00:00:00+00:00
[2024-02-27T13:35:49.779+0000] {processor.py:175} INFO - Processing /home/airflow/.local/lib/python3.7/site-packages/airflow/example_dags/example_trigger_controller_dag.py took 0.094 seconds
[2024-02-27T13:36:19.970+0000] {processor.py:153} INFO - Started process (PID=1181) to work on /home/airflow/.local/lib/python3.7/site-packages/airflow/example_dags/example_trigger_controller_dag.py
[2024-02-27T13:36:19.972+0000] {processor.py:743} INFO - Processing file /home/airflow/.local/lib/python3.7/site-packages/airflow/example_dags/example_trigger_controller_dag.py for tasks to queue
[2024-02-27T13:36:19.973+0000] {logging_mixin.py:137} INFO - [2024-02-27T13:36:19.973+0000] {dagbag.py:538} INFO - Filling up the DagBag from /home/airflow/.local/lib/python3.7/site-packages/airflow/example_dags/example_trigger_controller_dag.py
[2024-02-27T13:36:19.984+0000] {processor.py:753} INFO - DAG(s) dict_keys(['example_trigger_controller_dag']) retrieved from /home/airflow/.local/lib/python3.7/site-packages/airflow/example_dags/example_trigger_controller_dag.py
[2024-02-27T13:36:20.009+0000] {logging_mixin.py:137} INFO - [2024-02-27T13:36:20.009+0000] {dag.py:2690} INFO - Sync 1 DAGs
[2024-02-27T13:36:20.037+0000] {logging_mixin.py:137} INFO - [2024-02-27T13:36:20.036+0000] {dag.py:3441} INFO - Setting next_dagrun for example_trigger_controller_dag to 2021-01-01T00:00:00+00:00, run_after=2021-01-01T00:00:00+00:00
[2024-02-27T13:36:20.059+0000] {processor.py:175} INFO - Processing /home/airflow/.local/lib/python3.7/site-packages/airflow/example_dags/example_trigger_controller_dag.py took 0.092 seconds
[2024-02-27T13:36:50.213+0000] {processor.py:153} INFO - Started process (PID=1304) to work on /home/airflow/.local/lib/python3.7/site-packages/airflow/example_dags/example_trigger_controller_dag.py
[2024-02-27T13:36:50.214+0000] {processor.py:743} INFO - Processing file /home/airflow/.local/lib/python3.7/site-packages/airflow/example_dags/example_trigger_controller_dag.py for tasks to queue
[2024-02-27T13:36:50.215+0000] {logging_mixin.py:137} INFO - [2024-02-27T13:36:50.215+0000] {dagbag.py:538} INFO - Filling up the DagBag from /home/airflow/.local/lib/python3.7/site-packages/airflow/example_dags/example_trigger_controller_dag.py
[2024-02-27T13:36:50.223+0000] {processor.py:753} INFO - DAG(s) dict_keys(['example_trigger_controller_dag']) retrieved from /home/airflow/.local/lib/python3.7/site-packages/airflow/example_dags/example_trigger_controller_dag.py
[2024-02-27T13:36:50.241+0000] {logging_mixin.py:137} INFO - [2024-02-27T13:36:50.241+0000] {dag.py:2690} INFO - Sync 1 DAGs
[2024-02-27T13:36:50.257+0000] {logging_mixin.py:137} INFO - [2024-02-27T13:36:50.257+0000] {dag.py:3441} INFO - Setting next_dagrun for example_trigger_controller_dag to 2021-01-01T00:00:00+00:00, run_after=2021-01-01T00:00:00+00:00
[2024-02-27T13:36:50.272+0000] {processor.py:175} INFO - Processing /home/airflow/.local/lib/python3.7/site-packages/airflow/example_dags/example_trigger_controller_dag.py took 0.061 seconds
[2024-02-27T13:37:20.414+0000] {processor.py:153} INFO - Started process (PID=1399) to work on /home/airflow/.local/lib/python3.7/site-packages/airflow/example_dags/example_trigger_controller_dag.py
[2024-02-27T13:37:20.415+0000] {processor.py:743} INFO - Processing file /home/airflow/.local/lib/python3.7/site-packages/airflow/example_dags/example_trigger_controller_dag.py for tasks to queue
[2024-02-27T13:37:20.415+0000] {logging_mixin.py:137} INFO - [2024-02-27T13:37:20.415+0000] {dagbag.py:538} INFO - Filling up the DagBag from /home/airflow/.local/lib/python3.7/site-packages/airflow/example_dags/example_trigger_controller_dag.py
[2024-02-27T13:37:20.423+0000] {processor.py:753} INFO - DAG(s) dict_keys(['example_trigger_controller_dag']) retrieved from /home/airflow/.local/lib/python3.7/site-packages/airflow/example_dags/example_trigger_controller_dag.py
[2024-02-27T13:37:20.441+0000] {logging_mixin.py:137} INFO - [2024-02-27T13:37:20.441+0000] {dag.py:2690} INFO - Sync 1 DAGs
[2024-02-27T13:37:20.459+0000] {logging_mixin.py:137} INFO - [2024-02-27T13:37:20.459+0000] {dag.py:3441} INFO - Setting next_dagrun for example_trigger_controller_dag to 2021-01-01T00:00:00+00:00, run_after=2021-01-01T00:00:00+00:00
[2024-02-27T13:37:20.473+0000] {processor.py:175} INFO - Processing /home/airflow/.local/lib/python3.7/site-packages/airflow/example_dags/example_trigger_controller_dag.py took 0.061 seconds
[2024-02-27T13:37:50.814+0000] {processor.py:153} INFO - Started process (PID=1524) to work on /home/airflow/.local/lib/python3.7/site-packages/airflow/example_dags/example_trigger_controller_dag.py
[2024-02-27T13:37:50.815+0000] {processor.py:743} INFO - Processing file /home/airflow/.local/lib/python3.7/site-packages/airflow/example_dags/example_trigger_controller_dag.py for tasks to queue
[2024-02-27T13:37:50.816+0000] {logging_mixin.py:137} INFO - [2024-02-27T13:37:50.815+0000] {dagbag.py:538} INFO - Filling up the DagBag from /home/airflow/.local/lib/python3.7/site-packages/airflow/example_dags/example_trigger_controller_dag.py
[2024-02-27T13:37:50.823+0000] {processor.py:753} INFO - DAG(s) dict_keys(['example_trigger_controller_dag']) retrieved from /home/airflow/.local/lib/python3.7/site-packages/airflow/example_dags/example_trigger_controller_dag.py
[2024-02-27T13:37:50.840+0000] {logging_mixin.py:137} INFO - [2024-02-27T13:37:50.840+0000] {dag.py:2690} INFO - Sync 1 DAGs
[2024-02-27T13:37:50.858+0000] {logging_mixin.py:137} INFO - [2024-02-27T13:37:50.857+0000] {dag.py:3441} INFO - Setting next_dagrun for example_trigger_controller_dag to 2021-01-01T00:00:00+00:00, run_after=2021-01-01T00:00:00+00:00
[2024-02-27T13:37:50.871+0000] {processor.py:175} INFO - Processing /home/airflow/.local/lib/python3.7/site-packages/airflow/example_dags/example_trigger_controller_dag.py took 0.059 seconds
[2024-02-27T13:38:21.017+0000] {processor.py:153} INFO - Started process (PID=1619) to work on /home/airflow/.local/lib/python3.7/site-packages/airflow/example_dags/example_trigger_controller_dag.py
[2024-02-27T13:38:21.018+0000] {processor.py:743} INFO - Processing file /home/airflow/.local/lib/python3.7/site-packages/airflow/example_dags/example_trigger_controller_dag.py for tasks to queue
[2024-02-27T13:38:21.019+0000] {logging_mixin.py:137} INFO - [2024-02-27T13:38:21.019+0000] {dagbag.py:538} INFO - Filling up the DagBag from /home/airflow/.local/lib/python3.7/site-packages/airflow/example_dags/example_trigger_controller_dag.py
[2024-02-27T13:38:21.027+0000] {processor.py:753} INFO - DAG(s) dict_keys(['example_trigger_controller_dag']) retrieved from /home/airflow/.local/lib/python3.7/site-packages/airflow/example_dags/example_trigger_controller_dag.py
[2024-02-27T13:38:21.045+0000] {logging_mixin.py:137} INFO - [2024-02-27T13:38:21.045+0000] {dag.py:2690} INFO - Sync 1 DAGs
[2024-02-27T13:38:21.062+0000] {logging_mixin.py:137} INFO - [2024-02-27T13:38:21.062+0000] {dag.py:3441} INFO - Setting next_dagrun for example_trigger_controller_dag to 2021-01-01T00:00:00+00:00, run_after=2021-01-01T00:00:00+00:00
[2024-02-27T13:38:21.074+0000] {processor.py:175} INFO - Processing /home/airflow/.local/lib/python3.7/site-packages/airflow/example_dags/example_trigger_controller_dag.py took 0.059 seconds
[2024-02-27T13:38:51.439+0000] {processor.py:153} INFO - Started process (PID=1742) to work on /home/airflow/.local/lib/python3.7/site-packages/airflow/example_dags/example_trigger_controller_dag.py
[2024-02-27T13:38:51.440+0000] {processor.py:743} INFO - Processing file /home/airflow/.local/lib/python3.7/site-packages/airflow/example_dags/example_trigger_controller_dag.py for tasks to queue
[2024-02-27T13:38:51.441+0000] {logging_mixin.py:137} INFO - [2024-02-27T13:38:51.441+0000] {dagbag.py:538} INFO - Filling up the DagBag from /home/airflow/.local/lib/python3.7/site-packages/airflow/example_dags/example_trigger_controller_dag.py
[2024-02-27T13:38:51.448+0000] {processor.py:753} INFO - DAG(s) dict_keys(['example_trigger_controller_dag']) retrieved from /home/airflow/.local/lib/python3.7/site-packages/airflow/example_dags/example_trigger_controller_dag.py
[2024-02-27T13:38:51.467+0000] {logging_mixin.py:137} INFO - [2024-02-27T13:38:51.467+0000] {dag.py:2690} INFO - Sync 1 DAGs
[2024-02-27T13:38:51.486+0000] {logging_mixin.py:137} INFO - [2024-02-27T13:38:51.486+0000] {dag.py:3441} INFO - Setting next_dagrun for example_trigger_controller_dag to 2021-01-01T00:00:00+00:00, run_after=2021-01-01T00:00:00+00:00
[2024-02-27T13:38:51.499+0000] {processor.py:175} INFO - Processing /home/airflow/.local/lib/python3.7/site-packages/airflow/example_dags/example_trigger_controller_dag.py took 0.063 seconds
[2024-02-27T13:39:22.441+0000] {processor.py:153} INFO - Started process (PID=1865) to work on /home/airflow/.local/lib/python3.7/site-packages/airflow/example_dags/example_trigger_controller_dag.py
[2024-02-27T13:39:22.442+0000] {processor.py:743} INFO - Processing file /home/airflow/.local/lib/python3.7/site-packages/airflow/example_dags/example_trigger_controller_dag.py for tasks to queue
[2024-02-27T13:39:22.442+0000] {logging_mixin.py:137} INFO - [2024-02-27T13:39:22.442+0000] {dagbag.py:538} INFO - Filling up the DagBag from /home/airflow/.local/lib/python3.7/site-packages/airflow/example_dags/example_trigger_controller_dag.py
[2024-02-27T13:39:22.451+0000] {processor.py:753} INFO - DAG(s) dict_keys(['example_trigger_controller_dag']) retrieved from /home/airflow/.local/lib/python3.7/site-packages/airflow/example_dags/example_trigger_controller_dag.py
[2024-02-27T13:39:22.468+0000] {logging_mixin.py:137} INFO - [2024-02-27T13:39:22.468+0000] {dag.py:2690} INFO - Sync 1 DAGs
[2024-02-27T13:39:22.486+0000] {logging_mixin.py:137} INFO - [2024-02-27T13:39:22.486+0000] {dag.py:3441} INFO - Setting next_dagrun for example_trigger_controller_dag to 2021-01-01T00:00:00+00:00, run_after=2021-01-01T00:00:00+00:00
[2024-02-27T13:39:22.502+0000] {processor.py:175} INFO - Processing /home/airflow/.local/lib/python3.7/site-packages/airflow/example_dags/example_trigger_controller_dag.py took 0.063 seconds
[2024-02-27T13:39:53.071+0000] {processor.py:153} INFO - Started process (PID=1960) to work on /home/airflow/.local/lib/python3.7/site-packages/airflow/example_dags/example_trigger_controller_dag.py
[2024-02-27T13:39:53.072+0000] {processor.py:743} INFO - Processing file /home/airflow/.local/lib/python3.7/site-packages/airflow/example_dags/example_trigger_controller_dag.py for tasks to queue
[2024-02-27T13:39:53.073+0000] {logging_mixin.py:137} INFO - [2024-02-27T13:39:53.073+0000] {dagbag.py:538} INFO - Filling up the DagBag from /home/airflow/.local/lib/python3.7/site-packages/airflow/example_dags/example_trigger_controller_dag.py
[2024-02-27T13:39:53.082+0000] {processor.py:753} INFO - DAG(s) dict_keys(['example_trigger_controller_dag']) retrieved from /home/airflow/.local/lib/python3.7/site-packages/airflow/example_dags/example_trigger_controller_dag.py
[2024-02-27T13:39:53.101+0000] {logging_mixin.py:137} INFO - [2024-02-27T13:39:53.101+0000] {dag.py:2690} INFO - Sync 1 DAGs
[2024-02-27T13:39:53.122+0000] {logging_mixin.py:137} INFO - [2024-02-27T13:39:53.121+0000] {dag.py:3441} INFO - Setting next_dagrun for example_trigger_controller_dag to 2021-01-01T00:00:00+00:00, run_after=2021-01-01T00:00:00+00:00
[2024-02-27T13:39:53.139+0000] {processor.py:175} INFO - Processing /home/airflow/.local/lib/python3.7/site-packages/airflow/example_dags/example_trigger_controller_dag.py took 0.070 seconds
[2024-02-27T13:40:23.381+0000] {processor.py:153} INFO - Started process (PID=2084) to work on /home/airflow/.local/lib/python3.7/site-packages/airflow/example_dags/example_trigger_controller_dag.py
[2024-02-27T13:40:23.382+0000] {processor.py:743} INFO - Processing file /home/airflow/.local/lib/python3.7/site-packages/airflow/example_dags/example_trigger_controller_dag.py for tasks to queue
[2024-02-27T13:40:23.384+0000] {logging_mixin.py:137} INFO - [2024-02-27T13:40:23.383+0000] {dagbag.py:538} INFO - Filling up the DagBag from /home/airflow/.local/lib/python3.7/site-packages/airflow/example_dags/example_trigger_controller_dag.py
[2024-02-27T13:40:23.392+0000] {processor.py:753} INFO - DAG(s) dict_keys(['example_trigger_controller_dag']) retrieved from /home/airflow/.local/lib/python3.7/site-packages/airflow/example_dags/example_trigger_controller_dag.py
[2024-02-27T13:40:23.409+0000] {logging_mixin.py:137} INFO - [2024-02-27T13:40:23.409+0000] {dag.py:2690} INFO - Sync 1 DAGs
[2024-02-27T13:40:23.428+0000] {logging_mixin.py:137} INFO - [2024-02-27T13:40:23.428+0000] {dag.py:3441} INFO - Setting next_dagrun for example_trigger_controller_dag to 2021-01-01T00:00:00+00:00, run_after=2021-01-01T00:00:00+00:00
[2024-02-27T13:40:23.441+0000] {processor.py:175} INFO - Processing /home/airflow/.local/lib/python3.7/site-packages/airflow/example_dags/example_trigger_controller_dag.py took 0.061 seconds
[2024-02-27T13:40:54.172+0000] {processor.py:153} INFO - Started process (PID=2179) to work on /home/airflow/.local/lib/python3.7/site-packages/airflow/example_dags/example_trigger_controller_dag.py
[2024-02-27T13:40:54.173+0000] {processor.py:743} INFO - Processing file /home/airflow/.local/lib/python3.7/site-packages/airflow/example_dags/example_trigger_controller_dag.py for tasks to queue
[2024-02-27T13:40:54.174+0000] {logging_mixin.py:137} INFO - [2024-02-27T13:40:54.174+0000] {dagbag.py:538} INFO - Filling up the DagBag from /home/airflow/.local/lib/python3.7/site-packages/airflow/example_dags/example_trigger_controller_dag.py
[2024-02-27T13:40:54.183+0000] {processor.py:753} INFO - DAG(s) dict_keys(['example_trigger_controller_dag']) retrieved from /home/airflow/.local/lib/python3.7/site-packages/airflow/example_dags/example_trigger_controller_dag.py
[2024-02-27T13:40:54.201+0000] {logging_mixin.py:137} INFO - [2024-02-27T13:40:54.201+0000] {dag.py:2690} INFO - Sync 1 DAGs
[2024-02-27T13:40:54.218+0000] {logging_mixin.py:137} INFO - [2024-02-27T13:40:54.218+0000] {dag.py:3441} INFO - Setting next_dagrun for example_trigger_controller_dag to 2021-01-01T00:00:00+00:00, run_after=2021-01-01T00:00:00+00:00
[2024-02-27T13:40:54.232+0000] {processor.py:175} INFO - Processing /home/airflow/.local/lib/python3.7/site-packages/airflow/example_dags/example_trigger_controller_dag.py took 0.062 seconds
[2024-02-27T13:41:24.781+0000] {processor.py:153} INFO - Started process (PID=2302) to work on /home/airflow/.local/lib/python3.7/site-packages/airflow/example_dags/example_trigger_controller_dag.py
[2024-02-27T13:41:24.782+0000] {processor.py:743} INFO - Processing file /home/airflow/.local/lib/python3.7/site-packages/airflow/example_dags/example_trigger_controller_dag.py for tasks to queue
[2024-02-27T13:41:24.783+0000] {logging_mixin.py:137} INFO - [2024-02-27T13:41:24.783+0000] {dagbag.py:538} INFO - Filling up the DagBag from /home/airflow/.local/lib/python3.7/site-packages/airflow/example_dags/example_trigger_controller_dag.py
[2024-02-27T13:41:24.791+0000] {processor.py:753} INFO - DAG(s) dict_keys(['example_trigger_controller_dag']) retrieved from /home/airflow/.local/lib/python3.7/site-packages/airflow/example_dags/example_trigger_controller_dag.py
[2024-02-27T13:41:24.809+0000] {logging_mixin.py:137} INFO - [2024-02-27T13:41:24.809+0000] {dag.py:2690} INFO - Sync 1 DAGs
[2024-02-27T13:41:24.828+0000] {logging_mixin.py:137} INFO - [2024-02-27T13:41:24.828+0000] {dag.py:3441} INFO - Setting next_dagrun for example_trigger_controller_dag to 2021-01-01T00:00:00+00:00, run_after=2021-01-01T00:00:00+00:00
[2024-02-27T13:41:24.846+0000] {processor.py:175} INFO - Processing /home/airflow/.local/lib/python3.7/site-packages/airflow/example_dags/example_trigger_controller_dag.py took 0.066 seconds
