[2024-02-27T13:31:16.827+0000] {processor.py:153} INFO - Started process (PID=68) to work on /home/airflow/.local/lib/python3.7/site-packages/airflow/example_dags/tutorial_taskflow_api.py
[2024-02-27T13:31:16.830+0000] {processor.py:743} INFO - Processing file /home/airflow/.local/lib/python3.7/site-packages/airflow/example_dags/tutorial_taskflow_api.py for tasks to queue
[2024-02-27T13:31:16.831+0000] {logging_mixin.py:137} INFO - [2024-02-27T13:31:16.831+0000] {dagbag.py:538} INFO - Filling up the DagBag from /home/airflow/.local/lib/python3.7/site-packages/airflow/example_dags/tutorial_taskflow_api.py
[2024-02-27T13:31:16.870+0000] {processor.py:753} INFO - DAG(s) dict_keys(['tutorial_taskflow_api']) retrieved from /home/airflow/.local/lib/python3.7/site-packages/airflow/example_dags/tutorial_taskflow_api.py
[2024-02-27T13:31:17.047+0000] {logging_mixin.py:137} INFO - [2024-02-27T13:31:17.047+0000] {manager.py:504} INFO - Created Permission View: can edit on DAG:tutorial_taskflow_api
[2024-02-27T13:31:17.058+0000] {logging_mixin.py:137} INFO - [2024-02-27T13:31:17.057+0000] {manager.py:504} INFO - Created Permission View: can delete on DAG:tutorial_taskflow_api
[2024-02-27T13:31:17.065+0000] {logging_mixin.py:137} INFO - [2024-02-27T13:31:17.065+0000] {manager.py:504} INFO - Created Permission View: can read on DAG:tutorial_taskflow_api
[2024-02-27T13:31:17.065+0000] {logging_mixin.py:137} INFO - [2024-02-27T13:31:17.065+0000] {dag.py:2690} INFO - Sync 1 DAGs
[2024-02-27T13:31:17.077+0000] {logging_mixin.py:137} INFO - [2024-02-27T13:31:17.077+0000] {dag.py:2711} INFO - Creating ORM DAG for tutorial_taskflow_api
[2024-02-27T13:31:17.088+0000] {logging_mixin.py:137} INFO - [2024-02-27T13:31:17.088+0000] {dag.py:3441} INFO - Setting next_dagrun for tutorial_taskflow_api to None, run_after=None
[2024-02-27T13:31:17.108+0000] {processor.py:175} INFO - Processing /home/airflow/.local/lib/python3.7/site-packages/airflow/example_dags/tutorial_taskflow_api.py took 0.295 seconds
[2024-02-27T13:31:47.774+0000] {processor.py:153} INFO - Started process (PID=191) to work on /home/airflow/.local/lib/python3.7/site-packages/airflow/example_dags/tutorial_taskflow_api.py
[2024-02-27T13:31:47.776+0000] {processor.py:743} INFO - Processing file /home/airflow/.local/lib/python3.7/site-packages/airflow/example_dags/tutorial_taskflow_api.py for tasks to queue
[2024-02-27T13:31:47.777+0000] {logging_mixin.py:137} INFO - [2024-02-27T13:31:47.777+0000] {dagbag.py:538} INFO - Filling up the DagBag from /home/airflow/.local/lib/python3.7/site-packages/airflow/example_dags/tutorial_taskflow_api.py
[2024-02-27T13:31:47.798+0000] {processor.py:753} INFO - DAG(s) dict_keys(['tutorial_taskflow_api']) retrieved from /home/airflow/.local/lib/python3.7/site-packages/airflow/example_dags/tutorial_taskflow_api.py
[2024-02-27T13:31:47.821+0000] {logging_mixin.py:137} INFO - [2024-02-27T13:31:47.821+0000] {dag.py:2690} INFO - Sync 1 DAGs
[2024-02-27T13:31:47.846+0000] {logging_mixin.py:137} INFO - [2024-02-27T13:31:47.846+0000] {dag.py:3441} INFO - Setting next_dagrun for tutorial_taskflow_api to None, run_after=None
[2024-02-27T13:31:47.866+0000] {processor.py:175} INFO - Processing /home/airflow/.local/lib/python3.7/site-packages/airflow/example_dags/tutorial_taskflow_api.py took 0.094 seconds
[2024-02-27T13:32:18.232+0000] {processor.py:153} INFO - Started process (PID=293) to work on /home/airflow/.local/lib/python3.7/site-packages/airflow/example_dags/tutorial_taskflow_api.py
[2024-02-27T13:32:18.233+0000] {processor.py:743} INFO - Processing file /home/airflow/.local/lib/python3.7/site-packages/airflow/example_dags/tutorial_taskflow_api.py for tasks to queue
[2024-02-27T13:32:18.234+0000] {logging_mixin.py:137} INFO - [2024-02-27T13:32:18.234+0000] {dagbag.py:538} INFO - Filling up the DagBag from /home/airflow/.local/lib/python3.7/site-packages/airflow/example_dags/tutorial_taskflow_api.py
[2024-02-27T13:32:18.253+0000] {processor.py:753} INFO - DAG(s) dict_keys(['tutorial_taskflow_api']) retrieved from /home/airflow/.local/lib/python3.7/site-packages/airflow/example_dags/tutorial_taskflow_api.py
[2024-02-27T13:32:18.274+0000] {logging_mixin.py:137} INFO - [2024-02-27T13:32:18.274+0000] {dag.py:2690} INFO - Sync 1 DAGs
[2024-02-27T13:32:18.297+0000] {logging_mixin.py:137} INFO - [2024-02-27T13:32:18.296+0000] {dag.py:3441} INFO - Setting next_dagrun for tutorial_taskflow_api to None, run_after=None
[2024-02-27T13:32:18.315+0000] {processor.py:175} INFO - Processing /home/airflow/.local/lib/python3.7/site-packages/airflow/example_dags/tutorial_taskflow_api.py took 0.086 seconds
[2024-02-27T13:32:48.725+0000] {processor.py:153} INFO - Started process (PID=408) to work on /home/airflow/.local/lib/python3.7/site-packages/airflow/example_dags/tutorial_taskflow_api.py
[2024-02-27T13:32:48.726+0000] {processor.py:743} INFO - Processing file /home/airflow/.local/lib/python3.7/site-packages/airflow/example_dags/tutorial_taskflow_api.py for tasks to queue
[2024-02-27T13:32:48.727+0000] {logging_mixin.py:137} INFO - [2024-02-27T13:32:48.727+0000] {dagbag.py:538} INFO - Filling up the DagBag from /home/airflow/.local/lib/python3.7/site-packages/airflow/example_dags/tutorial_taskflow_api.py
[2024-02-27T13:32:48.741+0000] {processor.py:753} INFO - DAG(s) dict_keys(['tutorial_taskflow_api']) retrieved from /home/airflow/.local/lib/python3.7/site-packages/airflow/example_dags/tutorial_taskflow_api.py
[2024-02-27T13:32:48.758+0000] {logging_mixin.py:137} INFO - [2024-02-27T13:32:48.758+0000] {dag.py:2690} INFO - Sync 1 DAGs
[2024-02-27T13:32:48.774+0000] {logging_mixin.py:137} INFO - [2024-02-27T13:32:48.774+0000] {dag.py:3441} INFO - Setting next_dagrun for tutorial_taskflow_api to None, run_after=None
[2024-02-27T13:32:48.788+0000] {processor.py:175} INFO - Processing /home/airflow/.local/lib/python3.7/site-packages/airflow/example_dags/tutorial_taskflow_api.py took 0.066 seconds
[2024-02-27T13:33:19.189+0000] {processor.py:153} INFO - Started process (PID=531) to work on /home/airflow/.local/lib/python3.7/site-packages/airflow/example_dags/tutorial_taskflow_api.py
[2024-02-27T13:33:19.190+0000] {processor.py:743} INFO - Processing file /home/airflow/.local/lib/python3.7/site-packages/airflow/example_dags/tutorial_taskflow_api.py for tasks to queue
[2024-02-27T13:33:19.191+0000] {logging_mixin.py:137} INFO - [2024-02-27T13:33:19.191+0000] {dagbag.py:538} INFO - Filling up the DagBag from /home/airflow/.local/lib/python3.7/site-packages/airflow/example_dags/tutorial_taskflow_api.py
[2024-02-27T13:33:19.206+0000] {processor.py:753} INFO - DAG(s) dict_keys(['tutorial_taskflow_api']) retrieved from /home/airflow/.local/lib/python3.7/site-packages/airflow/example_dags/tutorial_taskflow_api.py
[2024-02-27T13:33:19.223+0000] {logging_mixin.py:137} INFO - [2024-02-27T13:33:19.223+0000] {dag.py:2690} INFO - Sync 1 DAGs
[2024-02-27T13:33:19.239+0000] {logging_mixin.py:137} INFO - [2024-02-27T13:33:19.239+0000] {dag.py:3441} INFO - Setting next_dagrun for tutorial_taskflow_api to None, run_after=None
[2024-02-27T13:33:19.255+0000] {processor.py:175} INFO - Processing /home/airflow/.local/lib/python3.7/site-packages/airflow/example_dags/tutorial_taskflow_api.py took 0.068 seconds
[2024-02-27T13:33:49.447+0000] {processor.py:153} INFO - Started process (PID=625) to work on /home/airflow/.local/lib/python3.7/site-packages/airflow/example_dags/tutorial_taskflow_api.py
[2024-02-27T13:33:49.449+0000] {processor.py:743} INFO - Processing file /home/airflow/.local/lib/python3.7/site-packages/airflow/example_dags/tutorial_taskflow_api.py for tasks to queue
[2024-02-27T13:33:49.449+0000] {logging_mixin.py:137} INFO - [2024-02-27T13:33:49.449+0000] {dagbag.py:538} INFO - Filling up the DagBag from /home/airflow/.local/lib/python3.7/site-packages/airflow/example_dags/tutorial_taskflow_api.py
[2024-02-27T13:33:49.465+0000] {processor.py:753} INFO - DAG(s) dict_keys(['tutorial_taskflow_api']) retrieved from /home/airflow/.local/lib/python3.7/site-packages/airflow/example_dags/tutorial_taskflow_api.py
[2024-02-27T13:33:49.484+0000] {logging_mixin.py:137} INFO - [2024-02-27T13:33:49.484+0000] {dag.py:2690} INFO - Sync 1 DAGs
[2024-02-27T13:33:49.503+0000] {logging_mixin.py:137} INFO - [2024-02-27T13:33:49.503+0000] {dag.py:3441} INFO - Setting next_dagrun for tutorial_taskflow_api to None, run_after=None
[2024-02-27T13:33:49.521+0000] {processor.py:175} INFO - Processing /home/airflow/.local/lib/python3.7/site-packages/airflow/example_dags/tutorial_taskflow_api.py took 0.076 seconds
[2024-02-27T13:34:19.721+0000] {processor.py:153} INFO - Started process (PID=748) to work on /home/airflow/.local/lib/python3.7/site-packages/airflow/example_dags/tutorial_taskflow_api.py
[2024-02-27T13:34:19.722+0000] {processor.py:743} INFO - Processing file /home/airflow/.local/lib/python3.7/site-packages/airflow/example_dags/tutorial_taskflow_api.py for tasks to queue
[2024-02-27T13:34:19.723+0000] {logging_mixin.py:137} INFO - [2024-02-27T13:34:19.723+0000] {dagbag.py:538} INFO - Filling up the DagBag from /home/airflow/.local/lib/python3.7/site-packages/airflow/example_dags/tutorial_taskflow_api.py
[2024-02-27T13:34:19.737+0000] {processor.py:753} INFO - DAG(s) dict_keys(['tutorial_taskflow_api']) retrieved from /home/airflow/.local/lib/python3.7/site-packages/airflow/example_dags/tutorial_taskflow_api.py
[2024-02-27T13:34:19.755+0000] {logging_mixin.py:137} INFO - [2024-02-27T13:34:19.755+0000] {dag.py:2690} INFO - Sync 1 DAGs
[2024-02-27T13:34:19.773+0000] {logging_mixin.py:137} INFO - [2024-02-27T13:34:19.773+0000] {dag.py:3441} INFO - Setting next_dagrun for tutorial_taskflow_api to None, run_after=None
[2024-02-27T13:34:19.789+0000] {processor.py:175} INFO - Processing /home/airflow/.local/lib/python3.7/site-packages/airflow/example_dags/tutorial_taskflow_api.py took 0.071 seconds
[2024-02-27T13:34:50.380+0000] {processor.py:153} INFO - Started process (PID=853) to work on /home/airflow/.local/lib/python3.7/site-packages/airflow/example_dags/tutorial_taskflow_api.py
[2024-02-27T13:34:50.382+0000] {processor.py:743} INFO - Processing file /home/airflow/.local/lib/python3.7/site-packages/airflow/example_dags/tutorial_taskflow_api.py for tasks to queue
[2024-02-27T13:34:50.383+0000] {logging_mixin.py:137} INFO - [2024-02-27T13:34:50.382+0000] {dagbag.py:538} INFO - Filling up the DagBag from /home/airflow/.local/lib/python3.7/site-packages/airflow/example_dags/tutorial_taskflow_api.py
[2024-02-27T13:34:50.398+0000] {processor.py:753} INFO - DAG(s) dict_keys(['tutorial_taskflow_api']) retrieved from /home/airflow/.local/lib/python3.7/site-packages/airflow/example_dags/tutorial_taskflow_api.py
[2024-02-27T13:34:50.417+0000] {logging_mixin.py:137} INFO - [2024-02-27T13:34:50.417+0000] {dag.py:2690} INFO - Sync 1 DAGs
[2024-02-27T13:34:50.435+0000] {logging_mixin.py:137} INFO - [2024-02-27T13:34:50.435+0000] {dag.py:3441} INFO - Setting next_dagrun for tutorial_taskflow_api to None, run_after=None
[2024-02-27T13:34:50.451+0000] {processor.py:175} INFO - Processing /home/airflow/.local/lib/python3.7/site-packages/airflow/example_dags/tutorial_taskflow_api.py took 0.073 seconds
[2024-02-27T13:35:20.670+0000] {processor.py:153} INFO - Started process (PID=967) to work on /home/airflow/.local/lib/python3.7/site-packages/airflow/example_dags/tutorial_taskflow_api.py
[2024-02-27T13:35:20.671+0000] {processor.py:743} INFO - Processing file /home/airflow/.local/lib/python3.7/site-packages/airflow/example_dags/tutorial_taskflow_api.py for tasks to queue
[2024-02-27T13:35:20.672+0000] {logging_mixin.py:137} INFO - [2024-02-27T13:35:20.672+0000] {dagbag.py:538} INFO - Filling up the DagBag from /home/airflow/.local/lib/python3.7/site-packages/airflow/example_dags/tutorial_taskflow_api.py
[2024-02-27T13:35:20.688+0000] {processor.py:753} INFO - DAG(s) dict_keys(['tutorial_taskflow_api']) retrieved from /home/airflow/.local/lib/python3.7/site-packages/airflow/example_dags/tutorial_taskflow_api.py
[2024-02-27T13:35:20.708+0000] {logging_mixin.py:137} INFO - [2024-02-27T13:35:20.708+0000] {dag.py:2690} INFO - Sync 1 DAGs
[2024-02-27T13:35:20.727+0000] {logging_mixin.py:137} INFO - [2024-02-27T13:35:20.726+0000] {dag.py:3441} INFO - Setting next_dagrun for tutorial_taskflow_api to None, run_after=None
[2024-02-27T13:35:20.744+0000] {processor.py:175} INFO - Processing /home/airflow/.local/lib/python3.7/site-packages/airflow/example_dags/tutorial_taskflow_api.py took 0.076 seconds
[2024-02-27T13:35:50.875+0000] {processor.py:153} INFO - Started process (PID=1090) to work on /home/airflow/.local/lib/python3.7/site-packages/airflow/example_dags/tutorial_taskflow_api.py
[2024-02-27T13:35:50.876+0000] {processor.py:743} INFO - Processing file /home/airflow/.local/lib/python3.7/site-packages/airflow/example_dags/tutorial_taskflow_api.py for tasks to queue
[2024-02-27T13:35:50.877+0000] {logging_mixin.py:137} INFO - [2024-02-27T13:35:50.877+0000] {dagbag.py:538} INFO - Filling up the DagBag from /home/airflow/.local/lib/python3.7/site-packages/airflow/example_dags/tutorial_taskflow_api.py
[2024-02-27T13:35:50.893+0000] {processor.py:753} INFO - DAG(s) dict_keys(['tutorial_taskflow_api']) retrieved from /home/airflow/.local/lib/python3.7/site-packages/airflow/example_dags/tutorial_taskflow_api.py
[2024-02-27T13:35:50.913+0000] {logging_mixin.py:137} INFO - [2024-02-27T13:35:50.913+0000] {dag.py:2690} INFO - Sync 1 DAGs
[2024-02-27T13:35:50.933+0000] {logging_mixin.py:137} INFO - [2024-02-27T13:35:50.933+0000] {dag.py:3441} INFO - Setting next_dagrun for tutorial_taskflow_api to None, run_after=None
[2024-02-27T13:35:50.948+0000] {processor.py:175} INFO - Processing /home/airflow/.local/lib/python3.7/site-packages/airflow/example_dags/tutorial_taskflow_api.py took 0.076 seconds
[2024-02-27T13:36:21.096+0000] {processor.py:153} INFO - Started process (PID=1185) to work on /home/airflow/.local/lib/python3.7/site-packages/airflow/example_dags/tutorial_taskflow_api.py
[2024-02-27T13:36:21.097+0000] {processor.py:743} INFO - Processing file /home/airflow/.local/lib/python3.7/site-packages/airflow/example_dags/tutorial_taskflow_api.py for tasks to queue
[2024-02-27T13:36:21.098+0000] {logging_mixin.py:137} INFO - [2024-02-27T13:36:21.098+0000] {dagbag.py:538} INFO - Filling up the DagBag from /home/airflow/.local/lib/python3.7/site-packages/airflow/example_dags/tutorial_taskflow_api.py
[2024-02-27T13:36:21.113+0000] {processor.py:753} INFO - DAG(s) dict_keys(['tutorial_taskflow_api']) retrieved from /home/airflow/.local/lib/python3.7/site-packages/airflow/example_dags/tutorial_taskflow_api.py
[2024-02-27T13:36:21.133+0000] {logging_mixin.py:137} INFO - [2024-02-27T13:36:21.133+0000] {dag.py:2690} INFO - Sync 1 DAGs
[2024-02-27T13:36:21.150+0000] {logging_mixin.py:137} INFO - [2024-02-27T13:36:21.150+0000] {dag.py:3441} INFO - Setting next_dagrun for tutorial_taskflow_api to None, run_after=None
[2024-02-27T13:36:21.166+0000] {processor.py:175} INFO - Processing /home/airflow/.local/lib/python3.7/site-packages/airflow/example_dags/tutorial_taskflow_api.py took 0.072 seconds
[2024-02-27T13:36:51.398+0000] {processor.py:153} INFO - Started process (PID=1308) to work on /home/airflow/.local/lib/python3.7/site-packages/airflow/example_dags/tutorial_taskflow_api.py
[2024-02-27T13:36:51.399+0000] {processor.py:743} INFO - Processing file /home/airflow/.local/lib/python3.7/site-packages/airflow/example_dags/tutorial_taskflow_api.py for tasks to queue
[2024-02-27T13:36:51.400+0000] {logging_mixin.py:137} INFO - [2024-02-27T13:36:51.400+0000] {dagbag.py:538} INFO - Filling up the DagBag from /home/airflow/.local/lib/python3.7/site-packages/airflow/example_dags/tutorial_taskflow_api.py
[2024-02-27T13:36:51.415+0000] {processor.py:753} INFO - DAG(s) dict_keys(['tutorial_taskflow_api']) retrieved from /home/airflow/.local/lib/python3.7/site-packages/airflow/example_dags/tutorial_taskflow_api.py
[2024-02-27T13:36:51.436+0000] {logging_mixin.py:137} INFO - [2024-02-27T13:36:51.436+0000] {dag.py:2690} INFO - Sync 1 DAGs
[2024-02-27T13:36:51.455+0000] {logging_mixin.py:137} INFO - [2024-02-27T13:36:51.455+0000] {dag.py:3441} INFO - Setting next_dagrun for tutorial_taskflow_api to None, run_after=None
[2024-02-27T13:36:51.473+0000] {processor.py:175} INFO - Processing /home/airflow/.local/lib/python3.7/site-packages/airflow/example_dags/tutorial_taskflow_api.py took 0.078 seconds
[2024-02-27T13:37:21.587+0000] {processor.py:153} INFO - Started process (PID=1403) to work on /home/airflow/.local/lib/python3.7/site-packages/airflow/example_dags/tutorial_taskflow_api.py
[2024-02-27T13:37:21.588+0000] {processor.py:743} INFO - Processing file /home/airflow/.local/lib/python3.7/site-packages/airflow/example_dags/tutorial_taskflow_api.py for tasks to queue
[2024-02-27T13:37:21.589+0000] {logging_mixin.py:137} INFO - [2024-02-27T13:37:21.589+0000] {dagbag.py:538} INFO - Filling up the DagBag from /home/airflow/.local/lib/python3.7/site-packages/airflow/example_dags/tutorial_taskflow_api.py
[2024-02-27T13:37:21.604+0000] {processor.py:753} INFO - DAG(s) dict_keys(['tutorial_taskflow_api']) retrieved from /home/airflow/.local/lib/python3.7/site-packages/airflow/example_dags/tutorial_taskflow_api.py
[2024-02-27T13:37:21.623+0000] {logging_mixin.py:137} INFO - [2024-02-27T13:37:21.623+0000] {dag.py:2690} INFO - Sync 1 DAGs
[2024-02-27T13:37:21.642+0000] {logging_mixin.py:137} INFO - [2024-02-27T13:37:21.641+0000] {dag.py:3441} INFO - Setting next_dagrun for tutorial_taskflow_api to None, run_after=None
[2024-02-27T13:37:21.659+0000] {processor.py:175} INFO - Processing /home/airflow/.local/lib/python3.7/site-packages/airflow/example_dags/tutorial_taskflow_api.py took 0.075 seconds
[2024-02-27T13:37:51.975+0000] {processor.py:153} INFO - Started process (PID=1528) to work on /home/airflow/.local/lib/python3.7/site-packages/airflow/example_dags/tutorial_taskflow_api.py
[2024-02-27T13:37:51.976+0000] {processor.py:743} INFO - Processing file /home/airflow/.local/lib/python3.7/site-packages/airflow/example_dags/tutorial_taskflow_api.py for tasks to queue
[2024-02-27T13:37:51.977+0000] {logging_mixin.py:137} INFO - [2024-02-27T13:37:51.977+0000] {dagbag.py:538} INFO - Filling up the DagBag from /home/airflow/.local/lib/python3.7/site-packages/airflow/example_dags/tutorial_taskflow_api.py
[2024-02-27T13:37:51.991+0000] {processor.py:753} INFO - DAG(s) dict_keys(['tutorial_taskflow_api']) retrieved from /home/airflow/.local/lib/python3.7/site-packages/airflow/example_dags/tutorial_taskflow_api.py
[2024-02-27T13:37:52.008+0000] {logging_mixin.py:137} INFO - [2024-02-27T13:37:52.008+0000] {dag.py:2690} INFO - Sync 1 DAGs
[2024-02-27T13:37:52.026+0000] {logging_mixin.py:137} INFO - [2024-02-27T13:37:52.025+0000] {dag.py:3441} INFO - Setting next_dagrun for tutorial_taskflow_api to None, run_after=None
[2024-02-27T13:37:52.040+0000] {processor.py:175} INFO - Processing /home/airflow/.local/lib/python3.7/site-packages/airflow/example_dags/tutorial_taskflow_api.py took 0.067 seconds
[2024-02-27T13:38:22.273+0000] {processor.py:153} INFO - Started process (PID=1632) to work on /home/airflow/.local/lib/python3.7/site-packages/airflow/example_dags/tutorial_taskflow_api.py
[2024-02-27T13:38:22.274+0000] {processor.py:743} INFO - Processing file /home/airflow/.local/lib/python3.7/site-packages/airflow/example_dags/tutorial_taskflow_api.py for tasks to queue
[2024-02-27T13:38:22.275+0000] {logging_mixin.py:137} INFO - [2024-02-27T13:38:22.275+0000] {dagbag.py:538} INFO - Filling up the DagBag from /home/airflow/.local/lib/python3.7/site-packages/airflow/example_dags/tutorial_taskflow_api.py
[2024-02-27T13:38:22.290+0000] {processor.py:753} INFO - DAG(s) dict_keys(['tutorial_taskflow_api']) retrieved from /home/airflow/.local/lib/python3.7/site-packages/airflow/example_dags/tutorial_taskflow_api.py
[2024-02-27T13:38:22.309+0000] {logging_mixin.py:137} INFO - [2024-02-27T13:38:22.308+0000] {dag.py:2690} INFO - Sync 1 DAGs
[2024-02-27T13:38:22.326+0000] {logging_mixin.py:137} INFO - [2024-02-27T13:38:22.326+0000] {dag.py:3441} INFO - Setting next_dagrun for tutorial_taskflow_api to None, run_after=None
[2024-02-27T13:38:22.341+0000] {processor.py:175} INFO - Processing /home/airflow/.local/lib/python3.7/site-packages/airflow/example_dags/tutorial_taskflow_api.py took 0.070 seconds
[2024-02-27T13:38:52.622+0000] {processor.py:153} INFO - Started process (PID=1746) to work on /home/airflow/.local/lib/python3.7/site-packages/airflow/example_dags/tutorial_taskflow_api.py
[2024-02-27T13:38:52.623+0000] {processor.py:743} INFO - Processing file /home/airflow/.local/lib/python3.7/site-packages/airflow/example_dags/tutorial_taskflow_api.py for tasks to queue
[2024-02-27T13:38:52.625+0000] {logging_mixin.py:137} INFO - [2024-02-27T13:38:52.624+0000] {dagbag.py:538} INFO - Filling up the DagBag from /home/airflow/.local/lib/python3.7/site-packages/airflow/example_dags/tutorial_taskflow_api.py
[2024-02-27T13:38:52.641+0000] {processor.py:753} INFO - DAG(s) dict_keys(['tutorial_taskflow_api']) retrieved from /home/airflow/.local/lib/python3.7/site-packages/airflow/example_dags/tutorial_taskflow_api.py
[2024-02-27T13:38:52.659+0000] {logging_mixin.py:137} INFO - [2024-02-27T13:38:52.659+0000] {dag.py:2690} INFO - Sync 1 DAGs
[2024-02-27T13:38:52.677+0000] {logging_mixin.py:137} INFO - [2024-02-27T13:38:52.677+0000] {dag.py:3441} INFO - Setting next_dagrun for tutorial_taskflow_api to None, run_after=None
[2024-02-27T13:38:52.693+0000] {processor.py:175} INFO - Processing /home/airflow/.local/lib/python3.7/site-packages/airflow/example_dags/tutorial_taskflow_api.py took 0.074 seconds
[2024-02-27T13:39:23.555+0000] {processor.py:153} INFO - Started process (PID=1869) to work on /home/airflow/.local/lib/python3.7/site-packages/airflow/example_dags/tutorial_taskflow_api.py
[2024-02-27T13:39:23.556+0000] {processor.py:743} INFO - Processing file /home/airflow/.local/lib/python3.7/site-packages/airflow/example_dags/tutorial_taskflow_api.py for tasks to queue
[2024-02-27T13:39:23.557+0000] {logging_mixin.py:137} INFO - [2024-02-27T13:39:23.557+0000] {dagbag.py:538} INFO - Filling up the DagBag from /home/airflow/.local/lib/python3.7/site-packages/airflow/example_dags/tutorial_taskflow_api.py
[2024-02-27T13:39:23.572+0000] {processor.py:753} INFO - DAG(s) dict_keys(['tutorial_taskflow_api']) retrieved from /home/airflow/.local/lib/python3.7/site-packages/airflow/example_dags/tutorial_taskflow_api.py
[2024-02-27T13:39:23.589+0000] {logging_mixin.py:137} INFO - [2024-02-27T13:39:23.589+0000] {dag.py:2690} INFO - Sync 1 DAGs
[2024-02-27T13:39:23.607+0000] {logging_mixin.py:137} INFO - [2024-02-27T13:39:23.607+0000] {dag.py:3441} INFO - Setting next_dagrun for tutorial_taskflow_api to None, run_after=None
[2024-02-27T13:39:23.622+0000] {processor.py:175} INFO - Processing /home/airflow/.local/lib/python3.7/site-packages/airflow/example_dags/tutorial_taskflow_api.py took 0.069 seconds
[2024-02-27T13:39:54.273+0000] {processor.py:153} INFO - Started process (PID=1964) to work on /home/airflow/.local/lib/python3.7/site-packages/airflow/example_dags/tutorial_taskflow_api.py
[2024-02-27T13:39:54.274+0000] {processor.py:743} INFO - Processing file /home/airflow/.local/lib/python3.7/site-packages/airflow/example_dags/tutorial_taskflow_api.py for tasks to queue
[2024-02-27T13:39:54.275+0000] {logging_mixin.py:137} INFO - [2024-02-27T13:39:54.275+0000] {dagbag.py:538} INFO - Filling up the DagBag from /home/airflow/.local/lib/python3.7/site-packages/airflow/example_dags/tutorial_taskflow_api.py
[2024-02-27T13:39:54.291+0000] {processor.py:753} INFO - DAG(s) dict_keys(['tutorial_taskflow_api']) retrieved from /home/airflow/.local/lib/python3.7/site-packages/airflow/example_dags/tutorial_taskflow_api.py
[2024-02-27T13:39:54.310+0000] {logging_mixin.py:137} INFO - [2024-02-27T13:39:54.310+0000] {dag.py:2690} INFO - Sync 1 DAGs
[2024-02-27T13:39:54.331+0000] {logging_mixin.py:137} INFO - [2024-02-27T13:39:54.331+0000] {dag.py:3441} INFO - Setting next_dagrun for tutorial_taskflow_api to None, run_after=None
[2024-02-27T13:39:54.348+0000] {processor.py:175} INFO - Processing /home/airflow/.local/lib/python3.7/site-packages/airflow/example_dags/tutorial_taskflow_api.py took 0.077 seconds
[2024-02-27T13:40:24.620+0000] {processor.py:153} INFO - Started process (PID=2088) to work on /home/airflow/.local/lib/python3.7/site-packages/airflow/example_dags/tutorial_taskflow_api.py
[2024-02-27T13:40:24.621+0000] {processor.py:743} INFO - Processing file /home/airflow/.local/lib/python3.7/site-packages/airflow/example_dags/tutorial_taskflow_api.py for tasks to queue
[2024-02-27T13:40:24.622+0000] {logging_mixin.py:137} INFO - [2024-02-27T13:40:24.622+0000] {dagbag.py:538} INFO - Filling up the DagBag from /home/airflow/.local/lib/python3.7/site-packages/airflow/example_dags/tutorial_taskflow_api.py
[2024-02-27T13:40:24.637+0000] {processor.py:753} INFO - DAG(s) dict_keys(['tutorial_taskflow_api']) retrieved from /home/airflow/.local/lib/python3.7/site-packages/airflow/example_dags/tutorial_taskflow_api.py
[2024-02-27T13:40:24.656+0000] {logging_mixin.py:137} INFO - [2024-02-27T13:40:24.656+0000] {dag.py:2690} INFO - Sync 1 DAGs
[2024-02-27T13:40:24.672+0000] {logging_mixin.py:137} INFO - [2024-02-27T13:40:24.672+0000] {dag.py:3441} INFO - Setting next_dagrun for tutorial_taskflow_api to None, run_after=None
[2024-02-27T13:40:24.686+0000] {processor.py:175} INFO - Processing /home/airflow/.local/lib/python3.7/site-packages/airflow/example_dags/tutorial_taskflow_api.py took 0.068 seconds
[2024-02-27T13:40:55.374+0000] {processor.py:153} INFO - Started process (PID=2192) to work on /home/airflow/.local/lib/python3.7/site-packages/airflow/example_dags/tutorial_taskflow_api.py
[2024-02-27T13:40:55.375+0000] {processor.py:743} INFO - Processing file /home/airflow/.local/lib/python3.7/site-packages/airflow/example_dags/tutorial_taskflow_api.py for tasks to queue
[2024-02-27T13:40:55.375+0000] {logging_mixin.py:137} INFO - [2024-02-27T13:40:55.375+0000] {dagbag.py:538} INFO - Filling up the DagBag from /home/airflow/.local/lib/python3.7/site-packages/airflow/example_dags/tutorial_taskflow_api.py
[2024-02-27T13:40:55.391+0000] {processor.py:753} INFO - DAG(s) dict_keys(['tutorial_taskflow_api']) retrieved from /home/airflow/.local/lib/python3.7/site-packages/airflow/example_dags/tutorial_taskflow_api.py
[2024-02-27T13:40:55.413+0000] {logging_mixin.py:137} INFO - [2024-02-27T13:40:55.413+0000] {dag.py:2690} INFO - Sync 1 DAGs
[2024-02-27T13:40:55.431+0000] {logging_mixin.py:137} INFO - [2024-02-27T13:40:55.431+0000] {dag.py:3441} INFO - Setting next_dagrun for tutorial_taskflow_api to None, run_after=None
[2024-02-27T13:40:55.448+0000] {processor.py:175} INFO - Processing /home/airflow/.local/lib/python3.7/site-packages/airflow/example_dags/tutorial_taskflow_api.py took 0.077 seconds
[2024-02-27T13:41:25.902+0000] {processor.py:153} INFO - Started process (PID=2306) to work on /home/airflow/.local/lib/python3.7/site-packages/airflow/example_dags/tutorial_taskflow_api.py
[2024-02-27T13:41:25.903+0000] {processor.py:743} INFO - Processing file /home/airflow/.local/lib/python3.7/site-packages/airflow/example_dags/tutorial_taskflow_api.py for tasks to queue
[2024-02-27T13:41:25.904+0000] {logging_mixin.py:137} INFO - [2024-02-27T13:41:25.904+0000] {dagbag.py:538} INFO - Filling up the DagBag from /home/airflow/.local/lib/python3.7/site-packages/airflow/example_dags/tutorial_taskflow_api.py
[2024-02-27T13:41:25.920+0000] {processor.py:753} INFO - DAG(s) dict_keys(['tutorial_taskflow_api']) retrieved from /home/airflow/.local/lib/python3.7/site-packages/airflow/example_dags/tutorial_taskflow_api.py
[2024-02-27T13:41:25.939+0000] {logging_mixin.py:137} INFO - [2024-02-27T13:41:25.939+0000] {dag.py:2690} INFO - Sync 1 DAGs
[2024-02-27T13:41:25.957+0000] {logging_mixin.py:137} INFO - [2024-02-27T13:41:25.957+0000] {dag.py:3441} INFO - Setting next_dagrun for tutorial_taskflow_api to None, run_after=None
[2024-02-27T13:41:25.974+0000] {processor.py:175} INFO - Processing /home/airflow/.local/lib/python3.7/site-packages/airflow/example_dags/tutorial_taskflow_api.py took 0.074 seconds
