[2024-03-06T13:35:39.022+0000] {processor.py:153} INFO - Started process (PID=49) to work on /opt/airflow/dags/dag.py
[2024-03-06T13:35:39.023+0000] {processor.py:743} INFO - Processing file /opt/airflow/dags/dag.py for tasks to queue
[2024-03-06T13:35:39.025+0000] {logging_mixin.py:137} INFO - [2024-03-06T13:35:39.025+0000] {dagbag.py:538} INFO - Filling up the DagBag from /opt/airflow/dags/dag.py
[2024-03-06T13:35:39.050+0000] {processor.py:753} INFO - DAG(s) dict_keys(['tutorial']) retrieved from /opt/airflow/dags/dag.py
[2024-03-06T13:35:39.084+0000] {logging_mixin.py:137} INFO - [2024-03-06T13:35:39.083+0000] {dag.py:2690} INFO - Sync 1 DAGs
[2024-03-06T13:35:39.109+0000] {logging_mixin.py:137} INFO - [2024-03-06T13:35:39.109+0000] {dag.py:3441} INFO - Setting next_dagrun for tutorial to 2024-03-05T13:35:39.108961+00:00, run_after=2024-03-06T13:35:39.108961+00:00
[2024-03-06T13:35:39.128+0000] {processor.py:175} INFO - Processing /opt/airflow/dags/dag.py took 0.108 seconds
[2024-03-06T13:36:09.258+0000] {processor.py:153} INFO - Started process (PID=134) to work on /opt/airflow/dags/dag.py
[2024-03-06T13:36:09.260+0000] {processor.py:743} INFO - Processing file /opt/airflow/dags/dag.py for tasks to queue
[2024-03-06T13:36:09.260+0000] {logging_mixin.py:137} INFO - [2024-03-06T13:36:09.260+0000] {dagbag.py:538} INFO - Filling up the DagBag from /opt/airflow/dags/dag.py
[2024-03-06T13:36:09.283+0000] {processor.py:753} INFO - DAG(s) dict_keys(['tutorial']) retrieved from /opt/airflow/dags/dag.py
[2024-03-06T13:36:09.301+0000] {logging_mixin.py:137} INFO - [2024-03-06T13:36:09.301+0000] {dag.py:2690} INFO - Sync 1 DAGs
[2024-03-06T13:36:09.319+0000] {logging_mixin.py:137} INFO - [2024-03-06T13:36:09.319+0000] {dag.py:3441} INFO - Setting next_dagrun for tutorial to 2024-03-05T13:36:09.319395+00:00, run_after=2024-03-06T13:36:09.319395+00:00
[2024-03-06T13:36:09.335+0000] {processor.py:175} INFO - Processing /opt/airflow/dags/dag.py took 0.080 seconds
[2024-03-06T13:36:39.580+0000] {processor.py:153} INFO - Started process (PID=190) to work on /opt/airflow/dags/dag.py
[2024-03-06T13:36:39.581+0000] {processor.py:743} INFO - Processing file /opt/airflow/dags/dag.py for tasks to queue
[2024-03-06T13:36:39.582+0000] {logging_mixin.py:137} INFO - [2024-03-06T13:36:39.582+0000] {dagbag.py:538} INFO - Filling up the DagBag from /opt/airflow/dags/dag.py
[2024-03-06T13:36:39.600+0000] {processor.py:753} INFO - DAG(s) dict_keys(['tutorial']) retrieved from /opt/airflow/dags/dag.py
[2024-03-06T13:36:39.617+0000] {logging_mixin.py:137} INFO - [2024-03-06T13:36:39.616+0000] {dag.py:2690} INFO - Sync 1 DAGs
[2024-03-06T13:36:39.634+0000] {logging_mixin.py:137} INFO - [2024-03-06T13:36:39.634+0000] {dag.py:3441} INFO - Setting next_dagrun for tutorial to 2024-03-05T13:36:39.634354+00:00, run_after=2024-03-06T13:36:39.634354+00:00
[2024-03-06T13:36:39.652+0000] {processor.py:175} INFO - Processing /opt/airflow/dags/dag.py took 0.073 seconds
[2024-03-06T13:37:09.886+0000] {processor.py:153} INFO - Started process (PID=274) to work on /opt/airflow/dags/dag.py
[2024-03-06T13:37:09.887+0000] {processor.py:743} INFO - Processing file /opt/airflow/dags/dag.py for tasks to queue
[2024-03-06T13:37:09.888+0000] {logging_mixin.py:137} INFO - [2024-03-06T13:37:09.888+0000] {dagbag.py:538} INFO - Filling up the DagBag from /opt/airflow/dags/dag.py
[2024-03-06T13:37:09.925+0000] {processor.py:753} INFO - DAG(s) dict_keys(['tutorial']) retrieved from /opt/airflow/dags/dag.py
[2024-03-06T13:37:09.944+0000] {logging_mixin.py:137} INFO - [2024-03-06T13:37:09.944+0000] {dag.py:2690} INFO - Sync 1 DAGs
[2024-03-06T13:37:09.962+0000] {logging_mixin.py:137} INFO - [2024-03-06T13:37:09.962+0000] {dag.py:3441} INFO - Setting next_dagrun for tutorial to 2024-03-05T13:37:09.961945+00:00, run_after=2024-03-06T13:37:09.961945+00:00
[2024-03-06T13:37:09.977+0000] {processor.py:175} INFO - Processing /opt/airflow/dags/dag.py took 0.094 seconds
[2024-03-06T13:37:40.179+0000] {processor.py:153} INFO - Started process (PID=330) to work on /opt/airflow/dags/dag.py
[2024-03-06T13:37:40.180+0000] {processor.py:743} INFO - Processing file /opt/airflow/dags/dag.py for tasks to queue
[2024-03-06T13:37:40.181+0000] {logging_mixin.py:137} INFO - [2024-03-06T13:37:40.181+0000] {dagbag.py:538} INFO - Filling up the DagBag from /opt/airflow/dags/dag.py
[2024-03-06T13:37:40.201+0000] {processor.py:753} INFO - DAG(s) dict_keys(['tutorial']) retrieved from /opt/airflow/dags/dag.py
[2024-03-06T13:37:40.221+0000] {logging_mixin.py:137} INFO - [2024-03-06T13:37:40.221+0000] {dag.py:2690} INFO - Sync 1 DAGs
[2024-03-06T13:37:40.238+0000] {logging_mixin.py:137} INFO - [2024-03-06T13:37:40.238+0000] {dag.py:3441} INFO - Setting next_dagrun for tutorial to 2024-03-05T13:37:40.238356+00:00, run_after=2024-03-06T13:37:40.238356+00:00
[2024-03-06T13:37:40.257+0000] {processor.py:175} INFO - Processing /opt/airflow/dags/dag.py took 0.085 seconds
[2024-03-06T13:38:10.530+0000] {processor.py:153} INFO - Started process (PID=415) to work on /opt/airflow/dags/dag.py
[2024-03-06T13:38:10.530+0000] {processor.py:743} INFO - Processing file /opt/airflow/dags/dag.py for tasks to queue
[2024-03-06T13:38:10.531+0000] {logging_mixin.py:137} INFO - [2024-03-06T13:38:10.531+0000] {dagbag.py:538} INFO - Filling up the DagBag from /opt/airflow/dags/dag.py
[2024-03-06T13:38:10.548+0000] {processor.py:753} INFO - DAG(s) dict_keys(['tutorial']) retrieved from /opt/airflow/dags/dag.py
[2024-03-06T13:38:10.567+0000] {logging_mixin.py:137} INFO - [2024-03-06T13:38:10.567+0000] {dag.py:2690} INFO - Sync 1 DAGs
[2024-03-06T13:38:10.584+0000] {logging_mixin.py:137} INFO - [2024-03-06T13:38:10.584+0000] {dag.py:3441} INFO - Setting next_dagrun for tutorial to 2024-03-05T13:38:10.584440+00:00, run_after=2024-03-06T13:38:10.584440+00:00
[2024-03-06T13:38:10.602+0000] {processor.py:175} INFO - Processing /opt/airflow/dags/dag.py took 0.075 seconds
[2024-03-06T13:38:40.829+0000] {processor.py:153} INFO - Started process (PID=500) to work on /opt/airflow/dags/dag.py
[2024-03-06T13:38:40.829+0000] {processor.py:743} INFO - Processing file /opt/airflow/dags/dag.py for tasks to queue
[2024-03-06T13:38:40.830+0000] {logging_mixin.py:137} INFO - [2024-03-06T13:38:40.830+0000] {dagbag.py:538} INFO - Filling up the DagBag from /opt/airflow/dags/dag.py
[2024-03-06T13:38:40.849+0000] {processor.py:753} INFO - DAG(s) dict_keys(['tutorial']) retrieved from /opt/airflow/dags/dag.py
[2024-03-06T13:38:40.867+0000] {logging_mixin.py:137} INFO - [2024-03-06T13:38:40.867+0000] {dag.py:2690} INFO - Sync 1 DAGs
[2024-03-06T13:38:40.883+0000] {logging_mixin.py:137} INFO - [2024-03-06T13:38:40.883+0000] {dag.py:3441} INFO - Setting next_dagrun for tutorial to 2024-03-05T13:38:40.883618+00:00, run_after=2024-03-06T13:38:40.883618+00:00
[2024-03-06T13:38:40.902+0000] {processor.py:175} INFO - Processing /opt/airflow/dags/dag.py took 0.075 seconds
[2024-03-06T13:39:11.039+0000] {processor.py:153} INFO - Started process (PID=557) to work on /opt/airflow/dags/dag.py
[2024-03-06T13:39:11.040+0000] {processor.py:743} INFO - Processing file /opt/airflow/dags/dag.py for tasks to queue
[2024-03-06T13:39:11.040+0000] {logging_mixin.py:137} INFO - [2024-03-06T13:39:11.040+0000] {dagbag.py:538} INFO - Filling up the DagBag from /opt/airflow/dags/dag.py
[2024-03-06T13:39:11.054+0000] {processor.py:753} INFO - DAG(s) dict_keys(['tutorial']) retrieved from /opt/airflow/dags/dag.py
[2024-03-06T13:39:11.076+0000] {logging_mixin.py:137} INFO - [2024-03-06T13:39:11.076+0000] {dag.py:2690} INFO - Sync 1 DAGs
[2024-03-06T13:39:11.095+0000] {logging_mixin.py:137} INFO - [2024-03-06T13:39:11.094+0000] {dag.py:3441} INFO - Setting next_dagrun for tutorial to 2024-03-05T13:39:11.094777+00:00, run_after=2024-03-06T13:39:11.094777+00:00
[2024-03-06T13:39:11.112+0000] {processor.py:175} INFO - Processing /opt/airflow/dags/dag.py took 0.075 seconds
[2024-03-06T13:39:41.365+0000] {processor.py:153} INFO - Started process (PID=642) to work on /opt/airflow/dags/dag.py
[2024-03-06T13:39:41.366+0000] {processor.py:743} INFO - Processing file /opt/airflow/dags/dag.py for tasks to queue
[2024-03-06T13:39:41.367+0000] {logging_mixin.py:137} INFO - [2024-03-06T13:39:41.367+0000] {dagbag.py:538} INFO - Filling up the DagBag from /opt/airflow/dags/dag.py
[2024-03-06T13:39:41.386+0000] {processor.py:753} INFO - DAG(s) dict_keys(['tutorial']) retrieved from /opt/airflow/dags/dag.py
[2024-03-06T13:39:41.403+0000] {logging_mixin.py:137} INFO - [2024-03-06T13:39:41.403+0000] {dag.py:2690} INFO - Sync 1 DAGs
[2024-03-06T13:39:41.421+0000] {logging_mixin.py:137} INFO - [2024-03-06T13:39:41.421+0000] {dag.py:3441} INFO - Setting next_dagrun for tutorial to 2024-03-05T13:39:41.420939+00:00, run_after=2024-03-06T13:39:41.420939+00:00
[2024-03-06T13:39:41.439+0000] {processor.py:175} INFO - Processing /opt/airflow/dags/dag.py took 0.076 seconds
[2024-03-06T13:40:11.608+0000] {processor.py:153} INFO - Started process (PID=700) to work on /opt/airflow/dags/dag.py
[2024-03-06T13:40:11.610+0000] {processor.py:743} INFO - Processing file /opt/airflow/dags/dag.py for tasks to queue
[2024-03-06T13:40:11.611+0000] {logging_mixin.py:137} INFO - [2024-03-06T13:40:11.610+0000] {dagbag.py:538} INFO - Filling up the DagBag from /opt/airflow/dags/dag.py
[2024-03-06T13:40:11.648+0000] {processor.py:753} INFO - DAG(s) dict_keys(['tutorial']) retrieved from /opt/airflow/dags/dag.py
[2024-03-06T13:40:11.666+0000] {logging_mixin.py:137} INFO - [2024-03-06T13:40:11.666+0000] {dag.py:2690} INFO - Sync 1 DAGs
[2024-03-06T13:40:11.684+0000] {logging_mixin.py:137} INFO - [2024-03-06T13:40:11.684+0000] {dag.py:3441} INFO - Setting next_dagrun for tutorial to 2024-03-05T13:40:11.683991+00:00, run_after=2024-03-06T13:40:11.683991+00:00
[2024-03-06T13:40:11.705+0000] {processor.py:175} INFO - Processing /opt/airflow/dags/dag.py took 0.099 seconds
[2024-03-06T13:40:41.966+0000] {processor.py:153} INFO - Started process (PID=785) to work on /opt/airflow/dags/dag.py
[2024-03-06T13:40:41.967+0000] {processor.py:743} INFO - Processing file /opt/airflow/dags/dag.py for tasks to queue
[2024-03-06T13:40:41.968+0000] {logging_mixin.py:137} INFO - [2024-03-06T13:40:41.967+0000] {dagbag.py:538} INFO - Filling up the DagBag from /opt/airflow/dags/dag.py
[2024-03-06T13:40:41.987+0000] {processor.py:753} INFO - DAG(s) dict_keys(['tutorial']) retrieved from /opt/airflow/dags/dag.py
[2024-03-06T13:40:42.007+0000] {logging_mixin.py:137} INFO - [2024-03-06T13:40:42.006+0000] {dag.py:2690} INFO - Sync 1 DAGs
[2024-03-06T13:40:42.026+0000] {logging_mixin.py:137} INFO - [2024-03-06T13:40:42.025+0000] {dag.py:3441} INFO - Setting next_dagrun for tutorial to 2024-03-05T13:40:42.025671+00:00, run_after=2024-03-06T13:40:42.025671+00:00
[2024-03-06T13:40:42.047+0000] {processor.py:175} INFO - Processing /opt/airflow/dags/dag.py took 0.082 seconds
[2024-03-06T13:41:12.240+0000] {processor.py:153} INFO - Started process (PID=870) to work on /opt/airflow/dags/dag.py
[2024-03-06T13:41:12.240+0000] {processor.py:743} INFO - Processing file /opt/airflow/dags/dag.py for tasks to queue
[2024-03-06T13:41:12.241+0000] {logging_mixin.py:137} INFO - [2024-03-06T13:41:12.241+0000] {dagbag.py:538} INFO - Filling up the DagBag from /opt/airflow/dags/dag.py
[2024-03-06T13:41:12.258+0000] {processor.py:753} INFO - DAG(s) dict_keys(['tutorial']) retrieved from /opt/airflow/dags/dag.py
[2024-03-06T13:41:12.275+0000] {logging_mixin.py:137} INFO - [2024-03-06T13:41:12.275+0000] {dag.py:2690} INFO - Sync 1 DAGs
[2024-03-06T13:41:12.291+0000] {logging_mixin.py:137} INFO - [2024-03-06T13:41:12.290+0000] {dag.py:3441} INFO - Setting next_dagrun for tutorial to 2024-03-05T13:41:12.290818+00:00, run_after=2024-03-06T13:41:12.290818+00:00
[2024-03-06T13:41:12.307+0000] {processor.py:175} INFO - Processing /opt/airflow/dags/dag.py took 0.070 seconds
[2024-03-06T13:41:42.572+0000] {processor.py:153} INFO - Started process (PID=927) to work on /opt/airflow/dags/dag.py
[2024-03-06T13:41:42.573+0000] {processor.py:743} INFO - Processing file /opt/airflow/dags/dag.py for tasks to queue
[2024-03-06T13:41:42.573+0000] {logging_mixin.py:137} INFO - [2024-03-06T13:41:42.573+0000] {dagbag.py:538} INFO - Filling up the DagBag from /opt/airflow/dags/dag.py
[2024-03-06T13:41:42.591+0000] {processor.py:753} INFO - DAG(s) dict_keys(['tutorial']) retrieved from /opt/airflow/dags/dag.py
[2024-03-06T13:41:42.609+0000] {logging_mixin.py:137} INFO - [2024-03-06T13:41:42.609+0000] {dag.py:2690} INFO - Sync 1 DAGs
[2024-03-06T13:41:42.628+0000] {logging_mixin.py:137} INFO - [2024-03-06T13:41:42.628+0000] {dag.py:3441} INFO - Setting next_dagrun for tutorial to 2024-03-05T13:41:42.628482+00:00, run_after=2024-03-06T13:41:42.628482+00:00
[2024-03-06T13:41:42.659+0000] {processor.py:175} INFO - Processing /opt/airflow/dags/dag.py took 0.090 seconds
[2024-03-06T13:42:12.806+0000] {processor.py:153} INFO - Started process (PID=1011) to work on /opt/airflow/dags/dag.py
[2024-03-06T13:42:12.806+0000] {processor.py:743} INFO - Processing file /opt/airflow/dags/dag.py for tasks to queue
[2024-03-06T13:42:12.807+0000] {logging_mixin.py:137} INFO - [2024-03-06T13:42:12.807+0000] {dagbag.py:538} INFO - Filling up the DagBag from /opt/airflow/dags/dag.py
[2024-03-06T13:42:12.823+0000] {processor.py:753} INFO - DAG(s) dict_keys(['tutorial']) retrieved from /opt/airflow/dags/dag.py
[2024-03-06T13:42:12.842+0000] {logging_mixin.py:137} INFO - [2024-03-06T13:42:12.842+0000] {dag.py:2690} INFO - Sync 1 DAGs
[2024-03-06T13:42:12.861+0000] {logging_mixin.py:137} INFO - [2024-03-06T13:42:12.861+0000] {dag.py:3441} INFO - Setting next_dagrun for tutorial to 2024-03-05T13:42:12.861244+00:00, run_after=2024-03-06T13:42:12.861244+00:00
[2024-03-06T13:42:12.882+0000] {processor.py:175} INFO - Processing /opt/airflow/dags/dag.py took 0.079 seconds
[2024-03-06T13:42:43.023+0000] {processor.py:153} INFO - Started process (PID=1077) to work on /opt/airflow/dags/dag.py
[2024-03-06T13:42:43.025+0000] {processor.py:743} INFO - Processing file /opt/airflow/dags/dag.py for tasks to queue
[2024-03-06T13:42:43.026+0000] {logging_mixin.py:137} INFO - [2024-03-06T13:42:43.026+0000] {dagbag.py:538} INFO - Filling up the DagBag from /opt/airflow/dags/dag.py
[2024-03-06T13:42:43.067+0000] {processor.py:753} INFO - DAG(s) dict_keys(['tutorial']) retrieved from /opt/airflow/dags/dag.py
[2024-03-06T13:42:43.089+0000] {logging_mixin.py:137} INFO - [2024-03-06T13:42:43.088+0000] {dag.py:2690} INFO - Sync 1 DAGs
[2024-03-06T13:42:43.111+0000] {logging_mixin.py:137} INFO - [2024-03-06T13:42:43.111+0000] {dag.py:3441} INFO - Setting next_dagrun for tutorial to 2024-03-05T13:42:43.111033+00:00, run_after=2024-03-06T13:42:43.111033+00:00
[2024-03-06T13:42:43.128+0000] {processor.py:175} INFO - Processing /opt/airflow/dags/dag.py took 0.108 seconds
[2024-03-06T13:43:13.307+0000] {processor.py:153} INFO - Started process (PID=1153) to work on /opt/airflow/dags/dag.py
[2024-03-06T13:43:13.308+0000] {processor.py:743} INFO - Processing file /opt/airflow/dags/dag.py for tasks to queue
[2024-03-06T13:43:13.309+0000] {logging_mixin.py:137} INFO - [2024-03-06T13:43:13.309+0000] {dagbag.py:538} INFO - Filling up the DagBag from /opt/airflow/dags/dag.py
[2024-03-06T13:43:13.330+0000] {processor.py:753} INFO - DAG(s) dict_keys(['tutorial']) retrieved from /opt/airflow/dags/dag.py
[2024-03-06T13:43:13.347+0000] {logging_mixin.py:137} INFO - [2024-03-06T13:43:13.346+0000] {dag.py:2690} INFO - Sync 1 DAGs
[2024-03-06T13:43:13.364+0000] {logging_mixin.py:137} INFO - [2024-03-06T13:43:13.364+0000] {dag.py:3441} INFO - Setting next_dagrun for tutorial to 2024-03-05T13:43:13.364148+00:00, run_after=2024-03-06T13:43:13.364148+00:00
[2024-03-06T13:43:13.386+0000] {processor.py:175} INFO - Processing /opt/airflow/dags/dag.py took 0.081 seconds
[2024-03-06T13:43:43.614+0000] {processor.py:153} INFO - Started process (PID=1238) to work on /opt/airflow/dags/dag.py
[2024-03-06T13:43:43.615+0000] {processor.py:743} INFO - Processing file /opt/airflow/dags/dag.py for tasks to queue
[2024-03-06T13:43:43.617+0000] {logging_mixin.py:137} INFO - [2024-03-06T13:43:43.617+0000] {dagbag.py:538} INFO - Filling up the DagBag from /opt/airflow/dags/dag.py
[2024-03-06T13:43:43.635+0000] {processor.py:753} INFO - DAG(s) dict_keys(['tutorial']) retrieved from /opt/airflow/dags/dag.py
[2024-03-06T13:43:43.657+0000] {logging_mixin.py:137} INFO - [2024-03-06T13:43:43.656+0000] {dag.py:2690} INFO - Sync 1 DAGs
[2024-03-06T13:43:43.674+0000] {logging_mixin.py:137} INFO - [2024-03-06T13:43:43.674+0000] {dag.py:3441} INFO - Setting next_dagrun for tutorial to 2024-03-05T13:43:43.674644+00:00, run_after=2024-03-06T13:43:43.674644+00:00
[2024-03-06T13:43:43.689+0000] {processor.py:175} INFO - Processing /opt/airflow/dags/dag.py took 0.077 seconds
[2024-03-06T13:44:13.941+0000] {processor.py:153} INFO - Started process (PID=1295) to work on /opt/airflow/dags/dag.py
[2024-03-06T13:44:13.942+0000] {processor.py:743} INFO - Processing file /opt/airflow/dags/dag.py for tasks to queue
[2024-03-06T13:44:13.944+0000] {logging_mixin.py:137} INFO - [2024-03-06T13:44:13.944+0000] {dagbag.py:538} INFO - Filling up the DagBag from /opt/airflow/dags/dag.py
[2024-03-06T13:44:13.982+0000] {processor.py:753} INFO - DAG(s) dict_keys(['tutorial']) retrieved from /opt/airflow/dags/dag.py
[2024-03-06T13:44:14.002+0000] {logging_mixin.py:137} INFO - [2024-03-06T13:44:14.001+0000] {dag.py:2690} INFO - Sync 1 DAGs
[2024-03-06T13:44:14.019+0000] {logging_mixin.py:137} INFO - [2024-03-06T13:44:14.019+0000] {dag.py:3441} INFO - Setting next_dagrun for tutorial to 2024-03-05T13:44:14.019129+00:00, run_after=2024-03-06T13:44:14.019129+00:00
[2024-03-06T13:44:14.038+0000] {processor.py:175} INFO - Processing /opt/airflow/dags/dag.py took 0.101 seconds
[2024-03-06T13:44:44.211+0000] {processor.py:153} INFO - Started process (PID=1380) to work on /opt/airflow/dags/dag.py
[2024-03-06T13:44:44.212+0000] {processor.py:743} INFO - Processing file /opt/airflow/dags/dag.py for tasks to queue
[2024-03-06T13:44:44.213+0000] {logging_mixin.py:137} INFO - [2024-03-06T13:44:44.213+0000] {dagbag.py:538} INFO - Filling up the DagBag from /opt/airflow/dags/dag.py
[2024-03-06T13:44:44.266+0000] {processor.py:753} INFO - DAG(s) dict_keys(['tutorial']) retrieved from /opt/airflow/dags/dag.py
[2024-03-06T13:44:44.285+0000] {logging_mixin.py:137} INFO - [2024-03-06T13:44:44.285+0000] {dag.py:2690} INFO - Sync 1 DAGs
[2024-03-06T13:44:44.303+0000] {logging_mixin.py:137} INFO - [2024-03-06T13:44:44.303+0000] {dag.py:3441} INFO - Setting next_dagrun for tutorial to 2024-03-05T13:44:44.303032+00:00, run_after=2024-03-06T13:44:44.303032+00:00
[2024-03-06T13:44:44.322+0000] {processor.py:175} INFO - Processing /opt/airflow/dags/dag.py took 0.114 seconds
[2024-03-06T13:45:14.560+0000] {processor.py:153} INFO - Started process (PID=1437) to work on /opt/airflow/dags/dag.py
[2024-03-06T13:45:14.561+0000] {processor.py:743} INFO - Processing file /opt/airflow/dags/dag.py for tasks to queue
[2024-03-06T13:45:14.561+0000] {logging_mixin.py:137} INFO - [2024-03-06T13:45:14.561+0000] {dagbag.py:538} INFO - Filling up the DagBag from /opt/airflow/dags/dag.py
[2024-03-06T13:45:14.584+0000] {processor.py:753} INFO - DAG(s) dict_keys(['tutorial']) retrieved from /opt/airflow/dags/dag.py
[2024-03-06T13:45:14.602+0000] {logging_mixin.py:137} INFO - [2024-03-06T13:45:14.602+0000] {dag.py:2690} INFO - Sync 1 DAGs
[2024-03-06T13:45:14.620+0000] {logging_mixin.py:137} INFO - [2024-03-06T13:45:14.620+0000] {dag.py:3441} INFO - Setting next_dagrun for tutorial to 2024-03-05T13:45:14.619852+00:00, run_after=2024-03-06T13:45:14.619852+00:00
[2024-03-06T13:45:14.635+0000] {processor.py:175} INFO - Processing /opt/airflow/dags/dag.py took 0.077 seconds
[2024-03-06T13:45:44.901+0000] {processor.py:153} INFO - Started process (PID=1522) to work on /opt/airflow/dags/dag.py
[2024-03-06T13:45:44.902+0000] {processor.py:743} INFO - Processing file /opt/airflow/dags/dag.py for tasks to queue
[2024-03-06T13:45:44.903+0000] {logging_mixin.py:137} INFO - [2024-03-06T13:45:44.903+0000] {dagbag.py:538} INFO - Filling up the DagBag from /opt/airflow/dags/dag.py
[2024-03-06T13:45:44.921+0000] {processor.py:753} INFO - DAG(s) dict_keys(['tutorial']) retrieved from /opt/airflow/dags/dag.py
[2024-03-06T13:45:44.937+0000] {logging_mixin.py:137} INFO - [2024-03-06T13:45:44.937+0000] {dag.py:2690} INFO - Sync 1 DAGs
[2024-03-06T13:45:44.954+0000] {logging_mixin.py:137} INFO - [2024-03-06T13:45:44.954+0000] {dag.py:3441} INFO - Setting next_dagrun for tutorial to 2024-03-05T13:45:44.954050+00:00, run_after=2024-03-06T13:45:44.954050+00:00
[2024-03-06T13:45:44.972+0000] {processor.py:175} INFO - Processing /opt/airflow/dags/dag.py took 0.073 seconds
[2024-03-06T13:46:15.246+0000] {processor.py:153} INFO - Started process (PID=1607) to work on /opt/airflow/dags/dag.py
[2024-03-06T13:46:15.247+0000] {processor.py:743} INFO - Processing file /opt/airflow/dags/dag.py for tasks to queue
[2024-03-06T13:46:15.247+0000] {logging_mixin.py:137} INFO - [2024-03-06T13:46:15.247+0000] {dagbag.py:538} INFO - Filling up the DagBag from /opt/airflow/dags/dag.py
[2024-03-06T13:46:15.270+0000] {processor.py:753} INFO - DAG(s) dict_keys(['tutorial']) retrieved from /opt/airflow/dags/dag.py
[2024-03-06T13:46:15.287+0000] {logging_mixin.py:137} INFO - [2024-03-06T13:46:15.286+0000] {dag.py:2690} INFO - Sync 1 DAGs
[2024-03-06T13:46:15.303+0000] {logging_mixin.py:137} INFO - [2024-03-06T13:46:15.303+0000] {dag.py:3441} INFO - Setting next_dagrun for tutorial to 2024-03-05T13:46:15.303560+00:00, run_after=2024-03-06T13:46:15.303560+00:00
[2024-03-06T13:46:15.321+0000] {processor.py:175} INFO - Processing /opt/airflow/dags/dag.py took 0.079 seconds
[2024-03-06T13:46:45.582+0000] {processor.py:153} INFO - Started process (PID=1664) to work on /opt/airflow/dags/dag.py
[2024-03-06T13:46:45.583+0000] {processor.py:743} INFO - Processing file /opt/airflow/dags/dag.py for tasks to queue
[2024-03-06T13:46:45.583+0000] {logging_mixin.py:137} INFO - [2024-03-06T13:46:45.583+0000] {dagbag.py:538} INFO - Filling up the DagBag from /opt/airflow/dags/dag.py
[2024-03-06T13:46:45.602+0000] {processor.py:753} INFO - DAG(s) dict_keys(['tutorial']) retrieved from /opt/airflow/dags/dag.py
[2024-03-06T13:46:45.619+0000] {logging_mixin.py:137} INFO - [2024-03-06T13:46:45.619+0000] {dag.py:2690} INFO - Sync 1 DAGs
[2024-03-06T13:46:45.635+0000] {logging_mixin.py:137} INFO - [2024-03-06T13:46:45.635+0000] {dag.py:3441} INFO - Setting next_dagrun for tutorial to 2024-03-05T13:46:45.635194+00:00, run_after=2024-03-06T13:46:45.635194+00:00
[2024-03-06T13:46:45.655+0000] {processor.py:175} INFO - Processing /opt/airflow/dags/dag.py took 0.075 seconds
[2024-03-06T13:47:15.842+0000] {processor.py:153} INFO - Started process (PID=1749) to work on /opt/airflow/dags/dag.py
[2024-03-06T13:47:15.842+0000] {processor.py:743} INFO - Processing file /opt/airflow/dags/dag.py for tasks to queue
[2024-03-06T13:47:15.843+0000] {logging_mixin.py:137} INFO - [2024-03-06T13:47:15.843+0000] {dagbag.py:538} INFO - Filling up the DagBag from /opt/airflow/dags/dag.py
[2024-03-06T13:47:15.862+0000] {processor.py:753} INFO - DAG(s) dict_keys(['tutorial']) retrieved from /opt/airflow/dags/dag.py
[2024-03-06T13:47:15.880+0000] {logging_mixin.py:137} INFO - [2024-03-06T13:47:15.880+0000] {dag.py:2690} INFO - Sync 1 DAGs
[2024-03-06T13:47:15.898+0000] {logging_mixin.py:137} INFO - [2024-03-06T13:47:15.898+0000] {dag.py:3441} INFO - Setting next_dagrun for tutorial to 2024-03-05T13:47:15.898700+00:00, run_after=2024-03-06T13:47:15.898700+00:00
[2024-03-06T13:47:15.916+0000] {processor.py:175} INFO - Processing /opt/airflow/dags/dag.py took 0.077 seconds
[2024-03-06T13:47:46.150+0000] {processor.py:153} INFO - Started process (PID=1813) to work on /opt/airflow/dags/dag.py
[2024-03-06T13:47:46.150+0000] {processor.py:743} INFO - Processing file /opt/airflow/dags/dag.py for tasks to queue
[2024-03-06T13:47:46.151+0000] {logging_mixin.py:137} INFO - [2024-03-06T13:47:46.151+0000] {dagbag.py:538} INFO - Filling up the DagBag from /opt/airflow/dags/dag.py
[2024-03-06T13:47:46.169+0000] {processor.py:753} INFO - DAG(s) dict_keys(['tutorial']) retrieved from /opt/airflow/dags/dag.py
[2024-03-06T13:47:46.197+0000] {logging_mixin.py:137} INFO - [2024-03-06T13:47:46.197+0000] {dag.py:2690} INFO - Sync 1 DAGs
[2024-03-06T13:47:46.218+0000] {logging_mixin.py:137} INFO - [2024-03-06T13:47:46.218+0000] {dag.py:3441} INFO - Setting next_dagrun for tutorial to 2024-03-05T13:47:46.218044+00:00, run_after=2024-03-06T13:47:46.218044+00:00
[2024-03-06T13:47:46.235+0000] {processor.py:175} INFO - Processing /opt/airflow/dags/dag.py took 0.088 seconds
[2024-03-06T13:48:16.395+0000] {processor.py:153} INFO - Started process (PID=1891) to work on /opt/airflow/dags/dag.py
[2024-03-06T13:48:16.396+0000] {processor.py:743} INFO - Processing file /opt/airflow/dags/dag.py for tasks to queue
[2024-03-06T13:48:16.397+0000] {logging_mixin.py:137} INFO - [2024-03-06T13:48:16.397+0000] {dagbag.py:538} INFO - Filling up the DagBag from /opt/airflow/dags/dag.py
[2024-03-06T13:48:16.418+0000] {processor.py:753} INFO - DAG(s) dict_keys(['tutorial']) retrieved from /opt/airflow/dags/dag.py
[2024-03-06T13:48:16.436+0000] {logging_mixin.py:137} INFO - [2024-03-06T13:48:16.436+0000] {dag.py:2690} INFO - Sync 1 DAGs
[2024-03-06T13:48:16.453+0000] {logging_mixin.py:137} INFO - [2024-03-06T13:48:16.453+0000] {dag.py:3441} INFO - Setting next_dagrun for tutorial to 2024-03-05T13:48:16.453031+00:00, run_after=2024-03-06T13:48:16.453031+00:00
[2024-03-06T13:48:16.469+0000] {processor.py:175} INFO - Processing /opt/airflow/dags/dag.py took 0.076 seconds
[2024-03-06T13:48:46.711+0000] {processor.py:153} INFO - Started process (PID=1976) to work on /opt/airflow/dags/dag.py
[2024-03-06T13:48:46.711+0000] {processor.py:743} INFO - Processing file /opt/airflow/dags/dag.py for tasks to queue
[2024-03-06T13:48:46.712+0000] {logging_mixin.py:137} INFO - [2024-03-06T13:48:46.712+0000] {dagbag.py:538} INFO - Filling up the DagBag from /opt/airflow/dags/dag.py
[2024-03-06T13:48:46.731+0000] {processor.py:753} INFO - DAG(s) dict_keys(['tutorial']) retrieved from /opt/airflow/dags/dag.py
[2024-03-06T13:48:46.748+0000] {logging_mixin.py:137} INFO - [2024-03-06T13:48:46.748+0000] {dag.py:2690} INFO - Sync 1 DAGs
[2024-03-06T13:48:46.768+0000] {logging_mixin.py:137} INFO - [2024-03-06T13:48:46.768+0000] {dag.py:3441} INFO - Setting next_dagrun for tutorial to 2024-03-05T13:48:46.768265+00:00, run_after=2024-03-06T13:48:46.768265+00:00
[2024-03-06T13:48:46.782+0000] {processor.py:175} INFO - Processing /opt/airflow/dags/dag.py took 0.073 seconds
[2024-03-06T13:49:16.939+0000] {processor.py:153} INFO - Started process (PID=2033) to work on /opt/airflow/dags/dag.py
[2024-03-06T13:49:16.940+0000] {processor.py:743} INFO - Processing file /opt/airflow/dags/dag.py for tasks to queue
[2024-03-06T13:49:16.941+0000] {logging_mixin.py:137} INFO - [2024-03-06T13:49:16.941+0000] {dagbag.py:538} INFO - Filling up the DagBag from /opt/airflow/dags/dag.py
[2024-03-06T13:49:16.963+0000] {processor.py:753} INFO - DAG(s) dict_keys(['tutorial']) retrieved from /opt/airflow/dags/dag.py
[2024-03-06T13:49:16.986+0000] {logging_mixin.py:137} INFO - [2024-03-06T13:49:16.986+0000] {dag.py:2690} INFO - Sync 1 DAGs
[2024-03-06T13:49:17.008+0000] {logging_mixin.py:137} INFO - [2024-03-06T13:49:17.008+0000] {dag.py:3441} INFO - Setting next_dagrun for tutorial to 2024-03-05T13:49:17.008075+00:00, run_after=2024-03-06T13:49:17.008075+00:00
[2024-03-06T13:49:17.026+0000] {processor.py:175} INFO - Processing /opt/airflow/dags/dag.py took 0.091 seconds
[2024-03-06T13:49:47.254+0000] {processor.py:153} INFO - Started process (PID=2118) to work on /opt/airflow/dags/dag.py
[2024-03-06T13:49:47.256+0000] {processor.py:743} INFO - Processing file /opt/airflow/dags/dag.py for tasks to queue
[2024-03-06T13:49:47.256+0000] {logging_mixin.py:137} INFO - [2024-03-06T13:49:47.256+0000] {dagbag.py:538} INFO - Filling up the DagBag from /opt/airflow/dags/dag.py
[2024-03-06T13:49:47.282+0000] {processor.py:753} INFO - DAG(s) dict_keys(['tutorial']) retrieved from /opt/airflow/dags/dag.py
[2024-03-06T13:49:47.303+0000] {logging_mixin.py:137} INFO - [2024-03-06T13:49:47.303+0000] {dag.py:2690} INFO - Sync 1 DAGs
[2024-03-06T13:49:47.320+0000] {logging_mixin.py:137} INFO - [2024-03-06T13:49:47.320+0000] {dag.py:3441} INFO - Setting next_dagrun for tutorial to 2024-03-05T13:49:47.320161+00:00, run_after=2024-03-06T13:49:47.320161+00:00
[2024-03-06T13:49:47.340+0000] {processor.py:175} INFO - Processing /opt/airflow/dags/dag.py took 0.089 seconds
[2024-03-06T13:50:17.557+0000] {processor.py:153} INFO - Started process (PID=2184) to work on /opt/airflow/dags/dag.py
[2024-03-06T13:50:17.558+0000] {processor.py:743} INFO - Processing file /opt/airflow/dags/dag.py for tasks to queue
[2024-03-06T13:50:17.559+0000] {logging_mixin.py:137} INFO - [2024-03-06T13:50:17.559+0000] {dagbag.py:538} INFO - Filling up the DagBag from /opt/airflow/dags/dag.py
[2024-03-06T13:50:17.586+0000] {processor.py:753} INFO - DAG(s) dict_keys(['tutorial']) retrieved from /opt/airflow/dags/dag.py
[2024-03-06T13:50:17.604+0000] {logging_mixin.py:137} INFO - [2024-03-06T13:50:17.604+0000] {dag.py:2690} INFO - Sync 1 DAGs
[2024-03-06T13:50:17.624+0000] {logging_mixin.py:137} INFO - [2024-03-06T13:50:17.624+0000] {dag.py:3441} INFO - Setting next_dagrun for tutorial to 2024-03-05T13:50:17.624226+00:00, run_after=2024-03-06T13:50:17.624226+00:00
[2024-03-06T13:50:17.642+0000] {processor.py:175} INFO - Processing /opt/airflow/dags/dag.py took 0.089 seconds
[2024-03-06T13:50:47.932+0000] {processor.py:153} INFO - Started process (PID=2260) to work on /opt/airflow/dags/dag.py
[2024-03-06T13:50:47.933+0000] {processor.py:743} INFO - Processing file /opt/airflow/dags/dag.py for tasks to queue
[2024-03-06T13:50:47.933+0000] {logging_mixin.py:137} INFO - [2024-03-06T13:50:47.933+0000] {dagbag.py:538} INFO - Filling up the DagBag from /opt/airflow/dags/dag.py
[2024-03-06T13:50:47.949+0000] {processor.py:753} INFO - DAG(s) dict_keys(['tutorial']) retrieved from /opt/airflow/dags/dag.py
[2024-03-06T13:50:47.965+0000] {logging_mixin.py:137} INFO - [2024-03-06T13:50:47.965+0000] {dag.py:2690} INFO - Sync 1 DAGs
[2024-03-06T13:50:47.981+0000] {logging_mixin.py:137} INFO - [2024-03-06T13:50:47.980+0000] {dag.py:3441} INFO - Setting next_dagrun for tutorial to 2024-03-05T13:50:47.980713+00:00, run_after=2024-03-06T13:50:47.980713+00:00
[2024-03-06T13:50:47.999+0000] {processor.py:175} INFO - Processing /opt/airflow/dags/dag.py took 0.069 seconds
[2024-03-06T13:51:18.255+0000] {processor.py:153} INFO - Started process (PID=2345) to work on /opt/airflow/dags/dag.py
[2024-03-06T13:51:18.256+0000] {processor.py:743} INFO - Processing file /opt/airflow/dags/dag.py for tasks to queue
[2024-03-06T13:51:18.257+0000] {logging_mixin.py:137} INFO - [2024-03-06T13:51:18.256+0000] {dagbag.py:538} INFO - Filling up the DagBag from /opt/airflow/dags/dag.py
[2024-03-06T13:51:18.274+0000] {processor.py:753} INFO - DAG(s) dict_keys(['tutorial']) retrieved from /opt/airflow/dags/dag.py
[2024-03-06T13:51:18.290+0000] {logging_mixin.py:137} INFO - [2024-03-06T13:51:18.290+0000] {dag.py:2690} INFO - Sync 1 DAGs
[2024-03-06T13:51:18.306+0000] {logging_mixin.py:137} INFO - [2024-03-06T13:51:18.306+0000] {dag.py:3441} INFO - Setting next_dagrun for tutorial to 2024-03-05T13:51:18.306604+00:00, run_after=2024-03-06T13:51:18.306604+00:00
[2024-03-06T13:51:18.324+0000] {processor.py:175} INFO - Processing /opt/airflow/dags/dag.py took 0.071 seconds
[2024-03-06T13:51:48.535+0000] {processor.py:153} INFO - Started process (PID=2402) to work on /opt/airflow/dags/dag.py
[2024-03-06T13:51:48.535+0000] {processor.py:743} INFO - Processing file /opt/airflow/dags/dag.py for tasks to queue
[2024-03-06T13:51:48.536+0000] {logging_mixin.py:137} INFO - [2024-03-06T13:51:48.536+0000] {dagbag.py:538} INFO - Filling up the DagBag from /opt/airflow/dags/dag.py
[2024-03-06T13:51:48.561+0000] {processor.py:753} INFO - DAG(s) dict_keys(['tutorial']) retrieved from /opt/airflow/dags/dag.py
[2024-03-06T13:51:48.578+0000] {logging_mixin.py:137} INFO - [2024-03-06T13:51:48.578+0000] {dag.py:2690} INFO - Sync 1 DAGs
[2024-03-06T13:51:48.596+0000] {logging_mixin.py:137} INFO - [2024-03-06T13:51:48.596+0000] {dag.py:3441} INFO - Setting next_dagrun for tutorial to 2024-03-05T13:51:48.596313+00:00, run_after=2024-03-06T13:51:48.596313+00:00
[2024-03-06T13:51:48.611+0000] {processor.py:175} INFO - Processing /opt/airflow/dags/dag.py took 0.079 seconds
[2024-03-06T13:52:19.054+0000] {processor.py:153} INFO - Started process (PID=2486) to work on /opt/airflow/dags/dag.py
[2024-03-06T13:52:19.061+0000] {processor.py:743} INFO - Processing file /opt/airflow/dags/dag.py for tasks to queue
[2024-03-06T13:52:19.069+0000] {logging_mixin.py:137} INFO - [2024-03-06T13:52:19.069+0000] {dagbag.py:538} INFO - Filling up the DagBag from /opt/airflow/dags/dag.py
[2024-03-06T13:52:19.319+0000] {processor.py:753} INFO - DAG(s) dict_keys(['tutorial']) retrieved from /opt/airflow/dags/dag.py
[2024-03-06T13:52:19.335+0000] {logging_mixin.py:137} INFO - [2024-03-06T13:52:19.335+0000] {dag.py:2690} INFO - Sync 1 DAGs
[2024-03-06T13:52:19.358+0000] {logging_mixin.py:137} INFO - [2024-03-06T13:52:19.357+0000] {dag.py:3441} INFO - Setting next_dagrun for tutorial to 2024-03-05T13:52:19.357678+00:00, run_after=2024-03-06T13:52:19.357678+00:00
[2024-03-06T13:52:19.374+0000] {processor.py:175} INFO - Processing /opt/airflow/dags/dag.py took 0.323 seconds
[2024-03-06T13:52:49.601+0000] {processor.py:153} INFO - Started process (PID=2570) to work on /opt/airflow/dags/dag.py
[2024-03-06T13:52:49.604+0000] {processor.py:743} INFO - Processing file /opt/airflow/dags/dag.py for tasks to queue
[2024-03-06T13:52:49.604+0000] {logging_mixin.py:137} INFO - [2024-03-06T13:52:49.604+0000] {dagbag.py:538} INFO - Filling up the DagBag from /opt/airflow/dags/dag.py
[2024-03-06T13:52:49.622+0000] {processor.py:753} INFO - DAG(s) dict_keys(['tutorial']) retrieved from /opt/airflow/dags/dag.py
[2024-03-06T13:52:49.640+0000] {logging_mixin.py:137} INFO - [2024-03-06T13:52:49.639+0000] {dag.py:2690} INFO - Sync 1 DAGs
[2024-03-06T13:52:49.656+0000] {logging_mixin.py:137} INFO - [2024-03-06T13:52:49.656+0000] {dag.py:3441} INFO - Setting next_dagrun for tutorial to 2024-03-05T13:52:49.656584+00:00, run_after=2024-03-06T13:52:49.656584+00:00
[2024-03-06T13:52:49.672+0000] {processor.py:175} INFO - Processing /opt/airflow/dags/dag.py took 0.074 seconds
[2024-03-06T13:53:19.845+0000] {processor.py:153} INFO - Started process (PID=2627) to work on /opt/airflow/dags/dag.py
[2024-03-06T13:53:19.854+0000] {processor.py:743} INFO - Processing file /opt/airflow/dags/dag.py for tasks to queue
[2024-03-06T13:53:19.855+0000] {logging_mixin.py:137} INFO - [2024-03-06T13:53:19.855+0000] {dagbag.py:538} INFO - Filling up the DagBag from /opt/airflow/dags/dag.py
[2024-03-06T13:53:19.920+0000] {processor.py:753} INFO - DAG(s) dict_keys(['tutorial']) retrieved from /opt/airflow/dags/dag.py
[2024-03-06T13:53:19.937+0000] {logging_mixin.py:137} INFO - [2024-03-06T13:53:19.937+0000] {dag.py:2690} INFO - Sync 1 DAGs
[2024-03-06T13:53:19.953+0000] {logging_mixin.py:137} INFO - [2024-03-06T13:53:19.953+0000] {dag.py:3441} INFO - Setting next_dagrun for tutorial to 2024-03-05T13:53:19.953183+00:00, run_after=2024-03-06T13:53:19.953183+00:00
[2024-03-06T13:53:19.970+0000] {processor.py:175} INFO - Processing /opt/airflow/dags/dag.py took 0.128 seconds
[2024-03-06T13:53:50.268+0000] {processor.py:153} INFO - Started process (PID=2712) to work on /opt/airflow/dags/dag.py
[2024-03-06T13:53:50.269+0000] {processor.py:743} INFO - Processing file /opt/airflow/dags/dag.py for tasks to queue
[2024-03-06T13:53:50.270+0000] {logging_mixin.py:137} INFO - [2024-03-06T13:53:50.269+0000] {dagbag.py:538} INFO - Filling up the DagBag from /opt/airflow/dags/dag.py
[2024-03-06T13:53:50.289+0000] {processor.py:753} INFO - DAG(s) dict_keys(['tutorial']) retrieved from /opt/airflow/dags/dag.py
[2024-03-06T13:53:50.306+0000] {logging_mixin.py:137} INFO - [2024-03-06T13:53:50.306+0000] {dag.py:2690} INFO - Sync 1 DAGs
[2024-03-06T13:53:50.330+0000] {logging_mixin.py:137} INFO - [2024-03-06T13:53:50.330+0000] {dag.py:3441} INFO - Setting next_dagrun for tutorial to 2024-03-05T13:53:50.330422+00:00, run_after=2024-03-06T13:53:50.330422+00:00
[2024-03-06T13:53:50.347+0000] {processor.py:175} INFO - Processing /opt/airflow/dags/dag.py took 0.081 seconds
[2024-03-06T13:54:20.612+0000] {processor.py:153} INFO - Started process (PID=2769) to work on /opt/airflow/dags/dag.py
[2024-03-06T13:54:20.612+0000] {processor.py:743} INFO - Processing file /opt/airflow/dags/dag.py for tasks to queue
[2024-03-06T13:54:20.613+0000] {logging_mixin.py:137} INFO - [2024-03-06T13:54:20.613+0000] {dagbag.py:538} INFO - Filling up the DagBag from /opt/airflow/dags/dag.py
[2024-03-06T13:54:20.629+0000] {processor.py:753} INFO - DAG(s) dict_keys(['tutorial']) retrieved from /opt/airflow/dags/dag.py
[2024-03-06T13:54:20.655+0000] {logging_mixin.py:137} INFO - [2024-03-06T13:54:20.655+0000] {dag.py:2690} INFO - Sync 1 DAGs
[2024-03-06T13:54:20.679+0000] {logging_mixin.py:137} INFO - [2024-03-06T13:54:20.679+0000] {dag.py:3441} INFO - Setting next_dagrun for tutorial to 2024-03-05T13:54:20.678960+00:00, run_after=2024-03-06T13:54:20.678960+00:00
[2024-03-06T13:54:20.699+0000] {processor.py:175} INFO - Processing /opt/airflow/dags/dag.py took 0.090 seconds
[2024-03-06T13:54:50.860+0000] {processor.py:153} INFO - Started process (PID=2855) to work on /opt/airflow/dags/dag.py
[2024-03-06T13:54:50.861+0000] {processor.py:743} INFO - Processing file /opt/airflow/dags/dag.py for tasks to queue
[2024-03-06T13:54:50.863+0000] {logging_mixin.py:137} INFO - [2024-03-06T13:54:50.863+0000] {dagbag.py:538} INFO - Filling up the DagBag from /opt/airflow/dags/dag.py
[2024-03-06T13:54:50.889+0000] {processor.py:753} INFO - DAG(s) dict_keys(['tutorial']) retrieved from /opt/airflow/dags/dag.py
[2024-03-06T13:54:50.910+0000] {logging_mixin.py:137} INFO - [2024-03-06T13:54:50.909+0000] {dag.py:2690} INFO - Sync 1 DAGs
[2024-03-06T13:54:50.928+0000] {logging_mixin.py:137} INFO - [2024-03-06T13:54:50.927+0000] {dag.py:3441} INFO - Setting next_dagrun for tutorial to 2024-03-05T13:54:50.927751+00:00, run_after=2024-03-06T13:54:50.927751+00:00
[2024-03-06T13:54:50.944+0000] {processor.py:175} INFO - Processing /opt/airflow/dags/dag.py took 0.088 seconds
[2024-03-06T13:55:21.109+0000] {processor.py:153} INFO - Started process (PID=2940) to work on /opt/airflow/dags/dag.py
[2024-03-06T13:55:21.110+0000] {processor.py:743} INFO - Processing file /opt/airflow/dags/dag.py for tasks to queue
[2024-03-06T13:55:21.111+0000] {logging_mixin.py:137} INFO - [2024-03-06T13:55:21.111+0000] {dagbag.py:538} INFO - Filling up the DagBag from /opt/airflow/dags/dag.py
[2024-03-06T13:55:21.125+0000] {processor.py:753} INFO - DAG(s) dict_keys(['tutorial']) retrieved from /opt/airflow/dags/dag.py
[2024-03-06T13:55:21.142+0000] {logging_mixin.py:137} INFO - [2024-03-06T13:55:21.142+0000] {dag.py:2690} INFO - Sync 1 DAGs
[2024-03-06T13:55:21.158+0000] {logging_mixin.py:137} INFO - [2024-03-06T13:55:21.158+0000] {dag.py:3441} INFO - Setting next_dagrun for tutorial to 2024-03-05T13:55:21.158489+00:00, run_after=2024-03-06T13:55:21.158489+00:00
[2024-03-06T13:55:21.174+0000] {processor.py:175} INFO - Processing /opt/airflow/dags/dag.py took 0.067 seconds
[2024-03-06T13:55:51.402+0000] {processor.py:153} INFO - Started process (PID=2997) to work on /opt/airflow/dags/dag.py
[2024-03-06T13:55:51.403+0000] {processor.py:743} INFO - Processing file /opt/airflow/dags/dag.py for tasks to queue
[2024-03-06T13:55:51.404+0000] {logging_mixin.py:137} INFO - [2024-03-06T13:55:51.404+0000] {dagbag.py:538} INFO - Filling up the DagBag from /opt/airflow/dags/dag.py
[2024-03-06T13:55:51.443+0000] {processor.py:753} INFO - DAG(s) dict_keys(['tutorial']) retrieved from /opt/airflow/dags/dag.py
[2024-03-06T13:55:51.466+0000] {logging_mixin.py:137} INFO - [2024-03-06T13:55:51.466+0000] {dag.py:2690} INFO - Sync 1 DAGs
[2024-03-06T13:55:51.483+0000] {logging_mixin.py:137} INFO - [2024-03-06T13:55:51.482+0000] {dag.py:3441} INFO - Setting next_dagrun for tutorial to 2024-03-05T13:55:51.482724+00:00, run_after=2024-03-06T13:55:51.482724+00:00
[2024-03-06T13:55:51.516+0000] {processor.py:175} INFO - Processing /opt/airflow/dags/dag.py took 0.118 seconds
[2024-03-06T13:56:21.759+0000] {processor.py:153} INFO - Started process (PID=3082) to work on /opt/airflow/dags/dag.py
[2024-03-06T13:56:21.760+0000] {processor.py:743} INFO - Processing file /opt/airflow/dags/dag.py for tasks to queue
[2024-03-06T13:56:21.761+0000] {logging_mixin.py:137} INFO - [2024-03-06T13:56:21.761+0000] {dagbag.py:538} INFO - Filling up the DagBag from /opt/airflow/dags/dag.py
[2024-03-06T13:56:21.782+0000] {processor.py:753} INFO - DAG(s) dict_keys(['tutorial']) retrieved from /opt/airflow/dags/dag.py
[2024-03-06T13:56:21.801+0000] {logging_mixin.py:137} INFO - [2024-03-06T13:56:21.801+0000] {dag.py:2690} INFO - Sync 1 DAGs
[2024-03-06T13:56:21.820+0000] {logging_mixin.py:137} INFO - [2024-03-06T13:56:21.820+0000] {dag.py:3441} INFO - Setting next_dagrun for tutorial to 2024-03-05T13:56:21.820380+00:00, run_after=2024-03-06T13:56:21.820380+00:00
[2024-03-06T13:56:21.836+0000] {processor.py:175} INFO - Processing /opt/airflow/dags/dag.py took 0.079 seconds
[2024-03-06T13:56:52.219+0000] {processor.py:153} INFO - Started process (PID=3147) to work on /opt/airflow/dags/dag.py
[2024-03-06T13:56:52.220+0000] {processor.py:743} INFO - Processing file /opt/airflow/dags/dag.py for tasks to queue
[2024-03-06T13:56:52.221+0000] {logging_mixin.py:137} INFO - [2024-03-06T13:56:52.221+0000] {dagbag.py:538} INFO - Filling up the DagBag from /opt/airflow/dags/dag.py
[2024-03-06T13:56:52.247+0000] {processor.py:753} INFO - DAG(s) dict_keys(['tutorial']) retrieved from /opt/airflow/dags/dag.py
[2024-03-06T13:56:52.266+0000] {logging_mixin.py:137} INFO - [2024-03-06T13:56:52.266+0000] {dag.py:2690} INFO - Sync 1 DAGs
[2024-03-06T13:56:52.284+0000] {logging_mixin.py:137} INFO - [2024-03-06T13:56:52.284+0000] {dag.py:3441} INFO - Setting next_dagrun for tutorial to 2024-03-05T13:56:52.284441+00:00, run_after=2024-03-06T13:56:52.284441+00:00
[2024-03-06T13:56:52.303+0000] {processor.py:175} INFO - Processing /opt/airflow/dags/dag.py took 0.087 seconds
[2024-03-06T13:57:22.487+0000] {processor.py:153} INFO - Started process (PID=3223) to work on /opt/airflow/dags/dag.py
[2024-03-06T13:57:22.487+0000] {processor.py:743} INFO - Processing file /opt/airflow/dags/dag.py for tasks to queue
[2024-03-06T13:57:22.488+0000] {logging_mixin.py:137} INFO - [2024-03-06T13:57:22.488+0000] {dagbag.py:538} INFO - Filling up the DagBag from /opt/airflow/dags/dag.py
[2024-03-06T13:57:22.502+0000] {processor.py:753} INFO - DAG(s) dict_keys(['tutorial']) retrieved from /opt/airflow/dags/dag.py
[2024-03-06T13:57:22.522+0000] {logging_mixin.py:137} INFO - [2024-03-06T13:57:22.522+0000] {dag.py:2690} INFO - Sync 1 DAGs
[2024-03-06T13:57:22.540+0000] {logging_mixin.py:137} INFO - [2024-03-06T13:57:22.539+0000] {dag.py:3441} INFO - Setting next_dagrun for tutorial to 2024-03-05T13:57:22.539680+00:00, run_after=2024-03-06T13:57:22.539680+00:00
[2024-03-06T13:57:22.557+0000] {processor.py:175} INFO - Processing /opt/airflow/dags/dag.py took 0.073 seconds
[2024-03-06T13:57:52.746+0000] {processor.py:153} INFO - Started process (PID=3308) to work on /opt/airflow/dags/dag.py
[2024-03-06T13:57:52.747+0000] {processor.py:743} INFO - Processing file /opt/airflow/dags/dag.py for tasks to queue
[2024-03-06T13:57:52.748+0000] {logging_mixin.py:137} INFO - [2024-03-06T13:57:52.748+0000] {dagbag.py:538} INFO - Filling up the DagBag from /opt/airflow/dags/dag.py
[2024-03-06T13:57:52.764+0000] {processor.py:753} INFO - DAG(s) dict_keys(['tutorial']) retrieved from /opt/airflow/dags/dag.py
[2024-03-06T13:57:52.782+0000] {logging_mixin.py:137} INFO - [2024-03-06T13:57:52.782+0000] {dag.py:2690} INFO - Sync 1 DAGs
[2024-03-06T13:57:52.800+0000] {logging_mixin.py:137} INFO - [2024-03-06T13:57:52.800+0000] {dag.py:3441} INFO - Setting next_dagrun for tutorial to 2024-03-05T13:57:52.799957+00:00, run_after=2024-03-06T13:57:52.799957+00:00
[2024-03-06T13:57:52.818+0000] {processor.py:175} INFO - Processing /opt/airflow/dags/dag.py took 0.074 seconds
[2024-03-06T13:58:23.117+0000] {processor.py:153} INFO - Started process (PID=3364) to work on /opt/airflow/dags/dag.py
[2024-03-06T13:58:23.118+0000] {processor.py:743} INFO - Processing file /opt/airflow/dags/dag.py for tasks to queue
[2024-03-06T13:58:23.119+0000] {logging_mixin.py:137} INFO - [2024-03-06T13:58:23.118+0000] {dagbag.py:538} INFO - Filling up the DagBag from /opt/airflow/dags/dag.py
[2024-03-06T13:58:23.135+0000] {processor.py:753} INFO - DAG(s) dict_keys(['tutorial']) retrieved from /opt/airflow/dags/dag.py
[2024-03-06T13:58:23.152+0000] {logging_mixin.py:137} INFO - [2024-03-06T13:58:23.151+0000] {dag.py:2690} INFO - Sync 1 DAGs
[2024-03-06T13:58:23.169+0000] {logging_mixin.py:137} INFO - [2024-03-06T13:58:23.169+0000] {dag.py:3441} INFO - Setting next_dagrun for tutorial to 2024-03-05T13:58:23.168947+00:00, run_after=2024-03-06T13:58:23.168947+00:00
[2024-03-06T13:58:23.186+0000] {processor.py:175} INFO - Processing /opt/airflow/dags/dag.py took 0.071 seconds
[2024-03-06T13:58:53.398+0000] {processor.py:153} INFO - Started process (PID=3449) to work on /opt/airflow/dags/dag.py
[2024-03-06T13:58:53.399+0000] {processor.py:743} INFO - Processing file /opt/airflow/dags/dag.py for tasks to queue
[2024-03-06T13:58:53.400+0000] {logging_mixin.py:137} INFO - [2024-03-06T13:58:53.400+0000] {dagbag.py:538} INFO - Filling up the DagBag from /opt/airflow/dags/dag.py
[2024-03-06T13:58:53.426+0000] {processor.py:753} INFO - DAG(s) dict_keys(['tutorial']) retrieved from /opt/airflow/dags/dag.py
[2024-03-06T13:58:53.444+0000] {logging_mixin.py:137} INFO - [2024-03-06T13:58:53.444+0000] {dag.py:2690} INFO - Sync 1 DAGs
[2024-03-06T13:58:53.463+0000] {logging_mixin.py:137} INFO - [2024-03-06T13:58:53.463+0000] {dag.py:3441} INFO - Setting next_dagrun for tutorial to 2024-03-05T13:58:53.463462+00:00, run_after=2024-03-06T13:58:53.463462+00:00
[2024-03-06T13:58:53.481+0000] {processor.py:175} INFO - Processing /opt/airflow/dags/dag.py took 0.086 seconds
[2024-03-06T13:59:23.737+0000] {processor.py:153} INFO - Started process (PID=3534) to work on /opt/airflow/dags/dag.py
[2024-03-06T13:59:23.737+0000] {processor.py:743} INFO - Processing file /opt/airflow/dags/dag.py for tasks to queue
[2024-03-06T13:59:23.738+0000] {logging_mixin.py:137} INFO - [2024-03-06T13:59:23.738+0000] {dagbag.py:538} INFO - Filling up the DagBag from /opt/airflow/dags/dag.py
[2024-03-06T13:59:23.762+0000] {processor.py:753} INFO - DAG(s) dict_keys(['tutorial']) retrieved from /opt/airflow/dags/dag.py
[2024-03-06T13:59:23.784+0000] {logging_mixin.py:137} INFO - [2024-03-06T13:59:23.784+0000] {dag.py:2690} INFO - Sync 1 DAGs
[2024-03-06T13:59:23.805+0000] {logging_mixin.py:137} INFO - [2024-03-06T13:59:23.805+0000] {dag.py:3441} INFO - Setting next_dagrun for tutorial to 2024-03-05T13:59:23.804922+00:00, run_after=2024-03-06T13:59:23.804922+00:00
[2024-03-06T13:59:23.832+0000] {processor.py:175} INFO - Processing /opt/airflow/dags/dag.py took 0.097 seconds
[2024-03-06T13:59:54.027+0000] {processor.py:153} INFO - Started process (PID=3591) to work on /opt/airflow/dags/dag.py
[2024-03-06T13:59:54.027+0000] {processor.py:743} INFO - Processing file /opt/airflow/dags/dag.py for tasks to queue
[2024-03-06T13:59:54.028+0000] {logging_mixin.py:137} INFO - [2024-03-06T13:59:54.028+0000] {dagbag.py:538} INFO - Filling up the DagBag from /opt/airflow/dags/dag.py
[2024-03-06T13:59:54.048+0000] {processor.py:753} INFO - DAG(s) dict_keys(['tutorial']) retrieved from /opt/airflow/dags/dag.py
[2024-03-06T13:59:54.067+0000] {logging_mixin.py:137} INFO - [2024-03-06T13:59:54.067+0000] {dag.py:2690} INFO - Sync 1 DAGs
[2024-03-06T13:59:54.085+0000] {logging_mixin.py:137} INFO - [2024-03-06T13:59:54.085+0000] {dag.py:3441} INFO - Setting next_dagrun for tutorial to 2024-03-05T13:59:54.085487+00:00, run_after=2024-03-06T13:59:54.085487+00:00
[2024-03-06T13:59:54.102+0000] {processor.py:175} INFO - Processing /opt/airflow/dags/dag.py took 0.078 seconds
[2024-03-06T14:00:24.367+0000] {processor.py:153} INFO - Started process (PID=3676) to work on /opt/airflow/dags/dag.py
[2024-03-06T14:00:24.368+0000] {processor.py:743} INFO - Processing file /opt/airflow/dags/dag.py for tasks to queue
[2024-03-06T14:00:24.369+0000] {logging_mixin.py:137} INFO - [2024-03-06T14:00:24.369+0000] {dagbag.py:538} INFO - Filling up the DagBag from /opt/airflow/dags/dag.py
[2024-03-06T14:00:24.389+0000] {processor.py:753} INFO - DAG(s) dict_keys(['tutorial']) retrieved from /opt/airflow/dags/dag.py
[2024-03-06T14:00:24.406+0000] {logging_mixin.py:137} INFO - [2024-03-06T14:00:24.406+0000] {dag.py:2690} INFO - Sync 1 DAGs
[2024-03-06T14:00:24.422+0000] {logging_mixin.py:137} INFO - [2024-03-06T14:00:24.422+0000] {dag.py:3441} INFO - Setting next_dagrun for tutorial to 2024-03-05T14:00:24.422275+00:00, run_after=2024-03-06T14:00:24.422275+00:00
[2024-03-06T14:00:24.437+0000] {processor.py:175} INFO - Processing /opt/airflow/dags/dag.py took 0.073 seconds
[2024-03-06T14:00:54.881+0000] {processor.py:153} INFO - Started process (PID=3733) to work on /opt/airflow/dags/dag.py
[2024-03-06T14:00:54.882+0000] {processor.py:743} INFO - Processing file /opt/airflow/dags/dag.py for tasks to queue
[2024-03-06T14:00:54.883+0000] {logging_mixin.py:137} INFO - [2024-03-06T14:00:54.883+0000] {dagbag.py:538} INFO - Filling up the DagBag from /opt/airflow/dags/dag.py
[2024-03-06T14:00:54.908+0000] {processor.py:753} INFO - DAG(s) dict_keys(['tutorial']) retrieved from /opt/airflow/dags/dag.py
[2024-03-06T14:00:54.925+0000] {logging_mixin.py:137} INFO - [2024-03-06T14:00:54.925+0000] {dag.py:2690} INFO - Sync 1 DAGs
[2024-03-06T14:00:54.941+0000] {logging_mixin.py:137} INFO - [2024-03-06T14:00:54.941+0000] {dag.py:3441} INFO - Setting next_dagrun for tutorial to 2024-03-05T14:00:54.941308+00:00, run_after=2024-03-06T14:00:54.941308+00:00
[2024-03-06T14:00:54.959+0000] {processor.py:175} INFO - Processing /opt/airflow/dags/dag.py took 0.084 seconds
[2024-03-06T14:01:25.144+0000] {processor.py:153} INFO - Started process (PID=3818) to work on /opt/airflow/dags/dag.py
[2024-03-06T14:01:25.145+0000] {processor.py:743} INFO - Processing file /opt/airflow/dags/dag.py for tasks to queue
[2024-03-06T14:01:25.145+0000] {logging_mixin.py:137} INFO - [2024-03-06T14:01:25.145+0000] {dagbag.py:538} INFO - Filling up the DagBag from /opt/airflow/dags/dag.py
[2024-03-06T14:01:25.165+0000] {processor.py:753} INFO - DAG(s) dict_keys(['tutorial']) retrieved from /opt/airflow/dags/dag.py
[2024-03-06T14:01:25.184+0000] {logging_mixin.py:137} INFO - [2024-03-06T14:01:25.183+0000] {dag.py:2690} INFO - Sync 1 DAGs
[2024-03-06T14:01:25.201+0000] {logging_mixin.py:137} INFO - [2024-03-06T14:01:25.201+0000] {dag.py:3441} INFO - Setting next_dagrun for tutorial to 2024-03-05T14:01:25.200900+00:00, run_after=2024-03-06T14:01:25.200900+00:00
[2024-03-06T14:01:25.218+0000] {processor.py:175} INFO - Processing /opt/airflow/dags/dag.py took 0.076 seconds
[2024-03-06T14:01:55.553+0000] {processor.py:153} INFO - Started process (PID=3903) to work on /opt/airflow/dags/dag.py
[2024-03-06T14:01:55.554+0000] {processor.py:743} INFO - Processing file /opt/airflow/dags/dag.py for tasks to queue
[2024-03-06T14:01:55.555+0000] {logging_mixin.py:137} INFO - [2024-03-06T14:01:55.555+0000] {dagbag.py:538} INFO - Filling up the DagBag from /opt/airflow/dags/dag.py
[2024-03-06T14:01:55.572+0000] {processor.py:753} INFO - DAG(s) dict_keys(['tutorial']) retrieved from /opt/airflow/dags/dag.py
[2024-03-06T14:01:55.587+0000] {logging_mixin.py:137} INFO - [2024-03-06T14:01:55.587+0000] {dag.py:2690} INFO - Sync 1 DAGs
[2024-03-06T14:01:55.604+0000] {logging_mixin.py:137} INFO - [2024-03-06T14:01:55.604+0000] {dag.py:3441} INFO - Setting next_dagrun for tutorial to 2024-03-05T14:01:55.603866+00:00, run_after=2024-03-06T14:01:55.603866+00:00
[2024-03-06T14:01:55.620+0000] {processor.py:175} INFO - Processing /opt/airflow/dags/dag.py took 0.068 seconds
[2024-03-06T14:02:25.954+0000] {processor.py:153} INFO - Started process (PID=3960) to work on /opt/airflow/dags/dag.py
[2024-03-06T14:02:25.955+0000] {processor.py:743} INFO - Processing file /opt/airflow/dags/dag.py for tasks to queue
[2024-03-06T14:02:25.956+0000] {logging_mixin.py:137} INFO - [2024-03-06T14:02:25.956+0000] {dagbag.py:538} INFO - Filling up the DagBag from /opt/airflow/dags/dag.py
[2024-03-06T14:02:25.978+0000] {processor.py:753} INFO - DAG(s) dict_keys(['tutorial']) retrieved from /opt/airflow/dags/dag.py
[2024-03-06T14:02:25.996+0000] {logging_mixin.py:137} INFO - [2024-03-06T14:02:25.996+0000] {dag.py:2690} INFO - Sync 1 DAGs
[2024-03-06T14:02:26.014+0000] {logging_mixin.py:137} INFO - [2024-03-06T14:02:26.014+0000] {dag.py:3441} INFO - Setting next_dagrun for tutorial to 2024-03-05T14:02:26.014335+00:00, run_after=2024-03-06T14:02:26.014335+00:00
[2024-03-06T14:02:26.030+0000] {processor.py:175} INFO - Processing /opt/airflow/dags/dag.py took 0.079 seconds
[2024-03-06T14:02:56.268+0000] {processor.py:153} INFO - Started process (PID=4044) to work on /opt/airflow/dags/dag.py
[2024-03-06T14:02:56.269+0000] {processor.py:743} INFO - Processing file /opt/airflow/dags/dag.py for tasks to queue
[2024-03-06T14:02:56.269+0000] {logging_mixin.py:137} INFO - [2024-03-06T14:02:56.269+0000] {dagbag.py:538} INFO - Filling up the DagBag from /opt/airflow/dags/dag.py
[2024-03-06T14:02:56.286+0000] {processor.py:753} INFO - DAG(s) dict_keys(['tutorial']) retrieved from /opt/airflow/dags/dag.py
[2024-03-06T14:02:56.303+0000] {logging_mixin.py:137} INFO - [2024-03-06T14:02:56.303+0000] {dag.py:2690} INFO - Sync 1 DAGs
[2024-03-06T14:02:56.319+0000] {logging_mixin.py:137} INFO - [2024-03-06T14:02:56.319+0000] {dag.py:3441} INFO - Setting next_dagrun for tutorial to 2024-03-05T14:02:56.319306+00:00, run_after=2024-03-06T14:02:56.319306+00:00
[2024-03-06T14:02:56.338+0000] {processor.py:175} INFO - Processing /opt/airflow/dags/dag.py took 0.072 seconds
[2024-03-06T14:03:26.713+0000] {processor.py:153} INFO - Started process (PID=4110) to work on /opt/airflow/dags/dag.py
[2024-03-06T14:03:26.714+0000] {processor.py:743} INFO - Processing file /opt/airflow/dags/dag.py for tasks to queue
[2024-03-06T14:03:26.714+0000] {logging_mixin.py:137} INFO - [2024-03-06T14:03:26.714+0000] {dagbag.py:538} INFO - Filling up the DagBag from /opt/airflow/dags/dag.py
[2024-03-06T14:03:26.734+0000] {processor.py:753} INFO - DAG(s) dict_keys(['tutorial']) retrieved from /opt/airflow/dags/dag.py
[2024-03-06T14:03:26.753+0000] {logging_mixin.py:137} INFO - [2024-03-06T14:03:26.753+0000] {dag.py:2690} INFO - Sync 1 DAGs
[2024-03-06T14:03:26.770+0000] {logging_mixin.py:137} INFO - [2024-03-06T14:03:26.770+0000] {dag.py:3441} INFO - Setting next_dagrun for tutorial to 2024-03-05T14:03:26.770607+00:00, run_after=2024-03-06T14:03:26.770607+00:00
[2024-03-06T14:03:26.786+0000] {processor.py:175} INFO - Processing /opt/airflow/dags/dag.py took 0.075 seconds
[2024-03-06T23:37:16.222+0000] {processor.py:153} INFO - Started process (PID=4186) to work on /opt/airflow/dags/dag.py
[2024-03-06T23:37:16.223+0000] {processor.py:743} INFO - Processing file /opt/airflow/dags/dag.py for tasks to queue
[2024-03-06T23:37:16.224+0000] {logging_mixin.py:137} INFO - [2024-03-06T23:37:16.224+0000] {dagbag.py:538} INFO - Filling up the DagBag from /opt/airflow/dags/dag.py
[2024-03-06T23:37:16.247+0000] {processor.py:753} INFO - DAG(s) dict_keys(['tutorial']) retrieved from /opt/airflow/dags/dag.py
[2024-03-06T23:37:16.275+0000] {logging_mixin.py:137} INFO - [2024-03-06T23:37:16.275+0000] {dag.py:2690} INFO - Sync 1 DAGs
[2024-03-06T23:37:16.301+0000] {logging_mixin.py:137} INFO - [2024-03-06T23:37:16.301+0000] {dag.py:3441} INFO - Setting next_dagrun for tutorial to 2024-03-05T23:37:16.300992+00:00, run_after=2024-03-06T23:37:16.300992+00:00
[2024-03-06T23:37:16.328+0000] {processor.py:175} INFO - Processing /opt/airflow/dags/dag.py took 0.111 seconds
[2024-03-06T23:37:46.464+0000] {processor.py:153} INFO - Started process (PID=4271) to work on /opt/airflow/dags/dag.py
[2024-03-06T23:37:46.465+0000] {processor.py:743} INFO - Processing file /opt/airflow/dags/dag.py for tasks to queue
[2024-03-06T23:37:46.466+0000] {logging_mixin.py:137} INFO - [2024-03-06T23:37:46.466+0000] {dagbag.py:538} INFO - Filling up the DagBag from /opt/airflow/dags/dag.py
[2024-03-06T23:37:46.488+0000] {processor.py:753} INFO - DAG(s) dict_keys(['tutorial']) retrieved from /opt/airflow/dags/dag.py
[2024-03-06T23:37:46.508+0000] {logging_mixin.py:137} INFO - [2024-03-06T23:37:46.508+0000] {dag.py:2690} INFO - Sync 1 DAGs
[2024-03-06T23:37:46.528+0000] {logging_mixin.py:137} INFO - [2024-03-06T23:37:46.528+0000] {dag.py:3441} INFO - Setting next_dagrun for tutorial to 2024-03-05T23:37:46.528009+00:00, run_after=2024-03-06T23:37:46.528009+00:00
[2024-03-06T23:37:46.548+0000] {processor.py:175} INFO - Processing /opt/airflow/dags/dag.py took 0.086 seconds
[2024-03-06T23:38:16.848+0000] {processor.py:153} INFO - Started process (PID=4328) to work on /opt/airflow/dags/dag.py
[2024-03-06T23:38:16.849+0000] {processor.py:743} INFO - Processing file /opt/airflow/dags/dag.py for tasks to queue
[2024-03-06T23:38:16.850+0000] {logging_mixin.py:137} INFO - [2024-03-06T23:38:16.849+0000] {dagbag.py:538} INFO - Filling up the DagBag from /opt/airflow/dags/dag.py
[2024-03-06T23:38:16.875+0000] {processor.py:753} INFO - DAG(s) dict_keys(['tutorial']) retrieved from /opt/airflow/dags/dag.py
[2024-03-06T23:38:16.893+0000] {logging_mixin.py:137} INFO - [2024-03-06T23:38:16.893+0000] {dag.py:2690} INFO - Sync 1 DAGs
[2024-03-06T23:38:16.911+0000] {logging_mixin.py:137} INFO - [2024-03-06T23:38:16.911+0000] {dag.py:3441} INFO - Setting next_dagrun for tutorial to 2024-03-05T23:38:16.911343+00:00, run_after=2024-03-06T23:38:16.911343+00:00
[2024-03-06T23:38:16.936+0000] {processor.py:175} INFO - Processing /opt/airflow/dags/dag.py took 0.090 seconds
[2024-03-06T23:38:47.282+0000] {processor.py:153} INFO - Started process (PID=4413) to work on /opt/airflow/dags/dag.py
[2024-03-06T23:38:47.283+0000] {processor.py:743} INFO - Processing file /opt/airflow/dags/dag.py for tasks to queue
[2024-03-06T23:38:47.283+0000] {logging_mixin.py:137} INFO - [2024-03-06T23:38:47.283+0000] {dagbag.py:538} INFO - Filling up the DagBag from /opt/airflow/dags/dag.py
[2024-03-06T23:38:47.304+0000] {processor.py:753} INFO - DAG(s) dict_keys(['tutorial']) retrieved from /opt/airflow/dags/dag.py
[2024-03-06T23:38:47.322+0000] {logging_mixin.py:137} INFO - [2024-03-06T23:38:47.322+0000] {dag.py:2690} INFO - Sync 1 DAGs
[2024-03-06T23:38:47.338+0000] {logging_mixin.py:137} INFO - [2024-03-06T23:38:47.338+0000] {dag.py:3441} INFO - Setting next_dagrun for tutorial to 2024-03-05T23:38:47.338690+00:00, run_after=2024-03-06T23:38:47.338690+00:00
[2024-03-06T23:38:47.355+0000] {processor.py:175} INFO - Processing /opt/airflow/dags/dag.py took 0.076 seconds
[2024-03-06T23:39:17.863+0000] {processor.py:153} INFO - Started process (PID=4470) to work on /opt/airflow/dags/dag.py
[2024-03-06T23:39:17.865+0000] {processor.py:743} INFO - Processing file /opt/airflow/dags/dag.py for tasks to queue
[2024-03-06T23:39:17.866+0000] {logging_mixin.py:137} INFO - [2024-03-06T23:39:17.866+0000] {dagbag.py:538} INFO - Filling up the DagBag from /opt/airflow/dags/dag.py
[2024-03-06T23:39:17.911+0000] {processor.py:753} INFO - DAG(s) dict_keys(['tutorial']) retrieved from /opt/airflow/dags/dag.py
[2024-03-06T23:39:17.929+0000] {logging_mixin.py:137} INFO - [2024-03-06T23:39:17.929+0000] {dag.py:2690} INFO - Sync 1 DAGs
[2024-03-06T23:39:17.947+0000] {logging_mixin.py:137} INFO - [2024-03-06T23:39:17.947+0000] {dag.py:3441} INFO - Setting next_dagrun for tutorial to 2024-03-05T23:39:17.946878+00:00, run_after=2024-03-06T23:39:17.946878+00:00
[2024-03-06T23:39:17.966+0000] {processor.py:175} INFO - Processing /opt/airflow/dags/dag.py took 0.105 seconds
[2024-03-06T23:39:48.165+0000] {processor.py:153} INFO - Started process (PID=4555) to work on /opt/airflow/dags/dag.py
[2024-03-06T23:39:48.166+0000] {processor.py:743} INFO - Processing file /opt/airflow/dags/dag.py for tasks to queue
[2024-03-06T23:39:48.167+0000] {logging_mixin.py:137} INFO - [2024-03-06T23:39:48.167+0000] {dagbag.py:538} INFO - Filling up the DagBag from /opt/airflow/dags/dag.py
[2024-03-06T23:39:48.185+0000] {processor.py:753} INFO - DAG(s) dict_keys(['tutorial']) retrieved from /opt/airflow/dags/dag.py
[2024-03-06T23:39:48.202+0000] {logging_mixin.py:137} INFO - [2024-03-06T23:39:48.202+0000] {dag.py:2690} INFO - Sync 1 DAGs
[2024-03-06T23:39:48.218+0000] {logging_mixin.py:137} INFO - [2024-03-06T23:39:48.218+0000] {dag.py:3441} INFO - Setting next_dagrun for tutorial to 2024-03-05T23:39:48.218544+00:00, run_after=2024-03-06T23:39:48.218544+00:00
[2024-03-06T23:39:48.237+0000] {processor.py:175} INFO - Processing /opt/airflow/dags/dag.py took 0.077 seconds
[2024-03-06T23:40:18.477+0000] {processor.py:153} INFO - Started process (PID=4640) to work on /opt/airflow/dags/dag.py
[2024-03-06T23:40:18.478+0000] {processor.py:743} INFO - Processing file /opt/airflow/dags/dag.py for tasks to queue
[2024-03-06T23:40:18.479+0000] {logging_mixin.py:137} INFO - [2024-03-06T23:40:18.479+0000] {dagbag.py:538} INFO - Filling up the DagBag from /opt/airflow/dags/dag.py
[2024-03-06T23:40:18.498+0000] {processor.py:753} INFO - DAG(s) dict_keys(['tutorial']) retrieved from /opt/airflow/dags/dag.py
[2024-03-06T23:40:18.518+0000] {logging_mixin.py:137} INFO - [2024-03-06T23:40:18.518+0000] {dag.py:2690} INFO - Sync 1 DAGs
[2024-03-06T23:40:18.537+0000] {logging_mixin.py:137} INFO - [2024-03-06T23:40:18.537+0000] {dag.py:3441} INFO - Setting next_dagrun for tutorial to 2024-03-05T23:40:18.537080+00:00, run_after=2024-03-06T23:40:18.537080+00:00
[2024-03-06T23:40:18.557+0000] {processor.py:175} INFO - Processing /opt/airflow/dags/dag.py took 0.083 seconds
[2024-03-06T23:40:48.880+0000] {processor.py:153} INFO - Started process (PID=4698) to work on /opt/airflow/dags/dag.py
[2024-03-06T23:40:48.881+0000] {processor.py:743} INFO - Processing file /opt/airflow/dags/dag.py for tasks to queue
[2024-03-06T23:40:48.882+0000] {logging_mixin.py:137} INFO - [2024-03-06T23:40:48.882+0000] {dagbag.py:538} INFO - Filling up the DagBag from /opt/airflow/dags/dag.py
[2024-03-06T23:40:48.901+0000] {processor.py:753} INFO - DAG(s) dict_keys(['tutorial']) retrieved from /opt/airflow/dags/dag.py
[2024-03-06T23:40:48.919+0000] {logging_mixin.py:137} INFO - [2024-03-06T23:40:48.919+0000] {dag.py:2690} INFO - Sync 1 DAGs
[2024-03-06T23:40:48.941+0000] {logging_mixin.py:137} INFO - [2024-03-06T23:40:48.941+0000] {dag.py:3441} INFO - Setting next_dagrun for tutorial to 2024-03-05T23:40:48.941193+00:00, run_after=2024-03-06T23:40:48.941193+00:00
[2024-03-06T23:40:48.961+0000] {processor.py:175} INFO - Processing /opt/airflow/dags/dag.py took 0.083 seconds
[2024-03-06T23:41:19.465+0000] {processor.py:153} INFO - Started process (PID=4783) to work on /opt/airflow/dags/dag.py
[2024-03-06T23:41:19.466+0000] {processor.py:743} INFO - Processing file /opt/airflow/dags/dag.py for tasks to queue
[2024-03-06T23:41:19.467+0000] {logging_mixin.py:137} INFO - [2024-03-06T23:41:19.467+0000] {dagbag.py:538} INFO - Filling up the DagBag from /opt/airflow/dags/dag.py
[2024-03-06T23:41:19.484+0000] {processor.py:753} INFO - DAG(s) dict_keys(['tutorial']) retrieved from /opt/airflow/dags/dag.py
[2024-03-06T23:41:19.503+0000] {logging_mixin.py:137} INFO - [2024-03-06T23:41:19.503+0000] {dag.py:2690} INFO - Sync 1 DAGs
[2024-03-06T23:41:19.521+0000] {logging_mixin.py:137} INFO - [2024-03-06T23:41:19.520+0000] {dag.py:3441} INFO - Setting next_dagrun for tutorial to 2024-03-05T23:41:19.520781+00:00, run_after=2024-03-06T23:41:19.520781+00:00
[2024-03-06T23:41:19.537+0000] {processor.py:175} INFO - Processing /opt/airflow/dags/dag.py took 0.075 seconds
[2024-03-06T23:41:49.842+0000] {processor.py:153} INFO - Started process (PID=4847) to work on /opt/airflow/dags/dag.py
[2024-03-06T23:41:49.843+0000] {processor.py:743} INFO - Processing file /opt/airflow/dags/dag.py for tasks to queue
[2024-03-06T23:41:49.843+0000] {logging_mixin.py:137} INFO - [2024-03-06T23:41:49.843+0000] {dagbag.py:538} INFO - Filling up the DagBag from /opt/airflow/dags/dag.py
[2024-03-06T23:41:49.859+0000] {processor.py:753} INFO - DAG(s) dict_keys(['tutorial']) retrieved from /opt/airflow/dags/dag.py
[2024-03-06T23:41:49.876+0000] {logging_mixin.py:137} INFO - [2024-03-06T23:41:49.876+0000] {dag.py:2690} INFO - Sync 1 DAGs
[2024-03-06T23:41:49.893+0000] {logging_mixin.py:137} INFO - [2024-03-06T23:41:49.893+0000] {dag.py:3441} INFO - Setting next_dagrun for tutorial to 2024-03-05T23:41:49.893436+00:00, run_after=2024-03-06T23:41:49.893436+00:00
[2024-03-06T23:41:49.910+0000] {processor.py:175} INFO - Processing /opt/airflow/dags/dag.py took 0.070 seconds
[2024-03-06T23:42:20.193+0000] {processor.py:153} INFO - Started process (PID=4925) to work on /opt/airflow/dags/dag.py
[2024-03-06T23:42:20.194+0000] {processor.py:743} INFO - Processing file /opt/airflow/dags/dag.py for tasks to queue
[2024-03-06T23:42:20.195+0000] {logging_mixin.py:137} INFO - [2024-03-06T23:42:20.195+0000] {dagbag.py:538} INFO - Filling up the DagBag from /opt/airflow/dags/dag.py
[2024-03-06T23:42:20.210+0000] {processor.py:753} INFO - DAG(s) dict_keys(['tutorial']) retrieved from /opt/airflow/dags/dag.py
[2024-03-06T23:42:20.227+0000] {logging_mixin.py:137} INFO - [2024-03-06T23:42:20.227+0000] {dag.py:2690} INFO - Sync 1 DAGs
[2024-03-06T23:42:20.242+0000] {logging_mixin.py:137} INFO - [2024-03-06T23:42:20.242+0000] {dag.py:3441} INFO - Setting next_dagrun for tutorial to 2024-03-05T23:42:20.242699+00:00, run_after=2024-03-06T23:42:20.242699+00:00
[2024-03-06T23:42:20.258+0000] {processor.py:175} INFO - Processing /opt/airflow/dags/dag.py took 0.067 seconds
[2024-03-06T23:42:50.587+0000] {processor.py:153} INFO - Started process (PID=5010) to work on /opt/airflow/dags/dag.py
[2024-03-06T23:42:50.588+0000] {processor.py:743} INFO - Processing file /opt/airflow/dags/dag.py for tasks to queue
[2024-03-06T23:42:50.589+0000] {logging_mixin.py:137} INFO - [2024-03-06T23:42:50.589+0000] {dagbag.py:538} INFO - Filling up the DagBag from /opt/airflow/dags/dag.py
[2024-03-06T23:42:50.615+0000] {processor.py:753} INFO - DAG(s) dict_keys(['tutorial']) retrieved from /opt/airflow/dags/dag.py
[2024-03-06T23:42:50.631+0000] {logging_mixin.py:137} INFO - [2024-03-06T23:42:50.631+0000] {dag.py:2690} INFO - Sync 1 DAGs
[2024-03-06T23:42:50.647+0000] {logging_mixin.py:137} INFO - [2024-03-06T23:42:50.647+0000] {dag.py:3441} INFO - Setting next_dagrun for tutorial to 2024-03-05T23:42:50.647255+00:00, run_after=2024-03-06T23:42:50.647255+00:00
[2024-03-06T23:42:50.662+0000] {processor.py:175} INFO - Processing /opt/airflow/dags/dag.py took 0.077 seconds
