[2024-03-03T13:34:45.264+0000] {processor.py:153} INFO - Started process (PID=49) to work on /opt/airflow/dags/dag.py
[2024-03-03T13:34:45.264+0000] {processor.py:743} INFO - Processing file /opt/airflow/dags/dag.py for tasks to queue
[2024-03-03T13:34:45.265+0000] {logging_mixin.py:137} INFO - [2024-03-03T13:34:45.265+0000] {dagbag.py:538} INFO - Filling up the DagBag from /opt/airflow/dags/dag.py
[2024-03-03T13:34:45.307+0000] {processor.py:753} INFO - DAG(s) dict_keys(['tutorial']) retrieved from /opt/airflow/dags/dag.py
[2024-03-03T13:34:45.365+0000] {logging_mixin.py:137} INFO - [2024-03-03T13:34:45.365+0000] {dag.py:2690} INFO - Sync 1 DAGs
[2024-03-03T13:34:45.385+0000] {logging_mixin.py:137} INFO - [2024-03-03T13:34:45.385+0000] {dag.py:3441} INFO - Setting next_dagrun for tutorial to 2024-03-02T13:34:45.385589+00:00, run_after=2024-03-03T13:34:45.385589+00:00
[2024-03-03T13:34:45.413+0000] {processor.py:175} INFO - Processing /opt/airflow/dags/dag.py took 0.153 seconds
[2024-03-03T13:35:15.525+0000] {processor.py:153} INFO - Started process (PID=174) to work on /opt/airflow/dags/dag.py
[2024-03-03T13:35:15.528+0000] {processor.py:743} INFO - Processing file /opt/airflow/dags/dag.py for tasks to queue
[2024-03-03T13:35:15.529+0000] {logging_mixin.py:137} INFO - [2024-03-03T13:35:15.529+0000] {dagbag.py:538} INFO - Filling up the DagBag from /opt/airflow/dags/dag.py
[2024-03-03T13:35:15.573+0000] {processor.py:753} INFO - DAG(s) dict_keys(['tutorial']) retrieved from /opt/airflow/dags/dag.py
[2024-03-03T13:35:15.595+0000] {logging_mixin.py:137} INFO - [2024-03-03T13:35:15.595+0000] {dag.py:2690} INFO - Sync 1 DAGs
[2024-03-03T13:35:15.618+0000] {logging_mixin.py:137} INFO - [2024-03-03T13:35:15.618+0000] {dag.py:3441} INFO - Setting next_dagrun for tutorial to 2024-03-02T13:35:15.618221+00:00, run_after=2024-03-03T13:35:15.618221+00:00
[2024-03-03T13:35:15.639+0000] {processor.py:175} INFO - Processing /opt/airflow/dags/dag.py took 0.116 seconds
[2024-03-03T13:35:46.083+0000] {processor.py:153} INFO - Started process (PID=269) to work on /opt/airflow/dags/dag.py
[2024-03-03T13:35:46.147+0000] {processor.py:743} INFO - Processing file /opt/airflow/dags/dag.py for tasks to queue
[2024-03-03T13:35:46.149+0000] {logging_mixin.py:137} INFO - [2024-03-03T13:35:46.149+0000] {dagbag.py:538} INFO - Filling up the DagBag from /opt/airflow/dags/dag.py
[2024-03-03T13:35:46.196+0000] {processor.py:753} INFO - DAG(s) dict_keys(['tutorial']) retrieved from /opt/airflow/dags/dag.py
[2024-03-03T13:35:46.208+0000] {logging_mixin.py:137} INFO - [2024-03-03T13:35:46.208+0000] {dag.py:2690} INFO - Sync 1 DAGs
[2024-03-03T13:35:46.226+0000] {logging_mixin.py:137} INFO - [2024-03-03T13:35:46.226+0000] {dag.py:3441} INFO - Setting next_dagrun for tutorial to 2024-03-02T13:35:46.226336+00:00, run_after=2024-03-03T13:35:46.226336+00:00
[2024-03-03T13:35:46.247+0000] {processor.py:175} INFO - Processing /opt/airflow/dags/dag.py took 0.166 seconds
[2024-03-03T13:36:26.556+0000] {processor.py:153} INFO - Started process (PID=48) to work on /opt/airflow/dags/dag.py
[2024-03-03T13:36:26.557+0000] {processor.py:743} INFO - Processing file /opt/airflow/dags/dag.py for tasks to queue
[2024-03-03T13:36:26.558+0000] {logging_mixin.py:137} INFO - [2024-03-03T13:36:26.558+0000] {dagbag.py:538} INFO - Filling up the DagBag from /opt/airflow/dags/dag.py
[2024-03-03T13:36:26.591+0000] {processor.py:753} INFO - DAG(s) dict_keys(['tutorial']) retrieved from /opt/airflow/dags/dag.py
[2024-03-03T13:36:26.609+0000] {logging_mixin.py:137} INFO - [2024-03-03T13:36:26.609+0000] {dag.py:2690} INFO - Sync 1 DAGs
[2024-03-03T13:36:26.629+0000] {logging_mixin.py:137} INFO - [2024-03-03T13:36:26.629+0000] {dag.py:3441} INFO - Setting next_dagrun for tutorial to 2024-03-02T13:36:26.628825+00:00, run_after=2024-03-03T13:36:26.628825+00:00
[2024-03-03T13:36:26.646+0000] {processor.py:175} INFO - Processing /opt/airflow/dags/dag.py took 0.094 seconds
[2024-03-03T13:36:57.239+0000] {processor.py:153} INFO - Started process (PID=172) to work on /opt/airflow/dags/dag.py
[2024-03-03T13:36:57.240+0000] {processor.py:743} INFO - Processing file /opt/airflow/dags/dag.py for tasks to queue
[2024-03-03T13:36:57.241+0000] {logging_mixin.py:137} INFO - [2024-03-03T13:36:57.240+0000] {dagbag.py:538} INFO - Filling up the DagBag from /opt/airflow/dags/dag.py
[2024-03-03T13:36:57.281+0000] {processor.py:753} INFO - DAG(s) dict_keys(['tutorial']) retrieved from /opt/airflow/dags/dag.py
[2024-03-03T13:36:57.330+0000] {logging_mixin.py:137} INFO - [2024-03-03T13:36:57.330+0000] {dag.py:2690} INFO - Sync 1 DAGs
[2024-03-03T13:36:57.347+0000] {logging_mixin.py:137} INFO - [2024-03-03T13:36:57.347+0000] {dag.py:3441} INFO - Setting next_dagrun for tutorial to 2024-03-02T13:36:57.347118+00:00, run_after=2024-03-03T13:36:57.347118+00:00
[2024-03-03T13:36:57.389+0000] {processor.py:175} INFO - Processing /opt/airflow/dags/dag.py took 0.153 seconds
[2024-03-03T13:37:27.796+0000] {processor.py:153} INFO - Started process (PID=268) to work on /opt/airflow/dags/dag.py
[2024-03-03T13:37:27.797+0000] {processor.py:743} INFO - Processing file /opt/airflow/dags/dag.py for tasks to queue
[2024-03-03T13:37:27.798+0000] {logging_mixin.py:137} INFO - [2024-03-03T13:37:27.798+0000] {dagbag.py:538} INFO - Filling up the DagBag from /opt/airflow/dags/dag.py
[2024-03-03T13:37:27.832+0000] {processor.py:753} INFO - DAG(s) dict_keys(['tutorial']) retrieved from /opt/airflow/dags/dag.py
[2024-03-03T13:37:27.852+0000] {logging_mixin.py:137} INFO - [2024-03-03T13:37:27.852+0000] {dag.py:2690} INFO - Sync 1 DAGs
[2024-03-03T13:37:27.869+0000] {logging_mixin.py:137} INFO - [2024-03-03T13:37:27.869+0000] {dag.py:3441} INFO - Setting next_dagrun for tutorial to 2024-03-02T13:37:27.869278+00:00, run_after=2024-03-03T13:37:27.869278+00:00
[2024-03-03T13:37:27.886+0000] {processor.py:175} INFO - Processing /opt/airflow/dags/dag.py took 0.092 seconds
[2024-03-03T13:37:58.584+0000] {processor.py:153} INFO - Started process (PID=392) to work on /opt/airflow/dags/dag.py
[2024-03-03T13:37:58.586+0000] {processor.py:743} INFO - Processing file /opt/airflow/dags/dag.py for tasks to queue
[2024-03-03T13:37:58.587+0000] {logging_mixin.py:137} INFO - [2024-03-03T13:37:58.586+0000] {dagbag.py:538} INFO - Filling up the DagBag from /opt/airflow/dags/dag.py
[2024-03-03T13:37:58.608+0000] {processor.py:753} INFO - DAG(s) dict_keys(['tutorial']) retrieved from /opt/airflow/dags/dag.py
[2024-03-03T13:37:58.619+0000] {logging_mixin.py:137} INFO - [2024-03-03T13:37:58.618+0000] {dag.py:2690} INFO - Sync 1 DAGs
[2024-03-03T13:37:58.642+0000] {logging_mixin.py:137} INFO - [2024-03-03T13:37:58.642+0000] {dag.py:3441} INFO - Setting next_dagrun for tutorial to 2024-03-02T13:37:58.642088+00:00, run_after=2024-03-03T13:37:58.642088+00:00
[2024-03-03T13:37:58.735+0000] {processor.py:175} INFO - Processing /opt/airflow/dags/dag.py took 0.153 seconds
[2024-03-03T13:39:03.980+0000] {processor.py:153} INFO - Started process (PID=49) to work on /opt/airflow/dags/dag.py
[2024-03-03T13:39:03.981+0000] {processor.py:743} INFO - Processing file /opt/airflow/dags/dag.py for tasks to queue
[2024-03-03T13:39:03.983+0000] {logging_mixin.py:137} INFO - [2024-03-03T13:39:03.982+0000] {dagbag.py:538} INFO - Filling up the DagBag from /opt/airflow/dags/dag.py
[2024-03-03T13:39:04.025+0000] {processor.py:753} INFO - DAG(s) dict_keys(['tutorial']) retrieved from /opt/airflow/dags/dag.py
[2024-03-03T13:39:04.088+0000] {logging_mixin.py:137} INFO - [2024-03-03T13:39:04.088+0000] {dag.py:2690} INFO - Sync 1 DAGs
[2024-03-03T13:39:04.107+0000] {logging_mixin.py:137} INFO - [2024-03-03T13:39:04.107+0000] {dag.py:3441} INFO - Setting next_dagrun for tutorial to 2024-03-02T13:39:04.106959+00:00, run_after=2024-03-03T13:39:04.106959+00:00
[2024-03-03T13:39:04.194+0000] {processor.py:175} INFO - Processing /opt/airflow/dags/dag.py took 0.216 seconds
[2024-03-03T13:39:34.345+0000] {processor.py:153} INFO - Started process (PID=134) to work on /opt/airflow/dags/dag.py
[2024-03-03T13:39:34.346+0000] {processor.py:743} INFO - Processing file /opt/airflow/dags/dag.py for tasks to queue
[2024-03-03T13:39:34.347+0000] {logging_mixin.py:137} INFO - [2024-03-03T13:39:34.347+0000] {dagbag.py:538} INFO - Filling up the DagBag from /opt/airflow/dags/dag.py
[2024-03-03T13:39:34.379+0000] {processor.py:753} INFO - DAG(s) dict_keys(['tutorial']) retrieved from /opt/airflow/dags/dag.py
[2024-03-03T13:39:34.421+0000] {logging_mixin.py:137} INFO - [2024-03-03T13:39:34.421+0000] {dag.py:2690} INFO - Sync 1 DAGs
[2024-03-03T13:39:34.436+0000] {logging_mixin.py:137} INFO - [2024-03-03T13:39:34.436+0000] {dag.py:3441} INFO - Setting next_dagrun for tutorial to 2024-03-02T13:39:34.436394+00:00, run_after=2024-03-03T13:39:34.436394+00:00
[2024-03-03T13:39:34.452+0000] {processor.py:175} INFO - Processing /opt/airflow/dags/dag.py took 0.110 seconds
[2024-03-03T13:40:04.798+0000] {processor.py:153} INFO - Started process (PID=200) to work on /opt/airflow/dags/dag.py
[2024-03-03T13:40:04.799+0000] {processor.py:743} INFO - Processing file /opt/airflow/dags/dag.py for tasks to queue
[2024-03-03T13:40:04.800+0000] {logging_mixin.py:137} INFO - [2024-03-03T13:40:04.800+0000] {dagbag.py:538} INFO - Filling up the DagBag from /opt/airflow/dags/dag.py
[2024-03-03T13:40:04.832+0000] {processor.py:753} INFO - DAG(s) dict_keys(['tutorial']) retrieved from /opt/airflow/dags/dag.py
[2024-03-03T13:40:04.850+0000] {logging_mixin.py:137} INFO - [2024-03-03T13:40:04.850+0000] {dag.py:2690} INFO - Sync 1 DAGs
[2024-03-03T13:40:04.867+0000] {logging_mixin.py:137} INFO - [2024-03-03T13:40:04.867+0000] {dag.py:3441} INFO - Setting next_dagrun for tutorial to 2024-03-02T13:40:04.867535+00:00, run_after=2024-03-03T13:40:04.867535+00:00
[2024-03-03T13:40:04.886+0000] {processor.py:175} INFO - Processing /opt/airflow/dags/dag.py took 0.090 seconds
[2024-03-03T13:40:35.044+0000] {processor.py:153} INFO - Started process (PID=276) to work on /opt/airflow/dags/dag.py
[2024-03-03T13:40:35.045+0000] {processor.py:743} INFO - Processing file /opt/airflow/dags/dag.py for tasks to queue
[2024-03-03T13:40:35.047+0000] {logging_mixin.py:137} INFO - [2024-03-03T13:40:35.047+0000] {dagbag.py:538} INFO - Filling up the DagBag from /opt/airflow/dags/dag.py
[2024-03-03T13:40:35.076+0000] {processor.py:753} INFO - DAG(s) dict_keys(['tutorial']) retrieved from /opt/airflow/dags/dag.py
[2024-03-03T13:40:35.099+0000] {logging_mixin.py:137} INFO - [2024-03-03T13:40:35.099+0000] {dag.py:2690} INFO - Sync 1 DAGs
[2024-03-03T13:40:35.122+0000] {logging_mixin.py:137} INFO - [2024-03-03T13:40:35.122+0000] {dag.py:3441} INFO - Setting next_dagrun for tutorial to 2024-03-02T13:40:35.122036+00:00, run_after=2024-03-03T13:40:35.122036+00:00
[2024-03-03T13:40:35.140+0000] {processor.py:175} INFO - Processing /opt/airflow/dags/dag.py took 0.098 seconds
[2024-03-03T13:41:05.382+0000] {processor.py:153} INFO - Started process (PID=342) to work on /opt/airflow/dags/dag.py
[2024-03-03T13:41:05.383+0000] {processor.py:743} INFO - Processing file /opt/airflow/dags/dag.py for tasks to queue
[2024-03-03T13:41:05.384+0000] {logging_mixin.py:137} INFO - [2024-03-03T13:41:05.384+0000] {dagbag.py:538} INFO - Filling up the DagBag from /opt/airflow/dags/dag.py
[2024-03-03T13:41:05.421+0000] {processor.py:753} INFO - DAG(s) dict_keys(['tutorial']) retrieved from /opt/airflow/dags/dag.py
[2024-03-03T13:41:05.478+0000] {logging_mixin.py:137} INFO - [2024-03-03T13:41:05.478+0000] {dag.py:2690} INFO - Sync 1 DAGs
[2024-03-03T13:41:05.571+0000] {logging_mixin.py:137} INFO - [2024-03-03T13:41:05.570+0000] {dag.py:3441} INFO - Setting next_dagrun for tutorial to 2024-03-02T13:41:05.570335+00:00, run_after=2024-03-03T13:41:05.570335+00:00
[2024-03-03T13:41:05.662+0000] {processor.py:175} INFO - Processing /opt/airflow/dags/dag.py took 0.283 seconds
[2024-03-03T13:41:35.892+0000] {processor.py:153} INFO - Started process (PID=419) to work on /opt/airflow/dags/dag.py
[2024-03-03T13:41:35.893+0000] {processor.py:743} INFO - Processing file /opt/airflow/dags/dag.py for tasks to queue
[2024-03-03T13:41:35.894+0000] {logging_mixin.py:137} INFO - [2024-03-03T13:41:35.894+0000] {dagbag.py:538} INFO - Filling up the DagBag from /opt/airflow/dags/dag.py
[2024-03-03T13:41:35.928+0000] {processor.py:753} INFO - DAG(s) dict_keys(['tutorial']) retrieved from /opt/airflow/dags/dag.py
[2024-03-03T13:41:35.949+0000] {logging_mixin.py:137} INFO - [2024-03-03T13:41:35.949+0000] {dag.py:2690} INFO - Sync 1 DAGs
[2024-03-03T13:41:35.967+0000] {logging_mixin.py:137} INFO - [2024-03-03T13:41:35.967+0000] {dag.py:3441} INFO - Setting next_dagrun for tutorial to 2024-03-02T13:41:35.967347+00:00, run_after=2024-03-03T13:41:35.967347+00:00
[2024-03-03T13:41:35.987+0000] {processor.py:175} INFO - Processing /opt/airflow/dags/dag.py took 0.097 seconds
[2024-03-03T13:42:06.104+0000] {processor.py:153} INFO - Started process (PID=504) to work on /opt/airflow/dags/dag.py
[2024-03-03T13:42:06.106+0000] {processor.py:743} INFO - Processing file /opt/airflow/dags/dag.py for tasks to queue
[2024-03-03T13:42:06.107+0000] {logging_mixin.py:137} INFO - [2024-03-03T13:42:06.106+0000] {dagbag.py:538} INFO - Filling up the DagBag from /opt/airflow/dags/dag.py
[2024-03-03T13:42:06.140+0000] {processor.py:753} INFO - DAG(s) dict_keys(['tutorial']) retrieved from /opt/airflow/dags/dag.py
[2024-03-03T13:42:06.168+0000] {logging_mixin.py:137} INFO - [2024-03-03T13:42:06.168+0000] {dag.py:2690} INFO - Sync 1 DAGs
[2024-03-03T13:42:06.196+0000] {logging_mixin.py:137} INFO - [2024-03-03T13:42:06.196+0000] {dag.py:3441} INFO - Setting next_dagrun for tutorial to 2024-03-02T13:42:06.195897+00:00, run_after=2024-03-03T13:42:06.195897+00:00
[2024-03-03T13:42:06.216+0000] {processor.py:175} INFO - Processing /opt/airflow/dags/dag.py took 0.115 seconds
[2024-03-03T13:42:36.344+0000] {processor.py:153} INFO - Started process (PID=562) to work on /opt/airflow/dags/dag.py
[2024-03-03T13:42:36.345+0000] {processor.py:743} INFO - Processing file /opt/airflow/dags/dag.py for tasks to queue
[2024-03-03T13:42:36.346+0000] {logging_mixin.py:137} INFO - [2024-03-03T13:42:36.346+0000] {dagbag.py:538} INFO - Filling up the DagBag from /opt/airflow/dags/dag.py
[2024-03-03T13:42:36.402+0000] {processor.py:753} INFO - DAG(s) dict_keys(['tutorial']) retrieved from /opt/airflow/dags/dag.py
[2024-03-03T13:42:36.424+0000] {logging_mixin.py:137} INFO - [2024-03-03T13:42:36.424+0000] {dag.py:2690} INFO - Sync 1 DAGs
[2024-03-03T13:42:36.442+0000] {logging_mixin.py:137} INFO - [2024-03-03T13:42:36.441+0000] {dag.py:3441} INFO - Setting next_dagrun for tutorial to 2024-03-02T13:42:36.441730+00:00, run_after=2024-03-03T13:42:36.441730+00:00
[2024-03-03T13:42:36.537+0000] {processor.py:175} INFO - Processing /opt/airflow/dags/dag.py took 0.197 seconds
[2024-03-03T13:43:06.695+0000] {processor.py:153} INFO - Started process (PID=646) to work on /opt/airflow/dags/dag.py
[2024-03-03T13:43:06.696+0000] {processor.py:743} INFO - Processing file /opt/airflow/dags/dag.py for tasks to queue
[2024-03-03T13:43:06.697+0000] {logging_mixin.py:137} INFO - [2024-03-03T13:43:06.697+0000] {dagbag.py:538} INFO - Filling up the DagBag from /opt/airflow/dags/dag.py
[2024-03-03T13:43:06.739+0000] {processor.py:753} INFO - DAG(s) dict_keys(['tutorial']) retrieved from /opt/airflow/dags/dag.py
[2024-03-03T13:43:06.759+0000] {logging_mixin.py:137} INFO - [2024-03-03T13:43:06.759+0000] {dag.py:2690} INFO - Sync 1 DAGs
[2024-03-03T13:43:06.777+0000] {logging_mixin.py:137} INFO - [2024-03-03T13:43:06.777+0000] {dag.py:3441} INFO - Setting next_dagrun for tutorial to 2024-03-02T13:43:06.776979+00:00, run_after=2024-03-03T13:43:06.776979+00:00
[2024-03-03T13:43:06.868+0000] {processor.py:175} INFO - Processing /opt/airflow/dags/dag.py took 0.176 seconds
[2024-03-03T13:43:37.159+0000] {processor.py:153} INFO - Started process (PID=703) to work on /opt/airflow/dags/dag.py
[2024-03-03T13:43:37.160+0000] {processor.py:743} INFO - Processing file /opt/airflow/dags/dag.py for tasks to queue
[2024-03-03T13:43:37.161+0000] {logging_mixin.py:137} INFO - [2024-03-03T13:43:37.161+0000] {dagbag.py:538} INFO - Filling up the DagBag from /opt/airflow/dags/dag.py
[2024-03-03T13:43:37.194+0000] {processor.py:753} INFO - DAG(s) dict_keys(['tutorial']) retrieved from /opt/airflow/dags/dag.py
[2024-03-03T13:43:37.215+0000] {logging_mixin.py:137} INFO - [2024-03-03T13:43:37.215+0000] {dag.py:2690} INFO - Sync 1 DAGs
[2024-03-03T13:43:37.234+0000] {logging_mixin.py:137} INFO - [2024-03-03T13:43:37.234+0000] {dag.py:3441} INFO - Setting next_dagrun for tutorial to 2024-03-02T13:43:37.233935+00:00, run_after=2024-03-03T13:43:37.233935+00:00
[2024-03-03T13:43:37.331+0000] {processor.py:175} INFO - Processing /opt/airflow/dags/dag.py took 0.175 seconds
[2024-03-03T13:44:07.561+0000] {processor.py:153} INFO - Started process (PID=789) to work on /opt/airflow/dags/dag.py
[2024-03-03T13:44:07.562+0000] {processor.py:743} INFO - Processing file /opt/airflow/dags/dag.py for tasks to queue
[2024-03-03T13:44:07.563+0000] {logging_mixin.py:137} INFO - [2024-03-03T13:44:07.563+0000] {dagbag.py:538} INFO - Filling up the DagBag from /opt/airflow/dags/dag.py
[2024-03-03T13:44:07.591+0000] {processor.py:753} INFO - DAG(s) dict_keys(['tutorial']) retrieved from /opt/airflow/dags/dag.py
[2024-03-03T13:44:07.614+0000] {logging_mixin.py:137} INFO - [2024-03-03T13:44:07.613+0000] {dag.py:2690} INFO - Sync 1 DAGs
[2024-03-03T13:44:07.632+0000] {logging_mixin.py:137} INFO - [2024-03-03T13:44:07.632+0000] {dag.py:3441} INFO - Setting next_dagrun for tutorial to 2024-03-02T13:44:07.632484+00:00, run_after=2024-03-03T13:44:07.632484+00:00
[2024-03-03T13:44:07.651+0000] {processor.py:175} INFO - Processing /opt/airflow/dags/dag.py took 0.093 seconds
[2024-03-03T13:44:37.834+0000] {processor.py:153} INFO - Started process (PID=846) to work on /opt/airflow/dags/dag.py
[2024-03-03T13:44:37.836+0000] {processor.py:743} INFO - Processing file /opt/airflow/dags/dag.py for tasks to queue
[2024-03-03T13:44:37.837+0000] {logging_mixin.py:137} INFO - [2024-03-03T13:44:37.837+0000] {dagbag.py:538} INFO - Filling up the DagBag from /opt/airflow/dags/dag.py
[2024-03-03T13:44:37.879+0000] {processor.py:753} INFO - DAG(s) dict_keys(['tutorial']) retrieved from /opt/airflow/dags/dag.py
[2024-03-03T13:44:37.903+0000] {logging_mixin.py:137} INFO - [2024-03-03T13:44:37.900+0000] {dag.py:2690} INFO - Sync 1 DAGs
[2024-03-03T13:44:37.922+0000] {logging_mixin.py:137} INFO - [2024-03-03T13:44:37.922+0000] {dag.py:3441} INFO - Setting next_dagrun for tutorial to 2024-03-02T13:44:37.922433+00:00, run_after=2024-03-03T13:44:37.922433+00:00
[2024-03-03T13:44:37.943+0000] {processor.py:175} INFO - Processing /opt/airflow/dags/dag.py took 0.112 seconds
[2024-03-03T13:45:08.217+0000] {processor.py:153} INFO - Started process (PID=931) to work on /opt/airflow/dags/dag.py
[2024-03-03T13:45:08.218+0000] {processor.py:743} INFO - Processing file /opt/airflow/dags/dag.py for tasks to queue
[2024-03-03T13:45:08.219+0000] {logging_mixin.py:137} INFO - [2024-03-03T13:45:08.219+0000] {dagbag.py:538} INFO - Filling up the DagBag from /opt/airflow/dags/dag.py
[2024-03-03T13:45:08.256+0000] {processor.py:753} INFO - DAG(s) dict_keys(['tutorial']) retrieved from /opt/airflow/dags/dag.py
[2024-03-03T13:45:08.278+0000] {logging_mixin.py:137} INFO - [2024-03-03T13:45:08.278+0000] {dag.py:2690} INFO - Sync 1 DAGs
[2024-03-03T13:45:08.297+0000] {logging_mixin.py:137} INFO - [2024-03-03T13:45:08.297+0000] {dag.py:3441} INFO - Setting next_dagrun for tutorial to 2024-03-02T13:45:08.297128+00:00, run_after=2024-03-03T13:45:08.297128+00:00
[2024-03-03T13:45:08.314+0000] {processor.py:175} INFO - Processing /opt/airflow/dags/dag.py took 0.100 seconds
[2024-03-03T13:45:38.368+0000] {processor.py:153} INFO - Started process (PID=997) to work on /opt/airflow/dags/dag.py
[2024-03-03T13:45:38.369+0000] {processor.py:743} INFO - Processing file /opt/airflow/dags/dag.py for tasks to queue
[2024-03-03T13:45:38.370+0000] {logging_mixin.py:137} INFO - [2024-03-03T13:45:38.370+0000] {dagbag.py:538} INFO - Filling up the DagBag from /opt/airflow/dags/dag.py
[2024-03-03T13:45:38.407+0000] {processor.py:753} INFO - DAG(s) dict_keys(['tutorial']) retrieved from /opt/airflow/dags/dag.py
[2024-03-03T13:45:38.428+0000] {logging_mixin.py:137} INFO - [2024-03-03T13:45:38.428+0000] {dag.py:2690} INFO - Sync 1 DAGs
[2024-03-03T13:45:38.448+0000] {logging_mixin.py:137} INFO - [2024-03-03T13:45:38.448+0000] {dag.py:3441} INFO - Setting next_dagrun for tutorial to 2024-03-02T13:45:38.448508+00:00, run_after=2024-03-03T13:45:38.448508+00:00
[2024-03-03T13:45:38.468+0000] {processor.py:175} INFO - Processing /opt/airflow/dags/dag.py took 0.103 seconds
[2024-03-03T13:46:08.638+0000] {processor.py:153} INFO - Started process (PID=1073) to work on /opt/airflow/dags/dag.py
[2024-03-03T13:46:08.640+0000] {processor.py:743} INFO - Processing file /opt/airflow/dags/dag.py for tasks to queue
[2024-03-03T13:46:08.641+0000] {logging_mixin.py:137} INFO - [2024-03-03T13:46:08.641+0000] {dagbag.py:538} INFO - Filling up the DagBag from /opt/airflow/dags/dag.py
[2024-03-03T13:46:08.693+0000] {processor.py:753} INFO - DAG(s) dict_keys(['tutorial']) retrieved from /opt/airflow/dags/dag.py
[2024-03-03T13:46:08.712+0000] {logging_mixin.py:137} INFO - [2024-03-03T13:46:08.712+0000] {dag.py:2690} INFO - Sync 1 DAGs
[2024-03-03T13:46:08.730+0000] {logging_mixin.py:137} INFO - [2024-03-03T13:46:08.730+0000] {dag.py:3441} INFO - Setting next_dagrun for tutorial to 2024-03-02T13:46:08.730171+00:00, run_after=2024-03-03T13:46:08.730171+00:00
[2024-03-03T13:46:08.807+0000] {processor.py:175} INFO - Processing /opt/airflow/dags/dag.py took 0.173 seconds
[2024-03-03T13:46:39.089+0000] {processor.py:153} INFO - Started process (PID=1158) to work on /opt/airflow/dags/dag.py
[2024-03-03T13:46:39.090+0000] {processor.py:743} INFO - Processing file /opt/airflow/dags/dag.py for tasks to queue
[2024-03-03T13:46:39.091+0000] {logging_mixin.py:137} INFO - [2024-03-03T13:46:39.091+0000] {dagbag.py:538} INFO - Filling up the DagBag from /opt/airflow/dags/dag.py
[2024-03-03T13:46:39.129+0000] {processor.py:753} INFO - DAG(s) dict_keys(['tutorial']) retrieved from /opt/airflow/dags/dag.py
[2024-03-03T13:46:39.153+0000] {logging_mixin.py:137} INFO - [2024-03-03T13:46:39.153+0000] {dag.py:2690} INFO - Sync 1 DAGs
[2024-03-03T13:46:39.175+0000] {logging_mixin.py:137} INFO - [2024-03-03T13:46:39.175+0000] {dag.py:3441} INFO - Setting next_dagrun for tutorial to 2024-03-02T13:46:39.175177+00:00, run_after=2024-03-03T13:46:39.175177+00:00
[2024-03-03T13:46:39.265+0000] {processor.py:175} INFO - Processing /opt/airflow/dags/dag.py took 0.180 seconds
[2024-03-03T13:47:09.364+0000] {processor.py:153} INFO - Started process (PID=1214) to work on /opt/airflow/dags/dag.py
[2024-03-03T13:47:09.365+0000] {processor.py:743} INFO - Processing file /opt/airflow/dags/dag.py for tasks to queue
[2024-03-03T13:47:09.366+0000] {logging_mixin.py:137} INFO - [2024-03-03T13:47:09.366+0000] {dagbag.py:538} INFO - Filling up the DagBag from /opt/airflow/dags/dag.py
[2024-03-03T13:47:09.407+0000] {processor.py:753} INFO - DAG(s) dict_keys(['tutorial']) retrieved from /opt/airflow/dags/dag.py
[2024-03-03T13:47:09.426+0000] {logging_mixin.py:137} INFO - [2024-03-03T13:47:09.425+0000] {dag.py:2690} INFO - Sync 1 DAGs
[2024-03-03T13:47:09.443+0000] {logging_mixin.py:137} INFO - [2024-03-03T13:47:09.443+0000] {dag.py:3441} INFO - Setting next_dagrun for tutorial to 2024-03-02T13:47:09.443422+00:00, run_after=2024-03-03T13:47:09.443422+00:00
[2024-03-03T13:47:09.461+0000] {processor.py:175} INFO - Processing /opt/airflow/dags/dag.py took 0.099 seconds
[2024-03-03T13:47:39.600+0000] {processor.py:153} INFO - Started process (PID=1299) to work on /opt/airflow/dags/dag.py
[2024-03-03T13:47:39.601+0000] {processor.py:743} INFO - Processing file /opt/airflow/dags/dag.py for tasks to queue
[2024-03-03T13:47:39.602+0000] {logging_mixin.py:137} INFO - [2024-03-03T13:47:39.602+0000] {dagbag.py:538} INFO - Filling up the DagBag from /opt/airflow/dags/dag.py
[2024-03-03T13:47:39.630+0000] {processor.py:753} INFO - DAG(s) dict_keys(['tutorial']) retrieved from /opt/airflow/dags/dag.py
[2024-03-03T13:47:39.650+0000] {logging_mixin.py:137} INFO - [2024-03-03T13:47:39.650+0000] {dag.py:2690} INFO - Sync 1 DAGs
[2024-03-03T13:47:39.667+0000] {logging_mixin.py:137} INFO - [2024-03-03T13:47:39.667+0000] {dag.py:3441} INFO - Setting next_dagrun for tutorial to 2024-03-02T13:47:39.667448+00:00, run_after=2024-03-03T13:47:39.667448+00:00
[2024-03-03T13:47:39.681+0000] {processor.py:175} INFO - Processing /opt/airflow/dags/dag.py took 0.084 seconds
[2024-03-03T13:48:09.994+0000] {processor.py:153} INFO - Started process (PID=1357) to work on /opt/airflow/dags/dag.py
[2024-03-03T13:48:09.995+0000] {processor.py:743} INFO - Processing file /opt/airflow/dags/dag.py for tasks to queue
[2024-03-03T13:48:09.998+0000] {logging_mixin.py:137} INFO - [2024-03-03T13:48:09.998+0000] {dagbag.py:538} INFO - Filling up the DagBag from /opt/airflow/dags/dag.py
[2024-03-03T13:48:10.113+0000] {processor.py:753} INFO - DAG(s) dict_keys(['tutorial']) retrieved from /opt/airflow/dags/dag.py
[2024-03-03T13:48:10.158+0000] {logging_mixin.py:137} INFO - [2024-03-03T13:48:10.158+0000] {dag.py:2690} INFO - Sync 1 DAGs
[2024-03-03T13:48:10.186+0000] {logging_mixin.py:137} INFO - [2024-03-03T13:48:10.186+0000] {dag.py:3441} INFO - Setting next_dagrun for tutorial to 2024-03-02T13:48:10.185851+00:00, run_after=2024-03-03T13:48:10.185851+00:00
[2024-03-03T13:48:10.289+0000] {processor.py:175} INFO - Processing /opt/airflow/dags/dag.py took 0.297 seconds
[2024-03-03T13:48:40.612+0000] {processor.py:153} INFO - Started process (PID=1442) to work on /opt/airflow/dags/dag.py
[2024-03-03T13:48:40.613+0000] {processor.py:743} INFO - Processing file /opt/airflow/dags/dag.py for tasks to queue
[2024-03-03T13:48:40.614+0000] {logging_mixin.py:137} INFO - [2024-03-03T13:48:40.614+0000] {dagbag.py:538} INFO - Filling up the DagBag from /opt/airflow/dags/dag.py
[2024-03-03T13:48:40.632+0000] {processor.py:753} INFO - DAG(s) dict_keys(['tutorial']) retrieved from /opt/airflow/dags/dag.py
[2024-03-03T13:48:40.651+0000] {logging_mixin.py:137} INFO - [2024-03-03T13:48:40.651+0000] {dag.py:2690} INFO - Sync 1 DAGs
[2024-03-03T13:48:40.668+0000] {logging_mixin.py:137} INFO - [2024-03-03T13:48:40.668+0000] {dag.py:3441} INFO - Setting next_dagrun for tutorial to 2024-03-02T13:48:40.668275+00:00, run_after=2024-03-03T13:48:40.668275+00:00
[2024-03-03T13:48:40.762+0000] {processor.py:175} INFO - Processing /opt/airflow/dags/dag.py took 0.153 seconds
[2024-03-03T13:49:10.799+0000] {processor.py:153} INFO - Started process (PID=1499) to work on /opt/airflow/dags/dag.py
[2024-03-03T13:49:10.803+0000] {processor.py:743} INFO - Processing file /opt/airflow/dags/dag.py for tasks to queue
[2024-03-03T13:49:10.806+0000] {logging_mixin.py:137} INFO - [2024-03-03T13:49:10.806+0000] {dagbag.py:538} INFO - Filling up the DagBag from /opt/airflow/dags/dag.py
[2024-03-03T13:49:10.828+0000] {processor.py:753} INFO - DAG(s) dict_keys(['tutorial']) retrieved from /opt/airflow/dags/dag.py
[2024-03-03T13:49:10.848+0000] {logging_mixin.py:137} INFO - [2024-03-03T13:49:10.848+0000] {dag.py:2690} INFO - Sync 1 DAGs
[2024-03-03T13:49:10.869+0000] {logging_mixin.py:137} INFO - [2024-03-03T13:49:10.869+0000] {dag.py:3441} INFO - Setting next_dagrun for tutorial to 2024-03-02T13:49:10.869287+00:00, run_after=2024-03-03T13:49:10.869287+00:00
[2024-03-03T13:49:10.959+0000] {processor.py:175} INFO - Processing /opt/airflow/dags/dag.py took 0.163 seconds
[2024-03-03T13:49:40.999+0000] {processor.py:153} INFO - Started process (PID=1584) to work on /opt/airflow/dags/dag.py
[2024-03-03T13:49:41.000+0000] {processor.py:743} INFO - Processing file /opt/airflow/dags/dag.py for tasks to queue
[2024-03-03T13:49:41.001+0000] {logging_mixin.py:137} INFO - [2024-03-03T13:49:41.000+0000] {dagbag.py:538} INFO - Filling up the DagBag from /opt/airflow/dags/dag.py
[2024-03-03T13:49:41.028+0000] {processor.py:753} INFO - DAG(s) dict_keys(['tutorial']) retrieved from /opt/airflow/dags/dag.py
[2024-03-03T13:49:41.048+0000] {logging_mixin.py:137} INFO - [2024-03-03T13:49:41.048+0000] {dag.py:2690} INFO - Sync 1 DAGs
[2024-03-03T13:49:41.070+0000] {logging_mixin.py:137} INFO - [2024-03-03T13:49:41.070+0000] {dag.py:3441} INFO - Setting next_dagrun for tutorial to 2024-03-02T13:49:41.070367+00:00, run_after=2024-03-03T13:49:41.070367+00:00
[2024-03-03T13:49:41.089+0000] {processor.py:175} INFO - Processing /opt/airflow/dags/dag.py took 0.093 seconds
[2024-03-03T13:50:11.238+0000] {processor.py:153} INFO - Started process (PID=1641) to work on /opt/airflow/dags/dag.py
[2024-03-03T13:50:11.239+0000] {processor.py:743} INFO - Processing file /opt/airflow/dags/dag.py for tasks to queue
[2024-03-03T13:50:11.240+0000] {logging_mixin.py:137} INFO - [2024-03-03T13:50:11.240+0000] {dagbag.py:538} INFO - Filling up the DagBag from /opt/airflow/dags/dag.py
[2024-03-03T13:50:11.271+0000] {processor.py:753} INFO - DAG(s) dict_keys(['tutorial']) retrieved from /opt/airflow/dags/dag.py
[2024-03-03T13:50:11.290+0000] {logging_mixin.py:137} INFO - [2024-03-03T13:50:11.290+0000] {dag.py:2690} INFO - Sync 1 DAGs
[2024-03-03T13:50:11.307+0000] {logging_mixin.py:137} INFO - [2024-03-03T13:50:11.307+0000] {dag.py:3441} INFO - Setting next_dagrun for tutorial to 2024-03-02T13:50:11.307418+00:00, run_after=2024-03-03T13:50:11.307418+00:00
[2024-03-03T13:50:11.324+0000] {processor.py:175} INFO - Processing /opt/airflow/dags/dag.py took 0.088 seconds
[2024-03-03T13:50:41.469+0000] {processor.py:153} INFO - Started process (PID=1726) to work on /opt/airflow/dags/dag.py
[2024-03-03T13:50:41.470+0000] {processor.py:743} INFO - Processing file /opt/airflow/dags/dag.py for tasks to queue
[2024-03-03T13:50:41.471+0000] {logging_mixin.py:137} INFO - [2024-03-03T13:50:41.470+0000] {dagbag.py:538} INFO - Filling up the DagBag from /opt/airflow/dags/dag.py
[2024-03-03T13:50:41.491+0000] {processor.py:753} INFO - DAG(s) dict_keys(['tutorial']) retrieved from /opt/airflow/dags/dag.py
[2024-03-03T13:50:41.511+0000] {logging_mixin.py:137} INFO - [2024-03-03T13:50:41.511+0000] {dag.py:2690} INFO - Sync 1 DAGs
[2024-03-03T13:50:41.530+0000] {logging_mixin.py:137} INFO - [2024-03-03T13:50:41.530+0000] {dag.py:3441} INFO - Setting next_dagrun for tutorial to 2024-03-02T13:50:41.530084+00:00, run_after=2024-03-03T13:50:41.530084+00:00
[2024-03-03T13:50:41.550+0000] {processor.py:175} INFO - Processing /opt/airflow/dags/dag.py took 0.085 seconds
